/bin/bash: /home/s1952889/miniconda3/envs/prompt/lib/libtinfo.so.6: no version information available (required by /bin/bash)
An exception occurred in telemetry logging.Disabling telemetry to prevent further exceptions.
Traceback (most recent call last):
  File "/home/s1952889/miniconda3/envs/prompt/lib/python3.11/site-packages/iopath/common/file_io.py", line 946, in __log_tmetry_keys
    handler.log_event()
  File "/home/s1952889/miniconda3/envs/prompt/lib/python3.11/site-packages/iopath/common/event_logger.py", line 97, in log_event
    del self._evt
        ^^^^^^^^^
AttributeError: 'NativePathHandler' object has no attribute '_evt'
Namespace(config_file='visual_prompt_tuning/configs/finetune/cub.yaml', train_type='finetune', opts=['MODEL.TYPE', 'vit', 'DATA.BATCH_SIZE', '32', 'MODEL.PROMPT.NUM_TOKENS', '50', 'MODEL.PROMPT.DEEP', 'True', 'MODEL.PROMPT.DROPOUT', '0.1', 'DATA.FEATURE', 'sup_vitb16_imagenet21k', 'DATA.IMGSIZE', '500', 'DATA.NAME', 'mammo-cbis', 'DATA.NUMBER_CLASSES', '2', 'DATA.CROP', 'False', 'MODEL.MODEL_ROOT', 'visual_prompt_tuning/model_root', 'DATA.DATAPATH', 'visual_prompt_tuning/data_path', 'OUTPUT_DIR', 'visual_prompt_tuning/output_dir', 'SOLVER.PATIENCE', '14', 'SOLVER.CRITERION', 'loss', 'RECORD_GPU_SNAPSHOT', 'True'])
[12/05 01:14:54 visual_prompt]: Rank of current process: 0. World size: 1
[12/05 01:15:01 visual_prompt]: Environment info:
-------------------  -------------------------------------------------
Python               3.11.5 (main, Sep 11 2023, 13:54:46) [GCC 11.2.0]
ENV_MODULE           <not set>
PyTorch              2.0.1+cu118
PyTorch Debug Build  False
CUDA available       True
CUDA ID              3
GPU 0                NVIDIA A40
Pillow               9.3.0
cv2                  4.8.0
-------------------  -------------------------------------------------
PyTorch built with:
  - GCC 9.3
  - C++ Version: 201703
  - Intel(R) oneAPI Math Kernel Library Version 2022.2-Product Build 20220804 for Intel(R) 64 architecture applications
  - Intel(R) MKL-DNN v2.7.3 (Git Hash 6dbeffbae1f23cbbeae17adb7b5b13f1f37c080e)
  - OpenMP 201511 (a.k.a. OpenMP 4.5)
  - LAPACK is enabled (usually provided by MKL)
  - NNPACK is enabled
  - CPU capability usage: AVX2
  - CUDA Runtime 11.8
  - NVCC architecture flags: -gencode;arch=compute_37,code=sm_37;-gencode;arch=compute_50,code=sm_50;-gencode;arch=compute_60,code=sm_60;-gencode;arch=compute_70,code=sm_70;-gencode;arch=compute_75,code=sm_75;-gencode;arch=compute_80,code=sm_80;-gencode;arch=compute_86,code=sm_86;-gencode;arch=compute_90,code=sm_90
  - CuDNN 8.7
  - Magma 2.6.1
  - Build settings: BLAS_INFO=mkl, BUILD_TYPE=Release, CUDA_VERSION=11.8, CUDNN_VERSION=8.7.0, CXX_COMPILER=/opt/rh/devtoolset-9/root/usr/bin/c++, CXX_FLAGS= -D_GLIBCXX_USE_CXX11_ABI=0 -fabi-version=11 -Wno-deprecated -fvisibility-inlines-hidden -DUSE_PTHREADPOOL -DNDEBUG -DUSE_KINETO -DLIBKINETO_NOROCTRACER -DUSE_FBGEMM -DUSE_QNNPACK -DUSE_PYTORCH_QNNPACK -DUSE_XNNPACK -DSYMBOLICATE_MOBILE_DEBUG_HANDLE -O2 -fPIC -Wall -Wextra -Werror=return-type -Werror=non-virtual-dtor -Werror=bool-operation -Wnarrowing -Wno-missing-field-initializers -Wno-type-limits -Wno-array-bounds -Wno-unknown-pragmas -Wunused-local-typedefs -Wno-unused-parameter -Wno-unused-function -Wno-unused-result -Wno-strict-overflow -Wno-strict-aliasing -Wno-error=deprecated-declarations -Wno-stringop-overflow -Wno-psabi -Wno-error=pedantic -Wno-error=redundant-decls -Wno-error=old-style-cast -fdiagnostics-color=always -faligned-new -Wno-unused-but-set-variable -Wno-maybe-uninitialized -fno-math-errno -fno-trapping-math -Werror=format -Werror=cast-function-type -Wno-stringop-overflow, LAPACK_INFO=mkl, PERF_WITH_AVX=1, PERF_WITH_AVX2=1, PERF_WITH_AVX512=1, TORCH_DISABLE_GPU_ASSERTS=ON, TORCH_VERSION=2.0.1, USE_CUDA=ON, USE_CUDNN=ON, USE_EXCEPTION_PTR=1, USE_GFLAGS=OFF, USE_GLOG=OFF, USE_MKL=ON, USE_MKLDNN=ON, USE_MPI=OFF, USE_NCCL=1, USE_NNPACK=ON, USE_OPENMP=ON, USE_ROCM=OFF, 

[12/05 01:15:01 visual_prompt]: Command line arguments: Namespace(config_file='visual_prompt_tuning/configs/finetune/cub.yaml', train_type='finetune', opts=['MODEL.TYPE', 'vit', 'DATA.BATCH_SIZE', '32', 'MODEL.PROMPT.NUM_TOKENS', '50', 'MODEL.PROMPT.DEEP', 'True', 'MODEL.PROMPT.DROPOUT', '0.1', 'DATA.FEATURE', 'sup_vitb16_imagenet21k', 'DATA.IMGSIZE', '500', 'DATA.NAME', 'mammo-cbis', 'DATA.NUMBER_CLASSES', '2', 'DATA.CROP', 'False', 'MODEL.MODEL_ROOT', 'visual_prompt_tuning/model_root', 'DATA.DATAPATH', 'visual_prompt_tuning/data_path', 'OUTPUT_DIR', 'visual_prompt_tuning/output_dir', 'SOLVER.PATIENCE', '14', 'SOLVER.CRITERION', 'loss', 'RECORD_GPU_SNAPSHOT', 'True'])
[12/05 01:15:01 visual_prompt]: Contents of args.config_file=visual_prompt_tuning/configs/finetune/cub.yaml:
_BASE_: "../base-finetune.yaml"
RUN_N_TIMES: 1
DATA:
  NAME: "CUB"
  DATAPATH: ""  #TODO: need to specify here
  NUMBER_CLASSES: 200
  MULTILABEL: False
  FEATURE: "imagenet_supervised"  # need to tune
MODEL:
  TYPE: "vit"
SOLVER:
  BASE_LR: 0.00375
  WEIGHT_DECAY: 0.01

[12/05 01:15:01 visual_prompt]: Training with config:
[12/05 01:15:01 visual_prompt]: CfgNode({'DBG': False, 'OUTPUT_DIR': 'visual_prompt_tuning/output_dir/mammo-cbis/sup_vitb16_imagenet21k/end2end/size500/val/seed0/lr0.001_wd0.001/patience14/run1', 'RUN_N_TIMES': 1, 'CUDNN_BENCHMARK': False, 'NUM_GPUS': 1, 'NUM_SHARDS': 1, 'SEED': 0, 'MODEL': CfgNode({'TRANSFER_TYPE': 'end2end', 'WEIGHT_PATH': '', 'SAVE_CKPT': False, 'MODEL_ROOT': 'visual_prompt_tuning/model_root', 'TYPE': 'vit', 'MLP_NUM': 0, 'LINEAR': CfgNode({'MLP_SIZES': [], 'DROPOUT': 0.1}), 'PROMPT': CfgNode({'NUM_TOKENS': 50, 'LOCATION': 'prepend', 'INITIATION': 'random', 'CLSEMB_FOLDER': '', 'CLSEMB_PATH': '', 'PROJECT': -1, 'DEEP': True, 'NUM_DEEP_LAYERS': None, 'REVERSE_DEEP': False, 'DEEP_SHARED': False, 'FORWARD_DEEP_NOEXPAND': False, 'VIT_POOL_TYPE': 'original', 'DROPOUT': 0.1, 'SAVE_FOR_EACH_EPOCH': False}), 'ADAPTER': CfgNode({'REDUCATION_FACTOR': 8, 'STYLE': 'Pfeiffer'})}), 'SOLVER': CfgNode({'LOSS': 'softmax', 'LOSS_ALPHA': 0.01, 'OPTIMIZER': 'adamw', 'MOMENTUM': 0.9, 'WEIGHT_DECAY': 0.001, 'WEIGHT_DECAY_BIAS': 0, 'PATIENCE': 14, 'CRITERION': 'loss', 'SCHEDULER': 'cosine', 'BASE_LR': 0.001, 'BIAS_MULTIPLIER': 1.0, 'WARMUP_EPOCH': 5, 'TOTAL_EPOCH': 100, 'LOG_EVERY_N': 100, 'DBG_TRAINABLE': False}), 'DATA': CfgNode({'NAME': 'mammo-cbis', 'DATAPATH': 'visual_prompt_tuning/data_path', 'FEATURE': 'sup_vitb16_imagenet21k', 'PERCENTAGE': 1.0, 'NUMBER_CLASSES': 2, 'MULTILABEL': False, 'CLASS_WEIGHTS_TYPE': 'none', 'IMGSIZE': 500, 'CROP': False, 'NO_TEST': False, 'BATCH_SIZE': 32, 'NUM_WORKERS': 8, 'PIN_MEMORY': True}), 'RECORD_GPU_SNAPSHOT': True})
[12/05 01:15:01 visual_prompt]: Loading training data...
[12/05 01:15:01 visual_prompt]: Constructing mammo-cbis dataset train...
[12/05 01:15:01 visual_prompt]: Loading validation data...
[12/05 01:15:01 visual_prompt]: Constructing mammo-cbis dataset val...
[12/05 01:15:01 visual_prompt]: Constructing models...
[INFO: vit.py:  342]: load_pretrained: resized variant: torch.Size([1, 197, 768]) to torch.Size([1, 962, 768])
load_pretrained: grid-size from 14 to 31
[12/05 01:15:35 visual_prompt]: Enable all parameters update during training
[12/05 01:15:35 visual_prompt]: Total Parameters: 86387714	 Gradient Parameters: 86387714
[12/05 01:15:35 visual_prompt]: tuned percent:100.000
[12/05 01:15:35 visual_prompt]: Device used for model: 0
[12/05 01:15:35 visual_prompt]: Setting up Evaluator...
[12/05 01:15:35 visual_prompt]: Setting up Trainer...
[12/05 01:15:35 visual_prompt]: 	Setting up the optimizer...
[12/05 01:15:35 visual_prompt]: Training 1 / 100 epoch, with learning rate 0.0
[12/05 01:28:09 visual_prompt]: Epoch 1 / 100: avg data time: 8.91e+00, avg batch time: 10.7719, average train loss: 7.2132
[12/05 01:29:30 visual_prompt]: Inference (val):avg data time: 2.43e-05, avg batch time: 0.5429, average loss: 6.3986
[12/05 01:29:30 visual_prompt]: Classification results with val_mammo-cbis: top1: 45.53	rocauc: 52.67	
[12/05 01:29:30 visual_prompt]: Training 2 / 100 epoch, with learning rate 0.0002
[12/05 01:40:49 visual_prompt]: Epoch 2 / 100: avg data time: 8.07e+00, avg batch time: 9.6991, average train loss: 1.8337
[12/05 01:42:10 visual_prompt]: Inference (val):avg data time: 3.08e-05, avg batch time: 0.5436, average loss: 0.6884
[12/05 01:42:10 visual_prompt]: Classification results with val_mammo-cbis: top1: 56.91	rocauc: 59.23	
[12/05 01:42:10 visual_prompt]: Training 3 / 100 epoch, with learning rate 0.0004
[12/05 01:53:39 visual_prompt]: Epoch 3 / 100: avg data time: 8.21e+00, avg batch time: 9.8294, average train loss: 1.0159
[12/05 01:54:59 visual_prompt]: Inference (val):avg data time: 2.96e-05, avg batch time: 0.5393, average loss: 0.8645
[12/05 01:54:59 visual_prompt]: Classification results with val_mammo-cbis: top1: 54.88	rocauc: 59.91	
[12/05 01:54:59 visual_prompt]: Training 4 / 100 epoch, with learning rate 0.0006
[12/05 02:06:41 visual_prompt]: Epoch 4 / 100: avg data time: 8.39e+00, avg batch time: 10.0198, average train loss: 0.7866
[12/05 02:08:02 visual_prompt]: Inference (val):avg data time: 2.58e-05, avg batch time: 0.5372, average loss: 0.8777
[12/05 02:08:02 visual_prompt]: Classification results with val_mammo-cbis: top1: 54.88	rocauc: 62.07	
[12/05 02:08:02 visual_prompt]: Training 5 / 100 epoch, with learning rate 0.0008
[12/05 02:19:33 visual_prompt]: Epoch 5 / 100: avg data time: 8.25e+00, avg batch time: 9.8700, average train loss: 0.7730
[12/05 02:20:54 visual_prompt]: Inference (val):avg data time: 2.77e-05, avg batch time: 0.5413, average loss: 0.6771
[12/05 02:20:54 visual_prompt]: Classification results with val_mammo-cbis: top1: 58.94	rocauc: 64.67	
[12/05 02:20:54 visual_prompt]: Training 6 / 100 epoch, with learning rate 0.001
[12/05 02:32:18 visual_prompt]: Epoch 6 / 100: avg data time: 8.15e+00, avg batch time: 9.7756, average train loss: 0.7497
[12/05 02:33:39 visual_prompt]: Inference (val):avg data time: 2.91e-05, avg batch time: 0.5410, average loss: 0.7245
[12/05 02:33:39 visual_prompt]: Classification results with val_mammo-cbis: top1: 57.32	rocauc: 65.73	
[12/05 02:33:39 visual_prompt]: Training 7 / 100 epoch, with learning rate 0.000999726628670463
[12/05 02:44:58 visual_prompt]: Epoch 7 / 100: avg data time: 8.05e+00, avg batch time: 9.7032, average train loss: 0.7375
[12/05 02:46:19 visual_prompt]: Inference (val):avg data time: 2.75e-05, avg batch time: 0.5474, average loss: 0.8397
[12/05 02:46:19 visual_prompt]: Classification results with val_mammo-cbis: top1: 56.50	rocauc: 63.12	
[12/05 02:46:19 visual_prompt]: Training 8 / 100 epoch, with learning rate 0.0009989068136093873
[12/05 02:57:45 visual_prompt]: Epoch 8 / 100: avg data time: 8.15e+00, avg batch time: 9.7992, average train loss: 0.6947
[12/05 02:59:06 visual_prompt]: Inference (val):avg data time: 3.02e-05, avg batch time: 0.5494, average loss: 0.7989
[12/05 02:59:06 visual_prompt]: Classification results with val_mammo-cbis: top1: 49.19	rocauc: 64.39	
[12/05 02:59:06 visual_prompt]: Training 9 / 100 epoch, with learning rate 0.0009975414512725057
[12/05 03:10:32 visual_prompt]: Epoch 9 / 100: avg data time: 8.15e+00, avg batch time: 9.8069, average train loss: 0.7619
[12/05 03:11:53 visual_prompt]: Inference (val):avg data time: 2.30e-05, avg batch time: 0.5443, average loss: 1.0041
[12/05 03:11:53 visual_prompt]: Classification results with val_mammo-cbis: top1: 54.47	rocauc: 64.81	
[12/05 03:11:53 visual_prompt]: Training 10 / 100 epoch, with learning rate 0.0009956320346634876
[12/05 03:23:19 visual_prompt]: Epoch 10 / 100: avg data time: 8.16e+00, avg batch time: 9.7896, average train loss: 0.8020
[12/05 03:24:40 visual_prompt]: Inference (val):avg data time: 2.95e-05, avg batch time: 0.5390, average loss: 0.8575
[12/05 03:24:40 visual_prompt]: Classification results with val_mammo-cbis: top1: 54.47	rocauc: 67.08	
[12/05 03:24:40 visual_prompt]: Training 11 / 100 epoch, with learning rate 0.0009931806517013613
[12/05 03:36:02 visual_prompt]: Epoch 11 / 100: avg data time: 8.12e+00, avg batch time: 9.7484, average train loss: 0.6841
[12/05 03:37:23 visual_prompt]: Inference (val):avg data time: 3.05e-05, avg batch time: 0.5422, average loss: 0.7703
[12/05 03:37:23 visual_prompt]: Classification results with val_mammo-cbis: top1: 56.50	rocauc: 65.50	
[12/05 03:37:23 visual_prompt]: Training 12 / 100 epoch, with learning rate 0.0009901899829374047
[12/05 03:48:45 visual_prompt]: Epoch 12 / 100: avg data time: 8.10e+00, avg batch time: 9.7322, average train loss: 0.6504
[12/05 03:50:05 visual_prompt]: Inference (val):avg data time: 2.77e-05, avg batch time: 0.5408, average loss: 1.3350
[12/05 03:50:05 visual_prompt]: Classification results with val_mammo-cbis: top1: 45.12	rocauc: 65.98	
[12/05 03:50:05 visual_prompt]: Training 13 / 100 epoch, with learning rate 0.000986663298624003
[12/05 04:01:29 visual_prompt]: Epoch 13 / 100: avg data time: 8.13e+00, avg batch time: 9.7578, average train loss: 0.6889
[12/05 04:02:49 visual_prompt]: Inference (val):avg data time: 2.48e-05, avg batch time: 0.5437, average loss: 0.6922
[12/05 04:02:49 visual_prompt]: Classification results with val_mammo-cbis: top1: 60.57	rocauc: 67.35	
[12/05 04:02:49 visual_prompt]: Best epoch 13: best metric: -0.692
[12/05 04:02:49 visual_prompt]: Training 14 / 100 epoch, with learning rate 0.0009826044551386743
[12/05 04:14:18 visual_prompt]: Epoch 14 / 100: avg data time: 8.22e+00, avg batch time: 9.8437, average train loss: 0.6074
[12/05 04:15:39 visual_prompt]: Inference (val):avg data time: 2.94e-05, avg batch time: 0.5383, average loss: 0.7849
[12/05 04:15:39 visual_prompt]: Classification results with val_mammo-cbis: top1: 57.72	rocauc: 63.81	
[12/05 04:15:39 visual_prompt]: Training 15 / 100 epoch, with learning rate 0.0009780178907671788
[12/05 04:27:05 visual_prompt]: Epoch 15 / 100: avg data time: 8.16e+00, avg batch time: 9.7907, average train loss: 0.6870
[12/05 04:28:25 visual_prompt]: Inference (val):avg data time: 3.70e-05, avg batch time: 0.5395, average loss: 0.7501
[12/05 04:28:25 visual_prompt]: Classification results with val_mammo-cbis: top1: 54.07	rocauc: 52.31	
[12/05 04:28:25 visual_prompt]: Training 16 / 100 epoch, with learning rate 0.0009729086208503173
[12/05 04:39:49 visual_prompt]: Epoch 16 / 100: avg data time: 8.14e+00, avg batch time: 9.7696, average train loss: 0.7422
[12/05 04:41:10 visual_prompt]: Inference (val):avg data time: 2.55e-05, avg batch time: 0.5384, average loss: 0.6753
[12/05 04:41:10 visual_prompt]: Classification results with val_mammo-cbis: top1: 57.72	rocauc: 60.45	
[12/05 04:41:10 visual_prompt]: Best epoch 16: best metric: -0.675
[12/05 04:41:10 visual_prompt]: Training 17 / 100 epoch, with learning rate 0.0009672822322997304
[12/05 04:52:32 visual_prompt]: Epoch 17 / 100: avg data time: 8.12e+00, avg batch time: 9.7445, average train loss: 0.7272
[12/05 04:53:53 visual_prompt]: Inference (val):avg data time: 2.67e-05, avg batch time: 0.5414, average loss: 0.7229
[12/05 04:53:53 visual_prompt]: Classification results with val_mammo-cbis: top1: 55.69	rocauc: 63.85	
[12/05 04:53:53 visual_prompt]: Training 18 / 100 epoch, with learning rate 0.0009611448774886924
[12/05 05:05:15 visual_prompt]: Epoch 18 / 100: avg data time: 8.11e+00, avg batch time: 9.7445, average train loss: 0.6740
[12/05 05:06:36 visual_prompt]: Inference (val):avg data time: 3.29e-05, avg batch time: 0.5469, average loss: 0.6639
[12/05 05:06:36 visual_prompt]: Classification results with val_mammo-cbis: top1: 62.60	rocauc: 66.53	
[12/05 05:06:36 visual_prompt]: Best epoch 18: best metric: -0.664
[12/05 05:06:36 visual_prompt]: Training 19 / 100 epoch, with learning rate 0.0009545032675245813
[12/05 05:18:00 visual_prompt]: Epoch 19 / 100: avg data time: 8.12e+00, avg batch time: 9.7744, average train loss: 0.6676
[12/05 05:19:20 visual_prompt]: Inference (val):avg data time: 2.88e-05, avg batch time: 0.5420, average loss: 0.6516
[12/05 05:19:20 visual_prompt]: Classification results with val_mammo-cbis: top1: 62.20	rocauc: 65.68	
[12/05 05:19:20 visual_prompt]: Best epoch 19: best metric: -0.652
[12/05 05:19:20 visual_prompt]: Training 20 / 100 epoch, with learning rate 0.0009473646649103818
[12/05 05:30:46 visual_prompt]: Epoch 20 / 100: avg data time: 8.17e+00, avg batch time: 9.7927, average train loss: 0.6341
[12/05 05:32:07 visual_prompt]: Inference (val):avg data time: 2.98e-05, avg batch time: 0.5418, average loss: 0.6729
[12/05 05:32:07 visual_prompt]: Classification results with val_mammo-cbis: top1: 62.60	rocauc: 65.67	
[12/05 05:32:07 visual_prompt]: Training 21 / 100 epoch, with learning rate 0.0009397368756032445
[12/05 05:43:31 visual_prompt]: Epoch 21 / 100: avg data time: 8.15e+00, avg batch time: 9.7771, average train loss: 0.5814
[12/05 05:44:52 visual_prompt]: Inference (val):avg data time: 2.81e-05, avg batch time: 0.5403, average loss: 0.6809
[12/05 05:44:52 visual_prompt]: Classification results with val_mammo-cbis: top1: 62.60	rocauc: 65.66	
[12/05 05:44:52 visual_prompt]: Training 22 / 100 epoch, with learning rate 0.000931628240478787
[12/05 05:56:17 visual_prompt]: Epoch 22 / 100: avg data time: 8.17e+00, avg batch time: 9.7911, average train loss: 0.5975
[12/05 05:57:38 visual_prompt]: Inference (val):avg data time: 2.80e-05, avg batch time: 0.5415, average loss: 0.6917
[12/05 05:57:38 visual_prompt]: Classification results with val_mammo-cbis: top1: 61.79	rocauc: 65.60	
[12/05 05:57:38 visual_prompt]: Training 23 / 100 epoch, with learning rate 0.0009230476262104677
[12/05 06:09:02 visual_prompt]: Epoch 23 / 100: avg data time: 8.14e+00, avg batch time: 9.7639, average train loss: 0.5735
[12/05 06:10:22 visual_prompt]: Inference (val):avg data time: 2.80e-05, avg batch time: 0.5383, average loss: 0.8229
[12/05 06:10:22 visual_prompt]: Classification results with val_mammo-cbis: top1: 55.28	rocauc: 64.93	
[12/05 06:10:22 visual_prompt]: Training 24 / 100 epoch, with learning rate 0.00091400441557401
[12/05 06:21:49 visual_prompt]: Epoch 24 / 100: avg data time: 8.18e+00, avg batch time: 9.8024, average train loss: 0.6065
[12/05 06:23:09 visual_prompt]: Inference (val):avg data time: 2.69e-05, avg batch time: 0.5409, average loss: 0.6676
[12/05 06:23:09 visual_prompt]: Classification results with val_mammo-cbis: top1: 65.04	rocauc: 69.21	
[12/05 06:23:09 visual_prompt]: Training 25 / 100 epoch, with learning rate 0.0009045084971874737
[12/05 06:34:32 visual_prompt]: Epoch 25 / 100: avg data time: 8.13e+00, avg batch time: 9.7547, average train loss: 0.5817
[12/05 06:35:53 visual_prompt]: Inference (val):avg data time: 3.00e-05, avg batch time: 0.5381, average loss: 0.8363
[12/05 06:35:53 visual_prompt]: Classification results with val_mammo-cbis: top1: 60.57	rocauc: 68.77	
[12/05 06:35:53 visual_prompt]: Training 26 / 100 epoch, with learning rate 0.0008945702546981969
[12/05 06:47:19 visual_prompt]: Epoch 26 / 100: avg data time: 8.17e+00, avg batch time: 9.7972, average train loss: 0.5386
[12/05 06:48:39 visual_prompt]: Inference (val):avg data time: 3.55e-05, avg batch time: 0.5414, average loss: 0.7292
[12/05 06:48:39 visual_prompt]: Classification results with val_mammo-cbis: top1: 63.41	rocauc: 63.86	
[12/05 06:48:39 visual_prompt]: Training 27 / 100 epoch, with learning rate 0.0008842005554284296
[12/05 07:00:05 visual_prompt]: Epoch 27 / 100: avg data time: 8.17e+00, avg batch time: 9.7947, average train loss: 0.5625
[12/05 07:01:25 visual_prompt]: Inference (val):avg data time: 3.02e-05, avg batch time: 0.5402, average loss: 0.6879
[12/05 07:01:25 visual_prompt]: Classification results with val_mammo-cbis: top1: 61.38	rocauc: 63.75	
[12/05 07:01:25 visual_prompt]: Training 28 / 100 epoch, with learning rate 0.000873410738492077
[12/05 07:12:46 visual_prompt]: Epoch 28 / 100: avg data time: 8.10e+00, avg batch time: 9.7251, average train loss: 0.5199
[12/05 07:14:07 visual_prompt]: Inference (val):avg data time: 3.06e-05, avg batch time: 0.5441, average loss: 0.8582
[12/05 07:14:07 visual_prompt]: Classification results with val_mammo-cbis: top1: 59.76	rocauc: 61.62	
[12/05 07:14:07 visual_prompt]: Training 29 / 100 epoch, with learning rate 0.0008622126023955446
[12/05 07:25:27 visual_prompt]: Epoch 29 / 100: avg data time: 8.09e+00, avg batch time: 9.7132, average train loss: 0.5574
[12/05 07:26:47 visual_prompt]: Inference (val):avg data time: 3.02e-05, avg batch time: 0.5390, average loss: 0.9944
[12/05 07:26:47 visual_prompt]: Classification results with val_mammo-cbis: top1: 54.07	rocauc: 66.57	
[12/05 07:26:47 visual_prompt]: Training 30 / 100 epoch, with learning rate 0.0008506183921362443
[12/05 07:38:15 visual_prompt]: Epoch 30 / 100: avg data time: 8.18e+00, avg batch time: 9.8266, average train loss: 0.5513
[12/05 07:39:35 visual_prompt]: Inference (val):avg data time: 3.22e-05, avg batch time: 0.5467, average loss: 0.7605
[12/05 07:39:35 visual_prompt]: Classification results with val_mammo-cbis: top1: 67.07	rocauc: 69.98	
[12/05 07:39:35 visual_prompt]: Training 31 / 100 epoch, with learning rate 0.0008386407858128706
[12/05 07:50:54 visual_prompt]: Epoch 31 / 100: avg data time: 8.03e+00, avg batch time: 9.6916, average train loss: 0.5559
[12/05 07:52:14 visual_prompt]: Inference (val):avg data time: 3.68e-05, avg batch time: 0.5523, average loss: 0.6797
[12/05 07:52:14 visual_prompt]: Classification results with val_mammo-cbis: top1: 59.76	rocauc: 64.09	
[12/05 07:52:14 visual_prompt]: Training 32 / 100 epoch, with learning rate 0.0008262928807620843
[12/05 08:03:38 visual_prompt]: Epoch 32 / 100: avg data time: 8.10e+00, avg batch time: 9.7711, average train loss: 0.4807
[12/05 08:04:59 visual_prompt]: Inference (val):avg data time: 2.64e-05, avg batch time: 0.5518, average loss: 0.7520
[12/05 08:04:59 visual_prompt]: Classification results with val_mammo-cbis: top1: 63.01	rocauc: 67.39	
[12/05 08:04:59 visual_prompt]: Training 33 / 100 epoch, with learning rate 0.0008135881792367685
[12/05 08:16:21 visual_prompt]: Epoch 33 / 100: avg data time: 8.08e+00, avg batch time: 9.7376, average train loss: 0.5392
[12/05 08:17:41 visual_prompt]: Inference (val):avg data time: 2.75e-05, avg batch time: 0.5426, average loss: 0.6878
[12/05 08:17:41 visual_prompt]: Classification results with val_mammo-cbis: top1: 62.20	rocauc: 66.11	
[12/05 08:17:41 visual_prompt]: Stopping early.
[12/05 08:17:43 visual_prompt]: Rank of current process: 0. World size: 1
[12/05 08:17:43 visual_prompt]: Environment info:
-------------------  -------------------------------------------------
Python               3.11.5 (main, Sep 11 2023, 13:54:46) [GCC 11.2.0]
ENV_MODULE           <not set>
PyTorch              2.0.1+cu118
PyTorch Debug Build  False
CUDA available       True
CUDA ID              3
GPU 0                NVIDIA A40
Pillow               9.3.0
cv2                  4.8.0
-------------------  -------------------------------------------------
PyTorch built with:
  - GCC 9.3
  - C++ Version: 201703
  - Intel(R) oneAPI Math Kernel Library Version 2022.2-Product Build 20220804 for Intel(R) 64 architecture applications
  - Intel(R) MKL-DNN v2.7.3 (Git Hash 6dbeffbae1f23cbbeae17adb7b5b13f1f37c080e)
  - OpenMP 201511 (a.k.a. OpenMP 4.5)
  - LAPACK is enabled (usually provided by MKL)
  - NNPACK is enabled
  - CPU capability usage: AVX2
  - CUDA Runtime 11.8
  - NVCC architecture flags: -gencode;arch=compute_37,code=sm_37;-gencode;arch=compute_50,code=sm_50;-gencode;arch=compute_60,code=sm_60;-gencode;arch=compute_70,code=sm_70;-gencode;arch=compute_75,code=sm_75;-gencode;arch=compute_80,code=sm_80;-gencode;arch=compute_86,code=sm_86;-gencode;arch=compute_90,code=sm_90
  - CuDNN 8.7
  - Magma 2.6.1
  - Build settings: BLAS_INFO=mkl, BUILD_TYPE=Release, CUDA_VERSION=11.8, CUDNN_VERSION=8.7.0, CXX_COMPILER=/opt/rh/devtoolset-9/root/usr/bin/c++, CXX_FLAGS= -D_GLIBCXX_USE_CXX11_ABI=0 -fabi-version=11 -Wno-deprecated -fvisibility-inlines-hidden -DUSE_PTHREADPOOL -DNDEBUG -DUSE_KINETO -DLIBKINETO_NOROCTRACER -DUSE_FBGEMM -DUSE_QNNPACK -DUSE_PYTORCH_QNNPACK -DUSE_XNNPACK -DSYMBOLICATE_MOBILE_DEBUG_HANDLE -O2 -fPIC -Wall -Wextra -Werror=return-type -Werror=non-virtual-dtor -Werror=bool-operation -Wnarrowing -Wno-missing-field-initializers -Wno-type-limits -Wno-array-bounds -Wno-unknown-pragmas -Wunused-local-typedefs -Wno-unused-parameter -Wno-unused-function -Wno-unused-result -Wno-strict-overflow -Wno-strict-aliasing -Wno-error=deprecated-declarations -Wno-stringop-overflow -Wno-psabi -Wno-error=pedantic -Wno-error=redundant-decls -Wno-error=old-style-cast -fdiagnostics-color=always -faligned-new -Wno-unused-but-set-variable -Wno-maybe-uninitialized -fno-math-errno -fno-trapping-math -Werror=format -Werror=cast-function-type -Wno-stringop-overflow, LAPACK_INFO=mkl, PERF_WITH_AVX=1, PERF_WITH_AVX2=1, PERF_WITH_AVX512=1, TORCH_DISABLE_GPU_ASSERTS=ON, TORCH_VERSION=2.0.1, USE_CUDA=ON, USE_CUDNN=ON, USE_EXCEPTION_PTR=1, USE_GFLAGS=OFF, USE_GLOG=OFF, USE_MKL=ON, USE_MKLDNN=ON, USE_MPI=OFF, USE_NCCL=1, USE_NNPACK=ON, USE_OPENMP=ON, USE_ROCM=OFF, 

[12/05 08:17:43 visual_prompt]: Command line arguments: Namespace(config_file='visual_prompt_tuning/configs/finetune/cub.yaml', train_type='finetune', opts=['MODEL.TYPE', 'vit', 'DATA.BATCH_SIZE', '32', 'MODEL.PROMPT.NUM_TOKENS', '50', 'MODEL.PROMPT.DEEP', 'True', 'MODEL.PROMPT.DROPOUT', '0.1', 'DATA.FEATURE', 'sup_vitb16_imagenet21k', 'DATA.IMGSIZE', '500', 'DATA.NAME', 'mammo-cbis', 'DATA.NUMBER_CLASSES', '2', 'DATA.CROP', 'False', 'MODEL.MODEL_ROOT', 'visual_prompt_tuning/model_root', 'DATA.DATAPATH', 'visual_prompt_tuning/data_path', 'OUTPUT_DIR', 'visual_prompt_tuning/output_dir', 'SOLVER.PATIENCE', '14', 'SOLVER.CRITERION', 'loss', 'RECORD_GPU_SNAPSHOT', 'True'])
[12/05 08:17:43 visual_prompt]: Contents of args.config_file=visual_prompt_tuning/configs/finetune/cub.yaml:
_BASE_: "../base-finetune.yaml"
RUN_N_TIMES: 1
DATA:
  NAME: "CUB"
  DATAPATH: ""  #TODO: need to specify here
  NUMBER_CLASSES: 200
  MULTILABEL: False
  FEATURE: "imagenet_supervised"  # need to tune
MODEL:
  TYPE: "vit"
SOLVER:
  BASE_LR: 0.00375
  WEIGHT_DECAY: 0.01

[12/05 08:17:43 visual_prompt]: Training with config:
[12/05 08:17:43 visual_prompt]: CfgNode({'DBG': False, 'OUTPUT_DIR': 'visual_prompt_tuning/output_dir/mammo-cbis/sup_vitb16_imagenet21k/end2end/size500/val/seed0/lr0.001_wd0.0001/patience14/run1', 'RUN_N_TIMES': 1, 'CUDNN_BENCHMARK': False, 'NUM_GPUS': 1, 'NUM_SHARDS': 1, 'SEED': 0, 'MODEL': CfgNode({'TRANSFER_TYPE': 'end2end', 'WEIGHT_PATH': '', 'SAVE_CKPT': False, 'MODEL_ROOT': 'visual_prompt_tuning/model_root', 'TYPE': 'vit', 'MLP_NUM': 0, 'LINEAR': CfgNode({'MLP_SIZES': [], 'DROPOUT': 0.1}), 'PROMPT': CfgNode({'NUM_TOKENS': 50, 'LOCATION': 'prepend', 'INITIATION': 'random', 'CLSEMB_FOLDER': '', 'CLSEMB_PATH': '', 'PROJECT': -1, 'DEEP': True, 'NUM_DEEP_LAYERS': None, 'REVERSE_DEEP': False, 'DEEP_SHARED': False, 'FORWARD_DEEP_NOEXPAND': False, 'VIT_POOL_TYPE': 'original', 'DROPOUT': 0.1, 'SAVE_FOR_EACH_EPOCH': False}), 'ADAPTER': CfgNode({'REDUCATION_FACTOR': 8, 'STYLE': 'Pfeiffer'})}), 'SOLVER': CfgNode({'LOSS': 'softmax', 'LOSS_ALPHA': 0.01, 'OPTIMIZER': 'adamw', 'MOMENTUM': 0.9, 'WEIGHT_DECAY': 0.0001, 'WEIGHT_DECAY_BIAS': 0, 'PATIENCE': 14, 'CRITERION': 'loss', 'SCHEDULER': 'cosine', 'BASE_LR': 0.001, 'BIAS_MULTIPLIER': 1.0, 'WARMUP_EPOCH': 5, 'TOTAL_EPOCH': 100, 'LOG_EVERY_N': 100, 'DBG_TRAINABLE': False}), 'DATA': CfgNode({'NAME': 'mammo-cbis', 'DATAPATH': 'visual_prompt_tuning/data_path', 'FEATURE': 'sup_vitb16_imagenet21k', 'PERCENTAGE': 1.0, 'NUMBER_CLASSES': 2, 'MULTILABEL': False, 'CLASS_WEIGHTS_TYPE': 'none', 'IMGSIZE': 500, 'CROP': False, 'NO_TEST': False, 'BATCH_SIZE': 32, 'NUM_WORKERS': 8, 'PIN_MEMORY': True}), 'RECORD_GPU_SNAPSHOT': True})
[12/05 08:17:43 visual_prompt]: Loading training data...
[12/05 08:17:43 visual_prompt]: Constructing mammo-cbis dataset train...
[12/05 08:17:43 visual_prompt]: Loading validation data...
[12/05 08:17:43 visual_prompt]: Constructing mammo-cbis dataset val...
[12/05 08:17:43 visual_prompt]: Constructing models...
[INFO: vit.py:  342]: load_pretrained: resized variant: torch.Size([1, 197, 768]) to torch.Size([1, 962, 768])
load_pretrained: grid-size from 14 to 31
[12/05 08:17:49 visual_prompt]: Enable all parameters update during training
[12/05 08:17:49 visual_prompt]: Total Parameters: 86387714	 Gradient Parameters: 86387714
[12/05 08:17:49 visual_prompt]: tuned percent:100.000
[12/05 08:17:49 visual_prompt]: Device used for model: 0
[12/05 08:17:49 visual_prompt]: Setting up Evaluator...
[12/05 08:17:49 visual_prompt]: Setting up Trainer...
[12/05 08:17:49 visual_prompt]: 	Setting up the optimizer...
[12/05 08:17:50 visual_prompt]: Training 1 / 100 epoch, with learning rate 0.0
[12/05 08:29:03 visual_prompt]: Epoch 1 / 100: avg data time: 7.98e+00, avg batch time: 9.6073, average train loss: 7.2132
[12/05 08:30:21 visual_prompt]: Inference (val):avg data time: 2.57e-05, avg batch time: 0.5409, average loss: 6.3986
[12/05 08:30:21 visual_prompt]: Classification results with val_mammo-cbis: top1: 45.53	rocauc: 52.67	
[12/05 08:30:21 visual_prompt]: Training 2 / 100 epoch, with learning rate 0.0002
[12/05 08:41:30 visual_prompt]: Epoch 2 / 100: avg data time: 7.94e+00, avg batch time: 9.5600, average train loss: 1.8119
[12/05 08:42:49 visual_prompt]: Inference (val):avg data time: 2.77e-05, avg batch time: 0.5382, average loss: 0.7021
[12/05 08:42:49 visual_prompt]: Classification results with val_mammo-cbis: top1: 55.28	rocauc: 56.90	
[12/05 08:42:49 visual_prompt]: Training 3 / 100 epoch, with learning rate 0.0004
[12/05 08:54:04 visual_prompt]: Epoch 3 / 100: avg data time: 8.01e+00, avg batch time: 9.6392, average train loss: 1.0081
[12/05 08:55:22 visual_prompt]: Inference (val):avg data time: 2.98e-05, avg batch time: 0.5411, average loss: 0.8380
[12/05 08:55:22 visual_prompt]: Classification results with val_mammo-cbis: top1: 55.28	rocauc: 58.45	
[12/05 08:55:22 visual_prompt]: Training 4 / 100 epoch, with learning rate 0.0006
[12/05 09:06:35 visual_prompt]: Epoch 4 / 100: avg data time: 7.99e+00, avg batch time: 9.6129, average train loss: 0.7980
[12/05 09:07:54 visual_prompt]: Inference (val):avg data time: 2.67e-05, avg batch time: 0.5395, average loss: 0.9000
[12/05 09:07:54 visual_prompt]: Classification results with val_mammo-cbis: top1: 54.88	rocauc: 61.44	
[12/05 09:07:54 visual_prompt]: Training 5 / 100 epoch, with learning rate 0.0008
[12/05 09:19:06 visual_prompt]: Epoch 5 / 100: avg data time: 7.98e+00, avg batch time: 9.6042, average train loss: 0.8267
[12/05 09:20:25 visual_prompt]: Inference (val):avg data time: 2.98e-05, avg batch time: 0.5517, average loss: 0.9892
[12/05 09:20:25 visual_prompt]: Classification results with val_mammo-cbis: top1: 45.12	rocauc: 63.16	
[12/05 09:20:25 visual_prompt]: Training 6 / 100 epoch, with learning rate 0.001
[12/05 09:31:45 visual_prompt]: Epoch 6 / 100: avg data time: 8.05e+00, avg batch time: 9.7076, average train loss: 0.7879
[12/05 09:33:03 visual_prompt]: Inference (val):avg data time: 3.07e-05, avg batch time: 0.5514, average loss: 0.7043
[12/05 09:33:03 visual_prompt]: Classification results with val_mammo-cbis: top1: 56.50	rocauc: 63.37	
[12/05 09:33:03 visual_prompt]: Training 7 / 100 epoch, with learning rate 0.000999726628670463
[12/05 09:44:17 visual_prompt]: Epoch 7 / 100: avg data time: 7.96e+00, avg batch time: 9.6189, average train loss: 0.7348
[12/05 09:45:36 visual_prompt]: Inference (val):avg data time: 3.01e-05, avg batch time: 0.5464, average loss: 0.6570
[12/05 09:45:36 visual_prompt]: Classification results with val_mammo-cbis: top1: 60.98	rocauc: 64.82	
[12/05 09:45:36 visual_prompt]: Best epoch 7: best metric: -0.657
[12/05 09:45:36 visual_prompt]: Training 8 / 100 epoch, with learning rate 0.0009989068136093873
[12/05 09:56:54 visual_prompt]: Epoch 8 / 100: avg data time: 8.06e+00, avg batch time: 9.6832, average train loss: 0.7226
[12/05 09:58:15 visual_prompt]: Inference (val):avg data time: 2.74e-05, avg batch time: 0.5383, average loss: 1.0594
[12/05 09:58:15 visual_prompt]: Classification results with val_mammo-cbis: top1: 45.12	rocauc: 67.42	
[12/05 09:58:15 visual_prompt]: Training 9 / 100 epoch, with learning rate 0.0009975414512725057
[12/05 10:09:36 visual_prompt]: Epoch 9 / 100: avg data time: 8.10e+00, avg batch time: 9.7251, average train loss: 0.7723
[12/05 10:10:55 visual_prompt]: Inference (val):avg data time: 3.26e-05, avg batch time: 0.5397, average loss: 1.0400
[12/05 10:10:55 visual_prompt]: Classification results with val_mammo-cbis: top1: 55.28	rocauc: 64.81	
[12/05 10:10:55 visual_prompt]: Training 10 / 100 epoch, with learning rate 0.0009956320346634876
[12/05 10:22:12 visual_prompt]: Epoch 10 / 100: avg data time: 8.04e+00, avg batch time: 9.6683, average train loss: 0.7350
[12/05 10:23:30 visual_prompt]: Inference (val):avg data time: 2.51e-05, avg batch time: 0.5383, average loss: 0.8100
[12/05 10:23:30 visual_prompt]: Classification results with val_mammo-cbis: top1: 55.69	rocauc: 65.91	
[12/05 10:23:30 visual_prompt]: Training 11 / 100 epoch, with learning rate 0.0009931806517013613
[12/05 10:34:45 visual_prompt]: Epoch 11 / 100: avg data time: 8.02e+00, avg batch time: 9.6405, average train loss: 0.6750
[12/05 10:36:03 visual_prompt]: Inference (val):avg data time: 2.60e-05, avg batch time: 0.5404, average loss: 0.7378
[12/05 10:36:03 visual_prompt]: Classification results with val_mammo-cbis: top1: 56.50	rocauc: 67.08	
[12/05 10:36:03 visual_prompt]: Training 12 / 100 epoch, with learning rate 0.0009901899829374047
[12/05 10:47:16 visual_prompt]: Epoch 12 / 100: avg data time: 7.97e+00, avg batch time: 9.6021, average train loss: 0.6314
[12/05 10:48:36 visual_prompt]: Inference (val):avg data time: 4.73e-05, avg batch time: 0.5395, average loss: 1.2416
[12/05 10:48:36 visual_prompt]: Classification results with val_mammo-cbis: top1: 45.12	rocauc: 66.88	
[12/05 10:48:36 visual_prompt]: Training 13 / 100 epoch, with learning rate 0.000986663298624003
[12/05 11:00:05 visual_prompt]: Epoch 13 / 100: avg data time: 8.18e+00, avg batch time: 9.8418, average train loss: 0.7197
[12/05 11:01:24 visual_prompt]: Inference (val):avg data time: 3.88e-05, avg batch time: 0.5492, average loss: 0.6757
[12/05 11:01:24 visual_prompt]: Classification results with val_mammo-cbis: top1: 63.41	rocauc: 69.32	
[12/05 11:01:24 visual_prompt]: Training 14 / 100 epoch, with learning rate 0.0009826044551386743
[12/05 11:12:39 visual_prompt]: Epoch 14 / 100: avg data time: 7.98e+00, avg batch time: 9.6404, average train loss: 0.6181
[12/05 11:13:57 visual_prompt]: Inference (val):avg data time: 2.55e-05, avg batch time: 0.5439, average loss: 0.7588
[12/05 11:13:57 visual_prompt]: Classification results with val_mammo-cbis: top1: 59.35	rocauc: 68.73	
[12/05 11:13:57 visual_prompt]: Training 15 / 100 epoch, with learning rate 0.0009780178907671788
[12/05 11:25:09 visual_prompt]: Epoch 15 / 100: avg data time: 7.96e+00, avg batch time: 9.5892, average train loss: 0.6146
[12/05 11:26:27 visual_prompt]: Inference (val):avg data time: 2.68e-05, avg batch time: 0.5402, average loss: 0.6959
[12/05 11:26:27 visual_prompt]: Classification results with val_mammo-cbis: top1: 54.88	rocauc: 58.71	
[12/05 11:26:27 visual_prompt]: Training 16 / 100 epoch, with learning rate 0.0009729086208503173
