/bin/bash: /home/s1952889/miniconda3/envs/prompt/lib/libtinfo.so.6: no version information available (required by /bin/bash)
An exception occurred in telemetry logging.Disabling telemetry to prevent further exceptions.
Traceback (most recent call last):
  File "/home/s1952889/miniconda3/envs/prompt/lib/python3.11/site-packages/iopath/common/file_io.py", line 946, in __log_tmetry_keys
    handler.log_event()
  File "/home/s1952889/miniconda3/envs/prompt/lib/python3.11/site-packages/iopath/common/event_logger.py", line 97, in log_event
    del self._evt
        ^^^^^^^^^
AttributeError: 'NativePathHandler' object has no attribute '_evt'
Namespace(config_file='visual_prompt_tuning/configs/finetune/cub.yaml', train_type='finetune', opts=['MODEL.TYPE', 'vit', 'DATA.BATCH_SIZE', '8', 'MODEL.PROMPT.NUM_TOKENS', '50', 'MODEL.PROMPT.DEEP', 'True', 'MODEL.PROMPT.DROPOUT', '0.1', 'DATA.FEATURE', 'sup_vitb16_imagenet21k', 'DATA.IMGSIZE', '800', 'DATA.NAME', 'mammo-cbis', 'DATA.NUMBER_CLASSES', '2', 'DATA.CROP', 'False', 'MODEL.MODEL_ROOT', 'visual_prompt_tuning/model_root', 'DATA.DATAPATH', 'visual_prompt_tuning/data_path', 'OUTPUT_DIR', 'visual_prompt_tuning/output_dir', 'SOLVER.PATIENCE', '21', 'SOLVER.CRITERION', 'loss'])
[11/19 23:24:38 visual_prompt]: Rank of current process: 0. World size: 1
[11/19 23:24:38 visual_prompt]: Environment info:
-------------------  -------------------------------------------------
Python               3.11.5 (main, Sep 11 2023, 13:54:46) [GCC 11.2.0]
ENV_MODULE           <not set>
PyTorch              2.0.1+cu118
PyTorch Debug Build  False
CUDA available       True
CUDA ID              1
GPU 0                Quadro RTX 6000
Pillow               9.3.0
cv2                  4.8.0
-------------------  -------------------------------------------------
PyTorch built with:
  - GCC 9.3
  - C++ Version: 201703
  - Intel(R) oneAPI Math Kernel Library Version 2022.2-Product Build 20220804 for Intel(R) 64 architecture applications
  - Intel(R) MKL-DNN v2.7.3 (Git Hash 6dbeffbae1f23cbbeae17adb7b5b13f1f37c080e)
  - OpenMP 201511 (a.k.a. OpenMP 4.5)
  - LAPACK is enabled (usually provided by MKL)
  - NNPACK is enabled
  - CPU capability usage: AVX2
  - CUDA Runtime 11.8
  - NVCC architecture flags: -gencode;arch=compute_37,code=sm_37;-gencode;arch=compute_50,code=sm_50;-gencode;arch=compute_60,code=sm_60;-gencode;arch=compute_70,code=sm_70;-gencode;arch=compute_75,code=sm_75;-gencode;arch=compute_80,code=sm_80;-gencode;arch=compute_86,code=sm_86;-gencode;arch=compute_90,code=sm_90
  - CuDNN 8.7
  - Magma 2.6.1
  - Build settings: BLAS_INFO=mkl, BUILD_TYPE=Release, CUDA_VERSION=11.8, CUDNN_VERSION=8.7.0, CXX_COMPILER=/opt/rh/devtoolset-9/root/usr/bin/c++, CXX_FLAGS= -D_GLIBCXX_USE_CXX11_ABI=0 -fabi-version=11 -Wno-deprecated -fvisibility-inlines-hidden -DUSE_PTHREADPOOL -DNDEBUG -DUSE_KINETO -DLIBKINETO_NOROCTRACER -DUSE_FBGEMM -DUSE_QNNPACK -DUSE_PYTORCH_QNNPACK -DUSE_XNNPACK -DSYMBOLICATE_MOBILE_DEBUG_HANDLE -O2 -fPIC -Wall -Wextra -Werror=return-type -Werror=non-virtual-dtor -Werror=bool-operation -Wnarrowing -Wno-missing-field-initializers -Wno-type-limits -Wno-array-bounds -Wno-unknown-pragmas -Wunused-local-typedefs -Wno-unused-parameter -Wno-unused-function -Wno-unused-result -Wno-strict-overflow -Wno-strict-aliasing -Wno-error=deprecated-declarations -Wno-stringop-overflow -Wno-psabi -Wno-error=pedantic -Wno-error=redundant-decls -Wno-error=old-style-cast -fdiagnostics-color=always -faligned-new -Wno-unused-but-set-variable -Wno-maybe-uninitialized -fno-math-errno -fno-trapping-math -Werror=format -Werror=cast-function-type -Wno-stringop-overflow, LAPACK_INFO=mkl, PERF_WITH_AVX=1, PERF_WITH_AVX2=1, PERF_WITH_AVX512=1, TORCH_DISABLE_GPU_ASSERTS=ON, TORCH_VERSION=2.0.1, USE_CUDA=ON, USE_CUDNN=ON, USE_EXCEPTION_PTR=1, USE_GFLAGS=OFF, USE_GLOG=OFF, USE_MKL=ON, USE_MKLDNN=ON, USE_MPI=OFF, USE_NCCL=1, USE_NNPACK=ON, USE_OPENMP=ON, USE_ROCM=OFF, 

[11/19 23:24:38 visual_prompt]: Command line arguments: Namespace(config_file='visual_prompt_tuning/configs/finetune/cub.yaml', train_type='finetune', opts=['MODEL.TYPE', 'vit', 'DATA.BATCH_SIZE', '8', 'MODEL.PROMPT.NUM_TOKENS', '50', 'MODEL.PROMPT.DEEP', 'True', 'MODEL.PROMPT.DROPOUT', '0.1', 'DATA.FEATURE', 'sup_vitb16_imagenet21k', 'DATA.IMGSIZE', '800', 'DATA.NAME', 'mammo-cbis', 'DATA.NUMBER_CLASSES', '2', 'DATA.CROP', 'False', 'MODEL.MODEL_ROOT', 'visual_prompt_tuning/model_root', 'DATA.DATAPATH', 'visual_prompt_tuning/data_path', 'OUTPUT_DIR', 'visual_prompt_tuning/output_dir', 'SOLVER.PATIENCE', '21', 'SOLVER.CRITERION', 'loss'])
[11/19 23:24:38 visual_prompt]: Contents of args.config_file=visual_prompt_tuning/configs/finetune/cub.yaml:
_BASE_: "../base-finetune.yaml"
RUN_N_TIMES: 1
DATA:
  NAME: "CUB"
  DATAPATH: ""  #TODO: need to specify here
  NUMBER_CLASSES: 200
  MULTILABEL: False
  FEATURE: "imagenet_supervised"  # need to tune
MODEL:
  TYPE: "vit"
SOLVER:
  BASE_LR: 0.00375
  WEIGHT_DECAY: 0.01

[11/19 23:24:38 visual_prompt]: Training with config:
[11/19 23:24:38 visual_prompt]: CfgNode({'DBG': False, 'OUTPUT_DIR': 'visual_prompt_tuning/output_dir/mammo-cbis/sup_vitb16_imagenet21k/end2end/size800/val/seed0/lr0.005_wd0.001/patience21/run1', 'RUN_N_TIMES': 1, 'CUDNN_BENCHMARK': False, 'NUM_GPUS': 1, 'NUM_SHARDS': 1, 'SEED': 0, 'MODEL': CfgNode({'TRANSFER_TYPE': 'end2end', 'WEIGHT_PATH': '', 'SAVE_CKPT': False, 'MODEL_ROOT': 'visual_prompt_tuning/model_root', 'TYPE': 'vit', 'MLP_NUM': 0, 'LINEAR': CfgNode({'MLP_SIZES': [], 'DROPOUT': 0.1}), 'PROMPT': CfgNode({'NUM_TOKENS': 50, 'LOCATION': 'prepend', 'INITIATION': 'random', 'CLSEMB_FOLDER': '', 'CLSEMB_PATH': '', 'PROJECT': -1, 'DEEP': True, 'NUM_DEEP_LAYERS': None, 'REVERSE_DEEP': False, 'DEEP_SHARED': False, 'FORWARD_DEEP_NOEXPAND': False, 'VIT_POOL_TYPE': 'original', 'DROPOUT': 0.1, 'SAVE_FOR_EACH_EPOCH': False}), 'ADAPTER': CfgNode({'REDUCATION_FACTOR': 8, 'STYLE': 'Pfeiffer'})}), 'SOLVER': CfgNode({'LOSS': 'softmax', 'LOSS_ALPHA': 0.01, 'OPTIMIZER': 'adamw', 'MOMENTUM': 0.9, 'WEIGHT_DECAY': 0.001, 'WEIGHT_DECAY_BIAS': 0, 'PATIENCE': 21, 'CRITERION': 'loss', 'SCHEDULER': 'cosine', 'BASE_LR': 0.005, 'BIAS_MULTIPLIER': 1.0, 'WARMUP_EPOCH': 5, 'TOTAL_EPOCH': 100, 'LOG_EVERY_N': 100, 'DBG_TRAINABLE': False}), 'DATA': CfgNode({'NAME': 'mammo-cbis', 'DATAPATH': 'visual_prompt_tuning/data_path', 'FEATURE': 'sup_vitb16_imagenet21k', 'PERCENTAGE': 1.0, 'NUMBER_CLASSES': 2, 'MULTILABEL': False, 'CLASS_WEIGHTS_TYPE': 'none', 'IMGSIZE': 800, 'CROP': False, 'NO_TEST': False, 'BATCH_SIZE': 8, 'NUM_WORKERS': 8, 'PIN_MEMORY': True})})
[11/19 23:24:38 visual_prompt]: Loading training data...
[11/19 23:24:38 visual_prompt]: Constructing mammo-cbis dataset train...
[11/19 23:24:38 visual_prompt]: Loading validation data...
[11/19 23:24:38 visual_prompt]: Constructing mammo-cbis dataset val...
[11/19 23:24:38 visual_prompt]: Constructing models...
[INFO: vit.py:  342]: load_pretrained: resized variant: torch.Size([1, 197, 768]) to torch.Size([1, 2501, 768])
load_pretrained: grid-size from 14 to 50
[11/19 23:24:41 visual_prompt]: Enable all parameters update during training
[11/19 23:24:41 visual_prompt]: Total Parameters: 87569666	 Gradient Parameters: 87569666
[11/19 23:24:41 visual_prompt]: tuned percent:100.000
[11/19 23:24:41 visual_prompt]: Device used for model: 0
[11/19 23:24:41 visual_prompt]: Setting up Evaluator...
[11/19 23:24:41 visual_prompt]: Setting up Trainer...
[11/19 23:24:41 visual_prompt]: 	Setting up the optimizer...
[11/19 23:24:41 visual_prompt]: Training 1 / 100 epoch, with learning rate 0.0
Traceback (most recent call last):
  File "/home/s1952889/final-project/implementation/visual_prompt_tuning/tune_cbis.py", line 99, in <module>
    main(args)
  File "/home/s1952889/final-project/implementation/visual_prompt_tuning/tune_cbis.py", line 83, in main
    explore_lrwd_range(args)
  File "/home/s1952889/final-project/implementation/visual_prompt_tuning/tune_cbis.py", line 79, in explore_lrwd_range
    train(cfg, args, test=False)
  File "/home/s1952889/final-project/implementation/visual_prompt_tuning/tune_cbis.py", line 44, in train
    trainer.train_classifier(train_loader, val_loader, test_loader)
  File "/home/s1952889/final-project/implementation/visual_prompt_tuning/src/engine/trainer.py", line 187, in train_classifier
    train_loss, _ = self.forward_one_batch(X, targets, True)
                    ^^^^^^^^^^^^^^^^^^^^^^^^^^^^^^^^^^^^^^^^
  File "/home/s1952889/final-project/implementation/visual_prompt_tuning/src/engine/trainer.py", line 88, in forward_one_batch
    outputs = self.model(inputs)  # (batchsize, num_cls)
              ^^^^^^^^^^^^^^^^^^
  File "/home/s1952889/miniconda3/envs/prompt/lib/python3.11/site-packages/torch/nn/modules/module.py", line 1501, in _call_impl
    return forward_call(*args, **kwargs)
           ^^^^^^^^^^^^^^^^^^^^^^^^^^^^^
  File "/home/s1952889/final-project/implementation/visual_prompt_tuning/src/models/vit_models.py", line 175, in forward
    x = self.enc(x)  # batch_size x self.feat_dim
        ^^^^^^^^^^^
  File "/home/s1952889/miniconda3/envs/prompt/lib/python3.11/site-packages/torch/nn/modules/module.py", line 1501, in _call_impl
    return forward_call(*args, **kwargs)
           ^^^^^^^^^^^^^^^^^^^^^^^^^^^^^
  File "/home/s1952889/final-project/implementation/visual_prompt_tuning/src/models/vit_backbones/vit.py", line 318, in forward
    x, attn_weights = self.transformer(x)
                      ^^^^^^^^^^^^^^^^^^^
  File "/home/s1952889/miniconda3/envs/prompt/lib/python3.11/site-packages/torch/nn/modules/module.py", line 1501, in _call_impl
    return forward_call(*args, **kwargs)
           ^^^^^^^^^^^^^^^^^^^^^^^^^^^^^
  File "/home/s1952889/final-project/implementation/visual_prompt_tuning/src/models/vit_backbones/vit.py", line 294, in forward
    encoded, attn_weights = self.encoder(embedding_output)
                            ^^^^^^^^^^^^^^^^^^^^^^^^^^^^^^
  File "/home/s1952889/miniconda3/envs/prompt/lib/python3.11/site-packages/torch/nn/modules/module.py", line 1501, in _call_impl
    return forward_call(*args, **kwargs)
           ^^^^^^^^^^^^^^^^^^^^^^^^^^^^^
  File "/home/s1952889/final-project/implementation/visual_prompt_tuning/src/models/vit_backbones/vit.py", line 259, in forward
    hidden_states, weights = layer_block(hidden_states)
                             ^^^^^^^^^^^^^^^^^^^^^^^^^^
  File "/home/s1952889/miniconda3/envs/prompt/lib/python3.11/site-packages/torch/nn/modules/module.py", line 1501, in _call_impl
    return forward_call(*args, **kwargs)
           ^^^^^^^^^^^^^^^^^^^^^^^^^^^^^
  File "/home/s1952889/final-project/implementation/visual_prompt_tuning/src/models/vit_backbones/vit.py", line 199, in forward
    x, weights = self.attn(x)
                 ^^^^^^^^^^^^
  File "/home/s1952889/miniconda3/envs/prompt/lib/python3.11/site-packages/torch/nn/modules/module.py", line 1501, in _call_impl
    return forward_call(*args, **kwargs)
           ^^^^^^^^^^^^^^^^^^^^^^^^^^^^^
  File "/home/s1952889/final-project/implementation/visual_prompt_tuning/src/models/vit_backbones/vit.py", line 101, in forward
    attention_scores = attention_scores / math.sqrt(self.attention_head_size)
                       ~~~~~~~~~~~~~~~~~^~~~~~~~~~~~~~~~~~~~~~~~~~~~~~~~~~~~~
torch.cuda.OutOfMemoryError: CUDA out of memory. Tried to allocate 2.24 GiB (GPU 0; 22.16 GiB total capacity; 19.17 GiB already allocated; 792.12 MiB free; 21.18 GiB reserved in total by PyTorch) If reserved memory is >> allocated memory try setting max_split_size_mb to avoid fragmentation.  See documentation for Memory Management and PYTORCH_CUDA_ALLOC_CONF
/bin/bash: /home/s1952889/miniconda3/envs/prompt/lib/libtinfo.so.6: no version information available (required by /bin/bash)
