/bin/bash: /home/s1952889/miniconda3/envs/prompt/lib/libtinfo.so.6: no version information available (required by /bin/bash)
Namespace(train_log_dir='work_dirs/setr_vit-l_pup_8xb2-160k_ade20k-512x512/20231119_220403', out=None, show=False, save_dir=None, wait_time=2, cfg_options={'val_dataloader.sampler': {'type': 'RandomSampler', 'replacement': False, 'num_samples': 20, 'seed': 218}, 'default_hooks.visualization.interval': 1, 'default_hooks.visualization.draw': True}, launcher='none', local_rank=0)
01/17 13:04:41 - mmengine - INFO - 
------------------------------------------------------------
System environment:
    sys.platform: linux
    Python: 3.10.13 (main, Sep 11 2023, 13:44:35) [GCC 11.2.0]
    CUDA available: True
    numpy_random_seed: 327996350
    GPU 0: NVIDIA A40
    CUDA_HOME: None
    GCC: gcc (Ubuntu 9.4.0-1ubuntu1~20.04.2) 9.4.0
    PyTorch: 2.0.0
    PyTorch compiling details: PyTorch built with:
  - GCC 9.3
  - C++ Version: 201703
  - Intel(R) oneAPI Math Kernel Library Version 2023.1-Product Build 20230303 for Intel(R) 64 architecture applications
  - Intel(R) MKL-DNN v2.7.3 (Git Hash 6dbeffbae1f23cbbeae17adb7b5b13f1f37c080e)
  - OpenMP 201511 (a.k.a. OpenMP 4.5)
  - LAPACK is enabled (usually provided by MKL)
  - NNPACK is enabled
  - CPU capability usage: AVX2
  - CUDA Runtime 11.8
  - NVCC architecture flags: -gencode;arch=compute_37,code=sm_37;-gencode;arch=compute_50,code=sm_50;-gencode;arch=compute_60,code=sm_60;-gencode;arch=compute_61,code=sm_61;-gencode;arch=compute_70,code=sm_70;-gencode;arch=compute_75,code=sm_75;-gencode;arch=compute_80,code=sm_80;-gencode;arch=compute_86,code=sm_86;-gencode;arch=compute_90,code=sm_90;-gencode;arch=compute_37,code=compute_37
  - CuDNN 8.7
  - Magma 2.6.1
  - Build settings: BLAS_INFO=mkl, BUILD_TYPE=Release, CUDA_VERSION=11.8, CUDNN_VERSION=8.7.0, CXX_COMPILER=/opt/rh/devtoolset-9/root/usr/bin/c++, CXX_FLAGS= -D_GLIBCXX_USE_CXX11_ABI=0 -fabi-version=11 -Wno-deprecated -fvisibility-inlines-hidden -DUSE_PTHREADPOOL -DNDEBUG -DUSE_KINETO -DLIBKINETO_NOROCTRACER -DUSE_FBGEMM -DUSE_QNNPACK -DUSE_PYTORCH_QNNPACK -DUSE_XNNPACK -DSYMBOLICATE_MOBILE_DEBUG_HANDLE -O2 -fPIC -Wall -Wextra -Werror=return-type -Werror=non-virtual-dtor -Werror=bool-operation -Wnarrowing -Wno-missing-field-initializers -Wno-type-limits -Wno-array-bounds -Wno-unknown-pragmas -Wunused-local-typedefs -Wno-unused-parameter -Wno-unused-function -Wno-unused-result -Wno-strict-overflow -Wno-strict-aliasing -Wno-error=deprecated-declarations -Wno-stringop-overflow -Wno-psabi -Wno-error=pedantic -Wno-error=redundant-decls -Wno-error=old-style-cast -fdiagnostics-color=always -faligned-new -Wno-unused-but-set-variable -Wno-maybe-uninitialized -fno-math-errno -fno-trapping-math -Werror=format -Werror=cast-function-type -Wno-stringop-overflow, LAPACK_INFO=mkl, PERF_WITH_AVX=1, PERF_WITH_AVX2=1, PERF_WITH_AVX512=1, TORCH_DISABLE_GPU_ASSERTS=ON, TORCH_VERSION=2.0.0, USE_CUDA=ON, USE_CUDNN=ON, USE_EXCEPTION_PTR=1, USE_GFLAGS=OFF, USE_GLOG=OFF, USE_MKL=ON, USE_MKLDNN=ON, USE_MPI=OFF, USE_NCCL=ON, USE_NNPACK=ON, USE_OPENMP=ON, USE_ROCM=OFF, 

    TorchVision: 0.15.0
    OpenCV: 4.8.1
    MMEngine: 0.9.1

Runtime environment:
    cudnn_benchmark: True
    dist_cfg: {'backend': 'nccl'}
    mp_cfg: {'mp_start_method': 'fork', 'opencv_num_threads': 0}
    seed: 327996350
    Distributed launcher: none
    Distributed training: False
    GPU number: 1
------------------------------------------------------------

01/17 13:04:41 - mmengine - INFO - Config:
backbone_norm_cfg = dict(eps=1e-06, requires_grad=True, type='LN')
crop_size = (
    512,
    512,
)
data_preprocessor = dict(
    bgr_to_rgb=True,
    mean=[
        123.675,
        116.28,
        103.53,
    ],
    pad_val=0,
    seg_pad_val=255,
    size=(
        512,
        512,
    ),
    std=[
        58.395,
        57.12,
        57.375,
    ],
    type='SegDataPreProcessor')
data_root = 'data/ade/ADEChallengeData2016'
dataset_type = 'ADE20KDataset'
default_hooks = dict(
    checkpoint=dict(by_epoch=False, interval=16000, type='CheckpointHook'),
    logger=dict(interval=50, log_metric_by_epoch=False, type='LoggerHook'),
    param_scheduler=dict(type='ParamSchedulerHook'),
    sampler_seed=dict(type='DistSamplerSeedHook'),
    timer=dict(type='IterTimerHook'),
    visualization=dict(draw=True, interval=1, type='SegVisualizationHook'))
default_scope = 'mmseg'
env_cfg = dict(
    cudnn_benchmark=True,
    dist_cfg=dict(backend='nccl'),
    mp_cfg=dict(mp_start_method='fork', opencv_num_threads=0))
img_ratios = [
    0.5,
    0.75,
    1.0,
    1.25,
    1.5,
    1.75,
]
launcher = 'none'
load_from = 'work_dirs/setr_vit-l_pup_8xb2-160k_ade20k-512x512/20231119_220403/iter_160000.pth'
log_level = 'INFO'
log_processor = dict(by_epoch=False)
model = dict(
    auxiliary_head=[
        dict(
            act_cfg=dict(type='ReLU'),
            align_corners=False,
            channels=256,
            dropout_ratio=0,
            in_channels=1024,
            in_index=0,
            kernel_size=3,
            loss_decode=dict(
                loss_weight=0.4, type='CrossEntropyLoss', use_sigmoid=False),
            norm_cfg=dict(requires_grad=True, type='SyncBN'),
            num_classes=150,
            num_convs=2,
            type='SETRUPHead'),
        dict(
            act_cfg=dict(type='ReLU'),
            align_corners=False,
            channels=256,
            dropout_ratio=0,
            in_channels=1024,
            in_index=1,
            kernel_size=3,
            loss_decode=dict(
                loss_weight=0.4, type='CrossEntropyLoss', use_sigmoid=False),
            norm_cfg=dict(requires_grad=True, type='SyncBN'),
            num_classes=150,
            num_convs=2,
            type='SETRUPHead'),
        dict(
            act_cfg=dict(type='ReLU'),
            align_corners=False,
            channels=256,
            dropout_ratio=0,
            in_channels=1024,
            in_index=2,
            kernel_size=3,
            loss_decode=dict(
                loss_weight=0.4, type='CrossEntropyLoss', use_sigmoid=False),
            norm_cfg=dict(requires_grad=True, type='SyncBN'),
            num_classes=150,
            num_convs=2,
            type='SETRUPHead'),
    ],
    backbone=dict(
        drop_rate=0.0,
        embed_dims=1024,
        img_size=(
            512,
            512,
        ),
        in_channels=3,
        init_cfg=dict(
            checkpoint='pretrain/vit_large_p16.pth', type='Pretrained'),
        interpolate_mode='bilinear',
        norm_cfg=dict(eps=1e-06, requires_grad=True, type='LN'),
        num_heads=16,
        num_layers=24,
        out_indices=(
            9,
            14,
            19,
            23,
        ),
        patch_size=16,
        type='VisionTransformer',
        with_cls_token=True),
    data_preprocessor=dict(
        bgr_to_rgb=True,
        mean=[
            123.675,
            116.28,
            103.53,
        ],
        pad_val=0,
        seg_pad_val=255,
        size=(
            512,
            512,
        ),
        std=[
            58.395,
            57.12,
            57.375,
        ],
        type='SegDataPreProcessor'),
    decode_head=dict(
        align_corners=False,
        channels=256,
        dropout_ratio=0,
        in_channels=1024,
        in_index=3,
        kernel_size=3,
        loss_decode=dict(
            loss_weight=1.0, type='CrossEntropyLoss', use_sigmoid=False),
        norm_cfg=dict(requires_grad=True, type='SyncBN'),
        num_classes=150,
        num_convs=4,
        type='SETRUPHead',
        up_scale=2),
    pretrained=None,
    test_cfg=dict(crop_size=(
        512,
        512,
    ), mode='slide', stride=(
        341,
        341,
    )),
    train_cfg=dict(),
    type='EncoderDecoder')
norm_cfg = dict(requires_grad=True, type='SyncBN')
optim_wrapper = dict(
    clip_grad=None,
    optimizer=dict(lr=0.001, momentum=0.9, type='SGD', weight_decay=0.0),
    paramwise_cfg=dict(custom_keys=dict(head=dict(lr_mult=10.0))),
    type='OptimWrapper')
optimizer = dict(lr=0.001, momentum=0.9, type='SGD', weight_decay=0.0)
param_scheduler = [
    dict(
        begin=0,
        by_epoch=False,
        end=160000,
        eta_min=0.0001,
        power=0.9,
        type='PolyLR'),
]
resume = False
test_cfg = dict(type='TestLoop')
test_dataloader = dict(
    batch_size=1,
    dataset=dict(
        data_prefix=dict(
            img_path='images/validation',
            seg_map_path='annotations/validation'),
        data_root='data/ade/ADEChallengeData2016',
        pipeline=[
            dict(type='LoadImageFromFile'),
            dict(keep_ratio=True, scale=(
                2048,
                512,
            ), type='Resize'),
            dict(reduce_zero_label=True, type='LoadAnnotations'),
            dict(type='PackSegInputs'),
        ],
        type='ADE20KDataset'),
    num_workers=4,
    persistent_workers=True,
    sampler=dict(shuffle=False, type='DefaultSampler'))
test_evaluator = dict(
    iou_metrics=[
        'mIoU',
    ], type='IoUMetric')
test_pipeline = [
    dict(type='LoadImageFromFile'),
    dict(keep_ratio=True, scale=(
        2048,
        512,
    ), type='Resize'),
    dict(reduce_zero_label=True, type='LoadAnnotations'),
    dict(type='PackSegInputs'),
]
train_cfg = dict(
    max_iters=160000, type='IterBasedTrainLoop', val_interval=16000)
train_dataloader = dict(
    batch_size=4,
    dataset=dict(
        data_prefix=dict(
            img_path='images/training', seg_map_path='annotations/training'),
        data_root='data/ade/ADEChallengeData2016',
        pipeline=[
            dict(type='LoadImageFromFile'),
            dict(reduce_zero_label=True, type='LoadAnnotations'),
            dict(
                keep_ratio=True,
                ratio_range=(
                    0.5,
                    2.0,
                ),
                scale=(
                    2048,
                    512,
                ),
                type='RandomResize'),
            dict(
                cat_max_ratio=0.75, crop_size=(
                    512,
                    512,
                ), type='RandomCrop'),
            dict(prob=0.5, type='RandomFlip'),
            dict(type='PhotoMetricDistortion'),
            dict(type='PackSegInputs'),
        ],
        type='ADE20KDataset'),
    num_workers=8,
    persistent_workers=True,
    sampler=dict(shuffle=True, type='InfiniteSampler'))
train_log_dir = 'work_dirs/setr_vit-l_pup_8xb2-160k_ade20k-512x512/20231119_220403'
train_pipeline = [
    dict(type='LoadImageFromFile'),
    dict(reduce_zero_label=True, type='LoadAnnotations'),
    dict(
        keep_ratio=True,
        ratio_range=(
            0.5,
            2.0,
        ),
        scale=(
            2048,
            512,
        ),
        type='RandomResize'),
    dict(cat_max_ratio=0.75, crop_size=(
        512,
        512,
    ), type='RandomCrop'),
    dict(prob=0.5, type='RandomFlip'),
    dict(type='PhotoMetricDistortion'),
    dict(type='PackSegInputs'),
]
tta_model = dict(type='SegTTAModel')
tta_pipeline = [
    dict(backend_args=None, type='LoadImageFromFile'),
    dict(
        transforms=[
            [
                dict(keep_ratio=True, scale_factor=0.5, type='Resize'),
                dict(keep_ratio=True, scale_factor=0.75, type='Resize'),
                dict(keep_ratio=True, scale_factor=1.0, type='Resize'),
                dict(keep_ratio=True, scale_factor=1.25, type='Resize'),
                dict(keep_ratio=True, scale_factor=1.5, type='Resize'),
                dict(keep_ratio=True, scale_factor=1.75, type='Resize'),
            ],
            [
                dict(direction='horizontal', prob=0.0, type='RandomFlip'),
                dict(direction='horizontal', prob=1.0, type='RandomFlip'),
            ],
            [
                dict(type='LoadAnnotations'),
            ],
            [
                dict(type='PackSegInputs'),
            ],
        ],
        type='TestTimeAug'),
]
val_cfg = dict(type='ValLoop')
val_dataloader = dict(
    batch_size=1,
    dataset=dict(
        data_prefix=dict(
            img_path='images/validation',
            seg_map_path='annotations/validation'),
        data_root='data/ade/ADEChallengeData2016',
        pipeline=[
            dict(type='LoadImageFromFile'),
            dict(keep_ratio=True, scale=(
                2048,
                512,
            ), type='Resize'),
            dict(reduce_zero_label=True, type='LoadAnnotations'),
            dict(type='PackSegInputs'),
        ],
        type='ADE20KDataset'),
    num_workers=4,
    persistent_workers=True,
    sampler=dict(
        num_samples=20, replacement=False, seed=218, type='RandomSampler'))
val_evaluator = dict(
    iou_metrics=[
        'mIoU',
    ], type='IoUMetric')
vis_backends = [
    dict(type='LocalVisBackend'),
]
visualizer = dict(
    name='visualizer',
    type='SegLocalVisualizer',
    vis_backends=[
        dict(type='LocalVisBackend'),
    ])
work_dir = 'work_dirs/setr_vit-l_pup_8xb2-160k_ade20k-512x512/20231119_220403/val'

/home/s1952889/final-project/implementation/mmsegmentation/mmseg/models/builder.py:36: UserWarning: ``build_loss`` would be deprecated soon, please use ``mmseg.registry.MODELS.build()`` 
  warnings.warn('``build_loss`` would be deprecated soon, please use '
/home/s1952889/final-project/implementation/mmsegmentation/mmseg/models/losses/cross_entropy_loss.py:253: UserWarning: Default ``avg_non_ignore`` is False, if you would like to ignore the certain label and average loss over non-ignore labels, which is the same with PyTorch official cross_entropy, set ``avg_non_ignore=True``.
  warnings.warn(
01/17 13:04:59 - mmengine - INFO - Total parameters: 317290072
01/17 13:04:59 - mmengine - INFO - Trainable parameters: 317290072
01/17 13:05:00 - mmengine - INFO - Distributed training is not used, all SyncBatchNorm (SyncBN) layers in the model will be automatically reverted to BatchNormXd layers if they are used.
01/17 13:05:00 - mmengine - INFO - Hooks will be executed in the following order:
before_run:
(VERY_HIGH   ) RuntimeInfoHook                    
(BELOW_NORMAL) LoggerHook                         
 -------------------- 
before_train:
(VERY_HIGH   ) RuntimeInfoHook                    
(NORMAL      ) IterTimerHook                      
(VERY_LOW    ) CheckpointHook                     
 -------------------- 
before_train_epoch:
(VERY_HIGH   ) RuntimeInfoHook                    
(NORMAL      ) IterTimerHook                      
(NORMAL      ) DistSamplerSeedHook                
 -------------------- 
before_train_iter:
(VERY_HIGH   ) RuntimeInfoHook                    
(NORMAL      ) IterTimerHook                      
 -------------------- 
after_train_iter:
(VERY_HIGH   ) RuntimeInfoHook                    
(NORMAL      ) IterTimerHook                      
(NORMAL      ) SegVisualizationHook               
(BELOW_NORMAL) LoggerHook                         
(LOW         ) ParamSchedulerHook                 
(VERY_LOW    ) CheckpointHook                     
 -------------------- 
after_train_epoch:
(NORMAL      ) IterTimerHook                      
(LOW         ) ParamSchedulerHook                 
(VERY_LOW    ) CheckpointHook                     
 -------------------- 
before_val:
(VERY_HIGH   ) RuntimeInfoHook                    
 -------------------- 
before_val_epoch:
(NORMAL      ) IterTimerHook                      
 -------------------- 
before_val_iter:
(NORMAL      ) IterTimerHook                      
 -------------------- 
after_val_iter:
(NORMAL      ) IterTimerHook                      
(NORMAL      ) SegVisualizationHook               
(BELOW_NORMAL) LoggerHook                         
 -------------------- 
after_val_epoch:
(VERY_HIGH   ) RuntimeInfoHook                    
(NORMAL      ) IterTimerHook                      
(BELOW_NORMAL) LoggerHook                         
(LOW         ) ParamSchedulerHook                 
(VERY_LOW    ) CheckpointHook                     
 -------------------- 
after_val:
(VERY_HIGH   ) RuntimeInfoHook                    
 -------------------- 
after_train:
(VERY_HIGH   ) RuntimeInfoHook                    
(VERY_LOW    ) CheckpointHook                     
 -------------------- 
before_test:
(VERY_HIGH   ) RuntimeInfoHook                    
 -------------------- 
before_test_epoch:
(NORMAL      ) IterTimerHook                      
 -------------------- 
before_test_iter:
(NORMAL      ) IterTimerHook                      
 -------------------- 
after_test_iter:
(NORMAL      ) IterTimerHook                      
(NORMAL      ) SegVisualizationHook               
(BELOW_NORMAL) LoggerHook                         
 -------------------- 
after_test_epoch:
(VERY_HIGH   ) RuntimeInfoHook                    
(NORMAL      ) IterTimerHook                      
(BELOW_NORMAL) LoggerHook                         
 -------------------- 
after_test:
(VERY_HIGH   ) RuntimeInfoHook                    
 -------------------- 
after_run:
(BELOW_NORMAL) LoggerHook                         
 -------------------- 
/home/s1952889/final-project/implementation/mmsegmentation/mmseg/datasets/transforms/loading.py:83: UserWarning: `reduce_zero_label` will be deprecated, if you would like to ignore the zero label, please set `reduce_zero_label=True` when dataset initialized
  warnings.warn('`reduce_zero_label` will be deprecated, '
01/17 13:05:02 - mmengine - WARNING - The prefix is not set in metric class IoUMetric.
Loads checkpoint by local backend from path: work_dirs/setr_vit-l_pup_8xb2-160k_ade20k-512x512/20231119_220403/iter_160000.pth
01/17 13:05:25 - mmengine - INFO - Load checkpoint from work_dirs/setr_vit-l_pup_8xb2-160k_ade20k-512x512/20231119_220403/iter_160000.pth
/home/s1952889/final-project/implementation/mmsegmentation/mmseg/datasets/transforms/loading.py:83: UserWarning: `reduce_zero_label` will be deprecated, if you would like to ignore the zero label, please set `reduce_zero_label=True` when dataset initialized
  warnings.warn('`reduce_zero_label` will be deprecated, '
01/17 13:05:47 - mmengine - INFO - per class results:
01/17 13:05:47 - mmengine - INFO - 
+---------------------+-------+-------+
|        Class        |  IoU  |  Acc  |
+---------------------+-------+-------+
|         wall        | 75.87 | 84.37 |
|       building      | 78.27 | 91.12 |
|         sky         | 97.26 | 99.06 |
|        floor        | 78.26 | 84.13 |
|         tree        | 76.71 | 94.17 |
|       ceiling       | 90.01 | 97.75 |
|         road        | 65.04 |  82.7 |
|         bed         | 78.54 | 89.41 |
|      windowpane     | 73.68 | 83.13 |
|        grass        | 20.61 | 86.59 |
|       cabinet       | 71.23 | 96.09 |
|       sidewalk      | 82.52 | 89.98 |
|        person       | 66.56 | 84.51 |
|        earth        | 31.89 | 32.97 |
|         door        |  24.1 | 88.35 |
|        table        |  6.68 | 18.71 |
|       mountain      | 29.72 | 75.28 |
|        plant        | 49.06 | 68.42 |
|       curtain       | 45.77 | 79.76 |
|        chair        | 53.14 |  85.3 |
|         car         |  0.0  |  nan  |
|        water        |  78.7 | 99.73 |
|       painting      | 15.25 | 82.43 |
|         sofa        | 32.62 | 36.22 |
|        shelf        |  0.0  |  nan  |
|        house        | 86.04 | 98.21 |
|         sea         | 91.37 | 91.51 |
|        mirror       | 75.22 | 88.28 |
|         rug         | 50.76 | 86.43 |
|        field        | 85.24 | 97.79 |
|       armchair      | 17.32 |  95.2 |
|         seat        |  6.49 |  6.52 |
|        fence        | 41.81 |  57.7 |
|         desk        | 75.78 | 93.65 |
|         rock        | 57.56 | 90.37 |
|       wardrobe      |  0.0  |  nan  |
|         lamp        |  50.3 |  59.3 |
|       bathtub       |  nan  |  nan  |
|       railing       | 86.63 | 97.12 |
|       cushion       |  4.8  | 64.71 |
|         base        |  nan  |  nan  |
|         box         |  0.0  |  0.0  |
|        column       |  0.0  |  0.0  |
|      signboard      | 59.43 | 92.66 |
|   chest of drawers  |  83.5 | 95.55 |
|       counter       |  nan  |  nan  |
|         sand        | 95.38 | 99.95 |
|         sink        | 38.06 | 45.94 |
|      skyscraper     |  nan  |  nan  |
|      fireplace      |  nan  |  nan  |
|     refrigerator    |  nan  |  nan  |
|      grandstand     |  nan  |  nan  |
|         path        | 75.72 | 78.75 |
|        stairs       | 51.02 | 58.81 |
|        runway       |  nan  |  nan  |
|         case        |  nan  |  nan  |
|      pool table     |  nan  |  nan  |
|        pillow       |  0.0  |  0.0  |
|     screen door     |  nan  |  nan  |
|       stairway      |  nan  |  nan  |
|        river        |  nan  |  nan  |
|        bridge       |  nan  |  nan  |
|       bookcase      |  nan  |  nan  |
|        blind        |  3.79 |  6.55 |
|     coffee table    | 11.72 |  12.2 |
|        toilet       |  nan  |  nan  |
|        flower       | 28.62 | 49.49 |
|         book        | 68.96 | 72.33 |
|         hill        |  0.0  |  0.0  |
|        bench        | 92.38 | 99.49 |
|      countertop     |  nan  |  nan  |
|        stove        | 92.27 |  97.9 |
|         palm        |  nan  |  nan  |
|    kitchen island   | 76.34 | 88.16 |
|       computer      |  68.1 | 70.64 |
|     swivel chair    | 61.06 | 68.99 |
|         boat        | 71.73 | 74.31 |
|         bar         |  nan  |  nan  |
|    arcade machine   |  nan  |  nan  |
|        hovel        |  nan  |  nan  |
|         bus         |  nan  |  nan  |
|        towel        |  nan  |  nan  |
|        light        |  0.0  |  0.0  |
|        truck        |  nan  |  nan  |
|        tower        |  nan  |  nan  |
|      chandelier     | 69.17 |  82.7 |
|        awning       |  0.0  |  nan  |
|     streetlight     |  9.99 |  9.99 |
|        booth        |  nan  |  nan  |
| television receiver |  nan  |  nan  |
|       airplane      |  nan  |  nan  |
|      dirt track     |  nan  |  nan  |
|       apparel       |  nan  |  nan  |
|         pole        |  0.0  |  nan  |
|         land        |  0.0  |  nan  |
|      bannister      |  0.0  |  nan  |
|      escalator      |  nan  |  nan  |
|       ottoman       |  nan  |  nan  |
|        bottle       | 36.46 | 40.04 |
|        buffet       |  nan  |  nan  |
|        poster       |  nan  |  nan  |
|        stage        | 55.63 | 55.73 |
|         van         |  nan  |  nan  |
|         ship        |  nan  |  nan  |
|       fountain      | 59.62 | 59.75 |
|    conveyer belt    |  nan  |  nan  |
|        canopy       | 59.54 | 60.26 |
|        washer       |  nan  |  nan  |
|      plaything      |  nan  |  nan  |
|    swimming pool    |  nan  |  nan  |
|        stool        |  0.0  |  0.0  |
|        barrel       |  nan  |  nan  |
|        basket       |  7.0  |  7.98 |
|      waterfall      |  nan  |  nan  |
|         tent        |  nan  |  nan  |
|         bag         |  nan  |  nan  |
|       minibike      |  0.0  |  nan  |
|        cradle       |  nan  |  nan  |
|         oven        |  0.0  |  nan  |
|         ball        |  nan  |  nan  |
|         food        | 36.47 | 47.15 |
|         step        |  nan  |  nan  |
|         tank        |  nan  |  nan  |
|      trade name     |  0.0  |  0.0  |
|      microwave      |  nan  |  nan  |
|         pot         |  3.89 |  4.26 |
|        animal       |  nan  |  nan  |
|       bicycle       | 47.79 |  56.0 |
|         lake        |  nan  |  nan  |
|      dishwasher     |  nan  |  nan  |
|        screen       |  nan  |  nan  |
|       blanket       |  0.0  |  0.0  |
|      sculpture      |  nan  |  nan  |
|         hood        | 19.36 | 19.59 |
|        sconce       |  nan  |  nan  |
|         vase        | 24.96 | 29.96 |
|    traffic light    | 54.59 | 62.66 |
|         tray        |  0.0  |  0.0  |
|        ashcan       | 40.88 | 71.19 |
|         fan         | 25.86 | 27.28 |
|         pier        |  nan  |  nan  |
|      crt screen     |  0.0  |  nan  |
|        plate        |  0.0  |  nan  |
|       monitor       |  nan  |  nan  |
|    bulletin board   |  nan  |  nan  |
|        shower       |  nan  |  nan  |
|       radiator      | 92.51 | 99.81 |
|        glass        |  19.6 |  24.3 |
|        clock        |  nan  |  nan  |
|         flag        |  nan  |  nan  |
+---------------------+-------+-------+
01/17 13:05:47 - mmengine - INFO - Iter(val) [20/20]    aAcc: 81.2500  mIoU: 41.4900  mAcc: 60.6100  data_time: 0.4616  time: 1.0914
/bin/bash: /home/s1952889/miniconda3/envs/prompt/lib/libtinfo.so.6: no version information available (required by /bin/bash)
