/bin/bash: /home/s1952889/miniconda3/envs/prompt/lib/libtinfo.so.6: no version information available (required by /bin/bash)
11/19 22:04:04 - mmengine - INFO - 
------------------------------------------------------------
System environment:
    sys.platform: linux
    Python: 3.10.13 (main, Sep 11 2023, 13:44:35) [GCC 11.2.0]
    CUDA available: True
    numpy_random_seed: 913267740
    GPU 0: NVIDIA A40
    CUDA_HOME: None
    GCC: gcc (Ubuntu 9.4.0-1ubuntu1~20.04.2) 9.4.0
    PyTorch: 2.0.0
    PyTorch compiling details: PyTorch built with:
  - GCC 9.3
  - C++ Version: 201703
  - Intel(R) oneAPI Math Kernel Library Version 2023.1-Product Build 20230303 for Intel(R) 64 architecture applications
  - Intel(R) MKL-DNN v2.7.3 (Git Hash 6dbeffbae1f23cbbeae17adb7b5b13f1f37c080e)
  - OpenMP 201511 (a.k.a. OpenMP 4.5)
  - LAPACK is enabled (usually provided by MKL)
  - NNPACK is enabled
  - CPU capability usage: AVX2
  - CUDA Runtime 11.8
  - NVCC architecture flags: -gencode;arch=compute_37,code=sm_37;-gencode;arch=compute_50,code=sm_50;-gencode;arch=compute_60,code=sm_60;-gencode;arch=compute_61,code=sm_61;-gencode;arch=compute_70,code=sm_70;-gencode;arch=compute_75,code=sm_75;-gencode;arch=compute_80,code=sm_80;-gencode;arch=compute_86,code=sm_86;-gencode;arch=compute_90,code=sm_90;-gencode;arch=compute_37,code=compute_37
  - CuDNN 8.7
  - Magma 2.6.1
  - Build settings: BLAS_INFO=mkl, BUILD_TYPE=Release, CUDA_VERSION=11.8, CUDNN_VERSION=8.7.0, CXX_COMPILER=/opt/rh/devtoolset-9/root/usr/bin/c++, CXX_FLAGS= -D_GLIBCXX_USE_CXX11_ABI=0 -fabi-version=11 -Wno-deprecated -fvisibility-inlines-hidden -DUSE_PTHREADPOOL -DNDEBUG -DUSE_KINETO -DLIBKINETO_NOROCTRACER -DUSE_FBGEMM -DUSE_QNNPACK -DUSE_PYTORCH_QNNPACK -DUSE_XNNPACK -DSYMBOLICATE_MOBILE_DEBUG_HANDLE -O2 -fPIC -Wall -Wextra -Werror=return-type -Werror=non-virtual-dtor -Werror=bool-operation -Wnarrowing -Wno-missing-field-initializers -Wno-type-limits -Wno-array-bounds -Wno-unknown-pragmas -Wunused-local-typedefs -Wno-unused-parameter -Wno-unused-function -Wno-unused-result -Wno-strict-overflow -Wno-strict-aliasing -Wno-error=deprecated-declarations -Wno-stringop-overflow -Wno-psabi -Wno-error=pedantic -Wno-error=redundant-decls -Wno-error=old-style-cast -fdiagnostics-color=always -faligned-new -Wno-unused-but-set-variable -Wno-maybe-uninitialized -fno-math-errno -fno-trapping-math -Werror=format -Werror=cast-function-type -Wno-stringop-overflow, LAPACK_INFO=mkl, PERF_WITH_AVX=1, PERF_WITH_AVX2=1, PERF_WITH_AVX512=1, TORCH_DISABLE_GPU_ASSERTS=ON, TORCH_VERSION=2.0.0, USE_CUDA=ON, USE_CUDNN=ON, USE_EXCEPTION_PTR=1, USE_GFLAGS=OFF, USE_GLOG=OFF, USE_MKL=ON, USE_MKLDNN=ON, USE_MPI=OFF, USE_NCCL=ON, USE_NNPACK=ON, USE_OPENMP=ON, USE_ROCM=OFF, 

    TorchVision: 0.15.0
    OpenCV: 4.8.1
    MMEngine: 0.9.0

Runtime environment:
    cudnn_benchmark: True
    mp_cfg: {'mp_start_method': 'fork', 'opencv_num_threads': 0}
    dist_cfg: {'backend': 'nccl'}
    seed: 913267740
    Distributed launcher: none
    Distributed training: False
    GPU number: 1
------------------------------------------------------------

11/19 22:04:05 - mmengine - INFO - Config:
backbone_norm_cfg = dict(eps=1e-06, requires_grad=True, type='LN')
crop_size = (
    512,
    512,
)
data_preprocessor = dict(
    bgr_to_rgb=True,
    mean=[
        123.675,
        116.28,
        103.53,
    ],
    pad_val=0,
    seg_pad_val=255,
    size=(
        512,
        512,
    ),
    std=[
        58.395,
        57.12,
        57.375,
    ],
    type='SegDataPreProcessor')
data_root = 'data/ade/ADEChallengeData2016'
dataset_type = 'ADE20KDataset'
default_hooks = dict(
    checkpoint=dict(by_epoch=False, interval=16000, type='CheckpointHook'),
    logger=dict(interval=50, log_metric_by_epoch=False, type='LoggerHook'),
    param_scheduler=dict(type='ParamSchedulerHook'),
    sampler_seed=dict(type='DistSamplerSeedHook'),
    timer=dict(type='IterTimerHook'),
    visualization=dict(type='SegVisualizationHook'))
default_scope = 'mmseg'
env_cfg = dict(
    cudnn_benchmark=True,
    dist_cfg=dict(backend='nccl'),
    mp_cfg=dict(mp_start_method='fork', opencv_num_threads=0))
img_ratios = [
    0.5,
    0.75,
    1.0,
    1.25,
    1.5,
    1.75,
]
launcher = 'none'
load_from = None
log_level = 'INFO'
log_processor = dict(by_epoch=False)
model = dict(
    auxiliary_head=[
        dict(
            act_cfg=dict(type='ReLU'),
            align_corners=False,
            channels=256,
            dropout_ratio=0,
            in_channels=1024,
            in_index=0,
            kernel_size=3,
            loss_decode=dict(
                loss_weight=0.4, type='CrossEntropyLoss', use_sigmoid=False),
            norm_cfg=dict(requires_grad=True, type='SyncBN'),
            num_classes=150,
            num_convs=2,
            type='SETRUPHead'),
        dict(
            act_cfg=dict(type='ReLU'),
            align_corners=False,
            channels=256,
            dropout_ratio=0,
            in_channels=1024,
            in_index=1,
            kernel_size=3,
            loss_decode=dict(
                loss_weight=0.4, type='CrossEntropyLoss', use_sigmoid=False),
            norm_cfg=dict(requires_grad=True, type='SyncBN'),
            num_classes=150,
            num_convs=2,
            type='SETRUPHead'),
        dict(
            act_cfg=dict(type='ReLU'),
            align_corners=False,
            channels=256,
            dropout_ratio=0,
            in_channels=1024,
            in_index=2,
            kernel_size=3,
            loss_decode=dict(
                loss_weight=0.4, type='CrossEntropyLoss', use_sigmoid=False),
            norm_cfg=dict(requires_grad=True, type='SyncBN'),
            num_classes=150,
            num_convs=2,
            type='SETRUPHead'),
    ],
    backbone=dict(
        drop_rate=0.0,
        embed_dims=1024,
        img_size=(
            512,
            512,
        ),
        in_channels=3,
        init_cfg=dict(
            checkpoint='pretrain/vit_large_p16.pth', type='Pretrained'),
        interpolate_mode='bilinear',
        norm_cfg=dict(eps=1e-06, requires_grad=True, type='LN'),
        num_heads=16,
        num_layers=24,
        out_indices=(
            9,
            14,
            19,
            23,
        ),
        patch_size=16,
        type='VisionTransformer',
        with_cls_token=True),
    data_preprocessor=dict(
        bgr_to_rgb=True,
        mean=[
            123.675,
            116.28,
            103.53,
        ],
        pad_val=0,
        seg_pad_val=255,
        size=(
            512,
            512,
        ),
        std=[
            58.395,
            57.12,
            57.375,
        ],
        type='SegDataPreProcessor'),
    decode_head=dict(
        align_corners=False,
        channels=256,
        dropout_ratio=0,
        in_channels=1024,
        in_index=3,
        kernel_size=3,
        loss_decode=dict(
            loss_weight=1.0, type='CrossEntropyLoss', use_sigmoid=False),
        norm_cfg=dict(requires_grad=True, type='SyncBN'),
        num_classes=150,
        num_convs=4,
        type='SETRUPHead',
        up_scale=2),
    pretrained=None,
    test_cfg=dict(crop_size=(
        512,
        512,
    ), mode='slide', stride=(
        341,
        341,
    )),
    train_cfg=dict(),
    type='EncoderDecoder')
norm_cfg = dict(requires_grad=True, type='SyncBN')
optim_wrapper = dict(
    clip_grad=None,
    optimizer=dict(lr=0.001, momentum=0.9, type='SGD', weight_decay=0.0),
    paramwise_cfg=dict(custom_keys=dict(head=dict(lr_mult=10.0))),
    type='OptimWrapper')
optimizer = dict(lr=0.001, momentum=0.9, type='SGD', weight_decay=0.0)
param_scheduler = [
    dict(
        begin=0,
        by_epoch=False,
        end=160000,
        eta_min=0.0001,
        power=0.9,
        type='PolyLR'),
]
resume = False
test_cfg = dict(type='TestLoop')
test_dataloader = dict(
    batch_size=1,
    dataset=dict(
        data_prefix=dict(
            img_path='images/validation',
            seg_map_path='annotations/validation'),
        data_root='data/ade/ADEChallengeData2016',
        pipeline=[
            dict(type='LoadImageFromFile'),
            dict(keep_ratio=True, scale=(
                2048,
                512,
            ), type='Resize'),
            dict(reduce_zero_label=True, type='LoadAnnotations'),
            dict(type='PackSegInputs'),
        ],
        type='ADE20KDataset'),
    num_workers=4,
    persistent_workers=True,
    sampler=dict(shuffle=False, type='DefaultSampler'))
test_evaluator = dict(
    iou_metrics=[
        'mIoU',
    ], type='IoUMetric')
test_pipeline = [
    dict(type='LoadImageFromFile'),
    dict(keep_ratio=True, scale=(
        2048,
        512,
    ), type='Resize'),
    dict(reduce_zero_label=True, type='LoadAnnotations'),
    dict(type='PackSegInputs'),
]
train_cfg = dict(
    max_iters=160000, type='IterBasedTrainLoop', val_interval=16000)
train_dataloader = dict(
    batch_size=4,
    dataset=dict(
        data_prefix=dict(
            img_path='images/training', seg_map_path='annotations/training'),
        data_root='data/ade/ADEChallengeData2016',
        pipeline=[
            dict(type='LoadImageFromFile'),
            dict(reduce_zero_label=True, type='LoadAnnotations'),
            dict(
                keep_ratio=True,
                ratio_range=(
                    0.5,
                    2.0,
                ),
                scale=(
                    2048,
                    512,
                ),
                type='RandomResize'),
            dict(
                cat_max_ratio=0.75, crop_size=(
                    512,
                    512,
                ), type='RandomCrop'),
            dict(prob=0.5, type='RandomFlip'),
            dict(type='PhotoMetricDistortion'),
            dict(type='PackSegInputs'),
        ],
        type='ADE20KDataset'),
    num_workers=8,
    persistent_workers=True,
    sampler=dict(shuffle=True, type='InfiniteSampler'))
train_pipeline = [
    dict(type='LoadImageFromFile'),
    dict(reduce_zero_label=True, type='LoadAnnotations'),
    dict(
        keep_ratio=True,
        ratio_range=(
            0.5,
            2.0,
        ),
        scale=(
            2048,
            512,
        ),
        type='RandomResize'),
    dict(cat_max_ratio=0.75, crop_size=(
        512,
        512,
    ), type='RandomCrop'),
    dict(prob=0.5, type='RandomFlip'),
    dict(type='PhotoMetricDistortion'),
    dict(type='PackSegInputs'),
]
tta_model = dict(type='SegTTAModel')
tta_pipeline = [
    dict(backend_args=None, type='LoadImageFromFile'),
    dict(
        transforms=[
            [
                dict(keep_ratio=True, scale_factor=0.5, type='Resize'),
                dict(keep_ratio=True, scale_factor=0.75, type='Resize'),
                dict(keep_ratio=True, scale_factor=1.0, type='Resize'),
                dict(keep_ratio=True, scale_factor=1.25, type='Resize'),
                dict(keep_ratio=True, scale_factor=1.5, type='Resize'),
                dict(keep_ratio=True, scale_factor=1.75, type='Resize'),
            ],
            [
                dict(direction='horizontal', prob=0.0, type='RandomFlip'),
                dict(direction='horizontal', prob=1.0, type='RandomFlip'),
            ],
            [
                dict(type='LoadAnnotations'),
            ],
            [
                dict(type='PackSegInputs'),
            ],
        ],
        type='TestTimeAug'),
]
val_cfg = dict(type='ValLoop')
val_dataloader = dict(
    batch_size=1,
    dataset=dict(
        data_prefix=dict(
            img_path='images/validation',
            seg_map_path='annotations/validation'),
        data_root='data/ade/ADEChallengeData2016',
        pipeline=[
            dict(type='LoadImageFromFile'),
            dict(keep_ratio=True, scale=(
                2048,
                512,
            ), type='Resize'),
            dict(reduce_zero_label=True, type='LoadAnnotations'),
            dict(type='PackSegInputs'),
        ],
        type='ADE20KDataset'),
    num_workers=4,
    persistent_workers=True,
    sampler=dict(shuffle=False, type='DefaultSampler'))
val_evaluator = dict(
    iou_metrics=[
        'mIoU',
    ], type='IoUMetric')
vis_backends = [
    dict(type='LocalVisBackend'),
]
visualizer = dict(
    name='visualizer',
    type='SegLocalVisualizer',
    vis_backends=[
        dict(type='LocalVisBackend'),
    ])
work_dir = './work_dirs/setr_vit-l_pup_8xb2-160k_ade20k-512x512'

/home/s1952889/final-project/implementation/mmsegmentation/mmseg/models/builder.py:36: UserWarning: ``build_loss`` would be deprecated soon, please use ``mmseg.registry.MODELS.build()`` 
  warnings.warn('``build_loss`` would be deprecated soon, please use '
/home/s1952889/final-project/implementation/mmsegmentation/mmseg/models/losses/cross_entropy_loss.py:249: UserWarning: Default ``avg_non_ignore`` is False, if you would like to ignore the certain label and average loss over non-ignore labels, which is the same with PyTorch official cross_entropy, set ``avg_non_ignore=True``.
  warnings.warn(
11/19 22:04:09 - mmengine - INFO - Distributed training is not used, all SyncBatchNorm (SyncBN) layers in the model will be automatically reverted to BatchNormXd layers if they are used.
/home/s1952889/final-project/implementation/mmsegmentation/mmseg/engine/hooks/visualization_hook.py:61: UserWarning: The draw is False, it means that the hook for visualization will not take effect. The results will NOT be visualized or stored.
  warnings.warn('The draw is False, it means that the '
11/19 22:04:09 - mmengine - INFO - Hooks will be executed in the following order:
before_run:
(VERY_HIGH   ) RuntimeInfoHook                    
(BELOW_NORMAL) LoggerHook                         
 -------------------- 
before_train:
(VERY_HIGH   ) RuntimeInfoHook                    
(NORMAL      ) IterTimerHook                      
(VERY_LOW    ) CheckpointHook                     
 -------------------- 
before_train_epoch:
(VERY_HIGH   ) RuntimeInfoHook                    
(NORMAL      ) IterTimerHook                      
(NORMAL      ) DistSamplerSeedHook                
 -------------------- 
before_train_iter:
(VERY_HIGH   ) RuntimeInfoHook                    
(NORMAL      ) IterTimerHook                      
 -------------------- 
after_train_iter:
(VERY_HIGH   ) RuntimeInfoHook                    
(NORMAL      ) IterTimerHook                      
(NORMAL      ) SegVisualizationHook               
(BELOW_NORMAL) LoggerHook                         
(LOW         ) ParamSchedulerHook                 
(VERY_LOW    ) CheckpointHook                     
 -------------------- 
after_train_epoch:
(NORMAL      ) IterTimerHook                      
(LOW         ) ParamSchedulerHook                 
(VERY_LOW    ) CheckpointHook                     
 -------------------- 
before_val:
(VERY_HIGH   ) RuntimeInfoHook                    
 -------------------- 
before_val_epoch:
(NORMAL      ) IterTimerHook                      
 -------------------- 
before_val_iter:
(NORMAL      ) IterTimerHook                      
 -------------------- 
after_val_iter:
(NORMAL      ) IterTimerHook                      
(NORMAL      ) SegVisualizationHook               
(BELOW_NORMAL) LoggerHook                         
 -------------------- 
after_val_epoch:
(VERY_HIGH   ) RuntimeInfoHook                    
(NORMAL      ) IterTimerHook                      
(BELOW_NORMAL) LoggerHook                         
(LOW         ) ParamSchedulerHook                 
(VERY_LOW    ) CheckpointHook                     
 -------------------- 
after_val:
(VERY_HIGH   ) RuntimeInfoHook                    
 -------------------- 
after_train:
(VERY_HIGH   ) RuntimeInfoHook                    
(VERY_LOW    ) CheckpointHook                     
 -------------------- 
before_test:
(VERY_HIGH   ) RuntimeInfoHook                    
 -------------------- 
before_test_epoch:
(NORMAL      ) IterTimerHook                      
 -------------------- 
before_test_iter:
(NORMAL      ) IterTimerHook                      
 -------------------- 
after_test_iter:
(NORMAL      ) IterTimerHook                      
(NORMAL      ) SegVisualizationHook               
(BELOW_NORMAL) LoggerHook                         
 -------------------- 
after_test_epoch:
(VERY_HIGH   ) RuntimeInfoHook                    
(NORMAL      ) IterTimerHook                      
(BELOW_NORMAL) LoggerHook                         
 -------------------- 
after_test:
(VERY_HIGH   ) RuntimeInfoHook                    
 -------------------- 
after_run:
(BELOW_NORMAL) LoggerHook                         
 -------------------- 
/home/s1952889/final-project/implementation/mmsegmentation/mmseg/datasets/transforms/loading.py:83: UserWarning: `reduce_zero_label` will be deprecated, if you would like to ignore the zero label, please set `reduce_zero_label=True` when dataset initialized
  warnings.warn('`reduce_zero_label` will be deprecated, '
11/19 22:04:11 - mmengine - INFO - paramwise_options -- decode_head.conv_seg.weight:lr=0.01
11/19 22:04:11 - mmengine - INFO - paramwise_options -- decode_head.conv_seg.weight:weight_decay=0.0
11/19 22:04:11 - mmengine - INFO - paramwise_options -- decode_head.conv_seg.weight:lr_mult=10.0
11/19 22:04:11 - mmengine - INFO - paramwise_options -- decode_head.conv_seg.bias:lr=0.01
11/19 22:04:11 - mmengine - INFO - paramwise_options -- decode_head.conv_seg.bias:weight_decay=0.0
11/19 22:04:11 - mmengine - INFO - paramwise_options -- decode_head.conv_seg.bias:lr_mult=10.0
11/19 22:04:11 - mmengine - INFO - paramwise_options -- decode_head.norm.weight:lr=0.01
11/19 22:04:11 - mmengine - INFO - paramwise_options -- decode_head.norm.weight:weight_decay=0.0
11/19 22:04:11 - mmengine - INFO - paramwise_options -- decode_head.norm.weight:lr_mult=10.0
11/19 22:04:11 - mmengine - INFO - paramwise_options -- decode_head.norm.bias:lr=0.01
11/19 22:04:11 - mmengine - INFO - paramwise_options -- decode_head.norm.bias:weight_decay=0.0
11/19 22:04:11 - mmengine - INFO - paramwise_options -- decode_head.norm.bias:lr_mult=10.0
11/19 22:04:11 - mmengine - INFO - paramwise_options -- decode_head.up_convs.0.0.conv.weight:lr=0.01
11/19 22:04:11 - mmengine - INFO - paramwise_options -- decode_head.up_convs.0.0.conv.weight:weight_decay=0.0
11/19 22:04:11 - mmengine - INFO - paramwise_options -- decode_head.up_convs.0.0.conv.weight:lr_mult=10.0
11/19 22:04:11 - mmengine - INFO - paramwise_options -- decode_head.up_convs.0.0.bn.weight:lr=0.01
11/19 22:04:11 - mmengine - INFO - paramwise_options -- decode_head.up_convs.0.0.bn.weight:weight_decay=0.0
11/19 22:04:11 - mmengine - INFO - paramwise_options -- decode_head.up_convs.0.0.bn.weight:lr_mult=10.0
11/19 22:04:11 - mmengine - INFO - paramwise_options -- decode_head.up_convs.0.0.bn.bias:lr=0.01
11/19 22:04:11 - mmengine - INFO - paramwise_options -- decode_head.up_convs.0.0.bn.bias:weight_decay=0.0
11/19 22:04:11 - mmengine - INFO - paramwise_options -- decode_head.up_convs.0.0.bn.bias:lr_mult=10.0
11/19 22:04:11 - mmengine - INFO - paramwise_options -- decode_head.up_convs.1.0.conv.weight:lr=0.01
11/19 22:04:11 - mmengine - INFO - paramwise_options -- decode_head.up_convs.1.0.conv.weight:weight_decay=0.0
11/19 22:04:11 - mmengine - INFO - paramwise_options -- decode_head.up_convs.1.0.conv.weight:lr_mult=10.0
11/19 22:04:11 - mmengine - INFO - paramwise_options -- decode_head.up_convs.1.0.bn.weight:lr=0.01
11/19 22:04:11 - mmengine - INFO - paramwise_options -- decode_head.up_convs.1.0.bn.weight:weight_decay=0.0
11/19 22:04:11 - mmengine - INFO - paramwise_options -- decode_head.up_convs.1.0.bn.weight:lr_mult=10.0
11/19 22:04:11 - mmengine - INFO - paramwise_options -- decode_head.up_convs.1.0.bn.bias:lr=0.01
11/19 22:04:11 - mmengine - INFO - paramwise_options -- decode_head.up_convs.1.0.bn.bias:weight_decay=0.0
11/19 22:04:11 - mmengine - INFO - paramwise_options -- decode_head.up_convs.1.0.bn.bias:lr_mult=10.0
11/19 22:04:11 - mmengine - INFO - paramwise_options -- decode_head.up_convs.2.0.conv.weight:lr=0.01
11/19 22:04:11 - mmengine - INFO - paramwise_options -- decode_head.up_convs.2.0.conv.weight:weight_decay=0.0
11/19 22:04:11 - mmengine - INFO - paramwise_options -- decode_head.up_convs.2.0.conv.weight:lr_mult=10.0
11/19 22:04:11 - mmengine - INFO - paramwise_options -- decode_head.up_convs.2.0.bn.weight:lr=0.01
11/19 22:04:11 - mmengine - INFO - paramwise_options -- decode_head.up_convs.2.0.bn.weight:weight_decay=0.0
11/19 22:04:11 - mmengine - INFO - paramwise_options -- decode_head.up_convs.2.0.bn.weight:lr_mult=10.0
11/19 22:04:11 - mmengine - INFO - paramwise_options -- decode_head.up_convs.2.0.bn.bias:lr=0.01
11/19 22:04:11 - mmengine - INFO - paramwise_options -- decode_head.up_convs.2.0.bn.bias:weight_decay=0.0
11/19 22:04:11 - mmengine - INFO - paramwise_options -- decode_head.up_convs.2.0.bn.bias:lr_mult=10.0
11/19 22:04:11 - mmengine - INFO - paramwise_options -- decode_head.up_convs.3.0.conv.weight:lr=0.01
11/19 22:04:11 - mmengine - INFO - paramwise_options -- decode_head.up_convs.3.0.conv.weight:weight_decay=0.0
11/19 22:04:11 - mmengine - INFO - paramwise_options -- decode_head.up_convs.3.0.conv.weight:lr_mult=10.0
11/19 22:04:11 - mmengine - INFO - paramwise_options -- decode_head.up_convs.3.0.bn.weight:lr=0.01
11/19 22:04:11 - mmengine - INFO - paramwise_options -- decode_head.up_convs.3.0.bn.weight:weight_decay=0.0
11/19 22:04:11 - mmengine - INFO - paramwise_options -- decode_head.up_convs.3.0.bn.weight:lr_mult=10.0
11/19 22:04:11 - mmengine - INFO - paramwise_options -- decode_head.up_convs.3.0.bn.bias:lr=0.01
11/19 22:04:11 - mmengine - INFO - paramwise_options -- decode_head.up_convs.3.0.bn.bias:weight_decay=0.0
11/19 22:04:11 - mmengine - INFO - paramwise_options -- decode_head.up_convs.3.0.bn.bias:lr_mult=10.0
11/19 22:04:11 - mmengine - INFO - paramwise_options -- auxiliary_head.0.conv_seg.weight:lr=0.01
11/19 22:04:11 - mmengine - INFO - paramwise_options -- auxiliary_head.0.conv_seg.weight:weight_decay=0.0
11/19 22:04:11 - mmengine - INFO - paramwise_options -- auxiliary_head.0.conv_seg.weight:lr_mult=10.0
11/19 22:04:11 - mmengine - INFO - paramwise_options -- auxiliary_head.0.conv_seg.bias:lr=0.01
11/19 22:04:11 - mmengine - INFO - paramwise_options -- auxiliary_head.0.conv_seg.bias:weight_decay=0.0
11/19 22:04:11 - mmengine - INFO - paramwise_options -- auxiliary_head.0.conv_seg.bias:lr_mult=10.0
11/19 22:04:11 - mmengine - INFO - paramwise_options -- auxiliary_head.0.norm.weight:lr=0.01
11/19 22:04:11 - mmengine - INFO - paramwise_options -- auxiliary_head.0.norm.weight:weight_decay=0.0
11/19 22:04:11 - mmengine - INFO - paramwise_options -- auxiliary_head.0.norm.weight:lr_mult=10.0
11/19 22:04:11 - mmengine - INFO - paramwise_options -- auxiliary_head.0.norm.bias:lr=0.01
11/19 22:04:11 - mmengine - INFO - paramwise_options -- auxiliary_head.0.norm.bias:weight_decay=0.0
11/19 22:04:11 - mmengine - INFO - paramwise_options -- auxiliary_head.0.norm.bias:lr_mult=10.0
11/19 22:04:11 - mmengine - INFO - paramwise_options -- auxiliary_head.0.up_convs.0.0.conv.weight:lr=0.01
11/19 22:04:11 - mmengine - INFO - paramwise_options -- auxiliary_head.0.up_convs.0.0.conv.weight:weight_decay=0.0
11/19 22:04:11 - mmengine - INFO - paramwise_options -- auxiliary_head.0.up_convs.0.0.conv.weight:lr_mult=10.0
11/19 22:04:11 - mmengine - INFO - paramwise_options -- auxiliary_head.0.up_convs.0.0.bn.weight:lr=0.01
11/19 22:04:11 - mmengine - INFO - paramwise_options -- auxiliary_head.0.up_convs.0.0.bn.weight:weight_decay=0.0
11/19 22:04:11 - mmengine - INFO - paramwise_options -- auxiliary_head.0.up_convs.0.0.bn.weight:lr_mult=10.0
11/19 22:04:11 - mmengine - INFO - paramwise_options -- auxiliary_head.0.up_convs.0.0.bn.bias:lr=0.01
11/19 22:04:11 - mmengine - INFO - paramwise_options -- auxiliary_head.0.up_convs.0.0.bn.bias:weight_decay=0.0
11/19 22:04:11 - mmengine - INFO - paramwise_options -- auxiliary_head.0.up_convs.0.0.bn.bias:lr_mult=10.0
11/19 22:04:11 - mmengine - INFO - paramwise_options -- auxiliary_head.0.up_convs.1.0.conv.weight:lr=0.01
11/19 22:04:11 - mmengine - INFO - paramwise_options -- auxiliary_head.0.up_convs.1.0.conv.weight:weight_decay=0.0
11/19 22:04:11 - mmengine - INFO - paramwise_options -- auxiliary_head.0.up_convs.1.0.conv.weight:lr_mult=10.0
11/19 22:04:11 - mmengine - INFO - paramwise_options -- auxiliary_head.0.up_convs.1.0.bn.weight:lr=0.01
11/19 22:04:11 - mmengine - INFO - paramwise_options -- auxiliary_head.0.up_convs.1.0.bn.weight:weight_decay=0.0
11/19 22:04:11 - mmengine - INFO - paramwise_options -- auxiliary_head.0.up_convs.1.0.bn.weight:lr_mult=10.0
11/19 22:04:11 - mmengine - INFO - paramwise_options -- auxiliary_head.0.up_convs.1.0.bn.bias:lr=0.01
11/19 22:04:11 - mmengine - INFO - paramwise_options -- auxiliary_head.0.up_convs.1.0.bn.bias:weight_decay=0.0
11/19 22:04:11 - mmengine - INFO - paramwise_options -- auxiliary_head.0.up_convs.1.0.bn.bias:lr_mult=10.0
11/19 22:04:11 - mmengine - INFO - paramwise_options -- auxiliary_head.1.conv_seg.weight:lr=0.01
11/19 22:04:11 - mmengine - INFO - paramwise_options -- auxiliary_head.1.conv_seg.weight:weight_decay=0.0
11/19 22:04:11 - mmengine - INFO - paramwise_options -- auxiliary_head.1.conv_seg.weight:lr_mult=10.0
11/19 22:04:11 - mmengine - INFO - paramwise_options -- auxiliary_head.1.conv_seg.bias:lr=0.01
11/19 22:04:11 - mmengine - INFO - paramwise_options -- auxiliary_head.1.conv_seg.bias:weight_decay=0.0
11/19 22:04:11 - mmengine - INFO - paramwise_options -- auxiliary_head.1.conv_seg.bias:lr_mult=10.0
11/19 22:04:11 - mmengine - INFO - paramwise_options -- auxiliary_head.1.norm.weight:lr=0.01
11/19 22:04:11 - mmengine - INFO - paramwise_options -- auxiliary_head.1.norm.weight:weight_decay=0.0
11/19 22:04:11 - mmengine - INFO - paramwise_options -- auxiliary_head.1.norm.weight:lr_mult=10.0
11/19 22:04:11 - mmengine - INFO - paramwise_options -- auxiliary_head.1.norm.bias:lr=0.01
11/19 22:04:11 - mmengine - INFO - paramwise_options -- auxiliary_head.1.norm.bias:weight_decay=0.0
11/19 22:04:11 - mmengine - INFO - paramwise_options -- auxiliary_head.1.norm.bias:lr_mult=10.0
11/19 22:04:11 - mmengine - INFO - paramwise_options -- auxiliary_head.1.up_convs.0.0.conv.weight:lr=0.01
11/19 22:04:11 - mmengine - INFO - paramwise_options -- auxiliary_head.1.up_convs.0.0.conv.weight:weight_decay=0.0
11/19 22:04:11 - mmengine - INFO - paramwise_options -- auxiliary_head.1.up_convs.0.0.conv.weight:lr_mult=10.0
11/19 22:04:11 - mmengine - INFO - paramwise_options -- auxiliary_head.1.up_convs.0.0.bn.weight:lr=0.01
11/19 22:04:11 - mmengine - INFO - paramwise_options -- auxiliary_head.1.up_convs.0.0.bn.weight:weight_decay=0.0
11/19 22:04:11 - mmengine - INFO - paramwise_options -- auxiliary_head.1.up_convs.0.0.bn.weight:lr_mult=10.0
11/19 22:04:11 - mmengine - INFO - paramwise_options -- auxiliary_head.1.up_convs.0.0.bn.bias:lr=0.01
11/19 22:04:11 - mmengine - INFO - paramwise_options -- auxiliary_head.1.up_convs.0.0.bn.bias:weight_decay=0.0
11/19 22:04:11 - mmengine - INFO - paramwise_options -- auxiliary_head.1.up_convs.0.0.bn.bias:lr_mult=10.0
11/19 22:04:11 - mmengine - INFO - paramwise_options -- auxiliary_head.1.up_convs.1.0.conv.weight:lr=0.01
11/19 22:04:11 - mmengine - INFO - paramwise_options -- auxiliary_head.1.up_convs.1.0.conv.weight:weight_decay=0.0
11/19 22:04:11 - mmengine - INFO - paramwise_options -- auxiliary_head.1.up_convs.1.0.conv.weight:lr_mult=10.0
11/19 22:04:11 - mmengine - INFO - paramwise_options -- auxiliary_head.1.up_convs.1.0.bn.weight:lr=0.01
11/19 22:04:11 - mmengine - INFO - paramwise_options -- auxiliary_head.1.up_convs.1.0.bn.weight:weight_decay=0.0
11/19 22:04:11 - mmengine - INFO - paramwise_options -- auxiliary_head.1.up_convs.1.0.bn.weight:lr_mult=10.0
11/19 22:04:11 - mmengine - INFO - paramwise_options -- auxiliary_head.1.up_convs.1.0.bn.bias:lr=0.01
11/19 22:04:11 - mmengine - INFO - paramwise_options -- auxiliary_head.1.up_convs.1.0.bn.bias:weight_decay=0.0
11/19 22:04:11 - mmengine - INFO - paramwise_options -- auxiliary_head.1.up_convs.1.0.bn.bias:lr_mult=10.0
11/19 22:04:11 - mmengine - INFO - paramwise_options -- auxiliary_head.2.conv_seg.weight:lr=0.01
11/19 22:04:11 - mmengine - INFO - paramwise_options -- auxiliary_head.2.conv_seg.weight:weight_decay=0.0
11/19 22:04:11 - mmengine - INFO - paramwise_options -- auxiliary_head.2.conv_seg.weight:lr_mult=10.0
11/19 22:04:11 - mmengine - INFO - paramwise_options -- auxiliary_head.2.conv_seg.bias:lr=0.01
11/19 22:04:11 - mmengine - INFO - paramwise_options -- auxiliary_head.2.conv_seg.bias:weight_decay=0.0
11/19 22:04:11 - mmengine - INFO - paramwise_options -- auxiliary_head.2.conv_seg.bias:lr_mult=10.0
11/19 22:04:11 - mmengine - INFO - paramwise_options -- auxiliary_head.2.norm.weight:lr=0.01
11/19 22:04:11 - mmengine - INFO - paramwise_options -- auxiliary_head.2.norm.weight:weight_decay=0.0
11/19 22:04:11 - mmengine - INFO - paramwise_options -- auxiliary_head.2.norm.weight:lr_mult=10.0
11/19 22:04:11 - mmengine - INFO - paramwise_options -- auxiliary_head.2.norm.bias:lr=0.01
11/19 22:04:11 - mmengine - INFO - paramwise_options -- auxiliary_head.2.norm.bias:weight_decay=0.0
11/19 22:04:11 - mmengine - INFO - paramwise_options -- auxiliary_head.2.norm.bias:lr_mult=10.0
11/19 22:04:11 - mmengine - INFO - paramwise_options -- auxiliary_head.2.up_convs.0.0.conv.weight:lr=0.01
11/19 22:04:11 - mmengine - INFO - paramwise_options -- auxiliary_head.2.up_convs.0.0.conv.weight:weight_decay=0.0
11/19 22:04:11 - mmengine - INFO - paramwise_options -- auxiliary_head.2.up_convs.0.0.conv.weight:lr_mult=10.0
11/19 22:04:11 - mmengine - INFO - paramwise_options -- auxiliary_head.2.up_convs.0.0.bn.weight:lr=0.01
11/19 22:04:11 - mmengine - INFO - paramwise_options -- auxiliary_head.2.up_convs.0.0.bn.weight:weight_decay=0.0
11/19 22:04:11 - mmengine - INFO - paramwise_options -- auxiliary_head.2.up_convs.0.0.bn.weight:lr_mult=10.0
11/19 22:04:11 - mmengine - INFO - paramwise_options -- auxiliary_head.2.up_convs.0.0.bn.bias:lr=0.01
11/19 22:04:11 - mmengine - INFO - paramwise_options -- auxiliary_head.2.up_convs.0.0.bn.bias:weight_decay=0.0
11/19 22:04:11 - mmengine - INFO - paramwise_options -- auxiliary_head.2.up_convs.0.0.bn.bias:lr_mult=10.0
11/19 22:04:11 - mmengine - INFO - paramwise_options -- auxiliary_head.2.up_convs.1.0.conv.weight:lr=0.01
11/19 22:04:11 - mmengine - INFO - paramwise_options -- auxiliary_head.2.up_convs.1.0.conv.weight:weight_decay=0.0
11/19 22:04:11 - mmengine - INFO - paramwise_options -- auxiliary_head.2.up_convs.1.0.conv.weight:lr_mult=10.0
11/19 22:04:11 - mmengine - INFO - paramwise_options -- auxiliary_head.2.up_convs.1.0.bn.weight:lr=0.01
11/19 22:04:11 - mmengine - INFO - paramwise_options -- auxiliary_head.2.up_convs.1.0.bn.weight:weight_decay=0.0
11/19 22:04:11 - mmengine - INFO - paramwise_options -- auxiliary_head.2.up_convs.1.0.bn.weight:lr_mult=10.0
11/19 22:04:11 - mmengine - INFO - paramwise_options -- auxiliary_head.2.up_convs.1.0.bn.bias:lr=0.01
11/19 22:04:11 - mmengine - INFO - paramwise_options -- auxiliary_head.2.up_convs.1.0.bn.bias:weight_decay=0.0
11/19 22:04:11 - mmengine - INFO - paramwise_options -- auxiliary_head.2.up_convs.1.0.bn.bias:lr_mult=10.0
11/19 22:04:11 - mmengine - WARNING - The prefix is not set in metric class IoUMetric.
Loads checkpoint by local backend from path: pretrain/vit_large_p16.pth
Resize the pos_embed shape from torch.Size([1, 577, 1024]) to torch.Size([1, 1025, 1024])
The model and loaded state dict do not match exactly

unexpected key in source state_dict: ln1.bias, ln1.weight, patch_embed.projection.bias

11/19 22:04:13 - mmengine - WARNING - "FileClient" will be deprecated in future. Please use io functions in https://mmengine.readthedocs.io/en/latest/api/fileio.html#file-io
11/19 22:04:13 - mmengine - WARNING - "HardDiskBackend" is the alias of "LocalBackend" and the former will be deprecated in future.
11/19 22:04:13 - mmengine - INFO - Checkpoints will be saved to /home/s1952889/final-project/implementation/mmsegmentation/work_dirs/setr_vit-l_pup_8xb2-160k_ade20k-512x512.
11/19 22:05:12 - mmengine - INFO - Iter(train) [    50/160000]  base_lr: 9.9975e-04 lr: 9.9975e-04  eta: 2 days, 3:53:28  time: 1.1456  data_time: 0.0089  memory: 26463  loss: 6.1046  decode.loss_ce: 2.7146  decode.acc_seg: 10.5896  aux_0.loss_ce: 1.1402  aux_0.acc_seg: 6.4066  aux_1.loss_ce: 1.1208  aux_1.acc_seg: 8.1923  aux_2.loss_ce: 1.1290  aux_2.acc_seg: 7.5892
11/19 22:06:09 - mmengine - INFO - Iter(train) [   100/160000]  base_lr: 9.9950e-04 lr: 9.9950e-04  eta: 2 days, 3:22:26  time: 1.1480  data_time: 0.0098  memory: 26463  loss: 5.0643  decode.loss_ce: 2.2335  decode.acc_seg: 61.0414  aux_0.loss_ce: 0.9647  aux_0.acc_seg: 54.9811  aux_1.loss_ce: 0.9290  aux_1.acc_seg: 62.8356  aux_2.loss_ce: 0.9372  aux_2.acc_seg: 58.2975
11/19 22:07:07 - mmengine - INFO - Iter(train) [   150/160000]  base_lr: 9.9925e-04 lr: 9.9925e-04  eta: 2 days, 3:14:43  time: 1.1488  data_time: 0.0095  memory: 26463  loss: 4.7356  decode.loss_ce: 2.0859  decode.acc_seg: 41.8333  aux_0.loss_ce: 0.9210  aux_0.acc_seg: 37.9091  aux_1.loss_ce: 0.8608  aux_1.acc_seg: 39.0475  aux_2.loss_ce: 0.8679  aux_2.acc_seg: 39.1919
11/19 22:08:04 - mmengine - INFO - Iter(train) [   200/160000]  base_lr: 9.9899e-04 lr: 9.9899e-04  eta: 2 days, 3:11:55  time: 1.1523  data_time: 0.0094  memory: 26463  loss: 4.0465  decode.loss_ce: 1.7871  decode.acc_seg: 54.5778  aux_0.loss_ce: 0.7919  aux_0.acc_seg: 50.3322  aux_1.loss_ce: 0.7290  aux_1.acc_seg: 54.5772  aux_2.loss_ce: 0.7385  aux_2.acc_seg: 55.5930
11/19 22:09:02 - mmengine - INFO - Iter(train) [   250/160000]  base_lr: 9.9874e-04 lr: 9.9874e-04  eta: 2 days, 3:10:18  time: 1.1532  data_time: 0.0094  memory: 26464  loss: 4.7469  decode.loss_ce: 2.1350  decode.acc_seg: 45.3899  aux_0.loss_ce: 0.9046  aux_0.acc_seg: 50.1465  aux_1.loss_ce: 0.8486  aux_1.acc_seg: 51.8001  aux_2.loss_ce: 0.8587  aux_2.acc_seg: 49.1181
11/19 22:09:59 - mmengine - INFO - Iter(train) [   300/160000]  base_lr: 9.9849e-04 lr: 9.9849e-04  eta: 2 days, 3:09:05  time: 1.1521  data_time: 0.0099  memory: 26463  loss: 4.0522  decode.loss_ce: 1.8036  decode.acc_seg: 56.9468  aux_0.loss_ce: 0.7767  aux_0.acc_seg: 44.9674  aux_1.loss_ce: 0.7360  aux_1.acc_seg: 41.8913  aux_2.loss_ce: 0.7359  aux_2.acc_seg: 50.7036
11/19 22:10:57 - mmengine - INFO - Iter(train) [   350/160000]  base_lr: 9.9823e-04 lr: 9.9823e-04  eta: 2 days, 3:07:52  time: 1.1509  data_time: 0.0095  memory: 26463  loss: 3.9112  decode.loss_ce: 1.6955  decode.acc_seg: 59.4976  aux_0.loss_ce: 0.7864  aux_0.acc_seg: 53.5008  aux_1.loss_ce: 0.7180  aux_1.acc_seg: 54.6332  aux_2.loss_ce: 0.7112  aux_2.acc_seg: 57.0988
11/19 22:11:54 - mmengine - INFO - Iter(train) [   400/160000]  base_lr: 9.9798e-04 lr: 9.9798e-04  eta: 2 days, 3:05:46  time: 1.1493  data_time: 0.0093  memory: 26463  loss: 2.8043  decode.loss_ce: 1.2369  decode.acc_seg: 68.4540  aux_0.loss_ce: 0.5686  aux_0.acc_seg: 70.0702  aux_1.loss_ce: 0.4949  aux_1.acc_seg: 72.8439  aux_2.loss_ce: 0.5038  aux_2.acc_seg: 71.3781
11/19 22:12:52 - mmengine - INFO - Iter(train) [   450/160000]  base_lr: 9.9773e-04 lr: 9.9773e-04  eta: 2 days, 3:03:32  time: 1.1471  data_time: 0.0094  memory: 26463  loss: 3.5279  decode.loss_ce: 1.5197  decode.acc_seg: 73.1119  aux_0.loss_ce: 0.7326  aux_0.acc_seg: 68.1939  aux_1.loss_ce: 0.6482  aux_1.acc_seg: 70.4683  aux_2.loss_ce: 0.6274  aux_2.acc_seg: 74.6884
11/19 22:13:49 - mmengine - INFO - Iter(train) [   500/160000]  base_lr: 9.9747e-04 lr: 9.9747e-04  eta: 2 days, 3:02:01  time: 1.1491  data_time: 0.0095  memory: 26463  loss: 3.4353  decode.loss_ce: 1.5255  decode.acc_seg: 59.4775  aux_0.loss_ce: 0.6880  aux_0.acc_seg: 62.0523  aux_1.loss_ce: 0.6173  aux_1.acc_seg: 58.9823  aux_2.loss_ce: 0.6044  aux_2.acc_seg: 60.2839
11/19 22:14:47 - mmengine - INFO - Iter(train) [   550/160000]  base_lr: 9.9722e-04 lr: 9.9722e-04  eta: 2 days, 3:00:49  time: 1.1514  data_time: 0.0096  memory: 26463  loss: 3.2190  decode.loss_ce: 1.4196  decode.acc_seg: 64.2381  aux_0.loss_ce: 0.6606  aux_0.acc_seg: 55.1571  aux_1.loss_ce: 0.5750  aux_1.acc_seg: 67.2308  aux_2.loss_ce: 0.5638  aux_2.acc_seg: 71.8861
11/19 22:15:44 - mmengine - INFO - Iter(train) [   600/160000]  base_lr: 9.9697e-04 lr: 9.9697e-04  eta: 2 days, 2:59:17  time: 1.1490  data_time: 0.0094  memory: 26463  loss: 3.3387  decode.loss_ce: 1.4944  decode.acc_seg: 66.9961  aux_0.loss_ce: 0.6739  aux_0.acc_seg: 63.8340  aux_1.loss_ce: 0.5907  aux_1.acc_seg: 72.0485  aux_2.loss_ce: 0.5798  aux_2.acc_seg: 74.5015
11/19 22:16:42 - mmengine - INFO - Iter(train) [   650/160000]  base_lr: 9.9671e-04 lr: 9.9671e-04  eta: 2 days, 2:57:55  time: 1.1501  data_time: 0.0088  memory: 26463  loss: 2.7450  decode.loss_ce: 1.2386  decode.acc_seg: 87.4928  aux_0.loss_ce: 0.5472  aux_0.acc_seg: 86.9621  aux_1.loss_ce: 0.4841  aux_1.acc_seg: 88.6137  aux_2.loss_ce: 0.4752  aux_2.acc_seg: 88.6278
11/19 22:17:39 - mmengine - INFO - Iter(train) [   700/160000]  base_lr: 9.9646e-04 lr: 9.9646e-04  eta: 2 days, 2:56:25  time: 1.1477  data_time: 0.0095  memory: 26463  loss: 3.2439  decode.loss_ce: 1.4417  decode.acc_seg: 71.7358  aux_0.loss_ce: 0.6515  aux_0.acc_seg: 68.0831  aux_1.loss_ce: 0.5785  aux_1.acc_seg: 70.8595  aux_2.loss_ce: 0.5723  aux_2.acc_seg: 72.2048
11/19 22:18:37 - mmengine - INFO - Iter(train) [   750/160000]  base_lr: 9.9621e-04 lr: 9.9621e-04  eta: 2 days, 2:55:11  time: 1.1497  data_time: 0.0093  memory: 26463  loss: 2.8038  decode.loss_ce: 1.2410  decode.acc_seg: 79.9547  aux_0.loss_ce: 0.5730  aux_0.acc_seg: 75.0013  aux_1.loss_ce: 0.4964  aux_1.acc_seg: 80.9632  aux_2.loss_ce: 0.4935  aux_2.acc_seg: 80.4145
11/19 22:19:34 - mmengine - INFO - Iter(train) [   800/160000]  base_lr: 9.9595e-04 lr: 9.9595e-04  eta: 2 days, 2:53:53  time: 1.1497  data_time: 0.0094  memory: 26463  loss: 3.3494  decode.loss_ce: 1.4670  decode.acc_seg: 52.1408  aux_0.loss_ce: 0.6821  aux_0.acc_seg: 36.9525  aux_1.loss_ce: 0.6023  aux_1.acc_seg: 43.8483  aux_2.loss_ce: 0.5979  aux_2.acc_seg: 49.1831
11/19 22:20:32 - mmengine - INFO - Iter(train) [   850/160000]  base_lr: 9.9570e-04 lr: 9.9570e-04  eta: 2 days, 2:52:39  time: 1.1495  data_time: 0.0095  memory: 26463  loss: 2.7339  decode.loss_ce: 1.2149  decode.acc_seg: 83.6858  aux_0.loss_ce: 0.5606  aux_0.acc_seg: 81.4650  aux_1.loss_ce: 0.4792  aux_1.acc_seg: 84.7660  aux_2.loss_ce: 0.4792  aux_2.acc_seg: 81.9578
11/19 22:21:29 - mmengine - INFO - Iter(train) [   900/160000]  base_lr: 9.9545e-04 lr: 9.9545e-04  eta: 2 days, 2:51:26  time: 1.1491  data_time: 0.0093  memory: 26463  loss: 2.6393  decode.loss_ce: 1.1241  decode.acc_seg: 58.0850  aux_0.loss_ce: 0.5658  aux_0.acc_seg: 59.7953  aux_1.loss_ce: 0.4774  aux_1.acc_seg: 59.5330  aux_2.loss_ce: 0.4720  aux_2.acc_seg: 61.0934
11/19 22:22:27 - mmengine - INFO - Iter(train) [   950/160000]  base_lr: 9.9519e-04 lr: 9.9519e-04  eta: 2 days, 2:50:15  time: 1.1501  data_time: 0.0094  memory: 26463  loss: 2.9294  decode.loss_ce: 1.2950  decode.acc_seg: 66.8677  aux_0.loss_ce: 0.5964  aux_0.acc_seg: 49.8272  aux_1.loss_ce: 0.5265  aux_1.acc_seg: 55.4220  aux_2.loss_ce: 0.5115  aux_2.acc_seg: 59.2266
11/19 22:23:24 - mmengine - INFO - Exp name: setr_vit-l_pup_8xb2-160k_ade20k-512x512_20231119_220403
11/19 22:23:24 - mmengine - INFO - Iter(train) [  1000/160000]  base_lr: 9.9494e-04 lr: 9.9494e-04  eta: 2 days, 2:49:05  time: 1.1489  data_time: 0.0093  memory: 26463  loss: 2.5938  decode.loss_ce: 1.1375  decode.acc_seg: 59.7490  aux_0.loss_ce: 0.5357  aux_0.acc_seg: 52.0910  aux_1.loss_ce: 0.4649  aux_1.acc_seg: 61.8218  aux_2.loss_ce: 0.4556  aux_2.acc_seg: 61.5962
11/19 22:24:22 - mmengine - INFO - Iter(train) [  1050/160000]  base_lr: 9.9469e-04 lr: 9.9469e-04  eta: 2 days, 2:47:54  time: 1.1494  data_time: 0.0093  memory: 26463  loss: 3.2320  decode.loss_ce: 1.4543  decode.acc_seg: 56.9789  aux_0.loss_ce: 0.6419  aux_0.acc_seg: 50.3743  aux_1.loss_ce: 0.5690  aux_1.acc_seg: 57.2601  aux_2.loss_ce: 0.5669  aux_2.acc_seg: 57.7225
11/19 22:25:19 - mmengine - INFO - Iter(train) [  1100/160000]  base_lr: 9.9443e-04 lr: 9.9443e-04  eta: 2 days, 2:46:40  time: 1.1483  data_time: 0.0092  memory: 26463  loss: 2.9925  decode.loss_ce: 1.2990  decode.acc_seg: 67.6893  aux_0.loss_ce: 0.6355  aux_0.acc_seg: 64.6528  aux_1.loss_ce: 0.5344  aux_1.acc_seg: 71.5533  aux_2.loss_ce: 0.5237  aux_2.acc_seg: 73.3976
11/19 22:26:16 - mmengine - INFO - Iter(train) [  1150/160000]  base_lr: 9.9418e-04 lr: 9.9418e-04  eta: 2 days, 2:45:33  time: 1.1491  data_time: 0.0093  memory: 26463  loss: 2.6379  decode.loss_ce: 1.1531  decode.acc_seg: 60.2595  aux_0.loss_ce: 0.5398  aux_0.acc_seg: 57.3707  aux_1.loss_ce: 0.4755  aux_1.acc_seg: 60.6799  aux_2.loss_ce: 0.4695  aux_2.acc_seg: 62.3325
11/19 22:27:14 - mmengine - INFO - Iter(train) [  1200/160000]  base_lr: 9.9393e-04 lr: 9.9393e-04  eta: 2 days, 2:44:21  time: 1.1490  data_time: 0.0095  memory: 26463  loss: 2.3787  decode.loss_ce: 0.9989  decode.acc_seg: 62.8043  aux_0.loss_ce: 0.5330  aux_0.acc_seg: 52.9979  aux_1.loss_ce: 0.4299  aux_1.acc_seg: 60.7544  aux_2.loss_ce: 0.4169  aux_2.acc_seg: 60.8100
11/19 22:28:11 - mmengine - INFO - Iter(train) [  1250/160000]  base_lr: 9.9367e-04 lr: 9.9367e-04  eta: 2 days, 2:43:01  time: 1.1449  data_time: 0.0085  memory: 26463  loss: 1.9910  decode.loss_ce: 0.8534  decode.acc_seg: 78.7870  aux_0.loss_ce: 0.4256  aux_0.acc_seg: 69.7577  aux_1.loss_ce: 0.3593  aux_1.acc_seg: 75.5814  aux_2.loss_ce: 0.3527  aux_2.acc_seg: 74.7296
11/19 22:29:09 - mmengine - INFO - Iter(train) [  1300/160000]  base_lr: 9.9342e-04 lr: 9.9342e-04  eta: 2 days, 2:41:49  time: 1.1474  data_time: 0.0085  memory: 26463  loss: 2.5743  decode.loss_ce: 1.1215  decode.acc_seg: 54.5092  aux_0.loss_ce: 0.5574  aux_0.acc_seg: 58.3972  aux_1.loss_ce: 0.4492  aux_1.acc_seg: 61.8716  aux_2.loss_ce: 0.4462  aux_2.acc_seg: 63.3437
11/19 22:30:06 - mmengine - INFO - Iter(train) [  1350/160000]  base_lr: 9.9317e-04 lr: 9.9317e-04  eta: 2 days, 2:40:36  time: 1.1466  data_time: 0.0085  memory: 26463  loss: 3.2116  decode.loss_ce: 1.4187  decode.acc_seg: 45.6644  aux_0.loss_ce: 0.6465  aux_0.acc_seg: 39.7724  aux_1.loss_ce: 0.5759  aux_1.acc_seg: 48.8029  aux_2.loss_ce: 0.5705  aux_2.acc_seg: 48.7699
11/19 22:31:03 - mmengine - INFO - Iter(train) [  1400/160000]  base_lr: 9.9291e-04 lr: 9.9291e-04  eta: 2 days, 2:39:37  time: 1.1494  data_time: 0.0086  memory: 26463  loss: 3.2530  decode.loss_ce: 1.4856  decode.acc_seg: 68.2404  aux_0.loss_ce: 0.6171  aux_0.acc_seg: 66.8872  aux_1.loss_ce: 0.5881  aux_1.acc_seg: 68.8151  aux_2.loss_ce: 0.5622  aux_2.acc_seg: 68.8937
11/19 22:32:01 - mmengine - INFO - Iter(train) [  1450/160000]  base_lr: 9.9266e-04 lr: 9.9266e-04  eta: 2 days, 2:38:30  time: 1.1479  data_time: 0.0086  memory: 26462  loss: 2.4401  decode.loss_ce: 1.0783  decode.acc_seg: 70.3755  aux_0.loss_ce: 0.5124  aux_0.acc_seg: 67.6040  aux_1.loss_ce: 0.4311  aux_1.acc_seg: 71.3704  aux_2.loss_ce: 0.4183  aux_2.acc_seg: 70.1410
11/19 22:32:58 - mmengine - INFO - Iter(train) [  1500/160000]  base_lr: 9.9241e-04 lr: 9.9241e-04  eta: 2 days, 2:37:22  time: 1.1482  data_time: 0.0087  memory: 26463  loss: 2.2237  decode.loss_ce: 0.9700  decode.acc_seg: 75.0953  aux_0.loss_ce: 0.4678  aux_0.acc_seg: 74.2942  aux_1.loss_ce: 0.3887  aux_1.acc_seg: 79.3590  aux_2.loss_ce: 0.3972  aux_2.acc_seg: 74.6618
11/19 22:33:56 - mmengine - INFO - Iter(train) [  1550/160000]  base_lr: 9.9215e-04 lr: 9.9215e-04  eta: 2 days, 2:36:17  time: 1.1487  data_time: 0.0087  memory: 26463  loss: 3.1502  decode.loss_ce: 1.3531  decode.acc_seg: 50.7305  aux_0.loss_ce: 0.6637  aux_0.acc_seg: 48.4039  aux_1.loss_ce: 0.5789  aux_1.acc_seg: 50.0704  aux_2.loss_ce: 0.5544  aux_2.acc_seg: 50.5529
11/19 22:34:53 - mmengine - INFO - Iter(train) [  1600/160000]  base_lr: 9.9190e-04 lr: 9.9190e-04  eta: 2 days, 2:35:22  time: 1.1476  data_time: 0.0086  memory: 26463  loss: 2.2498  decode.loss_ce: 0.9775  decode.acc_seg: 83.0124  aux_0.loss_ce: 0.4967  aux_0.acc_seg: 77.2355  aux_1.loss_ce: 0.3983  aux_1.acc_seg: 86.4221  aux_2.loss_ce: 0.3773  aux_2.acc_seg: 84.9212
11/19 22:35:51 - mmengine - INFO - Iter(train) [  1650/160000]  base_lr: 9.9165e-04 lr: 9.9165e-04  eta: 2 days, 2:34:17  time: 1.1477  data_time: 0.0085  memory: 26463  loss: 2.5389  decode.loss_ce: 1.1657  decode.acc_seg: 49.1918  aux_0.loss_ce: 0.5174  aux_0.acc_seg: 61.5378  aux_1.loss_ce: 0.4335  aux_1.acc_seg: 59.9621  aux_2.loss_ce: 0.4223  aux_2.acc_seg: 57.7006
11/19 22:36:48 - mmengine - INFO - Iter(train) [  1700/160000]  base_lr: 9.9139e-04 lr: 9.9139e-04  eta: 2 days, 2:33:07  time: 1.1465  data_time: 0.0084  memory: 26463  loss: 2.1813  decode.loss_ce: 0.9560  decode.acc_seg: 88.4705  aux_0.loss_ce: 0.4545  aux_0.acc_seg: 86.9051  aux_1.loss_ce: 0.3892  aux_1.acc_seg: 89.4434  aux_2.loss_ce: 0.3816  aux_2.acc_seg: 87.2635
11/19 22:37:45 - mmengine - INFO - Iter(train) [  1750/160000]  base_lr: 9.9114e-04 lr: 9.9114e-04  eta: 2 days, 2:32:00  time: 1.1482  data_time: 0.0086  memory: 26463  loss: 2.5795  decode.loss_ce: 1.1083  decode.acc_seg: 76.6673  aux_0.loss_ce: 0.5602  aux_0.acc_seg: 78.7994  aux_1.loss_ce: 0.4590  aux_1.acc_seg: 81.9709  aux_2.loss_ce: 0.4521  aux_2.acc_seg: 77.4253
11/19 22:38:43 - mmengine - INFO - Iter(train) [  1800/160000]  base_lr: 9.9089e-04 lr: 9.9089e-04  eta: 2 days, 2:30:53  time: 1.1490  data_time: 0.0086  memory: 26463  loss: 3.2400  decode.loss_ce: 1.4299  decode.acc_seg: 67.6548  aux_0.loss_ce: 0.6665  aux_0.acc_seg: 70.1036  aux_1.loss_ce: 0.5722  aux_1.acc_seg: 73.8312  aux_2.loss_ce: 0.5714  aux_2.acc_seg: 73.3335
11/19 22:39:40 - mmengine - INFO - Iter(train) [  1850/160000]  base_lr: 9.9063e-04 lr: 9.9063e-04  eta: 2 days, 2:29:46  time: 1.1487  data_time: 0.0086  memory: 26463  loss: 2.6289  decode.loss_ce: 1.0962  decode.acc_seg: 71.7310  aux_0.loss_ce: 0.5826  aux_0.acc_seg: 64.8842  aux_1.loss_ce: 0.4833  aux_1.acc_seg: 72.8493  aux_2.loss_ce: 0.4669  aux_2.acc_seg: 73.3772
11/19 22:40:37 - mmengine - INFO - Iter(train) [  1900/160000]  base_lr: 9.9038e-04 lr: 9.9038e-04  eta: 2 days, 2:28:41  time: 1.1478  data_time: 0.0086  memory: 26463  loss: 2.5736  decode.loss_ce: 1.1291  decode.acc_seg: 51.6884  aux_0.loss_ce: 0.5472  aux_0.acc_seg: 45.9213  aux_1.loss_ce: 0.4586  aux_1.acc_seg: 51.1485  aux_2.loss_ce: 0.4387  aux_2.acc_seg: 50.7862
11/19 22:41:35 - mmengine - INFO - Iter(train) [  1950/160000]  base_lr: 9.9013e-04 lr: 9.9013e-04  eta: 2 days, 2:27:37  time: 1.1485  data_time: 0.0093  memory: 26463  loss: 2.8762  decode.loss_ce: 1.2650  decode.acc_seg: 59.7819  aux_0.loss_ce: 0.5916  aux_0.acc_seg: 61.2885  aux_1.loss_ce: 0.5156  aux_1.acc_seg: 63.6876  aux_2.loss_ce: 0.5040  aux_2.acc_seg: 62.8131
11/19 22:42:32 - mmengine - INFO - Exp name: setr_vit-l_pup_8xb2-160k_ade20k-512x512_20231119_220403
11/19 22:42:32 - mmengine - INFO - Iter(train) [  2000/160000]  base_lr: 9.8987e-04 lr: 9.8987e-04  eta: 2 days, 2:26:29  time: 1.1469  data_time: 0.0094  memory: 26463  loss: 2.4878  decode.loss_ce: 1.0678  decode.acc_seg: 73.2846  aux_0.loss_ce: 0.5435  aux_0.acc_seg: 55.8233  aux_1.loss_ce: 0.4427  aux_1.acc_seg: 76.2041  aux_2.loss_ce: 0.4338  aux_2.acc_seg: 79.5830
11/19 22:43:29 - mmengine - INFO - Iter(train) [  2050/160000]  base_lr: 9.8962e-04 lr: 9.8962e-04  eta: 2 days, 2:25:24  time: 1.1480  data_time: 0.0093  memory: 26463  loss: 2.6352  decode.loss_ce: 1.1801  decode.acc_seg: 68.2540  aux_0.loss_ce: 0.5334  aux_0.acc_seg: 66.9819  aux_1.loss_ce: 0.4650  aux_1.acc_seg: 67.8408  aux_2.loss_ce: 0.4567  aux_2.acc_seg: 68.8237
11/19 22:44:27 - mmengine - INFO - Iter(train) [  2100/160000]  base_lr: 9.8937e-04 lr: 9.8937e-04  eta: 2 days, 2:24:22  time: 1.1486  data_time: 0.0094  memory: 26463  loss: 2.0846  decode.loss_ce: 0.8859  decode.acc_seg: 44.3606  aux_0.loss_ce: 0.4679  aux_0.acc_seg: 55.3446  aux_1.loss_ce: 0.3735  aux_1.acc_seg: 65.3736  aux_2.loss_ce: 0.3572  aux_2.acc_seg: 58.0875
11/19 22:45:24 - mmengine - INFO - Iter(train) [  2150/160000]  base_lr: 9.8911e-04 lr: 9.8911e-04  eta: 2 days, 2:23:18  time: 1.1477  data_time: 0.0094  memory: 26463  loss: 2.6060  decode.loss_ce: 1.0909  decode.acc_seg: 63.2813  aux_0.loss_ce: 0.5780  aux_0.acc_seg: 55.2835  aux_1.loss_ce: 0.4846  aux_1.acc_seg: 63.4367  aux_2.loss_ce: 0.4526  aux_2.acc_seg: 67.7199
11/19 22:46:22 - mmengine - INFO - Iter(train) [  2200/160000]  base_lr: 9.8886e-04 lr: 9.8886e-04  eta: 2 days, 2:22:17  time: 1.1467  data_time: 0.0088  memory: 26463  loss: 3.0053  decode.loss_ce: 1.3411  decode.acc_seg: 70.2246  aux_0.loss_ce: 0.6128  aux_0.acc_seg: 63.1438  aux_1.loss_ce: 0.5308  aux_1.acc_seg: 65.9168  aux_2.loss_ce: 0.5207  aux_2.acc_seg: 67.5927
11/19 22:47:19 - mmengine - INFO - Iter(train) [  2250/160000]  base_lr: 9.8861e-04 lr: 9.8861e-04  eta: 2 days, 2:21:14  time: 1.1464  data_time: 0.0088  memory: 26463  loss: 2.5290  decode.loss_ce: 1.0748  decode.acc_seg: 63.6864  aux_0.loss_ce: 0.5457  aux_0.acc_seg: 67.7574  aux_1.loss_ce: 0.4612  aux_1.acc_seg: 66.7013  aux_2.loss_ce: 0.4473  aux_2.acc_seg: 67.1636
11/19 22:48:16 - mmengine - INFO - Iter(train) [  2300/160000]  base_lr: 9.8835e-04 lr: 9.8835e-04  eta: 2 days, 2:20:10  time: 1.1479  data_time: 0.0094  memory: 26463  loss: 2.3142  decode.loss_ce: 1.0144  decode.acc_seg: 68.1145  aux_0.loss_ce: 0.4894  aux_0.acc_seg: 60.5512  aux_1.loss_ce: 0.4148  aux_1.acc_seg: 69.9592  aux_2.loss_ce: 0.3956  aux_2.acc_seg: 68.4260
11/19 22:49:14 - mmengine - INFO - Iter(train) [  2350/160000]  base_lr: 9.8810e-04 lr: 9.8810e-04  eta: 2 days, 2:19:08  time: 1.1470  data_time: 0.0093  memory: 26463  loss: 2.3189  decode.loss_ce: 0.9986  decode.acc_seg: 47.3394  aux_0.loss_ce: 0.4951  aux_0.acc_seg: 43.6195  aux_1.loss_ce: 0.4186  aux_1.acc_seg: 46.9216  aux_2.loss_ce: 0.4066  aux_2.acc_seg: 49.1571
11/19 22:50:11 - mmengine - INFO - Iter(train) [  2400/160000]  base_lr: 9.8785e-04 lr: 9.8785e-04  eta: 2 days, 2:18:07  time: 1.1491  data_time: 0.0096  memory: 26463  loss: 2.0466  decode.loss_ce: 0.8861  decode.acc_seg: 64.8734  aux_0.loss_ce: 0.4385  aux_0.acc_seg: 60.6159  aux_1.loss_ce: 0.3681  aux_1.acc_seg: 66.4261  aux_2.loss_ce: 0.3539  aux_2.acc_seg: 67.1279
11/19 22:51:09 - mmengine - INFO - Iter(train) [  2450/160000]  base_lr: 9.8759e-04 lr: 9.8759e-04  eta: 2 days, 2:17:04  time: 1.1478  data_time: 0.0099  memory: 26463  loss: 2.1073  decode.loss_ce: 0.9145  decode.acc_seg: 66.2699  aux_0.loss_ce: 0.4469  aux_0.acc_seg: 75.2067  aux_1.loss_ce: 0.3736  aux_1.acc_seg: 69.8121  aux_2.loss_ce: 0.3723  aux_2.acc_seg: 68.2207
11/19 22:52:06 - mmengine - INFO - Iter(train) [  2500/160000]  base_lr: 9.8734e-04 lr: 9.8734e-04  eta: 2 days, 2:16:05  time: 1.1483  data_time: 0.0097  memory: 26463  loss: 1.7248  decode.loss_ce: 0.7473  decode.acc_seg: 51.6402  aux_0.loss_ce: 0.3841  aux_0.acc_seg: 65.0705  aux_1.loss_ce: 0.3052  aux_1.acc_seg: 59.0792  aux_2.loss_ce: 0.2881  aux_2.acc_seg: 57.1671
11/19 22:53:03 - mmengine - INFO - Iter(train) [  2550/160000]  base_lr: 9.8709e-04 lr: 9.8709e-04  eta: 2 days, 2:15:03  time: 1.1479  data_time: 0.0093  memory: 26463  loss: 2.4748  decode.loss_ce: 1.0851  decode.acc_seg: 66.3968  aux_0.loss_ce: 0.5174  aux_0.acc_seg: 66.9934  aux_1.loss_ce: 0.4406  aux_1.acc_seg: 63.6627  aux_2.loss_ce: 0.4317  aux_2.acc_seg: 66.7666
11/19 22:54:01 - mmengine - INFO - Iter(train) [  2600/160000]  base_lr: 9.8683e-04 lr: 9.8683e-04  eta: 2 days, 2:14:02  time: 1.1471  data_time: 0.0094  memory: 26463  loss: 2.6426  decode.loss_ce: 1.1181  decode.acc_seg: 66.5427  aux_0.loss_ce: 0.5813  aux_0.acc_seg: 65.0921  aux_1.loss_ce: 0.4833  aux_1.acc_seg: 65.9754  aux_2.loss_ce: 0.4600  aux_2.acc_seg: 67.2688
11/19 22:54:58 - mmengine - INFO - Iter(train) [  2650/160000]  base_lr: 9.8658e-04 lr: 9.8658e-04  eta: 2 days, 2:13:02  time: 1.1482  data_time: 0.0093  memory: 26463  loss: 2.4872  decode.loss_ce: 1.0561  decode.acc_seg: 58.7936  aux_0.loss_ce: 0.5400  aux_0.acc_seg: 45.6032  aux_1.loss_ce: 0.4533  aux_1.acc_seg: 50.3203  aux_2.loss_ce: 0.4379  aux_2.acc_seg: 51.2637
11/19 22:55:56 - mmengine - INFO - Iter(train) [  2700/160000]  base_lr: 9.8632e-04 lr: 9.8632e-04  eta: 2 days, 2:12:00  time: 1.1467  data_time: 0.0092  memory: 26463  loss: 2.2242  decode.loss_ce: 0.9707  decode.acc_seg: 51.2058  aux_0.loss_ce: 0.4578  aux_0.acc_seg: 51.5955  aux_1.loss_ce: 0.3966  aux_1.acc_seg: 62.8843  aux_2.loss_ce: 0.3991  aux_2.acc_seg: 67.2513
11/19 22:56:53 - mmengine - INFO - Iter(train) [  2750/160000]  base_lr: 9.8607e-04 lr: 9.8607e-04  eta: 2 days, 2:10:57  time: 1.1466  data_time: 0.0093  memory: 26463  loss: 2.5319  decode.loss_ce: 1.1024  decode.acc_seg: 57.0950  aux_0.loss_ce: 0.5256  aux_0.acc_seg: 54.1030  aux_1.loss_ce: 0.4603  aux_1.acc_seg: 55.1942  aux_2.loss_ce: 0.4437  aux_2.acc_seg: 56.5886
11/19 22:57:50 - mmengine - INFO - Iter(train) [  2800/160000]  base_lr: 9.8582e-04 lr: 9.8582e-04  eta: 2 days, 2:09:58  time: 1.1487  data_time: 0.0093  memory: 26463  loss: 2.3224  decode.loss_ce: 1.0335  decode.acc_seg: 66.5686  aux_0.loss_ce: 0.4843  aux_0.acc_seg: 60.4102  aux_1.loss_ce: 0.4079  aux_1.acc_seg: 62.0196  aux_2.loss_ce: 0.3967  aux_2.acc_seg: 68.6476
11/19 22:58:48 - mmengine - INFO - Iter(train) [  2850/160000]  base_lr: 9.8556e-04 lr: 9.8556e-04  eta: 2 days, 2:08:56  time: 1.1469  data_time: 0.0092  memory: 26463  loss: 2.1345  decode.loss_ce: 0.9298  decode.acc_seg: 64.5460  aux_0.loss_ce: 0.4634  aux_0.acc_seg: 72.4367  aux_1.loss_ce: 0.3824  aux_1.acc_seg: 63.9593  aux_2.loss_ce: 0.3589  aux_2.acc_seg: 65.9704
11/19 22:59:45 - mmengine - INFO - Iter(train) [  2900/160000]  base_lr: 9.8531e-04 lr: 9.8531e-04  eta: 2 days, 2:07:53  time: 1.1458  data_time: 0.0092  memory: 26463  loss: 2.7679  decode.loss_ce: 1.2527  decode.acc_seg: 54.8292  aux_0.loss_ce: 0.5712  aux_0.acc_seg: 45.4905  aux_1.loss_ce: 0.4782  aux_1.acc_seg: 66.8407  aux_2.loss_ce: 0.4656  aux_2.acc_seg: 62.8028
11/19 23:00:42 - mmengine - INFO - Iter(train) [  2950/160000]  base_lr: 9.8506e-04 lr: 9.8506e-04  eta: 2 days, 2:06:51  time: 1.1464  data_time: 0.0093  memory: 26463  loss: 2.4466  decode.loss_ce: 1.0913  decode.acc_seg: 66.2967  aux_0.loss_ce: 0.5009  aux_0.acc_seg: 58.2558  aux_1.loss_ce: 0.4341  aux_1.acc_seg: 60.4956  aux_2.loss_ce: 0.4201  aux_2.acc_seg: 63.8676
11/19 23:01:40 - mmengine - INFO - Exp name: setr_vit-l_pup_8xb2-160k_ade20k-512x512_20231119_220403
11/19 23:01:40 - mmengine - INFO - Iter(train) [  3000/160000]  base_lr: 9.8480e-04 lr: 9.8480e-04  eta: 2 days, 2:05:48  time: 1.1455  data_time: 0.0094  memory: 26463  loss: 1.9163  decode.loss_ce: 0.8568  decode.acc_seg: 71.0445  aux_0.loss_ce: 0.3998  aux_0.acc_seg: 61.9205  aux_1.loss_ce: 0.3337  aux_1.acc_seg: 73.0551  aux_2.loss_ce: 0.3260  aux_2.acc_seg: 74.3379
11/19 23:02:37 - mmengine - INFO - Iter(train) [  3050/160000]  base_lr: 9.8455e-04 lr: 9.8455e-04  eta: 2 days, 2:04:43  time: 1.1458  data_time: 0.0094  memory: 26463  loss: 2.3943  decode.loss_ce: 1.0432  decode.acc_seg: 61.7039  aux_0.loss_ce: 0.5233  aux_0.acc_seg: 46.3324  aux_1.loss_ce: 0.4217  aux_1.acc_seg: 53.4966  aux_2.loss_ce: 0.4061  aux_2.acc_seg: 56.0781
11/19 23:03:34 - mmengine - INFO - Iter(train) [  3100/160000]  base_lr: 9.8430e-04 lr: 9.8430e-04  eta: 2 days, 2:03:41  time: 1.1467  data_time: 0.0093  memory: 26463  loss: 2.4565  decode.loss_ce: 1.0724  decode.acc_seg: 61.6219  aux_0.loss_ce: 0.5090  aux_0.acc_seg: 62.8606  aux_1.loss_ce: 0.4375  aux_1.acc_seg: 64.1701  aux_2.loss_ce: 0.4376  aux_2.acc_seg: 64.7278
11/19 23:04:32 - mmengine - INFO - Iter(train) [  3150/160000]  base_lr: 9.8404e-04 lr: 9.8404e-04  eta: 2 days, 2:02:39  time: 1.1455  data_time: 0.0094  memory: 26464  loss: 2.1442  decode.loss_ce: 0.9629  decode.acc_seg: 83.3417  aux_0.loss_ce: 0.4405  aux_0.acc_seg: 80.6491  aux_1.loss_ce: 0.3801  aux_1.acc_seg: 83.6619  aux_2.loss_ce: 0.3608  aux_2.acc_seg: 84.3706
11/19 23:05:29 - mmengine - INFO - Iter(train) [  3200/160000]  base_lr: 9.8379e-04 lr: 9.8379e-04  eta: 2 days, 2:01:35  time: 1.1466  data_time: 0.0093  memory: 26463  loss: 2.3021  decode.loss_ce: 0.9726  decode.acc_seg: 70.4732  aux_0.loss_ce: 0.4973  aux_0.acc_seg: 64.5867  aux_1.loss_ce: 0.4226  aux_1.acc_seg: 72.5228  aux_2.loss_ce: 0.4097  aux_2.acc_seg: 75.3796
11/19 23:06:26 - mmengine - INFO - Iter(train) [  3250/160000]  base_lr: 9.8354e-04 lr: 9.8354e-04  eta: 2 days, 2:00:35  time: 1.1474  data_time: 0.0095  memory: 26463  loss: 1.9334  decode.loss_ce: 0.8563  decode.acc_seg: 77.1196  aux_0.loss_ce: 0.4026  aux_0.acc_seg: 76.6170  aux_1.loss_ce: 0.3400  aux_1.acc_seg: 81.3594  aux_2.loss_ce: 0.3345  aux_2.acc_seg: 80.5637
11/19 23:07:24 - mmengine - INFO - Iter(train) [  3300/160000]  base_lr: 9.8328e-04 lr: 9.8328e-04  eta: 2 days, 1:59:32  time: 1.1462  data_time: 0.0094  memory: 26463  loss: 2.0458  decode.loss_ce: 0.8804  decode.acc_seg: 52.8370  aux_0.loss_ce: 0.4422  aux_0.acc_seg: 50.9449  aux_1.loss_ce: 0.3700  aux_1.acc_seg: 53.4913  aux_2.loss_ce: 0.3532  aux_2.acc_seg: 54.7013
11/19 23:08:21 - mmengine - INFO - Iter(train) [  3350/160000]  base_lr: 9.8303e-04 lr: 9.8303e-04  eta: 2 days, 1:58:31  time: 1.1465  data_time: 0.0093  memory: 26463  loss: 1.7810  decode.loss_ce: 0.7694  decode.acc_seg: 69.1359  aux_0.loss_ce: 0.3737  aux_0.acc_seg: 69.3477  aux_1.loss_ce: 0.3260  aux_1.acc_seg: 70.4684  aux_2.loss_ce: 0.3119  aux_2.acc_seg: 70.8959
11/19 23:09:18 - mmengine - INFO - Iter(train) [  3400/160000]  base_lr: 9.8277e-04 lr: 9.8277e-04  eta: 2 days, 1:57:31  time: 1.1470  data_time: 0.0096  memory: 26463  loss: 1.9044  decode.loss_ce: 0.8115  decode.acc_seg: 77.4061  aux_0.loss_ce: 0.4202  aux_0.acc_seg: 50.2612  aux_1.loss_ce: 0.3430  aux_1.acc_seg: 65.6834  aux_2.loss_ce: 0.3297  aux_2.acc_seg: 59.7335
11/19 23:10:16 - mmengine - INFO - Iter(train) [  3450/160000]  base_lr: 9.8252e-04 lr: 9.8252e-04  eta: 2 days, 1:56:31  time: 1.1475  data_time: 0.0095  memory: 26463  loss: 2.1362  decode.loss_ce: 0.9329  decode.acc_seg: 63.0136  aux_0.loss_ce: 0.4566  aux_0.acc_seg: 60.9691  aux_1.loss_ce: 0.3887  aux_1.acc_seg: 62.9190  aux_2.loss_ce: 0.3580  aux_2.acc_seg: 64.1827
11/19 23:11:13 - mmengine - INFO - Iter(train) [  3500/160000]  base_lr: 9.8227e-04 lr: 9.8227e-04  eta: 2 days, 1:55:30  time: 1.1476  data_time: 0.0097  memory: 26463  loss: 2.3312  decode.loss_ce: 1.0107  decode.acc_seg: 49.2079  aux_0.loss_ce: 0.4943  aux_0.acc_seg: 50.5839  aux_1.loss_ce: 0.4169  aux_1.acc_seg: 52.2732  aux_2.loss_ce: 0.4093  aux_2.acc_seg: 50.4139
11/19 23:12:10 - mmengine - INFO - Iter(train) [  3550/160000]  base_lr: 9.8201e-04 lr: 9.8201e-04  eta: 2 days, 1:54:29  time: 1.1464  data_time: 0.0089  memory: 26463  loss: 1.5245  decode.loss_ce: 0.7022  decode.acc_seg: 74.4691  aux_0.loss_ce: 0.3166  aux_0.acc_seg: 82.2123  aux_1.loss_ce: 0.2546  aux_1.acc_seg: 87.5997  aux_2.loss_ce: 0.2511  aux_2.acc_seg: 87.8948
11/19 23:13:08 - mmengine - INFO - Iter(train) [  3600/160000]  base_lr: 9.8176e-04 lr: 9.8176e-04  eta: 2 days, 1:53:27  time: 1.1463  data_time: 0.0086  memory: 26463  loss: 2.0605  decode.loss_ce: 0.9137  decode.acc_seg: 77.2600  aux_0.loss_ce: 0.4306  aux_0.acc_seg: 71.2951  aux_1.loss_ce: 0.3605  aux_1.acc_seg: 78.6024  aux_2.loss_ce: 0.3556  aux_2.acc_seg: 80.0533
11/19 23:14:05 - mmengine - INFO - Iter(train) [  3650/160000]  base_lr: 9.8151e-04 lr: 9.8151e-04  eta: 2 days, 1:52:25  time: 1.1461  data_time: 0.0088  memory: 26463  loss: 1.9070  decode.loss_ce: 0.8430  decode.acc_seg: 64.7064  aux_0.loss_ce: 0.3974  aux_0.acc_seg: 56.0218  aux_1.loss_ce: 0.3382  aux_1.acc_seg: 68.0585  aux_2.loss_ce: 0.3284  aux_2.acc_seg: 67.0570
11/19 23:15:02 - mmengine - INFO - Iter(train) [  3700/160000]  base_lr: 9.8125e-04 lr: 9.8125e-04  eta: 2 days, 1:51:25  time: 1.1474  data_time: 0.0092  memory: 26463  loss: 2.2193  decode.loss_ce: 0.9842  decode.acc_seg: 75.2725  aux_0.loss_ce: 0.4722  aux_0.acc_seg: 75.7226  aux_1.loss_ce: 0.3942  aux_1.acc_seg: 75.4823  aux_2.loss_ce: 0.3687  aux_2.acc_seg: 75.9691
11/19 23:16:00 - mmengine - INFO - Iter(train) [  3750/160000]  base_lr: 9.8100e-04 lr: 9.8100e-04  eta: 2 days, 1:50:23  time: 1.1455  data_time: 0.0086  memory: 26463  loss: 2.1905  decode.loss_ce: 0.9380  decode.acc_seg: 90.1032  aux_0.loss_ce: 0.4775  aux_0.acc_seg: 88.0217  aux_1.loss_ce: 0.3912  aux_1.acc_seg: 90.5343  aux_2.loss_ce: 0.3838  aux_2.acc_seg: 90.4958
11/19 23:16:57 - mmengine - INFO - Iter(train) [  3800/160000]  base_lr: 9.8074e-04 lr: 9.8074e-04  eta: 2 days, 1:49:21  time: 1.1451  data_time: 0.0092  memory: 26463  loss: 1.9883  decode.loss_ce: 0.8627  decode.acc_seg: 62.2460  aux_0.loss_ce: 0.4198  aux_0.acc_seg: 58.3323  aux_1.loss_ce: 0.3571  aux_1.acc_seg: 59.1151  aux_2.loss_ce: 0.3486  aux_2.acc_seg: 61.3762
11/19 23:17:54 - mmengine - INFO - Iter(train) [  3850/160000]  base_lr: 9.8049e-04 lr: 9.8049e-04  eta: 2 days, 1:48:20  time: 1.1469  data_time: 0.0093  memory: 26463  loss: 2.4194  decode.loss_ce: 1.0260  decode.acc_seg: 49.0578  aux_0.loss_ce: 0.5300  aux_0.acc_seg: 43.4935  aux_1.loss_ce: 0.4381  aux_1.acc_seg: 53.3553  aux_2.loss_ce: 0.4252  aux_2.acc_seg: 51.2383
11/19 23:18:52 - mmengine - INFO - Iter(train) [  3900/160000]  base_lr: 9.8024e-04 lr: 9.8024e-04  eta: 2 days, 1:47:19  time: 1.1473  data_time: 0.0095  memory: 26463  loss: 2.4018  decode.loss_ce: 1.0721  decode.acc_seg: 62.7331  aux_0.loss_ce: 0.4848  aux_0.acc_seg: 69.8641  aux_1.loss_ce: 0.4244  aux_1.acc_seg: 68.4848  aux_2.loss_ce: 0.4206  aux_2.acc_seg: 65.7079
11/19 23:19:49 - mmengine - INFO - Iter(train) [  3950/160000]  base_lr: 9.7998e-04 lr: 9.7998e-04  eta: 2 days, 1:46:19  time: 1.1473  data_time: 0.0096  memory: 26463  loss: 2.8146  decode.loss_ce: 1.2448  decode.acc_seg: 66.0283  aux_0.loss_ce: 0.5682  aux_0.acc_seg: 59.0829  aux_1.loss_ce: 0.5079  aux_1.acc_seg: 71.7218  aux_2.loss_ce: 0.4936  aux_2.acc_seg: 73.6180
11/19 23:20:46 - mmengine - INFO - Exp name: setr_vit-l_pup_8xb2-160k_ade20k-512x512_20231119_220403
11/19 23:20:46 - mmengine - INFO - Iter(train) [  4000/160000]  base_lr: 9.7973e-04 lr: 9.7973e-04  eta: 2 days, 1:45:20  time: 1.1464  data_time: 0.0092  memory: 26463  loss: 2.2823  decode.loss_ce: 1.0340  decode.acc_seg: 54.0892  aux_0.loss_ce: 0.4613  aux_0.acc_seg: 60.0078  aux_1.loss_ce: 0.3992  aux_1.acc_seg: 60.2618  aux_2.loss_ce: 0.3878  aux_2.acc_seg: 61.8431
11/19 23:21:44 - mmengine - INFO - Iter(train) [  4050/160000]  base_lr: 9.7948e-04 lr: 9.7948e-04  eta: 2 days, 1:44:20  time: 1.1468  data_time: 0.0096  memory: 26463  loss: 2.8489  decode.loss_ce: 1.2137  decode.acc_seg: 64.1207  aux_0.loss_ce: 0.6158  aux_0.acc_seg: 53.9234  aux_1.loss_ce: 0.5136  aux_1.acc_seg: 62.4182  aux_2.loss_ce: 0.5057  aux_2.acc_seg: 63.5942
