/bin/bash: /home/s1952889/miniconda3/envs/prompt/lib/libtinfo.so.6: no version information available (required by /bin/bash)
Traceback (most recent call last):
  File "/home/s1952889/final-project/implementation/mmsegmentation/tools/train.py", line 103, in <module>
    main()
  File "/home/s1952889/final-project/implementation/mmsegmentation/tools/train.py", line 55, in main
    args = parse_args()
  File "/home/s1952889/final-project/implementation/mmsegmentation/tools/train.py", line 47, in parse_args
    args = parser.parse_args()
  File "/home/s1952889/miniconda3/envs/openmmlab/lib/python3.10/argparse.py", line 1833, in parse_args
    args, argv = self.parse_known_args(args, namespace)
  File "/home/s1952889/miniconda3/envs/openmmlab/lib/python3.10/argparse.py", line 1866, in parse_known_args
    namespace, args = self._parse_known_args(args, namespace)
  File "/home/s1952889/miniconda3/envs/openmmlab/lib/python3.10/argparse.py", line 2079, in _parse_known_args
    start_index = consume_optional(start_index)
  File "/home/s1952889/miniconda3/envs/openmmlab/lib/python3.10/argparse.py", line 2019, in consume_optional
    take_action(action, args, option_string)
  File "/home/s1952889/miniconda3/envs/openmmlab/lib/python3.10/argparse.py", line 1943, in take_action
    action(self, namespace, argument_values, option_string)
  File "/home/s1952889/final-project/implementation/mmengine/mmengine/config/config.py", line 1855, in __call__
    options[key] = self._parse_value(val)
  File "/home/s1952889/final-project/implementation/mmengine/mmengine/config/config.py", line 1834, in _parse_value
    return DictAction._parse_iterable(val)
  File "/home/s1952889/final-project/implementation/mmengine/mmengine/config/config.py", line 1809, in _parse_iterable
    comma_idx = find_next_comma(val)
  File "/home/s1952889/final-project/implementation/mmengine/mmengine/config/config.py", line 1783, in find_next_comma
    string.count('[') == string.count(']')), \
AssertionError: Imbalanced brackets exist in [68.882,
/bin/bash: /home/s1952889/miniconda3/envs/prompt/lib/libtinfo.so.6: no version information available (required by /bin/bash)
