/bin/bash: /home/s1952889/miniconda3/envs/prompt/lib/libtinfo.so.6: no version information available (required by /bin/bash)
An exception occurred in telemetry logging.Disabling telemetry to prevent further exceptions.
Traceback (most recent call last):
  File "/home/s1952889/miniconda3/envs/prompt/lib/python3.11/site-packages/iopath/common/file_io.py", line 946, in __log_tmetry_keys
    handler.log_event()
  File "/home/s1952889/miniconda3/envs/prompt/lib/python3.11/site-packages/iopath/common/event_logger.py", line 97, in log_event
    del self._evt
        ^^^^^^^^^
AttributeError: 'NativePathHandler' object has no attribute '_evt'
Namespace(config_file='visual_prompt_tuning/configs/prompt/cub.yaml', train_type='prompt', opts=['MODEL.TYPE', 'vit', 'DATA.BATCH_SIZE', '32', 'MODEL.PROMPT.NUM_TOKENS', '50', 'MODEL.PROMPT.DEEP', 'True', 'MODEL.PROMPT.DROPOUT', '0.1', 'DATA.FEATURE', 'sup_vitb16_imagenet21k', 'DATA.IMGSIZE', '500', 'DATA.NAME', 'mammo-cbis', 'DATA.NUMBER_CLASSES', '2', 'DATA.CROP', 'False', 'MODEL.MODEL_ROOT', 'visual_prompt_tuning/model_root', 'DATA.DATAPATH', 'visual_prompt_tuning/data_path', 'OUTPUT_DIR', 'visual_prompt_tuning/output_dir', 'SOLVER.PATIENCE', '21', 'SOLVER.CRITERION', 'loss'])
[11/19 23:58:06 visual_prompt]: Rank of current process: 0. World size: 1
[11/19 23:58:07 visual_prompt]: Environment info:
-------------------  -------------------------------------------------
Python               3.11.5 (main, Sep 11 2023, 13:54:46) [GCC 11.2.0]
ENV_MODULE           <not set>
PyTorch              2.0.1+cu118
PyTorch Debug Build  False
CUDA available       True
CUDA ID              0
GPU 0                NVIDIA A40
Pillow               9.3.0
cv2                  4.8.0
-------------------  -------------------------------------------------
PyTorch built with:
  - GCC 9.3
  - C++ Version: 201703
  - Intel(R) oneAPI Math Kernel Library Version 2022.2-Product Build 20220804 for Intel(R) 64 architecture applications
  - Intel(R) MKL-DNN v2.7.3 (Git Hash 6dbeffbae1f23cbbeae17adb7b5b13f1f37c080e)
  - OpenMP 201511 (a.k.a. OpenMP 4.5)
  - LAPACK is enabled (usually provided by MKL)
  - NNPACK is enabled
  - CPU capability usage: AVX2
  - CUDA Runtime 11.8
  - NVCC architecture flags: -gencode;arch=compute_37,code=sm_37;-gencode;arch=compute_50,code=sm_50;-gencode;arch=compute_60,code=sm_60;-gencode;arch=compute_70,code=sm_70;-gencode;arch=compute_75,code=sm_75;-gencode;arch=compute_80,code=sm_80;-gencode;arch=compute_86,code=sm_86;-gencode;arch=compute_90,code=sm_90
  - CuDNN 8.7
  - Magma 2.6.1
  - Build settings: BLAS_INFO=mkl, BUILD_TYPE=Release, CUDA_VERSION=11.8, CUDNN_VERSION=8.7.0, CXX_COMPILER=/opt/rh/devtoolset-9/root/usr/bin/c++, CXX_FLAGS= -D_GLIBCXX_USE_CXX11_ABI=0 -fabi-version=11 -Wno-deprecated -fvisibility-inlines-hidden -DUSE_PTHREADPOOL -DNDEBUG -DUSE_KINETO -DLIBKINETO_NOROCTRACER -DUSE_FBGEMM -DUSE_QNNPACK -DUSE_PYTORCH_QNNPACK -DUSE_XNNPACK -DSYMBOLICATE_MOBILE_DEBUG_HANDLE -O2 -fPIC -Wall -Wextra -Werror=return-type -Werror=non-virtual-dtor -Werror=bool-operation -Wnarrowing -Wno-missing-field-initializers -Wno-type-limits -Wno-array-bounds -Wno-unknown-pragmas -Wunused-local-typedefs -Wno-unused-parameter -Wno-unused-function -Wno-unused-result -Wno-strict-overflow -Wno-strict-aliasing -Wno-error=deprecated-declarations -Wno-stringop-overflow -Wno-psabi -Wno-error=pedantic -Wno-error=redundant-decls -Wno-error=old-style-cast -fdiagnostics-color=always -faligned-new -Wno-unused-but-set-variable -Wno-maybe-uninitialized -fno-math-errno -fno-trapping-math -Werror=format -Werror=cast-function-type -Wno-stringop-overflow, LAPACK_INFO=mkl, PERF_WITH_AVX=1, PERF_WITH_AVX2=1, PERF_WITH_AVX512=1, TORCH_DISABLE_GPU_ASSERTS=ON, TORCH_VERSION=2.0.1, USE_CUDA=ON, USE_CUDNN=ON, USE_EXCEPTION_PTR=1, USE_GFLAGS=OFF, USE_GLOG=OFF, USE_MKL=ON, USE_MKLDNN=ON, USE_MPI=OFF, USE_NCCL=1, USE_NNPACK=ON, USE_OPENMP=ON, USE_ROCM=OFF, 

[11/19 23:58:07 visual_prompt]: Command line arguments: Namespace(config_file='visual_prompt_tuning/configs/prompt/cub.yaml', train_type='prompt', opts=['MODEL.TYPE', 'vit', 'DATA.BATCH_SIZE', '32', 'MODEL.PROMPT.NUM_TOKENS', '50', 'MODEL.PROMPT.DEEP', 'True', 'MODEL.PROMPT.DROPOUT', '0.1', 'DATA.FEATURE', 'sup_vitb16_imagenet21k', 'DATA.IMGSIZE', '500', 'DATA.NAME', 'mammo-cbis', 'DATA.NUMBER_CLASSES', '2', 'DATA.CROP', 'False', 'MODEL.MODEL_ROOT', 'visual_prompt_tuning/model_root', 'DATA.DATAPATH', 'visual_prompt_tuning/data_path', 'OUTPUT_DIR', 'visual_prompt_tuning/output_dir', 'SOLVER.PATIENCE', '21', 'SOLVER.CRITERION', 'loss'])
[11/19 23:58:07 visual_prompt]: Contents of args.config_file=visual_prompt_tuning/configs/prompt/cub.yaml:
_BASE_: "../base-prompt.yaml"
RUN_N_TIMES: 1
DATA:
  NAME: "CUB"
  DATAPATH: ""  #TODO: need to specify here
  NUMBER_CLASSES: 200
  MULTILABEL: False
MODEL:
  TYPE: "vit"
SOLVER:
  BASE_LR: 0.1
  WEIGHT_DECAY: 0.01
[11/19 23:58:07 visual_prompt]: Training with config:
[11/19 23:58:07 visual_prompt]: CfgNode({'DBG': False, 'OUTPUT_DIR': 'visual_prompt_tuning/output_dir/mammo-cbis/sup_vitb16_imagenet21k/prompt50/size500/val/seed0/lr0.05_wd0.0001/patience21/run1', 'RUN_N_TIMES': 1, 'CUDNN_BENCHMARK': False, 'NUM_GPUS': 1, 'NUM_SHARDS': 1, 'SEED': 0, 'MODEL': CfgNode({'TRANSFER_TYPE': 'prompt', 'WEIGHT_PATH': '', 'SAVE_CKPT': False, 'MODEL_ROOT': 'visual_prompt_tuning/model_root', 'TYPE': 'vit', 'MLP_NUM': 0, 'LINEAR': CfgNode({'MLP_SIZES': [], 'DROPOUT': 0.1}), 'PROMPT': CfgNode({'NUM_TOKENS': 50, 'LOCATION': 'prepend', 'INITIATION': 'random', 'CLSEMB_FOLDER': '', 'CLSEMB_PATH': '', 'PROJECT': -1, 'DEEP': True, 'NUM_DEEP_LAYERS': None, 'REVERSE_DEEP': False, 'DEEP_SHARED': False, 'FORWARD_DEEP_NOEXPAND': False, 'VIT_POOL_TYPE': 'original', 'DROPOUT': 0.1, 'SAVE_FOR_EACH_EPOCH': False}), 'ADAPTER': CfgNode({'REDUCATION_FACTOR': 8, 'STYLE': 'Pfeiffer'})}), 'SOLVER': CfgNode({'LOSS': 'softmax', 'LOSS_ALPHA': 0.01, 'OPTIMIZER': 'sgd', 'MOMENTUM': 0.9, 'WEIGHT_DECAY': 0.0001, 'WEIGHT_DECAY_BIAS': 0, 'PATIENCE': 21, 'CRITERION': 'loss', 'SCHEDULER': 'cosine', 'BASE_LR': 0.05, 'BIAS_MULTIPLIER': 1.0, 'WARMUP_EPOCH': 10, 'TOTAL_EPOCH': 100, 'LOG_EVERY_N': 100, 'DBG_TRAINABLE': False}), 'DATA': CfgNode({'NAME': 'mammo-cbis', 'DATAPATH': 'visual_prompt_tuning/data_path', 'FEATURE': 'sup_vitb16_imagenet21k', 'PERCENTAGE': 1.0, 'NUMBER_CLASSES': 2, 'MULTILABEL': False, 'CLASS_WEIGHTS_TYPE': 'none', 'IMGSIZE': 500, 'CROP': False, 'NO_TEST': False, 'BATCH_SIZE': 32, 'NUM_WORKERS': 4, 'PIN_MEMORY': True})})
[11/19 23:58:07 visual_prompt]: Loading training data...
[11/19 23:58:07 visual_prompt]: Constructing mammo-cbis dataset train...
[11/19 23:58:07 visual_prompt]: Loading validation data...
[11/19 23:58:07 visual_prompt]: Constructing mammo-cbis dataset val...
[11/19 23:58:07 visual_prompt]: Constructing models...
[INFO: vit.py:  342]: load_pretrained: resized variant: torch.Size([1, 197, 768]) to torch.Size([1, 962, 768])
load_pretrained: grid-size from 14 to 31
[11/19 23:58:10 visual_prompt]: Total Parameters: 86848514	 Gradient Parameters: 462338
[11/19 23:58:10 visual_prompt]: tuned percent:0.532
[11/19 23:58:10 visual_prompt]: Device used for model: 0
[11/19 23:58:10 visual_prompt]: Setting up Evaluator...
[11/19 23:58:10 visual_prompt]: Setting up Trainer...
[11/19 23:58:10 visual_prompt]: 	Setting up the optimizer...
[11/19 23:58:10 visual_prompt]: Training 1 / 100 epoch, with learning rate 0.0
[11/20 00:05:20 visual_prompt]: Epoch 1 / 100: avg data time: 4.67e+00, avg batch time: 6.1356, average train loss: 1.4863
[11/20 00:06:08 visual_prompt]: Inference (val):avg data time: 2.31e-05, avg batch time: 0.5808, average loss: 1.4553
[11/20 00:06:08 visual_prompt]: Classification results with val_mammo-cbis: top1: 54.88	rocauc: 43.60	
[11/20 00:06:08 visual_prompt]: Training 2 / 100 epoch, with learning rate 0.005000000000000001
[11/20 00:13:10 visual_prompt]: Epoch 2 / 100: avg data time: 4.59e+00, avg batch time: 6.0302, average train loss: 0.8431
[11/20 00:13:59 visual_prompt]: Inference (val):avg data time: 2.02e-05, avg batch time: 0.5806, average loss: 0.6853
[11/20 00:13:59 visual_prompt]: Classification results with val_mammo-cbis: top1: 56.10	rocauc: 53.16	
[11/20 00:13:59 visual_prompt]: Training 3 / 100 epoch, with learning rate 0.010000000000000002
[11/20 00:21:00 visual_prompt]: Epoch 3 / 100: avg data time: 4.58e+00, avg batch time: 6.0229, average train loss: 0.7078
[11/20 00:21:48 visual_prompt]: Inference (val):avg data time: 2.10e-05, avg batch time: 0.5808, average loss: 0.7530
[11/20 00:21:48 visual_prompt]: Classification results with val_mammo-cbis: top1: 45.12	rocauc: 58.84	
[11/20 00:21:48 visual_prompt]: Training 4 / 100 epoch, with learning rate 0.015
[11/20 00:28:49 visual_prompt]: Epoch 4 / 100: avg data time: 4.57e+00, avg batch time: 6.0157, average train loss: 0.7224
[11/20 00:29:37 visual_prompt]: Inference (val):avg data time: 2.33e-05, avg batch time: 0.5827, average loss: 0.7051
[11/20 00:29:37 visual_prompt]: Classification results with val_mammo-cbis: top1: 54.88	rocauc: 58.60	
[11/20 00:29:37 visual_prompt]: Training 5 / 100 epoch, with learning rate 0.020000000000000004
[11/20 00:36:38 visual_prompt]: Epoch 5 / 100: avg data time: 4.57e+00, avg batch time: 6.0130, average train loss: 0.7267
[11/20 00:37:26 visual_prompt]: Inference (val):avg data time: 2.06e-05, avg batch time: 0.5864, average loss: 0.6773
[11/20 00:37:26 visual_prompt]: Classification results with val_mammo-cbis: top1: 56.50	rocauc: 60.93	
[11/20 00:37:26 visual_prompt]: Training 6 / 100 epoch, with learning rate 0.025
[11/20 00:44:33 visual_prompt]: Epoch 6 / 100: avg data time: 4.65e+00, avg batch time: 6.0980, average train loss: 0.7296
[11/20 00:45:23 visual_prompt]: Inference (val):avg data time: 2.73e-05, avg batch time: 0.5812, average loss: 0.7267
[11/20 00:45:23 visual_prompt]: Classification results with val_mammo-cbis: top1: 54.88	rocauc: 62.25	
[11/20 00:45:23 visual_prompt]: Training 7 / 100 epoch, with learning rate 0.03
[11/20 00:52:31 visual_prompt]: Epoch 7 / 100: avg data time: 4.67e+00, avg batch time: 6.1185, average train loss: 0.6895
[11/20 00:53:20 visual_prompt]: Inference (val):avg data time: 2.57e-05, avg batch time: 0.5792, average loss: 1.0714
[11/20 00:53:20 visual_prompt]: Classification results with val_mammo-cbis: top1: 54.88	rocauc: 63.78	
[11/20 00:53:20 visual_prompt]: Training 8 / 100 epoch, with learning rate 0.034999999999999996
[11/20 01:00:28 visual_prompt]: Epoch 8 / 100: avg data time: 4.68e+00, avg batch time: 6.1180, average train loss: 0.7390
[11/20 01:01:17 visual_prompt]: Inference (val):avg data time: 2.56e-05, avg batch time: 0.5868, average loss: 0.6757
[11/20 01:01:17 visual_prompt]: Classification results with val_mammo-cbis: top1: 57.72	rocauc: 62.14	
[11/20 01:01:17 visual_prompt]: Training 9 / 100 epoch, with learning rate 0.04000000000000001
slurmstepd-ctit090: error: *** JOB 248686 ON ctit090 CANCELLED AT 2023-11-20T01:05:26 ***
/bin/bash: /home/s1952889/miniconda3/envs/prompt/lib/libtinfo.so.6: no version information available (required by /bin/bash)
