/bin/bash: /home/s1952889/miniconda3/envs/prompt/lib/libtinfo.so.6: no version information available (required by /bin/bash)
An exception occurred in telemetry logging.Disabling telemetry to prevent further exceptions.
Traceback (most recent call last):
  File "/home/s1952889/miniconda3/envs/prompt/lib/python3.11/site-packages/iopath/common/file_io.py", line 946, in __log_tmetry_keys
    handler.log_event()
  File "/home/s1952889/miniconda3/envs/prompt/lib/python3.11/site-packages/iopath/common/event_logger.py", line 97, in log_event
    del self._evt
        ^^^^^^^^^
AttributeError: 'NativePathHandler' object has no attribute '_evt'
Namespace(config_file='visual_prompt_tuning/configs/prompt/cub.yaml', train_type='prompt', opts=['MODEL.TYPE', 'vit', 'DATA.BATCH_SIZE', '64', 'MODEL.PROMPT.NUM_TOKENS', '50', 'MODEL.PROMPT.DEEP', 'True', 'MODEL.PROMPT.DROPOUT', '0.1', 'DATA.FEATURE', 'sup_vitb16_imagenet21k', 'DATA.NAME', 'vtab-svhn', 'DATA.NUMBER_CLASSES', '10', 'DATA.CROPSIZE', '224', 'MODEL.MODEL_ROOT', 'visual_prompt_tuning/model_root', 'DATA.DATAPATH', 'visual_prompt_tuning/data_path', 'OUTPUT_DIR', 'visual_prompt_tuning/output_dir'])
[09/28 01:31:22 visual_prompt]: Rank of current process: 0. World size: 1
[09/28 01:31:25 visual_prompt]: Environment info:
-------------------  -------------------------------------------------
Python               3.11.5 (main, Sep 11 2023, 13:54:46) [GCC 11.2.0]
ENV_MODULE           <not set>
PyTorch              2.0.1+cu118
PyTorch Debug Build  False
CUDA available       True
CUDA ID              3
GPU 0                NVIDIA A40
Pillow               9.3.0
cv2                  4.8.0
-------------------  -------------------------------------------------
PyTorch built with:
  - GCC 9.3
  - C++ Version: 201703
  - Intel(R) oneAPI Math Kernel Library Version 2022.2-Product Build 20220804 for Intel(R) 64 architecture applications
  - Intel(R) MKL-DNN v2.7.3 (Git Hash 6dbeffbae1f23cbbeae17adb7b5b13f1f37c080e)
  - OpenMP 201511 (a.k.a. OpenMP 4.5)
  - LAPACK is enabled (usually provided by MKL)
  - NNPACK is enabled
  - CPU capability usage: AVX2
  - CUDA Runtime 11.8
  - NVCC architecture flags: -gencode;arch=compute_37,code=sm_37;-gencode;arch=compute_50,code=sm_50;-gencode;arch=compute_60,code=sm_60;-gencode;arch=compute_70,code=sm_70;-gencode;arch=compute_75,code=sm_75;-gencode;arch=compute_80,code=sm_80;-gencode;arch=compute_86,code=sm_86;-gencode;arch=compute_90,code=sm_90
  - CuDNN 8.7
  - Magma 2.6.1
  - Build settings: BLAS_INFO=mkl, BUILD_TYPE=Release, CUDA_VERSION=11.8, CUDNN_VERSION=8.7.0, CXX_COMPILER=/opt/rh/devtoolset-9/root/usr/bin/c++, CXX_FLAGS= -D_GLIBCXX_USE_CXX11_ABI=0 -fabi-version=11 -Wno-deprecated -fvisibility-inlines-hidden -DUSE_PTHREADPOOL -DNDEBUG -DUSE_KINETO -DLIBKINETO_NOROCTRACER -DUSE_FBGEMM -DUSE_QNNPACK -DUSE_PYTORCH_QNNPACK -DUSE_XNNPACK -DSYMBOLICATE_MOBILE_DEBUG_HANDLE -O2 -fPIC -Wall -Wextra -Werror=return-type -Werror=non-virtual-dtor -Werror=bool-operation -Wnarrowing -Wno-missing-field-initializers -Wno-type-limits -Wno-array-bounds -Wno-unknown-pragmas -Wunused-local-typedefs -Wno-unused-parameter -Wno-unused-function -Wno-unused-result -Wno-strict-overflow -Wno-strict-aliasing -Wno-error=deprecated-declarations -Wno-stringop-overflow -Wno-psabi -Wno-error=pedantic -Wno-error=redundant-decls -Wno-error=old-style-cast -fdiagnostics-color=always -faligned-new -Wno-unused-but-set-variable -Wno-maybe-uninitialized -fno-math-errno -fno-trapping-math -Werror=format -Werror=cast-function-type -Wno-stringop-overflow, LAPACK_INFO=mkl, PERF_WITH_AVX=1, PERF_WITH_AVX2=1, PERF_WITH_AVX512=1, TORCH_DISABLE_GPU_ASSERTS=ON, TORCH_VERSION=2.0.1, USE_CUDA=ON, USE_CUDNN=ON, USE_EXCEPTION_PTR=1, USE_GFLAGS=OFF, USE_GLOG=OFF, USE_MKL=ON, USE_MKLDNN=ON, USE_MPI=OFF, USE_NCCL=1, USE_NNPACK=ON, USE_OPENMP=ON, USE_ROCM=OFF, 

[09/28 01:31:25 visual_prompt]: Command line arguments: Namespace(config_file='visual_prompt_tuning/configs/prompt/cub.yaml', train_type='prompt', opts=['MODEL.TYPE', 'vit', 'DATA.BATCH_SIZE', '64', 'MODEL.PROMPT.NUM_TOKENS', '50', 'MODEL.PROMPT.DEEP', 'True', 'MODEL.PROMPT.DROPOUT', '0.1', 'DATA.FEATURE', 'sup_vitb16_imagenet21k', 'DATA.NAME', 'vtab-svhn', 'DATA.NUMBER_CLASSES', '10', 'DATA.CROPSIZE', '224', 'MODEL.MODEL_ROOT', 'visual_prompt_tuning/model_root', 'DATA.DATAPATH', 'visual_prompt_tuning/data_path', 'OUTPUT_DIR', 'visual_prompt_tuning/output_dir'])
[09/28 01:31:25 visual_prompt]: Contents of args.config_file=visual_prompt_tuning/configs/prompt/cub.yaml:
_BASE_: "../base-prompt.yaml"
RUN_N_TIMES: 1
DATA:
  NAME: "CUB"
  DATAPATH: ""  #TODO: need to specify here
  NUMBER_CLASSES: 200
  MULTILABEL: False
MODEL:
  TYPE: "vit"
SOLVER:
  BASE_LR: 0.1
  WEIGHT_DECAY: 0.01
[09/28 01:31:25 visual_prompt]: Training with config:
[09/28 01:31:25 visual_prompt]: CfgNode({'DBG': False, 'OUTPUT_DIR': 'visual_prompt_tuning/output_dir/vtab-svhn/sup_vitb16_imagenet21k/prompt50/crop224/test/seed6817/lr0.5_wd0.001/run1', 'RUN_N_TIMES': 1, 'CUDNN_BENCHMARK': False, 'NUM_GPUS': 1, 'NUM_SHARDS': 1, 'SEED': 6817, 'MODEL': CfgNode({'TRANSFER_TYPE': 'prompt', 'WEIGHT_PATH': '', 'SAVE_CKPT': False, 'MODEL_ROOT': 'visual_prompt_tuning/model_root', 'TYPE': 'vit', 'MLP_NUM': 0, 'LINEAR': CfgNode({'MLP_SIZES': [], 'DROPOUT': 0.1}), 'PROMPT': CfgNode({'NUM_TOKENS': 50, 'LOCATION': 'prepend', 'INITIATION': 'random', 'CLSEMB_FOLDER': '', 'CLSEMB_PATH': '', 'PROJECT': -1, 'DEEP': True, 'NUM_DEEP_LAYERS': None, 'REVERSE_DEEP': False, 'DEEP_SHARED': False, 'FORWARD_DEEP_NOEXPAND': False, 'VIT_POOL_TYPE': 'original', 'DROPOUT': 0.1, 'SAVE_FOR_EACH_EPOCH': False}), 'ADAPTER': CfgNode({'REDUCATION_FACTOR': 8, 'STYLE': 'Pfeiffer'})}), 'SOLVER': CfgNode({'LOSS': 'softmax', 'LOSS_ALPHA': 0.01, 'OPTIMIZER': 'sgd', 'MOMENTUM': 0.9, 'WEIGHT_DECAY': 0.001, 'WEIGHT_DECAY_BIAS': 0, 'PATIENCE': 300, 'SCHEDULER': 'cosine', 'BASE_LR': 0.5, 'BIAS_MULTIPLIER': 1.0, 'WARMUP_EPOCH': 10, 'TOTAL_EPOCH': 100, 'LOG_EVERY_N': 100, 'DBG_TRAINABLE': False}), 'DATA': CfgNode({'NAME': 'vtab-svhn', 'DATAPATH': 'visual_prompt_tuning/data_path', 'FEATURE': 'sup_vitb16_imagenet21k', 'PERCENTAGE': 1.0, 'NUMBER_CLASSES': 10, 'MULTILABEL': False, 'CLASS_WEIGHTS_TYPE': 'none', 'CROPSIZE': 224, 'NO_TEST': False, 'BATCH_SIZE': 64, 'NUM_WORKERS': 4, 'PIN_MEMORY': True})})
[09/28 01:31:25 visual_prompt]: Loading training data...
2023-09-28 01:31:27.817063: I tensorflow/core/util/port.cc:110] oneDNN custom operations are on. You may see slightly different numerical results due to floating-point round-off errors from different computation orders. To turn them off, set the environment variable `TF_ENABLE_ONEDNN_OPTS=0`.
2023-09-28 01:31:31.168558: I tensorflow/core/platform/cpu_feature_guard.cc:182] This TensorFlow binary is optimized to use available CPU instructions in performance-critical operations.
To enable the following instructions: AVX2 AVX512F AVX512_VNNI FMA, in other operations, rebuild TensorFlow with the appropriate compiler flags.
2023-09-28 01:31:48.729048: W tensorflow/compiler/tf2tensorrt/utils/py_utils.cc:38] TF-TRT Warning: Could not find TensorRT
[09/28 01:32:25 visual_prompt]: Constructing vtab-svhn dataset trainval...
[INFO: dataset_info.py:  599]: Load dataset info from visual_prompt_tuning/data_path/svhn_cropped/3.0.0
[INFO: dataset_builder.py:  573]: Reusing dataset svhn_cropped (visual_prompt_tuning/data_path/svhn_cropped/3.0.0)
[INFO: logging_logger.py:   49]: Constructing tf.data.Dataset svhn_cropped for split train[:800]+train[65931:66131], from visual_prompt_tuning/data_path/svhn_cropped/3.0.0
[09/28 01:32:28 visual_prompt]: Number of images: 1000
[09/28 01:32:28 visual_prompt]: Number of classes: 10 / 10
[09/28 01:32:28 visual_prompt]: Loading validation data...
[09/28 01:32:28 visual_prompt]: Constructing vtab-svhn dataset val...
[INFO: dataset_info.py:  599]: Load dataset info from visual_prompt_tuning/data_path/svhn_cropped/3.0.0
[INFO: dataset_builder.py:  573]: Reusing dataset svhn_cropped (visual_prompt_tuning/data_path/svhn_cropped/3.0.0)
[INFO: logging_logger.py:   49]: Constructing tf.data.Dataset svhn_cropped for split train[65931:66131], from visual_prompt_tuning/data_path/svhn_cropped/3.0.0
[09/28 01:32:28 visual_prompt]: Number of images: 200
[09/28 01:32:28 visual_prompt]: Number of classes: 10 / 10
[09/28 01:32:28 visual_prompt]: Loading test data...
[09/28 01:32:28 visual_prompt]: Constructing vtab-svhn dataset test...
[INFO: dataset_info.py:  599]: Load dataset info from visual_prompt_tuning/data_path/svhn_cropped/3.0.0
[INFO: dataset_builder.py:  573]: Reusing dataset svhn_cropped (visual_prompt_tuning/data_path/svhn_cropped/3.0.0)
[INFO: logging_logger.py:   49]: Constructing tf.data.Dataset svhn_cropped for split test, from visual_prompt_tuning/data_path/svhn_cropped/3.0.0
[09/28 01:32:58 visual_prompt]: Number of images: 26032
[09/28 01:32:58 visual_prompt]: Number of classes: 10 / 10
[09/28 01:32:58 visual_prompt]: Constructing models...
[09/28 01:33:01 visual_prompt]: Total Parameters: 86267146	 Gradient Parameters: 468490
[09/28 01:33:01 visual_prompt]: tuned percent:0.543
[09/28 01:33:33 visual_prompt]: Device used for model: 0
[09/28 01:33:33 visual_prompt]: Setting up Evaluator...
[09/28 01:33:33 visual_prompt]: Setting up Trainer...
[09/28 01:33:33 visual_prompt]: 	Setting up the optimizer...
[09/28 01:33:33 visual_prompt]: Training 1 / 100 epoch, with learning rate 0.0
[09/28 01:33:48 visual_prompt]: Epoch 1 / 100: avg data time: 2.17e-01, avg batch time: 0.8912, average train loss: 2.9191
[09/28 01:33:51 visual_prompt]: Inference (val):avg data time: 2.07e-05, avg batch time: 0.1656, average loss: 2.9152
[09/28 01:33:51 visual_prompt]: Classification results with val_vtab-svhn: top1: 8.00	top5: 57.50	
[09/28 01:34:14 visual_prompt]: 	Test 100/407. loss: 3.052, 0.2158 s / batch. (data: 2.46e-05)max mem: 7.80408 GB 
[09/28 01:34:36 visual_prompt]: 	Test 200/407. loss: 3.044, 0.2130 s / batch. (data: 2.69e-05)max mem: 7.80408 GB 
[09/28 01:34:57 visual_prompt]: 	Test 300/407. loss: 3.129, 0.2154 s / batch. (data: 2.60e-05)max mem: 7.80408 GB 
[09/28 01:35:19 visual_prompt]: 	Test 400/407. loss: 3.136, 0.2154 s / batch. (data: 1.53e-05)max mem: 7.80408 GB 
[09/28 01:35:22 visual_prompt]: Inference (test):avg data time: 3.45e-05, avg batch time: 0.2138, average loss: 2.9549
[09/28 01:35:22 visual_prompt]: Classification results with test_vtab-svhn: top1: 9.08	top5: 55.47	
[09/28 01:35:22 visual_prompt]: Best epoch 1: best metric: 0.080
[09/28 01:35:22 visual_prompt]: Training 2 / 100 epoch, with learning rate 0.05
[09/28 01:35:32 visual_prompt]: Epoch 2 / 100: avg data time: 1.02e-01, avg batch time: 0.5535, average train loss: 2.6500
[09/28 01:35:35 visual_prompt]: Inference (val):avg data time: 2.25e-05, avg batch time: 0.1673, average loss: 2.3502
[09/28 01:35:35 visual_prompt]: Classification results with val_vtab-svhn: top1: 23.00	top5: 63.00	
[09/28 01:35:58 visual_prompt]: 	Test 100/407. loss: 2.564, 0.2230 s / batch. (data: 2.79e-05)max mem: 7.80408 GB 
[09/28 01:36:20 visual_prompt]: 	Test 200/407. loss: 2.488, 0.2161 s / batch. (data: 6.65e-05)max mem: 7.80408 GB 
[09/28 01:36:42 visual_prompt]: 	Test 300/407. loss: 2.317, 0.2174 s / batch. (data: 3.15e-05)max mem: 7.80408 GB 
[09/28 01:37:03 visual_prompt]: 	Test 400/407. loss: 2.327, 0.2171 s / batch. (data: 1.67e-05)max mem: 7.80408 GB 
[09/28 01:37:06 visual_prompt]: Inference (test):avg data time: 4.47e-05, avg batch time: 0.2164, average loss: 2.3839
[09/28 01:37:06 visual_prompt]: Classification results with test_vtab-svhn: top1: 19.59	top5: 59.97	
[09/28 01:37:06 visual_prompt]: Best epoch 2: best metric: 0.230
[09/28 01:37:06 visual_prompt]: Training 3 / 100 epoch, with learning rate 0.1
[09/28 01:37:16 visual_prompt]: Epoch 3 / 100: avg data time: 1.03e-01, avg batch time: 0.5565, average train loss: 2.2843
[09/28 01:37:20 visual_prompt]: Inference (val):avg data time: 1.58e-05, avg batch time: 0.1694, average loss: 2.2438
[09/28 01:37:20 visual_prompt]: Classification results with val_vtab-svhn: top1: 23.00	top5: 57.00	
[09/28 01:37:43 visual_prompt]: 	Test 100/407. loss: 2.416, 0.2165 s / batch. (data: 2.50e-05)max mem: 7.80408 GB 
[09/28 01:38:04 visual_prompt]: 	Test 200/407. loss: 2.396, 0.2167 s / batch. (data: 2.77e-05)max mem: 7.80408 GB 
[09/28 01:38:26 visual_prompt]: 	Test 300/407. loss: 2.245, 0.2184 s / batch. (data: 2.65e-05)max mem: 7.80408 GB 
[09/28 01:38:48 visual_prompt]: 	Test 400/407. loss: 2.306, 0.2183 s / batch. (data: 1.60e-05)max mem: 7.80408 GB 
[09/28 01:38:51 visual_prompt]: Inference (test):avg data time: 3.71e-05, avg batch time: 0.2169, average loss: 2.2892
[09/28 01:38:51 visual_prompt]: Classification results with test_vtab-svhn: top1: 19.58	top5: 53.04	
[09/28 01:38:51 visual_prompt]: Training 4 / 100 epoch, with learning rate 0.15
[09/28 01:39:01 visual_prompt]: Epoch 4 / 100: avg data time: 9.22e-02, avg batch time: 0.5462, average train loss: 2.2579
[09/28 01:39:04 visual_prompt]: Inference (val):avg data time: 1.96e-05, avg batch time: 0.1680, average loss: 2.2195
[09/28 01:39:04 visual_prompt]: Classification results with val_vtab-svhn: top1: 23.00	top5: 62.50	
[09/28 01:39:27 visual_prompt]: 	Test 100/407. loss: 2.431, 0.2178 s / batch. (data: 8.23e-05)max mem: 7.80408 GB 
[09/28 01:39:49 visual_prompt]: 	Test 200/407. loss: 2.382, 0.2171 s / batch. (data: 2.46e-05)max mem: 7.80408 GB 
[09/28 01:40:11 visual_prompt]: 	Test 300/407. loss: 2.275, 0.2170 s / batch. (data: 7.96e-05)max mem: 7.80408 GB 
[09/28 01:40:33 visual_prompt]: 	Test 400/407. loss: 2.265, 0.2186 s / batch. (data: 1.38e-05)max mem: 7.80408 GB 
[09/28 01:40:36 visual_prompt]: Inference (test):avg data time: 3.70e-05, avg batch time: 0.2171, average loss: 2.2575
[09/28 01:40:36 visual_prompt]: Classification results with test_vtab-svhn: top1: 19.59	top5: 63.51	
[09/28 01:40:36 visual_prompt]: Training 5 / 100 epoch, with learning rate 0.2
[09/28 01:40:46 visual_prompt]: Epoch 5 / 100: avg data time: 1.03e-01, avg batch time: 0.5571, average train loss: 2.2919
[09/28 01:40:49 visual_prompt]: Inference (val):avg data time: 1.87e-05, avg batch time: 0.1681, average loss: 2.2432
[09/28 01:40:49 visual_prompt]: Classification results with val_vtab-svhn: top1: 23.00	top5: 65.50	
[09/28 01:41:12 visual_prompt]: 	Test 100/407. loss: 2.496, 0.2168 s / batch. (data: 2.46e-05)max mem: 7.80408 GB 
[09/28 01:41:34 visual_prompt]: 	Test 200/407. loss: 2.446, 0.2177 s / batch. (data: 3.12e-05)max mem: 7.80408 GB 
[09/28 01:41:56 visual_prompt]: 	Test 300/407. loss: 2.237, 0.2170 s / batch. (data: 2.69e-05)max mem: 7.80408 GB 
[09/28 01:42:17 visual_prompt]: 	Test 400/407. loss: 2.266, 0.2181 s / batch. (data: 1.57e-05)max mem: 7.80408 GB 
[09/28 01:42:20 visual_prompt]: Inference (test):avg data time: 3.35e-05, avg batch time: 0.2172, average loss: 2.2686
[09/28 01:42:20 visual_prompt]: Classification results with test_vtab-svhn: top1: 19.59	top5: 63.60	
[09/28 01:42:20 visual_prompt]: Training 6 / 100 epoch, with learning rate 0.25
[09/28 01:42:30 visual_prompt]: Epoch 6 / 100: avg data time: 9.89e-02, avg batch time: 0.5530, average train loss: 2.2844
[09/28 01:42:34 visual_prompt]: Inference (val):avg data time: 2.00e-05, avg batch time: 0.1683, average loss: 2.2816
[09/28 01:42:34 visual_prompt]: Classification results with val_vtab-svhn: top1: 12.00	top5: 66.00	
[09/28 01:42:57 visual_prompt]: 	Test 100/407. loss: 2.425, 0.2162 s / batch. (data: 2.55e-05)max mem: 7.80408 GB 
[09/28 01:43:19 visual_prompt]: 	Test 200/407. loss: 2.403, 0.2170 s / batch. (data: 2.72e-05)max mem: 7.80408 GB 
[09/28 01:43:40 visual_prompt]: 	Test 300/407. loss: 2.251, 0.2183 s / batch. (data: 2.77e-05)max mem: 7.80408 GB 
[09/28 01:44:02 visual_prompt]: 	Test 400/407. loss: 2.214, 0.2175 s / batch. (data: 1.55e-05)max mem: 7.80408 GB 
[09/28 01:44:05 visual_prompt]: Inference (test):avg data time: 3.68e-05, avg batch time: 0.2172, average loss: 2.2803
[09/28 01:44:05 visual_prompt]: Classification results with test_vtab-svhn: top1: 15.03	top5: 64.55	
[09/28 01:44:05 visual_prompt]: Training 7 / 100 epoch, with learning rate 0.3
[09/28 01:44:15 visual_prompt]: Epoch 7 / 100: avg data time: 9.96e-02, avg batch time: 0.5534, average train loss: 2.2546
[09/28 01:44:18 visual_prompt]: Inference (val):avg data time: 2.26e-05, avg batch time: 0.1678, average loss: 2.2358
[09/28 01:44:18 visual_prompt]: Classification results with val_vtab-svhn: top1: 12.00	top5: 63.50	
[09/28 01:44:42 visual_prompt]: 	Test 100/407. loss: 2.343, 0.2175 s / batch. (data: 2.93e-05)max mem: 7.80408 GB 
[09/28 01:45:04 visual_prompt]: 	Test 200/407. loss: 2.342, 0.2180 s / batch. (data: 6.01e-05)max mem: 7.80408 GB 
[09/28 01:45:25 visual_prompt]: 	Test 300/407. loss: 2.199, 0.2181 s / batch. (data: 2.43e-05)max mem: 7.80408 GB 
[09/28 01:45:47 visual_prompt]: 	Test 400/407. loss: 2.176, 0.2190 s / batch. (data: 1.36e-05)max mem: 7.80408 GB 
[09/28 01:45:50 visual_prompt]: Inference (test):avg data time: 3.46e-05, avg batch time: 0.2174, average loss: 2.2356
[09/28 01:45:50 visual_prompt]: Classification results with test_vtab-svhn: top1: 15.94	top5: 63.88	
[09/28 01:45:50 visual_prompt]: Training 8 / 100 epoch, with learning rate 0.35
[09/28 01:46:00 visual_prompt]: Epoch 8 / 100: avg data time: 9.19e-02, avg batch time: 0.5468, average train loss: 2.2379
[09/28 01:46:03 visual_prompt]: Inference (val):avg data time: 3.19e-05, avg batch time: 0.1681, average loss: 2.1767
[09/28 01:46:03 visual_prompt]: Classification results with val_vtab-svhn: top1: 26.00	top5: 70.00	
[09/28 01:46:26 visual_prompt]: 	Test 100/407. loss: 2.461, 0.2180 s / batch. (data: 2.48e-05)max mem: 7.80408 GB 
[09/28 01:46:48 visual_prompt]: 	Test 200/407. loss: 2.438, 0.2187 s / batch. (data: 2.36e-05)max mem: 7.80408 GB 
[09/28 01:47:10 visual_prompt]: 	Test 300/407. loss: 2.175, 0.2181 s / batch. (data: 7.39e-05)max mem: 7.80408 GB 
[09/28 01:47:32 visual_prompt]: 	Test 400/407. loss: 2.283, 0.2184 s / batch. (data: 1.45e-05)max mem: 7.80408 GB 
[09/28 01:47:35 visual_prompt]: Inference (test):avg data time: 3.47e-05, avg batch time: 0.2175, average loss: 2.2426
[09/28 01:47:35 visual_prompt]: Classification results with test_vtab-svhn: top1: 23.27	top5: 64.59	
[09/28 01:47:35 visual_prompt]: Best epoch 8: best metric: 0.260
[09/28 01:47:35 visual_prompt]: Training 9 / 100 epoch, with learning rate 0.4
[09/28 01:47:45 visual_prompt]: Epoch 9 / 100: avg data time: 9.86e-02, avg batch time: 0.5538, average train loss: 2.1995
[09/28 01:47:48 visual_prompt]: Inference (val):avg data time: 1.61e-05, avg batch time: 0.1680, average loss: 1.9170
[09/28 01:47:48 visual_prompt]: Classification results with val_vtab-svhn: top1: 33.50	top5: 74.00	
[09/28 01:48:11 visual_prompt]: 	Test 100/407. loss: 2.039, 0.2170 s / batch. (data: 2.46e-05)max mem: 7.80408 GB 
[09/28 01:48:33 visual_prompt]: 	Test 200/407. loss: 2.064, 0.2187 s / batch. (data: 2.57e-05)max mem: 7.80408 GB 
[09/28 01:48:55 visual_prompt]: 	Test 300/407. loss: 1.860, 0.2187 s / batch. (data: 8.80e-05)max mem: 7.80408 GB 
[09/28 01:49:17 visual_prompt]: 	Test 400/407. loss: 1.971, 0.2187 s / batch. (data: 1.50e-05)max mem: 7.80408 GB 
[09/28 01:49:20 visual_prompt]: Inference (test):avg data time: 3.61e-05, avg batch time: 0.2179, average loss: 1.9664
[09/28 01:49:20 visual_prompt]: Classification results with test_vtab-svhn: top1: 31.84	top5: 73.13	
[09/28 01:49:20 visual_prompt]: Best epoch 9: best metric: 0.335
[09/28 01:49:20 visual_prompt]: Training 10 / 100 epoch, with learning rate 0.45
[09/28 01:49:30 visual_prompt]: Epoch 10 / 100: avg data time: 1.04e-01, avg batch time: 0.5577, average train loss: 2.1555
[09/28 01:49:33 visual_prompt]: Inference (val):avg data time: 1.94e-05, avg batch time: 0.1679, average loss: 2.2819
[09/28 01:49:33 visual_prompt]: Classification results with val_vtab-svhn: top1: 23.00	top5: 60.50	
[09/28 01:49:57 visual_prompt]: 	Test 100/407. loss: 2.434, 0.2164 s / batch. (data: 2.67e-05)max mem: 7.80408 GB 
[09/28 01:50:18 visual_prompt]: 	Test 200/407. loss: 2.487, 0.2176 s / batch. (data: 2.74e-05)max mem: 7.80408 GB 
[09/28 01:50:40 visual_prompt]: 	Test 300/407. loss: 2.210, 0.2188 s / batch. (data: 5.91e-05)max mem: 7.80408 GB 
[09/28 01:51:02 visual_prompt]: 	Test 400/407. loss: 2.358, 0.2177 s / batch. (data: 1.72e-05)max mem: 7.80408 GB 
[09/28 01:51:05 visual_prompt]: Inference (test):avg data time: 6.64e-05, avg batch time: 0.2173, average loss: 2.3125
[09/28 01:51:05 visual_prompt]: Classification results with test_vtab-svhn: top1: 19.59	top5: 60.35	
[09/28 01:51:05 visual_prompt]: Training 11 / 100 epoch, with learning rate 0.5
[09/28 01:51:15 visual_prompt]: Epoch 11 / 100: avg data time: 1.04e-01, avg batch time: 0.5588, average train loss: 2.2764
[09/28 01:51:18 visual_prompt]: Inference (val):avg data time: 2.09e-05, avg batch time: 0.1683, average loss: 2.1465
[09/28 01:51:18 visual_prompt]: Classification results with val_vtab-svhn: top1: 25.50	top5: 72.50	
[09/28 01:51:42 visual_prompt]: 	Test 100/407. loss: 2.394, 0.2161 s / batch. (data: 2.50e-05)max mem: 7.80408 GB 
[09/28 01:52:03 visual_prompt]: 	Test 200/407. loss: 2.358, 0.2178 s / batch. (data: 2.55e-05)max mem: 7.80408 GB 
[09/28 01:52:25 visual_prompt]: 	Test 300/407. loss: 2.052, 0.2174 s / batch. (data: 2.67e-05)max mem: 7.80408 GB 
[09/28 01:52:47 visual_prompt]: 	Test 400/407. loss: 2.114, 0.2184 s / batch. (data: 1.57e-05)max mem: 7.80408 GB 
[09/28 01:52:50 visual_prompt]: Inference (test):avg data time: 3.32e-05, avg batch time: 0.2175, average loss: 2.1804
[09/28 01:52:50 visual_prompt]: Classification results with test_vtab-svhn: top1: 22.52	top5: 71.28	
[09/28 01:52:50 visual_prompt]: Training 12 / 100 epoch, with learning rate 0.49984770675477397
[09/28 01:53:00 visual_prompt]: Epoch 12 / 100: avg data time: 9.38e-02, avg batch time: 0.5495, average train loss: 1.9640
[09/28 01:53:03 visual_prompt]: Inference (val):avg data time: 3.12e-05, avg batch time: 0.1683, average loss: 1.8789
[09/28 01:53:03 visual_prompt]: Classification results with val_vtab-svhn: top1: 35.50	top5: 78.00	
[09/28 01:53:27 visual_prompt]: 	Test 100/407. loss: 2.313, 0.2156 s / batch. (data: 2.57e-05)max mem: 7.80408 GB 
[09/28 01:53:48 visual_prompt]: 	Test 200/407. loss: 2.074, 0.2179 s / batch. (data: 9.56e-05)max mem: 7.80408 GB 
[09/28 01:54:10 visual_prompt]: 	Test 300/407. loss: 1.793, 0.2175 s / batch. (data: 2.38e-05)max mem: 7.80408 GB 
[09/28 01:54:32 visual_prompt]: 	Test 400/407. loss: 1.839, 0.2174 s / batch. (data: 1.43e-05)max mem: 7.80408 GB 
[09/28 01:54:35 visual_prompt]: Inference (test):avg data time: 3.37e-05, avg batch time: 0.2175, average loss: 1.9140
[09/28 01:54:35 visual_prompt]: Classification results with test_vtab-svhn: top1: 31.85	top5: 77.55	
[09/28 01:54:35 visual_prompt]: Best epoch 12: best metric: 0.355
[09/28 01:54:35 visual_prompt]: Training 13 / 100 epoch, with learning rate 0.49939101256495605
[09/28 01:54:45 visual_prompt]: Epoch 13 / 100: avg data time: 1.01e-01, avg batch time: 0.5564, average train loss: 1.8445
[09/28 01:54:48 visual_prompt]: Inference (val):avg data time: 2.06e-05, avg batch time: 0.1682, average loss: 1.7383
[09/28 01:54:48 visual_prompt]: Classification results with val_vtab-svhn: top1: 42.50	top5: 80.50	
[09/28 01:55:12 visual_prompt]: 	Test 100/407. loss: 1.989, 0.2176 s / batch. (data: 2.65e-05)max mem: 7.80408 GB 
[09/28 01:55:33 visual_prompt]: 	Test 200/407. loss: 1.861, 0.2185 s / batch. (data: 2.48e-05)max mem: 7.80408 GB 
[09/28 01:55:55 visual_prompt]: 	Test 300/407. loss: 1.757, 0.2184 s / batch. (data: 6.46e-05)max mem: 7.80408 GB 
[09/28 01:56:17 visual_prompt]: 	Test 400/407. loss: 1.880, 0.2178 s / batch. (data: 1.36e-05)max mem: 7.80408 GB 
[09/28 01:56:20 visual_prompt]: Inference (test):avg data time: 3.31e-05, avg batch time: 0.2175, average loss: 1.7804
[09/28 01:56:20 visual_prompt]: Classification results with test_vtab-svhn: top1: 37.04	top5: 82.74	
[09/28 01:56:20 visual_prompt]: Best epoch 13: best metric: 0.425
[09/28 01:56:20 visual_prompt]: Training 14 / 100 epoch, with learning rate 0.4986304738420683
[09/28 01:56:30 visual_prompt]: Epoch 14 / 100: avg data time: 1.09e-01, avg batch time: 0.5639, average train loss: 1.6709
[09/28 01:56:34 visual_prompt]: Inference (val):avg data time: 1.97e-05, avg batch time: 0.1683, average loss: 1.8291
[09/28 01:56:34 visual_prompt]: Classification results with val_vtab-svhn: top1: 35.00	top5: 82.00	
[09/28 01:56:57 visual_prompt]: 	Test 100/407. loss: 2.092, 0.2305 s / batch. (data: 2.57e-05)max mem: 7.80408 GB 
[09/28 01:57:19 visual_prompt]: 	Test 200/407. loss: 1.990, 0.2172 s / batch. (data: 2.69e-05)max mem: 7.80408 GB 
[09/28 01:57:40 visual_prompt]: 	Test 300/407. loss: 1.684, 0.2188 s / batch. (data: 2.72e-05)max mem: 7.80408 GB 
[09/28 01:58:02 visual_prompt]: 	Test 400/407. loss: 1.839, 0.2184 s / batch. (data: 1.36e-05)max mem: 7.80408 GB 
[09/28 01:58:05 visual_prompt]: Inference (test):avg data time: 3.58e-05, avg batch time: 0.2174, average loss: 1.9525
[09/28 01:58:05 visual_prompt]: Classification results with test_vtab-svhn: top1: 34.66	top5: 77.12	
[09/28 01:58:05 visual_prompt]: Training 15 / 100 epoch, with learning rate 0.4975670171853926
[09/28 01:58:15 visual_prompt]: Epoch 15 / 100: avg data time: 9.76e-02, avg batch time: 0.5526, average train loss: 1.5023
[09/28 01:58:19 visual_prompt]: Inference (val):avg data time: 1.88e-05, avg batch time: 0.1685, average loss: 1.0762
[09/28 01:58:19 visual_prompt]: Classification results with val_vtab-svhn: top1: 59.00	top5: 96.00	
[09/28 01:58:42 visual_prompt]: 	Test 100/407. loss: 1.437, 0.2173 s / batch. (data: 2.57e-05)max mem: 7.80408 GB 
[09/28 01:59:04 visual_prompt]: 	Test 200/407. loss: 1.238, 0.2178 s / batch. (data: 2.79e-05)max mem: 7.80408 GB 
[09/28 01:59:25 visual_prompt]: 	Test 300/407. loss: 1.190, 0.2181 s / batch. (data: 3.24e-05)max mem: 7.80408 GB 
[09/28 01:59:47 visual_prompt]: 	Test 400/407. loss: 1.179, 0.2176 s / batch. (data: 1.48e-05)max mem: 7.80408 GB 
[09/28 01:59:50 visual_prompt]: Inference (test):avg data time: 3.50e-05, avg batch time: 0.2175, average loss: 1.2764
[09/28 01:59:50 visual_prompt]: Classification results with test_vtab-svhn: top1: 51.83	top5: 92.69	
[09/28 01:59:50 visual_prompt]: Best epoch 15: best metric: 0.590
[09/28 01:59:50 visual_prompt]: Training 16 / 100 epoch, with learning rate 0.49620193825305203
[09/28 02:00:00 visual_prompt]: Epoch 16 / 100: avg data time: 1.03e-01, avg batch time: 0.5568, average train loss: 1.3951
[09/28 02:00:04 visual_prompt]: Inference (val):avg data time: 2.10e-05, avg batch time: 0.1682, average loss: 1.1677
[09/28 02:00:04 visual_prompt]: Classification results with val_vtab-svhn: top1: 60.00	top5: 93.50	
[09/28 02:00:27 visual_prompt]: 	Test 100/407. loss: 1.748, 0.2173 s / batch. (data: 3.03e-05)max mem: 7.80408 GB 
[09/28 02:00:49 visual_prompt]: 	Test 200/407. loss: 1.489, 0.2185 s / batch. (data: 2.77e-05)max mem: 7.80408 GB 
[09/28 02:01:10 visual_prompt]: 	Test 300/407. loss: 1.502, 0.2180 s / batch. (data: 6.34e-05)max mem: 7.80408 GB 
[09/28 02:01:32 visual_prompt]: 	Test 400/407. loss: 1.399, 0.2186 s / batch. (data: 1.41e-05)max mem: 7.80408 GB 
[09/28 02:01:35 visual_prompt]: Inference (test):avg data time: 3.73e-05, avg batch time: 0.2175, average loss: 1.4147
[09/28 02:01:35 visual_prompt]: Classification results with test_vtab-svhn: top1: 49.35	top5: 89.52	
[09/28 02:01:35 visual_prompt]: Best epoch 16: best metric: 0.600
[09/28 02:01:35 visual_prompt]: Training 17 / 100 epoch, with learning rate 0.4945369001834514
[09/28 02:01:45 visual_prompt]: Epoch 17 / 100: avg data time: 1.01e-01, avg batch time: 0.5549, average train loss: 1.1783
[09/28 02:01:49 visual_prompt]: Inference (val):avg data time: 2.07e-05, avg batch time: 0.1686, average loss: 1.0180
[09/28 02:01:49 visual_prompt]: Classification results with val_vtab-svhn: top1: 58.50	top5: 94.50	
[09/28 02:02:12 visual_prompt]: 	Test 100/407. loss: 1.374, 0.2160 s / batch. (data: 2.46e-05)max mem: 7.80408 GB 
[09/28 02:02:34 visual_prompt]: 	Test 200/407. loss: 1.300, 0.2181 s / batch. (data: 2.55e-05)max mem: 7.80408 GB 
[09/28 02:02:56 visual_prompt]: 	Test 300/407. loss: 1.182, 0.2182 s / batch. (data: 2.74e-05)max mem: 7.80408 GB 
[09/28 02:03:17 visual_prompt]: 	Test 400/407. loss: 1.218, 0.2187 s / batch. (data: 1.55e-05)max mem: 7.80408 GB 
[09/28 02:03:20 visual_prompt]: Inference (test):avg data time: 3.63e-05, avg batch time: 0.2176, average loss: 1.3769
[09/28 02:03:20 visual_prompt]: Classification results with test_vtab-svhn: top1: 51.26	top5: 92.04	
[09/28 02:03:20 visual_prompt]: Training 18 / 100 epoch, with learning rate 0.4925739315689991
[09/28 02:03:30 visual_prompt]: Epoch 18 / 100: avg data time: 1.03e-01, avg batch time: 0.5570, average train loss: 1.0543
[09/28 02:03:34 visual_prompt]: Inference (val):avg data time: 2.11e-05, avg batch time: 0.1684, average loss: 1.0919
[09/28 02:03:34 visual_prompt]: Classification results with val_vtab-svhn: top1: 64.50	top5: 95.50	
[09/28 02:03:57 visual_prompt]: 	Test 100/407. loss: 1.639, 0.2181 s / batch. (data: 2.79e-05)max mem: 7.80408 GB 
[09/28 02:04:19 visual_prompt]: 	Test 200/407. loss: 1.398, 0.2191 s / batch. (data: 2.57e-05)max mem: 7.80408 GB 
[09/28 02:04:41 visual_prompt]: 	Test 300/407. loss: 1.567, 0.2185 s / batch. (data: 2.67e-05)max mem: 7.80408 GB 
[09/28 02:05:03 visual_prompt]: 	Test 400/407. loss: 1.444, 0.2182 s / batch. (data: 1.76e-05)max mem: 7.80408 GB 
[09/28 02:05:06 visual_prompt]: Inference (test):avg data time: 3.27e-05, avg batch time: 0.2175, average loss: 1.4794
[09/28 02:05:06 visual_prompt]: Classification results with test_vtab-svhn: top1: 49.78	top5: 89.94	
[09/28 02:05:06 visual_prompt]: Best epoch 18: best metric: 0.645
[09/28 02:05:06 visual_prompt]: Training 19 / 100 epoch, with learning rate 0.4903154239845797
[09/28 02:05:16 visual_prompt]: Epoch 19 / 100: avg data time: 1.10e-01, avg batch time: 0.5644, average train loss: 1.0384
[09/28 02:05:19 visual_prompt]: Inference (val):avg data time: 2.06e-05, avg batch time: 0.1682, average loss: 0.8428
[09/28 02:05:19 visual_prompt]: Classification results with val_vtab-svhn: top1: 73.50	top5: 98.50	
[09/28 02:05:42 visual_prompt]: 	Test 100/407. loss: 1.343, 0.2170 s / batch. (data: 2.60e-05)max mem: 7.80408 GB 
[09/28 02:06:04 visual_prompt]: 	Test 200/407. loss: 1.119, 0.2189 s / batch. (data: 2.53e-05)max mem: 7.80408 GB 
[09/28 02:06:26 visual_prompt]: 	Test 300/407. loss: 1.034, 0.2176 s / batch. (data: 2.50e-05)max mem: 7.80408 GB 
[09/28 02:06:48 visual_prompt]: 	Test 400/407. loss: 1.046, 0.2180 s / batch. (data: 1.62e-05)max mem: 7.80408 GB 
[09/28 02:06:51 visual_prompt]: Inference (test):avg data time: 3.91e-05, avg batch time: 0.2174, average loss: 1.1291
[09/28 02:06:51 visual_prompt]: Classification results with test_vtab-svhn: top1: 60.00	top5: 94.91	
[09/28 02:06:51 visual_prompt]: Best epoch 19: best metric: 0.735
[09/28 02:06:51 visual_prompt]: Training 20 / 100 epoch, with learning rate 0.4877641290737884
[09/28 02:07:01 visual_prompt]: Epoch 20 / 100: avg data time: 9.55e-02, avg batch time: 0.5503, average train loss: 1.1488
[09/28 02:07:04 visual_prompt]: Inference (val):avg data time: 2.12e-05, avg batch time: 0.1684, average loss: 0.9965
[09/28 02:07:04 visual_prompt]: Classification results with val_vtab-svhn: top1: 67.00	top5: 94.00	
[09/28 02:07:27 visual_prompt]: 	Test 100/407. loss: 1.579, 0.2177 s / batch. (data: 2.77e-05)max mem: 7.80408 GB 
[09/28 02:07:49 visual_prompt]: 	Test 200/407. loss: 1.372, 0.2172 s / batch. (data: 2.74e-05)max mem: 7.80408 GB 
[09/28 02:08:11 visual_prompt]: 	Test 300/407. loss: 1.046, 0.2183 s / batch. (data: 6.29e-05)max mem: 7.80408 GB 
[09/28 02:08:33 visual_prompt]: 	Test 400/407. loss: 1.230, 0.2186 s / batch. (data: 1.55e-05)max mem: 7.80408 GB 
[09/28 02:08:36 visual_prompt]: Inference (test):avg data time: 3.38e-05, avg batch time: 0.2175, average loss: 1.2296
[09/28 02:08:36 visual_prompt]: Classification results with test_vtab-svhn: top1: 61.58	top5: 93.90	
[09/28 02:08:36 visual_prompt]: Training 21 / 100 epoch, with learning rate 0.4849231551964771
[09/28 02:08:46 visual_prompt]: Epoch 21 / 100: avg data time: 1.04e-01, avg batch time: 0.5593, average train loss: 0.9086
[09/28 02:08:49 visual_prompt]: Inference (val):avg data time: 1.45e-05, avg batch time: 0.1683, average loss: 0.8428
[09/28 02:08:49 visual_prompt]: Classification results with val_vtab-svhn: top1: 70.50	top5: 99.50	
[09/28 02:09:12 visual_prompt]: 	Test 100/407. loss: 1.099, 0.2173 s / batch. (data: 9.37e-05)max mem: 7.80408 GB 
[09/28 02:09:34 visual_prompt]: 	Test 200/407. loss: 1.038, 0.2184 s / batch. (data: 2.65e-05)max mem: 7.80408 GB 
[09/28 02:09:56 visual_prompt]: 	Test 300/407. loss: 0.994, 0.2179 s / batch. (data: 7.18e-05)max mem: 7.80408 GB 
[09/28 02:10:18 visual_prompt]: 	Test 400/407. loss: 1.173, 0.2171 s / batch. (data: 1.36e-05)max mem: 7.80408 GB 
[09/28 02:10:21 visual_prompt]: Inference (test):avg data time: 3.54e-05, avg batch time: 0.2176, average loss: 1.0791
[09/28 02:10:21 visual_prompt]: Classification results with test_vtab-svhn: top1: 62.58	top5: 96.20	
[09/28 02:10:21 visual_prompt]: Training 22 / 100 epoch, with learning rate 0.48179596364169686
[09/28 02:10:31 visual_prompt]: Epoch 22 / 100: avg data time: 1.03e-01, avg batch time: 0.5576, average train loss: 1.3370
[09/28 02:10:34 visual_prompt]: Inference (val):avg data time: 1.96e-05, avg batch time: 0.1685, average loss: 1.5548
[09/28 02:10:34 visual_prompt]: Classification results with val_vtab-svhn: top1: 50.50	top5: 90.50	
[09/28 02:10:58 visual_prompt]: 	Test 100/407. loss: 1.853, 0.2171 s / batch. (data: 2.62e-05)max mem: 7.80408 GB 
[09/28 02:11:19 visual_prompt]: 	Test 200/407. loss: 1.677, 0.2177 s / batch. (data: 2.67e-05)max mem: 7.80408 GB 
[09/28 02:11:41 visual_prompt]: 	Test 300/407. loss: 1.879, 0.2179 s / batch. (data: 2.55e-05)max mem: 7.80408 GB 
[09/28 02:12:03 visual_prompt]: 	Test 400/407. loss: 1.672, 0.2179 s / batch. (data: 1.72e-05)max mem: 7.80408 GB 
[09/28 02:12:06 visual_prompt]: Inference (test):avg data time: 3.49e-05, avg batch time: 0.2175, average loss: 1.7249
[09/28 02:12:06 visual_prompt]: Classification results with test_vtab-svhn: top1: 38.72	top5: 84.25	
[09/28 02:12:06 visual_prompt]: Training 23 / 100 epoch, with learning rate 0.4783863644106502
[09/28 02:12:16 visual_prompt]: Epoch 23 / 100: avg data time: 9.16e-02, avg batch time: 0.5480, average train loss: 1.0578
[09/28 02:12:19 visual_prompt]: Inference (val):avg data time: 1.98e-05, avg batch time: 0.1683, average loss: 0.5923
[09/28 02:12:19 visual_prompt]: Classification results with val_vtab-svhn: top1: 83.50	top5: 99.00	
[09/28 02:12:43 visual_prompt]: 	Test 100/407. loss: 0.849, 0.2184 s / batch. (data: 2.43e-05)max mem: 7.80408 GB 
[09/28 02:13:04 visual_prompt]: 	Test 200/407. loss: 0.847, 0.2188 s / batch. (data: 2.55e-05)max mem: 7.80408 GB 
[09/28 02:13:26 visual_prompt]: 	Test 300/407. loss: 0.897, 0.2178 s / batch. (data: 2.77e-05)max mem: 7.80408 GB 
[09/28 02:13:48 visual_prompt]: 	Test 400/407. loss: 1.025, 0.2170 s / batch. (data: 1.45e-05)max mem: 7.80408 GB 
[09/28 02:13:51 visual_prompt]: Inference (test):avg data time: 3.33e-05, avg batch time: 0.2176, average loss: 0.8741
[09/28 02:13:51 visual_prompt]: Classification results with test_vtab-svhn: top1: 70.54	top5: 96.72	
[09/28 02:13:51 visual_prompt]: Best epoch 23: best metric: 0.835
[09/28 02:13:51 visual_prompt]: Training 24 / 100 epoch, with learning rate 0.47469851157479176
[09/28 02:14:01 visual_prompt]: Epoch 24 / 100: avg data time: 1.10e-01, avg batch time: 0.5642, average train loss: 0.7206
[09/28 02:14:05 visual_prompt]: Inference (val):avg data time: 1.81e-05, avg batch time: 0.1680, average loss: 0.4495
[09/28 02:14:05 visual_prompt]: Classification results with val_vtab-svhn: top1: 83.50	top5: 99.50	
[09/28 02:14:28 visual_prompt]: 	Test 100/407. loss: 1.254, 0.2173 s / batch. (data: 2.74e-05)max mem: 7.80408 GB 
[09/28 02:14:50 visual_prompt]: 	Test 200/407. loss: 1.003, 0.2166 s / batch. (data: 2.62e-05)max mem: 7.80408 GB 
[09/28 02:15:12 visual_prompt]: 	Test 300/407. loss: 0.837, 0.2178 s / batch. (data: 3.31e-05)max mem: 7.80408 GB 
[09/28 02:15:33 visual_prompt]: 	Test 400/407. loss: 0.883, 0.2181 s / batch. (data: 1.65e-05)max mem: 7.80408 GB 
[09/28 02:15:36 visual_prompt]: Inference (test):avg data time: 4.67e-05, avg batch time: 0.2177, average loss: 0.8705
[09/28 02:15:36 visual_prompt]: Classification results with test_vtab-svhn: top1: 71.48	top5: 97.27	
[09/28 02:15:36 visual_prompt]: Training 25 / 100 epoch, with learning rate 0.47073689821473175
[09/28 02:15:46 visual_prompt]: Epoch 25 / 100: avg data time: 9.99e-02, avg batch time: 0.5552, average train loss: 0.5724
[09/28 02:15:50 visual_prompt]: Inference (val):avg data time: 1.85e-05, avg batch time: 0.1682, average loss: 0.3045
[09/28 02:15:50 visual_prompt]: Classification results with val_vtab-svhn: top1: 90.00	top5: 100.00	
[09/28 02:16:13 visual_prompt]: 	Test 100/407. loss: 0.826, 0.2177 s / batch. (data: 2.67e-05)max mem: 7.80408 GB 
[09/28 02:16:35 visual_prompt]: 	Test 200/407. loss: 0.690, 0.2177 s / batch. (data: 2.60e-05)max mem: 7.80408 GB 
[09/28 02:16:57 visual_prompt]: 	Test 300/407. loss: 0.636, 0.2180 s / batch. (data: 7.15e-05)max mem: 7.80408 GB 
[09/28 02:17:18 visual_prompt]: 	Test 400/407. loss: 0.702, 0.2185 s / batch. (data: 1.57e-05)max mem: 7.80408 GB 
[09/28 02:17:21 visual_prompt]: Inference (test):avg data time: 3.25e-05, avg batch time: 0.2176, average loss: 0.7051
[09/28 02:17:22 visual_prompt]: Classification results with test_vtab-svhn: top1: 77.85	top5: 97.20	
[09/28 02:17:22 visual_prompt]: Best epoch 25: best metric: 0.900
[09/28 02:17:22 visual_prompt]: Training 26 / 100 epoch, with learning rate 0.4665063509461097
[09/28 02:17:32 visual_prompt]: Epoch 26 / 100: avg data time: 1.04e-01, avg batch time: 0.5591, average train loss: 0.3884
[09/28 02:17:35 visual_prompt]: Inference (val):avg data time: 1.69e-05, avg batch time: 0.1682, average loss: 0.1539
[09/28 02:17:35 visual_prompt]: Classification results with val_vtab-svhn: top1: 96.00	top5: 100.00	
[09/28 02:17:58 visual_prompt]: 	Test 100/407. loss: 0.743, 0.2166 s / batch. (data: 2.65e-05)max mem: 7.80408 GB 
[09/28 02:18:20 visual_prompt]: 	Test 200/407. loss: 0.759, 0.2174 s / batch. (data: 7.06e-05)max mem: 7.80408 GB 
[09/28 02:18:42 visual_prompt]: 	Test 300/407. loss: 0.698, 0.2174 s / batch. (data: 2.91e-05)max mem: 7.80408 GB 
[09/28 02:19:04 visual_prompt]: 	Test 400/407. loss: 0.645, 0.2186 s / batch. (data: 1.50e-05)max mem: 7.80408 GB 
[09/28 02:19:07 visual_prompt]: Inference (test):avg data time: 4.35e-05, avg batch time: 0.2180, average loss: 0.6458
[09/28 02:19:07 visual_prompt]: Classification results with test_vtab-svhn: top1: 79.46	top5: 98.16	
[09/28 02:19:07 visual_prompt]: Best epoch 26: best metric: 0.960
[09/28 02:19:07 visual_prompt]: Training 27 / 100 epoch, with learning rate 0.46201202403910646
[09/28 02:19:17 visual_prompt]: Epoch 27 / 100: avg data time: 1.01e-01, avg batch time: 0.5581, average train loss: 0.3055
[09/28 02:19:20 visual_prompt]: Inference (val):avg data time: 1.60e-05, avg batch time: 0.1680, average loss: 0.1594
[09/28 02:19:20 visual_prompt]: Classification results with val_vtab-svhn: top1: 96.00	top5: 99.50	
[09/28 02:19:44 visual_prompt]: 	Test 100/407. loss: 0.839, 0.2173 s / batch. (data: 2.55e-05)max mem: 7.80408 GB 
[09/28 02:20:05 visual_prompt]: 	Test 200/407. loss: 0.846, 0.2180 s / batch. (data: 2.65e-05)max mem: 7.80408 GB 
[09/28 02:20:27 visual_prompt]: 	Test 300/407. loss: 0.603, 0.2177 s / batch. (data: 2.74e-05)max mem: 7.80408 GB 
[09/28 02:20:49 visual_prompt]: 	Test 400/407. loss: 0.697, 0.2197 s / batch. (data: 1.57e-05)max mem: 7.80408 GB 
[09/28 02:20:52 visual_prompt]: Inference (test):avg data time: 3.55e-05, avg batch time: 0.2177, average loss: 0.6742
[09/28 02:20:52 visual_prompt]: Classification results with test_vtab-svhn: top1: 79.90	top5: 97.33	
[09/28 02:20:52 visual_prompt]: Training 28 / 100 epoch, with learning rate 0.4572593931387604
[09/28 02:21:02 visual_prompt]: Epoch 28 / 100: avg data time: 9.50e-02, avg batch time: 0.5501, average train loss: 0.2248
[09/28 02:21:05 visual_prompt]: Inference (val):avg data time: 2.25e-05, avg batch time: 0.1680, average loss: 0.0897
[09/28 02:21:05 visual_prompt]: Classification results with val_vtab-svhn: top1: 97.50	top5: 100.00	
[09/28 02:21:29 visual_prompt]: 	Test 100/407. loss: 0.685, 0.2175 s / batch. (data: 2.79e-05)max mem: 7.80408 GB 
[09/28 02:21:51 visual_prompt]: 	Test 200/407. loss: 0.585, 0.2175 s / batch. (data: 2.69e-05)max mem: 7.80408 GB 
[09/28 02:22:12 visual_prompt]: 	Test 300/407. loss: 0.727, 0.2181 s / batch. (data: 2.84e-05)max mem: 7.80408 GB 
[09/28 02:22:34 visual_prompt]: 	Test 400/407. loss: 0.750, 0.2186 s / batch. (data: 1.57e-05)max mem: 7.80408 GB 
[09/28 02:22:37 visual_prompt]: Inference (test):avg data time: 3.35e-05, avg batch time: 0.2177, average loss: 0.5782
[09/28 02:22:37 visual_prompt]: Classification results with test_vtab-svhn: top1: 82.36	top5: 98.31	
[09/28 02:22:37 visual_prompt]: Best epoch 28: best metric: 0.975
[09/28 02:22:37 visual_prompt]: Training 29 / 100 epoch, with learning rate 0.45225424859373686
[09/28 02:22:47 visual_prompt]: Epoch 29 / 100: avg data time: 9.84e-02, avg batch time: 0.5541, average train loss: 0.1502
[09/28 02:22:51 visual_prompt]: Inference (val):avg data time: 2.38e-05, avg batch time: 0.1688, average loss: 0.1068
[09/28 02:22:51 visual_prompt]: Classification results with val_vtab-svhn: top1: 96.00	top5: 100.00	
[09/28 02:23:14 visual_prompt]: 	Test 100/407. loss: 0.722, 0.2168 s / batch. (data: 2.96e-05)max mem: 7.80408 GB 
[09/28 02:23:36 visual_prompt]: 	Test 200/407. loss: 0.621, 0.2172 s / batch. (data: 2.50e-05)max mem: 7.80408 GB 
[09/28 02:23:58 visual_prompt]: 	Test 300/407. loss: 0.586, 0.2180 s / batch. (data: 2.84e-05)max mem: 7.80408 GB 
[09/28 02:24:19 visual_prompt]: 	Test 400/407. loss: 0.702, 0.2192 s / batch. (data: 1.50e-05)max mem: 7.80408 GB 
[09/28 02:24:22 visual_prompt]: Inference (test):avg data time: 3.46e-05, avg batch time: 0.2177, average loss: 0.6120
[09/28 02:24:22 visual_prompt]: Classification results with test_vtab-svhn: top1: 81.44	top5: 98.21	
[09/28 02:24:22 visual_prompt]: Training 30 / 100 epoch, with learning rate 0.44700268840168045
[09/28 02:24:33 visual_prompt]: Epoch 30 / 100: avg data time: 1.04e-01, avg batch time: 0.5595, average train loss: 0.1337
[09/28 02:24:36 visual_prompt]: Inference (val):avg data time: 2.13e-05, avg batch time: 0.1686, average loss: 0.0630
[09/28 02:24:36 visual_prompt]: Classification results with val_vtab-svhn: top1: 98.50	top5: 100.00	
[09/28 02:24:59 visual_prompt]: 	Test 100/407. loss: 0.751, 0.2178 s / batch. (data: 3.03e-05)max mem: 7.80408 GB 
[09/28 02:25:21 visual_prompt]: 	Test 200/407. loss: 0.761, 0.2181 s / batch. (data: 7.13e-05)max mem: 7.80408 GB 
[09/28 02:25:43 visual_prompt]: 	Test 300/407. loss: 0.659, 0.2189 s / batch. (data: 2.77e-05)max mem: 7.80408 GB 
[09/28 02:26:05 visual_prompt]: 	Test 400/407. loss: 0.680, 0.2178 s / batch. (data: 1.79e-05)max mem: 7.80408 GB 
[09/28 02:26:08 visual_prompt]: Inference (test):avg data time: 7.49e-05, avg batch time: 0.2177, average loss: 0.6171
[09/28 02:26:08 visual_prompt]: Classification results with test_vtab-svhn: top1: 81.61	top5: 98.41	
[09/28 02:26:08 visual_prompt]: Best epoch 30: best metric: 0.985
[09/28 02:26:08 visual_prompt]: Training 31 / 100 epoch, with learning rate 0.4415111107797445
[09/28 02:26:18 visual_prompt]: Epoch 31 / 100: avg data time: 1.05e-01, avg batch time: 0.5610, average train loss: 0.0903
[09/28 02:26:21 visual_prompt]: Inference (val):avg data time: 1.96e-05, avg batch time: 0.1686, average loss: 0.0480
[09/28 02:26:21 visual_prompt]: Classification results with val_vtab-svhn: top1: 99.00	top5: 100.00	
[09/28 02:26:44 visual_prompt]: 	Test 100/407. loss: 0.779, 0.2167 s / batch. (data: 2.57e-05)max mem: 7.80408 GB 
[09/28 02:27:06 visual_prompt]: 	Test 200/407. loss: 0.851, 0.2183 s / batch. (data: 2.43e-05)max mem: 7.80408 GB 
[09/28 02:27:28 visual_prompt]: 	Test 300/407. loss: 0.519, 0.2167 s / batch. (data: 2.74e-05)max mem: 7.80408 GB 
[09/28 02:27:50 visual_prompt]: 	Test 400/407. loss: 0.641, 0.2181 s / batch. (data: 1.67e-05)max mem: 7.80408 GB 
[09/28 02:27:53 visual_prompt]: Inference (test):avg data time: 3.57e-05, avg batch time: 0.2176, average loss: 0.5898
[09/28 02:27:53 visual_prompt]: Classification results with test_vtab-svhn: top1: 83.39	top5: 97.94	
[09/28 02:27:53 visual_prompt]: Best epoch 31: best metric: 0.990
[09/28 02:27:53 visual_prompt]: Training 32 / 100 epoch, with learning rate 0.43578620636934856
[09/28 02:28:03 visual_prompt]: Epoch 32 / 100: avg data time: 1.01e-01, avg batch time: 0.5568, average train loss: 0.1071
[09/28 02:28:06 visual_prompt]: Inference (val):avg data time: 2.04e-05, avg batch time: 0.1682, average loss: 0.0682
[09/28 02:28:06 visual_prompt]: Classification results with val_vtab-svhn: top1: 98.00	top5: 100.00	
[09/28 02:28:29 visual_prompt]: 	Test 100/407. loss: 0.755, 0.2175 s / batch. (data: 2.31e-05)max mem: 7.80408 GB 
[09/28 02:28:51 visual_prompt]: 	Test 200/407. loss: 0.630, 0.2167 s / batch. (data: 2.79e-05)max mem: 7.80408 GB 
[09/28 02:29:13 visual_prompt]: 	Test 300/407. loss: 0.604, 0.2180 s / batch. (data: 2.57e-05)max mem: 7.80408 GB 
[09/28 02:29:35 visual_prompt]: 	Test 400/407. loss: 0.731, 0.2178 s / batch. (data: 2.10e-05)max mem: 7.80408 GB 
[09/28 02:29:38 visual_prompt]: Inference (test):avg data time: 3.50e-05, avg batch time: 0.2177, average loss: 0.6226
[09/28 02:29:38 visual_prompt]: Classification results with test_vtab-svhn: top1: 82.06	top5: 97.58	
[09/28 02:29:38 visual_prompt]: Training 33 / 100 epoch, with learning rate 0.42983495008466277
[09/28 02:29:48 visual_prompt]: Epoch 33 / 100: avg data time: 9.49e-02, avg batch time: 0.5506, average train loss: 0.1012
[09/28 02:29:51 visual_prompt]: Inference (val):avg data time: 1.90e-05, avg batch time: 0.1683, average loss: 0.0733
[09/28 02:29:51 visual_prompt]: Classification results with val_vtab-svhn: top1: 98.50	top5: 100.00	
[09/28 02:30:14 visual_prompt]: 	Test 100/407. loss: 0.747, 0.2169 s / batch. (data: 9.32e-05)max mem: 7.80408 GB 
[09/28 02:30:36 visual_prompt]: 	Test 200/407. loss: 0.853, 0.2175 s / batch. (data: 2.65e-05)max mem: 7.80408 GB 
[09/28 02:30:58 visual_prompt]: 	Test 300/407. loss: 0.848, 0.2176 s / batch. (data: 2.65e-05)max mem: 7.80408 GB 
[09/28 02:31:20 visual_prompt]: 	Test 400/407. loss: 0.868, 0.2173 s / batch. (data: 1.57e-05)max mem: 7.80408 GB 
[09/28 02:31:23 visual_prompt]: Inference (test):avg data time: 3.65e-05, avg batch time: 0.2176, average loss: 0.7723
[09/28 02:31:23 visual_prompt]: Classification results with test_vtab-svhn: top1: 79.43	top5: 97.39	
[09/28 02:31:23 visual_prompt]: Training 34 / 100 epoch, with learning rate 0.4236645926147493
[09/28 02:31:33 visual_prompt]: Epoch 34 / 100: avg data time: 1.08e-01, avg batch time: 0.5633, average train loss: 0.1523
[09/28 02:31:36 visual_prompt]: Inference (val):avg data time: 1.87e-05, avg batch time: 0.1684, average loss: 0.0990
[09/28 02:31:36 visual_prompt]: Classification results with val_vtab-svhn: top1: 96.50	top5: 100.00	
[09/28 02:32:00 visual_prompt]: 	Test 100/407. loss: 0.819, 0.2174 s / batch. (data: 2.43e-05)max mem: 7.80408 GB 
[09/28 02:32:22 visual_prompt]: 	Test 200/407. loss: 0.834, 0.2177 s / batch. (data: 8.06e-05)max mem: 7.80408 GB 
[09/28 02:32:43 visual_prompt]: 	Test 300/407. loss: 0.854, 0.2175 s / batch. (data: 2.81e-05)max mem: 7.80408 GB 
[09/28 02:33:05 visual_prompt]: 	Test 400/407. loss: 0.899, 0.2195 s / batch. (data: 1.22e-05)max mem: 7.80408 GB 
[09/28 02:33:08 visual_prompt]: Inference (test):avg data time: 3.17e-05, avg batch time: 0.2178, average loss: 0.7649
[09/28 02:33:08 visual_prompt]: Classification results with test_vtab-svhn: top1: 79.50	top5: 97.58	
[09/28 02:33:08 visual_prompt]: Training 35 / 100 epoch, with learning rate 0.41728265158971456
[09/28 02:33:18 visual_prompt]: Epoch 35 / 100: avg data time: 9.43e-02, avg batch time: 0.5496, average train loss: 0.1151
[09/28 02:33:21 visual_prompt]: Inference (val):avg data time: 2.30e-05, avg batch time: 0.1685, average loss: 0.0355
[09/28 02:33:21 visual_prompt]: Classification results with val_vtab-svhn: top1: 99.50	top5: 100.00	
[09/28 02:33:45 visual_prompt]: 	Test 100/407. loss: 0.597, 0.2173 s / batch. (data: 6.41e-05)max mem: 7.80408 GB 
[09/28 02:34:07 visual_prompt]: 	Test 200/407. loss: 0.491, 0.2177 s / batch. (data: 2.88e-05)max mem: 7.80408 GB 
[09/28 02:34:28 visual_prompt]: 	Test 300/407. loss: 0.635, 0.2186 s / batch. (data: 2.74e-05)max mem: 7.80408 GB 
[09/28 02:34:50 visual_prompt]: 	Test 400/407. loss: 0.618, 0.2191 s / batch. (data: 1.36e-05)max mem: 7.80408 GB 
[09/28 02:34:53 visual_prompt]: Inference (test):avg data time: 3.40e-05, avg batch time: 0.2178, average loss: 0.5657
[09/28 02:34:53 visual_prompt]: Classification results with test_vtab-svhn: top1: 83.79	top5: 98.05	
[09/28 02:34:53 visual_prompt]: Best epoch 35: best metric: 0.995
[09/28 02:34:53 visual_prompt]: Training 36 / 100 epoch, with learning rate 0.4106969024216348
[09/28 02:35:03 visual_prompt]: Epoch 36 / 100: avg data time: 9.79e-02, avg batch time: 0.5525, average train loss: 0.0833
[09/28 02:35:07 visual_prompt]: Inference (val):avg data time: 2.03e-05, avg batch time: 0.1683, average loss: 0.1202
[09/28 02:35:07 visual_prompt]: Classification results with val_vtab-svhn: top1: 95.00	top5: 100.00	
[09/28 02:35:30 visual_prompt]: 	Test 100/407. loss: 0.609, 0.2173 s / batch. (data: 2.91e-05)max mem: 7.80408 GB 
[09/28 02:35:52 visual_prompt]: 	Test 200/407. loss: 0.720, 0.2186 s / batch. (data: 2.77e-05)max mem: 7.80408 GB 
[09/28 02:36:14 visual_prompt]: 	Test 300/407. loss: 0.588, 0.2201 s / batch. (data: 2.81e-05)max mem: 7.80408 GB 
[09/28 02:36:36 visual_prompt]: 	Test 400/407. loss: 0.816, 0.2175 s / batch. (data: 1.48e-05)max mem: 7.80408 GB 
[09/28 02:36:39 visual_prompt]: Inference (test):avg data time: 3.57e-05, avg batch time: 0.2177, average loss: 0.7183
[09/28 02:36:39 visual_prompt]: Classification results with test_vtab-svhn: top1: 81.48	top5: 97.10	
[09/28 02:36:39 visual_prompt]: Training 37 / 100 epoch, with learning rate 0.40391536883141455
[09/28 02:36:49 visual_prompt]: Epoch 37 / 100: avg data time: 1.05e-01, avg batch time: 0.5592, average train loss: 0.1087
[09/28 02:36:52 visual_prompt]: Inference (val):avg data time: 2.07e-05, avg batch time: 0.1678, average loss: 0.0621
[09/28 02:36:52 visual_prompt]: Classification results with val_vtab-svhn: top1: 99.50	top5: 100.00	
[09/28 02:37:15 visual_prompt]: 	Test 100/407. loss: 0.680, 0.2165 s / batch. (data: 2.67e-05)max mem: 7.80408 GB 
[09/28 02:37:37 visual_prompt]: 	Test 200/407. loss: 0.709, 0.2170 s / batch. (data: 2.50e-05)max mem: 7.80408 GB 
[09/28 02:37:59 visual_prompt]: 	Test 300/407. loss: 0.702, 0.2177 s / batch. (data: 3.00e-05)max mem: 7.80408 GB 
[09/28 02:38:21 visual_prompt]: 	Test 400/407. loss: 0.546, 0.2189 s / batch. (data: 1.62e-05)max mem: 7.80408 GB 
[09/28 02:38:24 visual_prompt]: Inference (test):avg data time: 3.56e-05, avg batch time: 0.2176, average loss: 0.6564
[09/28 02:38:24 visual_prompt]: Classification results with test_vtab-svhn: top1: 81.67	top5: 97.55	
[09/28 02:38:24 visual_prompt]: Training 38 / 100 epoch, with learning rate 0.3969463130731183
[09/28 02:38:34 visual_prompt]: Epoch 38 / 100: avg data time: 8.91e-02, avg batch time: 0.5459, average train loss: 0.0873
[09/28 02:38:37 visual_prompt]: Inference (val):avg data time: 1.93e-05, avg batch time: 0.1686, average loss: 0.0306
[09/28 02:38:37 visual_prompt]: Classification results with val_vtab-svhn: top1: 99.50	top5: 100.00	
[09/28 02:39:00 visual_prompt]: 	Test 100/407. loss: 0.539, 0.2176 s / batch. (data: 7.37e-05)max mem: 7.80408 GB 
[09/28 02:39:22 visual_prompt]: 	Test 200/407. loss: 0.537, 0.2188 s / batch. (data: 2.67e-05)max mem: 7.80408 GB 
[09/28 02:39:44 visual_prompt]: 	Test 300/407. loss: 0.751, 0.2181 s / batch. (data: 6.72e-05)max mem: 7.80408 GB 
[09/28 02:40:06 visual_prompt]: 	Test 400/407. loss: 0.773, 0.2185 s / batch. (data: 1.50e-05)max mem: 7.80408 GB 
[09/28 02:40:09 visual_prompt]: Inference (test):avg data time: 3.54e-05, avg batch time: 0.2176, average loss: 0.5819
[09/28 02:40:09 visual_prompt]: Classification results with test_vtab-svhn: top1: 83.16	top5: 98.34	
[09/28 02:40:09 visual_prompt]: Training 39 / 100 epoch, with learning rate 0.3897982258676867
[09/28 02:40:19 visual_prompt]: Epoch 39 / 100: avg data time: 1.02e-01, avg batch time: 0.5560, average train loss: 0.0534
[09/28 02:40:22 visual_prompt]: Inference (val):avg data time: 2.22e-05, avg batch time: 0.1699, average loss: 0.0186
[09/28 02:40:22 visual_prompt]: Classification results with val_vtab-svhn: top1: 100.00	top5: 100.00	
[09/28 02:40:45 visual_prompt]: 	Test 100/407. loss: 0.694, 0.2175 s / batch. (data: 2.65e-05)max mem: 7.80408 GB 
[09/28 02:41:07 visual_prompt]: 	Test 200/407. loss: 0.752, 0.2188 s / batch. (data: 2.98e-05)max mem: 7.80408 GB 
[09/28 02:41:29 visual_prompt]: 	Test 300/407. loss: 0.672, 0.2188 s / batch. (data: 2.79e-05)max mem: 7.80408 GB 
[09/28 02:41:51 visual_prompt]: 	Test 400/407. loss: 0.640, 0.2176 s / batch. (data: 1.65e-05)max mem: 7.80408 GB 
[09/28 02:41:54 visual_prompt]: Inference (test):avg data time: 3.55e-05, avg batch time: 0.2176, average loss: 0.5949
[09/28 02:41:54 visual_prompt]: Classification results with test_vtab-svhn: top1: 83.68	top5: 98.05	
[09/28 02:41:54 visual_prompt]: Best epoch 39: best metric: 1.000
[09/28 02:41:54 visual_prompt]: Training 40 / 100 epoch, with learning rate 0.3824798160583012
[09/28 02:42:04 visual_prompt]: Epoch 40 / 100: avg data time: 8.97e-02, avg batch time: 0.5449, average train loss: 0.0281
[09/28 02:42:07 visual_prompt]: Inference (val):avg data time: 1.87e-05, avg batch time: 0.1683, average loss: 0.0214
[09/28 02:42:07 visual_prompt]: Classification results with val_vtab-svhn: top1: 100.00	top5: 100.00	
[09/28 02:42:30 visual_prompt]: 	Test 100/407. loss: 0.859, 0.2170 s / batch. (data: 2.50e-05)max mem: 7.80408 GB 
[09/28 02:42:52 visual_prompt]: 	Test 200/407. loss: 0.899, 0.2172 s / batch. (data: 6.68e-05)max mem: 7.80408 GB 
[09/28 02:43:14 visual_prompt]: 	Test 300/407. loss: 0.683, 0.2186 s / batch. (data: 2.69e-05)max mem: 7.80408 GB 
[09/28 02:43:36 visual_prompt]: 	Test 400/407. loss: 0.741, 0.2177 s / batch. (data: 1.74e-05)max mem: 7.80408 GB 
[09/28 02:43:39 visual_prompt]: Inference (test):avg data time: 3.40e-05, avg batch time: 0.2176, average loss: 0.6334
[09/28 02:43:39 visual_prompt]: Classification results with test_vtab-svhn: top1: 82.96	top5: 97.65	
[09/28 02:43:39 visual_prompt]: Training 41 / 100 epoch, with learning rate 0.375
[09/28 02:43:49 visual_prompt]: Epoch 41 / 100: avg data time: 9.91e-02, avg batch time: 0.5540, average train loss: 0.0252
[09/28 02:43:52 visual_prompt]: Inference (val):avg data time: 2.15e-05, avg batch time: 0.1683, average loss: 0.0117
[09/28 02:43:52 visual_prompt]: Classification results with val_vtab-svhn: top1: 100.00	top5: 100.00	
[09/28 02:44:15 visual_prompt]: 	Test 100/407. loss: 0.716, 0.2181 s / batch. (data: 2.84e-05)max mem: 7.80408 GB 
[09/28 02:44:37 visual_prompt]: 	Test 200/407. loss: 0.884, 0.2183 s / batch. (data: 9.73e-05)max mem: 7.80408 GB 
[09/28 02:44:59 visual_prompt]: 	Test 300/407. loss: 0.595, 0.2191 s / batch. (data: 2.67e-05)max mem: 7.80408 GB 
[09/28 02:45:21 visual_prompt]: 	Test 400/407. loss: 0.703, 0.2190 s / batch. (data: 1.38e-05)max mem: 7.80408 GB 
[09/28 02:45:24 visual_prompt]: Inference (test):avg data time: 3.44e-05, avg batch time: 0.2177, average loss: 0.5819
[09/28 02:45:24 visual_prompt]: Classification results with test_vtab-svhn: top1: 84.80	top5: 97.95	
[09/28 02:45:24 visual_prompt]: Training 42 / 100 epoch, with learning rate 0.3673678906964727
[09/28 02:45:34 visual_prompt]: Epoch 42 / 100: avg data time: 1.06e-01, avg batch time: 0.5614, average train loss: 0.0203
[09/28 02:45:37 visual_prompt]: Inference (val):avg data time: 2.74e-05, avg batch time: 0.1684, average loss: 0.0175
[09/28 02:45:37 visual_prompt]: Classification results with val_vtab-svhn: top1: 99.50	top5: 100.00	
[09/28 02:46:00 visual_prompt]: 	Test 100/407. loss: 0.600, 0.2168 s / batch. (data: 6.37e-05)max mem: 7.80408 GB 
[09/28 02:46:22 visual_prompt]: 	Test 200/407. loss: 0.838, 0.2175 s / batch. (data: 2.57e-05)max mem: 7.80408 GB 
[09/28 02:46:44 visual_prompt]: 	Test 300/407. loss: 0.756, 0.2168 s / batch. (data: 2.84e-05)max mem: 7.80408 GB 
[09/28 02:47:06 visual_prompt]: 	Test 400/407. loss: 0.760, 0.2183 s / batch. (data: 1.43e-05)max mem: 7.80408 GB 
[09/28 02:47:09 visual_prompt]: Inference (test):avg data time: 3.32e-05, avg batch time: 0.2177, average loss: 0.6128
[09/28 02:47:09 visual_prompt]: Classification results with test_vtab-svhn: top1: 83.83	top5: 98.05	
[09/28 02:47:09 visual_prompt]: Training 43 / 100 epoch, with learning rate 0.35959278669726935
[09/28 02:47:19 visual_prompt]: Epoch 43 / 100: avg data time: 9.56e-02, avg batch time: 0.5516, average train loss: 0.0244
[09/28 02:47:22 visual_prompt]: Inference (val):avg data time: 2.15e-05, avg batch time: 0.1684, average loss: 0.0250
[09/28 02:47:22 visual_prompt]: Classification results with val_vtab-svhn: top1: 99.50	top5: 100.00	
[09/28 02:47:46 visual_prompt]: 	Test 100/407. loss: 0.766, 0.2186 s / batch. (data: 2.57e-05)max mem: 7.80408 GB 
[09/28 02:48:07 visual_prompt]: 	Test 200/407. loss: 0.902, 0.2182 s / batch. (data: 3.15e-05)max mem: 7.80408 GB 
[09/28 02:48:29 visual_prompt]: 	Test 300/407. loss: 0.722, 0.2184 s / batch. (data: 2.67e-05)max mem: 7.80408 GB 
[09/28 02:48:51 visual_prompt]: 	Test 400/407. loss: 0.774, 0.2187 s / batch. (data: 1.60e-05)max mem: 7.80408 GB 
[09/28 02:48:54 visual_prompt]: Inference (test):avg data time: 3.49e-05, avg batch time: 0.2178, average loss: 0.6646
[09/28 02:48:54 visual_prompt]: Classification results with test_vtab-svhn: top1: 82.99	top5: 98.12	
[09/28 02:48:54 visual_prompt]: Training 44 / 100 epoch, with learning rate 0.3516841607689501
[09/28 02:49:04 visual_prompt]: Epoch 44 / 100: avg data time: 1.03e-01, avg batch time: 0.5575, average train loss: 0.1398
[09/28 02:49:07 visual_prompt]: Inference (val):avg data time: 2.35e-05, avg batch time: 0.1681, average loss: 0.3232
[09/28 02:49:07 visual_prompt]: Classification results with val_vtab-svhn: top1: 86.00	top5: 99.50	
[09/28 02:49:31 visual_prompt]: 	Test 100/407. loss: 1.248, 0.2169 s / batch. (data: 2.50e-05)max mem: 7.80408 GB 
[09/28 02:49:52 visual_prompt]: 	Test 200/407. loss: 1.211, 0.2181 s / batch. (data: 2.31e-05)max mem: 7.80408 GB 
[09/28 02:50:14 visual_prompt]: 	Test 300/407. loss: 1.198, 0.2175 s / batch. (data: 2.57e-05)max mem: 7.80408 GB 
[09/28 02:50:36 visual_prompt]: 	Test 400/407. loss: 1.106, 0.2175 s / batch. (data: 1.50e-05)max mem: 7.80408 GB 
[09/28 02:50:39 visual_prompt]: Inference (test):avg data time: 3.35e-05, avg batch time: 0.2176, average loss: 0.9999
[09/28 02:50:39 visual_prompt]: Classification results with test_vtab-svhn: top1: 70.54	top5: 96.75	
[09/28 02:50:39 visual_prompt]: Training 45 / 100 epoch, with learning rate 0.34365164835397805
[09/28 02:50:49 visual_prompt]: Epoch 45 / 100: avg data time: 1.04e-01, avg batch time: 0.5583, average train loss: 0.1882
[09/28 02:50:52 visual_prompt]: Inference (val):avg data time: 2.13e-05, avg batch time: 0.1682, average loss: 0.2073
[09/28 02:50:52 visual_prompt]: Classification results with val_vtab-svhn: top1: 91.50	top5: 99.50	
[09/28 02:51:16 visual_prompt]: 	Test 100/407. loss: 0.875, 0.2181 s / batch. (data: 2.91e-05)max mem: 7.80408 GB 
[09/28 02:51:37 visual_prompt]: 	Test 200/407. loss: 0.660, 0.2175 s / batch. (data: 3.86e-05)max mem: 7.80408 GB 
[09/28 02:51:59 visual_prompt]: 	Test 300/407. loss: 0.962, 0.2202 s / batch. (data: 7.68e-05)max mem: 7.80408 GB 
[09/28 02:52:21 visual_prompt]: 	Test 400/407. loss: 0.819, 0.2178 s / batch. (data: 1.84e-05)max mem: 7.80408 GB 
[09/28 02:52:24 visual_prompt]: Inference (test):avg data time: 3.55e-05, avg batch time: 0.2176, average loss: 0.6910
[09/28 02:52:24 visual_prompt]: Classification results with test_vtab-svhn: top1: 78.76	top5: 97.68	
[09/28 02:52:24 visual_prompt]: Training 46 / 100 epoch, with learning rate 0.3355050358314172
[09/28 02:52:34 visual_prompt]: Epoch 46 / 100: avg data time: 9.92e-02, avg batch time: 0.5569, average train loss: 0.2189
[09/28 02:52:37 visual_prompt]: Inference (val):avg data time: 2.20e-05, avg batch time: 0.1682, average loss: 0.1015
[09/28 02:52:37 visual_prompt]: Classification results with val_vtab-svhn: top1: 97.50	top5: 100.00	
[09/28 02:53:01 visual_prompt]: 	Test 100/407. loss: 0.793, 0.2178 s / batch. (data: 2.53e-05)max mem: 7.80408 GB 
[09/28 02:53:23 visual_prompt]: 	Test 200/407. loss: 0.619, 0.2179 s / batch. (data: 2.79e-05)max mem: 7.80408 GB 
[09/28 02:53:44 visual_prompt]: 	Test 300/407. loss: 0.637, 0.2178 s / batch. (data: 2.81e-05)max mem: 7.80408 GB 
[09/28 02:54:06 visual_prompt]: 	Test 400/407. loss: 0.658, 0.2183 s / batch. (data: 1.53e-05)max mem: 7.80408 GB 
[09/28 02:54:09 visual_prompt]: Inference (test):avg data time: 3.51e-05, avg batch time: 0.2176, average loss: 0.5881
[09/28 02:54:09 visual_prompt]: Classification results with test_vtab-svhn: top1: 81.77	top5: 98.12	
[09/28 02:54:09 visual_prompt]: Training 47 / 100 epoch, with learning rate 0.32725424859373686
[09/28 02:54:19 visual_prompt]: Epoch 47 / 100: avg data time: 9.97e-02, avg batch time: 0.5563, average train loss: 0.1150
[09/28 02:54:22 visual_prompt]: Inference (val):avg data time: 1.65e-05, avg batch time: 0.1684, average loss: 0.0547
[09/28 02:54:22 visual_prompt]: Classification results with val_vtab-svhn: top1: 98.50	top5: 100.00	
[09/28 02:54:46 visual_prompt]: 	Test 100/407. loss: 0.689, 0.2167 s / batch. (data: 2.48e-05)max mem: 7.80408 GB 
[09/28 02:55:08 visual_prompt]: 	Test 200/407. loss: 0.683, 0.2182 s / batch. (data: 2.50e-05)max mem: 7.80408 GB 
[09/28 02:55:29 visual_prompt]: 	Test 300/407. loss: 0.553, 0.2183 s / batch. (data: 2.41e-05)max mem: 7.80408 GB 
[09/28 02:55:51 visual_prompt]: 	Test 400/407. loss: 0.578, 0.2176 s / batch. (data: 1.41e-05)max mem: 7.80408 GB 
[09/28 02:55:54 visual_prompt]: Inference (test):avg data time: 3.59e-05, avg batch time: 0.2176, average loss: 0.5908
[09/28 02:55:54 visual_prompt]: Classification results with test_vtab-svhn: top1: 82.87	top5: 97.99	
[09/28 02:55:54 visual_prompt]: Training 48 / 100 epoch, with learning rate 0.3189093389542498
[09/28 02:56:04 visual_prompt]: Epoch 48 / 100: avg data time: 1.09e-01, avg batch time: 0.5638, average train loss: 0.1184
[09/28 02:56:08 visual_prompt]: Inference (val):avg data time: 1.94e-05, avg batch time: 0.1684, average loss: 0.1356
[09/28 02:56:08 visual_prompt]: Classification results with val_vtab-svhn: top1: 96.00	top5: 100.00	
[09/28 02:56:31 visual_prompt]: 	Test 100/407. loss: 0.902, 0.2166 s / batch. (data: 2.93e-05)max mem: 7.80408 GB 
[09/28 02:56:53 visual_prompt]: 	Test 200/407. loss: 0.958, 0.2180 s / batch. (data: 2.43e-05)max mem: 7.80408 GB 
[09/28 02:57:15 visual_prompt]: 	Test 300/407. loss: 0.761, 0.2185 s / batch. (data: 8.46e-05)max mem: 7.80408 GB 
[09/28 02:57:36 visual_prompt]: 	Test 400/407. loss: 0.740, 0.2173 s / batch. (data: 1.60e-05)max mem: 7.80408 GB 
[09/28 02:57:39 visual_prompt]: Inference (test):avg data time: 5.59e-05, avg batch time: 0.2176, average loss: 0.7402
[09/28 02:57:40 visual_prompt]: Classification results with test_vtab-svhn: top1: 79.69	top5: 97.28	
[09/28 02:57:40 visual_prompt]: Training 49 / 100 epoch, with learning rate 0.3104804738999169
[09/28 02:57:50 visual_prompt]: Epoch 49 / 100: avg data time: 9.75e-02, avg batch time: 0.5532, average train loss: 0.1295
[09/28 02:57:53 visual_prompt]: Inference (val):avg data time: 2.03e-05, avg batch time: 0.1681, average loss: 0.0702
[09/28 02:57:53 visual_prompt]: Classification results with val_vtab-svhn: top1: 98.50	top5: 100.00	
[09/28 02:58:16 visual_prompt]: 	Test 100/407. loss: 0.565, 0.2168 s / batch. (data: 7.56e-05)max mem: 7.80408 GB 
[09/28 02:58:38 visual_prompt]: 	Test 200/407. loss: 0.683, 0.2187 s / batch. (data: 2.62e-05)max mem: 7.80408 GB 
[09/28 02:59:00 visual_prompt]: 	Test 300/407. loss: 0.518, 0.2185 s / batch. (data: 3.08e-05)max mem: 7.80408 GB 
[09/28 02:59:21 visual_prompt]: 	Test 400/407. loss: 0.583, 0.2176 s / batch. (data: 1.48e-05)max mem: 7.80408 GB 
[09/28 02:59:24 visual_prompt]: Inference (test):avg data time: 3.48e-05, avg batch time: 0.2176, average loss: 0.5859
[09/28 02:59:25 visual_prompt]: Classification results with test_vtab-svhn: top1: 83.08	top5: 98.24	
[09/28 02:59:25 visual_prompt]: Training 50 / 100 epoch, with learning rate 0.3019779227044398
[09/28 02:59:35 visual_prompt]: Epoch 50 / 100: avg data time: 9.24e-02, avg batch time: 0.5491, average train loss: 0.0680
[09/28 02:59:38 visual_prompt]: Inference (val):avg data time: 2.06e-05, avg batch time: 0.1683, average loss: 0.0814
[09/28 02:59:38 visual_prompt]: Classification results with val_vtab-svhn: top1: 97.00	top5: 100.00	
[09/28 03:00:01 visual_prompt]: 	Test 100/407. loss: 0.728, 0.2175 s / batch. (data: 2.60e-05)max mem: 7.80408 GB 
[09/28 03:00:23 visual_prompt]: 	Test 200/407. loss: 0.777, 0.2193 s / batch. (data: 2.72e-05)max mem: 7.80408 GB 
[09/28 03:00:45 visual_prompt]: 	Test 300/407. loss: 0.618, 0.2175 s / batch. (data: 2.72e-05)max mem: 7.80408 GB 
[09/28 03:01:07 visual_prompt]: 	Test 400/407. loss: 0.702, 0.2179 s / batch. (data: 1.88e-05)max mem: 7.80408 GB 
[09/28 03:01:09 visual_prompt]: Inference (test):avg data time: 6.22e-05, avg batch time: 0.2177, average loss: 0.6378
[09/28 03:01:10 visual_prompt]: Classification results with test_vtab-svhn: top1: 83.25	top5: 98.15	
[09/28 03:01:10 visual_prompt]: Training 51 / 100 epoch, with learning rate 0.29341204441673263
[09/28 03:01:20 visual_prompt]: Epoch 51 / 100: avg data time: 1.03e-01, avg batch time: 0.5579, average train loss: 0.1476
[09/28 03:01:23 visual_prompt]: Inference (val):avg data time: 2.08e-05, avg batch time: 0.1684, average loss: 0.1170
[09/28 03:01:23 visual_prompt]: Classification results with val_vtab-svhn: top1: 96.50	top5: 100.00	
[09/28 03:01:46 visual_prompt]: 	Test 100/407. loss: 0.836, 0.2167 s / batch. (data: 2.72e-05)max mem: 7.80408 GB 
[09/28 03:02:08 visual_prompt]: 	Test 200/407. loss: 0.654, 0.2198 s / batch. (data: 2.53e-05)max mem: 7.80408 GB 
[09/28 03:02:30 visual_prompt]: 	Test 300/407. loss: 0.777, 0.2177 s / batch. (data: 3.10e-05)max mem: 7.80408 GB 
[09/28 03:02:52 visual_prompt]: 	Test 400/407. loss: 0.577, 0.2193 s / batch. (data: 1.62e-05)max mem: 7.80408 GB 
[09/28 03:02:55 visual_prompt]: Inference (test):avg data time: 3.35e-05, avg batch time: 0.2176, average loss: 0.5965
[09/28 03:02:55 visual_prompt]: Classification results with test_vtab-svhn: top1: 81.97	top5: 98.18	
[09/28 03:02:55 visual_prompt]: Training 52 / 100 epoch, with learning rate 0.28479327524001635
[09/28 03:03:05 visual_prompt]: Epoch 52 / 100: avg data time: 9.96e-02, avg batch time: 0.5540, average train loss: 0.0814
[09/28 03:03:08 visual_prompt]: Inference (val):avg data time: 1.98e-05, avg batch time: 0.1683, average loss: 0.0338
[09/28 03:03:08 visual_prompt]: Classification results with val_vtab-svhn: top1: 100.00	top5: 100.00	
[09/28 03:03:31 visual_prompt]: 	Test 100/407. loss: 0.628, 0.2173 s / batch. (data: 6.41e-05)max mem: 7.80408 GB 
[09/28 03:03:53 visual_prompt]: 	Test 200/407. loss: 0.539, 0.2183 s / batch. (data: 6.87e-05)max mem: 7.80408 GB 
[09/28 03:04:15 visual_prompt]: 	Test 300/407. loss: 0.813, 0.2177 s / batch. (data: 2.69e-05)max mem: 7.80408 GB 
[09/28 03:04:37 visual_prompt]: 	Test 400/407. loss: 0.579, 0.2176 s / batch. (data: 1.45e-05)max mem: 7.80408 GB 
[09/28 03:04:40 visual_prompt]: Inference (test):avg data time: 3.31e-05, avg batch time: 0.2175, average loss: 0.5231
[09/28 03:04:40 visual_prompt]: Classification results with test_vtab-svhn: top1: 84.66	top5: 98.33	
[09/28 03:04:40 visual_prompt]: Training 53 / 100 epoch, with learning rate 0.2761321158169134
[09/28 03:04:50 visual_prompt]: Epoch 53 / 100: avg data time: 9.20e-02, avg batch time: 0.5486, average train loss: 0.0581
[09/28 03:04:53 visual_prompt]: Inference (val):avg data time: 2.13e-05, avg batch time: 0.1688, average loss: 0.0205
[09/28 03:04:53 visual_prompt]: Classification results with val_vtab-svhn: top1: 100.00	top5: 100.00	
[09/28 03:05:16 visual_prompt]: 	Test 100/407. loss: 0.769, 0.2169 s / batch. (data: 2.69e-05)max mem: 7.80408 GB 
[09/28 03:05:38 visual_prompt]: 	Test 200/407. loss: 0.454, 0.2172 s / batch. (data: 2.24e-05)max mem: 7.80408 GB 
[09/28 03:06:00 visual_prompt]: 	Test 300/407. loss: 0.721, 0.2192 s / batch. (data: 2.65e-05)max mem: 7.80408 GB 
[09/28 03:06:22 visual_prompt]: 	Test 400/407. loss: 0.618, 0.2173 s / batch. (data: 1.60e-05)max mem: 7.80408 GB 
[09/28 03:06:25 visual_prompt]: Inference (test):avg data time: 3.50e-05, avg batch time: 0.2176, average loss: 0.5279
[09/28 03:06:25 visual_prompt]: Classification results with test_vtab-svhn: top1: 84.85	top5: 98.27	
[09/28 03:06:25 visual_prompt]: Training 54 / 100 epoch, with learning rate 0.2674391184360313
[09/28 03:06:35 visual_prompt]: Epoch 54 / 100: avg data time: 9.28e-02, avg batch time: 0.5479, average train loss: 0.0430
[09/28 03:06:38 visual_prompt]: Inference (val):avg data time: 2.03e-05, avg batch time: 0.1686, average loss: 0.0160
[09/28 03:06:38 visual_prompt]: Classification results with val_vtab-svhn: top1: 99.50	top5: 100.00	
[09/28 03:07:01 visual_prompt]: 	Test 100/407. loss: 0.698, 0.2166 s / batch. (data: 2.72e-05)max mem: 7.80408 GB 
[09/28 03:07:23 visual_prompt]: 	Test 200/407. loss: 0.437, 0.2184 s / batch. (data: 2.03e-05)max mem: 7.80408 GB 
[09/28 03:07:45 visual_prompt]: 	Test 300/407. loss: 0.590, 0.2168 s / batch. (data: 8.73e-05)max mem: 7.80408 GB 
[09/28 03:08:07 visual_prompt]: 	Test 400/407. loss: 0.513, 0.2175 s / batch. (data: 1.60e-05)max mem: 7.80408 GB 
[09/28 03:08:10 visual_prompt]: Inference (test):avg data time: 3.52e-05, avg batch time: 0.2176, average loss: 0.5096
[09/28 03:08:10 visual_prompt]: Classification results with test_vtab-svhn: top1: 85.73	top5: 98.37	
[09/28 03:08:10 visual_prompt]: Training 55 / 100 epoch, with learning rate 0.2587248741756253
[09/28 03:08:20 visual_prompt]: Epoch 55 / 100: avg data time: 1.01e-01, avg batch time: 0.5563, average train loss: 0.0224
[09/28 03:08:23 visual_prompt]: Inference (val):avg data time: 2.28e-05, avg batch time: 0.1708, average loss: 0.0068
[09/28 03:08:23 visual_prompt]: Classification results with val_vtab-svhn: top1: 100.00	top5: 100.00	
[09/28 03:08:46 visual_prompt]: 	Test 100/407. loss: 0.713, 0.2178 s / batch. (data: 2.62e-05)max mem: 7.80408 GB 
[09/28 03:09:08 visual_prompt]: 	Test 200/407. loss: 0.458, 0.2181 s / batch. (data: 2.98e-05)max mem: 7.80408 GB 
[09/28 03:09:30 visual_prompt]: 	Test 300/407. loss: 0.602, 0.2186 s / batch. (data: 2.60e-05)max mem: 7.80408 GB 
[09/28 03:09:52 visual_prompt]: 	Test 400/407. loss: 0.666, 0.2189 s / batch. (data: 1.81e-05)max mem: 7.80408 GB 
[09/28 03:09:55 visual_prompt]: Inference (test):avg data time: 3.47e-05, avg batch time: 0.2175, average loss: 0.5241
[09/28 03:09:55 visual_prompt]: Classification results with test_vtab-svhn: top1: 85.66	top5: 98.50	
[09/28 03:09:55 visual_prompt]: Training 56 / 100 epoch, with learning rate 0.25
[09/28 03:10:05 visual_prompt]: Epoch 56 / 100: avg data time: 1.02e-01, avg batch time: 0.5561, average train loss: 0.0087
[09/28 03:10:08 visual_prompt]: Inference (val):avg data time: 2.00e-05, avg batch time: 0.1681, average loss: 0.0039
[09/28 03:10:08 visual_prompt]: Classification results with val_vtab-svhn: top1: 100.00	top5: 100.00	
[09/28 03:10:32 visual_prompt]: 	Test 100/407. loss: 0.715, 0.2168 s / batch. (data: 2.46e-05)max mem: 7.80408 GB 
[09/28 03:10:53 visual_prompt]: 	Test 200/407. loss: 0.539, 0.2180 s / batch. (data: 2.46e-05)max mem: 7.80408 GB 
[09/28 03:11:15 visual_prompt]: 	Test 300/407. loss: 0.636, 0.2183 s / batch. (data: 2.62e-05)max mem: 7.80408 GB 
[09/28 03:11:37 visual_prompt]: 	Test 400/407. loss: 0.734, 0.2179 s / batch. (data: 1.55e-05)max mem: 7.80408 GB 
[09/28 03:11:40 visual_prompt]: Inference (test):avg data time: 3.42e-05, avg batch time: 0.2177, average loss: 0.5540
[09/28 03:11:40 visual_prompt]: Classification results with test_vtab-svhn: top1: 85.50	top5: 98.48	
[09/28 03:11:40 visual_prompt]: Training 57 / 100 epoch, with learning rate 0.24127512582437483
[09/28 03:11:50 visual_prompt]: Epoch 57 / 100: avg data time: 1.00e-01, avg batch time: 0.5549, average train loss: 0.0046
[09/28 03:11:53 visual_prompt]: Inference (val):avg data time: 1.65e-05, avg batch time: 0.1704, average loss: 0.0029
[09/28 03:11:53 visual_prompt]: Classification results with val_vtab-svhn: top1: 100.00	top5: 100.00	
[09/28 03:12:16 visual_prompt]: 	Test 100/407. loss: 0.656, 0.2176 s / batch. (data: 8.01e-05)max mem: 7.80408 GB 
[09/28 03:12:38 visual_prompt]: 	Test 200/407. loss: 0.504, 0.2188 s / batch. (data: 2.53e-05)max mem: 7.80408 GB 
[09/28 03:13:00 visual_prompt]: 	Test 300/407. loss: 0.655, 0.2191 s / batch. (data: 1.13e-04)max mem: 7.80408 GB 
[09/28 03:13:22 visual_prompt]: 	Test 400/407. loss: 0.709, 0.2180 s / batch. (data: 1.55e-05)max mem: 7.80408 GB 
[09/28 03:13:25 visual_prompt]: Inference (test):avg data time: 3.48e-05, avg batch time: 0.2178, average loss: 0.5411
[09/28 03:13:25 visual_prompt]: Classification results with test_vtab-svhn: top1: 85.94	top5: 98.51	
[09/28 03:13:25 visual_prompt]: Training 58 / 100 epoch, with learning rate 0.23256088156396867
[09/28 03:13:35 visual_prompt]: Epoch 58 / 100: avg data time: 1.03e-01, avg batch time: 0.5581, average train loss: 0.0034
[09/28 03:13:38 visual_prompt]: Inference (val):avg data time: 1.68e-05, avg batch time: 0.1685, average loss: 0.0024
[09/28 03:13:38 visual_prompt]: Classification results with val_vtab-svhn: top1: 100.00	top5: 100.00	
[09/28 03:14:02 visual_prompt]: 	Test 100/407. loss: 0.679, 0.2189 s / batch. (data: 2.67e-05)max mem: 7.80408 GB 
[09/28 03:14:23 visual_prompt]: 	Test 200/407. loss: 0.489, 0.2190 s / batch. (data: 2.67e-05)max mem: 7.80408 GB 
[09/28 03:14:45 visual_prompt]: 	Test 300/407. loss: 0.668, 0.2193 s / batch. (data: 2.77e-05)max mem: 7.80408 GB 
[09/28 03:15:07 visual_prompt]: 	Test 400/407. loss: 0.684, 0.2179 s / batch. (data: 1.62e-05)max mem: 7.80408 GB 
[09/28 03:15:10 visual_prompt]: Inference (test):avg data time: 3.43e-05, avg batch time: 0.2179, average loss: 0.5353
[09/28 03:15:10 visual_prompt]: Classification results with test_vtab-svhn: top1: 86.07	top5: 98.60	
[09/28 03:15:10 visual_prompt]: Training 59 / 100 epoch, with learning rate 0.22386788418308667
[09/28 03:15:20 visual_prompt]: Epoch 59 / 100: avg data time: 1.01e-01, avg batch time: 0.5567, average train loss: 0.0031
[09/28 03:15:23 visual_prompt]: Inference (val):avg data time: 2.06e-05, avg batch time: 0.1684, average loss: 0.0022
[09/28 03:15:23 visual_prompt]: Classification results with val_vtab-svhn: top1: 100.00	top5: 100.00	
[09/28 03:15:47 visual_prompt]: 	Test 100/407. loss: 0.671, 0.2172 s / batch. (data: 2.53e-05)max mem: 7.80408 GB 
[09/28 03:16:08 visual_prompt]: 	Test 200/407. loss: 0.471, 0.2198 s / batch. (data: 2.48e-05)max mem: 7.80408 GB 
[09/28 03:16:30 visual_prompt]: 	Test 300/407. loss: 0.690, 0.2182 s / batch. (data: 2.55e-05)max mem: 7.80408 GB 
[09/28 03:16:52 visual_prompt]: 	Test 400/407. loss: 0.718, 0.2197 s / batch. (data: 1.38e-05)max mem: 7.80408 GB 
[09/28 03:16:55 visual_prompt]: Inference (test):avg data time: 3.22e-05, avg batch time: 0.2182, average loss: 0.5363
[09/28 03:16:55 visual_prompt]: Classification results with test_vtab-svhn: top1: 86.12	top5: 98.59	
[09/28 03:16:55 visual_prompt]: Training 60 / 100 epoch, with learning rate 0.2152067247599837
[09/28 03:17:05 visual_prompt]: Epoch 60 / 100: avg data time: 1.06e-01, avg batch time: 0.5607, average train loss: 0.0029
[09/28 03:17:09 visual_prompt]: Inference (val):avg data time: 2.07e-05, avg batch time: 0.1710, average loss: 0.0022
[09/28 03:17:09 visual_prompt]: Classification results with val_vtab-svhn: top1: 100.00	top5: 100.00	
[09/28 03:17:32 visual_prompt]: 	Test 100/407. loss: 0.670, 0.2172 s / batch. (data: 2.77e-05)max mem: 7.80408 GB 
[09/28 03:17:54 visual_prompt]: 	Test 200/407. loss: 0.485, 0.2187 s / batch. (data: 2.34e-05)max mem: 7.80408 GB 
[09/28 03:18:16 visual_prompt]: 	Test 300/407. loss: 0.688, 0.2173 s / batch. (data: 2.77e-05)max mem: 7.80408 GB 
[09/28 03:18:37 visual_prompt]: 	Test 400/407. loss: 0.720, 0.2172 s / batch. (data: 1.57e-05)max mem: 7.80408 GB 
[09/28 03:18:40 visual_prompt]: Inference (test):avg data time: 3.43e-05, avg batch time: 0.2178, average loss: 0.5485
[09/28 03:18:40 visual_prompt]: Classification results with test_vtab-svhn: top1: 86.01	top5: 98.57	
[09/28 03:18:40 visual_prompt]: Training 61 / 100 epoch, with learning rate 0.20658795558326742
[09/28 03:18:50 visual_prompt]: Epoch 61 / 100: avg data time: 9.86e-02, avg batch time: 0.5531, average train loss: 0.0026
[09/28 03:18:54 visual_prompt]: Inference (val):avg data time: 2.06e-05, avg batch time: 0.1681, average loss: 0.0020
[09/28 03:18:54 visual_prompt]: Classification results with val_vtab-svhn: top1: 100.00	top5: 100.00	
[09/28 03:19:17 visual_prompt]: 	Test 100/407. loss: 0.688, 0.2171 s / batch. (data: 2.50e-05)max mem: 7.80408 GB 
[09/28 03:19:39 visual_prompt]: 	Test 200/407. loss: 0.483, 0.2182 s / batch. (data: 2.60e-05)max mem: 7.80408 GB 
[09/28 03:20:01 visual_prompt]: 	Test 300/407. loss: 0.712, 0.2177 s / batch. (data: 2.55e-05)max mem: 7.80408 GB 
[09/28 03:20:23 visual_prompt]: 	Test 400/407. loss: 0.745, 0.2189 s / batch. (data: 1.45e-05)max mem: 7.80408 GB 
[09/28 03:20:26 visual_prompt]: Inference (test):avg data time: 3.61e-05, avg batch time: 0.2177, average loss: 0.5557
[09/28 03:20:26 visual_prompt]: Classification results with test_vtab-svhn: top1: 85.91	top5: 98.57	
[09/28 03:20:26 visual_prompt]: Training 62 / 100 epoch, with learning rate 0.1980220772955602
[09/28 03:20:36 visual_prompt]: Epoch 62 / 100: avg data time: 1.05e-01, avg batch time: 0.5592, average train loss: 0.0025
[09/28 03:20:39 visual_prompt]: Inference (val):avg data time: 2.39e-05, avg batch time: 0.1685, average loss: 0.0018
[09/28 03:20:39 visual_prompt]: Classification results with val_vtab-svhn: top1: 100.00	top5: 100.00	
[09/28 03:21:02 visual_prompt]: 	Test 100/407. loss: 0.686, 0.2170 s / batch. (data: 2.43e-05)max mem: 7.80408 GB 
[09/28 03:21:24 visual_prompt]: 	Test 200/407. loss: 0.454, 0.2179 s / batch. (data: 2.60e-05)max mem: 7.80408 GB 
[09/28 03:21:46 visual_prompt]: 	Test 300/407. loss: 0.687, 0.2179 s / batch. (data: 2.69e-05)max mem: 7.80408 GB 
[09/28 03:22:08 visual_prompt]: 	Test 400/407. loss: 0.762, 0.2187 s / batch. (data: 1.65e-05)max mem: 7.80408 GB 
[09/28 03:22:11 visual_prompt]: Inference (test):avg data time: 3.39e-05, avg batch time: 0.2178, average loss: 0.5552
[09/28 03:22:11 visual_prompt]: Classification results with test_vtab-svhn: top1: 85.96	top5: 98.59	
[09/28 03:22:11 visual_prompt]: Training 63 / 100 epoch, with learning rate 0.1895195261000831
[09/28 03:22:21 visual_prompt]: Epoch 63 / 100: avg data time: 9.99e-02, avg batch time: 0.5546, average train loss: 0.0024
[09/28 03:22:24 visual_prompt]: Inference (val):avg data time: 2.34e-05, avg batch time: 0.1683, average loss: 0.0018
[09/28 03:22:24 visual_prompt]: Classification results with val_vtab-svhn: top1: 100.00	top5: 100.00	
[09/28 03:22:47 visual_prompt]: 	Test 100/407. loss: 0.709, 0.2180 s / batch. (data: 3.08e-05)max mem: 7.80408 GB 
[09/28 03:23:09 visual_prompt]: 	Test 200/407. loss: 0.467, 0.2172 s / batch. (data: 2.55e-05)max mem: 7.80408 GB 
[09/28 03:23:31 visual_prompt]: 	Test 300/407. loss: 0.709, 0.2185 s / batch. (data: 3.12e-05)max mem: 7.80408 GB 
[09/28 03:23:53 visual_prompt]: 	Test 400/407. loss: 0.771, 0.2177 s / batch. (data: 1.67e-05)max mem: 7.80408 GB 
[09/28 03:23:56 visual_prompt]: Inference (test):avg data time: 4.90e-05, avg batch time: 0.2178, average loss: 0.5784
[09/28 03:23:56 visual_prompt]: Classification results with test_vtab-svhn: top1: 85.76	top5: 98.47	
[09/28 03:23:56 visual_prompt]: Training 64 / 100 epoch, with learning rate 0.18109066104575022
[09/28 03:24:06 visual_prompt]: Epoch 64 / 100: avg data time: 1.04e-01, avg batch time: 0.5594, average train loss: 0.0023
[09/28 03:24:09 visual_prompt]: Inference (val):avg data time: 1.98e-05, avg batch time: 0.1682, average loss: 0.0017
[09/28 03:24:09 visual_prompt]: Classification results with val_vtab-svhn: top1: 100.00	top5: 100.00	
[09/28 03:24:32 visual_prompt]: 	Test 100/407. loss: 0.698, 0.2178 s / batch. (data: 2.72e-05)max mem: 7.80408 GB 
[09/28 03:24:57 visual_prompt]: 	Test 200/407. loss: 0.434, 0.2156 s / batch. (data: 3.84e-05)max mem: 7.80408 GB 
[09/28 03:25:23 visual_prompt]: 	Test 300/407. loss: 0.717, 0.2166 s / batch. (data: 2.48e-05)max mem: 7.80408 GB 
visual_prompt_tuning/experiments/vit_vtab.sh: line 41: 199381 Killed                  python visual_prompt_tuning/tune_vtab.py --config-file visual_prompt_tuning/configs/prompt/cub.yaml --train-type "prompt" MODEL.TYPE "vit" DATA.BATCH_SIZE "64" MODEL.PROMPT.NUM_TOKENS "50" MODEL.PROMPT.DEEP "True" MODEL.PROMPT.DROPOUT "0.1" DATA.FEATURE "sup_vitb16_imagenet21k" DATA.NAME "vtab-${dataset}" DATA.NUMBER_CLASSES "${num_classes}" DATA.CROPSIZE "224" MODEL.MODEL_ROOT "${model_root}" DATA.DATAPATH "${data_path}" OUTPUT_DIR "${output_dir}"
