/bin/bash: /home/s1952889/miniconda3/envs/prompt/lib/libtinfo.so.6: no version information available (required by /bin/bash)
177423
177429
178458
178459
178468
178591
178608
178610
178612
178800
178849
179446
179447
179448
179449
179450
179451
179452
179453
179454
179455
179456
179457
179458
179459
179490
179491
179493
179495
179502
179505
179506
179508
179511
179512
179513
179516
179528
179539
179541
179542
179543
179544
179550
179552
179556
179560
179561
179562
179563
179564
179691
179692
179693
179694
179695
179696
179697
179698
179699
179701
179703
179706
179708
179711
179713
179714
179715
179717
179808
179809
180867
180868
180869
180872
180874
180875
180886
181003
181018
181044
181045
181046
181050
181666
181722
181879
181932
182718
182757
182759
183272
183273
183318
183327
183408
183426
183436
183460
183464
186403
187068
187139
187163
187164
187165
187166
187167
187169
187170
187173
187175
187797
187826
187838
187841
187844
187846
187848
188030
188032
188036
188051
188062
188481
188484
188485
188487
188489
188490
188510
188516
188530
188537
188555
188673
188684
188685
188688
188692
188697
188721
188723
188725
188735
188736
188737
188740
188748
188751
188755
188757
188759
188763
188765
188805
188808
188810
189013
189079
189081
189082
189083
189084
189085
189207
189212
190252
190255
190256
190257
190258
190420
190422
203736
203739
205386
205620
205625
206941
207304
207308
207309
207658
207666
207675
207681
207686
207712
207713
207718
207723
207727
207728
207737
207748
207750
207761
207768
207769
207779
207782
207785
207788
207799
207804
208841
208844
208852
208854
208875
208893
208895
208922
208954
208955
208956
208958
208961
208964
208973
208979
208984
208991
208996
209000
209007
209010
209015
209197
209211
209212
209218
209303
209341
209351
209352
209378
209385
209814
209817
209833
209834
209896
210118
210119
210123
210124
210127
210128
210129
210132
210133
210134
210137
210138
210139
210142
210143
210144
210148
210149
210154
210155
210158
210159
210163
210164
210167
210168
210171
210173
210174
210181
210182
210185
210186
210187
210190
210194
210195
210199
210200
210205
210207
210208
210210
210216
210217
210220
210221
210227
210232
210239
210241
210253
210254
210256
210257
210262
210265
210281
210288
210289
210294
210296
210560
210565
210571
210590
210643
210645
210669
210691
210720
210722
210723
210793
210794
210801
210907
210917
210925
210953
210983
210994
211319
211333
211337
211344
211346
211348
211353
211355
211361
211371
211376
211923
211924
213367
213372
213576
213577
213578
213580
213581
213582
214100
214101
214105
214106
214107
214109
214110
214111
214117
214277
214278
214279
214321
214329
214341
214342
214348
214350
214358
214359
214366
214384
214401
214402
214414
214418
214423
214425
214428
214434
214435
214528
214675
214676
214685
214687
214699
214700
214701
214702
214711
214712
214720
214721
214728
214729
214740
214741
214746
214747
214755
214760
214761
214772
214773
214774
214782
214783
214784
214814
214815
214823
214824
214871
214872
214873
214895
214896
214904
214905
214914
214915
214918
214924
214927
214935
214936
214966
214976
214988
214994
215013
215014
215135
215136
215137
215145
215146
215147
215157
215158
215159
215167
215168
215169
215176
215177
215178
215196
215197
215198
215217
215218
215219
215282
215283
215284
215295
215296
215297
215298
215299
215300
215322
215323
215324
215330
215331
215332
215350
215351
215352
215388
215404
215410
215411
215423
215437
215438
215439
215443
215444
215445
215446
215454
215455
215457
215458
215459
215462
215464
215465
215469
215473
215487
215488
215489
215499
215501
215502
215506
215507
215517
215518
215519
215522
215523
215524
223671
223672
223673
223674
223688
223689
223690
223691
223715
223716
223737
223738
223742
223743
223744
223745
223749
223750
223751
223752
223760
223761
223762
223777
223778
223779
223802
223803
223804
223805
223806
223807
223825
223826
223827
223828
223881
223882
223883
223894
223895
223896
223898
223915
223916
223919
223932
223933
223934
223935
223958
223959
223960
223961
224425
224562
224565
224566
224568
224570
224571
224572
224580
224595
224596
224597
224604
224605
224606
224609
224611
224612
224613
224614
224619
224621
224622
224623
224679
224680
224681
224682
224689
224690
224691
224692
224695
224696
224697
224698
224702
224703
224704
224705
224714
224715
224716
224717
224719
224720
224721
224722
224723
224724
224740
224741
224742
224743
224759
224761
224762
224763
224772
224773
224775
224778
224779
224787
224788
224789
224790
224794
224795
224796
224798
224799
224800
224803
224804
224808
224811
224817
224819
224820
224821
224835
224836
224852
224853
224859
224860
224867
224868
224869
224871
224872
224878
224881
224882
224883
224884
224906
224907
224908
224909
224910
224911
224912
224913
224916
224917
224918
224919
224925
225102
225105
225162
227019
227021
227067
227068
227069
227631
227647
227648
227649
227650
227677
227678
227679
227680
227681
227701
227702
227703
227704
227718
227719
227720
227721
227722
227739
227740
227741
232466
232470
232471
232474
232476
232478
232479
232480
232495
232497
232498
232499
232500
232501
232502
232503
232506
232527
232528
232529
232536
232537
232538
232539
232540
232541
232542
232543
232544
232545
232547
232549
232550
232551
232552
232553
232556
232558
232560
232562
232563
232564
232566
232567
232568
232569
232570
232571
232572
232573
232574
232575
232583
232584
232585
232587
232588
232589
232590
232591
232592
232593
232594
232595
232610
232612
232613
232614
232615
232622
232630
232987
232988
232989
232996
232997
233151
233153
233159
233164
233167
233182
233183
233184
233185
233187
233188
233189
233191
233192
233194
233429
233431
233432
233433
233434
233435
233437
233438
233440
233441
233442
233443
233444
233446
233916
233930
233934
233938
233946
233949
233954
233967
233968
233969
233970
233974
233975
233979
233982
233983
233984
233985
233986
233987
233988
233989
233990
233991
233992
233993
233994
233997
234003
234004
234005
234006
234012
234013
234014
234015
234016
234017
234018
234019
234028
234029
234030
234031
234032
234033
234034
234035
234036
234037
234038
234039
234044
234048
234049
234050
234054
234066
234073
234074
234075
234076
234077
234078
234079
234080
234081
234082
234083
234084
234158
234159
234160
234161
234169
234170
234171
234173
234174
234175
234176
234177
234178
234184
234425
234426
234427
234429
234430
234439
234440
234441
234442
234443
234446
234499
234504
234505
234506
234507
234508
234509
234510
234511
234512
234513
234514
234515
234516
234517
234518
234519
234520
234523
234524
234525
234526
234532
234533
234534
234535
234536
234537
234538
234539
234540
234541
234542
234543
234544
234545
234546
234550
235223
235224
235337
235378
237375
237380
237381
237382
237404
237405
237409
237410
237419
237420
237557
237594
237595
237695
237939
238209
238217
238234
238242
238290
238336
238350
238351
238352
238357
238358
238359
239617
239619
239620
239662
239676
240047
240104
240420
240421
240433
240434
240570
240583
240613
240633
240675
240689
240706
240905
240916
240917
240930
241003
241090
241114
241152
241153
241170
241171
241180
241181
241192
241193
241208
241209
241210
241219
241220
241221
241230
241231
241297
241298
241299
241325
241364
241365
241366
241372
241402
241406
241444
241478
241556
241582
241597
242229
242243
242247
242248
242249
242251
242253
242290
242441
242592
242774
242778
242792
242793
245043
245123
250242
250243
250250
250251
250575
260672
260673
260674
260677
260729
261011
261020
261710
262403
263292
263317
264451
264454
264455
265017
265018
265020
267200
lost+found
s1811967
s1954385
s2236141
visual_prompt_tuning
/bin/bash: /home/s1952889/miniconda3/envs/prompt/lib/libtinfo.so.6: no version information available (required by /bin/bash)
