/bin/bash: /home/s1952889/miniconda3/envs/prompt/lib/libtinfo.so.6: no version information available (required by /bin/bash)
An exception occurred in telemetry logging.Disabling telemetry to prevent further exceptions.
Traceback (most recent call last):
  File "/home/s1952889/miniconda3/envs/prompt/lib/python3.11/site-packages/iopath/common/file_io.py", line 946, in __log_tmetry_keys
    handler.log_event()
  File "/home/s1952889/miniconda3/envs/prompt/lib/python3.11/site-packages/iopath/common/event_logger.py", line 97, in log_event
    del self._evt
        ^^^^^^^^^
AttributeError: 'NativePathHandler' object has no attribute '_evt'
Namespace(config_file='visual_prompt_tuning/configs/prompt/cub.yaml', train_type='prompt', opts=['MODEL.TYPE', 'vit', 'DATA.BATCH_SIZE', '64', 'MODEL.PROMPT.NUM_TOKENS', '50', 'MODEL.PROMPT.DEEP', 'True', 'MODEL.PROMPT.DROPOUT', '0.1', 'DATA.FEATURE', 'sup_vitb16_imagenet21k', 'DATA.NAME', 'vtab-dsprites(predicted_attribute="label_x_position",num_classes=16)', 'DATA.NUMBER_CLASSES', '16', 'DATA.CROPSIZE', '224', 'MODEL.MODEL_ROOT', 'visual_prompt_tuning/model_root', 'DATA.DATAPATH', 'visual_prompt_tuning/data_path', 'OUTPUT_DIR', 'visual_prompt_tuning/output_dir'])
[10/01 13:04:55 visual_prompt]: Rank of current process: 0. World size: 1
[10/01 13:04:57 visual_prompt]: Environment info:
-------------------  -------------------------------------------------
Python               3.11.5 (main, Sep 11 2023, 13:54:46) [GCC 11.2.0]
ENV_MODULE           <not set>
PyTorch              2.0.1+cu118
PyTorch Debug Build  False
CUDA available       True
CUDA ID              0
GPU 0                NVIDIA A40
Pillow               9.3.0
cv2                  4.8.0
-------------------  -------------------------------------------------
PyTorch built with:
  - GCC 9.3
  - C++ Version: 201703
  - Intel(R) oneAPI Math Kernel Library Version 2022.2-Product Build 20220804 for Intel(R) 64 architecture applications
  - Intel(R) MKL-DNN v2.7.3 (Git Hash 6dbeffbae1f23cbbeae17adb7b5b13f1f37c080e)
  - OpenMP 201511 (a.k.a. OpenMP 4.5)
  - LAPACK is enabled (usually provided by MKL)
  - NNPACK is enabled
  - CPU capability usage: AVX2
  - CUDA Runtime 11.8
  - NVCC architecture flags: -gencode;arch=compute_37,code=sm_37;-gencode;arch=compute_50,code=sm_50;-gencode;arch=compute_60,code=sm_60;-gencode;arch=compute_70,code=sm_70;-gencode;arch=compute_75,code=sm_75;-gencode;arch=compute_80,code=sm_80;-gencode;arch=compute_86,code=sm_86;-gencode;arch=compute_90,code=sm_90
  - CuDNN 8.7
  - Magma 2.6.1
  - Build settings: BLAS_INFO=mkl, BUILD_TYPE=Release, CUDA_VERSION=11.8, CUDNN_VERSION=8.7.0, CXX_COMPILER=/opt/rh/devtoolset-9/root/usr/bin/c++, CXX_FLAGS= -D_GLIBCXX_USE_CXX11_ABI=0 -fabi-version=11 -Wno-deprecated -fvisibility-inlines-hidden -DUSE_PTHREADPOOL -DNDEBUG -DUSE_KINETO -DLIBKINETO_NOROCTRACER -DUSE_FBGEMM -DUSE_QNNPACK -DUSE_PYTORCH_QNNPACK -DUSE_XNNPACK -DSYMBOLICATE_MOBILE_DEBUG_HANDLE -O2 -fPIC -Wall -Wextra -Werror=return-type -Werror=non-virtual-dtor -Werror=bool-operation -Wnarrowing -Wno-missing-field-initializers -Wno-type-limits -Wno-array-bounds -Wno-unknown-pragmas -Wunused-local-typedefs -Wno-unused-parameter -Wno-unused-function -Wno-unused-result -Wno-strict-overflow -Wno-strict-aliasing -Wno-error=deprecated-declarations -Wno-stringop-overflow -Wno-psabi -Wno-error=pedantic -Wno-error=redundant-decls -Wno-error=old-style-cast -fdiagnostics-color=always -faligned-new -Wno-unused-but-set-variable -Wno-maybe-uninitialized -fno-math-errno -fno-trapping-math -Werror=format -Werror=cast-function-type -Wno-stringop-overflow, LAPACK_INFO=mkl, PERF_WITH_AVX=1, PERF_WITH_AVX2=1, PERF_WITH_AVX512=1, TORCH_DISABLE_GPU_ASSERTS=ON, TORCH_VERSION=2.0.1, USE_CUDA=ON, USE_CUDNN=ON, USE_EXCEPTION_PTR=1, USE_GFLAGS=OFF, USE_GLOG=OFF, USE_MKL=ON, USE_MKLDNN=ON, USE_MPI=OFF, USE_NCCL=1, USE_NNPACK=ON, USE_OPENMP=ON, USE_ROCM=OFF, 

[10/01 13:04:57 visual_prompt]: Command line arguments: Namespace(config_file='visual_prompt_tuning/configs/prompt/cub.yaml', train_type='prompt', opts=['MODEL.TYPE', 'vit', 'DATA.BATCH_SIZE', '64', 'MODEL.PROMPT.NUM_TOKENS', '50', 'MODEL.PROMPT.DEEP', 'True', 'MODEL.PROMPT.DROPOUT', '0.1', 'DATA.FEATURE', 'sup_vitb16_imagenet21k', 'DATA.NAME', 'vtab-dsprites(predicted_attribute="label_x_position",num_classes=16)', 'DATA.NUMBER_CLASSES', '16', 'DATA.CROPSIZE', '224', 'MODEL.MODEL_ROOT', 'visual_prompt_tuning/model_root', 'DATA.DATAPATH', 'visual_prompt_tuning/data_path', 'OUTPUT_DIR', 'visual_prompt_tuning/output_dir'])
[10/01 13:04:57 visual_prompt]: Contents of args.config_file=visual_prompt_tuning/configs/prompt/cub.yaml:
_BASE_: "../base-prompt.yaml"
RUN_N_TIMES: 1
DATA:
  NAME: "CUB"
  DATAPATH: ""  #TODO: need to specify here
  NUMBER_CLASSES: 200
  MULTILABEL: False
MODEL:
  TYPE: "vit"
SOLVER:
  BASE_LR: 0.1
  WEIGHT_DECAY: 0.01
[10/01 13:04:57 visual_prompt]: Training with config:
[10/01 13:04:57 visual_prompt]: CfgNode({'DBG': False, 'OUTPUT_DIR': 'visual_prompt_tuning/output_dir/vtab-dsprites(predicted_attribute="label_x_position",num_classes=16)/sup_vitb16_imagenet21k/prompt50/crop224/test/seed9805/lr1.0_wd0.0/run1', 'RUN_N_TIMES': 1, 'CUDNN_BENCHMARK': False, 'NUM_GPUS': 1, 'NUM_SHARDS': 1, 'SEED': 9805, 'MODEL': CfgNode({'TRANSFER_TYPE': 'prompt', 'WEIGHT_PATH': '', 'SAVE_CKPT': False, 'MODEL_ROOT': 'visual_prompt_tuning/model_root', 'TYPE': 'vit', 'MLP_NUM': 0, 'LINEAR': CfgNode({'MLP_SIZES': [], 'DROPOUT': 0.1}), 'PROMPT': CfgNode({'NUM_TOKENS': 50, 'LOCATION': 'prepend', 'INITIATION': 'random', 'CLSEMB_FOLDER': '', 'CLSEMB_PATH': '', 'PROJECT': -1, 'DEEP': True, 'NUM_DEEP_LAYERS': None, 'REVERSE_DEEP': False, 'DEEP_SHARED': False, 'FORWARD_DEEP_NOEXPAND': False, 'VIT_POOL_TYPE': 'original', 'DROPOUT': 0.1, 'SAVE_FOR_EACH_EPOCH': False}), 'ADAPTER': CfgNode({'REDUCATION_FACTOR': 8, 'STYLE': 'Pfeiffer'})}), 'SOLVER': CfgNode({'LOSS': 'softmax', 'LOSS_ALPHA': 0.01, 'OPTIMIZER': 'sgd', 'MOMENTUM': 0.9, 'WEIGHT_DECAY': 0.0, 'WEIGHT_DECAY_BIAS': 0, 'PATIENCE': 300, 'CRITERION': 'loss', 'SCHEDULER': 'cosine', 'BASE_LR': 1.0, 'BIAS_MULTIPLIER': 1.0, 'WARMUP_EPOCH': 10, 'TOTAL_EPOCH': 100, 'LOG_EVERY_N': 100, 'DBG_TRAINABLE': False}), 'DATA': CfgNode({'NAME': 'vtab-dsprites(predicted_attribute="label_x_position",num_classes=16)', 'DATAPATH': 'visual_prompt_tuning/data_path', 'FEATURE': 'sup_vitb16_imagenet21k', 'PERCENTAGE': 1.0, 'NUMBER_CLASSES': 16, 'MULTILABEL': False, 'CLASS_WEIGHTS_TYPE': 'none', 'CROPSIZE': 224, 'NO_TEST': False, 'BATCH_SIZE': 64, 'NUM_WORKERS': 4, 'PIN_MEMORY': True})})
[10/01 13:04:57 visual_prompt]: Loading training data...
2023-10-01 13:04:58.746257: I tensorflow/core/util/port.cc:110] oneDNN custom operations are on. You may see slightly different numerical results due to floating-point round-off errors from different computation orders. To turn them off, set the environment variable `TF_ENABLE_ONEDNN_OPTS=0`.
2023-10-01 13:04:59.969066: I tensorflow/core/platform/cpu_feature_guard.cc:182] This TensorFlow binary is optimized to use available CPU instructions in performance-critical operations.
To enable the following instructions: AVX2 AVX512F AVX512_VNNI FMA, in other operations, rebuild TensorFlow with the appropriate compiler flags.
2023-10-01 13:05:16.903590: W tensorflow/compiler/tf2tensorrt/utils/py_utils.cc:38] TF-TRT Warning: Could not find TensorRT
[10/01 13:05:47 visual_prompt]: Constructing vtab-dsprites(predicted_attribute="label_x_position",num_classes=16) dataset trainval...
[INFO: dataset_info.py:  599]: Load dataset info from visual_prompt_tuning/data_path/dsprites/2.0.0
[INFO: dataset_builder.py:  573]: Reusing dataset dsprites (visual_prompt_tuning/data_path/dsprites/2.0.0)
[INFO: logging_logger.py:   49]: Constructing tf.data.Dataset dsprites for split train[:800]+train[589824:590024], from visual_prompt_tuning/data_path/dsprites/2.0.0
[WARNING: feature.py:   67]: `FeatureConnector.dtype` is deprecated. Please change your code to use NumPy with the field `FeatureConnector.np_dtype` or use TensorFlow with the field `FeatureConnector.tf_dtype`.
[10/01 13:05:49 visual_prompt]: Number of images: 1000
[10/01 13:05:49 visual_prompt]: Number of classes: 16 / 16
[10/01 13:05:49 visual_prompt]: Loading validation data...
[10/01 13:05:49 visual_prompt]: Constructing vtab-dsprites(predicted_attribute="label_x_position",num_classes=16) dataset val...
[INFO: dataset_info.py:  599]: Load dataset info from visual_prompt_tuning/data_path/dsprites/2.0.0
[INFO: dataset_builder.py:  573]: Reusing dataset dsprites (visual_prompt_tuning/data_path/dsprites/2.0.0)
[INFO: logging_logger.py:   49]: Constructing tf.data.Dataset dsprites for split train[589824:590024], from visual_prompt_tuning/data_path/dsprites/2.0.0
[WARNING: feature.py:   67]: `FeatureConnector.dtype` is deprecated. Please change your code to use NumPy with the field `FeatureConnector.np_dtype` or use TensorFlow with the field `FeatureConnector.tf_dtype`.
[10/01 13:05:49 visual_prompt]: Number of images: 200
[10/01 13:05:49 visual_prompt]: Number of classes: 16 / 16
[10/01 13:05:49 visual_prompt]: Loading test data...
[10/01 13:05:49 visual_prompt]: Constructing vtab-dsprites(predicted_attribute="label_x_position",num_classes=16) dataset test...
[INFO: dataset_info.py:  599]: Load dataset info from visual_prompt_tuning/data_path/dsprites/2.0.0
[INFO: dataset_builder.py:  573]: Reusing dataset dsprites (visual_prompt_tuning/data_path/dsprites/2.0.0)
[INFO: logging_logger.py:   49]: Constructing tf.data.Dataset dsprites for split train[663552:], from visual_prompt_tuning/data_path/dsprites/2.0.0
[WARNING: feature.py:   67]: `FeatureConnector.dtype` is deprecated. Please change your code to use NumPy with the field `FeatureConnector.np_dtype` or use TensorFlow with the field `FeatureConnector.tf_dtype`.
[10/01 13:08:00 visual_prompt]: Number of images: 73728
[10/01 13:08:00 visual_prompt]: Number of classes: 16 / 16
[10/01 13:08:07 visual_prompt]: Constructing models...
[10/01 13:08:14 visual_prompt]: Total Parameters: 86271760	 Gradient Parameters: 473104
[10/01 13:08:14 visual_prompt]: tuned percent:0.548
[10/01 13:08:37 visual_prompt]: Device used for model: 0
[10/01 13:08:37 visual_prompt]: Setting up Evaluator...
[10/01 13:08:37 visual_prompt]: Setting up Trainer...
[10/01 13:08:37 visual_prompt]: 	Setting up the optimizer...
[10/01 13:08:37 visual_prompt]: Training 1 / 100 epoch, with learning rate 0.0
[10/01 13:09:22 visual_prompt]: Epoch 1 / 100: avg data time: 5.65e-01, avg batch time: 2.5594, average train loss: 3.1959
[10/01 13:09:33 visual_prompt]: Inference (val):avg data time: 4.37e-05, avg batch time: 0.1784, average loss: 3.3057
[10/01 13:09:33 visual_prompt]: Classification results with val_vtab-dsprites(predicted_attribute="label_x_position",num_classes=16): top1: 6.00	top5: 27.50	
[10/01 13:10:00 visual_prompt]: 	Test 100/1152. loss: 3.235, 0.2131 s / batch. (data: 3.08e-05)max mem: 7.80413 GB 
[10/01 13:10:21 visual_prompt]: 	Test 200/1152. loss: 3.382, 0.2149 s / batch. (data: 3.12e-05)max mem: 7.80413 GB 
[10/01 13:10:43 visual_prompt]: 	Test 300/1152. loss: 3.254, 0.2168 s / batch. (data: 3.24e-05)max mem: 7.80413 GB 
[10/01 13:11:04 visual_prompt]: 	Test 400/1152. loss: 3.195, 0.2165 s / batch. (data: 3.08e-05)max mem: 7.80413 GB 
[10/01 13:11:26 visual_prompt]: 	Test 500/1152. loss: 3.252, 0.2181 s / batch. (data: 2.98e-05)max mem: 7.80413 GB 
[10/01 13:11:48 visual_prompt]: 	Test 600/1152. loss: 3.200, 0.2179 s / batch. (data: 2.84e-05)max mem: 7.80413 GB 
[10/01 13:12:10 visual_prompt]: 	Test 700/1152. loss: 3.229, 0.2188 s / batch. (data: 2.98e-05)max mem: 7.80413 GB 
[10/01 13:12:32 visual_prompt]: 	Test 800/1152. loss: 3.167, 0.2178 s / batch. (data: 2.88e-05)max mem: 7.80413 GB 
[10/01 13:12:53 visual_prompt]: 	Test 900/1152. loss: 3.249, 0.2188 s / batch. (data: 2.98e-05)max mem: 7.80413 GB 
[10/01 13:13:15 visual_prompt]: 	Test 1000/1152. loss: 3.531, 0.2190 s / batch. (data: 3.19e-05)max mem: 7.80413 GB 
[10/01 13:13:37 visual_prompt]: 	Test 1100/1152. loss: 2.990, 0.2183 s / batch. (data: 3.15e-05)max mem: 7.80413 GB 
[10/01 13:13:54 visual_prompt]: Inference (test):avg data time: 3.29e-05, avg batch time: 0.2170, average loss: 3.2296
[10/01 13:13:54 visual_prompt]: Classification results with test_vtab-dsprites(predicted_attribute="label_x_position",num_classes=16): top1: 6.35	top5: 31.23	
[10/01 13:13:54 visual_prompt]: Training 2 / 100 epoch, with learning rate 0.1
[10/01 13:14:11 visual_prompt]: Epoch 2 / 100: avg data time: 3.09e-01, avg batch time: 0.7633, average train loss: 2.9711
[10/01 13:14:20 visual_prompt]: Inference (val):avg data time: 1.61e-05, avg batch time: 0.1671, average loss: 2.7746
[10/01 13:14:20 visual_prompt]: Classification results with val_vtab-dsprites(predicted_attribute="label_x_position",num_classes=16): top1: 6.50	top5: 34.50	
[10/01 13:14:47 visual_prompt]: 	Test 100/1152. loss: 2.790, 0.2161 s / batch. (data: 2.86e-05)max mem: 7.80413 GB 
[10/01 13:15:09 visual_prompt]: 	Test 200/1152. loss: 2.826, 0.2168 s / batch. (data: 2.74e-05)max mem: 7.80413 GB 
[10/01 13:15:31 visual_prompt]: 	Test 300/1152. loss: 2.834, 0.2171 s / batch. (data: 2.74e-05)max mem: 7.80413 GB 
[10/01 13:15:53 visual_prompt]: 	Test 400/1152. loss: 2.787, 0.2184 s / batch. (data: 3.17e-05)max mem: 7.80413 GB 
[10/01 13:16:14 visual_prompt]: 	Test 500/1152. loss: 2.796, 0.2187 s / batch. (data: 2.67e-05)max mem: 7.80413 GB 
[10/01 13:16:36 visual_prompt]: 	Test 600/1152. loss: 2.806, 0.2193 s / batch. (data: 2.79e-05)max mem: 7.80413 GB 
[10/01 13:16:58 visual_prompt]: 	Test 700/1152. loss: 2.782, 0.2188 s / batch. (data: 3.05e-05)max mem: 7.80413 GB 
[10/01 13:17:20 visual_prompt]: 	Test 800/1152. loss: 2.784, 0.2193 s / batch. (data: 2.65e-05)max mem: 7.80413 GB 
[10/01 13:17:42 visual_prompt]: 	Test 900/1152. loss: 2.839, 0.2181 s / batch. (data: 2.81e-05)max mem: 7.80413 GB 
[10/01 13:18:04 visual_prompt]: 	Test 1000/1152. loss: 2.804, 0.2200 s / batch. (data: 2.77e-05)max mem: 7.80413 GB 
[10/01 13:18:26 visual_prompt]: 	Test 1100/1152. loss: 2.773, 0.2190 s / batch. (data: 2.84e-05)max mem: 7.80413 GB 
[10/01 13:18:42 visual_prompt]: Inference (test):avg data time: 6.12e-05, avg batch time: 0.2183, average loss: 2.7993
[10/01 13:18:43 visual_prompt]: Classification results with test_vtab-dsprites(predicted_attribute="label_x_position",num_classes=16): top1: 6.17	top5: 30.97	
[10/01 13:18:43 visual_prompt]: Training 3 / 100 epoch, with learning rate 0.2
[10/01 13:18:59 visual_prompt]: Epoch 3 / 100: avg data time: 3.05e-01, avg batch time: 0.7583, average train loss: 2.8235
[10/01 13:19:10 visual_prompt]: Inference (val):avg data time: 2.78e-05, avg batch time: 0.1667, average loss: 2.7918
[10/01 13:19:10 visual_prompt]: Classification results with val_vtab-dsprites(predicted_attribute="label_x_position",num_classes=16): top1: 7.00	top5: 34.00	
[10/01 13:19:36 visual_prompt]: 	Test 100/1152. loss: 2.802, 0.2159 s / batch. (data: 2.77e-05)max mem: 7.80413 GB 
[10/01 13:19:58 visual_prompt]: 	Test 200/1152. loss: 2.834, 0.2172 s / batch. (data: 2.77e-05)max mem: 7.80413 GB 
[10/01 13:20:20 visual_prompt]: 	Test 300/1152. loss: 2.830, 0.2170 s / batch. (data: 2.53e-05)max mem: 7.80413 GB 
[10/01 13:20:41 visual_prompt]: 	Test 400/1152. loss: 2.774, 0.2198 s / batch. (data: 2.77e-05)max mem: 7.80413 GB 
[10/01 13:21:03 visual_prompt]: 	Test 500/1152. loss: 2.733, 0.2188 s / batch. (data: 2.88e-05)max mem: 7.80413 GB 
[10/01 13:21:25 visual_prompt]: 	Test 600/1152. loss: 2.745, 0.2184 s / batch. (data: 2.93e-05)max mem: 7.80413 GB 
[10/01 13:21:47 visual_prompt]: 	Test 700/1152. loss: 2.843, 0.2183 s / batch. (data: 2.60e-05)max mem: 7.80413 GB 
[10/01 13:22:09 visual_prompt]: 	Test 800/1152. loss: 2.847, 0.2188 s / batch. (data: 2.93e-05)max mem: 7.80413 GB 
[10/01 13:22:31 visual_prompt]: 	Test 900/1152. loss: 2.832, 0.2177 s / batch. (data: 2.86e-05)max mem: 7.80413 GB 
[10/01 13:22:53 visual_prompt]: 	Test 1000/1152. loss: 2.863, 0.2193 s / batch. (data: 3.05e-05)max mem: 7.80413 GB 
[10/01 13:23:15 visual_prompt]: 	Test 1100/1152. loss: 2.849, 0.2181 s / batch. (data: 2.91e-05)max mem: 7.80413 GB 
visual_prompt_tuning/experiments/vit_vtab.sh: line 22: 1089620 Killed                  python visual_prompt_tuning/tune_vtab.py --config-file visual_prompt_tuning/configs/prompt/cub.yaml --train-type "prompt" MODEL.TYPE "vit" DATA.BATCH_SIZE "64" MODEL.PROMPT.NUM_TOKENS "50" MODEL.PROMPT.DEEP "True" MODEL.PROMPT.DROPOUT "0.1" DATA.FEATURE "sup_vitb16_imagenet21k" DATA.NAME "vtab-${dataset}" DATA.NUMBER_CLASSES "${num_classes}" DATA.CROPSIZE "224" MODEL.MODEL_ROOT "${model_root}" DATA.DATAPATH "${data_path}" OUTPUT_DIR "${output_dir}"
