/bin/bash: /home/s1952889/miniconda3/envs/prompt/lib/libtinfo.so.6: no version information available (required by /bin/bash)
11/19 22:03:58 - mmengine - INFO - 
------------------------------------------------------------
System environment:
    sys.platform: linux
    Python: 3.10.13 (main, Sep 11 2023, 13:44:35) [GCC 11.2.0]
    CUDA available: True
    numpy_random_seed: 572383020
    GPU 0: NVIDIA A40
    CUDA_HOME: None
    GCC: gcc (Ubuntu 9.4.0-1ubuntu1~20.04.2) 9.4.0
    PyTorch: 2.0.0
    PyTorch compiling details: PyTorch built with:
  - GCC 9.3
  - C++ Version: 201703
  - Intel(R) oneAPI Math Kernel Library Version 2023.1-Product Build 20230303 for Intel(R) 64 architecture applications
  - Intel(R) MKL-DNN v2.7.3 (Git Hash 6dbeffbae1f23cbbeae17adb7b5b13f1f37c080e)
  - OpenMP 201511 (a.k.a. OpenMP 4.5)
  - LAPACK is enabled (usually provided by MKL)
  - NNPACK is enabled
  - CPU capability usage: AVX2
  - CUDA Runtime 11.8
  - NVCC architecture flags: -gencode;arch=compute_37,code=sm_37;-gencode;arch=compute_50,code=sm_50;-gencode;arch=compute_60,code=sm_60;-gencode;arch=compute_61,code=sm_61;-gencode;arch=compute_70,code=sm_70;-gencode;arch=compute_75,code=sm_75;-gencode;arch=compute_80,code=sm_80;-gencode;arch=compute_86,code=sm_86;-gencode;arch=compute_90,code=sm_90;-gencode;arch=compute_37,code=compute_37
  - CuDNN 8.7
  - Magma 2.6.1
  - Build settings: BLAS_INFO=mkl, BUILD_TYPE=Release, CUDA_VERSION=11.8, CUDNN_VERSION=8.7.0, CXX_COMPILER=/opt/rh/devtoolset-9/root/usr/bin/c++, CXX_FLAGS= -D_GLIBCXX_USE_CXX11_ABI=0 -fabi-version=11 -Wno-deprecated -fvisibility-inlines-hidden -DUSE_PTHREADPOOL -DNDEBUG -DUSE_KINETO -DLIBKINETO_NOROCTRACER -DUSE_FBGEMM -DUSE_QNNPACK -DUSE_PYTORCH_QNNPACK -DUSE_XNNPACK -DSYMBOLICATE_MOBILE_DEBUG_HANDLE -O2 -fPIC -Wall -Wextra -Werror=return-type -Werror=non-virtual-dtor -Werror=bool-operation -Wnarrowing -Wno-missing-field-initializers -Wno-type-limits -Wno-array-bounds -Wno-unknown-pragmas -Wunused-local-typedefs -Wno-unused-parameter -Wno-unused-function -Wno-unused-result -Wno-strict-overflow -Wno-strict-aliasing -Wno-error=deprecated-declarations -Wno-stringop-overflow -Wno-psabi -Wno-error=pedantic -Wno-error=redundant-decls -Wno-error=old-style-cast -fdiagnostics-color=always -faligned-new -Wno-unused-but-set-variable -Wno-maybe-uninitialized -fno-math-errno -fno-trapping-math -Werror=format -Werror=cast-function-type -Wno-stringop-overflow, LAPACK_INFO=mkl, PERF_WITH_AVX=1, PERF_WITH_AVX2=1, PERF_WITH_AVX512=1, TORCH_DISABLE_GPU_ASSERTS=ON, TORCH_VERSION=2.0.0, USE_CUDA=ON, USE_CUDNN=ON, USE_EXCEPTION_PTR=1, USE_GFLAGS=OFF, USE_GLOG=OFF, USE_MKL=ON, USE_MKLDNN=ON, USE_MPI=OFF, USE_NCCL=ON, USE_NNPACK=ON, USE_OPENMP=ON, USE_ROCM=OFF, 

    TorchVision: 0.15.0
    OpenCV: 4.8.1
    MMEngine: 0.9.0

Runtime environment:
    cudnn_benchmark: True
    mp_cfg: {'mp_start_method': 'fork', 'opencv_num_threads': 0}
    dist_cfg: {'backend': 'nccl'}
    seed: 572383020
    Distributed launcher: none
    Distributed training: False
    GPU number: 1
------------------------------------------------------------

11/19 22:03:58 - mmengine - INFO - Config:
backbone_norm_cfg = dict(eps=1e-06, requires_grad=True, type='LN')
crop_size = (
    512,
    512,
)
data_preprocessor = dict(
    bgr_to_rgb=True,
    mean=[
        123.675,
        116.28,
        103.53,
    ],
    pad_val=0,
    seg_pad_val=255,
    size=(
        512,
        512,
    ),
    std=[
        58.395,
        57.12,
        57.375,
    ],
    type='SegDataPreProcessor')
data_root = 'data/ade/ADEChallengeData2016'
dataset_type = 'ADE20KDataset'
default_hooks = dict(
    checkpoint=dict(by_epoch=False, interval=16000, type='CheckpointHook'),
    logger=dict(interval=50, log_metric_by_epoch=False, type='LoggerHook'),
    param_scheduler=dict(type='ParamSchedulerHook'),
    sampler_seed=dict(type='DistSamplerSeedHook'),
    timer=dict(type='IterTimerHook'),
    visualization=dict(type='SegVisualizationHook'))
default_scope = 'mmseg'
env_cfg = dict(
    cudnn_benchmark=True,
    dist_cfg=dict(backend='nccl'),
    mp_cfg=dict(mp_start_method='fork', opencv_num_threads=0))
img_ratios = [
    0.5,
    0.75,
    1.0,
    1.25,
    1.5,
    1.75,
]
launcher = 'none'
load_from = None
log_level = 'INFO'
log_processor = dict(by_epoch=False)
model = dict(
    auxiliary_head=[],
    backbone=dict(
        drop_rate=0.0,
        embed_dims=1024,
        img_size=(
            512,
            512,
        ),
        in_channels=3,
        init_cfg=dict(
            checkpoint='pretrain/vit_large_p16.pth', type='Pretrained'),
        interpolate_mode='bilinear',
        norm_cfg=dict(eps=1e-06, requires_grad=True, type='LN'),
        num_heads=16,
        num_layers=24,
        out_indices=23,
        patch_size=16,
        type='VisionTransformer',
        with_cls_token=True),
    data_preprocessor=dict(
        bgr_to_rgb=True,
        mean=[
            123.675,
            116.28,
            103.53,
        ],
        pad_val=0,
        seg_pad_val=255,
        size=(
            512,
            512,
        ),
        std=[
            58.395,
            57.12,
            57.375,
        ],
        type='SegDataPreProcessor'),
    decode_head=dict(
        align_corners=False,
        channels=256,
        dropout_ratio=0,
        in_channels=1024,
        in_index=0,
        kernel_size=3,
        loss_decode=dict(
            loss_weight=1.0, type='CrossEntropyLoss', use_sigmoid=False),
        norm_cfg=dict(requires_grad=True, type='SyncBN'),
        num_classes=150,
        num_convs=4,
        type='SETRUPHead',
        up_scale=2),
    pretrained=None,
    test_cfg=dict(crop_size=(
        512,
        512,
    ), mode='slide', stride=(
        341,
        341,
    )),
    train_cfg=dict(),
    type='EncoderDecoder')
norm_cfg = dict(requires_grad=True, type='SyncBN')
num_layers = 24
optim_wrapper = dict(
    clip_grad=None,
    optimizer=dict(lr=0.001, momentum=0.9, type='SGD', weight_decay=0.0),
    paramwise_cfg=dict(custom_keys=dict(head=dict(lr_mult=10.0))),
    type='OptimWrapper')
optimizer = dict(lr=0.001, momentum=0.9, type='SGD', weight_decay=0.0)
param_scheduler = [
    dict(
        begin=0,
        by_epoch=False,
        end=160000,
        eta_min=0.0001,
        power=0.9,
        type='PolyLR'),
]
resume = False
test_cfg = dict(type='TestLoop')
test_dataloader = dict(
    batch_size=1,
    dataset=dict(
        data_prefix=dict(
            img_path='images/validation',
            seg_map_path='annotations/validation'),
        data_root='data/ade/ADEChallengeData2016',
        pipeline=[
            dict(type='LoadImageFromFile'),
            dict(keep_ratio=True, scale=(
                2048,
                512,
            ), type='Resize'),
            dict(reduce_zero_label=True, type='LoadAnnotations'),
            dict(type='PackSegInputs'),
        ],
        type='ADE20KDataset'),
    num_workers=4,
    persistent_workers=True,
    sampler=dict(shuffle=False, type='DefaultSampler'))
test_evaluator = dict(
    iou_metrics=[
        'mIoU',
    ], type='IoUMetric')
test_pipeline = [
    dict(type='LoadImageFromFile'),
    dict(keep_ratio=True, scale=(
        2048,
        512,
    ), type='Resize'),
    dict(reduce_zero_label=True, type='LoadAnnotations'),
    dict(type='PackSegInputs'),
]
train_cfg = dict(
    max_iters=160000, type='IterBasedTrainLoop', val_interval=16000)
train_dataloader = dict(
    batch_size=8,
    dataset=dict(
        data_prefix=dict(
            img_path='images/training', seg_map_path='annotations/training'),
        data_root='data/ade/ADEChallengeData2016',
        pipeline=[
            dict(type='LoadImageFromFile'),
            dict(reduce_zero_label=True, type='LoadAnnotations'),
            dict(
                keep_ratio=True,
                ratio_range=(
                    0.5,
                    2.0,
                ),
                scale=(
                    2048,
                    512,
                ),
                type='RandomResize'),
            dict(
                cat_max_ratio=0.75, crop_size=(
                    512,
                    512,
                ), type='RandomCrop'),
            dict(prob=0.5, type='RandomFlip'),
            dict(type='PhotoMetricDistortion'),
            dict(type='PackSegInputs'),
        ],
        type='ADE20KDataset'),
    num_workers=8,
    persistent_workers=True,
    sampler=dict(shuffle=True, type='InfiniteSampler'))
train_pipeline = [
    dict(type='LoadImageFromFile'),
    dict(reduce_zero_label=True, type='LoadAnnotations'),
    dict(
        keep_ratio=True,
        ratio_range=(
            0.5,
            2.0,
        ),
        scale=(
            2048,
            512,
        ),
        type='RandomResize'),
    dict(cat_max_ratio=0.75, crop_size=(
        512,
        512,
    ), type='RandomCrop'),
    dict(prob=0.5, type='RandomFlip'),
    dict(type='PhotoMetricDistortion'),
    dict(type='PackSegInputs'),
]
tta_model = dict(type='SegTTAModel')
tta_pipeline = [
    dict(backend_args=None, type='LoadImageFromFile'),
    dict(
        transforms=[
            [
                dict(keep_ratio=True, scale_factor=0.5, type='Resize'),
                dict(keep_ratio=True, scale_factor=0.75, type='Resize'),
                dict(keep_ratio=True, scale_factor=1.0, type='Resize'),
                dict(keep_ratio=True, scale_factor=1.25, type='Resize'),
                dict(keep_ratio=True, scale_factor=1.5, type='Resize'),
                dict(keep_ratio=True, scale_factor=1.75, type='Resize'),
            ],
            [
                dict(direction='horizontal', prob=0.0, type='RandomFlip'),
                dict(direction='horizontal', prob=1.0, type='RandomFlip'),
            ],
            [
                dict(type='LoadAnnotations'),
            ],
            [
                dict(type='PackSegInputs'),
            ],
        ],
        type='TestTimeAug'),
]
val_cfg = dict(type='ValLoop')
val_dataloader = dict(
    batch_size=1,
    dataset=dict(
        data_prefix=dict(
            img_path='images/validation',
            seg_map_path='annotations/validation'),
        data_root='data/ade/ADEChallengeData2016',
        pipeline=[
            dict(type='LoadImageFromFile'),
            dict(keep_ratio=True, scale=(
                2048,
                512,
            ), type='Resize'),
            dict(reduce_zero_label=True, type='LoadAnnotations'),
            dict(type='PackSegInputs'),
        ],
        type='ADE20KDataset'),
    num_workers=4,
    persistent_workers=True,
    sampler=dict(shuffle=False, type='DefaultSampler'))
val_evaluator = dict(
    iou_metrics=[
        'mIoU',
    ], type='IoUMetric')
vis_backends = [
    dict(type='LocalVisBackend'),
]
visualizer = dict(
    name='visualizer',
    type='SegLocalVisualizer',
    vis_backends=[
        dict(type='LocalVisBackend'),
    ])
work_dir = './work_dirs/setr_vit-l_pup-noaux_8xb2-160k_ade20k-512x512'

/home/s1952889/final-project/implementation/mmsegmentation/mmseg/models/builder.py:36: UserWarning: ``build_loss`` would be deprecated soon, please use ``mmseg.registry.MODELS.build()`` 
  warnings.warn('``build_loss`` would be deprecated soon, please use '
/home/s1952889/final-project/implementation/mmsegmentation/mmseg/models/losses/cross_entropy_loss.py:249: UserWarning: Default ``avg_non_ignore`` is False, if you would like to ignore the certain label and average loss over non-ignore labels, which is the same with PyTorch official cross_entropy, set ``avg_non_ignore=True``.
  warnings.warn(
11/19 22:04:03 - mmengine - INFO - Distributed training is not used, all SyncBatchNorm (SyncBN) layers in the model will be automatically reverted to BatchNormXd layers if they are used.
/home/s1952889/final-project/implementation/mmsegmentation/mmseg/engine/hooks/visualization_hook.py:61: UserWarning: The draw is False, it means that the hook for visualization will not take effect. The results will NOT be visualized or stored.
  warnings.warn('The draw is False, it means that the '
11/19 22:04:03 - mmengine - INFO - Hooks will be executed in the following order:
before_run:
(VERY_HIGH   ) RuntimeInfoHook                    
(BELOW_NORMAL) LoggerHook                         
 -------------------- 
before_train:
(VERY_HIGH   ) RuntimeInfoHook                    
(NORMAL      ) IterTimerHook                      
(VERY_LOW    ) CheckpointHook                     
 -------------------- 
before_train_epoch:
(VERY_HIGH   ) RuntimeInfoHook                    
(NORMAL      ) IterTimerHook                      
(NORMAL      ) DistSamplerSeedHook                
 -------------------- 
before_train_iter:
(VERY_HIGH   ) RuntimeInfoHook                    
(NORMAL      ) IterTimerHook                      
 -------------------- 
after_train_iter:
(VERY_HIGH   ) RuntimeInfoHook                    
(NORMAL      ) IterTimerHook                      
(NORMAL      ) SegVisualizationHook               
(BELOW_NORMAL) LoggerHook                         
(LOW         ) ParamSchedulerHook                 
(VERY_LOW    ) CheckpointHook                     
 -------------------- 
after_train_epoch:
(NORMAL      ) IterTimerHook                      
(LOW         ) ParamSchedulerHook                 
(VERY_LOW    ) CheckpointHook                     
 -------------------- 
before_val:
(VERY_HIGH   ) RuntimeInfoHook                    
 -------------------- 
before_val_epoch:
(NORMAL      ) IterTimerHook                      
 -------------------- 
before_val_iter:
(NORMAL      ) IterTimerHook                      
 -------------------- 
after_val_iter:
(NORMAL      ) IterTimerHook                      
(NORMAL      ) SegVisualizationHook               
(BELOW_NORMAL) LoggerHook                         
 -------------------- 
after_val_epoch:
(VERY_HIGH   ) RuntimeInfoHook                    
(NORMAL      ) IterTimerHook                      
(BELOW_NORMAL) LoggerHook                         
(LOW         ) ParamSchedulerHook                 
(VERY_LOW    ) CheckpointHook                     
 -------------------- 
after_val:
(VERY_HIGH   ) RuntimeInfoHook                    
 -------------------- 
after_train:
(VERY_HIGH   ) RuntimeInfoHook                    
(VERY_LOW    ) CheckpointHook                     
 -------------------- 
before_test:
(VERY_HIGH   ) RuntimeInfoHook                    
 -------------------- 
before_test_epoch:
(NORMAL      ) IterTimerHook                      
 -------------------- 
before_test_iter:
(NORMAL      ) IterTimerHook                      
 -------------------- 
after_test_iter:
(NORMAL      ) IterTimerHook                      
(NORMAL      ) SegVisualizationHook               
(BELOW_NORMAL) LoggerHook                         
 -------------------- 
after_test_epoch:
(VERY_HIGH   ) RuntimeInfoHook                    
(NORMAL      ) IterTimerHook                      
(BELOW_NORMAL) LoggerHook                         
 -------------------- 
after_test:
(VERY_HIGH   ) RuntimeInfoHook                    
 -------------------- 
after_run:
(BELOW_NORMAL) LoggerHook                         
 -------------------- 
/home/s1952889/final-project/implementation/mmsegmentation/mmseg/datasets/transforms/loading.py:83: UserWarning: `reduce_zero_label` will be deprecated, if you would like to ignore the zero label, please set `reduce_zero_label=True` when dataset initialized
  warnings.warn('`reduce_zero_label` will be deprecated, '
11/19 22:04:06 - mmengine - INFO - paramwise_options -- decode_head.conv_seg.weight:lr=0.01
11/19 22:04:06 - mmengine - INFO - paramwise_options -- decode_head.conv_seg.weight:weight_decay=0.0
11/19 22:04:06 - mmengine - INFO - paramwise_options -- decode_head.conv_seg.weight:lr_mult=10.0
11/19 22:04:06 - mmengine - INFO - paramwise_options -- decode_head.conv_seg.bias:lr=0.01
11/19 22:04:06 - mmengine - INFO - paramwise_options -- decode_head.conv_seg.bias:weight_decay=0.0
11/19 22:04:06 - mmengine - INFO - paramwise_options -- decode_head.conv_seg.bias:lr_mult=10.0
11/19 22:04:06 - mmengine - INFO - paramwise_options -- decode_head.norm.weight:lr=0.01
11/19 22:04:06 - mmengine - INFO - paramwise_options -- decode_head.norm.weight:weight_decay=0.0
11/19 22:04:06 - mmengine - INFO - paramwise_options -- decode_head.norm.weight:lr_mult=10.0
11/19 22:04:06 - mmengine - INFO - paramwise_options -- decode_head.norm.bias:lr=0.01
11/19 22:04:06 - mmengine - INFO - paramwise_options -- decode_head.norm.bias:weight_decay=0.0
11/19 22:04:06 - mmengine - INFO - paramwise_options -- decode_head.norm.bias:lr_mult=10.0
11/19 22:04:06 - mmengine - INFO - paramwise_options -- decode_head.up_convs.0.0.conv.weight:lr=0.01
11/19 22:04:06 - mmengine - INFO - paramwise_options -- decode_head.up_convs.0.0.conv.weight:weight_decay=0.0
11/19 22:04:06 - mmengine - INFO - paramwise_options -- decode_head.up_convs.0.0.conv.weight:lr_mult=10.0
11/19 22:04:06 - mmengine - INFO - paramwise_options -- decode_head.up_convs.0.0.bn.weight:lr=0.01
11/19 22:04:06 - mmengine - INFO - paramwise_options -- decode_head.up_convs.0.0.bn.weight:weight_decay=0.0
11/19 22:04:06 - mmengine - INFO - paramwise_options -- decode_head.up_convs.0.0.bn.weight:lr_mult=10.0
11/19 22:04:06 - mmengine - INFO - paramwise_options -- decode_head.up_convs.0.0.bn.bias:lr=0.01
11/19 22:04:06 - mmengine - INFO - paramwise_options -- decode_head.up_convs.0.0.bn.bias:weight_decay=0.0
11/19 22:04:06 - mmengine - INFO - paramwise_options -- decode_head.up_convs.0.0.bn.bias:lr_mult=10.0
11/19 22:04:06 - mmengine - INFO - paramwise_options -- decode_head.up_convs.1.0.conv.weight:lr=0.01
11/19 22:04:06 - mmengine - INFO - paramwise_options -- decode_head.up_convs.1.0.conv.weight:weight_decay=0.0
11/19 22:04:06 - mmengine - INFO - paramwise_options -- decode_head.up_convs.1.0.conv.weight:lr_mult=10.0
11/19 22:04:06 - mmengine - INFO - paramwise_options -- decode_head.up_convs.1.0.bn.weight:lr=0.01
11/19 22:04:06 - mmengine - INFO - paramwise_options -- decode_head.up_convs.1.0.bn.weight:weight_decay=0.0
11/19 22:04:06 - mmengine - INFO - paramwise_options -- decode_head.up_convs.1.0.bn.weight:lr_mult=10.0
11/19 22:04:06 - mmengine - INFO - paramwise_options -- decode_head.up_convs.1.0.bn.bias:lr=0.01
11/19 22:04:06 - mmengine - INFO - paramwise_options -- decode_head.up_convs.1.0.bn.bias:weight_decay=0.0
11/19 22:04:06 - mmengine - INFO - paramwise_options -- decode_head.up_convs.1.0.bn.bias:lr_mult=10.0
11/19 22:04:06 - mmengine - INFO - paramwise_options -- decode_head.up_convs.2.0.conv.weight:lr=0.01
11/19 22:04:06 - mmengine - INFO - paramwise_options -- decode_head.up_convs.2.0.conv.weight:weight_decay=0.0
11/19 22:04:06 - mmengine - INFO - paramwise_options -- decode_head.up_convs.2.0.conv.weight:lr_mult=10.0
11/19 22:04:06 - mmengine - INFO - paramwise_options -- decode_head.up_convs.2.0.bn.weight:lr=0.01
11/19 22:04:06 - mmengine - INFO - paramwise_options -- decode_head.up_convs.2.0.bn.weight:weight_decay=0.0
11/19 22:04:06 - mmengine - INFO - paramwise_options -- decode_head.up_convs.2.0.bn.weight:lr_mult=10.0
11/19 22:04:06 - mmengine - INFO - paramwise_options -- decode_head.up_convs.2.0.bn.bias:lr=0.01
11/19 22:04:06 - mmengine - INFO - paramwise_options -- decode_head.up_convs.2.0.bn.bias:weight_decay=0.0
11/19 22:04:06 - mmengine - INFO - paramwise_options -- decode_head.up_convs.2.0.bn.bias:lr_mult=10.0
11/19 22:04:06 - mmengine - INFO - paramwise_options -- decode_head.up_convs.3.0.conv.weight:lr=0.01
11/19 22:04:06 - mmengine - INFO - paramwise_options -- decode_head.up_convs.3.0.conv.weight:weight_decay=0.0
11/19 22:04:06 - mmengine - INFO - paramwise_options -- decode_head.up_convs.3.0.conv.weight:lr_mult=10.0
11/19 22:04:06 - mmengine - INFO - paramwise_options -- decode_head.up_convs.3.0.bn.weight:lr=0.01
11/19 22:04:06 - mmengine - INFO - paramwise_options -- decode_head.up_convs.3.0.bn.weight:weight_decay=0.0
11/19 22:04:06 - mmengine - INFO - paramwise_options -- decode_head.up_convs.3.0.bn.weight:lr_mult=10.0
11/19 22:04:06 - mmengine - INFO - paramwise_options -- decode_head.up_convs.3.0.bn.bias:lr=0.01
11/19 22:04:06 - mmengine - INFO - paramwise_options -- decode_head.up_convs.3.0.bn.bias:weight_decay=0.0
11/19 22:04:06 - mmengine - INFO - paramwise_options -- decode_head.up_convs.3.0.bn.bias:lr_mult=10.0
11/19 22:04:06 - mmengine - WARNING - The prefix is not set in metric class IoUMetric.
Loads checkpoint by local backend from path: pretrain/vit_large_p16.pth
Resize the pos_embed shape from torch.Size([1, 577, 1024]) to torch.Size([1, 1025, 1024])
The model and loaded state dict do not match exactly

unexpected key in source state_dict: ln1.bias, ln1.weight, patch_embed.projection.bias

11/19 22:04:09 - mmengine - WARNING - "FileClient" will be deprecated in future. Please use io functions in https://mmengine.readthedocs.io/en/latest/api/fileio.html#file-io
11/19 22:04:09 - mmengine - WARNING - "HardDiskBackend" is the alias of "LocalBackend" and the former will be deprecated in future.
11/19 22:04:09 - mmengine - INFO - Checkpoints will be saved to /home/s1952889/final-project/implementation/mmsegmentation/work_dirs/setr_vit-l_pup-noaux_8xb2-160k_ade20k-512x512.
11/19 22:05:34 - mmengine - INFO - Iter(train) [    50/160000]  base_lr: 9.9975e-04 lr: 9.9975e-04  eta: 3 days, 4:00:30  time: 1.6498  data_time: 0.0136  memory: 39247  loss: 2.6081  decode.loss_ce: 2.6081  decode.acc_seg: 21.4691
11/19 22:06:57 - mmengine - INFO - Iter(train) [   100/160000]  base_lr: 9.9950e-04 lr: 9.9950e-04  eta: 3 days, 2:46:10  time: 1.6577  data_time: 0.0134  memory: 39247  loss: 1.9090  decode.loss_ce: 1.9090  decode.acc_seg: 47.9319
11/19 22:08:20 - mmengine - INFO - Iter(train) [   150/160000]  base_lr: 9.9925e-04 lr: 9.9925e-04  eta: 3 days, 2:23:45  time: 1.6595  data_time: 0.0131  memory: 39248  loss: 1.7041  decode.loss_ce: 1.7041  decode.acc_seg: 63.6135
11/19 22:09:43 - mmengine - INFO - Iter(train) [   200/160000]  base_lr: 9.9899e-04 lr: 9.9899e-04  eta: 3 days, 2:11:36  time: 1.6587  data_time: 0.0122  memory: 39247  loss: 1.6421  decode.loss_ce: 1.6421  decode.acc_seg: 60.5417
11/19 22:11:06 - mmengine - INFO - Iter(train) [   250/160000]  base_lr: 9.9874e-04 lr: 9.9874e-04  eta: 3 days, 2:03:27  time: 1.6578  data_time: 0.0120  memory: 39247  loss: 1.1843  decode.loss_ce: 1.1843  decode.acc_seg: 63.3637
11/19 22:12:29 - mmengine - INFO - Iter(train) [   300/160000]  base_lr: 9.9849e-04 lr: 9.9849e-04  eta: 3 days, 1:57:25  time: 1.6575  data_time: 0.0126  memory: 39247  loss: 1.3327  decode.loss_ce: 1.3327  decode.acc_seg: 73.7265
11/19 22:13:52 - mmengine - INFO - Iter(train) [   350/160000]  base_lr: 9.9823e-04 lr: 9.9823e-04  eta: 3 days, 1:52:33  time: 1.6584  data_time: 0.0122  memory: 39249  loss: 1.3115  decode.loss_ce: 1.3115  decode.acc_seg: 55.0655
11/19 22:15:15 - mmengine - INFO - Iter(train) [   400/160000]  base_lr: 9.9798e-04 lr: 9.9798e-04  eta: 3 days, 1:48:48  time: 1.6591  data_time: 0.0126  memory: 39247  loss: 1.4090  decode.loss_ce: 1.4090  decode.acc_seg: 67.1550
11/19 22:16:38 - mmengine - INFO - Iter(train) [   450/160000]  base_lr: 9.9773e-04 lr: 9.9773e-04  eta: 3 days, 1:45:44  time: 1.6592  data_time: 0.0126  memory: 39247  loss: 1.3770  decode.loss_ce: 1.3770  decode.acc_seg: 53.5067
11/19 22:18:01 - mmengine - INFO - Iter(train) [   500/160000]  base_lr: 9.9747e-04 lr: 9.9747e-04  eta: 3 days, 1:43:06  time: 1.6592  data_time: 0.0131  memory: 39248  loss: 1.1874  decode.loss_ce: 1.1874  decode.acc_seg: 77.3000
11/19 22:19:24 - mmengine - INFO - Iter(train) [   550/160000]  base_lr: 9.9722e-04 lr: 9.9722e-04  eta: 3 days, 1:40:42  time: 1.6593  data_time: 0.0117  memory: 39247  loss: 1.2687  decode.loss_ce: 1.2687  decode.acc_seg: 65.7961
11/19 22:20:47 - mmengine - INFO - Iter(train) [   600/160000]  base_lr: 9.9697e-04 lr: 9.9697e-04  eta: 3 days, 1:38:19  time: 1.6589  data_time: 0.0117  memory: 39247  loss: 1.2542  decode.loss_ce: 1.2542  decode.acc_seg: 63.4737
11/19 22:22:10 - mmengine - INFO - Iter(train) [   650/160000]  base_lr: 9.9671e-04 lr: 9.9671e-04  eta: 3 days, 1:35:59  time: 1.6586  data_time: 0.0118  memory: 39247  loss: 1.2221  decode.loss_ce: 1.2221  decode.acc_seg: 51.8096
11/19 22:23:33 - mmengine - INFO - Iter(train) [   700/160000]  base_lr: 9.9646e-04 lr: 9.9646e-04  eta: 3 days, 1:33:46  time: 1.6573  data_time: 0.0117  memory: 39247  loss: 0.9828  decode.loss_ce: 0.9828  decode.acc_seg: 83.4102
11/19 22:24:56 - mmengine - INFO - Iter(train) [   750/160000]  base_lr: 9.9621e-04 lr: 9.9621e-04  eta: 3 days, 1:31:45  time: 1.6593  data_time: 0.0133  memory: 39247  loss: 1.0705  decode.loss_ce: 1.0705  decode.acc_seg: 78.7948
11/19 22:26:19 - mmengine - INFO - Iter(train) [   800/160000]  base_lr: 9.9595e-04 lr: 9.9595e-04  eta: 3 days, 1:29:47  time: 1.6583  data_time: 0.0117  memory: 39247  loss: 1.2478  decode.loss_ce: 1.2478  decode.acc_seg: 65.8813
11/19 22:27:41 - mmengine - INFO - Iter(train) [   850/160000]  base_lr: 9.9570e-04 lr: 9.9570e-04  eta: 3 days, 1:27:48  time: 1.6577  data_time: 0.0117  memory: 39248  loss: 0.9425  decode.loss_ce: 0.9425  decode.acc_seg: 64.0379
11/19 22:29:04 - mmengine - INFO - Iter(train) [   900/160000]  base_lr: 9.9545e-04 lr: 9.9545e-04  eta: 3 days, 1:26:00  time: 1.6592  data_time: 0.0130  memory: 39247  loss: 1.2334  decode.loss_ce: 1.2334  decode.acc_seg: 69.5295
11/19 22:30:27 - mmengine - INFO - Iter(train) [   950/160000]  base_lr: 9.9519e-04 lr: 9.9519e-04  eta: 3 days, 1:24:20  time: 1.6603  data_time: 0.0137  memory: 39248  loss: 1.0016  decode.loss_ce: 1.0016  decode.acc_seg: 51.4888
11/19 22:31:50 - mmengine - INFO - Exp name: setr_vit-l_pup-noaux_8xb2-160k_ade20k-512x512_20231119_220357
11/19 22:31:50 - mmengine - INFO - Iter(train) [  1000/160000]  base_lr: 9.9494e-04 lr: 9.9494e-04  eta: 3 days, 1:22:43  time: 1.6598  data_time: 0.0131  memory: 39247  loss: 0.9265  decode.loss_ce: 0.9265  decode.acc_seg: 67.9068
11/19 22:33:13 - mmengine - INFO - Iter(train) [  1050/160000]  base_lr: 9.9469e-04 lr: 9.9469e-04  eta: 3 days, 1:20:55  time: 1.6580  data_time: 0.0116  memory: 39248  loss: 1.2106  decode.loss_ce: 1.2106  decode.acc_seg: 68.0026
11/19 22:34:36 - mmengine - INFO - Iter(train) [  1100/160000]  base_lr: 9.9443e-04 lr: 9.9443e-04  eta: 3 days, 1:19:09  time: 1.6588  data_time: 0.0117  memory: 39247  loss: 1.0700  decode.loss_ce: 1.0700  decode.acc_seg: 65.9906
11/19 22:35:59 - mmengine - INFO - Iter(train) [  1150/160000]  base_lr: 9.9418e-04 lr: 9.9418e-04  eta: 3 days, 1:17:27  time: 1.6581  data_time: 0.0116  memory: 39248  loss: 1.1169  decode.loss_ce: 1.1169  decode.acc_seg: 69.6779
11/19 22:37:22 - mmengine - INFO - Iter(train) [  1200/160000]  base_lr: 9.9393e-04 lr: 9.9393e-04  eta: 3 days, 1:15:45  time: 1.6588  data_time: 0.0121  memory: 39248  loss: 0.9339  decode.loss_ce: 0.9339  decode.acc_seg: 74.8459
11/19 22:38:45 - mmengine - INFO - Iter(train) [  1250/160000]  base_lr: 9.9367e-04 lr: 9.9367e-04  eta: 3 days, 1:14:04  time: 1.6584  data_time: 0.0114  memory: 39248  loss: 1.0912  decode.loss_ce: 1.0912  decode.acc_seg: 63.1030
11/19 22:40:08 - mmengine - INFO - Iter(train) [  1300/160000]  base_lr: 9.9342e-04 lr: 9.9342e-04  eta: 3 days, 1:12:27  time: 1.6587  data_time: 0.0123  memory: 39248  loss: 0.8692  decode.loss_ce: 0.8692  decode.acc_seg: 67.3658
11/19 22:41:31 - mmengine - INFO - Iter(train) [  1350/160000]  base_lr: 9.9317e-04 lr: 9.9317e-04  eta: 3 days, 1:10:48  time: 1.6576  data_time: 0.0118  memory: 39247  loss: 1.0696  decode.loss_ce: 1.0696  decode.acc_seg: 77.6418
11/19 22:42:54 - mmengine - INFO - Iter(train) [  1400/160000]  base_lr: 9.9291e-04 lr: 9.9291e-04  eta: 3 days, 1:09:16  time: 1.6599  data_time: 0.0141  memory: 39248  loss: 0.9504  decode.loss_ce: 0.9504  decode.acc_seg: 72.8496
11/19 22:44:17 - mmengine - INFO - Iter(train) [  1450/160000]  base_lr: 9.9266e-04 lr: 9.9266e-04  eta: 3 days, 1:07:40  time: 1.6579  data_time: 0.0131  memory: 39248  loss: 0.8360  decode.loss_ce: 0.8360  decode.acc_seg: 73.3278
11/19 22:45:40 - mmengine - INFO - Iter(train) [  1500/160000]  base_lr: 9.9241e-04 lr: 9.9241e-04  eta: 3 days, 1:06:09  time: 1.6586  data_time: 0.0130  memory: 39248  loss: 0.9282  decode.loss_ce: 0.9282  decode.acc_seg: 67.7446
11/19 22:47:02 - mmengine - INFO - Iter(train) [  1550/160000]  base_lr: 9.9215e-04 lr: 9.9215e-04  eta: 3 days, 1:04:33  time: 1.6583  data_time: 0.0125  memory: 39248  loss: 0.8955  decode.loss_ce: 0.8955  decode.acc_seg: 80.8857
11/19 22:48:25 - mmengine - INFO - Iter(train) [  1600/160000]  base_lr: 9.9190e-04 lr: 9.9190e-04  eta: 3 days, 1:02:55  time: 1.6575  data_time: 0.0123  memory: 39247  loss: 0.9234  decode.loss_ce: 0.9234  decode.acc_seg: 74.6483
11/19 22:49:48 - mmengine - INFO - Iter(train) [  1650/160000]  base_lr: 9.9165e-04 lr: 9.9165e-04  eta: 3 days, 1:01:24  time: 1.6593  data_time: 0.0134  memory: 39248  loss: 0.8364  decode.loss_ce: 0.8364  decode.acc_seg: 79.8118
11/19 22:51:11 - mmengine - INFO - Iter(train) [  1700/160000]  base_lr: 9.9139e-04 lr: 9.9139e-04  eta: 3 days, 0:59:54  time: 1.6579  data_time: 0.0117  memory: 39248  loss: 0.8988  decode.loss_ce: 0.8988  decode.acc_seg: 86.2083
11/19 22:52:34 - mmengine - INFO - Iter(train) [  1750/160000]  base_lr: 9.9114e-04 lr: 9.9114e-04  eta: 3 days, 0:58:19  time: 1.6576  data_time: 0.0118  memory: 39247  loss: 0.9176  decode.loss_ce: 0.9176  decode.acc_seg: 55.9566
11/19 22:53:57 - mmengine - INFO - Iter(train) [  1800/160000]  base_lr: 9.9089e-04 lr: 9.9089e-04  eta: 3 days, 0:56:47  time: 1.6575  data_time: 0.0118  memory: 39248  loss: 0.8591  decode.loss_ce: 0.8591  decode.acc_seg: 73.2184
11/19 22:55:20 - mmengine - INFO - Iter(train) [  1850/160000]  base_lr: 9.9063e-04 lr: 9.9063e-04  eta: 3 days, 0:55:15  time: 1.6587  data_time: 0.0123  memory: 39247  loss: 0.8337  decode.loss_ce: 0.8337  decode.acc_seg: 64.5899
11/19 22:56:43 - mmengine - INFO - Iter(train) [  1900/160000]  base_lr: 9.9038e-04 lr: 9.9038e-04  eta: 3 days, 0:53:49  time: 1.6591  data_time: 0.0131  memory: 39248  loss: 0.8334  decode.loss_ce: 0.8334  decode.acc_seg: 60.3729
11/19 22:58:06 - mmengine - INFO - Iter(train) [  1950/160000]  base_lr: 9.9013e-04 lr: 9.9013e-04  eta: 3 days, 0:52:18  time: 1.6578  data_time: 0.0126  memory: 39247  loss: 0.8354  decode.loss_ce: 0.8354  decode.acc_seg: 68.8700
11/19 22:59:29 - mmengine - INFO - Exp name: setr_vit-l_pup-noaux_8xb2-160k_ade20k-512x512_20231119_220357
11/19 22:59:29 - mmengine - INFO - Iter(train) [  2000/160000]  base_lr: 9.8987e-04 lr: 9.8987e-04  eta: 3 days, 0:50:48  time: 1.6580  data_time: 0.0123  memory: 39247  loss: 0.8801  decode.loss_ce: 0.8801  decode.acc_seg: 74.2499
11/19 23:00:52 - mmengine - INFO - Iter(train) [  2050/160000]  base_lr: 9.8962e-04 lr: 9.8962e-04  eta: 3 days, 0:49:19  time: 1.6583  data_time: 0.0130  memory: 39248  loss: 0.9255  decode.loss_ce: 0.9255  decode.acc_seg: 62.5196
11/19 23:02:14 - mmengine - INFO - Iter(train) [  2100/160000]  base_lr: 9.8937e-04 lr: 9.8937e-04  eta: 3 days, 0:47:49  time: 1.6576  data_time: 0.0116  memory: 39247  loss: 0.8198  decode.loss_ce: 0.8198  decode.acc_seg: 73.2991
11/19 23:03:37 - mmengine - INFO - Iter(train) [  2150/160000]  base_lr: 9.8911e-04 lr: 9.8911e-04  eta: 3 days, 0:46:18  time: 1.6567  data_time: 0.0118  memory: 39248  loss: 0.9084  decode.loss_ce: 0.9084  decode.acc_seg: 71.7043
11/19 23:05:00 - mmengine - INFO - Iter(train) [  2200/160000]  base_lr: 9.8886e-04 lr: 9.8886e-04  eta: 3 days, 0:44:45  time: 1.6574  data_time: 0.0117  memory: 39247  loss: 0.8285  decode.loss_ce: 0.8285  decode.acc_seg: 69.0279
11/19 23:06:23 - mmengine - INFO - Iter(train) [  2250/160000]  base_lr: 9.8861e-04 lr: 9.8861e-04  eta: 3 days, 0:43:17  time: 1.6595  data_time: 0.0131  memory: 39248  loss: 0.9991  decode.loss_ce: 0.9991  decode.acc_seg: 62.8816
11/19 23:07:46 - mmengine - INFO - Iter(train) [  2300/160000]  base_lr: 9.8835e-04 lr: 9.8835e-04  eta: 3 days, 0:41:48  time: 1.6573  data_time: 0.0115  memory: 39248  loss: 0.7967  decode.loss_ce: 0.7967  decode.acc_seg: 77.5288
11/19 23:09:09 - mmengine - INFO - Iter(train) [  2350/160000]  base_lr: 9.8810e-04 lr: 9.8810e-04  eta: 3 days, 0:40:17  time: 1.6570  data_time: 0.0116  memory: 39247  loss: 0.8037  decode.loss_ce: 0.8037  decode.acc_seg: 80.4166
11/19 23:10:32 - mmengine - INFO - Iter(train) [  2400/160000]  base_lr: 9.8785e-04 lr: 9.8785e-04  eta: 3 days, 0:38:48  time: 1.6579  data_time: 0.0118  memory: 39247  loss: 0.8886  decode.loss_ce: 0.8886  decode.acc_seg: 74.0997
11/19 23:11:55 - mmengine - INFO - Iter(train) [  2450/160000]  base_lr: 9.8759e-04 lr: 9.8759e-04  eta: 3 days, 0:37:17  time: 1.6562  data_time: 0.0115  memory: 39247  loss: 0.9100  decode.loss_ce: 0.9100  decode.acc_seg: 56.2474
11/19 23:13:17 - mmengine - INFO - Iter(train) [  2500/160000]  base_lr: 9.8734e-04 lr: 9.8734e-04  eta: 3 days, 0:35:45  time: 1.6558  data_time: 0.0117  memory: 39248  loss: 0.7544  decode.loss_ce: 0.7544  decode.acc_seg: 72.0164
11/19 23:14:02 - mmengine - INFO - Exp name: setr_vit-l_pup-noaux_8xb2-160k_ade20k-512x512_20231119_220357
11/19 23:14:40 - mmengine - INFO - Iter(train) [  2550/160000]  base_lr: 9.8709e-04 lr: 9.8709e-04  eta: 3 days, 0:34:14  time: 1.6570  data_time: 0.0117  memory: 39247  loss: 0.9211  decode.loss_ce: 0.9211  decode.acc_seg: 59.2015
11/19 23:16:03 - mmengine - INFO - Iter(train) [  2600/160000]  base_lr: 9.8683e-04 lr: 9.8683e-04  eta: 3 days, 0:32:42  time: 1.6567  data_time: 0.0121  memory: 39247  loss: 0.8956  decode.loss_ce: 0.8956  decode.acc_seg: 71.0517
11/19 23:17:26 - mmengine - INFO - Iter(train) [  2650/160000]  base_lr: 9.8658e-04 lr: 9.8658e-04  eta: 3 days, 0:31:12  time: 1.6566  data_time: 0.0115  memory: 39247  loss: 0.8050  decode.loss_ce: 0.8050  decode.acc_seg: 74.5827
11/19 23:18:49 - mmengine - INFO - Iter(train) [  2700/160000]  base_lr: 9.8632e-04 lr: 9.8632e-04  eta: 3 days, 0:29:42  time: 1.6570  data_time: 0.0121  memory: 39247  loss: 0.8033  decode.loss_ce: 0.8033  decode.acc_seg: 69.1465
11/19 23:20:12 - mmengine - INFO - Iter(train) [  2750/160000]  base_lr: 9.8607e-04 lr: 9.8607e-04  eta: 3 days, 0:28:13  time: 1.6569  data_time: 0.0114  memory: 39248  loss: 0.8572  decode.loss_ce: 0.8572  decode.acc_seg: 69.9643
11/19 23:21:34 - mmengine - INFO - Iter(train) [  2800/160000]  base_lr: 9.8582e-04 lr: 9.8582e-04  eta: 3 days, 0:26:47  time: 1.6604  data_time: 0.0125  memory: 39248  loss: 0.8704  decode.loss_ce: 0.8704  decode.acc_seg: 87.0292
11/19 23:22:57 - mmengine - INFO - Iter(train) [  2850/160000]  base_lr: 9.8556e-04 lr: 9.8556e-04  eta: 3 days, 0:25:25  time: 1.6592  data_time: 0.0140  memory: 39247  loss: 0.6514  decode.loss_ce: 0.6514  decode.acc_seg: 77.4968
11/19 23:24:20 - mmengine - INFO - Iter(train) [  2900/160000]  base_lr: 9.8531e-04 lr: 9.8531e-04  eta: 3 days, 0:23:59  time: 1.6581  data_time: 0.0128  memory: 39247  loss: 0.7267  decode.loss_ce: 0.7267  decode.acc_seg: 74.3878
11/19 23:25:43 - mmengine - INFO - Iter(train) [  2950/160000]  base_lr: 9.8506e-04 lr: 9.8506e-04  eta: 3 days, 0:22:33  time: 1.6579  data_time: 0.0125  memory: 39247  loss: 0.7427  decode.loss_ce: 0.7427  decode.acc_seg: 69.6457
11/19 23:27:06 - mmengine - INFO - Exp name: setr_vit-l_pup-noaux_8xb2-160k_ade20k-512x512_20231119_220357
11/19 23:27:06 - mmengine - INFO - Iter(train) [  3000/160000]  base_lr: 9.8480e-04 lr: 9.8480e-04  eta: 3 days, 0:21:09  time: 1.6584  data_time: 0.0122  memory: 39248  loss: 0.9710  decode.loss_ce: 0.9710  decode.acc_seg: 75.6762
11/19 23:28:29 - mmengine - INFO - Iter(train) [  3050/160000]  base_lr: 9.8455e-04 lr: 9.8455e-04  eta: 3 days, 0:19:47  time: 1.6596  data_time: 0.0133  memory: 39248  loss: 0.7808  decode.loss_ce: 0.7808  decode.acc_seg: 82.1206
11/19 23:29:52 - mmengine - INFO - Iter(train) [  3100/160000]  base_lr: 9.8430e-04 lr: 9.8430e-04  eta: 3 days, 0:18:23  time: 1.6583  data_time: 0.0134  memory: 39248  loss: 0.6950  decode.loss_ce: 0.6950  decode.acc_seg: 75.9181
11/19 23:31:15 - mmengine - INFO - Iter(train) [  3150/160000]  base_lr: 9.8404e-04 lr: 9.8404e-04  eta: 3 days, 0:17:00  time: 1.6599  data_time: 0.0138  memory: 39247  loss: 0.8264  decode.loss_ce: 0.8264  decode.acc_seg: 75.1172
11/19 23:32:38 - mmengine - INFO - Iter(train) [  3200/160000]  base_lr: 9.8379e-04 lr: 9.8379e-04  eta: 3 days, 0:15:37  time: 1.6574  data_time: 0.0119  memory: 39247  loss: 0.6918  decode.loss_ce: 0.6918  decode.acc_seg: 75.1177
11/19 23:34:01 - mmengine - INFO - Iter(train) [  3250/160000]  base_lr: 9.8354e-04 lr: 9.8354e-04  eta: 3 days, 0:14:10  time: 1.6585  data_time: 0.0128  memory: 39247  loss: 0.6775  decode.loss_ce: 0.6775  decode.acc_seg: 65.2973
11/19 23:35:24 - mmengine - INFO - Iter(train) [  3300/160000]  base_lr: 9.8328e-04 lr: 9.8328e-04  eta: 3 days, 0:12:47  time: 1.6595  data_time: 0.0132  memory: 39248  loss: 0.7327  decode.loss_ce: 0.7327  decode.acc_seg: 79.8351
11/19 23:36:47 - mmengine - INFO - Iter(train) [  3350/160000]  base_lr: 9.8303e-04 lr: 9.8303e-04  eta: 3 days, 0:11:25  time: 1.6589  data_time: 0.0124  memory: 39248  loss: 0.7382  decode.loss_ce: 0.7382  decode.acc_seg: 57.2496
11/19 23:38:10 - mmengine - INFO - Iter(train) [  3400/160000]  base_lr: 9.8277e-04 lr: 9.8277e-04  eta: 3 days, 0:10:01  time: 1.6589  data_time: 0.0131  memory: 39248  loss: 0.6637  decode.loss_ce: 0.6637  decode.acc_seg: 71.3825
11/19 23:39:33 - mmengine - INFO - Iter(train) [  3450/160000]  base_lr: 9.8252e-04 lr: 9.8252e-04  eta: 3 days, 0:08:39  time: 1.6592  data_time: 0.0133  memory: 39247  loss: 0.6675  decode.loss_ce: 0.6675  decode.acc_seg: 83.0542
11/19 23:40:56 - mmengine - INFO - Iter(train) [  3500/160000]  base_lr: 9.8227e-04 lr: 9.8227e-04  eta: 3 days, 0:07:17  time: 1.6596  data_time: 0.0136  memory: 39248  loss: 0.8163  decode.loss_ce: 0.8163  decode.acc_seg: 74.0156
11/19 23:42:19 - mmengine - INFO - Iter(train) [  3550/160000]  base_lr: 9.8201e-04 lr: 9.8201e-04  eta: 3 days, 0:05:52  time: 1.6583  data_time: 0.0127  memory: 39248  loss: 0.6965  decode.loss_ce: 0.6965  decode.acc_seg: 77.0247
11/19 23:43:41 - mmengine - INFO - Iter(train) [  3600/160000]  base_lr: 9.8176e-04 lr: 9.8176e-04  eta: 3 days, 0:04:28  time: 1.6590  data_time: 0.0132  memory: 39248  loss: 0.6483  decode.loss_ce: 0.6483  decode.acc_seg: 75.8530
11/19 23:45:04 - mmengine - INFO - Iter(train) [  3650/160000]  base_lr: 9.8151e-04 lr: 9.8151e-04  eta: 3 days, 0:03:04  time: 1.6583  data_time: 0.0128  memory: 39247  loss: 0.8401  decode.loss_ce: 0.8401  decode.acc_seg: 60.2920
11/19 23:46:27 - mmengine - INFO - Iter(train) [  3700/160000]  base_lr: 9.8125e-04 lr: 9.8125e-04  eta: 3 days, 0:01:40  time: 1.6574  data_time: 0.0126  memory: 39247  loss: 0.7682  decode.loss_ce: 0.7682  decode.acc_seg: 72.9899
11/19 23:47:50 - mmengine - INFO - Iter(train) [  3750/160000]  base_lr: 9.8100e-04 lr: 9.8100e-04  eta: 3 days, 0:00:15  time: 1.6574  data_time: 0.0119  memory: 39247  loss: 0.8161  decode.loss_ce: 0.8161  decode.acc_seg: 78.9922
11/19 23:49:13 - mmengine - INFO - Iter(train) [  3800/160000]  base_lr: 9.8074e-04 lr: 9.8074e-04  eta: 2 days, 23:58:50  time: 1.6582  data_time: 0.0126  memory: 39247  loss: 0.7005  decode.loss_ce: 0.7005  decode.acc_seg: 68.0995
11/19 23:50:36 - mmengine - INFO - Iter(train) [  3850/160000]  base_lr: 9.8049e-04 lr: 9.8049e-04  eta: 2 days, 23:57:26  time: 1.6580  data_time: 0.0130  memory: 39247  loss: 0.9156  decode.loss_ce: 0.9156  decode.acc_seg: 67.0856
