/bin/bash: /home/s1952889/miniconda3/envs/prompt/lib/libtinfo.so.6: no version information available (required by /bin/bash)
01/02 20:57:34 - mmengine - INFO - 
------------------------------------------------------------
System environment:
    sys.platform: linux
    Python: 3.10.13 (main, Sep 11 2023, 13:44:35) [GCC 11.2.0]
    CUDA available: True
    numpy_random_seed: 748015591
    GPU 0: NVIDIA A40
    CUDA_HOME: None
    GCC: gcc (Ubuntu 9.4.0-1ubuntu1~20.04.2) 9.4.0
    PyTorch: 2.0.0
    PyTorch compiling details: PyTorch built with:
  - GCC 9.3
  - C++ Version: 201703
  - Intel(R) oneAPI Math Kernel Library Version 2023.1-Product Build 20230303 for Intel(R) 64 architecture applications
  - Intel(R) MKL-DNN v2.7.3 (Git Hash 6dbeffbae1f23cbbeae17adb7b5b13f1f37c080e)
  - OpenMP 201511 (a.k.a. OpenMP 4.5)
  - LAPACK is enabled (usually provided by MKL)
  - NNPACK is enabled
  - CPU capability usage: AVX2
  - CUDA Runtime 11.8
  - NVCC architecture flags: -gencode;arch=compute_37,code=sm_37;-gencode;arch=compute_50,code=sm_50;-gencode;arch=compute_60,code=sm_60;-gencode;arch=compute_61,code=sm_61;-gencode;arch=compute_70,code=sm_70;-gencode;arch=compute_75,code=sm_75;-gencode;arch=compute_80,code=sm_80;-gencode;arch=compute_86,code=sm_86;-gencode;arch=compute_90,code=sm_90;-gencode;arch=compute_37,code=compute_37
  - CuDNN 8.7
  - Magma 2.6.1
  - Build settings: BLAS_INFO=mkl, BUILD_TYPE=Release, CUDA_VERSION=11.8, CUDNN_VERSION=8.7.0, CXX_COMPILER=/opt/rh/devtoolset-9/root/usr/bin/c++, CXX_FLAGS= -D_GLIBCXX_USE_CXX11_ABI=0 -fabi-version=11 -Wno-deprecated -fvisibility-inlines-hidden -DUSE_PTHREADPOOL -DNDEBUG -DUSE_KINETO -DLIBKINETO_NOROCTRACER -DUSE_FBGEMM -DUSE_QNNPACK -DUSE_PYTORCH_QNNPACK -DUSE_XNNPACK -DSYMBOLICATE_MOBILE_DEBUG_HANDLE -O2 -fPIC -Wall -Wextra -Werror=return-type -Werror=non-virtual-dtor -Werror=bool-operation -Wnarrowing -Wno-missing-field-initializers -Wno-type-limits -Wno-array-bounds -Wno-unknown-pragmas -Wunused-local-typedefs -Wno-unused-parameter -Wno-unused-function -Wno-unused-result -Wno-strict-overflow -Wno-strict-aliasing -Wno-error=deprecated-declarations -Wno-stringop-overflow -Wno-psabi -Wno-error=pedantic -Wno-error=redundant-decls -Wno-error=old-style-cast -fdiagnostics-color=always -faligned-new -Wno-unused-but-set-variable -Wno-maybe-uninitialized -fno-math-errno -fno-trapping-math -Werror=format -Werror=cast-function-type -Wno-stringop-overflow, LAPACK_INFO=mkl, PERF_WITH_AVX=1, PERF_WITH_AVX2=1, PERF_WITH_AVX512=1, TORCH_DISABLE_GPU_ASSERTS=ON, TORCH_VERSION=2.0.0, USE_CUDA=ON, USE_CUDNN=ON, USE_EXCEPTION_PTR=1, USE_GFLAGS=OFF, USE_GLOG=OFF, USE_MKL=ON, USE_MKLDNN=ON, USE_MPI=OFF, USE_NCCL=ON, USE_NNPACK=ON, USE_OPENMP=ON, USE_ROCM=OFF, 

    TorchVision: 0.15.0
    OpenCV: 4.8.1
    MMEngine: 0.9.1

Runtime environment:
    cudnn_benchmark: True
    mp_cfg: {'mp_start_method': 'fork', 'opencv_num_threads': 0}
    dist_cfg: {'backend': 'nccl'}
    seed: 748015591
    Distributed launcher: none
    Distributed training: False
    GPU number: 1
------------------------------------------------------------

01/02 20:57:34 - mmengine - INFO - Config:
backbone_norm_cfg = dict(eps=1e-06, requires_grad=True, type='LN')
crop_size = (
    512,
    512,
)
data_preprocessor = dict(
    bgr_to_rgb=True,
    mean=[
        123.675,
        116.28,
        103.53,
    ],
    pad_val=0,
    seg_pad_val=255,
    size=(
        512,
        512,
    ),
    std=[
        58.395,
        57.12,
        57.375,
    ],
    type='SegDataPreProcessor')
data_root = 'data/cbis/cbis-linked'
dataset_type = 'CBISBinaryDataset'
default_hooks = dict(
    checkpoint=dict(
        by_epoch=False,
        interval=16000,
        max_keep_ckpts=2,
        type='CheckpointHook'),
    logger=dict(interval=50, log_metric_by_epoch=False, type='LoggerHook'),
    param_scheduler=dict(type='ParamSchedulerHook'),
    sampler_seed=dict(type='DistSamplerSeedHook'),
    timer=dict(type='IterTimerHook'),
    visualization=dict(type='SegVisualizationHook'))
default_scope = 'mmseg'
env_cfg = dict(
    cudnn_benchmark=True,
    dist_cfg=dict(backend='nccl'),
    mp_cfg=dict(mp_start_method='fork', opencv_num_threads=0))
launcher = 'none'
load_from = None
log_level = 'INFO'
log_processor = dict(by_epoch=False)
model = dict(
    auxiliary_head=[
        dict(
            act_cfg=dict(type='ReLU'),
            align_corners=False,
            channels=256,
            dropout_ratio=0,
            in_channels=1024,
            in_index=0,
            kernel_size=3,
            loss_decode=dict(
                class_weight=[
                    0.04,
                    1.96,
                ],
                loss_weight=0.4,
                type='CrossEntropyLoss',
                use_sigmoid=False),
            norm_cfg=dict(requires_grad=True, type='SyncBN'),
            num_classes=2,
            num_convs=2,
            type='SETRUPHead'),
        dict(
            act_cfg=dict(type='ReLU'),
            align_corners=False,
            channels=256,
            dropout_ratio=0,
            in_channels=1024,
            in_index=1,
            kernel_size=3,
            loss_decode=dict(
                class_weight=[
                    0.04,
                    1.96,
                ],
                loss_weight=0.4,
                type='CrossEntropyLoss',
                use_sigmoid=False),
            norm_cfg=dict(requires_grad=True, type='SyncBN'),
            num_classes=2,
            num_convs=2,
            type='SETRUPHead'),
        dict(
            act_cfg=dict(type='ReLU'),
            align_corners=False,
            channels=256,
            dropout_ratio=0,
            in_channels=1024,
            in_index=2,
            kernel_size=3,
            loss_decode=dict(
                class_weight=[
                    0.04,
                    1.96,
                ],
                loss_weight=0.4,
                type='CrossEntropyLoss',
                use_sigmoid=False),
            norm_cfg=dict(requires_grad=True, type='SyncBN'),
            num_classes=2,
            num_convs=2,
            type='SETRUPHead'),
    ],
    backbone=dict(
        drop_rate=0.0,
        embed_dims=1024,
        img_size=(
            512,
            512,
        ),
        in_channels=3,
        init_cfg=dict(
            checkpoint='pretrain/vit_large_p16.pth', type='Pretrained'),
        interpolate_mode='bilinear',
        norm_cfg=dict(eps=1e-06, requires_grad=True, type='LN'),
        num_heads=16,
        num_layers=24,
        out_indices=(
            9,
            14,
            19,
            23,
        ),
        patch_size=16,
        type='VisionTransformer',
        with_cls_token=True),
    data_preprocessor=dict(
        bgr_to_rgb=True,
        mean=[
            123.675,
            116.28,
            103.53,
        ],
        pad_val=0,
        seg_pad_val=255,
        size=(
            512,
            512,
        ),
        std=[
            58.395,
            57.12,
            57.375,
        ],
        type='SegDataPreProcessor'),
    decode_head=dict(
        align_corners=False,
        channels=256,
        dropout_ratio=0,
        in_channels=1024,
        in_index=3,
        kernel_size=3,
        loss_decode=dict(
            class_weight=[
                0.04,
                1.96,
            ],
            loss_weight=1.0,
            type='CrossEntropyLoss',
            use_sigmoid=False),
        norm_cfg=dict(requires_grad=True, type='SyncBN'),
        num_classes=2,
        num_convs=4,
        type='SETRUPHead',
        up_scale=2),
    pretrained=None,
    test_cfg=dict(mode='whole'),
    train_cfg=dict(),
    type='EncoderDecoder')
norm_cfg = dict(requires_grad=True, type='SyncBN')
num_classes = 2
optim_wrapper = dict(
    clip_grad=None,
    optimizer=dict(lr=0.1, type='AdamW', weight_decay=0.001),
    paramwise_cfg=dict(custom_keys=dict(head=dict(lr_mult=10.0))),
    type='OptimWrapper')
optimizer = dict(lr=0.1, type='AdamW', weight_decay=0.001)
param_scheduler = [
    dict(
        begin=0,
        by_epoch=False,
        end=160000,
        eta_min=0.0001,
        power=0.9,
        type='PolyLR'),
]
record_gpu_snapshot = True
resume = False
test_cfg = dict(type='TestLoop')
test_dataloader = dict(
    batch_size=1,
    dataset=dict(
        data_prefix=dict(
            img_path='images/test', seg_map_path='annotations_binary/test'),
        data_root='data/cbis/cbis-linked',
        pipeline=[
            dict(type='LoadImageFromFile'),
            dict(keep_ratio=True, scale=(
                512,
                512,
            ), type='Resize'),
            dict(reduce_zero_label=False, type='LoadAnnotations'),
            dict(type='PackSegInputs'),
        ],
        type='CBISBinaryDataset'),
    num_workers=4,
    persistent_workers=True,
    sampler=dict(shuffle=False, type='DefaultSampler'))
test_evaluator = dict(
    iou_metrics=[
        'mIoU',
    ], type='IoUMetric')
test_pipeline = [
    dict(type='LoadImageFromFile'),
    dict(keep_ratio=True, scale=(
        512,
        512,
    ), type='Resize'),
    dict(reduce_zero_label=False, type='LoadAnnotations'),
    dict(type='PackSegInputs'),
]
train_cfg = dict(
    max_iters=160000, type='IterBasedTrainLoop', val_interval=16000)
train_dataloader = dict(
    batch_size=4,
    dataset=dict(
        data_prefix=dict(
            img_path='images/train', seg_map_path='annotations_binary/train'),
        data_root='data/cbis/cbis-linked',
        pipeline=[
            dict(type='LoadImageFromFile'),
            dict(reduce_zero_label=False, type='LoadAnnotations'),
            dict(keep_ratio=True, scale=(
                512,
                512,
            ), type='Resize'),
            dict(prob=0.5, type='RandomFlip'),
            dict(type='PackSegInputs'),
        ],
        type='CBISBinaryDataset'),
    num_workers=4,
    persistent_workers=True,
    sampler=dict(shuffle=True, type='InfiniteSampler'))
train_pipeline = [
    dict(type='LoadImageFromFile'),
    dict(reduce_zero_label=False, type='LoadAnnotations'),
    dict(keep_ratio=True, scale=(
        512,
        512,
    ), type='Resize'),
    dict(prob=0.5, type='RandomFlip'),
    dict(type='PackSegInputs'),
]
tta_model = dict(type='SegTTAModel')
tta_pipeline = None
val_cfg = dict(type='ValLoop')
val_dataloader = dict(
    batch_size=1,
    dataset=dict(
        data_prefix=dict(
            img_path='images/val', seg_map_path='annotations_binary/val'),
        data_root='data/cbis/cbis-linked',
        pipeline=[
            dict(type='LoadImageFromFile'),
            dict(keep_ratio=True, scale=(
                512,
                512,
            ), type='Resize'),
            dict(reduce_zero_label=False, type='LoadAnnotations'),
            dict(type='PackSegInputs'),
        ],
        type='CBISBinaryDataset'),
    num_workers=4,
    persistent_workers=True,
    sampler=dict(shuffle=False, type='DefaultSampler'))
val_evaluator = dict(
    iou_metrics=[
        'mIoU',
    ], type='IoUMetric')
val_pipeline = [
    dict(type='LoadImageFromFile'),
    dict(keep_ratio=True, scale=(
        512,
        512,
    ), type='Resize'),
    dict(reduce_zero_label=False, type='LoadAnnotations'),
    dict(type='PackSegInputs'),
]
vis_backends = [
    dict(type='LocalVisBackend'),
]
visualizer = dict(
    name='visualizer',
    type='SegLocalVisualizer',
    vis_backends=[
        dict(type='LocalVisBackend'),
    ])
work_dir = './work_dirs/setr_vit-l_pup_8xb2-160k_cbis-ddsm-binary-512x512'

/home/s1952889/final-project/implementation/mmsegmentation/mmseg/models/decode_heads/decode_head.py:120: UserWarning: For binary segmentation, we suggest using`out_channels = 1` to define the outputchannels of segmentor, and use `threshold`to convert `seg_logits` into a predictionapplying a threshold
  warnings.warn('For binary segmentation, we suggest using'
/home/s1952889/final-project/implementation/mmsegmentation/mmseg/models/builder.py:36: UserWarning: ``build_loss`` would be deprecated soon, please use ``mmseg.registry.MODELS.build()`` 
  warnings.warn('``build_loss`` would be deprecated soon, please use '
/home/s1952889/final-project/implementation/mmsegmentation/mmseg/models/losses/cross_entropy_loss.py:253: UserWarning: Default ``avg_non_ignore`` is False, if you would like to ignore the certain label and average loss over non-ignore labels, which is the same with PyTorch official cross_entropy, set ``avg_non_ignore=True``.
  warnings.warn(
01/02 20:57:50 - mmengine - INFO - Total parameters: 317137928
01/02 20:57:50 - mmengine - INFO - Trainable parameters: 317137928
01/02 20:57:51 - mmengine - INFO - Distributed training is not used, all SyncBatchNorm (SyncBN) layers in the model will be automatically reverted to BatchNormXd layers if they are used.
/home/s1952889/final-project/implementation/mmsegmentation/mmseg/engine/hooks/visualization_hook.py:61: UserWarning: The draw is False, it means that the hook for visualization will not take effect. The results will NOT be visualized or stored.
  warnings.warn('The draw is False, it means that the '
01/02 20:57:51 - mmengine - INFO - Hooks will be executed in the following order:
before_run:
(VERY_HIGH   ) RuntimeInfoHook                    
(BELOW_NORMAL) LoggerHook                         
 -------------------- 
before_train:
(VERY_HIGH   ) RuntimeInfoHook                    
(NORMAL      ) IterTimerHook                      
(VERY_LOW    ) CheckpointHook                     
 -------------------- 
before_train_epoch:
(VERY_HIGH   ) RuntimeInfoHook                    
(NORMAL      ) IterTimerHook                      
(NORMAL      ) DistSamplerSeedHook                
 -------------------- 
before_train_iter:
(VERY_HIGH   ) RuntimeInfoHook                    
(NORMAL      ) IterTimerHook                      
 -------------------- 
after_train_iter:
(VERY_HIGH   ) RuntimeInfoHook                    
(NORMAL      ) IterTimerHook                      
(NORMAL      ) SegVisualizationHook               
(BELOW_NORMAL) LoggerHook                         
(LOW         ) ParamSchedulerHook                 
(VERY_LOW    ) CheckpointHook                     
 -------------------- 
after_train_epoch:
(NORMAL      ) IterTimerHook                      
(LOW         ) ParamSchedulerHook                 
(VERY_LOW    ) CheckpointHook                     
 -------------------- 
before_val:
(VERY_HIGH   ) RuntimeInfoHook                    
 -------------------- 
before_val_epoch:
(NORMAL      ) IterTimerHook                      
 -------------------- 
before_val_iter:
(NORMAL      ) IterTimerHook                      
 -------------------- 
after_val_iter:
(NORMAL      ) IterTimerHook                      
(NORMAL      ) SegVisualizationHook               
(BELOW_NORMAL) LoggerHook                         
 -------------------- 
after_val_epoch:
(VERY_HIGH   ) RuntimeInfoHook                    
(NORMAL      ) IterTimerHook                      
(BELOW_NORMAL) LoggerHook                         
(LOW         ) ParamSchedulerHook                 
(VERY_LOW    ) CheckpointHook                     
 -------------------- 
after_val:
(VERY_HIGH   ) RuntimeInfoHook                    
 -------------------- 
after_train:
(VERY_HIGH   ) RuntimeInfoHook                    
(VERY_LOW    ) CheckpointHook                     
 -------------------- 
before_test:
(VERY_HIGH   ) RuntimeInfoHook                    
 -------------------- 
before_test_epoch:
(NORMAL      ) IterTimerHook                      
 -------------------- 
before_test_iter:
(NORMAL      ) IterTimerHook                      
 -------------------- 
after_test_iter:
(NORMAL      ) IterTimerHook                      
(NORMAL      ) SegVisualizationHook               
(BELOW_NORMAL) LoggerHook                         
 -------------------- 
after_test_epoch:
(VERY_HIGH   ) RuntimeInfoHook                    
(NORMAL      ) IterTimerHook                      
(BELOW_NORMAL) LoggerHook                         
 -------------------- 
after_test:
(VERY_HIGH   ) RuntimeInfoHook                    
 -------------------- 
after_run:
(BELOW_NORMAL) LoggerHook                         
 -------------------- 
/home/s1952889/final-project/implementation/mmsegmentation/mmseg/datasets/transforms/loading.py:83: UserWarning: `reduce_zero_label` will be deprecated, if you would like to ignore the zero label, please set `reduce_zero_label=True` when dataset initialized
  warnings.warn('`reduce_zero_label` will be deprecated, '
01/02 20:57:53 - mmengine - INFO - paramwise_options -- decode_head.conv_seg.weight:lr=1.0
01/02 20:57:53 - mmengine - INFO - paramwise_options -- decode_head.conv_seg.weight:weight_decay=0.001
01/02 20:57:53 - mmengine - INFO - paramwise_options -- decode_head.conv_seg.weight:lr_mult=10.0
01/02 20:57:53 - mmengine - INFO - paramwise_options -- decode_head.conv_seg.bias:lr=1.0
01/02 20:57:53 - mmengine - INFO - paramwise_options -- decode_head.conv_seg.bias:weight_decay=0.001
01/02 20:57:53 - mmengine - INFO - paramwise_options -- decode_head.conv_seg.bias:lr_mult=10.0
01/02 20:57:53 - mmengine - INFO - paramwise_options -- decode_head.norm.weight:lr=1.0
01/02 20:57:53 - mmengine - INFO - paramwise_options -- decode_head.norm.weight:weight_decay=0.001
01/02 20:57:53 - mmengine - INFO - paramwise_options -- decode_head.norm.weight:lr_mult=10.0
01/02 20:57:53 - mmengine - INFO - paramwise_options -- decode_head.norm.bias:lr=1.0
01/02 20:57:53 - mmengine - INFO - paramwise_options -- decode_head.norm.bias:weight_decay=0.001
01/02 20:57:53 - mmengine - INFO - paramwise_options -- decode_head.norm.bias:lr_mult=10.0
01/02 20:57:53 - mmengine - INFO - paramwise_options -- decode_head.up_convs.0.0.conv.weight:lr=1.0
01/02 20:57:53 - mmengine - INFO - paramwise_options -- decode_head.up_convs.0.0.conv.weight:weight_decay=0.001
01/02 20:57:53 - mmengine - INFO - paramwise_options -- decode_head.up_convs.0.0.conv.weight:lr_mult=10.0
01/02 20:57:53 - mmengine - INFO - paramwise_options -- decode_head.up_convs.0.0.bn.weight:lr=1.0
01/02 20:57:53 - mmengine - INFO - paramwise_options -- decode_head.up_convs.0.0.bn.weight:weight_decay=0.001
01/02 20:57:53 - mmengine - INFO - paramwise_options -- decode_head.up_convs.0.0.bn.weight:lr_mult=10.0
01/02 20:57:53 - mmengine - INFO - paramwise_options -- decode_head.up_convs.0.0.bn.bias:lr=1.0
01/02 20:57:53 - mmengine - INFO - paramwise_options -- decode_head.up_convs.0.0.bn.bias:weight_decay=0.001
01/02 20:57:53 - mmengine - INFO - paramwise_options -- decode_head.up_convs.0.0.bn.bias:lr_mult=10.0
01/02 20:57:53 - mmengine - INFO - paramwise_options -- decode_head.up_convs.1.0.conv.weight:lr=1.0
01/02 20:57:53 - mmengine - INFO - paramwise_options -- decode_head.up_convs.1.0.conv.weight:weight_decay=0.001
01/02 20:57:53 - mmengine - INFO - paramwise_options -- decode_head.up_convs.1.0.conv.weight:lr_mult=10.0
01/02 20:57:53 - mmengine - INFO - paramwise_options -- decode_head.up_convs.1.0.bn.weight:lr=1.0
01/02 20:57:53 - mmengine - INFO - paramwise_options -- decode_head.up_convs.1.0.bn.weight:weight_decay=0.001
01/02 20:57:53 - mmengine - INFO - paramwise_options -- decode_head.up_convs.1.0.bn.weight:lr_mult=10.0
01/02 20:57:53 - mmengine - INFO - paramwise_options -- decode_head.up_convs.1.0.bn.bias:lr=1.0
01/02 20:57:53 - mmengine - INFO - paramwise_options -- decode_head.up_convs.1.0.bn.bias:weight_decay=0.001
01/02 20:57:53 - mmengine - INFO - paramwise_options -- decode_head.up_convs.1.0.bn.bias:lr_mult=10.0
01/02 20:57:53 - mmengine - INFO - paramwise_options -- decode_head.up_convs.2.0.conv.weight:lr=1.0
01/02 20:57:53 - mmengine - INFO - paramwise_options -- decode_head.up_convs.2.0.conv.weight:weight_decay=0.001
01/02 20:57:53 - mmengine - INFO - paramwise_options -- decode_head.up_convs.2.0.conv.weight:lr_mult=10.0
01/02 20:57:53 - mmengine - INFO - paramwise_options -- decode_head.up_convs.2.0.bn.weight:lr=1.0
01/02 20:57:53 - mmengine - INFO - paramwise_options -- decode_head.up_convs.2.0.bn.weight:weight_decay=0.001
01/02 20:57:53 - mmengine - INFO - paramwise_options -- decode_head.up_convs.2.0.bn.weight:lr_mult=10.0
01/02 20:57:53 - mmengine - INFO - paramwise_options -- decode_head.up_convs.2.0.bn.bias:lr=1.0
01/02 20:57:53 - mmengine - INFO - paramwise_options -- decode_head.up_convs.2.0.bn.bias:weight_decay=0.001
01/02 20:57:53 - mmengine - INFO - paramwise_options -- decode_head.up_convs.2.0.bn.bias:lr_mult=10.0
01/02 20:57:53 - mmengine - INFO - paramwise_options -- decode_head.up_convs.3.0.conv.weight:lr=1.0
01/02 20:57:53 - mmengine - INFO - paramwise_options -- decode_head.up_convs.3.0.conv.weight:weight_decay=0.001
01/02 20:57:53 - mmengine - INFO - paramwise_options -- decode_head.up_convs.3.0.conv.weight:lr_mult=10.0
01/02 20:57:53 - mmengine - INFO - paramwise_options -- decode_head.up_convs.3.0.bn.weight:lr=1.0
01/02 20:57:53 - mmengine - INFO - paramwise_options -- decode_head.up_convs.3.0.bn.weight:weight_decay=0.001
01/02 20:57:53 - mmengine - INFO - paramwise_options -- decode_head.up_convs.3.0.bn.weight:lr_mult=10.0
01/02 20:57:53 - mmengine - INFO - paramwise_options -- decode_head.up_convs.3.0.bn.bias:lr=1.0
01/02 20:57:53 - mmengine - INFO - paramwise_options -- decode_head.up_convs.3.0.bn.bias:weight_decay=0.001
01/02 20:57:53 - mmengine - INFO - paramwise_options -- decode_head.up_convs.3.0.bn.bias:lr_mult=10.0
01/02 20:57:53 - mmengine - INFO - paramwise_options -- auxiliary_head.0.conv_seg.weight:lr=1.0
01/02 20:57:53 - mmengine - INFO - paramwise_options -- auxiliary_head.0.conv_seg.weight:weight_decay=0.001
01/02 20:57:53 - mmengine - INFO - paramwise_options -- auxiliary_head.0.conv_seg.weight:lr_mult=10.0
01/02 20:57:53 - mmengine - INFO - paramwise_options -- auxiliary_head.0.conv_seg.bias:lr=1.0
01/02 20:57:53 - mmengine - INFO - paramwise_options -- auxiliary_head.0.conv_seg.bias:weight_decay=0.001
01/02 20:57:53 - mmengine - INFO - paramwise_options -- auxiliary_head.0.conv_seg.bias:lr_mult=10.0
01/02 20:57:53 - mmengine - INFO - paramwise_options -- auxiliary_head.0.norm.weight:lr=1.0
01/02 20:57:53 - mmengine - INFO - paramwise_options -- auxiliary_head.0.norm.weight:weight_decay=0.001
01/02 20:57:53 - mmengine - INFO - paramwise_options -- auxiliary_head.0.norm.weight:lr_mult=10.0
01/02 20:57:53 - mmengine - INFO - paramwise_options -- auxiliary_head.0.norm.bias:lr=1.0
01/02 20:57:53 - mmengine - INFO - paramwise_options -- auxiliary_head.0.norm.bias:weight_decay=0.001
01/02 20:57:53 - mmengine - INFO - paramwise_options -- auxiliary_head.0.norm.bias:lr_mult=10.0
01/02 20:57:53 - mmengine - INFO - paramwise_options -- auxiliary_head.0.up_convs.0.0.conv.weight:lr=1.0
01/02 20:57:53 - mmengine - INFO - paramwise_options -- auxiliary_head.0.up_convs.0.0.conv.weight:weight_decay=0.001
01/02 20:57:53 - mmengine - INFO - paramwise_options -- auxiliary_head.0.up_convs.0.0.conv.weight:lr_mult=10.0
01/02 20:57:53 - mmengine - INFO - paramwise_options -- auxiliary_head.0.up_convs.0.0.bn.weight:lr=1.0
01/02 20:57:53 - mmengine - INFO - paramwise_options -- auxiliary_head.0.up_convs.0.0.bn.weight:weight_decay=0.001
01/02 20:57:53 - mmengine - INFO - paramwise_options -- auxiliary_head.0.up_convs.0.0.bn.weight:lr_mult=10.0
01/02 20:57:53 - mmengine - INFO - paramwise_options -- auxiliary_head.0.up_convs.0.0.bn.bias:lr=1.0
01/02 20:57:53 - mmengine - INFO - paramwise_options -- auxiliary_head.0.up_convs.0.0.bn.bias:weight_decay=0.001
01/02 20:57:53 - mmengine - INFO - paramwise_options -- auxiliary_head.0.up_convs.0.0.bn.bias:lr_mult=10.0
01/02 20:57:53 - mmengine - INFO - paramwise_options -- auxiliary_head.0.up_convs.1.0.conv.weight:lr=1.0
01/02 20:57:53 - mmengine - INFO - paramwise_options -- auxiliary_head.0.up_convs.1.0.conv.weight:weight_decay=0.001
01/02 20:57:53 - mmengine - INFO - paramwise_options -- auxiliary_head.0.up_convs.1.0.conv.weight:lr_mult=10.0
01/02 20:57:53 - mmengine - INFO - paramwise_options -- auxiliary_head.0.up_convs.1.0.bn.weight:lr=1.0
01/02 20:57:53 - mmengine - INFO - paramwise_options -- auxiliary_head.0.up_convs.1.0.bn.weight:weight_decay=0.001
01/02 20:57:53 - mmengine - INFO - paramwise_options -- auxiliary_head.0.up_convs.1.0.bn.weight:lr_mult=10.0
01/02 20:57:53 - mmengine - INFO - paramwise_options -- auxiliary_head.0.up_convs.1.0.bn.bias:lr=1.0
01/02 20:57:53 - mmengine - INFO - paramwise_options -- auxiliary_head.0.up_convs.1.0.bn.bias:weight_decay=0.001
01/02 20:57:53 - mmengine - INFO - paramwise_options -- auxiliary_head.0.up_convs.1.0.bn.bias:lr_mult=10.0
01/02 20:57:53 - mmengine - INFO - paramwise_options -- auxiliary_head.1.conv_seg.weight:lr=1.0
01/02 20:57:53 - mmengine - INFO - paramwise_options -- auxiliary_head.1.conv_seg.weight:weight_decay=0.001
01/02 20:57:53 - mmengine - INFO - paramwise_options -- auxiliary_head.1.conv_seg.weight:lr_mult=10.0
01/02 20:57:53 - mmengine - INFO - paramwise_options -- auxiliary_head.1.conv_seg.bias:lr=1.0
01/02 20:57:53 - mmengine - INFO - paramwise_options -- auxiliary_head.1.conv_seg.bias:weight_decay=0.001
01/02 20:57:53 - mmengine - INFO - paramwise_options -- auxiliary_head.1.conv_seg.bias:lr_mult=10.0
01/02 20:57:53 - mmengine - INFO - paramwise_options -- auxiliary_head.1.norm.weight:lr=1.0
01/02 20:57:53 - mmengine - INFO - paramwise_options -- auxiliary_head.1.norm.weight:weight_decay=0.001
01/02 20:57:53 - mmengine - INFO - paramwise_options -- auxiliary_head.1.norm.weight:lr_mult=10.0
01/02 20:57:53 - mmengine - INFO - paramwise_options -- auxiliary_head.1.norm.bias:lr=1.0
01/02 20:57:53 - mmengine - INFO - paramwise_options -- auxiliary_head.1.norm.bias:weight_decay=0.001
01/02 20:57:53 - mmengine - INFO - paramwise_options -- auxiliary_head.1.norm.bias:lr_mult=10.0
01/02 20:57:53 - mmengine - INFO - paramwise_options -- auxiliary_head.1.up_convs.0.0.conv.weight:lr=1.0
01/02 20:57:53 - mmengine - INFO - paramwise_options -- auxiliary_head.1.up_convs.0.0.conv.weight:weight_decay=0.001
01/02 20:57:53 - mmengine - INFO - paramwise_options -- auxiliary_head.1.up_convs.0.0.conv.weight:lr_mult=10.0
01/02 20:57:53 - mmengine - INFO - paramwise_options -- auxiliary_head.1.up_convs.0.0.bn.weight:lr=1.0
01/02 20:57:53 - mmengine - INFO - paramwise_options -- auxiliary_head.1.up_convs.0.0.bn.weight:weight_decay=0.001
01/02 20:57:53 - mmengine - INFO - paramwise_options -- auxiliary_head.1.up_convs.0.0.bn.weight:lr_mult=10.0
01/02 20:57:53 - mmengine - INFO - paramwise_options -- auxiliary_head.1.up_convs.0.0.bn.bias:lr=1.0
01/02 20:57:53 - mmengine - INFO - paramwise_options -- auxiliary_head.1.up_convs.0.0.bn.bias:weight_decay=0.001
01/02 20:57:53 - mmengine - INFO - paramwise_options -- auxiliary_head.1.up_convs.0.0.bn.bias:lr_mult=10.0
01/02 20:57:53 - mmengine - INFO - paramwise_options -- auxiliary_head.1.up_convs.1.0.conv.weight:lr=1.0
01/02 20:57:53 - mmengine - INFO - paramwise_options -- auxiliary_head.1.up_convs.1.0.conv.weight:weight_decay=0.001
01/02 20:57:53 - mmengine - INFO - paramwise_options -- auxiliary_head.1.up_convs.1.0.conv.weight:lr_mult=10.0
01/02 20:57:53 - mmengine - INFO - paramwise_options -- auxiliary_head.1.up_convs.1.0.bn.weight:lr=1.0
01/02 20:57:53 - mmengine - INFO - paramwise_options -- auxiliary_head.1.up_convs.1.0.bn.weight:weight_decay=0.001
01/02 20:57:53 - mmengine - INFO - paramwise_options -- auxiliary_head.1.up_convs.1.0.bn.weight:lr_mult=10.0
01/02 20:57:53 - mmengine - INFO - paramwise_options -- auxiliary_head.1.up_convs.1.0.bn.bias:lr=1.0
01/02 20:57:53 - mmengine - INFO - paramwise_options -- auxiliary_head.1.up_convs.1.0.bn.bias:weight_decay=0.001
01/02 20:57:53 - mmengine - INFO - paramwise_options -- auxiliary_head.1.up_convs.1.0.bn.bias:lr_mult=10.0
01/02 20:57:53 - mmengine - INFO - paramwise_options -- auxiliary_head.2.conv_seg.weight:lr=1.0
01/02 20:57:53 - mmengine - INFO - paramwise_options -- auxiliary_head.2.conv_seg.weight:weight_decay=0.001
01/02 20:57:53 - mmengine - INFO - paramwise_options -- auxiliary_head.2.conv_seg.weight:lr_mult=10.0
01/02 20:57:53 - mmengine - INFO - paramwise_options -- auxiliary_head.2.conv_seg.bias:lr=1.0
01/02 20:57:53 - mmengine - INFO - paramwise_options -- auxiliary_head.2.conv_seg.bias:weight_decay=0.001
01/02 20:57:53 - mmengine - INFO - paramwise_options -- auxiliary_head.2.conv_seg.bias:lr_mult=10.0
01/02 20:57:53 - mmengine - INFO - paramwise_options -- auxiliary_head.2.norm.weight:lr=1.0
01/02 20:57:53 - mmengine - INFO - paramwise_options -- auxiliary_head.2.norm.weight:weight_decay=0.001
01/02 20:57:53 - mmengine - INFO - paramwise_options -- auxiliary_head.2.norm.weight:lr_mult=10.0
01/02 20:57:53 - mmengine - INFO - paramwise_options -- auxiliary_head.2.norm.bias:lr=1.0
01/02 20:57:53 - mmengine - INFO - paramwise_options -- auxiliary_head.2.norm.bias:weight_decay=0.001
01/02 20:57:53 - mmengine - INFO - paramwise_options -- auxiliary_head.2.norm.bias:lr_mult=10.0
01/02 20:57:53 - mmengine - INFO - paramwise_options -- auxiliary_head.2.up_convs.0.0.conv.weight:lr=1.0
01/02 20:57:53 - mmengine - INFO - paramwise_options -- auxiliary_head.2.up_convs.0.0.conv.weight:weight_decay=0.001
01/02 20:57:53 - mmengine - INFO - paramwise_options -- auxiliary_head.2.up_convs.0.0.conv.weight:lr_mult=10.0
01/02 20:57:53 - mmengine - INFO - paramwise_options -- auxiliary_head.2.up_convs.0.0.bn.weight:lr=1.0
01/02 20:57:53 - mmengine - INFO - paramwise_options -- auxiliary_head.2.up_convs.0.0.bn.weight:weight_decay=0.001
01/02 20:57:53 - mmengine - INFO - paramwise_options -- auxiliary_head.2.up_convs.0.0.bn.weight:lr_mult=10.0
01/02 20:57:53 - mmengine - INFO - paramwise_options -- auxiliary_head.2.up_convs.0.0.bn.bias:lr=1.0
01/02 20:57:53 - mmengine - INFO - paramwise_options -- auxiliary_head.2.up_convs.0.0.bn.bias:weight_decay=0.001
01/02 20:57:53 - mmengine - INFO - paramwise_options -- auxiliary_head.2.up_convs.0.0.bn.bias:lr_mult=10.0
01/02 20:57:53 - mmengine - INFO - paramwise_options -- auxiliary_head.2.up_convs.1.0.conv.weight:lr=1.0
01/02 20:57:53 - mmengine - INFO - paramwise_options -- auxiliary_head.2.up_convs.1.0.conv.weight:weight_decay=0.001
01/02 20:57:53 - mmengine - INFO - paramwise_options -- auxiliary_head.2.up_convs.1.0.conv.weight:lr_mult=10.0
01/02 20:57:53 - mmengine - INFO - paramwise_options -- auxiliary_head.2.up_convs.1.0.bn.weight:lr=1.0
01/02 20:57:53 - mmengine - INFO - paramwise_options -- auxiliary_head.2.up_convs.1.0.bn.weight:weight_decay=0.001
01/02 20:57:53 - mmengine - INFO - paramwise_options -- auxiliary_head.2.up_convs.1.0.bn.weight:lr_mult=10.0
01/02 20:57:53 - mmengine - INFO - paramwise_options -- auxiliary_head.2.up_convs.1.0.bn.bias:lr=1.0
01/02 20:57:53 - mmengine - INFO - paramwise_options -- auxiliary_head.2.up_convs.1.0.bn.bias:weight_decay=0.001
01/02 20:57:53 - mmengine - INFO - paramwise_options -- auxiliary_head.2.up_convs.1.0.bn.bias:lr_mult=10.0
01/02 20:57:53 - mmengine - WARNING - The prefix is not set in metric class IoUMetric.
Loads checkpoint by local backend from path: pretrain/vit_large_p16.pth
Resize the pos_embed shape from torch.Size([1, 577, 1024]) to torch.Size([1, 1025, 1024])
The model and loaded state dict do not match exactly

unexpected key in source state_dict: ln1.bias, ln1.weight, patch_embed.projection.bias

01/02 20:58:16 - mmengine - WARNING - "FileClient" will be deprecated in future. Please use io functions in https://mmengine.readthedocs.io/en/latest/api/fileio.html#file-io
01/02 20:58:16 - mmengine - WARNING - "HardDiskBackend" is the alias of "LocalBackend" and the former will be deprecated in future.
01/02 20:58:16 - mmengine - INFO - Checkpoints will be saved to /home/s1952889/final-project/implementation/mmsegmentation/work_dirs/setr_vit-l_pup_8xb2-160k_cbis-ddsm-binary-512x512/20240102_205728.
01/02 20:59:05 - mmengine - INFO - Iter(train) [    50/160000]  base_lr: 9.9972e-02 lr: 9.9972e-02  eta: 1 day, 19:07:46  time: 0.9196  data_time: 0.0089  memory: 23797  loss: 1.6185  decode.loss_ce: 0.6835  decode.acc_seg: 99.5737  aux_0.loss_ce: 0.2864  aux_0.acc_seg: 99.5737  aux_1.loss_ce: 0.2808  aux_1.acc_seg: 99.5737  aux_2.loss_ce: 0.3678  aux_2.acc_seg: 99.5737
01/02 20:59:51 - mmengine - INFO - Iter(train) [   100/160000]  base_lr: 9.9944e-02 lr: 9.9944e-02  eta: 1 day, 17:59:39  time: 0.9200  data_time: 0.0088  memory: 23801  loss: 1.4637  decode.loss_ce: 0.6881  decode.acc_seg: 99.4071  aux_0.loss_ce: 0.2513  aux_0.acc_seg: 99.4071  aux_1.loss_ce: 0.2650  aux_1.acc_seg: 99.4071  aux_2.loss_ce: 0.2592  aux_2.acc_seg: 99.4071
01/02 21:00:37 - mmengine - INFO - Iter(train) [   150/160000]  base_lr: 9.9916e-02 lr: 9.9916e-02  eta: 1 day, 17:40:46  time: 0.9250  data_time: 0.0086  memory: 23797  loss: 2.0529  decode.loss_ce: 0.9657  decode.acc_seg: 3.0513  aux_0.loss_ce: 0.3628  aux_0.acc_seg: 10.6623  aux_1.loss_ce: 0.3609  aux_1.acc_seg: 10.2658  aux_2.loss_ce: 0.3636  aux_2.acc_seg: 10.9744
01/02 21:01:23 - mmengine - INFO - Iter(train) [   200/160000]  base_lr: 9.9888e-02 lr: 9.9888e-02  eta: 1 day, 17:32:12  time: 0.9262  data_time: 0.0083  memory: 23797  loss: 1.7156  decode.loss_ce: 0.7913  decode.acc_seg: 98.6552  aux_0.loss_ce: 0.3074  aux_0.acc_seg: 98.6552  aux_1.loss_ce: 0.3024  aux_1.acc_seg: 98.6552  aux_2.loss_ce: 0.3145  aux_2.acc_seg: 98.6552
01/02 21:02:10 - mmengine - INFO - Iter(train) [   250/160000]  base_lr: 9.9860e-02 lr: 9.9860e-02  eta: 1 day, 17:27:29  time: 0.9290  data_time: 0.0083  memory: 23797  loss: 1.6970  decode.loss_ce: 0.7815  decode.acc_seg: 93.2642  aux_0.loss_ce: 0.3035  aux_0.acc_seg: 93.2642  aux_1.loss_ce: 0.3032  aux_1.acc_seg: 93.2642  aux_2.loss_ce: 0.3087  aux_2.acc_seg: 93.2642
01/02 21:02:56 - mmengine - INFO - Iter(train) [   300/160000]  base_lr: 9.9832e-02 lr: 9.9832e-02  eta: 1 day, 17:24:42  time: 0.9293  data_time: 0.0083  memory: 23797  loss: 2.0928  decode.loss_ce: 0.7373  decode.acc_seg: 0.6847  aux_0.loss_ce: 0.3753  aux_0.acc_seg: 0.6847  aux_1.loss_ce: 0.3916  aux_1.acc_seg: 5.8829  aux_2.loss_ce: 0.5886  aux_2.acc_seg: 3.9344
01/02 21:03:43 - mmengine - INFO - Iter(train) [   350/160000]  base_lr: 9.9804e-02 lr: 9.9804e-02  eta: 1 day, 17:21:31  time: 0.9246  data_time: 0.0083  memory: 23797  loss: 1.4830  decode.loss_ce: 0.6792  decode.acc_seg: 99.1907  aux_0.loss_ce: 0.2669  aux_0.acc_seg: 99.1907  aux_1.loss_ce: 0.2627  aux_1.acc_seg: 99.1907  aux_2.loss_ce: 0.2742  aux_2.acc_seg: 99.1907
01/02 21:04:29 - mmengine - INFO - Iter(train) [   400/160000]  base_lr: 9.9776e-02 lr: 9.9776e-02  eta: 1 day, 17:18:05  time: 0.9244  data_time: 0.0084  memory: 23797  loss: 1.5289  decode.loss_ce: 0.7112  decode.acc_seg: 95.5608  aux_0.loss_ce: 0.2722  aux_0.acc_seg: 95.5608  aux_1.loss_ce: 0.2601  aux_1.acc_seg: 12.8553  aux_2.loss_ce: 0.2854  aux_2.acc_seg: 95.5608
01/02 21:05:15 - mmengine - INFO - Iter(train) [   450/160000]  base_lr: 9.9748e-02 lr: 9.9748e-02  eta: 1 day, 17:15:19  time: 0.9252  data_time: 0.0084  memory: 23797  loss: 1.6601  decode.loss_ce: 0.7046  decode.acc_seg: 99.4764  aux_0.loss_ce: 0.3309  aux_0.acc_seg: 99.4764  aux_1.loss_ce: 0.3433  aux_1.acc_seg: 99.4764  aux_2.loss_ce: 0.2813  aux_2.acc_seg: 99.4764
01/02 21:06:01 - mmengine - INFO - Iter(train) [   500/160000]  base_lr: 9.9720e-02 lr: 9.9720e-02  eta: 1 day, 17:13:04  time: 0.9250  data_time: 0.0085  memory: 23797  loss: 1.7562  decode.loss_ce: 0.7953  decode.acc_seg: 1.4484  aux_0.loss_ce: 0.3224  aux_0.acc_seg: 1.4484  aux_1.loss_ce: 0.3190  aux_1.acc_seg: 3.8624  aux_2.loss_ce: 0.3195  aux_2.acc_seg: 1.4484
01/02 21:06:48 - mmengine - INFO - Iter(train) [   550/160000]  base_lr: 9.9691e-02 lr: 9.9691e-02  eta: 1 day, 17:11:03  time: 0.9252  data_time: 0.0084  memory: 23797  loss: 1.6846  decode.loss_ce: 0.7678  decode.acc_seg: 1.0586  aux_0.loss_ce: 0.3087  aux_0.acc_seg: 1.0586  aux_1.loss_ce: 0.3004  aux_1.acc_seg: 5.3531  aux_2.loss_ce: 0.3077  aux_2.acc_seg: 1.0586
01/02 21:06:50 - mmengine - INFO - Exp name: setr_vit-l_pup_8xb2-160k_cbis-ddsm-binary-512x512_20240102_205728
01/02 21:07:34 - mmengine - INFO - Iter(train) [   600/160000]  base_lr: 9.9663e-02 lr: 9.9663e-02  eta: 1 day, 17:09:23  time: 0.9256  data_time: 0.0085  memory: 23797  loss: 1.5576  decode.loss_ce: 0.7111  decode.acc_seg: 96.2700  aux_0.loss_ce: 0.2843  aux_0.acc_seg: 96.2700  aux_1.loss_ce: 0.2778  aux_1.acc_seg: 96.2700  aux_2.loss_ce: 0.2844  aux_2.acc_seg: 96.2700
01/02 21:08:20 - mmengine - INFO - Iter(train) [   650/160000]  base_lr: 9.9635e-02 lr: 9.9635e-02  eta: 1 day, 17:05:58  time: 0.9111  data_time: 0.0090  memory: 23797  loss: 1.6422  decode.loss_ce: 0.7450  decode.acc_seg: 2.0422  aux_0.loss_ce: 0.2993  aux_0.acc_seg: 2.0422  aux_1.loss_ce: 0.2995  aux_1.acc_seg: 2.0422  aux_2.loss_ce: 0.2985  aux_2.acc_seg: 2.0422
01/02 21:09:05 - mmengine - INFO - Iter(train) [   700/160000]  base_lr: 9.9607e-02 lr: 9.9607e-02  eta: 1 day, 17:01:55  time: 0.9118  data_time: 0.0095  memory: 23801  loss: 1.5932  decode.loss_ce: 0.7246  decode.acc_seg: 98.1445  aux_0.loss_ce: 0.2896  aux_0.acc_seg: 98.1445  aux_1.loss_ce: 0.2893  aux_1.acc_seg: 98.1445  aux_2.loss_ce: 0.2898  aux_2.acc_seg: 98.1445
01/02 21:09:51 - mmengine - INFO - Iter(train) [   750/160000]  base_lr: 9.9579e-02 lr: 9.9579e-02  eta: 1 day, 16:58:35  time: 0.9116  data_time: 0.0092  memory: 23797  loss: 1.4732  decode.loss_ce: 0.6692  decode.acc_seg: 99.4063  aux_0.loss_ce: 0.2680  aux_0.acc_seg: 99.4063  aux_1.loss_ce: 0.2683  aux_1.acc_seg: 99.4063  aux_2.loss_ce: 0.2678  aux_2.acc_seg: 99.4063
01/02 21:10:37 - mmengine - INFO - Iter(train) [   800/160000]  base_lr: 9.9551e-02 lr: 9.9551e-02  eta: 1 day, 16:55:21  time: 0.9119  data_time: 0.0093  memory: 23797  loss: 2.1377  decode.loss_ce: 0.9678  decode.acc_seg: 98.9644  aux_0.loss_ce: 0.3896  aux_0.acc_seg: 98.9644  aux_1.loss_ce: 0.3924  aux_1.acc_seg: 98.9644  aux_2.loss_ce: 0.3880  aux_2.acc_seg: 98.9644
01/02 21:11:22 - mmengine - INFO - Iter(train) [   850/160000]  base_lr: 9.9523e-02 lr: 9.9523e-02  eta: 1 day, 16:52:50  time: 0.9125  data_time: 0.0090  memory: 23797  loss: 1.4992  decode.loss_ce: 0.6814  decode.acc_seg: 95.8105  aux_0.loss_ce: 0.2726  aux_0.acc_seg: 95.8105  aux_1.loss_ce: 0.2727  aux_1.acc_seg: 95.8105  aux_2.loss_ce: 0.2726  aux_2.acc_seg: 95.8105
01/02 21:12:08 - mmengine - INFO - Iter(train) [   900/160000]  base_lr: 9.9495e-02 lr: 9.9495e-02  eta: 1 day, 16:50:13  time: 0.9120  data_time: 0.0091  memory: 23800  loss: 1.5675  decode.loss_ce: 0.7116  decode.acc_seg: 94.6890  aux_0.loss_ce: 0.2852  aux_0.acc_seg: 94.6890  aux_1.loss_ce: 0.2858  aux_1.acc_seg: 94.6890  aux_2.loss_ce: 0.2848  aux_2.acc_seg: 94.6890
01/02 21:12:53 - mmengine - INFO - Iter(train) [   950/160000]  base_lr: 9.9467e-02 lr: 9.9467e-02  eta: 1 day, 16:47:44  time: 0.9116  data_time: 0.0089  memory: 23797  loss: 1.7184  decode.loss_ce: 0.7798  decode.acc_seg: 99.4869  aux_0.loss_ce: 0.3127  aux_0.acc_seg: 99.4869  aux_1.loss_ce: 0.3136  aux_1.acc_seg: 99.4869  aux_2.loss_ce: 0.3122  aux_2.acc_seg: 99.4869
01/02 21:13:39 - mmengine - INFO - Exp name: setr_vit-l_pup_8xb2-160k_cbis-ddsm-binary-512x512_20240102_205728
01/02 21:13:39 - mmengine - INFO - Iter(train) [  1000/160000]  base_lr: 9.9438e-02 lr: 9.9438e-02  eta: 1 day, 16:45:26  time: 0.9119  data_time: 0.0090  memory: 23797  loss: 1.7578  decode.loss_ce: 0.8000  decode.acc_seg: 0.7491  aux_0.loss_ce: 0.3194  aux_0.acc_seg: 0.7491  aux_1.loss_ce: 0.3186  aux_1.acc_seg: 0.7491  aux_2.loss_ce: 0.3198  aux_2.acc_seg: 0.7491
01/02 21:14:25 - mmengine - INFO - Iter(train) [  1050/160000]  base_lr: 9.9410e-02 lr: 9.9410e-02  eta: 1 day, 16:43:17  time: 0.9126  data_time: 0.0089  memory: 23797  loss: 1.5686  decode.loss_ce: 0.7131  decode.acc_seg: 0.6154  aux_0.loss_ce: 0.2852  aux_0.acc_seg: 0.6154  aux_1.loss_ce: 0.2851  aux_1.acc_seg: 0.6154  aux_2.loss_ce: 0.2852  aux_2.acc_seg: 0.6154
01/02 21:15:10 - mmengine - INFO - Iter(train) [  1100/160000]  base_lr: 9.9382e-02 lr: 9.9382e-02  eta: 1 day, 16:41:20  time: 0.9124  data_time: 0.0091  memory: 23797  loss: 1.6069  decode.loss_ce: 0.7300  decode.acc_seg: 98.0396  aux_0.loss_ce: 0.2923  aux_0.acc_seg: 98.0396  aux_1.loss_ce: 0.2926  aux_1.acc_seg: 98.0396  aux_2.loss_ce: 0.2921  aux_2.acc_seg: 98.0396
01/02 21:15:56 - mmengine - INFO - Iter(train) [  1150/160000]  base_lr: 9.9354e-02 lr: 9.9354e-02  eta: 1 day, 16:39:36  time: 0.9148  data_time: 0.0096  memory: 23797  loss: 1.5779  decode.loss_ce: 0.7173  decode.acc_seg: 96.6702  aux_0.loss_ce: 0.2869  aux_0.acc_seg: 96.6702  aux_1.loss_ce: 0.2869  aux_1.acc_seg: 96.6702  aux_2.loss_ce: 0.2869  aux_2.acc_seg: 96.6702
01/02 21:16:42 - mmengine - INFO - Iter(train) [  1200/160000]  base_lr: 9.9326e-02 lr: 9.9326e-02  eta: 1 day, 16:37:54  time: 0.9129  data_time: 0.0089  memory: 23797  loss: 1.6962  decode.loss_ce: 0.7697  decode.acc_seg: 98.5887  aux_0.loss_ce: 0.3087  aux_0.acc_seg: 98.5887  aux_1.loss_ce: 0.3097  aux_1.acc_seg: 98.5887  aux_2.loss_ce: 0.3082  aux_2.acc_seg: 98.5887
01/02 21:17:27 - mmengine - INFO - Iter(train) [  1250/160000]  base_lr: 9.9298e-02 lr: 9.9298e-02  eta: 1 day, 16:36:17  time: 0.9129  data_time: 0.0088  memory: 23797  loss: 1.5892  decode.loss_ce: 0.7220  decode.acc_seg: 98.0026  aux_0.loss_ce: 0.2890  aux_0.acc_seg: 98.0026  aux_1.loss_ce: 0.2893  aux_1.acc_seg: 98.0026  aux_2.loss_ce: 0.2889  aux_2.acc_seg: 98.0026
01/02 21:18:13 - mmengine - INFO - Iter(train) [  1300/160000]  base_lr: 9.9270e-02 lr: 9.9270e-02  eta: 1 day, 16:34:47  time: 0.9133  data_time: 0.0090  memory: 23801  loss: 1.7740  decode.loss_ce: 0.8059  decode.acc_seg: 99.3015  aux_0.loss_ce: 0.3226  aux_0.acc_seg: 99.3015  aux_1.loss_ce: 0.3229  aux_1.acc_seg: 99.3015  aux_2.loss_ce: 0.3225  aux_2.acc_seg: 99.3015
01/02 21:18:59 - mmengine - INFO - Iter(train) [  1350/160000]  base_lr: 9.9242e-02 lr: 9.9242e-02  eta: 1 day, 16:33:29  time: 0.9221  data_time: 0.0101  memory: 23797  loss: 1.9740  decode.loss_ce: 0.8962  decode.acc_seg: 1.8302  aux_0.loss_ce: 0.3592  aux_0.acc_seg: 1.8302  aux_1.loss_ce: 0.3599  aux_1.acc_seg: 1.8302  aux_2.loss_ce: 0.3587  aux_2.acc_seg: 1.8302
01/02 21:19:44 - mmengine - INFO - Iter(train) [  1400/160000]  base_lr: 9.9213e-02 lr: 9.9213e-02  eta: 1 day, 16:32:09  time: 0.9133  data_time: 0.0090  memory: 23797  loss: 1.6904  decode.loss_ce: 0.7681  decode.acc_seg: 99.6702  aux_0.loss_ce: 0.3074  aux_0.acc_seg: 99.6702  aux_1.loss_ce: 0.3076  aux_1.acc_seg: 99.6702  aux_2.loss_ce: 0.3073  aux_2.acc_seg: 99.6702
01/02 21:20:30 - mmengine - INFO - Iter(train) [  1450/160000]  base_lr: 9.9185e-02 lr: 9.9185e-02  eta: 1 day, 16:30:51  time: 0.9138  data_time: 0.0090  memory: 23797  loss: 1.9030  decode.loss_ce: 0.8650  decode.acc_seg: 98.5004  aux_0.loss_ce: 0.3460  aux_0.acc_seg: 98.5004  aux_1.loss_ce: 0.3460  aux_1.acc_seg: 98.5004  aux_2.loss_ce: 0.3460  aux_2.acc_seg: 98.5004
01/02 21:21:16 - mmengine - INFO - Iter(train) [  1500/160000]  base_lr: 9.9157e-02 lr: 9.9157e-02  eta: 1 day, 16:29:36  time: 0.9133  data_time: 0.0091  memory: 23797  loss: 1.7810  decode.loss_ce: 0.8090  decode.acc_seg: 93.9227  aux_0.loss_ce: 0.3239  aux_0.acc_seg: 93.9227  aux_1.loss_ce: 0.3243  aux_1.acc_seg: 93.9227  aux_2.loss_ce: 0.3237  aux_2.acc_seg: 93.9227
01/02 21:22:01 - mmengine - INFO - Iter(train) [  1550/160000]  base_lr: 9.9129e-02 lr: 9.9129e-02  eta: 1 day, 16:28:17  time: 0.9130  data_time: 0.0091  memory: 23797  loss: 1.5380  decode.loss_ce: 0.6991  decode.acc_seg: 2.2562  aux_0.loss_ce: 0.2796  aux_0.acc_seg: 2.2562  aux_1.loss_ce: 0.2797  aux_1.acc_seg: 2.2562  aux_2.loss_ce: 0.2796  aux_2.acc_seg: 2.2562
01/02 21:22:47 - mmengine - INFO - Iter(train) [  1600/160000]  base_lr: 9.9101e-02 lr: 9.9101e-02  eta: 1 day, 16:27:00  time: 0.9134  data_time: 0.0083  memory: 23797  loss: 1.8014  decode.loss_ce: 0.8186  decode.acc_seg: 99.2563  aux_0.loss_ce: 0.3276  aux_0.acc_seg: 99.2563  aux_1.loss_ce: 0.3277  aux_1.acc_seg: 99.2563  aux_2.loss_ce: 0.3275  aux_2.acc_seg: 99.2563
01/02 21:23:33 - mmengine - INFO - Iter(train) [  1650/160000]  base_lr: 9.9073e-02 lr: 9.9073e-02  eta: 1 day, 16:25:44  time: 0.9136  data_time: 0.0084  memory: 23797  loss: 1.6893  decode.loss_ce: 0.7677  decode.acc_seg: 98.5712  aux_0.loss_ce: 0.3072  aux_0.acc_seg: 98.5712  aux_1.loss_ce: 0.3073  aux_1.acc_seg: 98.5712  aux_2.loss_ce: 0.3071  aux_2.acc_seg: 98.5712
01/02 21:24:18 - mmengine - INFO - Iter(train) [  1700/160000]  base_lr: 9.9045e-02 lr: 9.9045e-02  eta: 1 day, 16:24:35  time: 0.9128  data_time: 0.0084  memory: 23797  loss: 1.7124  decode.loss_ce: 0.7785  decode.acc_seg: 99.3036  aux_0.loss_ce: 0.3113  aux_0.acc_seg: 99.3036  aux_1.loss_ce: 0.3113  aux_1.acc_seg: 99.3036  aux_2.loss_ce: 0.3114  aux_2.acc_seg: 99.3036
01/02 21:25:04 - mmengine - INFO - Iter(train) [  1750/160000]  base_lr: 9.9017e-02 lr: 9.9017e-02  eta: 1 day, 16:23:23  time: 0.9128  data_time: 0.0085  memory: 23797  loss: 1.5222  decode.loss_ce: 0.6919  decode.acc_seg: 99.5499  aux_0.loss_ce: 0.2768  aux_0.acc_seg: 99.5499  aux_1.loss_ce: 0.2768  aux_1.acc_seg: 99.5499  aux_2.loss_ce: 0.2768  aux_2.acc_seg: 99.5499
01/02 21:25:50 - mmengine - INFO - Iter(train) [  1800/160000]  base_lr: 9.8988e-02 lr: 9.8988e-02  eta: 1 day, 16:22:14  time: 0.9129  data_time: 0.0085  memory: 23797  loss: 1.9506  decode.loss_ce: 0.8862  decode.acc_seg: 99.5192  aux_0.loss_ce: 0.3547  aux_0.acc_seg: 99.5192  aux_1.loss_ce: 0.3550  aux_1.acc_seg: 99.5192  aux_2.loss_ce: 0.3546  aux_2.acc_seg: 99.5192
01/02 21:26:36 - mmengine - INFO - Iter(train) [  1850/160000]  base_lr: 9.8960e-02 lr: 9.8960e-02  eta: 1 day, 16:21:27  time: 0.9127  data_time: 0.0083  memory: 23797  loss: 1.6755  decode.loss_ce: 0.7617  decode.acc_seg: 98.9642  aux_0.loss_ce: 0.3046  aux_0.acc_seg: 98.9642  aux_1.loss_ce: 0.3045  aux_1.acc_seg: 98.9642  aux_2.loss_ce: 0.3047  aux_2.acc_seg: 98.9642
01/02 21:27:21 - mmengine - INFO - Iter(train) [  1900/160000]  base_lr: 9.8932e-02 lr: 9.8932e-02  eta: 1 day, 16:20:16  time: 0.9128  data_time: 0.0090  memory: 23797  loss: 1.5502  decode.loss_ce: 0.7049  decode.acc_seg: 98.7753  aux_0.loss_ce: 0.2818  aux_0.acc_seg: 98.7753  aux_1.loss_ce: 0.2816  aux_1.acc_seg: 98.7753  aux_2.loss_ce: 0.2819  aux_2.acc_seg: 98.7753
01/02 21:28:07 - mmengine - INFO - Iter(train) [  1950/160000]  base_lr: 9.8904e-02 lr: 9.8904e-02  eta: 1 day, 16:19:08  time: 0.9133  data_time: 0.0092  memory: 23797  loss: 1.5784  decode.loss_ce: 0.7175  decode.acc_seg: 90.0521  aux_0.loss_ce: 0.2870  aux_0.acc_seg: 90.0521  aux_1.loss_ce: 0.2870  aux_1.acc_seg: 90.0521  aux_2.loss_ce: 0.2870  aux_2.acc_seg: 90.0521
01/02 21:28:53 - mmengine - INFO - Exp name: setr_vit-l_pup_8xb2-160k_cbis-ddsm-binary-512x512_20240102_205728
01/02 21:28:53 - mmengine - INFO - Iter(train) [  2000/160000]  base_lr: 9.8876e-02 lr: 9.8876e-02  eta: 1 day, 16:18:02  time: 0.9130  data_time: 0.0091  memory: 23797  loss: 1.5410  decode.loss_ce: 0.7003  decode.acc_seg: 2.1670  aux_0.loss_ce: 0.2802  aux_0.acc_seg: 2.1670  aux_1.loss_ce: 0.2803  aux_1.acc_seg: 2.1670  aux_2.loss_ce: 0.2802  aux_2.acc_seg: 2.1670
01/02 21:29:38 - mmengine - INFO - Iter(train) [  2050/160000]  base_lr: 9.8848e-02 lr: 9.8848e-02  eta: 1 day, 16:16:55  time: 0.9122  data_time: 0.0089  memory: 23801  loss: 1.3641  decode.loss_ce: 0.6200  decode.acc_seg: 98.9443  aux_0.loss_ce: 0.2480  aux_0.acc_seg: 98.9443  aux_1.loss_ce: 0.2480  aux_1.acc_seg: 98.9443  aux_2.loss_ce: 0.2480  aux_2.acc_seg: 98.9443
01/02 21:30:24 - mmengine - INFO - Iter(train) [  2100/160000]  base_lr: 9.8820e-02 lr: 9.8820e-02  eta: 1 day, 16:15:51  time: 0.9131  data_time: 0.0085  memory: 23797  loss: 1.4990  decode.loss_ce: 0.6814  decode.acc_seg: 98.3215  aux_0.loss_ce: 0.2725  aux_0.acc_seg: 98.3215  aux_1.loss_ce: 0.2725  aux_1.acc_seg: 98.3215  aux_2.loss_ce: 0.2725  aux_2.acc_seg: 98.3215
01/02 21:31:10 - mmengine - INFO - Iter(train) [  2150/160000]  base_lr: 9.8792e-02 lr: 9.8792e-02  eta: 1 day, 16:14:47  time: 0.9128  data_time: 0.0084  memory: 23797  loss: 1.5671  decode.loss_ce: 0.7124  decode.acc_seg: 98.6952  aux_0.loss_ce: 0.2849  aux_0.acc_seg: 98.6952  aux_1.loss_ce: 0.2849  aux_1.acc_seg: 98.6952  aux_2.loss_ce: 0.2849  aux_2.acc_seg: 98.6952
01/02 21:31:56 - mmengine - INFO - Iter(train) [  2200/160000]  base_lr: 9.8763e-02 lr: 9.8763e-02  eta: 1 day, 16:14:38  time: 0.9124  data_time: 0.0083  memory: 23797  loss: 1.5591  decode.loss_ce: 0.7087  decode.acc_seg: 0.5734  aux_0.loss_ce: 0.2835  aux_0.acc_seg: 0.5734  aux_1.loss_ce: 0.2834  aux_1.acc_seg: 0.5734  aux_2.loss_ce: 0.2835  aux_2.acc_seg: 0.5734
01/02 21:32:46 - mmengine - INFO - Iter(train) [  2250/160000]  base_lr: 9.8735e-02 lr: 9.8735e-02  eta: 1 day, 16:18:56  time: 0.9123  data_time: 0.0084  memory: 23797  loss: 1.5126  decode.loss_ce: 0.6875  decode.acc_seg: 98.8370  aux_0.loss_ce: 0.2750  aux_0.acc_seg: 98.8370  aux_1.loss_ce: 0.2751  aux_1.acc_seg: 98.8370  aux_2.loss_ce: 0.2750  aux_2.acc_seg: 98.8370
01/02 21:33:32 - mmengine - INFO - Iter(train) [  2300/160000]  base_lr: 9.8707e-02 lr: 9.8707e-02  eta: 1 day, 16:17:48  time: 0.9130  data_time: 0.0084  memory: 23797  loss: 1.7749  decode.loss_ce: 0.8069  decode.acc_seg: 99.0575  aux_0.loss_ce: 0.3227  aux_0.acc_seg: 99.0575  aux_1.loss_ce: 0.3226  aux_1.acc_seg: 99.0575  aux_2.loss_ce: 0.3227  aux_2.acc_seg: 99.0575
01/02 21:34:18 - mmengine - INFO - Iter(train) [  2350/160000]  base_lr: 9.8679e-02 lr: 9.8679e-02  eta: 1 day, 16:16:37  time: 0.9127  data_time: 0.0085  memory: 23797  loss: 1.5379  decode.loss_ce: 0.6991  decode.acc_seg: 99.1327  aux_0.loss_ce: 0.2796  aux_0.acc_seg: 99.1327  aux_1.loss_ce: 0.2795  aux_1.acc_seg: 99.1327  aux_2.loss_ce: 0.2796  aux_2.acc_seg: 99.1327
01/02 21:35:03 - mmengine - INFO - Iter(train) [  2400/160000]  base_lr: 9.8651e-02 lr: 9.8651e-02  eta: 1 day, 16:15:28  time: 0.9128  data_time: 0.0085  memory: 23797  loss: 1.5977  decode.loss_ce: 0.7262  decode.acc_seg: 93.4120  aux_0.loss_ce: 0.2905  aux_0.acc_seg: 93.4120  aux_1.loss_ce: 0.2905  aux_1.acc_seg: 93.4120  aux_2.loss_ce: 0.2905  aux_2.acc_seg: 93.4120
01/02 21:35:49 - mmengine - INFO - Iter(train) [  2450/160000]  base_lr: 9.8623e-02 lr: 9.8623e-02  eta: 1 day, 16:14:21  time: 0.9131  data_time: 0.0085  memory: 23797  loss: 2.0081  decode.loss_ce: 0.9126  decode.acc_seg: 98.4192  aux_0.loss_ce: 0.3651  aux_0.acc_seg: 98.4192  aux_1.loss_ce: 0.3653  aux_1.acc_seg: 98.4192  aux_2.loss_ce: 0.3651  aux_2.acc_seg: 98.4192
01/02 21:36:35 - mmengine - INFO - Iter(train) [  2500/160000]  base_lr: 9.8595e-02 lr: 9.8595e-02  eta: 1 day, 16:13:16  time: 0.9132  data_time: 0.0085  memory: 23797  loss: 1.7097  decode.loss_ce: 0.7770  decode.acc_seg: 82.9025  aux_0.loss_ce: 0.3109  aux_0.acc_seg: 82.9025  aux_1.loss_ce: 0.3109  aux_1.acc_seg: 82.9025  aux_2.loss_ce: 0.3108  aux_2.acc_seg: 82.9025
01/02 21:37:20 - mmengine - INFO - Iter(train) [  2550/160000]  base_lr: 9.8566e-02 lr: 9.8566e-02  eta: 1 day, 16:12:13  time: 0.9139  data_time: 0.0089  memory: 23797  loss: 1.5203  decode.loss_ce: 0.6910  decode.acc_seg: 94.6256  aux_0.loss_ce: 0.2764  aux_0.acc_seg: 94.6256  aux_1.loss_ce: 0.2764  aux_1.acc_seg: 94.6256  aux_2.loss_ce: 0.2764  aux_2.acc_seg: 94.6256
01/02 21:38:06 - mmengine - INFO - Iter(train) [  2600/160000]  base_lr: 9.8538e-02 lr: 9.8538e-02  eta: 1 day, 16:11:13  time: 0.9136  data_time: 0.0090  memory: 23801  loss: 1.8567  decode.loss_ce: 0.8439  decode.acc_seg: 94.6212  aux_0.loss_ce: 0.3376  aux_0.acc_seg: 94.6212  aux_1.loss_ce: 0.3377  aux_1.acc_seg: 94.6212  aux_2.loss_ce: 0.3376  aux_2.acc_seg: 94.6212
01/02 21:38:52 - mmengine - INFO - Iter(train) [  2650/160000]  base_lr: 9.8510e-02 lr: 9.8510e-02  eta: 1 day, 16:10:11  time: 0.9137  data_time: 0.0092  memory: 23797  loss: 1.5962  decode.loss_ce: 0.7255  decode.acc_seg: 99.8104  aux_0.loss_ce: 0.2902  aux_0.acc_seg: 99.8104  aux_1.loss_ce: 0.2902  aux_1.acc_seg: 99.8104  aux_2.loss_ce: 0.2902  aux_2.acc_seg: 99.8104
01/02 21:39:37 - mmengine - INFO - Iter(train) [  2700/160000]  base_lr: 9.8482e-02 lr: 9.8482e-02  eta: 1 day, 16:09:09  time: 0.9133  data_time: 0.0088  memory: 23797  loss: 1.6193  decode.loss_ce: 0.7360  decode.acc_seg: 99.4315  aux_0.loss_ce: 0.2944  aux_0.acc_seg: 99.4315  aux_1.loss_ce: 0.2945  aux_1.acc_seg: 99.4315  aux_2.loss_ce: 0.2944  aux_2.acc_seg: 99.4315
01/02 21:40:23 - mmengine - INFO - Iter(train) [  2750/160000]  base_lr: 9.8454e-02 lr: 9.8454e-02  eta: 1 day, 16:08:08  time: 0.9137  data_time: 0.0089  memory: 23797  loss: 2.2985  decode.loss_ce: 1.0448  decode.acc_seg: 97.1325  aux_0.loss_ce: 0.4179  aux_0.acc_seg: 97.1325  aux_1.loss_ce: 0.4179  aux_1.acc_seg: 97.1325  aux_2.loss_ce: 0.4179  aux_2.acc_seg: 97.1325
01/02 21:41:09 - mmengine - INFO - Iter(train) [  2800/160000]  base_lr: 9.8426e-02 lr: 9.8426e-02  eta: 1 day, 16:07:07  time: 0.9143  data_time: 0.0091  memory: 23797  loss: 1.4850  decode.loss_ce: 0.6750  decode.acc_seg: 98.7267  aux_0.loss_ce: 0.2700  aux_0.acc_seg: 98.7267  aux_1.loss_ce: 0.2700  aux_1.acc_seg: 98.7267  aux_2.loss_ce: 0.2700  aux_2.acc_seg: 98.7267
01/02 21:41:54 - mmengine - INFO - Iter(train) [  2850/160000]  base_lr: 9.8398e-02 lr: 9.8398e-02  eta: 1 day, 16:06:08  time: 0.9173  data_time: 0.0091  memory: 23797  loss: 1.5909  decode.loss_ce: 0.7231  decode.acc_seg: 99.3944  aux_0.loss_ce: 0.2893  aux_0.acc_seg: 99.3944  aux_1.loss_ce: 0.2893  aux_1.acc_seg: 99.3944  aux_2.loss_ce: 0.2892  aux_2.acc_seg: 99.3944
01/02 21:42:40 - mmengine - INFO - Iter(train) [  2900/160000]  base_lr: 9.8369e-02 lr: 9.8369e-02  eta: 1 day, 16:05:09  time: 0.9135  data_time: 0.0090  memory: 23797  loss: 1.9907  decode.loss_ce: 0.9047  decode.acc_seg: 98.7818  aux_0.loss_ce: 0.3620  aux_0.acc_seg: 98.7818  aux_1.loss_ce: 0.3620  aux_1.acc_seg: 98.7818  aux_2.loss_ce: 0.3619  aux_2.acc_seg: 98.7818
01/02 21:43:26 - mmengine - INFO - Iter(train) [  2950/160000]  base_lr: 9.8341e-02 lr: 9.8341e-02  eta: 1 day, 16:04:11  time: 0.9136  data_time: 0.0090  memory: 23801  loss: 1.5524  decode.loss_ce: 0.7057  decode.acc_seg: 98.8638  aux_0.loss_ce: 0.2822  aux_0.acc_seg: 98.8638  aux_1.loss_ce: 0.2822  aux_1.acc_seg: 98.8638  aux_2.loss_ce: 0.2823  aux_2.acc_seg: 98.8638
01/02 21:44:12 - mmengine - INFO - Exp name: setr_vit-l_pup_8xb2-160k_cbis-ddsm-binary-512x512_20240102_205728
01/02 21:44:12 - mmengine - INFO - Iter(train) [  3000/160000]  base_lr: 9.8313e-02 lr: 9.8313e-02  eta: 1 day, 16:03:12  time: 0.9135  data_time: 0.0089  memory: 23797  loss: 1.6523  decode.loss_ce: 0.7510  decode.acc_seg: 2.7006  aux_0.loss_ce: 0.3004  aux_0.acc_seg: 2.7006  aux_1.loss_ce: 0.3004  aux_1.acc_seg: 2.7006  aux_2.loss_ce: 0.3004  aux_2.acc_seg: 2.7006
01/02 21:44:57 - mmengine - INFO - Iter(train) [  3050/160000]  base_lr: 9.8285e-02 lr: 9.8285e-02  eta: 1 day, 16:02:15  time: 0.9136  data_time: 0.0085  memory: 23801  loss: 1.4753  decode.loss_ce: 0.6706  decode.acc_seg: 99.2429  aux_0.loss_ce: 0.2682  aux_0.acc_seg: 99.2429  aux_1.loss_ce: 0.2682  aux_1.acc_seg: 99.2429  aux_2.loss_ce: 0.2682  aux_2.acc_seg: 99.2429
01/02 21:45:43 - mmengine - INFO - Iter(train) [  3100/160000]  base_lr: 9.8257e-02 lr: 9.8257e-02  eta: 1 day, 16:01:19  time: 0.9134  data_time: 0.0086  memory: 23797  loss: 1.7166  decode.loss_ce: 0.7803  decode.acc_seg: 95.5586  aux_0.loss_ce: 0.3121  aux_0.acc_seg: 95.5586  aux_1.loss_ce: 0.3121  aux_1.acc_seg: 95.5586  aux_2.loss_ce: 0.3121  aux_2.acc_seg: 95.5586
01/02 21:46:29 - mmengine - INFO - Iter(train) [  3150/160000]  base_lr: 9.8229e-02 lr: 9.8229e-02  eta: 1 day, 16:00:20  time: 0.9134  data_time: 0.0085  memory: 23797  loss: 1.8670  decode.loss_ce: 0.8486  decode.acc_seg: 99.5467  aux_0.loss_ce: 0.3395  aux_0.acc_seg: 99.5467  aux_1.loss_ce: 0.3395  aux_1.acc_seg: 99.5467  aux_2.loss_ce: 0.3394  aux_2.acc_seg: 99.5467
01/02 21:47:14 - mmengine - INFO - Iter(train) [  3200/160000]  base_lr: 9.8201e-02 lr: 9.8201e-02  eta: 1 day, 15:59:24  time: 0.9163  data_time: 0.0086  memory: 23797  loss: 1.6771  decode.loss_ce: 0.7623  decode.acc_seg: 99.3562  aux_0.loss_ce: 0.3049  aux_0.acc_seg: 99.3562  aux_1.loss_ce: 0.3049  aux_1.acc_seg: 99.3562  aux_2.loss_ce: 0.3049  aux_2.acc_seg: 99.3562
01/02 21:48:00 - mmengine - INFO - Iter(train) [  3250/160000]  base_lr: 9.8172e-02 lr: 9.8172e-02  eta: 1 day, 15:58:28  time: 0.9147  data_time: 0.0091  memory: 23797  loss: 1.5895  decode.loss_ce: 0.7225  decode.acc_seg: 97.3842  aux_0.loss_ce: 0.2890  aux_0.acc_seg: 97.3842  aux_1.loss_ce: 0.2890  aux_1.acc_seg: 97.3842  aux_2.loss_ce: 0.2890  aux_2.acc_seg: 97.3842
01/02 21:48:46 - mmengine - INFO - Iter(train) [  3300/160000]  base_lr: 9.8144e-02 lr: 9.8144e-02  eta: 1 day, 15:57:34  time: 0.9147  data_time: 0.0090  memory: 23797  loss: 1.8462  decode.loss_ce: 0.8392  decode.acc_seg: 2.7225  aux_0.loss_ce: 0.3357  aux_0.acc_seg: 2.7225  aux_1.loss_ce: 0.3357  aux_1.acc_seg: 2.7225  aux_2.loss_ce: 0.3357  aux_2.acc_seg: 2.7225
01/02 21:49:31 - mmengine - INFO - Iter(train) [  3350/160000]  base_lr: 9.8116e-02 lr: 9.8116e-02  eta: 1 day, 15:56:40  time: 0.9144  data_time: 0.0091  memory: 23797  loss: 1.6148  decode.loss_ce: 0.7340  decode.acc_seg: 94.9002  aux_0.loss_ce: 0.2936  aux_0.acc_seg: 94.9002  aux_1.loss_ce: 0.2936  aux_1.acc_seg: 94.9002  aux_2.loss_ce: 0.2936  aux_2.acc_seg: 94.9002
01/02 21:50:17 - mmengine - INFO - Iter(train) [  3400/160000]  base_lr: 9.8088e-02 lr: 9.8088e-02  eta: 1 day, 15:55:48  time: 0.9144  data_time: 0.0090  memory: 23797  loss: 1.5621  decode.loss_ce: 0.7101  decode.acc_seg: 99.1598  aux_0.loss_ce: 0.2840  aux_0.acc_seg: 99.1598  aux_1.loss_ce: 0.2840  aux_1.acc_seg: 99.1598  aux_2.loss_ce: 0.2840  aux_2.acc_seg: 99.1598
01/02 21:51:03 - mmengine - INFO - Iter(train) [  3450/160000]  base_lr: 9.8060e-02 lr: 9.8060e-02  eta: 1 day, 15:54:54  time: 0.9145  data_time: 0.0091  memory: 23797  loss: 1.5749  decode.loss_ce: 0.7159  decode.acc_seg: 99.4030  aux_0.loss_ce: 0.2863  aux_0.acc_seg: 99.4030  aux_1.loss_ce: 0.2863  aux_1.acc_seg: 99.4030  aux_2.loss_ce: 0.2863  aux_2.acc_seg: 99.4030
01/02 21:51:49 - mmengine - INFO - Iter(train) [  3500/160000]  base_lr: 9.8032e-02 lr: 9.8032e-02  eta: 1 day, 15:54:01  time: 0.9149  data_time: 0.0093  memory: 23797  loss: 1.4601  decode.loss_ce: 0.6637  decode.acc_seg: 3.7829  aux_0.loss_ce: 0.2655  aux_0.acc_seg: 3.7829  aux_1.loss_ce: 0.2655  aux_1.acc_seg: 3.7829  aux_2.loss_ce: 0.2655  aux_2.acc_seg: 3.7829
01/02 21:52:34 - mmengine - INFO - Iter(train) [  3550/160000]  base_lr: 9.8003e-02 lr: 9.8003e-02  eta: 1 day, 15:53:09  time: 0.9138  data_time: 0.0085  memory: 23797  loss: 1.4286  decode.loss_ce: 0.6494  decode.acc_seg: 98.9772  aux_0.loss_ce: 0.2597  aux_0.acc_seg: 98.9772  aux_1.loss_ce: 0.2597  aux_1.acc_seg: 98.9772  aux_2.loss_ce: 0.2597  aux_2.acc_seg: 98.9772
01/02 21:53:20 - mmengine - INFO - Iter(train) [  3600/160000]  base_lr: 9.7975e-02 lr: 9.7975e-02  eta: 1 day, 15:52:15  time: 0.9143  data_time: 0.0089  memory: 23797  loss: 1.9192  decode.loss_ce: 0.8723  decode.acc_seg: 98.6748  aux_0.loss_ce: 0.3489  aux_0.acc_seg: 98.6748  aux_1.loss_ce: 0.3489  aux_1.acc_seg: 98.6748  aux_2.loss_ce: 0.3489  aux_2.acc_seg: 98.6748
01/02 21:54:06 - mmengine - INFO - Iter(train) [  3650/160000]  base_lr: 9.7947e-02 lr: 9.7947e-02  eta: 1 day, 15:51:22  time: 0.9138  data_time: 0.0084  memory: 23797  loss: 1.5587  decode.loss_ce: 0.7085  decode.acc_seg: 99.6036  aux_0.loss_ce: 0.2834  aux_0.acc_seg: 99.6036  aux_1.loss_ce: 0.2834  aux_1.acc_seg: 99.6036  aux_2.loss_ce: 0.2834  aux_2.acc_seg: 99.6036
01/02 21:54:52 - mmengine - INFO - Iter(train) [  3700/160000]  base_lr: 9.7919e-02 lr: 9.7919e-02  eta: 1 day, 15:50:28  time: 0.9143  data_time: 0.0086  memory: 23797  loss: 1.5290  decode.loss_ce: 0.6950  decode.acc_seg: 99.6450  aux_0.loss_ce: 0.2780  aux_0.acc_seg: 99.6450  aux_1.loss_ce: 0.2780  aux_1.acc_seg: 99.6450  aux_2.loss_ce: 0.2780  aux_2.acc_seg: 99.6450
01/02 21:55:37 - mmengine - INFO - Iter(train) [  3750/160000]  base_lr: 9.7891e-02 lr: 9.7891e-02  eta: 1 day, 15:49:36  time: 0.9144  data_time: 0.0086  memory: 23797  loss: 1.5726  decode.loss_ce: 0.7148  decode.acc_seg: 97.5416  aux_0.loss_ce: 0.2859  aux_0.acc_seg: 97.5416  aux_1.loss_ce: 0.2859  aux_1.acc_seg: 97.5416  aux_2.loss_ce: 0.2859  aux_2.acc_seg: 97.5416
01/02 21:56:23 - mmengine - INFO - Iter(train) [  3800/160000]  base_lr: 9.7863e-02 lr: 9.7863e-02  eta: 1 day, 15:48:44  time: 0.9145  data_time: 0.0086  memory: 23797  loss: 1.7265  decode.loss_ce: 0.7847  decode.acc_seg: 98.5445  aux_0.loss_ce: 0.3139  aux_0.acc_seg: 98.5445  aux_1.loss_ce: 0.3139  aux_1.acc_seg: 98.5445  aux_2.loss_ce: 0.3139  aux_2.acc_seg: 98.5445
01/02 21:57:09 - mmengine - INFO - Iter(train) [  3850/160000]  base_lr: 9.7834e-02 lr: 9.7834e-02  eta: 1 day, 15:47:52  time: 0.9151  data_time: 0.0092  memory: 23797  loss: 1.9835  decode.loss_ce: 0.9016  decode.acc_seg: 98.6920  aux_0.loss_ce: 0.3606  aux_0.acc_seg: 98.6920  aux_1.loss_ce: 0.3607  aux_1.acc_seg: 98.6920  aux_2.loss_ce: 0.3606  aux_2.acc_seg: 98.6920
01/02 21:57:54 - mmengine - INFO - Iter(train) [  3900/160000]  base_lr: 9.7806e-02 lr: 9.7806e-02  eta: 1 day, 15:47:00  time: 0.9143  data_time: 0.0085  memory: 23797  loss: 1.7025  decode.loss_ce: 0.7739  decode.acc_seg: 1.0871  aux_0.loss_ce: 0.3096  aux_0.acc_seg: 1.0871  aux_1.loss_ce: 0.3096  aux_1.acc_seg: 1.0871  aux_2.loss_ce: 0.3096  aux_2.acc_seg: 1.0871
01/02 21:58:40 - mmengine - INFO - Iter(train) [  3950/160000]  base_lr: 9.7778e-02 lr: 9.7778e-02  eta: 1 day, 15:46:10  time: 0.9182  data_time: 0.0097  memory: 23797  loss: 1.3308  decode.loss_ce: 0.6049  decode.acc_seg: 99.4505  aux_0.loss_ce: 0.2420  aux_0.acc_seg: 99.4505  aux_1.loss_ce: 0.2420  aux_1.acc_seg: 99.4505  aux_2.loss_ce: 0.2420  aux_2.acc_seg: 99.4505
01/02 21:59:26 - mmengine - INFO - Exp name: setr_vit-l_pup_8xb2-160k_cbis-ddsm-binary-512x512_20240102_205728
01/02 21:59:26 - mmengine - INFO - Iter(train) [  4000/160000]  base_lr: 9.7750e-02 lr: 9.7750e-02  eta: 1 day, 15:45:19  time: 0.9140  data_time: 0.0085  memory: 23797  loss: 1.6770  decode.loss_ce: 0.7623  decode.acc_seg: 97.1837  aux_0.loss_ce: 0.3049  aux_0.acc_seg: 97.1837  aux_1.loss_ce: 0.3049  aux_1.acc_seg: 97.1837  aux_2.loss_ce: 0.3049  aux_2.acc_seg: 97.1837
01/02 22:00:12 - mmengine - INFO - Iter(train) [  4050/160000]  base_lr: 9.7722e-02 lr: 9.7722e-02  eta: 1 day, 15:44:27  time: 0.9142  data_time: 0.0087  memory: 23797  loss: 1.5815  decode.loss_ce: 0.7189  decode.acc_seg: 98.0332  aux_0.loss_ce: 0.2875  aux_0.acc_seg: 98.0332  aux_1.loss_ce: 0.2875  aux_1.acc_seg: 98.0332  aux_2.loss_ce: 0.2875  aux_2.acc_seg: 98.0332
01/02 22:00:57 - mmengine - INFO - Iter(train) [  4100/160000]  base_lr: 9.7694e-02 lr: 9.7694e-02  eta: 1 day, 15:43:35  time: 0.9139  data_time: 0.0084  memory: 23797  loss: 1.8430  decode.loss_ce: 0.8377  decode.acc_seg: 0.5833  aux_0.loss_ce: 0.3351  aux_0.acc_seg: 0.5833  aux_1.loss_ce: 0.3351  aux_1.acc_seg: 0.5833  aux_2.loss_ce: 0.3351  aux_2.acc_seg: 0.5833
01/02 22:01:43 - mmengine - INFO - Iter(train) [  4150/160000]  base_lr: 9.7665e-02 lr: 9.7665e-02  eta: 1 day, 15:42:43  time: 0.9139  data_time: 0.0084  memory: 23801  loss: 1.5240  decode.loss_ce: 0.6927  decode.acc_seg: 99.0157  aux_0.loss_ce: 0.2771  aux_0.acc_seg: 99.0157  aux_1.loss_ce: 0.2771  aux_1.acc_seg: 99.0157  aux_2.loss_ce: 0.2771  aux_2.acc_seg: 99.0157
01/02 22:02:29 - mmengine - INFO - Iter(train) [  4200/160000]  base_lr: 9.7637e-02 lr: 9.7637e-02  eta: 1 day, 15:41:52  time: 0.9150  data_time: 0.0093  memory: 23797  loss: 1.6036  decode.loss_ce: 0.7289  decode.acc_seg: 0.4366  aux_0.loss_ce: 0.2916  aux_0.acc_seg: 0.4366  aux_1.loss_ce: 0.2916  aux_1.acc_seg: 0.4366  aux_2.loss_ce: 0.2916  aux_2.acc_seg: 0.4366
01/02 22:03:15 - mmengine - INFO - Iter(train) [  4250/160000]  base_lr: 9.7609e-02 lr: 9.7609e-02  eta: 1 day, 15:41:02  time: 0.9148  data_time: 0.0091  memory: 23797  loss: 1.8946  decode.loss_ce: 0.8612  decode.acc_seg: 1.3009  aux_0.loss_ce: 0.3445  aux_0.acc_seg: 1.3009  aux_1.loss_ce: 0.3445  aux_1.acc_seg: 1.3009  aux_2.loss_ce: 0.3445  aux_2.acc_seg: 1.3009
01/02 22:04:00 - mmengine - INFO - Iter(train) [  4300/160000]  base_lr: 9.7581e-02 lr: 9.7581e-02  eta: 1 day, 15:40:12  time: 0.9149  data_time: 0.0091  memory: 23797  loss: 1.3858  decode.loss_ce: 0.6299  decode.acc_seg: 99.2801  aux_0.loss_ce: 0.2520  aux_0.acc_seg: 99.2801  aux_1.loss_ce: 0.2520  aux_1.acc_seg: 99.2801  aux_2.loss_ce: 0.2520  aux_2.acc_seg: 99.2801
01/02 22:04:46 - mmengine - INFO - Iter(train) [  4350/160000]  base_lr: 9.7553e-02 lr: 9.7553e-02  eta: 1 day, 15:39:22  time: 0.9150  data_time: 0.0092  memory: 23797  loss: 1.6045  decode.loss_ce: 0.7293  decode.acc_seg: 98.3515  aux_0.loss_ce: 0.2917  aux_0.acc_seg: 98.3515  aux_1.loss_ce: 0.2917  aux_1.acc_seg: 98.3515  aux_2.loss_ce: 0.2917  aux_2.acc_seg: 98.3515
01/02 22:05:32 - mmengine - INFO - Iter(train) [  4400/160000]  base_lr: 9.7525e-02 lr: 9.7525e-02  eta: 1 day, 15:38:32  time: 0.9147  data_time: 0.0088  memory: 23797  loss: 1.5531  decode.loss_ce: 0.7060  decode.acc_seg: 98.8659  aux_0.loss_ce: 0.2824  aux_0.acc_seg: 98.8659  aux_1.loss_ce: 0.2824  aux_1.acc_seg: 98.8659  aux_2.loss_ce: 0.2824  aux_2.acc_seg: 98.8659
01/02 22:06:18 - mmengine - INFO - Iter(train) [  4450/160000]  base_lr: 9.7496e-02 lr: 9.7496e-02  eta: 1 day, 15:37:43  time: 0.9151  data_time: 0.0090  memory: 23797  loss: 1.6247  decode.loss_ce: 0.7385  decode.acc_seg: 97.1550  aux_0.loss_ce: 0.2954  aux_0.acc_seg: 97.1550  aux_1.loss_ce: 0.2954  aux_1.acc_seg: 97.1550  aux_2.loss_ce: 0.2954  aux_2.acc_seg: 97.1550
01/02 22:07:03 - mmengine - INFO - Iter(train) [  4500/160000]  base_lr: 9.7468e-02 lr: 9.7468e-02  eta: 1 day, 15:36:54  time: 0.9147  data_time: 0.0089  memory: 23797  loss: 1.7027  decode.loss_ce: 0.7740  decode.acc_seg: 1.1698  aux_0.loss_ce: 0.3096  aux_0.acc_seg: 1.1698  aux_1.loss_ce: 0.3096  aux_1.acc_seg: 1.1698  aux_2.loss_ce: 0.3096  aux_2.acc_seg: 1.1698
01/02 22:07:49 - mmengine - INFO - Iter(train) [  4550/160000]  base_lr: 9.7440e-02 lr: 9.7440e-02  eta: 1 day, 15:36:05  time: 0.9151  data_time: 0.0091  memory: 23801  loss: 1.4662  decode.loss_ce: 0.6665  decode.acc_seg: 99.0374  aux_0.loss_ce: 0.2666  aux_0.acc_seg: 99.0374  aux_1.loss_ce: 0.2666  aux_1.acc_seg: 99.0374  aux_2.loss_ce: 0.2666  aux_2.acc_seg: 99.0374
01/02 22:08:35 - mmengine - INFO - Iter(train) [  4600/160000]  base_lr: 9.7412e-02 lr: 9.7412e-02  eta: 1 day, 15:35:16  time: 0.9175  data_time: 0.0091  memory: 23797  loss: 1.6509  decode.loss_ce: 0.7504  decode.acc_seg: 98.7027  aux_0.loss_ce: 0.3002  aux_0.acc_seg: 98.7027  aux_1.loss_ce: 0.3002  aux_1.acc_seg: 98.7027  aux_2.loss_ce: 0.3002  aux_2.acc_seg: 98.7027
01/02 22:09:21 - mmengine - INFO - Iter(train) [  4650/160000]  base_lr: 9.7384e-02 lr: 9.7384e-02  eta: 1 day, 15:34:28  time: 0.9155  data_time: 0.0090  memory: 23801  loss: 1.6379  decode.loss_ce: 0.7445  decode.acc_seg: 1.3472  aux_0.loss_ce: 0.2978  aux_0.acc_seg: 1.3472  aux_1.loss_ce: 0.2978  aux_1.acc_seg: 1.3472  aux_2.loss_ce: 0.2978  aux_2.acc_seg: 1.3472
01/02 22:10:07 - mmengine - INFO - Iter(train) [  4700/160000]  base_lr: 9.7356e-02 lr: 9.7356e-02  eta: 1 day, 15:33:41  time: 0.9180  data_time: 0.0099  memory: 23797  loss: 1.6500  decode.loss_ce: 0.7500  decode.acc_seg: 98.0394  aux_0.loss_ce: 0.3000  aux_0.acc_seg: 98.0394  aux_1.loss_ce: 0.3000  aux_1.acc_seg: 98.0394  aux_2.loss_ce: 0.3000  aux_2.acc_seg: 98.0394
01/02 22:10:52 - mmengine - INFO - Iter(train) [  4750/160000]  base_lr: 9.7327e-02 lr: 9.7327e-02  eta: 1 day, 15:32:53  time: 0.9151  data_time: 0.0088  memory: 23797  loss: 1.7649  decode.loss_ce: 0.8022  decode.acc_seg: 2.6937  aux_0.loss_ce: 0.3209  aux_0.acc_seg: 2.6937  aux_1.loss_ce: 0.3209  aux_1.acc_seg: 2.6937  aux_2.loss_ce: 0.3209  aux_2.acc_seg: 2.6937
01/02 22:11:38 - mmengine - INFO - Iter(train) [  4800/160000]  base_lr: 9.7299e-02 lr: 9.7299e-02  eta: 1 day, 15:32:04  time: 0.9154  data_time: 0.0091  memory: 23797  loss: 1.7376  decode.loss_ce: 0.7898  decode.acc_seg: 97.2446  aux_0.loss_ce: 0.3159  aux_0.acc_seg: 97.2446  aux_1.loss_ce: 0.3159  aux_1.acc_seg: 97.2446  aux_2.loss_ce: 0.3159  aux_2.acc_seg: 97.2446
01/02 22:12:24 - mmengine - INFO - Iter(train) [  4850/160000]  base_lr: 9.7271e-02 lr: 9.7271e-02  eta: 1 day, 15:31:16  time: 0.9151  data_time: 0.0090  memory: 23797  loss: 1.7269  decode.loss_ce: 0.7850  decode.acc_seg: 1.4055  aux_0.loss_ce: 0.3140  aux_0.acc_seg: 1.4055  aux_1.loss_ce: 0.3140  aux_1.acc_seg: 1.4055  aux_2.loss_ce: 0.3140  aux_2.acc_seg: 1.4055
01/02 22:13:10 - mmengine - INFO - Iter(train) [  4900/160000]  base_lr: 9.7243e-02 lr: 9.7243e-02  eta: 1 day, 15:30:27  time: 0.9153  data_time: 0.0091  memory: 23797  loss: 1.5167  decode.loss_ce: 0.6894  decode.acc_seg: 99.3043  aux_0.loss_ce: 0.2758  aux_0.acc_seg: 99.3043  aux_1.loss_ce: 0.2758  aux_1.acc_seg: 99.3043  aux_2.loss_ce: 0.2758  aux_2.acc_seg: 99.3043
01/02 22:13:55 - mmengine - INFO - Iter(train) [  4950/160000]  base_lr: 9.7215e-02 lr: 9.7215e-02  eta: 1 day, 15:29:39  time: 0.9156  data_time: 0.0090  memory: 23797  loss: 1.5207  decode.loss_ce: 0.6912  decode.acc_seg: 99.4615  aux_0.loss_ce: 0.2765  aux_0.acc_seg: 99.4615  aux_1.loss_ce: 0.2765  aux_1.acc_seg: 99.4615  aux_2.loss_ce: 0.2765  aux_2.acc_seg: 99.4615
01/02 22:14:41 - mmengine - INFO - Exp name: setr_vit-l_pup_8xb2-160k_cbis-ddsm-binary-512x512_20240102_205728
01/02 22:14:41 - mmengine - INFO - Iter(train) [  5000/160000]  base_lr: 9.7186e-02 lr: 9.7186e-02  eta: 1 day, 15:28:51  time: 0.9152  data_time: 0.0090  memory: 23797  loss: 1.6006  decode.loss_ce: 0.7275  decode.acc_seg: 99.4754  aux_0.loss_ce: 0.2910  aux_0.acc_seg: 99.4754  aux_1.loss_ce: 0.2910  aux_1.acc_seg: 99.4754  aux_2.loss_ce: 0.2910  aux_2.acc_seg: 99.4754
01/02 22:15:27 - mmengine - INFO - Iter(train) [  5050/160000]  base_lr: 9.7158e-02 lr: 9.7158e-02  eta: 1 day, 15:28:03  time: 0.9152  data_time: 0.0091  memory: 23797  loss: 1.9652  decode.loss_ce: 0.8933  decode.acc_seg: 99.0790  aux_0.loss_ce: 0.3573  aux_0.acc_seg: 99.0790  aux_1.loss_ce: 0.3573  aux_1.acc_seg: 99.0790  aux_2.loss_ce: 0.3573  aux_2.acc_seg: 99.0790
01/02 22:16:13 - mmengine - INFO - Iter(train) [  5100/160000]  base_lr: 9.7130e-02 lr: 9.7130e-02  eta: 1 day, 15:27:15  time: 0.9152  data_time: 0.0090  memory: 23797  loss: 1.4294  decode.loss_ce: 0.6497  decode.acc_seg: 98.4668  aux_0.loss_ce: 0.2599  aux_0.acc_seg: 98.4668  aux_1.loss_ce: 0.2599  aux_1.acc_seg: 98.4668  aux_2.loss_ce: 0.2599  aux_2.acc_seg: 98.4668
01/02 22:16:59 - mmengine - INFO - Iter(train) [  5150/160000]  base_lr: 9.7102e-02 lr: 9.7102e-02  eta: 1 day, 15:26:27  time: 0.9162  data_time: 0.0089  memory: 23797  loss: 1.5519  decode.loss_ce: 0.7054  decode.acc_seg: 99.4601  aux_0.loss_ce: 0.2822  aux_0.acc_seg: 99.4601  aux_1.loss_ce: 0.2822  aux_1.acc_seg: 99.4601  aux_2.loss_ce: 0.2822  aux_2.acc_seg: 99.4601
01/02 22:17:44 - mmengine - INFO - Iter(train) [  5200/160000]  base_lr: 9.7074e-02 lr: 9.7074e-02  eta: 1 day, 15:25:41  time: 0.9151  data_time: 0.0086  memory: 23797  loss: 1.5386  decode.loss_ce: 0.6994  decode.acc_seg: 98.6466  aux_0.loss_ce: 0.2797  aux_0.acc_seg: 98.6466  aux_1.loss_ce: 0.2797  aux_1.acc_seg: 98.6466  aux_2.loss_ce: 0.2797  aux_2.acc_seg: 98.6466
01/02 22:18:30 - mmengine - INFO - Iter(train) [  5250/160000]  base_lr: 9.7045e-02 lr: 9.7045e-02  eta: 1 day, 15:24:53  time: 0.9152  data_time: 0.0086  memory: 23797  loss: 1.8731  decode.loss_ce: 0.8514  decode.acc_seg: 0.7924  aux_0.loss_ce: 0.3406  aux_0.acc_seg: 0.7924  aux_1.loss_ce: 0.3406  aux_1.acc_seg: 0.7924  aux_2.loss_ce: 0.3406  aux_2.acc_seg: 0.7924
01/02 22:19:16 - mmengine - INFO - Iter(train) [  5300/160000]  base_lr: 9.7017e-02 lr: 9.7017e-02  eta: 1 day, 15:24:05  time: 0.9174  data_time: 0.0087  memory: 23797  loss: 1.4207  decode.loss_ce: 0.6458  decode.acc_seg: 99.7633  aux_0.loss_ce: 0.2583  aux_0.acc_seg: 99.7633  aux_1.loss_ce: 0.2583  aux_1.acc_seg: 99.7633  aux_2.loss_ce: 0.2583  aux_2.acc_seg: 99.7633
01/02 22:20:02 - mmengine - INFO - Iter(train) [  5350/160000]  base_lr: 9.6989e-02 lr: 9.6989e-02  eta: 1 day, 15:23:18  time: 0.9157  data_time: 0.0086  memory: 23797  loss: 1.9988  decode.loss_ce: 0.9086  decode.acc_seg: 99.2047  aux_0.loss_ce: 0.3634  aux_0.acc_seg: 99.2047  aux_1.loss_ce: 0.3634  aux_1.acc_seg: 99.2047  aux_2.loss_ce: 0.3634  aux_2.acc_seg: 99.2047
01/02 22:20:47 - mmengine - INFO - Iter(train) [  5400/160000]  base_lr: 9.6961e-02 lr: 9.6961e-02  eta: 1 day, 15:22:30  time: 0.9178  data_time: 0.0097  memory: 23801  loss: 1.5607  decode.loss_ce: 0.7094  decode.acc_seg: 3.9363  aux_0.loss_ce: 0.2838  aux_0.acc_seg: 3.9363  aux_1.loss_ce: 0.2838  aux_1.acc_seg: 3.9363  aux_2.loss_ce: 0.2838  aux_2.acc_seg: 3.9363
01/02 22:21:33 - mmengine - INFO - Iter(train) [  5450/160000]  base_lr: 9.6933e-02 lr: 9.6933e-02  eta: 1 day, 15:21:42  time: 0.9153  data_time: 0.0092  memory: 23797  loss: 1.6234  decode.loss_ce: 0.7379  decode.acc_seg: 99.5142  aux_0.loss_ce: 0.2952  aux_0.acc_seg: 99.5142  aux_1.loss_ce: 0.2952  aux_1.acc_seg: 99.5142  aux_2.loss_ce: 0.2952  aux_2.acc_seg: 99.5142
01/02 22:22:19 - mmengine - INFO - Iter(train) [  5500/160000]  base_lr: 9.6905e-02 lr: 9.6905e-02  eta: 1 day, 15:20:54  time: 0.9155  data_time: 0.0091  memory: 23797  loss: 1.5412  decode.loss_ce: 0.7006  decode.acc_seg: 97.4329  aux_0.loss_ce: 0.2802  aux_0.acc_seg: 97.4329  aux_1.loss_ce: 0.2802  aux_1.acc_seg: 97.4329  aux_2.loss_ce: 0.2802  aux_2.acc_seg: 97.4329
01/02 22:23:05 - mmengine - INFO - Iter(train) [  5550/160000]  base_lr: 9.6876e-02 lr: 9.6876e-02  eta: 1 day, 15:20:05  time: 0.9148  data_time: 0.0085  memory: 23797  loss: 1.7972  decode.loss_ce: 0.8169  decode.acc_seg: 2.1622  aux_0.loss_ce: 0.3268  aux_0.acc_seg: 2.1622  aux_1.loss_ce: 0.3268  aux_1.acc_seg: 2.1622  aux_2.loss_ce: 0.3268  aux_2.acc_seg: 2.1622
01/02 22:23:50 - mmengine - INFO - Iter(train) [  5600/160000]  base_lr: 9.6848e-02 lr: 9.6848e-02  eta: 1 day, 15:19:17  time: 0.9153  data_time: 0.0086  memory: 23797  loss: 1.4660  decode.loss_ce: 0.6664  decode.acc_seg: 99.2041  aux_0.loss_ce: 0.2665  aux_0.acc_seg: 99.2041  aux_1.loss_ce: 0.2665  aux_1.acc_seg: 99.2041  aux_2.loss_ce: 0.2665  aux_2.acc_seg: 99.2041
01/02 22:24:36 - mmengine - INFO - Iter(train) [  5650/160000]  base_lr: 9.6820e-02 lr: 9.6820e-02  eta: 1 day, 15:18:29  time: 0.9149  data_time: 0.0085  memory: 23797  loss: 1.8602  decode.loss_ce: 0.8455  decode.acc_seg: 92.0070  aux_0.loss_ce: 0.3382  aux_0.acc_seg: 92.0070  aux_1.loss_ce: 0.3382  aux_1.acc_seg: 92.0070  aux_2.loss_ce: 0.3382  aux_2.acc_seg: 92.0070
01/02 22:25:22 - mmengine - INFO - Iter(train) [  5700/160000]  base_lr: 9.6792e-02 lr: 9.6792e-02  eta: 1 day, 15:17:41  time: 0.9150  data_time: 0.0085  memory: 23801  loss: 1.6530  decode.loss_ce: 0.7514  decode.acc_seg: 2.2068  aux_0.loss_ce: 0.3006  aux_0.acc_seg: 2.2068  aux_1.loss_ce: 0.3006  aux_1.acc_seg: 2.2068  aux_2.loss_ce: 0.3006  aux_2.acc_seg: 2.2068
01/02 22:26:08 - mmengine - INFO - Iter(train) [  5750/160000]  base_lr: 9.6764e-02 lr: 9.6764e-02  eta: 1 day, 15:16:53  time: 0.9163  data_time: 0.0088  memory: 23797  loss: 1.7021  decode.loss_ce: 0.7737  decode.acc_seg: 0.8923  aux_0.loss_ce: 0.3095  aux_0.acc_seg: 0.8923  aux_1.loss_ce: 0.3095  aux_1.acc_seg: 0.8923  aux_2.loss_ce: 0.3095  aux_2.acc_seg: 0.8923
01/02 22:26:54 - mmengine - INFO - Iter(train) [  5800/160000]  base_lr: 9.6735e-02 lr: 9.6735e-02  eta: 1 day, 15:16:07  time: 0.9150  data_time: 0.0084  memory: 23797  loss: 1.9056  decode.loss_ce: 0.8662  decode.acc_seg: 2.3169  aux_0.loss_ce: 0.3465  aux_0.acc_seg: 2.3169  aux_1.loss_ce: 0.3465  aux_1.acc_seg: 2.3169  aux_2.loss_ce: 0.3465  aux_2.acc_seg: 2.3169
01/02 22:27:39 - mmengine - INFO - Iter(train) [  5850/160000]  base_lr: 9.6707e-02 lr: 9.6707e-02  eta: 1 day, 15:15:19  time: 0.9152  data_time: 0.0086  memory: 23797  loss: 1.4923  decode.loss_ce: 0.6783  decode.acc_seg: 99.7266  aux_0.loss_ce: 0.2713  aux_0.acc_seg: 99.7266  aux_1.loss_ce: 0.2713  aux_1.acc_seg: 99.7266  aux_2.loss_ce: 0.2713  aux_2.acc_seg: 99.7266
01/02 22:28:25 - mmengine - INFO - Iter(train) [  5900/160000]  base_lr: 9.6679e-02 lr: 9.6679e-02  eta: 1 day, 15:14:32  time: 0.9155  data_time: 0.0087  memory: 23797  loss: 1.5549  decode.loss_ce: 0.7068  decode.acc_seg: 98.3979  aux_0.loss_ce: 0.2827  aux_0.acc_seg: 98.3979  aux_1.loss_ce: 0.2827  aux_1.acc_seg: 98.3979  aux_2.loss_ce: 0.2827  aux_2.acc_seg: 98.3979
01/02 22:29:11 - mmengine - INFO - Iter(train) [  5950/160000]  base_lr: 9.6651e-02 lr: 9.6651e-02  eta: 1 day, 15:13:45  time: 0.9152  data_time: 0.0086  memory: 23797  loss: 1.4364  decode.loss_ce: 0.6529  decode.acc_seg: 98.0823  aux_0.loss_ce: 0.2612  aux_0.acc_seg: 98.0823  aux_1.loss_ce: 0.2612  aux_1.acc_seg: 98.0823  aux_2.loss_ce: 0.2612  aux_2.acc_seg: 98.0823
01/02 22:29:57 - mmengine - INFO - Exp name: setr_vit-l_pup_8xb2-160k_cbis-ddsm-binary-512x512_20240102_205728
01/02 22:29:57 - mmengine - INFO - Iter(train) [  6000/160000]  base_lr: 9.6623e-02 lr: 9.6623e-02  eta: 1 day, 15:12:57  time: 0.9155  data_time: 0.0088  memory: 23797  loss: 1.5509  decode.loss_ce: 0.7050  decode.acc_seg: 99.4030  aux_0.loss_ce: 0.2820  aux_0.acc_seg: 99.4030  aux_1.loss_ce: 0.2820  aux_1.acc_seg: 99.4030  aux_2.loss_ce: 0.2820  aux_2.acc_seg: 99.4030
01/02 22:30:42 - mmengine - INFO - Iter(train) [  6050/160000]  base_lr: 9.6594e-02 lr: 9.6594e-02  eta: 1 day, 15:12:09  time: 0.9152  data_time: 0.0086  memory: 23797  loss: 2.1220  decode.loss_ce: 0.9645  decode.acc_seg: 0.3104  aux_0.loss_ce: 0.3858  aux_0.acc_seg: 0.3104  aux_1.loss_ce: 0.3858  aux_1.acc_seg: 0.3104  aux_2.loss_ce: 0.3858  aux_2.acc_seg: 0.3104
01/02 22:31:28 - mmengine - INFO - Iter(train) [  6100/160000]  base_lr: 9.6566e-02 lr: 9.6566e-02  eta: 1 day, 15:11:22  time: 0.9156  data_time: 0.0084  memory: 23797  loss: 1.4917  decode.loss_ce: 0.6780  decode.acc_seg: 98.4592  aux_0.loss_ce: 0.2712  aux_0.acc_seg: 98.4592  aux_1.loss_ce: 0.2712  aux_1.acc_seg: 98.4592  aux_2.loss_ce: 0.2712  aux_2.acc_seg: 98.4592
01/02 22:32:14 - mmengine - INFO - Iter(train) [  6150/160000]  base_lr: 9.6538e-02 lr: 9.6538e-02  eta: 1 day, 15:10:36  time: 0.9161  data_time: 0.0092  memory: 23797  loss: 1.6365  decode.loss_ce: 0.7439  decode.acc_seg: 2.0254  aux_0.loss_ce: 0.2975  aux_0.acc_seg: 2.0254  aux_1.loss_ce: 0.2975  aux_1.acc_seg: 2.0254  aux_2.loss_ce: 0.2975  aux_2.acc_seg: 2.0254
01/02 22:33:00 - mmengine - INFO - Iter(train) [  6200/160000]  base_lr: 9.6510e-02 lr: 9.6510e-02  eta: 1 day, 15:09:48  time: 0.9153  data_time: 0.0086  memory: 23797  loss: 1.6400  decode.loss_ce: 0.7455  decode.acc_seg: 99.5578  aux_0.loss_ce: 0.2982  aux_0.acc_seg: 99.5578  aux_1.loss_ce: 0.2982  aux_1.acc_seg: 99.5578  aux_2.loss_ce: 0.2982  aux_2.acc_seg: 99.5578
01/02 22:33:46 - mmengine - INFO - Iter(train) [  6250/160000]  base_lr: 9.6481e-02 lr: 9.6481e-02  eta: 1 day, 15:09:01  time: 0.9151  data_time: 0.0085  memory: 23797  loss: 1.7050  decode.loss_ce: 0.7750  decode.acc_seg: 1.3901  aux_0.loss_ce: 0.3100  aux_0.acc_seg: 1.3901  aux_1.loss_ce: 0.3100  aux_1.acc_seg: 1.3901  aux_2.loss_ce: 0.3100  aux_2.acc_seg: 1.3901
01/02 22:34:31 - mmengine - INFO - Iter(train) [  6300/160000]  base_lr: 9.6453e-02 lr: 9.6453e-02  eta: 1 day, 15:08:14  time: 0.9154  data_time: 0.0086  memory: 23797  loss: 1.5985  decode.loss_ce: 0.7266  decode.acc_seg: 99.3971  aux_0.loss_ce: 0.2906  aux_0.acc_seg: 99.3971  aux_1.loss_ce: 0.2906  aux_1.acc_seg: 99.3971  aux_2.loss_ce: 0.2906  aux_2.acc_seg: 99.3971
01/02 22:35:17 - mmengine - INFO - Iter(train) [  6350/160000]  base_lr: 9.6425e-02 lr: 9.6425e-02  eta: 1 day, 15:07:27  time: 0.9156  data_time: 0.0087  memory: 23797  loss: 1.5097  decode.loss_ce: 0.6862  decode.acc_seg: 99.6641  aux_0.loss_ce: 0.2745  aux_0.acc_seg: 99.6641  aux_1.loss_ce: 0.2745  aux_1.acc_seg: 99.6641  aux_2.loss_ce: 0.2745  aux_2.acc_seg: 99.6641
01/02 22:36:03 - mmengine - INFO - Iter(train) [  6400/160000]  base_lr: 9.6397e-02 lr: 9.6397e-02  eta: 1 day, 15:06:39  time: 0.9153  data_time: 0.0086  memory: 23797  loss: 1.5929  decode.loss_ce: 0.7241  decode.acc_seg: 6.7494  aux_0.loss_ce: 0.2896  aux_0.acc_seg: 6.7494  aux_1.loss_ce: 0.2896  aux_1.acc_seg: 6.7494  aux_2.loss_ce: 0.2896  aux_2.acc_seg: 6.7494
01/02 22:36:49 - mmengine - INFO - Iter(train) [  6450/160000]  base_lr: 9.6369e-02 lr: 9.6369e-02  eta: 1 day, 15:05:52  time: 0.9162  data_time: 0.0086  memory: 23797  loss: 1.5998  decode.loss_ce: 0.7272  decode.acc_seg: 99.5121  aux_0.loss_ce: 0.2909  aux_0.acc_seg: 99.5121  aux_1.loss_ce: 0.2909  aux_1.acc_seg: 99.5121  aux_2.loss_ce: 0.2909  aux_2.acc_seg: 99.5121
01/02 22:37:35 - mmengine - INFO - Iter(train) [  6500/160000]  base_lr: 9.6340e-02 lr: 9.6340e-02  eta: 1 day, 15:05:05  time: 0.9153  data_time: 0.0085  memory: 23797  loss: 1.6486  decode.loss_ce: 0.7493  decode.acc_seg: 1.1675  aux_0.loss_ce: 0.2997  aux_0.acc_seg: 1.1675  aux_1.loss_ce: 0.2997  aux_1.acc_seg: 1.1675  aux_2.loss_ce: 0.2997  aux_2.acc_seg: 1.1675
01/02 22:38:20 - mmengine - INFO - Iter(train) [  6550/160000]  base_lr: 9.6312e-02 lr: 9.6312e-02  eta: 1 day, 15:04:18  time: 0.9155  data_time: 0.0085  memory: 23797  loss: 1.4591  decode.loss_ce: 0.6632  decode.acc_seg: 98.8759  aux_0.loss_ce: 0.2653  aux_0.acc_seg: 98.8759  aux_1.loss_ce: 0.2653  aux_1.acc_seg: 98.8759  aux_2.loss_ce: 0.2653  aux_2.acc_seg: 98.8759
01/02 22:39:06 - mmengine - INFO - Iter(train) [  6600/160000]  base_lr: 9.6284e-02 lr: 9.6284e-02  eta: 1 day, 15:03:32  time: 0.9158  data_time: 0.0085  memory: 23797  loss: 1.5388  decode.loss_ce: 0.6995  decode.acc_seg: 97.5503  aux_0.loss_ce: 0.2798  aux_0.acc_seg: 97.5503  aux_1.loss_ce: 0.2798  aux_1.acc_seg: 97.5503  aux_2.loss_ce: 0.2798  aux_2.acc_seg: 97.5503
01/02 22:39:52 - mmengine - INFO - Iter(train) [  6650/160000]  base_lr: 9.6256e-02 lr: 9.6256e-02  eta: 1 day, 15:02:46  time: 0.9157  data_time: 0.0086  memory: 23797  loss: 1.5862  decode.loss_ce: 0.7210  decode.acc_seg: 98.6691  aux_0.loss_ce: 0.2884  aux_0.acc_seg: 98.6691  aux_1.loss_ce: 0.2884  aux_1.acc_seg: 98.6691  aux_2.loss_ce: 0.2884  aux_2.acc_seg: 98.6691
01/02 22:40:38 - mmengine - INFO - Iter(train) [  6700/160000]  base_lr: 9.6228e-02 lr: 9.6228e-02  eta: 1 day, 15:01:59  time: 0.9157  data_time: 0.0084  memory: 23797  loss: 1.7196  decode.loss_ce: 0.7816  decode.acc_seg: 99.0900  aux_0.loss_ce: 0.3126  aux_0.acc_seg: 99.0900  aux_1.loss_ce: 0.3126  aux_1.acc_seg: 99.0900  aux_2.loss_ce: 0.3126  aux_2.acc_seg: 99.0900
01/02 22:41:23 - mmengine - INFO - Iter(train) [  6750/160000]  base_lr: 9.6199e-02 lr: 9.6199e-02  eta: 1 day, 15:01:11  time: 0.9152  data_time: 0.0084  memory: 23801  loss: 1.5522  decode.loss_ce: 0.7055  decode.acc_seg: 99.6368  aux_0.loss_ce: 0.2822  aux_0.acc_seg: 99.6368  aux_1.loss_ce: 0.2822  aux_1.acc_seg: 99.6368  aux_2.loss_ce: 0.2822  aux_2.acc_seg: 99.6368
01/02 22:42:09 - mmengine - INFO - Iter(train) [  6800/160000]  base_lr: 9.6171e-02 lr: 9.6171e-02  eta: 1 day, 15:00:25  time: 0.9173  data_time: 0.0097  memory: 23797  loss: 1.6023  decode.loss_ce: 0.7283  decode.acc_seg: 98.5934  aux_0.loss_ce: 0.2913  aux_0.acc_seg: 98.5934  aux_1.loss_ce: 0.2913  aux_1.acc_seg: 98.5934  aux_2.loss_ce: 0.2913  aux_2.acc_seg: 98.5934
01/02 22:42:55 - mmengine - INFO - Iter(train) [  6850/160000]  base_lr: 9.6143e-02 lr: 9.6143e-02  eta: 1 day, 14:59:38  time: 0.9158  data_time: 0.0091  memory: 23797  loss: 1.5833  decode.loss_ce: 0.7197  decode.acc_seg: 98.6316  aux_0.loss_ce: 0.2879  aux_0.acc_seg: 98.6316  aux_1.loss_ce: 0.2879  aux_1.acc_seg: 98.6316  aux_2.loss_ce: 0.2879  aux_2.acc_seg: 98.6316
01/02 22:43:41 - mmengine - INFO - Iter(train) [  6900/160000]  base_lr: 9.6115e-02 lr: 9.6115e-02  eta: 1 day, 14:58:50  time: 0.9152  data_time: 0.0085  memory: 23797  loss: 1.4701  decode.loss_ce: 0.6682  decode.acc_seg: 98.1900  aux_0.loss_ce: 0.2673  aux_0.acc_seg: 98.1900  aux_1.loss_ce: 0.2673  aux_1.acc_seg: 98.1900  aux_2.loss_ce: 0.2673  aux_2.acc_seg: 98.1900
01/02 22:44:27 - mmengine - INFO - Iter(train) [  6950/160000]  base_lr: 9.6086e-02 lr: 9.6086e-02  eta: 1 day, 14:58:03  time: 0.9150  data_time: 0.0084  memory: 23797  loss: 1.5320  decode.loss_ce: 0.6964  decode.acc_seg: 0.4403  aux_0.loss_ce: 0.2785  aux_0.acc_seg: 0.4403  aux_1.loss_ce: 0.2785  aux_1.acc_seg: 0.4403  aux_2.loss_ce: 0.2785  aux_2.acc_seg: 0.4403
01/02 22:45:12 - mmengine - INFO - Exp name: setr_vit-l_pup_8xb2-160k_cbis-ddsm-binary-512x512_20240102_205728
01/02 22:45:12 - mmengine - INFO - Iter(train) [  7000/160000]  base_lr: 9.6058e-02 lr: 9.6058e-02  eta: 1 day, 14:57:18  time: 0.9147  data_time: 0.0084  memory: 23797  loss: 1.6280  decode.loss_ce: 0.7400  decode.acc_seg: 99.3382  aux_0.loss_ce: 0.2960  aux_0.acc_seg: 99.3382  aux_1.loss_ce: 0.2960  aux_1.acc_seg: 99.3382  aux_2.loss_ce: 0.2960  aux_2.acc_seg: 99.3382
01/02 22:45:58 - mmengine - INFO - Iter(train) [  7050/160000]  base_lr: 9.6030e-02 lr: 9.6030e-02  eta: 1 day, 14:56:30  time: 0.9150  data_time: 0.0085  memory: 23797  loss: 1.5833  decode.loss_ce: 0.7197  decode.acc_seg: 92.2211  aux_0.loss_ce: 0.2879  aux_0.acc_seg: 92.2211  aux_1.loss_ce: 0.2879  aux_1.acc_seg: 92.2211  aux_2.loss_ce: 0.2879  aux_2.acc_seg: 92.2211
01/02 22:46:44 - mmengine - INFO - Iter(train) [  7100/160000]  base_lr: 9.6002e-02 lr: 9.6002e-02  eta: 1 day, 14:55:43  time: 0.9150  data_time: 0.0086  memory: 23797  loss: 1.5549  decode.loss_ce: 0.7068  decode.acc_seg: 0.6091  aux_0.loss_ce: 0.2827  aux_0.acc_seg: 0.6091  aux_1.loss_ce: 0.2827  aux_1.acc_seg: 0.6091  aux_2.loss_ce: 0.2827  aux_2.acc_seg: 0.6091
01/02 22:47:30 - mmengine - INFO - Iter(train) [  7150/160000]  base_lr: 9.5974e-02 lr: 9.5974e-02  eta: 1 day, 14:54:56  time: 0.9157  data_time: 0.0092  memory: 23797  loss: 1.5054  decode.loss_ce: 0.6843  decode.acc_seg: 99.0208  aux_0.loss_ce: 0.2737  aux_0.acc_seg: 99.0208  aux_1.loss_ce: 0.2737  aux_1.acc_seg: 99.0208  aux_2.loss_ce: 0.2737  aux_2.acc_seg: 99.0208
01/02 22:48:16 - mmengine - INFO - Iter(train) [  7200/160000]  base_lr: 9.5945e-02 lr: 9.5945e-02  eta: 1 day, 14:54:10  time: 0.9155  data_time: 0.0092  memory: 23797  loss: 1.7971  decode.loss_ce: 0.8169  decode.acc_seg: 0.5625  aux_0.loss_ce: 0.3268  aux_0.acc_seg: 0.5625  aux_1.loss_ce: 0.3268  aux_1.acc_seg: 0.5625  aux_2.loss_ce: 0.3268  aux_2.acc_seg: 0.5625
01/02 22:49:01 - mmengine - INFO - Iter(train) [  7250/160000]  base_lr: 9.5917e-02 lr: 9.5917e-02  eta: 1 day, 14:53:24  time: 0.9155  data_time: 0.0090  memory: 23797  loss: 1.6643  decode.loss_ce: 0.7565  decode.acc_seg: 99.0989  aux_0.loss_ce: 0.3026  aux_0.acc_seg: 99.0989  aux_1.loss_ce: 0.3026  aux_1.acc_seg: 99.0989  aux_2.loss_ce: 0.3026  aux_2.acc_seg: 99.0989
01/02 22:49:47 - mmengine - INFO - Iter(train) [  7300/160000]  base_lr: 9.5889e-02 lr: 9.5889e-02  eta: 1 day, 14:52:40  time: 0.9160  data_time: 0.0091  memory: 23797  loss: 1.5784  decode.loss_ce: 0.7175  decode.acc_seg: 92.5108  aux_0.loss_ce: 0.2870  aux_0.acc_seg: 92.5108  aux_1.loss_ce: 0.2870  aux_1.acc_seg: 92.5108  aux_2.loss_ce: 0.2870  aux_2.acc_seg: 92.5108
01/02 22:50:33 - mmengine - INFO - Iter(train) [  7350/160000]  base_lr: 9.5861e-02 lr: 9.5861e-02  eta: 1 day, 14:51:54  time: 0.9157  data_time: 0.0092  memory: 23797  loss: 1.5421  decode.loss_ce: 0.7009  decode.acc_seg: 98.2603  aux_0.loss_ce: 0.2804  aux_0.acc_seg: 98.2603  aux_1.loss_ce: 0.2804  aux_1.acc_seg: 98.2603  aux_2.loss_ce: 0.2804  aux_2.acc_seg: 98.2603
01/02 22:51:19 - mmengine - INFO - Iter(train) [  7400/160000]  base_lr: 9.5832e-02 lr: 9.5832e-02  eta: 1 day, 14:51:08  time: 0.9159  data_time: 0.0091  memory: 23797  loss: 1.6249  decode.loss_ce: 0.7386  decode.acc_seg: 98.1067  aux_0.loss_ce: 0.2954  aux_0.acc_seg: 98.1067  aux_1.loss_ce: 0.2954  aux_1.acc_seg: 98.1067  aux_2.loss_ce: 0.2954  aux_2.acc_seg: 98.1067
01/02 22:52:05 - mmengine - INFO - Iter(train) [  7450/160000]  base_lr: 9.5804e-02 lr: 9.5804e-02  eta: 1 day, 14:50:22  time: 0.9157  data_time: 0.0092  memory: 23797  loss: 1.3841  decode.loss_ce: 0.6291  decode.acc_seg: 99.6194  aux_0.loss_ce: 0.2516  aux_0.acc_seg: 99.6194  aux_1.loss_ce: 0.2516  aux_1.acc_seg: 99.6194  aux_2.loss_ce: 0.2516  aux_2.acc_seg: 99.6194
01/02 22:52:51 - mmengine - INFO - Iter(train) [  7500/160000]  base_lr: 9.5776e-02 lr: 9.5776e-02  eta: 1 day, 14:49:36  time: 0.9155  data_time: 0.0085  memory: 23801  loss: 2.1659  decode.loss_ce: 0.9845  decode.acc_seg: 1.2974  aux_0.loss_ce: 0.3938  aux_0.acc_seg: 1.2974  aux_1.loss_ce: 0.3938  aux_1.acc_seg: 1.2974  aux_2.loss_ce: 0.3938  aux_2.acc_seg: 1.2974
01/02 22:53:36 - mmengine - INFO - Iter(train) [  7550/160000]  base_lr: 9.5748e-02 lr: 9.5748e-02  eta: 1 day, 14:48:50  time: 0.9166  data_time: 0.0094  memory: 23797  loss: 1.5672  decode.loss_ce: 0.7124  decode.acc_seg: 99.3769  aux_0.loss_ce: 0.2850  aux_0.acc_seg: 99.3769  aux_1.loss_ce: 0.2850  aux_1.acc_seg: 99.3769  aux_2.loss_ce: 0.2850  aux_2.acc_seg: 99.3769
01/02 22:54:22 - mmengine - INFO - Iter(train) [  7600/160000]  base_lr: 9.5719e-02 lr: 9.5719e-02  eta: 1 day, 14:48:04  time: 0.9165  data_time: 0.0089  memory: 23797  loss: 1.5187  decode.loss_ce: 0.6903  decode.acc_seg: 0.2425  aux_0.loss_ce: 0.2761  aux_0.acc_seg: 0.2425  aux_1.loss_ce: 0.2761  aux_1.acc_seg: 0.2425  aux_2.loss_ce: 0.2761  aux_2.acc_seg: 0.2425
01/02 22:55:08 - mmengine - INFO - Iter(train) [  7650/160000]  base_lr: 9.5691e-02 lr: 9.5691e-02  eta: 1 day, 14:47:18  time: 0.9156  data_time: 0.0086  memory: 23801  loss: 1.3954  decode.loss_ce: 0.6343  decode.acc_seg: 98.8332  aux_0.loss_ce: 0.2537  aux_0.acc_seg: 98.8332  aux_1.loss_ce: 0.2537  aux_1.acc_seg: 98.8332  aux_2.loss_ce: 0.2537  aux_2.acc_seg: 98.8332
01/02 22:55:54 - mmengine - INFO - Iter(train) [  7700/160000]  base_lr: 9.5663e-02 lr: 9.5663e-02  eta: 1 day, 14:46:31  time: 0.9157  data_time: 0.0085  memory: 23797  loss: 1.4902  decode.loss_ce: 0.6774  decode.acc_seg: 98.9307  aux_0.loss_ce: 0.2709  aux_0.acc_seg: 98.9307  aux_1.loss_ce: 0.2709  aux_1.acc_seg: 98.9307  aux_2.loss_ce: 0.2709  aux_2.acc_seg: 98.9307
01/02 22:56:40 - mmengine - INFO - Iter(train) [  7750/160000]  base_lr: 9.5635e-02 lr: 9.5635e-02  eta: 1 day, 14:45:45  time: 0.9164  data_time: 0.0086  memory: 23797  loss: 1.6200  decode.loss_ce: 0.7364  decode.acc_seg: 94.6816  aux_0.loss_ce: 0.2945  aux_0.acc_seg: 94.6816  aux_1.loss_ce: 0.2945  aux_1.acc_seg: 94.6816  aux_2.loss_ce: 0.2945  aux_2.acc_seg: 94.6816
01/02 22:57:25 - mmengine - INFO - Iter(train) [  7800/160000]  base_lr: 9.5607e-02 lr: 9.5607e-02  eta: 1 day, 14:44:59  time: 0.9159  data_time: 0.0090  memory: 23797  loss: 1.6199  decode.loss_ce: 0.7363  decode.acc_seg: 0.7501  aux_0.loss_ce: 0.2945  aux_0.acc_seg: 0.7501  aux_1.loss_ce: 0.2945  aux_1.acc_seg: 0.7501  aux_2.loss_ce: 0.2945  aux_2.acc_seg: 0.7501
01/02 22:58:11 - mmengine - INFO - Iter(train) [  7850/160000]  base_lr: 9.5578e-02 lr: 9.5578e-02  eta: 1 day, 14:44:13  time: 0.9169  data_time: 0.0091  memory: 23797  loss: 1.6031  decode.loss_ce: 0.7287  decode.acc_seg: 89.9406  aux_0.loss_ce: 0.2915  aux_0.acc_seg: 89.9406  aux_1.loss_ce: 0.2915  aux_1.acc_seg: 89.9406  aux_2.loss_ce: 0.2915  aux_2.acc_seg: 89.9406
01/02 22:58:57 - mmengine - INFO - Iter(train) [  7900/160000]  base_lr: 9.5550e-02 lr: 9.5550e-02  eta: 1 day, 14:43:27  time: 0.9159  data_time: 0.0089  memory: 23801  loss: 1.6251  decode.loss_ce: 0.7387  decode.acc_seg: 98.7041  aux_0.loss_ce: 0.2955  aux_0.acc_seg: 98.7041  aux_1.loss_ce: 0.2955  aux_1.acc_seg: 98.7041  aux_2.loss_ce: 0.2955  aux_2.acc_seg: 98.7041
01/02 22:59:43 - mmengine - INFO - Iter(train) [  7950/160000]  base_lr: 9.5522e-02 lr: 9.5522e-02  eta: 1 day, 14:42:49  time: 0.9150  data_time: 0.0091  memory: 23797  loss: 1.5270  decode.loss_ce: 0.6941  decode.acc_seg: 99.3200  aux_0.loss_ce: 0.2776  aux_0.acc_seg: 99.3200  aux_1.loss_ce: 0.2776  aux_1.acc_seg: 99.3200  aux_2.loss_ce: 0.2776  aux_2.acc_seg: 99.3200
01/02 23:00:29 - mmengine - INFO - Exp name: setr_vit-l_pup_8xb2-160k_cbis-ddsm-binary-512x512_20240102_205728
01/02 23:00:29 - mmengine - INFO - Iter(train) [  8000/160000]  base_lr: 9.5494e-02 lr: 9.5494e-02  eta: 1 day, 14:42:02  time: 0.9152  data_time: 0.0091  memory: 23797  loss: 1.6552  decode.loss_ce: 0.7524  decode.acc_seg: 99.0761  aux_0.loss_ce: 0.3010  aux_0.acc_seg: 99.0761  aux_1.loss_ce: 0.3010  aux_1.acc_seg: 99.0761  aux_2.loss_ce: 0.3010  aux_2.acc_seg: 99.0761
01/02 23:01:15 - mmengine - INFO - Iter(train) [  8050/160000]  base_lr: 9.5465e-02 lr: 9.5465e-02  eta: 1 day, 14:41:15  time: 0.9150  data_time: 0.0089  memory: 23797  loss: 1.4690  decode.loss_ce: 0.6677  decode.acc_seg: 98.3150  aux_0.loss_ce: 0.2671  aux_0.acc_seg: 98.3150  aux_1.loss_ce: 0.2671  aux_1.acc_seg: 98.3150  aux_2.loss_ce: 0.2671  aux_2.acc_seg: 98.3150
01/02 23:02:01 - mmengine - INFO - Iter(train) [  8100/160000]  base_lr: 9.5437e-02 lr: 9.5437e-02  eta: 1 day, 14:40:29  time: 0.9149  data_time: 0.0090  memory: 23797  loss: 1.5517  decode.loss_ce: 0.7053  decode.acc_seg: 98.6512  aux_0.loss_ce: 0.2821  aux_0.acc_seg: 98.6512  aux_1.loss_ce: 0.2821  aux_1.acc_seg: 98.6512  aux_2.loss_ce: 0.2821  aux_2.acc_seg: 98.6512
01/02 23:02:46 - mmengine - INFO - Iter(train) [  8150/160000]  base_lr: 9.5409e-02 lr: 9.5409e-02  eta: 1 day, 14:39:42  time: 0.9153  data_time: 0.0086  memory: 23797  loss: 1.5385  decode.loss_ce: 0.6993  decode.acc_seg: 98.6999  aux_0.loss_ce: 0.2797  aux_0.acc_seg: 98.6999  aux_1.loss_ce: 0.2797  aux_1.acc_seg: 98.6999  aux_2.loss_ce: 0.2797  aux_2.acc_seg: 98.6999
01/02 23:03:32 - mmengine - INFO - Iter(train) [  8200/160000]  base_lr: 9.5381e-02 lr: 9.5381e-02  eta: 1 day, 14:38:55  time: 0.9155  data_time: 0.0086  memory: 23797  loss: 1.6447  decode.loss_ce: 0.7476  decode.acc_seg: 98.6180  aux_0.loss_ce: 0.2990  aux_0.acc_seg: 98.6180  aux_1.loss_ce: 0.2990  aux_1.acc_seg: 98.6180  aux_2.loss_ce: 0.2990  aux_2.acc_seg: 98.6180
01/02 23:04:18 - mmengine - INFO - Iter(train) [  8250/160000]  base_lr: 9.5352e-02 lr: 9.5352e-02  eta: 1 day, 14:38:08  time: 0.9154  data_time: 0.0085  memory: 23797  loss: 1.5491  decode.loss_ce: 0.7041  decode.acc_seg: 98.2026  aux_0.loss_ce: 0.2817  aux_0.acc_seg: 98.2026  aux_1.loss_ce: 0.2817  aux_1.acc_seg: 98.2026  aux_2.loss_ce: 0.2817  aux_2.acc_seg: 98.2026
01/02 23:05:04 - mmengine - INFO - Iter(train) [  8300/160000]  base_lr: 9.5324e-02 lr: 9.5324e-02  eta: 1 day, 14:37:22  time: 0.9157  data_time: 0.0086  memory: 23797  loss: 1.4964  decode.loss_ce: 0.6802  decode.acc_seg: 98.1183  aux_0.loss_ce: 0.2721  aux_0.acc_seg: 98.1183  aux_1.loss_ce: 0.2721  aux_1.acc_seg: 98.1183  aux_2.loss_ce: 0.2721  aux_2.acc_seg: 98.1183
01/02 23:05:50 - mmengine - INFO - Iter(train) [  8350/160000]  base_lr: 9.5296e-02 lr: 9.5296e-02  eta: 1 day, 14:36:36  time: 0.9158  data_time: 0.0086  memory: 23797  loss: 1.4660  decode.loss_ce: 0.6664  decode.acc_seg: 97.8954  aux_0.loss_ce: 0.2665  aux_0.acc_seg: 97.8954  aux_1.loss_ce: 0.2665  aux_1.acc_seg: 97.8954  aux_2.loss_ce: 0.2665  aux_2.acc_seg: 97.8954
01/02 23:06:35 - mmengine - INFO - Iter(train) [  8400/160000]  base_lr: 9.5268e-02 lr: 9.5268e-02  eta: 1 day, 14:35:49  time: 0.9151  data_time: 0.0085  memory: 23797  loss: 1.4311  decode.loss_ce: 0.6505  decode.acc_seg: 99.3281  aux_0.loss_ce: 0.2602  aux_0.acc_seg: 99.3281  aux_1.loss_ce: 0.2602  aux_1.acc_seg: 99.3281  aux_2.loss_ce: 0.2602  aux_2.acc_seg: 99.3281
01/02 23:07:21 - mmengine - INFO - Iter(train) [  8450/160000]  base_lr: 9.5239e-02 lr: 9.5239e-02  eta: 1 day, 14:35:03  time: 0.9157  data_time: 0.0086  memory: 23797  loss: 1.4675  decode.loss_ce: 0.6670  decode.acc_seg: 98.1590  aux_0.loss_ce: 0.2668  aux_0.acc_seg: 98.1590  aux_1.loss_ce: 0.2668  aux_1.acc_seg: 98.1590  aux_2.loss_ce: 0.2668  aux_2.acc_seg: 98.1590
