/bin/bash: /home/s1952889/miniconda3/envs/prompt/lib/libtinfo.so.6: no version information available (required by /bin/bash)
10/18 17:25:51 - mmengine - INFO - 
------------------------------------------------------------
System environment:
    sys.platform: linux
    Python: 3.10.13 (main, Sep 11 2023, 13:44:35) [GCC 11.2.0]
    CUDA available: True
    numpy_random_seed: 1102851302
    GPU 0,1,2,3: NVIDIA A100-PCIE-40GB
    CUDA_HOME: None
    GCC: gcc (Ubuntu 9.4.0-1ubuntu1~20.04.2) 9.4.0
    PyTorch: 2.0.0
    PyTorch compiling details: PyTorch built with:
  - GCC 9.3
  - C++ Version: 201703
  - Intel(R) oneAPI Math Kernel Library Version 2023.1-Product Build 20230303 for Intel(R) 64 architecture applications
  - Intel(R) MKL-DNN v2.7.3 (Git Hash 6dbeffbae1f23cbbeae17adb7b5b13f1f37c080e)
  - OpenMP 201511 (a.k.a. OpenMP 4.5)
  - LAPACK is enabled (usually provided by MKL)
  - NNPACK is enabled
  - CPU capability usage: AVX2
  - CUDA Runtime 11.8
  - NVCC architecture flags: -gencode;arch=compute_37,code=sm_37;-gencode;arch=compute_50,code=sm_50;-gencode;arch=compute_60,code=sm_60;-gencode;arch=compute_61,code=sm_61;-gencode;arch=compute_70,code=sm_70;-gencode;arch=compute_75,code=sm_75;-gencode;arch=compute_80,code=sm_80;-gencode;arch=compute_86,code=sm_86;-gencode;arch=compute_90,code=sm_90;-gencode;arch=compute_37,code=compute_37
  - CuDNN 8.7
  - Magma 2.6.1
  - Build settings: BLAS_INFO=mkl, BUILD_TYPE=Release, CUDA_VERSION=11.8, CUDNN_VERSION=8.7.0, CXX_COMPILER=/opt/rh/devtoolset-9/root/usr/bin/c++, CXX_FLAGS= -D_GLIBCXX_USE_CXX11_ABI=0 -fabi-version=11 -Wno-deprecated -fvisibility-inlines-hidden -DUSE_PTHREADPOOL -DNDEBUG -DUSE_KINETO -DLIBKINETO_NOROCTRACER -DUSE_FBGEMM -DUSE_QNNPACK -DUSE_PYTORCH_QNNPACK -DUSE_XNNPACK -DSYMBOLICATE_MOBILE_DEBUG_HANDLE -O2 -fPIC -Wall -Wextra -Werror=return-type -Werror=non-virtual-dtor -Werror=bool-operation -Wnarrowing -Wno-missing-field-initializers -Wno-type-limits -Wno-array-bounds -Wno-unknown-pragmas -Wunused-local-typedefs -Wno-unused-parameter -Wno-unused-function -Wno-unused-result -Wno-strict-overflow -Wno-strict-aliasing -Wno-error=deprecated-declarations -Wno-stringop-overflow -Wno-psabi -Wno-error=pedantic -Wno-error=redundant-decls -Wno-error=old-style-cast -fdiagnostics-color=always -faligned-new -Wno-unused-but-set-variable -Wno-maybe-uninitialized -fno-math-errno -fno-trapping-math -Werror=format -Werror=cast-function-type -Wno-stringop-overflow, LAPACK_INFO=mkl, PERF_WITH_AVX=1, PERF_WITH_AVX2=1, PERF_WITH_AVX512=1, TORCH_DISABLE_GPU_ASSERTS=ON, TORCH_VERSION=2.0.0, USE_CUDA=ON, USE_CUDNN=ON, USE_EXCEPTION_PTR=1, USE_GFLAGS=OFF, USE_GLOG=OFF, USE_MKL=ON, USE_MKLDNN=ON, USE_MPI=OFF, USE_NCCL=ON, USE_NNPACK=ON, USE_OPENMP=ON, USE_ROCM=OFF, 

    TorchVision: 0.15.0
    OpenCV: 4.8.1
    MMEngine: 0.9.0

Runtime environment:
    cudnn_benchmark: True
    mp_cfg: {'mp_start_method': 'fork', 'opencv_num_threads': 0}
    dist_cfg: {'backend': 'nccl'}
    seed: 1102851302
    Distributed launcher: none
    Distributed training: False
    GPU number: 1
------------------------------------------------------------

10/18 17:25:52 - mmengine - INFO - Config:
backbone_norm_cfg = dict(eps=1e-06, requires_grad=True, type='LN')
crop_size = (
    512,
    512,
)
data_preprocessor = dict(
    bgr_to_rgb=True,
    mean=[
        123.675,
        116.28,
        103.53,
    ],
    pad_val=0,
    seg_pad_val=255,
    size=(
        512,
        512,
    ),
    std=[
        58.395,
        57.12,
        57.375,
    ],
    type='SegDataPreProcessor')
data_root = 'data/ade/ADEChallengeData2016'
dataset_type = 'ADE20KDataset'
default_hooks = dict(
    checkpoint=dict(by_epoch=False, interval=16000, type='CheckpointHook'),
    logger=dict(interval=50, log_metric_by_epoch=False, type='LoggerHook'),
    param_scheduler=dict(type='ParamSchedulerHook'),
    sampler_seed=dict(type='DistSamplerSeedHook'),
    timer=dict(type='IterTimerHook'),
    visualization=dict(type='SegVisualizationHook'))
default_scope = 'mmseg'
env_cfg = dict(
    cudnn_benchmark=True,
    dist_cfg=dict(backend='nccl'),
    mp_cfg=dict(mp_start_method='fork', opencv_num_threads=0))
img_ratios = [
    0.5,
    0.75,
    1.0,
    1.25,
    1.5,
    1.75,
]
launcher = 'none'
load_from = None
log_level = 'INFO'
log_processor = dict(by_epoch=False)
model = dict(
    auxiliary_head=[
        dict(
            act_cfg=dict(type='ReLU'),
            align_corners=False,
            channels=256,
            dropout_ratio=0,
            in_channels=1024,
            in_index=0,
            kernel_size=3,
            loss_decode=dict(
                loss_weight=0.4, type='CrossEntropyLoss', use_sigmoid=False),
            norm_cfg=dict(requires_grad=True, type='SyncBN'),
            num_classes=150,
            num_convs=2,
            type='SETRUPHead'),
        dict(
            act_cfg=dict(type='ReLU'),
            align_corners=False,
            channels=256,
            dropout_ratio=0,
            in_channels=1024,
            in_index=1,
            kernel_size=3,
            loss_decode=dict(
                loss_weight=0.4, type='CrossEntropyLoss', use_sigmoid=False),
            norm_cfg=dict(requires_grad=True, type='SyncBN'),
            num_classes=150,
            num_convs=2,
            type='SETRUPHead'),
        dict(
            act_cfg=dict(type='ReLU'),
            align_corners=False,
            channels=256,
            dropout_ratio=0,
            in_channels=1024,
            in_index=2,
            kernel_size=3,
            loss_decode=dict(
                loss_weight=0.4, type='CrossEntropyLoss', use_sigmoid=False),
            norm_cfg=dict(requires_grad=True, type='SyncBN'),
            num_classes=150,
            num_convs=2,
            type='SETRUPHead'),
    ],
    backbone=dict(
        drop_rate=0.0,
        embed_dims=1024,
        img_size=(
            512,
            512,
        ),
        in_channels=3,
        init_cfg=dict(
            checkpoint='pretrain/vit_large_p16.pth', type='Pretrained'),
        interpolate_mode='bilinear',
        norm_cfg=dict(eps=1e-06, requires_grad=True, type='LN'),
        num_heads=16,
        num_layers=24,
        out_indices=(
            9,
            14,
            19,
            23,
        ),
        patch_size=16,
        prompt_cfg=dict(
            depth=24,
            dropout=0.1,
            init='random',
            length=50,
            location='prepend',
            shared=False),
        type='PromptedVisionTransformer',
        with_cls_token=True),
    data_preprocessor=dict(
        bgr_to_rgb=True,
        mean=[
            123.675,
            116.28,
            103.53,
        ],
        pad_val=0,
        seg_pad_val=255,
        size=(
            512,
            512,
        ),
        std=[
            58.395,
            57.12,
            57.375,
        ],
        type='SegDataPreProcessor'),
    decode_head=dict(
        align_corners=False,
        channels=256,
        dropout_ratio=0,
        in_channels=1024,
        in_index=3,
        kernel_size=3,
        loss_decode=dict(
            loss_weight=1.0, type='CrossEntropyLoss', use_sigmoid=False),
        norm_cfg=dict(requires_grad=True, type='SyncBN'),
        num_classes=150,
        num_convs=4,
        type='SETRUPHead',
        up_scale=2),
    pretrained=None,
    test_cfg=dict(crop_size=(
        512,
        512,
    ), mode='slide', stride=(
        341,
        341,
    )),
    train_cfg=dict(),
    type='EncoderDecoder')
norm_cfg = dict(requires_grad=True, type='SyncBN')
optim_wrapper = dict(
    clip_grad=None,
    optimizer=dict(lr=0.0005, momentum=0.9, type='SGD', weight_decay=0.0),
    paramwise_cfg=dict(custom_keys=dict(head=dict(lr_mult=1.0))),
    type='OptimWrapper')
optimizer = dict(lr=0.0005, momentum=0.9, type='SGD', weight_decay=0.0)
param_scheduler = [
    dict(
        begin=0,
        by_epoch=False,
        end=160000,
        eta_min=0.0001,
        power=0.9,
        type='PolyLR'),
]
resume = False
test_cfg = dict(type='TestLoop')
test_dataloader = dict(
    batch_size=1,
    dataset=dict(
        data_prefix=dict(
            img_path='images/validation',
            seg_map_path='annotations/validation'),
        data_root='data/ade/ADEChallengeData2016',
        pipeline=[
            dict(type='LoadImageFromFile'),
            dict(keep_ratio=True, scale=(
                2048,
                512,
            ), type='Resize'),
            dict(reduce_zero_label=True, type='LoadAnnotations'),
            dict(type='PackSegInputs'),
        ],
        type='ADE20KDataset'),
    num_workers=4,
    persistent_workers=True,
    sampler=dict(shuffle=False, type='DefaultSampler'))
test_evaluator = dict(
    iou_metrics=[
        'mIoU',
    ], type='IoUMetric')
test_pipeline = [
    dict(type='LoadImageFromFile'),
    dict(keep_ratio=True, scale=(
        2048,
        512,
    ), type='Resize'),
    dict(reduce_zero_label=True, type='LoadAnnotations'),
    dict(type='PackSegInputs'),
]
train_cfg = dict(
    max_iters=160000, type='IterBasedTrainLoop', val_interval=16000)
train_dataloader = dict(
    batch_size=2,
    dataset=dict(
        data_prefix=dict(
            img_path='images/training', seg_map_path='annotations/training'),
        data_root='data/ade/ADEChallengeData2016',
        pipeline=[
            dict(type='LoadImageFromFile'),
            dict(reduce_zero_label=True, type='LoadAnnotations'),
            dict(
                keep_ratio=True,
                ratio_range=(
                    0.5,
                    2.0,
                ),
                scale=(
                    2048,
                    512,
                ),
                type='RandomResize'),
            dict(
                cat_max_ratio=0.75, crop_size=(
                    512,
                    512,
                ), type='RandomCrop'),
            dict(prob=0.5, type='RandomFlip'),
            dict(type='PhotoMetricDistortion'),
            dict(type='PackSegInputs'),
        ],
        type='ADE20KDataset'),
    num_workers=4,
    persistent_workers=True,
    sampler=dict(shuffle=True, type='InfiniteSampler'))
train_pipeline = [
    dict(type='LoadImageFromFile'),
    dict(reduce_zero_label=True, type='LoadAnnotations'),
    dict(
        keep_ratio=True,
        ratio_range=(
            0.5,
            2.0,
        ),
        scale=(
            2048,
            512,
        ),
        type='RandomResize'),
    dict(cat_max_ratio=0.75, crop_size=(
        512,
        512,
    ), type='RandomCrop'),
    dict(prob=0.5, type='RandomFlip'),
    dict(type='PhotoMetricDistortion'),
    dict(type='PackSegInputs'),
]
tta_model = dict(type='SegTTAModel')
tta_pipeline = [
    dict(backend_args=None, type='LoadImageFromFile'),
    dict(
        transforms=[
            [
                dict(keep_ratio=True, scale_factor=0.5, type='Resize'),
                dict(keep_ratio=True, scale_factor=0.75, type='Resize'),
                dict(keep_ratio=True, scale_factor=1.0, type='Resize'),
                dict(keep_ratio=True, scale_factor=1.25, type='Resize'),
                dict(keep_ratio=True, scale_factor=1.5, type='Resize'),
                dict(keep_ratio=True, scale_factor=1.75, type='Resize'),
            ],
            [
                dict(direction='horizontal', prob=0.0, type='RandomFlip'),
                dict(direction='horizontal', prob=1.0, type='RandomFlip'),
            ],
            [
                dict(type='LoadAnnotations'),
            ],
            [
                dict(type='PackSegInputs'),
            ],
        ],
        type='TestTimeAug'),
]
val_cfg = dict(type='ValLoop')
val_dataloader = dict(
    batch_size=1,
    dataset=dict(
        data_prefix=dict(
            img_path='images/validation',
            seg_map_path='annotations/validation'),
        data_root='data/ade/ADEChallengeData2016',
        pipeline=[
            dict(type='LoadImageFromFile'),
            dict(keep_ratio=True, scale=(
                2048,
                512,
            ), type='Resize'),
            dict(reduce_zero_label=True, type='LoadAnnotations'),
            dict(type='PackSegInputs'),
        ],
        type='ADE20KDataset'),
    num_workers=4,
    persistent_workers=True,
    sampler=dict(shuffle=False, type='DefaultSampler'))
val_evaluator = dict(
    iou_metrics=[
        'mIoU',
    ], type='IoUMetric')
vis_backends = [
    dict(type='LocalVisBackend'),
]
visualizer = dict(
    name='visualizer',
    type='SegLocalVisualizer',
    vis_backends=[
        dict(type='LocalVisBackend'),
    ])
work_dir = './work_dirs/setrvpt_vit-l_pup_8xb2-160k_ade20k-512x512'

/home/s1952889/final-project/implementation/mmsegmentation/mmseg/models/builder.py:36: UserWarning: ``build_loss`` would be deprecated soon, please use ``mmseg.registry.MODELS.build()`` 
  warnings.warn('``build_loss`` would be deprecated soon, please use '
/home/s1952889/final-project/implementation/mmsegmentation/mmseg/models/losses/cross_entropy_loss.py:249: UserWarning: Default ``avg_non_ignore`` is False, if you would like to ignore the certain label and average loss over non-ignore labels, which is the same with PyTorch official cross_entropy, set ``avg_non_ignore=True``.
  warnings.warn(
10/18 17:25:56 - mmengine - INFO - Distributed training is not used, all SyncBatchNorm (SyncBN) layers in the model will be automatically reverted to BatchNormXd layers if they are used.
/home/s1952889/final-project/implementation/mmsegmentation/mmseg/engine/hooks/visualization_hook.py:61: UserWarning: The draw is False, it means that the hook for visualization will not take effect. The results will NOT be visualized or stored.
  warnings.warn('The draw is False, it means that the '
10/18 17:25:56 - mmengine - INFO - Hooks will be executed in the following order:
before_run:
(VERY_HIGH   ) RuntimeInfoHook                    
(BELOW_NORMAL) LoggerHook                         
 -------------------- 
before_train:
(VERY_HIGH   ) RuntimeInfoHook                    
(NORMAL      ) IterTimerHook                      
(VERY_LOW    ) CheckpointHook                     
 -------------------- 
before_train_epoch:
(VERY_HIGH   ) RuntimeInfoHook                    
(NORMAL      ) IterTimerHook                      
(NORMAL      ) DistSamplerSeedHook                
 -------------------- 
before_train_iter:
(VERY_HIGH   ) RuntimeInfoHook                    
(NORMAL      ) IterTimerHook                      
 -------------------- 
after_train_iter:
(VERY_HIGH   ) RuntimeInfoHook                    
(NORMAL      ) IterTimerHook                      
(NORMAL      ) SegVisualizationHook               
(BELOW_NORMAL) LoggerHook                         
(LOW         ) ParamSchedulerHook                 
(VERY_LOW    ) CheckpointHook                     
 -------------------- 
after_train_epoch:
(NORMAL      ) IterTimerHook                      
(LOW         ) ParamSchedulerHook                 
(VERY_LOW    ) CheckpointHook                     
 -------------------- 
before_val:
(VERY_HIGH   ) RuntimeInfoHook                    
 -------------------- 
before_val_epoch:
(NORMAL      ) IterTimerHook                      
 -------------------- 
before_val_iter:
(NORMAL      ) IterTimerHook                      
 -------------------- 
after_val_iter:
(NORMAL      ) IterTimerHook                      
(NORMAL      ) SegVisualizationHook               
(BELOW_NORMAL) LoggerHook                         
 -------------------- 
after_val_epoch:
(VERY_HIGH   ) RuntimeInfoHook                    
(NORMAL      ) IterTimerHook                      
(BELOW_NORMAL) LoggerHook                         
(LOW         ) ParamSchedulerHook                 
(VERY_LOW    ) CheckpointHook                     
 -------------------- 
after_val:
(VERY_HIGH   ) RuntimeInfoHook                    
 -------------------- 
after_train:
(VERY_HIGH   ) RuntimeInfoHook                    
(VERY_LOW    ) CheckpointHook                     
 -------------------- 
before_test:
(VERY_HIGH   ) RuntimeInfoHook                    
 -------------------- 
before_test_epoch:
(NORMAL      ) IterTimerHook                      
 -------------------- 
before_test_iter:
(NORMAL      ) IterTimerHook                      
 -------------------- 
after_test_iter:
(NORMAL      ) IterTimerHook                      
(NORMAL      ) SegVisualizationHook               
(BELOW_NORMAL) LoggerHook                         
 -------------------- 
after_test_epoch:
(VERY_HIGH   ) RuntimeInfoHook                    
(NORMAL      ) IterTimerHook                      
(BELOW_NORMAL) LoggerHook                         
 -------------------- 
after_test:
(VERY_HIGH   ) RuntimeInfoHook                    
 -------------------- 
after_run:
(BELOW_NORMAL) LoggerHook                         
 -------------------- 
/home/s1952889/final-project/implementation/mmsegmentation/mmseg/datasets/transforms/loading.py:83: UserWarning: `reduce_zero_label` will be deprecated, if you would like to ignore the zero label, please set `reduce_zero_label=True` when dataset initialized
  warnings.warn('`reduce_zero_label` will be deprecated, '
/home/s1952889/miniconda3/envs/openmmlab/lib/python3.10/site-packages/torch/utils/data/dataloader.py:561: UserWarning: This DataLoader will create 4 worker processes in total. Our suggested max number of worker in current system is 2, which is smaller than what this DataLoader is going to create. Please be aware that excessive worker creation might get DataLoader running slow or even freeze, lower the worker number to avoid potential slowness/freeze if necessary.
  warnings.warn(_create_warning_msg(
10/18 17:26:01 - mmengine - INFO - paramwise_options -- decode_head.conv_seg.weight:lr=0.0005
10/18 17:26:01 - mmengine - INFO - paramwise_options -- decode_head.conv_seg.weight:weight_decay=0.0
10/18 17:26:01 - mmengine - INFO - paramwise_options -- decode_head.conv_seg.weight:lr_mult=1.0
10/18 17:26:01 - mmengine - INFO - paramwise_options -- decode_head.conv_seg.bias:lr=0.0005
10/18 17:26:01 - mmengine - INFO - paramwise_options -- decode_head.conv_seg.bias:weight_decay=0.0
10/18 17:26:01 - mmengine - INFO - paramwise_options -- decode_head.conv_seg.bias:lr_mult=1.0
10/18 17:26:01 - mmengine - INFO - paramwise_options -- decode_head.norm.weight:lr=0.0005
10/18 17:26:01 - mmengine - INFO - paramwise_options -- decode_head.norm.weight:weight_decay=0.0
10/18 17:26:01 - mmengine - INFO - paramwise_options -- decode_head.norm.weight:lr_mult=1.0
10/18 17:26:01 - mmengine - INFO - paramwise_options -- decode_head.norm.bias:lr=0.0005
10/18 17:26:01 - mmengine - INFO - paramwise_options -- decode_head.norm.bias:weight_decay=0.0
10/18 17:26:01 - mmengine - INFO - paramwise_options -- decode_head.norm.bias:lr_mult=1.0
10/18 17:26:01 - mmengine - INFO - paramwise_options -- decode_head.up_convs.0.0.conv.weight:lr=0.0005
10/18 17:26:01 - mmengine - INFO - paramwise_options -- decode_head.up_convs.0.0.conv.weight:weight_decay=0.0
10/18 17:26:01 - mmengine - INFO - paramwise_options -- decode_head.up_convs.0.0.conv.weight:lr_mult=1.0
10/18 17:26:01 - mmengine - INFO - paramwise_options -- decode_head.up_convs.0.0.bn.weight:lr=0.0005
10/18 17:26:01 - mmengine - INFO - paramwise_options -- decode_head.up_convs.0.0.bn.weight:weight_decay=0.0
10/18 17:26:01 - mmengine - INFO - paramwise_options -- decode_head.up_convs.0.0.bn.weight:lr_mult=1.0
10/18 17:26:01 - mmengine - INFO - paramwise_options -- decode_head.up_convs.0.0.bn.bias:lr=0.0005
10/18 17:26:01 - mmengine - INFO - paramwise_options -- decode_head.up_convs.0.0.bn.bias:weight_decay=0.0
10/18 17:26:01 - mmengine - INFO - paramwise_options -- decode_head.up_convs.0.0.bn.bias:lr_mult=1.0
10/18 17:26:01 - mmengine - INFO - paramwise_options -- decode_head.up_convs.1.0.conv.weight:lr=0.0005
10/18 17:26:01 - mmengine - INFO - paramwise_options -- decode_head.up_convs.1.0.conv.weight:weight_decay=0.0
10/18 17:26:01 - mmengine - INFO - paramwise_options -- decode_head.up_convs.1.0.conv.weight:lr_mult=1.0
10/18 17:26:01 - mmengine - INFO - paramwise_options -- decode_head.up_convs.1.0.bn.weight:lr=0.0005
10/18 17:26:01 - mmengine - INFO - paramwise_options -- decode_head.up_convs.1.0.bn.weight:weight_decay=0.0
10/18 17:26:01 - mmengine - INFO - paramwise_options -- decode_head.up_convs.1.0.bn.weight:lr_mult=1.0
10/18 17:26:01 - mmengine - INFO - paramwise_options -- decode_head.up_convs.1.0.bn.bias:lr=0.0005
10/18 17:26:01 - mmengine - INFO - paramwise_options -- decode_head.up_convs.1.0.bn.bias:weight_decay=0.0
10/18 17:26:01 - mmengine - INFO - paramwise_options -- decode_head.up_convs.1.0.bn.bias:lr_mult=1.0
10/18 17:26:01 - mmengine - INFO - paramwise_options -- decode_head.up_convs.2.0.conv.weight:lr=0.0005
10/18 17:26:01 - mmengine - INFO - paramwise_options -- decode_head.up_convs.2.0.conv.weight:weight_decay=0.0
10/18 17:26:01 - mmengine - INFO - paramwise_options -- decode_head.up_convs.2.0.conv.weight:lr_mult=1.0
10/18 17:26:01 - mmengine - INFO - paramwise_options -- decode_head.up_convs.2.0.bn.weight:lr=0.0005
10/18 17:26:01 - mmengine - INFO - paramwise_options -- decode_head.up_convs.2.0.bn.weight:weight_decay=0.0
10/18 17:26:01 - mmengine - INFO - paramwise_options -- decode_head.up_convs.2.0.bn.weight:lr_mult=1.0
10/18 17:26:01 - mmengine - INFO - paramwise_options -- decode_head.up_convs.2.0.bn.bias:lr=0.0005
10/18 17:26:01 - mmengine - INFO - paramwise_options -- decode_head.up_convs.2.0.bn.bias:weight_decay=0.0
10/18 17:26:01 - mmengine - INFO - paramwise_options -- decode_head.up_convs.2.0.bn.bias:lr_mult=1.0
10/18 17:26:01 - mmengine - INFO - paramwise_options -- decode_head.up_convs.3.0.conv.weight:lr=0.0005
10/18 17:26:01 - mmengine - INFO - paramwise_options -- decode_head.up_convs.3.0.conv.weight:weight_decay=0.0
10/18 17:26:01 - mmengine - INFO - paramwise_options -- decode_head.up_convs.3.0.conv.weight:lr_mult=1.0
10/18 17:26:01 - mmengine - INFO - paramwise_options -- decode_head.up_convs.3.0.bn.weight:lr=0.0005
10/18 17:26:01 - mmengine - INFO - paramwise_options -- decode_head.up_convs.3.0.bn.weight:weight_decay=0.0
10/18 17:26:01 - mmengine - INFO - paramwise_options -- decode_head.up_convs.3.0.bn.weight:lr_mult=1.0
10/18 17:26:01 - mmengine - INFO - paramwise_options -- decode_head.up_convs.3.0.bn.bias:lr=0.0005
10/18 17:26:01 - mmengine - INFO - paramwise_options -- decode_head.up_convs.3.0.bn.bias:weight_decay=0.0
10/18 17:26:01 - mmengine - INFO - paramwise_options -- decode_head.up_convs.3.0.bn.bias:lr_mult=1.0
10/18 17:26:01 - mmengine - INFO - paramwise_options -- auxiliary_head.0.conv_seg.weight:lr=0.0005
10/18 17:26:01 - mmengine - INFO - paramwise_options -- auxiliary_head.0.conv_seg.weight:weight_decay=0.0
10/18 17:26:01 - mmengine - INFO - paramwise_options -- auxiliary_head.0.conv_seg.weight:lr_mult=1.0
10/18 17:26:01 - mmengine - INFO - paramwise_options -- auxiliary_head.0.conv_seg.bias:lr=0.0005
10/18 17:26:01 - mmengine - INFO - paramwise_options -- auxiliary_head.0.conv_seg.bias:weight_decay=0.0
10/18 17:26:01 - mmengine - INFO - paramwise_options -- auxiliary_head.0.conv_seg.bias:lr_mult=1.0
10/18 17:26:01 - mmengine - INFO - paramwise_options -- auxiliary_head.0.norm.weight:lr=0.0005
10/18 17:26:01 - mmengine - INFO - paramwise_options -- auxiliary_head.0.norm.weight:weight_decay=0.0
10/18 17:26:01 - mmengine - INFO - paramwise_options -- auxiliary_head.0.norm.weight:lr_mult=1.0
10/18 17:26:01 - mmengine - INFO - paramwise_options -- auxiliary_head.0.norm.bias:lr=0.0005
10/18 17:26:01 - mmengine - INFO - paramwise_options -- auxiliary_head.0.norm.bias:weight_decay=0.0
10/18 17:26:01 - mmengine - INFO - paramwise_options -- auxiliary_head.0.norm.bias:lr_mult=1.0
10/18 17:26:01 - mmengine - INFO - paramwise_options -- auxiliary_head.0.up_convs.0.0.conv.weight:lr=0.0005
10/18 17:26:01 - mmengine - INFO - paramwise_options -- auxiliary_head.0.up_convs.0.0.conv.weight:weight_decay=0.0
10/18 17:26:01 - mmengine - INFO - paramwise_options -- auxiliary_head.0.up_convs.0.0.conv.weight:lr_mult=1.0
10/18 17:26:01 - mmengine - INFO - paramwise_options -- auxiliary_head.0.up_convs.0.0.bn.weight:lr=0.0005
10/18 17:26:01 - mmengine - INFO - paramwise_options -- auxiliary_head.0.up_convs.0.0.bn.weight:weight_decay=0.0
10/18 17:26:01 - mmengine - INFO - paramwise_options -- auxiliary_head.0.up_convs.0.0.bn.weight:lr_mult=1.0
10/18 17:26:01 - mmengine - INFO - paramwise_options -- auxiliary_head.0.up_convs.0.0.bn.bias:lr=0.0005
10/18 17:26:01 - mmengine - INFO - paramwise_options -- auxiliary_head.0.up_convs.0.0.bn.bias:weight_decay=0.0
10/18 17:26:01 - mmengine - INFO - paramwise_options -- auxiliary_head.0.up_convs.0.0.bn.bias:lr_mult=1.0
10/18 17:26:01 - mmengine - INFO - paramwise_options -- auxiliary_head.0.up_convs.1.0.conv.weight:lr=0.0005
10/18 17:26:01 - mmengine - INFO - paramwise_options -- auxiliary_head.0.up_convs.1.0.conv.weight:weight_decay=0.0
10/18 17:26:01 - mmengine - INFO - paramwise_options -- auxiliary_head.0.up_convs.1.0.conv.weight:lr_mult=1.0
10/18 17:26:01 - mmengine - INFO - paramwise_options -- auxiliary_head.0.up_convs.1.0.bn.weight:lr=0.0005
10/18 17:26:01 - mmengine - INFO - paramwise_options -- auxiliary_head.0.up_convs.1.0.bn.weight:weight_decay=0.0
10/18 17:26:01 - mmengine - INFO - paramwise_options -- auxiliary_head.0.up_convs.1.0.bn.weight:lr_mult=1.0
10/18 17:26:01 - mmengine - INFO - paramwise_options -- auxiliary_head.0.up_convs.1.0.bn.bias:lr=0.0005
10/18 17:26:01 - mmengine - INFO - paramwise_options -- auxiliary_head.0.up_convs.1.0.bn.bias:weight_decay=0.0
10/18 17:26:01 - mmengine - INFO - paramwise_options -- auxiliary_head.0.up_convs.1.0.bn.bias:lr_mult=1.0
10/18 17:26:01 - mmengine - INFO - paramwise_options -- auxiliary_head.1.conv_seg.weight:lr=0.0005
10/18 17:26:01 - mmengine - INFO - paramwise_options -- auxiliary_head.1.conv_seg.weight:weight_decay=0.0
10/18 17:26:01 - mmengine - INFO - paramwise_options -- auxiliary_head.1.conv_seg.weight:lr_mult=1.0
10/18 17:26:01 - mmengine - INFO - paramwise_options -- auxiliary_head.1.conv_seg.bias:lr=0.0005
10/18 17:26:01 - mmengine - INFO - paramwise_options -- auxiliary_head.1.conv_seg.bias:weight_decay=0.0
10/18 17:26:01 - mmengine - INFO - paramwise_options -- auxiliary_head.1.conv_seg.bias:lr_mult=1.0
10/18 17:26:01 - mmengine - INFO - paramwise_options -- auxiliary_head.1.norm.weight:lr=0.0005
10/18 17:26:01 - mmengine - INFO - paramwise_options -- auxiliary_head.1.norm.weight:weight_decay=0.0
10/18 17:26:01 - mmengine - INFO - paramwise_options -- auxiliary_head.1.norm.weight:lr_mult=1.0
10/18 17:26:01 - mmengine - INFO - paramwise_options -- auxiliary_head.1.norm.bias:lr=0.0005
10/18 17:26:01 - mmengine - INFO - paramwise_options -- auxiliary_head.1.norm.bias:weight_decay=0.0
10/18 17:26:01 - mmengine - INFO - paramwise_options -- auxiliary_head.1.norm.bias:lr_mult=1.0
10/18 17:26:01 - mmengine - INFO - paramwise_options -- auxiliary_head.1.up_convs.0.0.conv.weight:lr=0.0005
10/18 17:26:01 - mmengine - INFO - paramwise_options -- auxiliary_head.1.up_convs.0.0.conv.weight:weight_decay=0.0
10/18 17:26:01 - mmengine - INFO - paramwise_options -- auxiliary_head.1.up_convs.0.0.conv.weight:lr_mult=1.0
10/18 17:26:01 - mmengine - INFO - paramwise_options -- auxiliary_head.1.up_convs.0.0.bn.weight:lr=0.0005
10/18 17:26:01 - mmengine - INFO - paramwise_options -- auxiliary_head.1.up_convs.0.0.bn.weight:weight_decay=0.0
10/18 17:26:01 - mmengine - INFO - paramwise_options -- auxiliary_head.1.up_convs.0.0.bn.weight:lr_mult=1.0
10/18 17:26:01 - mmengine - INFO - paramwise_options -- auxiliary_head.1.up_convs.0.0.bn.bias:lr=0.0005
10/18 17:26:01 - mmengine - INFO - paramwise_options -- auxiliary_head.1.up_convs.0.0.bn.bias:weight_decay=0.0
10/18 17:26:01 - mmengine - INFO - paramwise_options -- auxiliary_head.1.up_convs.0.0.bn.bias:lr_mult=1.0
10/18 17:26:01 - mmengine - INFO - paramwise_options -- auxiliary_head.1.up_convs.1.0.conv.weight:lr=0.0005
10/18 17:26:01 - mmengine - INFO - paramwise_options -- auxiliary_head.1.up_convs.1.0.conv.weight:weight_decay=0.0
10/18 17:26:01 - mmengine - INFO - paramwise_options -- auxiliary_head.1.up_convs.1.0.conv.weight:lr_mult=1.0
10/18 17:26:01 - mmengine - INFO - paramwise_options -- auxiliary_head.1.up_convs.1.0.bn.weight:lr=0.0005
10/18 17:26:01 - mmengine - INFO - paramwise_options -- auxiliary_head.1.up_convs.1.0.bn.weight:weight_decay=0.0
10/18 17:26:01 - mmengine - INFO - paramwise_options -- auxiliary_head.1.up_convs.1.0.bn.weight:lr_mult=1.0
10/18 17:26:01 - mmengine - INFO - paramwise_options -- auxiliary_head.1.up_convs.1.0.bn.bias:lr=0.0005
10/18 17:26:01 - mmengine - INFO - paramwise_options -- auxiliary_head.1.up_convs.1.0.bn.bias:weight_decay=0.0
10/18 17:26:01 - mmengine - INFO - paramwise_options -- auxiliary_head.1.up_convs.1.0.bn.bias:lr_mult=1.0
10/18 17:26:01 - mmengine - INFO - paramwise_options -- auxiliary_head.2.conv_seg.weight:lr=0.0005
10/18 17:26:01 - mmengine - INFO - paramwise_options -- auxiliary_head.2.conv_seg.weight:weight_decay=0.0
10/18 17:26:01 - mmengine - INFO - paramwise_options -- auxiliary_head.2.conv_seg.weight:lr_mult=1.0
10/18 17:26:01 - mmengine - INFO - paramwise_options -- auxiliary_head.2.conv_seg.bias:lr=0.0005
10/18 17:26:01 - mmengine - INFO - paramwise_options -- auxiliary_head.2.conv_seg.bias:weight_decay=0.0
10/18 17:26:01 - mmengine - INFO - paramwise_options -- auxiliary_head.2.conv_seg.bias:lr_mult=1.0
10/18 17:26:01 - mmengine - INFO - paramwise_options -- auxiliary_head.2.norm.weight:lr=0.0005
10/18 17:26:01 - mmengine - INFO - paramwise_options -- auxiliary_head.2.norm.weight:weight_decay=0.0
10/18 17:26:01 - mmengine - INFO - paramwise_options -- auxiliary_head.2.norm.weight:lr_mult=1.0
10/18 17:26:01 - mmengine - INFO - paramwise_options -- auxiliary_head.2.norm.bias:lr=0.0005
10/18 17:26:01 - mmengine - INFO - paramwise_options -- auxiliary_head.2.norm.bias:weight_decay=0.0
10/18 17:26:01 - mmengine - INFO - paramwise_options -- auxiliary_head.2.norm.bias:lr_mult=1.0
10/18 17:26:01 - mmengine - INFO - paramwise_options -- auxiliary_head.2.up_convs.0.0.conv.weight:lr=0.0005
10/18 17:26:01 - mmengine - INFO - paramwise_options -- auxiliary_head.2.up_convs.0.0.conv.weight:weight_decay=0.0
10/18 17:26:01 - mmengine - INFO - paramwise_options -- auxiliary_head.2.up_convs.0.0.conv.weight:lr_mult=1.0
10/18 17:26:01 - mmengine - INFO - paramwise_options -- auxiliary_head.2.up_convs.0.0.bn.weight:lr=0.0005
10/18 17:26:01 - mmengine - INFO - paramwise_options -- auxiliary_head.2.up_convs.0.0.bn.weight:weight_decay=0.0
10/18 17:26:01 - mmengine - INFO - paramwise_options -- auxiliary_head.2.up_convs.0.0.bn.weight:lr_mult=1.0
10/18 17:26:01 - mmengine - INFO - paramwise_options -- auxiliary_head.2.up_convs.0.0.bn.bias:lr=0.0005
10/18 17:26:01 - mmengine - INFO - paramwise_options -- auxiliary_head.2.up_convs.0.0.bn.bias:weight_decay=0.0
10/18 17:26:01 - mmengine - INFO - paramwise_options -- auxiliary_head.2.up_convs.0.0.bn.bias:lr_mult=1.0
10/18 17:26:01 - mmengine - INFO - paramwise_options -- auxiliary_head.2.up_convs.1.0.conv.weight:lr=0.0005
10/18 17:26:01 - mmengine - INFO - paramwise_options -- auxiliary_head.2.up_convs.1.0.conv.weight:weight_decay=0.0
10/18 17:26:01 - mmengine - INFO - paramwise_options -- auxiliary_head.2.up_convs.1.0.conv.weight:lr_mult=1.0
10/18 17:26:01 - mmengine - INFO - paramwise_options -- auxiliary_head.2.up_convs.1.0.bn.weight:lr=0.0005
10/18 17:26:01 - mmengine - INFO - paramwise_options -- auxiliary_head.2.up_convs.1.0.bn.weight:weight_decay=0.0
10/18 17:26:01 - mmengine - INFO - paramwise_options -- auxiliary_head.2.up_convs.1.0.bn.weight:lr_mult=1.0
10/18 17:26:01 - mmengine - INFO - paramwise_options -- auxiliary_head.2.up_convs.1.0.bn.bias:lr=0.0005
10/18 17:26:01 - mmengine - INFO - paramwise_options -- auxiliary_head.2.up_convs.1.0.bn.bias:weight_decay=0.0
10/18 17:26:01 - mmengine - INFO - paramwise_options -- auxiliary_head.2.up_convs.1.0.bn.bias:lr_mult=1.0
10/18 17:26:01 - mmengine - WARNING - The prefix is not set in metric class IoUMetric.
Loads checkpoint by local backend from path: pretrain/vit_large_p16.pth
Resize the pos_embed shape from torch.Size([1, 577, 1024]) to torch.Size([1, 1025, 1024])
The model and loaded state dict do not match exactly

unexpected key in source state_dict: ln1.bias, ln1.weight, patch_embed.projection.bias

missing keys in source state_dict: prompt_embeddings

10/18 17:26:14 - mmengine - WARNING - "FileClient" will be deprecated in future. Please use io functions in https://mmengine.readthedocs.io/en/latest/api/fileio.html#file-io
10/18 17:26:14 - mmengine - WARNING - "HardDiskBackend" is the alias of "LocalBackend" and the former will be deprecated in future.
10/18 17:26:14 - mmengine - INFO - Checkpoints will be saved to /home/s1952889/final-project/implementation/mmsegmentation/work_dirs/setrvpt_vit-l_pup_8xb2-160k_ade20k-512x512.
10/18 17:26:53 - mmengine - INFO - Iter(train) [    50/160000]  base_lr: 4.9989e-04 lr: 4.9989e-04  eta: 1 day, 10:07:25  time: 0.5179  data_time: 0.0062  memory: 19981  loss: 8.1370  decode.loss_ce: 3.6406  decode.acc_seg: 1.2958  aux_0.loss_ce: 1.4891  aux_0.acc_seg: 3.2993  aux_1.loss_ce: 1.5000  aux_1.acc_seg: 1.8677  aux_2.loss_ce: 1.5073  aux_2.acc_seg: 0.2672
10/18 17:27:19 - mmengine - INFO - Iter(train) [   100/160000]  base_lr: 4.9978e-04 lr: 4.9978e-04  eta: 1 day, 4:37:02  time: 0.5208  data_time: 0.0062  memory: 14971  loss: 7.5083  decode.loss_ce: 3.2650  decode.acc_seg: 2.4241  aux_0.loss_ce: 1.3938  aux_0.acc_seg: 26.5446  aux_1.loss_ce: 1.4158  aux_1.acc_seg: 9.9383  aux_2.loss_ce: 1.4338  aux_2.acc_seg: 10.9756
10/18 17:27:45 - mmengine - INFO - Iter(train) [   150/160000]  base_lr: 4.9966e-04 lr: 4.9966e-04  eta: 1 day, 2:48:14  time: 0.5226  data_time: 0.0061  memory: 14972  loss: 7.2246  decode.loss_ce: 3.0578  decode.acc_seg: 11.2855  aux_0.loss_ce: 1.3690  aux_0.acc_seg: 25.0103  aux_1.loss_ce: 1.3927  aux_1.acc_seg: 15.3851  aux_2.loss_ce: 1.4052  aux_2.acc_seg: 24.4329
10/18 17:28:11 - mmengine - INFO - Iter(train) [   200/160000]  base_lr: 4.9955e-04 lr: 4.9955e-04  eta: 1 day, 1:53:34  time: 0.5219  data_time: 0.0061  memory: 14972  loss: 7.6384  decode.loss_ce: 3.2919  decode.acc_seg: 32.5393  aux_0.loss_ce: 1.4367  aux_0.acc_seg: 33.1745  aux_1.loss_ce: 1.4476  aux_1.acc_seg: 28.8177  aux_2.loss_ce: 1.4621  aux_2.acc_seg: 30.6178
10/18 17:28:37 - mmengine - INFO - Iter(train) [   250/160000]  base_lr: 4.9944e-04 lr: 4.9944e-04  eta: 1 day, 1:20:09  time: 0.5210  data_time: 0.0061  memory: 14972  loss: 6.0490  decode.loss_ce: 2.6423  decode.acc_seg: 40.2872  aux_0.loss_ce: 1.1105  aux_0.acc_seg: 33.9982  aux_1.loss_ce: 1.1506  aux_1.acc_seg: 19.9146  aux_2.loss_ce: 1.1456  aux_2.acc_seg: 23.7382
10/18 17:29:03 - mmengine - INFO - Iter(train) [   300/160000]  base_lr: 4.9933e-04 lr: 4.9933e-04  eta: 1 day, 0:57:36  time: 0.5205  data_time: 0.0062  memory: 14972  loss: 7.6005  decode.loss_ce: 3.4207  decode.acc_seg: 1.5083  aux_0.loss_ce: 1.4060  aux_0.acc_seg: 1.6818  aux_1.loss_ce: 1.3866  aux_1.acc_seg: 1.7894  aux_2.loss_ce: 1.3872  aux_2.acc_seg: 1.3444
10/18 17:29:29 - mmengine - INFO - Iter(train) [   350/160000]  base_lr: 4.9921e-04 lr: 4.9921e-04  eta: 1 day, 0:40:56  time: 0.5201  data_time: 0.0064  memory: 14972  loss: 7.5536  decode.loss_ce: 3.3579  decode.acc_seg: 16.5999  aux_0.loss_ce: 1.4055  aux_0.acc_seg: 16.4932  aux_1.loss_ce: 1.3992  aux_1.acc_seg: 16.0611  aux_2.loss_ce: 1.3910  aux_2.acc_seg: 15.4094
10/18 17:29:55 - mmengine - INFO - Iter(train) [   400/160000]  base_lr: 4.9910e-04 lr: 4.9910e-04  eta: 1 day, 0:28:22  time: 0.5206  data_time: 0.0062  memory: 14972  loss: 7.0731  decode.loss_ce: 3.1209  decode.acc_seg: 37.7226  aux_0.loss_ce: 1.3316  aux_0.acc_seg: 30.1978  aux_1.loss_ce: 1.3132  aux_1.acc_seg: 31.3998  aux_2.loss_ce: 1.3074  aux_2.acc_seg: 36.0231
10/18 17:30:21 - mmengine - INFO - Iter(train) [   450/160000]  base_lr: 4.9899e-04 lr: 4.9899e-04  eta: 1 day, 0:18:36  time: 0.5200  data_time: 0.0062  memory: 14972  loss: 5.7965  decode.loss_ce: 2.5595  decode.acc_seg: 4.9985  aux_0.loss_ce: 1.0882  aux_0.acc_seg: 6.8699  aux_1.loss_ce: 1.0638  aux_1.acc_seg: 9.8775  aux_2.loss_ce: 1.0851  aux_2.acc_seg: 3.8194
10/18 17:30:47 - mmengine - INFO - Iter(train) [   500/160000]  base_lr: 4.9888e-04 lr: 4.9888e-04  eta: 1 day, 0:10:35  time: 0.5204  data_time: 0.0063  memory: 14972  loss: 5.9025  decode.loss_ce: 2.6274  decode.acc_seg: 25.9250  aux_0.loss_ce: 1.1048  aux_0.acc_seg: 29.7846  aux_1.loss_ce: 1.0733  aux_1.acc_seg: 30.5514  aux_2.loss_ce: 1.0970  aux_2.acc_seg: 28.2733
10/18 17:31:13 - mmengine - INFO - Iter(train) [   550/160000]  base_lr: 4.9876e-04 lr: 4.9876e-04  eta: 1 day, 0:03:54  time: 0.5198  data_time: 0.0062  memory: 14972  loss: 6.4407  decode.loss_ce: 2.8613  decode.acc_seg: 27.5010  aux_0.loss_ce: 1.2059  aux_0.acc_seg: 27.2079  aux_1.loss_ce: 1.1940  aux_1.acc_seg: 27.0739  aux_2.loss_ce: 1.1795  aux_2.acc_seg: 26.9578
10/18 17:31:39 - mmengine - INFO - Iter(train) [   600/160000]  base_lr: 4.9865e-04 lr: 4.9865e-04  eta: 23:58:11  time: 0.5193  data_time: 0.0062  memory: 14972  loss: 5.5110  decode.loss_ce: 2.4413  decode.acc_seg: 20.6798  aux_0.loss_ce: 1.0512  aux_0.acc_seg: 5.9419  aux_1.loss_ce: 0.9977  aux_1.acc_seg: 16.3153  aux_2.loss_ce: 1.0208  aux_2.acc_seg: 11.2352
10/18 17:32:05 - mmengine - INFO - Iter(train) [   650/160000]  base_lr: 4.9854e-04 lr: 4.9854e-04  eta: 23:53:18  time: 0.5196  data_time: 0.0061  memory: 14972  loss: 5.4698  decode.loss_ce: 2.4445  decode.acc_seg: 44.2979  aux_0.loss_ce: 1.0337  aux_0.acc_seg: 42.5461  aux_1.loss_ce: 0.9759  aux_1.acc_seg: 44.6798  aux_2.loss_ce: 1.0156  aux_2.acc_seg: 44.8600
10/18 17:32:31 - mmengine - INFO - Iter(train) [   700/160000]  base_lr: 4.9843e-04 lr: 4.9843e-04  eta: 23:48:57  time: 0.5183  data_time: 0.0061  memory: 14972  loss: 5.2138  decode.loss_ce: 2.3064  decode.acc_seg: 35.7307  aux_0.loss_ce: 0.9954  aux_0.acc_seg: 32.9912  aux_1.loss_ce: 0.9477  aux_1.acc_seg: 35.8304  aux_2.loss_ce: 0.9643  aux_2.acc_seg: 34.6573
10/18 17:32:57 - mmengine - INFO - Iter(train) [   750/160000]  base_lr: 4.9831e-04 lr: 4.9831e-04  eta: 23:45:01  time: 0.5186  data_time: 0.0062  memory: 14972  loss: 6.0757  decode.loss_ce: 2.6778  decode.acc_seg: 57.7906  aux_0.loss_ce: 1.1768  aux_0.acc_seg: 54.3971  aux_1.loss_ce: 1.1107  aux_1.acc_seg: 55.0103  aux_2.loss_ce: 1.1104  aux_2.acc_seg: 55.2775
10/18 17:33:23 - mmengine - INFO - Iter(train) [   800/160000]  base_lr: 4.9820e-04 lr: 4.9820e-04  eta: 23:41:33  time: 0.5186  data_time: 0.0062  memory: 14972  loss: 5.9952  decode.loss_ce: 2.6606  decode.acc_seg: 41.8695  aux_0.loss_ce: 1.1581  aux_0.acc_seg: 24.9487  aux_1.loss_ce: 1.0875  aux_1.acc_seg: 37.6039  aux_2.loss_ce: 1.0890  aux_2.acc_seg: 28.0596
10/18 17:33:49 - mmengine - INFO - Iter(train) [   850/160000]  base_lr: 4.9809e-04 lr: 4.9809e-04  eta: 23:38:24  time: 0.5187  data_time: 0.0061  memory: 14972  loss: 4.8324  decode.loss_ce: 2.1406  decode.acc_seg: 32.6616  aux_0.loss_ce: 0.9242  aux_0.acc_seg: 27.0790  aux_1.loss_ce: 0.8731  aux_1.acc_seg: 30.8752  aux_2.loss_ce: 0.8945  aux_2.acc_seg: 32.5828
10/18 17:34:15 - mmengine - INFO - Iter(train) [   900/160000]  base_lr: 4.9798e-04 lr: 4.9798e-04  eta: 23:35:30  time: 0.5176  data_time: 0.0062  memory: 14972  loss: 5.4161  decode.loss_ce: 2.4252  decode.acc_seg: 28.0610  aux_0.loss_ce: 1.0324  aux_0.acc_seg: 20.9871  aux_1.loss_ce: 0.9681  aux_1.acc_seg: 29.9950  aux_2.loss_ce: 0.9905  aux_2.acc_seg: 27.9382
10/18 17:34:41 - mmengine - INFO - Iter(train) [   950/160000]  base_lr: 4.9786e-04 lr: 4.9786e-04  eta: 23:32:52  time: 0.5180  data_time: 0.0062  memory: 14972  loss: 5.1651  decode.loss_ce: 2.2802  decode.acc_seg: 44.1593  aux_0.loss_ce: 1.0055  aux_0.acc_seg: 41.8399  aux_1.loss_ce: 0.9389  aux_1.acc_seg: 47.3910  aux_2.loss_ce: 0.9405  aux_2.acc_seg: 48.1583
10/18 17:35:07 - mmengine - INFO - Exp name: setrvpt_vit-l_pup_8xb2-160k_ade20k-512x512_20231018_172550
10/18 17:35:07 - mmengine - INFO - Iter(train) [  1000/160000]  base_lr: 4.9775e-04 lr: 4.9775e-04  eta: 23:30:29  time: 0.5184  data_time: 0.0062  memory: 14972  loss: 5.6565  decode.loss_ce: 2.5276  decode.acc_seg: 34.3535  aux_0.loss_ce: 1.0727  aux_0.acc_seg: 32.4543  aux_1.loss_ce: 1.0311  aux_1.acc_seg: 33.3464  aux_2.loss_ce: 1.0251  aux_2.acc_seg: 34.8738
10/18 17:35:33 - mmengine - INFO - Iter(train) [  1050/160000]  base_lr: 4.9764e-04 lr: 4.9764e-04  eta: 23:28:16  time: 0.5182  data_time: 0.0062  memory: 14972  loss: 6.0246  decode.loss_ce: 2.6829  decode.acc_seg: 48.1278  aux_0.loss_ce: 1.1545  aux_0.acc_seg: 40.0798  aux_1.loss_ce: 1.0973  aux_1.acc_seg: 47.6011  aux_2.loss_ce: 1.0898  aux_2.acc_seg: 48.7740
10/18 17:35:59 - mmengine - INFO - Iter(train) [  1100/160000]  base_lr: 4.9753e-04 lr: 4.9753e-04  eta: 23:26:15  time: 0.5191  data_time: 0.0062  memory: 14972  loss: 6.2757  decode.loss_ce: 2.7949  decode.acc_seg: 43.9458  aux_0.loss_ce: 1.2046  aux_0.acc_seg: 25.3274  aux_1.loss_ce: 1.1273  aux_1.acc_seg: 39.2917  aux_2.loss_ce: 1.1490  aux_2.acc_seg: 40.3379
10/18 17:36:24 - mmengine - INFO - Iter(train) [  1150/160000]  base_lr: 4.9741e-04 lr: 4.9741e-04  eta: 23:24:20  time: 0.5175  data_time: 0.0062  memory: 14972  loss: 4.7886  decode.loss_ce: 2.1486  decode.acc_seg: 71.6686  aux_0.loss_ce: 0.9033  aux_0.acc_seg: 69.2635  aux_1.loss_ce: 0.8629  aux_1.acc_seg: 79.2838  aux_2.loss_ce: 0.8738  aux_2.acc_seg: 74.0411
10/18 17:36:50 - mmengine - INFO - Iter(train) [  1200/160000]  base_lr: 4.9730e-04 lr: 4.9730e-04  eta: 23:22:33  time: 0.5181  data_time: 0.0061  memory: 14972  loss: 5.9198  decode.loss_ce: 2.6416  decode.acc_seg: 51.6547  aux_0.loss_ce: 1.1321  aux_0.acc_seg: 44.9335  aux_1.loss_ce: 1.0727  aux_1.acc_seg: 47.9000  aux_2.loss_ce: 1.0735  aux_2.acc_seg: 49.0623
slurmstepd-ctit089: error: *** JOB 242126 ON ctit089 CANCELLED AT 2023-10-18T17:37:09 ***
/bin/bash: /home/s1952889/miniconda3/envs/prompt/lib/libtinfo.so.6: no version information available (required by /bin/bash)
