/bin/bash: /home/s1952889/miniconda3/envs/prompt/lib/libtinfo.so.6: no version information available (required by /bin/bash)
data
data_conversions
env_setup.sh
implementation
README.md
results.pdf
slurm
slurm-235401.out
slurm-235484.out
slurm-235485.out
slurm-235486.out
slurm-235487.out
slurm-235488.out
slurm-235489.out
slurm-235490.out
slurm-235491.out
slurm-235492.out
slurm-235493.out
slurm-235494.out
slurm-235495.out
slurm-235496.out
slurm-235497.out
slurm-235498.out
slurm-235499.out
slurm-235500.out
slurm-235501.out
slurm-235535.out
slurm-235536.out
slurm-235537.out
slurm-235538.out
slurm-235539.out
slurm-235540.out
slurm-235541.out
slurm-235542.out
slurm-235543.out
slurm-235544.out
slurm-235545.out
slurm-235546.out
slurm-235547.out
slurm-235548.out
slurm-235553.out
slurm-235555.out
slurm-235557.out
slurm-235558.out
slurm-235559.out
slurm-235560.out
slurm-235561.out
slurm-235562.out
slurm-235563.out
slurm-235564.out
slurm-235565.out
slurm-235566.out
slurm-235567.out
slurm-235568.out
slurm-235569.out
slurm-235570.out
slurm-235571.out
slurm-235572.out
slurm-235605.out
slurm-235606.out
slurm-237113.out
slurm-237125.out
slurm-237126.out
slurm-237127.out
slurm-237232.out
slurm-237242.out
slurm-237243.out
slurm-237244.out
slurm-237257.out
slurm-237259.out
slurm-237260.out
slurm-237261.out
slurm-237262.out
slurm-237263.out
slurm-237264.out
slurm-237265.out
slurm-237266.out
slurm-237267.out
slurm-237268.out
slurm-237269.out
slurm-237270.out
slurm-237271.out
slurm-237272.out
slurm-237273.out
slurm-237274.out
slurm-237318.out
slurm-237319.out
slurm-237320.out
slurm-237321.out
slurm-237322.out
slurm-237360.out
slurm-237361.out
slurm-237362.out
slurm-237363.out
slurm-237364.out
slurm-237388.out
slurm-237389.out
slurm-237390.out
slurm-237391.out
slurm-237392.out
slurm-237393.out
slurm-237394.out
slurm-237857.out
slurm-237858.out
slurm-237859.out
slurm-237860.out
slurm-237861.out
slurm-237862.out
slurm-237863.out
slurm-237864.out
slurm-237865.out
slurm-237866.out
slurm-237867.out
slurm-237868.out
slurm-237869.out
slurm-237870.out
slurm-237871.out
slurm-237872.out
slurm-237873.out
slurm-237874.out
slurm-237875.out
slurm-238068.out
slurm-238069.out
slurm-238070.out
slurm-238071.out
slurm-238072.out
slurm-238073.out
slurm-238074.out
slurm-238075.out
slurm-238076.out
slurm-238077.out
slurm-238078.out
slurm-238079.out
slurm-238080.out
slurm-238081.out
slurm-238082.out
slurm-238083.out
slurm-238084.out
slurm-238085.out
slurm-238086.out
slurm-238088.out
slurm-238089.out
slurm-238090.out
slurm-238091.out
slurm-238092.out
slurm-238093.out
slurm-238094.out
slurm-238095.out
slurm-238096.out
slurm-238097.out
slurm-238098.out
slurm-238099.out
slurm-238100.out
slurm-238101.out
slurm-238102.out
slurm-238103.out
slurm-238104.out
slurm-238105.out
slurm-238106.out
slurm-238412.out
slurm-238413.out
slurm-238414.out
slurm-238415.out
slurm-238416.out
slurm-238417.out
slurm-238418.out
slurm-238419.out
slurm-238420.out
slurm-238421.out
slurm-238422.out
slurm-238423.out
slurm-238424.out
slurm-238425.out
slurm-238455.out
slurm-238642.out
slurm-239264.out
slurm-240445.out
slurm-242095.out
slurm-242119.out
slurm-242126.out
slurm-242168.out
slurm-242170.out
slurm-242172.out
slurm-242639.out
slurm-242644.out
slurm-242646.out
slurm-242828.out
slurm-242850.out
slurm-242851.out
slurm-242908.out
slurm-242909.out
slurm-242910.out
slurm-242911.out
slurm-242918.out
slurm-242919.out
slurm-242920.out
slurm-242921.out
slurm-242923.out
slurm-242924.out
slurm-242925.out
slurm-242926.out
slurm-246246.out
slurm-246247.out
slurm-246248.out
slurm-246249.out
slurm-246327.out
slurm-246399.out
slurm-246424.out
slurm-246442.out
slurm-246443.out
slurm-246444.out
slurm-246445.out
slurm-246446.out
slurm-246447.out
slurm-246448.out
slurm-246449.out
slurm-246450.out
slurm-246451.out
slurm-246452.out
slurm-246453.out
slurm-246454.out
slurm-246455.out
slurm-246456.out
slurm-246457.out
slurm-246458.out
slurm-246459.out
slurm-247288.out
slurm-247511.out
slurm-247512.out
slurm-247513.out
slurm-247514.out
slurm-247556.out
slurm-247557.out
slurm-247558.out
slurm-247559.out
slurm-247560.out
slurm-247561.out
slurm-247562.out
slurm-247563.out
slurm-247564.out
slurm-247565.out
slurm-247566.out
slurm-247567.out
slurm-247568.out
slurm-247569.out
slurm-247570.out
slurm-247571.out
slurm-247572.out
slurm-247573.out
slurm-248647.out
slurm-248648.out
slurm-248649.out
slurm-248650.out
slurm-248651.out
slurm-248652.out
slurm-248653.out
slurm-248654.out
slurm-248655.out
slurm-248656.out
slurm-248669.out
slurm-248670.out
slurm-248671.out
slurm-248672.out
slurm-248673.out
slurm-248674.out
slurm-248675.out
slurm-248676.out
slurm-248677.out
slurm-248678.out
slurm-248679.out
slurm-248680.out
slurm-248681.out
slurm-248682.out
slurm-248683.out
slurm-248684.out
slurm-248685.out
slurm-248686.out
slurm-248687.out
slurm-248688.out
slurm-248689.out
slurm-248693.out
slurm-248694.out
slurm-248695.out
slurm-248696.out
slurm-248697.out
slurm-248698.out
slurm-248699.out
slurm-248700.out
slurm-248701.out
slurm-248702.out
slurm-248703.out
slurm-248704.out
slurm-248705.out
slurm-248706.out
slurm-248707.out
slurm-248708.out
slurm-248709.out
slurm-248710.out
slurm-248711.out
slurm-248712.out
slurm-248713.out
slurm-250193.out
slurm-250686.out
slurm-250687.out
slurm-250688.out
slurm-250689.out
slurm-250690.out
slurm-250691.out
slurm-250692.out
slurm-250693.out
slurm-250694.out
slurm-251092.out
slurm-251093.out
slurm-251095.out
slurm-251096.out
slurm-252304.out
slurm-252307.out
slurm-252325.out
slurm-252326.out
slurm-252937.out
slurm-252939.out
slurm-252951.out
slurm-252952.out
slurm-253289.out
slurm-253290.out
slurm-253299.out
slurm-253301.out
slurm-253744.out
slurm-254015.out
slurm-254341.out
slurm-254533.out
slurm-254535.out
slurm-254537.out
slurm-254541.out
slurm-254978.out
slurm-255425.out
slurm-255426.out
slurm-255427.out
slurm-255428.out
slurm-255429.out
slurm-255430.out
slurm-255431.out
slurm-255432.out
slurm-255433.out
slurm-255434.out
slurm-255435.out
slurm-255436.out
slurm-255437.out
slurm-256134.out
slurm-256135.out
slurm-256136.out
slurm-256137.out
slurm-256138.out
slurm-256139.out
slurm-256140.out
slurm-256141.out
slurm-256142.out
slurm-256143.out
slurm-256144.out
slurm-256145.out
slurm-256146.out
slurm-256147.out
slurm-256241.out
slurm-256242.out
slurm-256243.out
slurm-256244.out
slurm-256245.out
slurm-256246.out
slurm-256247.out
slurm-256248.out
slurm-256249.out
slurm-256250.out
slurm-256251.out
slurm-256252.out
slurm-256253.out
slurm-256254.out
slurm-256279.out
slurm-256280.out
slurm-256281.out
slurm-256282.out
slurm-256283.out
slurm-256284.out
slurm-256285.out
slurm-256286.out
slurm-256287.out
slurm-256288.out
slurm-256289.out
slurm-256290.out
slurm-256291.out
slurm-256292.out
slurm-256404.out
slurm-256405.out
slurm-256406.out
slurm-256407.out
slurm-256408.out
slurm-256409.out
slurm-256410.out
slurm-256411.out
slurm-256412.out
slurm-256413.out
slurm-256414.out
slurm-256415.out
slurm-256416.out
slurm-256417.out
slurm-256418.out
slurm-256419.out
slurm-256420.out
slurm-256421.out
slurm-256422.out
slurm-256423.out
slurm-256424.out
slurm-256425.out
slurm-256426.out
slurm-256427.out
slurm-256428.out
slurm-256429.out
slurm-256430.out
slurm-256431.out
slurm-256433.out
slurm-256434.out
slurm-256435.out
slurm-256436.out
slurm-256437.out
slurm-256438.out
slurm-256439.out
slurm-256440.out
slurm-256441.out
slurm-256442.out
slurm-256443.out
slurm-256444.out
slurm-256445.out
slurm-256446.out
slurm-256455.out
slurm-256456.out
slurm-256457.out
slurm-256458.out
slurm-256459.out
slurm-256460.out
slurm-256461.out
slurm-256462.out
slurm-256463.out
slurm-256464.out
slurm-256465.out
slurm-256466.out
slurm-256467.out
slurm-256468.out
slurm-259793.out
slurm-259799.out
slurm-259996.out
slurm-260004.out
slurm-262689.out
slurm-263127.out
slurm-263128.out
slurm-263129.out
slurm-263130.out
slurm-263131.out
slurm-263132.out
slurm-263133.out
slurm-263277.out
slurm-263296.out
slurm-263297.out
slurm-263298.out
slurm-263299.out
slurm-263300.out
slurm-263301.out
slurm-263302.out
slurm-263303.out
slurm-263304.out
slurm-263613.out
slurm-263614.out
slurm-263615.out
slurm-263616.out
slurm-263617.out
slurm-263618.out
slurm-263619.out
slurm-265899.out
slurm-265901.out
slurm-265902.out
slurm-265903.out
slurm-265917.out
slurm-267486.out
slurm-267789.out
slurm-267970.out
slurm-267971.out
slurm-267972.out
slurm-267973.out
slurm-267974.out
slurm-267978.out
slurm-267979.out
\n
/home/s1952889/final-project
267979
data
data_conversions
env_setup.sh
implementation
README.md
results.pdf
slurm
slurm-235401.out
slurm-235484.out
slurm-235485.out
slurm-235486.out
slurm-235487.out
slurm-235488.out
slurm-235489.out
slurm-235490.out
slurm-235491.out
slurm-235492.out
slurm-235493.out
slurm-235494.out
slurm-235495.out
slurm-235496.out
slurm-235497.out
slurm-235498.out
slurm-235499.out
slurm-235500.out
slurm-235501.out
slurm-235535.out
slurm-235536.out
slurm-235537.out
slurm-235538.out
slurm-235539.out
slurm-235540.out
slurm-235541.out
slurm-235542.out
slurm-235543.out
slurm-235544.out
slurm-235545.out
slurm-235546.out
slurm-235547.out
slurm-235548.out
slurm-235553.out
slurm-235555.out
slurm-235557.out
slurm-235558.out
slurm-235559.out
slurm-235560.out
slurm-235561.out
slurm-235562.out
slurm-235563.out
slurm-235564.out
slurm-235565.out
slurm-235566.out
slurm-235567.out
slurm-235568.out
slurm-235569.out
slurm-235570.out
slurm-235571.out
slurm-235572.out
slurm-235605.out
slurm-235606.out
slurm-237113.out
slurm-237125.out
slurm-237126.out
slurm-237127.out
slurm-237232.out
slurm-237242.out
slurm-237243.out
slurm-237244.out
slurm-237257.out
slurm-237259.out
slurm-237260.out
slurm-237261.out
slurm-237262.out
slurm-237263.out
slurm-237264.out
slurm-237265.out
slurm-237266.out
slurm-237267.out
slurm-237268.out
slurm-237269.out
slurm-237270.out
slurm-237271.out
slurm-237272.out
slurm-237273.out
slurm-237274.out
slurm-237318.out
slurm-237319.out
slurm-237320.out
slurm-237321.out
slurm-237322.out
slurm-237360.out
slurm-237361.out
slurm-237362.out
slurm-237363.out
slurm-237364.out
slurm-237388.out
slurm-237389.out
slurm-237390.out
slurm-237391.out
slurm-237392.out
slurm-237393.out
slurm-237394.out
slurm-237857.out
slurm-237858.out
slurm-237859.out
slurm-237860.out
slurm-237861.out
slurm-237862.out
slurm-237863.out
slurm-237864.out
slurm-237865.out
slurm-237866.out
slurm-237867.out
slurm-237868.out
slurm-237869.out
slurm-237870.out
slurm-237871.out
slurm-237872.out
slurm-237873.out
slurm-237874.out
slurm-237875.out
slurm-238068.out
slurm-238069.out
slurm-238070.out
slurm-238071.out
slurm-238072.out
slurm-238073.out
slurm-238074.out
slurm-238075.out
slurm-238076.out
slurm-238077.out
slurm-238078.out
slurm-238079.out
slurm-238080.out
slurm-238081.out
slurm-238082.out
slurm-238083.out
slurm-238084.out
slurm-238085.out
slurm-238086.out
slurm-238088.out
slurm-238089.out
slurm-238090.out
slurm-238091.out
slurm-238092.out
slurm-238093.out
slurm-238094.out
slurm-238095.out
slurm-238096.out
slurm-238097.out
slurm-238098.out
slurm-238099.out
slurm-238100.out
slurm-238101.out
slurm-238102.out
slurm-238103.out
slurm-238104.out
slurm-238105.out
slurm-238106.out
slurm-238412.out
slurm-238413.out
slurm-238414.out
slurm-238415.out
slurm-238416.out
slurm-238417.out
slurm-238418.out
slurm-238419.out
slurm-238420.out
slurm-238421.out
slurm-238422.out
slurm-238423.out
slurm-238424.out
slurm-238425.out
slurm-238455.out
slurm-238642.out
slurm-239264.out
slurm-240445.out
slurm-242095.out
slurm-242119.out
slurm-242126.out
slurm-242168.out
slurm-242170.out
slurm-242172.out
slurm-242639.out
slurm-242644.out
slurm-242646.out
slurm-242828.out
slurm-242850.out
slurm-242851.out
slurm-242908.out
slurm-242909.out
slurm-242910.out
slurm-242911.out
slurm-242918.out
slurm-242919.out
slurm-242920.out
slurm-242921.out
slurm-242923.out
slurm-242924.out
slurm-242925.out
slurm-242926.out
slurm-246246.out
slurm-246247.out
slurm-246248.out
slurm-246249.out
slurm-246327.out
slurm-246399.out
slurm-246424.out
slurm-246442.out
slurm-246443.out
slurm-246444.out
slurm-246445.out
slurm-246446.out
slurm-246447.out
slurm-246448.out
slurm-246449.out
slurm-246450.out
slurm-246451.out
slurm-246452.out
slurm-246453.out
slurm-246454.out
slurm-246455.out
slurm-246456.out
slurm-246457.out
slurm-246458.out
slurm-246459.out
slurm-247288.out
slurm-247511.out
slurm-247512.out
slurm-247513.out
slurm-247514.out
slurm-247556.out
slurm-247557.out
slurm-247558.out
slurm-247559.out
slurm-247560.out
slurm-247561.out
slurm-247562.out
slurm-247563.out
slurm-247564.out
slurm-247565.out
slurm-247566.out
slurm-247567.out
slurm-247568.out
slurm-247569.out
slurm-247570.out
slurm-247571.out
slurm-247572.out
slurm-247573.out
slurm-248647.out
slurm-248648.out
slurm-248649.out
slurm-248650.out
slurm-248651.out
slurm-248652.out
slurm-248653.out
slurm-248654.out
slurm-248655.out
slurm-248656.out
slurm-248669.out
slurm-248670.out
slurm-248671.out
slurm-248672.out
slurm-248673.out
slurm-248674.out
slurm-248675.out
slurm-248676.out
slurm-248677.out
slurm-248678.out
slurm-248679.out
slurm-248680.out
slurm-248681.out
slurm-248682.out
slurm-248683.out
slurm-248684.out
slurm-248685.out
slurm-248686.out
slurm-248687.out
slurm-248688.out
slurm-248689.out
slurm-248693.out
slurm-248694.out
slurm-248695.out
slurm-248696.out
slurm-248697.out
slurm-248698.out
slurm-248699.out
slurm-248700.out
slurm-248701.out
slurm-248702.out
slurm-248703.out
slurm-248704.out
slurm-248705.out
slurm-248706.out
slurm-248707.out
slurm-248708.out
slurm-248709.out
slurm-248710.out
slurm-248711.out
slurm-248712.out
slurm-248713.out
slurm-250193.out
slurm-250686.out
slurm-250687.out
slurm-250688.out
slurm-250689.out
slurm-250690.out
slurm-250691.out
slurm-250692.out
slurm-250693.out
slurm-250694.out
slurm-251092.out
slurm-251093.out
slurm-251095.out
slurm-251096.out
slurm-252304.out
slurm-252307.out
slurm-252325.out
slurm-252326.out
slurm-252937.out
slurm-252939.out
slurm-252951.out
slurm-252952.out
slurm-253289.out
slurm-253290.out
slurm-253299.out
slurm-253301.out
slurm-253744.out
slurm-254015.out
slurm-254341.out
slurm-254533.out
slurm-254535.out
slurm-254537.out
slurm-254541.out
slurm-254978.out
slurm-255425.out
slurm-255426.out
slurm-255427.out
slurm-255428.out
slurm-255429.out
slurm-255430.out
slurm-255431.out
slurm-255432.out
slurm-255433.out
slurm-255434.out
slurm-255435.out
slurm-255436.out
slurm-255437.out
slurm-256134.out
slurm-256135.out
slurm-256136.out
slurm-256137.out
slurm-256138.out
slurm-256139.out
slurm-256140.out
slurm-256141.out
slurm-256142.out
slurm-256143.out
slurm-256144.out
slurm-256145.out
slurm-256146.out
slurm-256147.out
slurm-256241.out
slurm-256242.out
slurm-256243.out
slurm-256244.out
slurm-256245.out
slurm-256246.out
slurm-256247.out
slurm-256248.out
slurm-256249.out
slurm-256250.out
slurm-256251.out
slurm-256252.out
slurm-256253.out
slurm-256254.out
slurm-256279.out
slurm-256280.out
slurm-256281.out
slurm-256282.out
slurm-256283.out
slurm-256284.out
slurm-256285.out
slurm-256286.out
slurm-256287.out
slurm-256288.out
slurm-256289.out
slurm-256290.out
slurm-256291.out
slurm-256292.out
slurm-256404.out
slurm-256405.out
slurm-256406.out
slurm-256407.out
slurm-256408.out
slurm-256409.out
slurm-256410.out
slurm-256411.out
slurm-256412.out
slurm-256413.out
slurm-256414.out
slurm-256415.out
slurm-256416.out
slurm-256417.out
slurm-256418.out
slurm-256419.out
slurm-256420.out
slurm-256421.out
slurm-256422.out
slurm-256423.out
slurm-256424.out
slurm-256425.out
slurm-256426.out
slurm-256427.out
slurm-256428.out
slurm-256429.out
slurm-256430.out
slurm-256431.out
slurm-256433.out
slurm-256434.out
slurm-256435.out
slurm-256436.out
slurm-256437.out
slurm-256438.out
slurm-256439.out
slurm-256440.out
slurm-256441.out
slurm-256442.out
slurm-256443.out
slurm-256444.out
slurm-256445.out
slurm-256446.out
slurm-256455.out
slurm-256456.out
slurm-256457.out
slurm-256458.out
slurm-256459.out
slurm-256460.out
slurm-256461.out
slurm-256462.out
slurm-256463.out
slurm-256464.out
slurm-256465.out
slurm-256466.out
slurm-256467.out
slurm-256468.out
slurm-259793.out
slurm-259799.out
slurm-259996.out
slurm-260004.out
slurm-262689.out
slurm-263127.out
slurm-263128.out
slurm-263129.out
slurm-263130.out
slurm-263131.out
slurm-263132.out
slurm-263133.out
slurm-263277.out
slurm-263296.out
slurm-263297.out
slurm-263298.out
slurm-263299.out
slurm-263300.out
slurm-263301.out
slurm-263302.out
slurm-263303.out
slurm-263304.out
slurm-263613.out
slurm-263614.out
slurm-263615.out
slurm-263616.out
slurm-263617.out
slurm-263618.out
slurm-263619.out
slurm-265899.out
slurm-265901.out
slurm-265902.out
slurm-265903.out
slurm-265917.out
slurm-267486.out
slurm-267789.out
slurm-267970.out
slurm-267971.out
slurm-267972.out
slurm-267973.out
slurm-267974.out
slurm-267978.out
slurm-267979.out
\n
checkpoints
CITATION.cff
configs
data
dataset-index.yml
demo
docker
docs
env_setup.sh
examples
LICENSE
MANIFEST.in
mmseg
mmsegmentation.egg-info
model-index.yml
pretrain
projects
README.md
README_zh-CN.md
requirements
requirements.txt
resources
results_visualization
setup.cfg
setup.py
src
tests
tools
work_dirs
/bin/bash: /home/s1952889/miniconda3/envs/prompt/lib/libtinfo.so.6: no version information available (required by /bin/bash)
