/bin/bash: /home/s1952889/miniconda3/envs/prompt/lib/libtinfo.so.6: no version information available (required by /bin/bash)
An exception occurred in telemetry logging.Disabling telemetry to prevent further exceptions.
Traceback (most recent call last):
  File "/home/s1952889/miniconda3/envs/prompt/lib/python3.11/site-packages/iopath/common/file_io.py", line 946, in __log_tmetry_keys
    handler.log_event()
  File "/home/s1952889/miniconda3/envs/prompt/lib/python3.11/site-packages/iopath/common/event_logger.py", line 97, in log_event
    del self._evt
        ^^^^^^^^^
AttributeError: 'NativePathHandler' object has no attribute '_evt'
Namespace(config_file='visual_prompt_tuning/configs/prompt/cub.yaml', train_type='prompt', opts=['MODEL.TYPE', 'vit', 'DATA.BATCH_SIZE', '32', 'MODEL.PROMPT.NUM_TOKENS', '50', 'MODEL.PROMPT.DEEP', 'True', 'MODEL.PROMPT.DROPOUT', '0.1', 'DATA.FEATURE', 'sup_vitb16_imagenet21k', 'DATA.IMGSIZE', '500', 'DATA.NAME', 'mammo-cbis', 'DATA.NUMBER_CLASSES', '2', 'DATA.CROP', 'False', 'MODEL.MODEL_ROOT', 'visual_prompt_tuning/model_root', 'DATA.DATAPATH', 'visual_prompt_tuning/data_path', 'OUTPUT_DIR', 'visual_prompt_tuning/output_dir', 'SOLVER.PATIENCE', '7', 'SOLVER.CRITERION', 'loss'])
[11/20 20:46:59 visual_prompt]: Rank of current process: 0. World size: 1
[11/20 20:47:00 visual_prompt]: Environment info:
-------------------  -------------------------------------------------
Python               3.11.5 (main, Sep 11 2023, 13:54:46) [GCC 11.2.0]
ENV_MODULE           <not set>
PyTorch              2.0.1+cu118
PyTorch Debug Build  False
CUDA available       True
CUDA ID              0
GPU 0                NVIDIA A40
Pillow               9.3.0
cv2                  4.8.0
-------------------  -------------------------------------------------
PyTorch built with:
  - GCC 9.3
  - C++ Version: 201703
  - Intel(R) oneAPI Math Kernel Library Version 2022.2-Product Build 20220804 for Intel(R) 64 architecture applications
  - Intel(R) MKL-DNN v2.7.3 (Git Hash 6dbeffbae1f23cbbeae17adb7b5b13f1f37c080e)
  - OpenMP 201511 (a.k.a. OpenMP 4.5)
  - LAPACK is enabled (usually provided by MKL)
  - NNPACK is enabled
  - CPU capability usage: AVX2
  - CUDA Runtime 11.8
  - NVCC architecture flags: -gencode;arch=compute_37,code=sm_37;-gencode;arch=compute_50,code=sm_50;-gencode;arch=compute_60,code=sm_60;-gencode;arch=compute_70,code=sm_70;-gencode;arch=compute_75,code=sm_75;-gencode;arch=compute_80,code=sm_80;-gencode;arch=compute_86,code=sm_86;-gencode;arch=compute_90,code=sm_90
  - CuDNN 8.7
  - Magma 2.6.1
  - Build settings: BLAS_INFO=mkl, BUILD_TYPE=Release, CUDA_VERSION=11.8, CUDNN_VERSION=8.7.0, CXX_COMPILER=/opt/rh/devtoolset-9/root/usr/bin/c++, CXX_FLAGS= -D_GLIBCXX_USE_CXX11_ABI=0 -fabi-version=11 -Wno-deprecated -fvisibility-inlines-hidden -DUSE_PTHREADPOOL -DNDEBUG -DUSE_KINETO -DLIBKINETO_NOROCTRACER -DUSE_FBGEMM -DUSE_QNNPACK -DUSE_PYTORCH_QNNPACK -DUSE_XNNPACK -DSYMBOLICATE_MOBILE_DEBUG_HANDLE -O2 -fPIC -Wall -Wextra -Werror=return-type -Werror=non-virtual-dtor -Werror=bool-operation -Wnarrowing -Wno-missing-field-initializers -Wno-type-limits -Wno-array-bounds -Wno-unknown-pragmas -Wunused-local-typedefs -Wno-unused-parameter -Wno-unused-function -Wno-unused-result -Wno-strict-overflow -Wno-strict-aliasing -Wno-error=deprecated-declarations -Wno-stringop-overflow -Wno-psabi -Wno-error=pedantic -Wno-error=redundant-decls -Wno-error=old-style-cast -fdiagnostics-color=always -faligned-new -Wno-unused-but-set-variable -Wno-maybe-uninitialized -fno-math-errno -fno-trapping-math -Werror=format -Werror=cast-function-type -Wno-stringop-overflow, LAPACK_INFO=mkl, PERF_WITH_AVX=1, PERF_WITH_AVX2=1, PERF_WITH_AVX512=1, TORCH_DISABLE_GPU_ASSERTS=ON, TORCH_VERSION=2.0.1, USE_CUDA=ON, USE_CUDNN=ON, USE_EXCEPTION_PTR=1, USE_GFLAGS=OFF, USE_GLOG=OFF, USE_MKL=ON, USE_MKLDNN=ON, USE_MPI=OFF, USE_NCCL=1, USE_NNPACK=ON, USE_OPENMP=ON, USE_ROCM=OFF, 

[11/20 20:47:00 visual_prompt]: Command line arguments: Namespace(config_file='visual_prompt_tuning/configs/prompt/cub.yaml', train_type='prompt', opts=['MODEL.TYPE', 'vit', 'DATA.BATCH_SIZE', '32', 'MODEL.PROMPT.NUM_TOKENS', '50', 'MODEL.PROMPT.DEEP', 'True', 'MODEL.PROMPT.DROPOUT', '0.1', 'DATA.FEATURE', 'sup_vitb16_imagenet21k', 'DATA.IMGSIZE', '500', 'DATA.NAME', 'mammo-cbis', 'DATA.NUMBER_CLASSES', '2', 'DATA.CROP', 'False', 'MODEL.MODEL_ROOT', 'visual_prompt_tuning/model_root', 'DATA.DATAPATH', 'visual_prompt_tuning/data_path', 'OUTPUT_DIR', 'visual_prompt_tuning/output_dir', 'SOLVER.PATIENCE', '7', 'SOLVER.CRITERION', 'loss'])
[11/20 20:47:00 visual_prompt]: Contents of args.config_file=visual_prompt_tuning/configs/prompt/cub.yaml:
_BASE_: "../base-prompt.yaml"
RUN_N_TIMES: 1
DATA:
  NAME: "CUB"
  DATAPATH: ""  #TODO: need to specify here
  NUMBER_CLASSES: 200
  MULTILABEL: False
MODEL:
  TYPE: "vit"
SOLVER:
  BASE_LR: 0.1
  WEIGHT_DECAY: 0.01
[11/20 20:47:00 visual_prompt]: Training with config:
[11/20 20:47:00 visual_prompt]: CfgNode({'DBG': False, 'OUTPUT_DIR': 'visual_prompt_tuning/output_dir/mammo-cbis/sup_vitb16_imagenet21k/prompt50/size500/val/seed0/lr50.0_wd0.01/patience7/run1', 'RUN_N_TIMES': 1, 'CUDNN_BENCHMARK': False, 'NUM_GPUS': 1, 'NUM_SHARDS': 1, 'SEED': 0, 'MODEL': CfgNode({'TRANSFER_TYPE': 'prompt', 'WEIGHT_PATH': '', 'SAVE_CKPT': False, 'MODEL_ROOT': 'visual_prompt_tuning/model_root', 'TYPE': 'vit', 'MLP_NUM': 0, 'LINEAR': CfgNode({'MLP_SIZES': [], 'DROPOUT': 0.1}), 'PROMPT': CfgNode({'NUM_TOKENS': 50, 'LOCATION': 'prepend', 'INITIATION': 'random', 'CLSEMB_FOLDER': '', 'CLSEMB_PATH': '', 'PROJECT': -1, 'DEEP': True, 'NUM_DEEP_LAYERS': None, 'REVERSE_DEEP': False, 'DEEP_SHARED': False, 'FORWARD_DEEP_NOEXPAND': False, 'VIT_POOL_TYPE': 'original', 'DROPOUT': 0.1, 'SAVE_FOR_EACH_EPOCH': False}), 'ADAPTER': CfgNode({'REDUCATION_FACTOR': 8, 'STYLE': 'Pfeiffer'})}), 'SOLVER': CfgNode({'LOSS': 'softmax', 'LOSS_ALPHA': 0.01, 'OPTIMIZER': 'sgd', 'MOMENTUM': 0.9, 'WEIGHT_DECAY': 0.01, 'WEIGHT_DECAY_BIAS': 0, 'PATIENCE': 7, 'CRITERION': 'loss', 'SCHEDULER': 'cosine', 'BASE_LR': 50.0, 'BIAS_MULTIPLIER': 1.0, 'WARMUP_EPOCH': 10, 'TOTAL_EPOCH': 100, 'LOG_EVERY_N': 100, 'DBG_TRAINABLE': False}), 'DATA': CfgNode({'NAME': 'mammo-cbis', 'DATAPATH': 'visual_prompt_tuning/data_path', 'FEATURE': 'sup_vitb16_imagenet21k', 'PERCENTAGE': 1.0, 'NUMBER_CLASSES': 2, 'MULTILABEL': False, 'CLASS_WEIGHTS_TYPE': 'none', 'IMGSIZE': 500, 'CROP': False, 'NO_TEST': False, 'BATCH_SIZE': 32, 'NUM_WORKERS': 4, 'PIN_MEMORY': True})})
[11/20 20:47:00 visual_prompt]: Loading training data...
[11/20 20:47:00 visual_prompt]: Constructing mammo-cbis dataset train...
[11/20 20:47:00 visual_prompt]: Loading validation data...
[11/20 20:47:00 visual_prompt]: Constructing mammo-cbis dataset val...
[11/20 20:47:00 visual_prompt]: Constructing models...
[INFO: vit.py:  342]: load_pretrained: resized variant: torch.Size([1, 197, 768]) to torch.Size([1, 962, 768])
load_pretrained: grid-size from 14 to 31
[11/20 20:47:08 visual_prompt]: Total Parameters: 86848514	 Gradient Parameters: 462338
[11/20 20:47:08 visual_prompt]: tuned percent:0.532
[11/20 20:47:08 visual_prompt]: Device used for model: 0
[11/20 20:47:08 visual_prompt]: Setting up Evaluator...
[11/20 20:47:08 visual_prompt]: Setting up Trainer...
[11/20 20:47:08 visual_prompt]: 	Setting up the optimizer...
[11/20 20:47:08 visual_prompt]: Training 1 / 100 epoch, with learning rate 0.0
[11/20 20:55:31 visual_prompt]: Epoch 1 / 100: avg data time: 5.72e+00, avg batch time: 7.1773, average train loss: 1.4863
[11/20 20:56:21 visual_prompt]: Inference (val):avg data time: 3.32e-05, avg batch time: 0.5845, average loss: 1.4553
[11/20 20:56:21 visual_prompt]: Classification results with val_mammo-cbis: top1: 54.88	rocauc: 43.60	
[11/20 20:56:21 visual_prompt]: Training 2 / 100 epoch, with learning rate 5.0
[11/20 21:03:51 visual_prompt]: Epoch 2 / 100: avg data time: 4.98e+00, avg batch time: 6.4241, average train loss: 23.4194
[11/20 21:04:42 visual_prompt]: Inference (val):avg data time: 2.61e-05, avg batch time: 0.5815, average loss: 5.9050
[11/20 21:04:42 visual_prompt]: Classification results with val_mammo-cbis: top1: 54.88	rocauc: 50.15	
[11/20 21:04:42 visual_prompt]: Training 3 / 100 epoch, with learning rate 10.0
[11/20 21:12:12 visual_prompt]: Epoch 3 / 100: avg data time: 4.98e+00, avg batch time: 6.4219, average train loss: 22.7559
[11/20 21:13:03 visual_prompt]: Inference (val):avg data time: 2.68e-05, avg batch time: 0.5848, average loss: 78.4539
[11/20 21:13:03 visual_prompt]: Classification results with val_mammo-cbis: top1: 47.15	rocauc: 47.22	
[11/20 21:13:03 visual_prompt]: Training 4 / 100 epoch, with learning rate 15.0
[11/20 21:20:32 visual_prompt]: Epoch 4 / 100: avg data time: 4.98e+00, avg batch time: 6.4183, average train loss: 31.9098
[11/20 21:21:24 visual_prompt]: Inference (val):avg data time: 2.66e-05, avg batch time: 0.5850, average loss: 36.0121
[11/20 21:21:24 visual_prompt]: Classification results with val_mammo-cbis: top1: 54.88	rocauc: 48.13	
[11/20 21:21:24 visual_prompt]: Training 5 / 100 epoch, with learning rate 20.0
[11/20 21:28:51 visual_prompt]: Epoch 5 / 100: avg data time: 4.95e+00, avg batch time: 6.3932, average train loss: 37.4111
[11/20 21:29:42 visual_prompt]: Inference (val):avg data time: 3.14e-05, avg batch time: 0.5850, average loss: 33.6763
[11/20 21:29:42 visual_prompt]: Classification results with val_mammo-cbis: top1: 54.88	rocauc: 50.87	
[11/20 21:29:42 visual_prompt]: Training 6 / 100 epoch, with learning rate 25.0
[11/20 21:37:14 visual_prompt]: Epoch 6 / 100: avg data time: 5.01e+00, avg batch time: 6.4426, average train loss: 80.9835
[11/20 21:38:05 visual_prompt]: Inference (val):avg data time: 2.38e-05, avg batch time: 0.5836, average loss: 70.5767
[11/20 21:38:05 visual_prompt]: Classification results with val_mammo-cbis: top1: 54.88	rocauc: 55.50	
[11/20 21:38:05 visual_prompt]: Training 7 / 100 epoch, with learning rate 30.0
[11/20 21:45:33 visual_prompt]: Epoch 7 / 100: avg data time: 4.97e+00, avg batch time: 6.4082, average train loss: 62.2236
[11/20 21:46:25 visual_prompt]: Inference (val):avg data time: 2.95e-05, avg batch time: 0.5879, average loss: 54.4756
[11/20 21:46:25 visual_prompt]: Classification results with val_mammo-cbis: top1: 54.88	rocauc: 57.78	
[11/20 21:46:25 visual_prompt]: Training 8 / 100 epoch, with learning rate 35.0
[11/20 21:53:57 visual_prompt]: Epoch 8 / 100: avg data time: 5.03e+00, avg batch time: 6.4565, average train loss: 130.3972
[11/20 21:54:48 visual_prompt]: Inference (val):avg data time: 2.64e-05, avg batch time: 0.5854, average loss: 173.7895
[11/20 21:54:48 visual_prompt]: Classification results with val_mammo-cbis: top1: 54.88	rocauc: 54.03	
[11/20 21:54:48 visual_prompt]: Training 9 / 100 epoch, with learning rate 40.0
[11/20 22:02:17 visual_prompt]: Epoch 9 / 100: avg data time: 4.98e+00, avg batch time: 6.4183, average train loss: 111.8224
[11/20 22:03:08 visual_prompt]: Inference (val):avg data time: 2.58e-05, avg batch time: 0.5867, average loss: 51.1531
[11/20 22:03:08 visual_prompt]: Classification results with val_mammo-cbis: top1: 54.88	rocauc: 41.05	
[11/20 22:03:08 visual_prompt]: Training 10 / 100 epoch, with learning rate 45.0
[11/20 22:10:38 visual_prompt]: Epoch 10 / 100: avg data time: 4.98e+00, avg batch time: 6.4169, average train loss: 105.2176
[11/20 22:11:29 visual_prompt]: Inference (val):avg data time: 2.34e-05, avg batch time: 0.5832, average loss: 31.9708
[11/20 22:11:29 visual_prompt]: Classification results with val_mammo-cbis: top1: 45.12	rocauc: 51.58	
[11/20 22:11:29 visual_prompt]: Training 11 / 100 epoch, with learning rate 50.0
[11/20 22:19:00 visual_prompt]: Epoch 11 / 100: avg data time: 5.01e+00, avg batch time: 6.4386, average train loss: 129.0567
[11/20 22:19:51 visual_prompt]: Inference (val):avg data time: 2.33e-05, avg batch time: 0.5849, average loss: 13.2878
[11/20 22:19:51 visual_prompt]: Classification results with val_mammo-cbis: top1: 54.88	rocauc: 52.27	
[11/20 22:19:51 visual_prompt]: Training 12 / 100 epoch, with learning rate 49.9847706754774
[11/20 22:27:20 visual_prompt]: Epoch 12 / 100: avg data time: 4.99e+00, avg batch time: 6.4195, average train loss: 208.1526
[11/20 22:28:11 visual_prompt]: Inference (val):avg data time: 2.91e-05, avg batch time: 0.5837, average loss: 183.8571
[11/20 22:28:11 visual_prompt]: Classification results with val_mammo-cbis: top1: 54.88	rocauc: 50.65	
[11/20 22:28:11 visual_prompt]: Training 13 / 100 epoch, with learning rate 49.939101256495604
[11/20 22:35:41 visual_prompt]: Epoch 13 / 100: avg data time: 4.99e+00, avg batch time: 6.4212, average train loss: 148.6304
[11/20 22:36:32 visual_prompt]: Inference (val):avg data time: 2.78e-05, avg batch time: 0.5822, average loss: 167.0876
[11/20 22:36:32 visual_prompt]: Classification results with val_mammo-cbis: top1: 54.88	rocauc: 44.63	
[11/20 22:36:32 visual_prompt]: Training 14 / 100 epoch, with learning rate 49.86304738420683
[11/20 22:44:02 visual_prompt]: Epoch 14 / 100: avg data time: 4.99e+00, avg batch time: 6.4222, average train loss: 112.9457
[11/20 22:44:53 visual_prompt]: Inference (val):avg data time: 2.70e-05, avg batch time: 0.5860, average loss: 180.0684
[11/20 22:44:53 visual_prompt]: Classification results with val_mammo-cbis: top1: 45.12	rocauc: 50.04	
[11/20 22:44:53 visual_prompt]: Training 15 / 100 epoch, with learning rate 49.75670171853926
[11/20 22:52:24 visual_prompt]: Epoch 15 / 100: avg data time: 5.01e+00, avg batch time: 6.4452, average train loss: 107.0701
[11/20 22:53:15 visual_prompt]: Inference (val):avg data time: 2.38e-05, avg batch time: 0.5854, average loss: 218.0983
[11/20 22:53:15 visual_prompt]: Classification results with val_mammo-cbis: top1: 45.53	rocauc: 50.02	
[11/20 22:53:15 visual_prompt]: Training 16 / 100 epoch, with learning rate 49.6201938253052
[11/20 23:00:45 visual_prompt]: Epoch 16 / 100: avg data time: 5.00e+00, avg batch time: 6.4350, average train loss: 157.8699
[11/20 23:01:37 visual_prompt]: Inference (val):avg data time: 2.55e-05, avg batch time: 0.5868, average loss: 6.8180
[11/20 23:01:37 visual_prompt]: Classification results with val_mammo-cbis: top1: 45.12	rocauc: 49.42	
[11/20 23:01:37 visual_prompt]: Best epoch 16: best metric: -6.818
[11/20 23:01:37 visual_prompt]: Training 17 / 100 epoch, with learning rate 49.45369001834514
[11/20 23:09:06 visual_prompt]: Epoch 17 / 100: avg data time: 4.98e+00, avg batch time: 6.4166, average train loss: 172.9522
[11/20 23:09:57 visual_prompt]: Inference (val):avg data time: 3.03e-05, avg batch time: 0.5854, average loss: 46.7653
[11/20 23:09:57 visual_prompt]: Classification results with val_mammo-cbis: top1: 45.12	rocauc: 53.43	
[11/20 23:09:57 visual_prompt]: Training 18 / 100 epoch, with learning rate 49.25739315689991
[11/20 23:17:27 visual_prompt]: Epoch 18 / 100: avg data time: 5.00e+00, avg batch time: 6.4265, average train loss: 134.8895
[11/20 23:18:18 visual_prompt]: Inference (val):avg data time: 3.00e-05, avg batch time: 0.5831, average loss: 44.4161
[11/20 23:18:18 visual_prompt]: Classification results with val_mammo-cbis: top1: 45.12	rocauc: 50.95	
[11/20 23:18:18 visual_prompt]: Training 19 / 100 epoch, with learning rate 49.03154239845797
[11/20 23:25:48 visual_prompt]: Epoch 19 / 100: avg data time: 4.98e+00, avg batch time: 6.4206, average train loss: 108.6106
[11/20 23:26:39 visual_prompt]: Inference (val):avg data time: 2.56e-05, avg batch time: 0.5853, average loss: 330.5166
[11/20 23:26:39 visual_prompt]: Classification results with val_mammo-cbis: top1: 54.88	rocauc: 55.82	
[11/20 23:26:39 visual_prompt]: Training 20 / 100 epoch, with learning rate 48.77641290737884
[11/20 23:34:10 visual_prompt]: Epoch 20 / 100: avg data time: 5.00e+00, avg batch time: 6.4415, average train loss: 141.1177
[11/20 23:35:01 visual_prompt]: Inference (val):avg data time: 3.00e-05, avg batch time: 0.5832, average loss: 192.2731
[11/20 23:35:01 visual_prompt]: Classification results with val_mammo-cbis: top1: 54.88	rocauc: 49.96	
[11/20 23:35:01 visual_prompt]: Training 21 / 100 epoch, with learning rate 48.49231551964771
[11/20 23:42:31 visual_prompt]: Epoch 21 / 100: avg data time: 4.99e+00, avg batch time: 6.4202, average train loss: 133.8192
[11/20 23:43:22 visual_prompt]: Inference (val):avg data time: 2.75e-05, avg batch time: 0.5840, average loss: 236.0819
[11/20 23:43:22 visual_prompt]: Classification results with val_mammo-cbis: top1: 45.12	rocauc: 51.05	
[11/20 23:43:22 visual_prompt]: Training 22 / 100 epoch, with learning rate 48.17959636416968
[11/20 23:50:51 visual_prompt]: Epoch 22 / 100: avg data time: 4.97e+00, avg batch time: 6.4097, average train loss: 166.6178
[11/20 23:51:42 visual_prompt]: Inference (val):avg data time: 2.91e-05, avg batch time: 0.5847, average loss: 36.2407
[11/20 23:51:42 visual_prompt]: Classification results with val_mammo-cbis: top1: 54.88	rocauc: 42.01	
[11/20 23:51:42 visual_prompt]: Training 23 / 100 epoch, with learning rate 47.83863644106502
[11/20 23:59:13 visual_prompt]: Epoch 23 / 100: avg data time: 5.01e+00, avg batch time: 6.4525, average train loss: 107.7752
[11/21 00:00:05 visual_prompt]: Inference (val):avg data time: 5.14e-05, avg batch time: 0.5888, average loss: 94.2358
[11/21 00:00:05 visual_prompt]: Classification results with val_mammo-cbis: top1: 54.47	rocauc: 48.56	
[11/21 00:00:05 visual_prompt]: Stopping early.
[11/21 00:00:05 visual_prompt]: Rank of current process: 0. World size: 1
[11/21 00:00:05 visual_prompt]: Environment info:
-------------------  -------------------------------------------------
Python               3.11.5 (main, Sep 11 2023, 13:54:46) [GCC 11.2.0]
ENV_MODULE           <not set>
PyTorch              2.0.1+cu118
PyTorch Debug Build  False
CUDA available       True
CUDA ID              0
GPU 0                NVIDIA A40
Pillow               9.3.0
cv2                  4.8.0
-------------------  -------------------------------------------------
PyTorch built with:
  - GCC 9.3
  - C++ Version: 201703
  - Intel(R) oneAPI Math Kernel Library Version 2022.2-Product Build 20220804 for Intel(R) 64 architecture applications
  - Intel(R) MKL-DNN v2.7.3 (Git Hash 6dbeffbae1f23cbbeae17adb7b5b13f1f37c080e)
  - OpenMP 201511 (a.k.a. OpenMP 4.5)
  - LAPACK is enabled (usually provided by MKL)
  - NNPACK is enabled
  - CPU capability usage: AVX2
  - CUDA Runtime 11.8
  - NVCC architecture flags: -gencode;arch=compute_37,code=sm_37;-gencode;arch=compute_50,code=sm_50;-gencode;arch=compute_60,code=sm_60;-gencode;arch=compute_70,code=sm_70;-gencode;arch=compute_75,code=sm_75;-gencode;arch=compute_80,code=sm_80;-gencode;arch=compute_86,code=sm_86;-gencode;arch=compute_90,code=sm_90
  - CuDNN 8.7
  - Magma 2.6.1
  - Build settings: BLAS_INFO=mkl, BUILD_TYPE=Release, CUDA_VERSION=11.8, CUDNN_VERSION=8.7.0, CXX_COMPILER=/opt/rh/devtoolset-9/root/usr/bin/c++, CXX_FLAGS= -D_GLIBCXX_USE_CXX11_ABI=0 -fabi-version=11 -Wno-deprecated -fvisibility-inlines-hidden -DUSE_PTHREADPOOL -DNDEBUG -DUSE_KINETO -DLIBKINETO_NOROCTRACER -DUSE_FBGEMM -DUSE_QNNPACK -DUSE_PYTORCH_QNNPACK -DUSE_XNNPACK -DSYMBOLICATE_MOBILE_DEBUG_HANDLE -O2 -fPIC -Wall -Wextra -Werror=return-type -Werror=non-virtual-dtor -Werror=bool-operation -Wnarrowing -Wno-missing-field-initializers -Wno-type-limits -Wno-array-bounds -Wno-unknown-pragmas -Wunused-local-typedefs -Wno-unused-parameter -Wno-unused-function -Wno-unused-result -Wno-strict-overflow -Wno-strict-aliasing -Wno-error=deprecated-declarations -Wno-stringop-overflow -Wno-psabi -Wno-error=pedantic -Wno-error=redundant-decls -Wno-error=old-style-cast -fdiagnostics-color=always -faligned-new -Wno-unused-but-set-variable -Wno-maybe-uninitialized -fno-math-errno -fno-trapping-math -Werror=format -Werror=cast-function-type -Wno-stringop-overflow, LAPACK_INFO=mkl, PERF_WITH_AVX=1, PERF_WITH_AVX2=1, PERF_WITH_AVX512=1, TORCH_DISABLE_GPU_ASSERTS=ON, TORCH_VERSION=2.0.1, USE_CUDA=ON, USE_CUDNN=ON, USE_EXCEPTION_PTR=1, USE_GFLAGS=OFF, USE_GLOG=OFF, USE_MKL=ON, USE_MKLDNN=ON, USE_MPI=OFF, USE_NCCL=1, USE_NNPACK=ON, USE_OPENMP=ON, USE_ROCM=OFF, 

[11/21 00:00:05 visual_prompt]: Command line arguments: Namespace(config_file='visual_prompt_tuning/configs/prompt/cub.yaml', train_type='prompt', opts=['MODEL.TYPE', 'vit', 'DATA.BATCH_SIZE', '32', 'MODEL.PROMPT.NUM_TOKENS', '50', 'MODEL.PROMPT.DEEP', 'True', 'MODEL.PROMPT.DROPOUT', '0.1', 'DATA.FEATURE', 'sup_vitb16_imagenet21k', 'DATA.IMGSIZE', '500', 'DATA.NAME', 'mammo-cbis', 'DATA.NUMBER_CLASSES', '2', 'DATA.CROP', 'False', 'MODEL.MODEL_ROOT', 'visual_prompt_tuning/model_root', 'DATA.DATAPATH', 'visual_prompt_tuning/data_path', 'OUTPUT_DIR', 'visual_prompt_tuning/output_dir', 'SOLVER.PATIENCE', '7', 'SOLVER.CRITERION', 'loss'])
[11/21 00:00:05 visual_prompt]: Contents of args.config_file=visual_prompt_tuning/configs/prompt/cub.yaml:
_BASE_: "../base-prompt.yaml"
RUN_N_TIMES: 1
DATA:
  NAME: "CUB"
  DATAPATH: ""  #TODO: need to specify here
  NUMBER_CLASSES: 200
  MULTILABEL: False
MODEL:
  TYPE: "vit"
SOLVER:
  BASE_LR: 0.1
  WEIGHT_DECAY: 0.01
[11/21 00:00:05 visual_prompt]: Training with config:
[11/21 00:00:05 visual_prompt]: CfgNode({'DBG': False, 'OUTPUT_DIR': 'visual_prompt_tuning/output_dir/mammo-cbis/sup_vitb16_imagenet21k/prompt50/size500/val/seed0/lr50.0_wd0.001/patience7/run1', 'RUN_N_TIMES': 1, 'CUDNN_BENCHMARK': False, 'NUM_GPUS': 1, 'NUM_SHARDS': 1, 'SEED': 0, 'MODEL': CfgNode({'TRANSFER_TYPE': 'prompt', 'WEIGHT_PATH': '', 'SAVE_CKPT': False, 'MODEL_ROOT': 'visual_prompt_tuning/model_root', 'TYPE': 'vit', 'MLP_NUM': 0, 'LINEAR': CfgNode({'MLP_SIZES': [], 'DROPOUT': 0.1}), 'PROMPT': CfgNode({'NUM_TOKENS': 50, 'LOCATION': 'prepend', 'INITIATION': 'random', 'CLSEMB_FOLDER': '', 'CLSEMB_PATH': '', 'PROJECT': -1, 'DEEP': True, 'NUM_DEEP_LAYERS': None, 'REVERSE_DEEP': False, 'DEEP_SHARED': False, 'FORWARD_DEEP_NOEXPAND': False, 'VIT_POOL_TYPE': 'original', 'DROPOUT': 0.1, 'SAVE_FOR_EACH_EPOCH': False}), 'ADAPTER': CfgNode({'REDUCATION_FACTOR': 8, 'STYLE': 'Pfeiffer'})}), 'SOLVER': CfgNode({'LOSS': 'softmax', 'LOSS_ALPHA': 0.01, 'OPTIMIZER': 'sgd', 'MOMENTUM': 0.9, 'WEIGHT_DECAY': 0.001, 'WEIGHT_DECAY_BIAS': 0, 'PATIENCE': 7, 'CRITERION': 'loss', 'SCHEDULER': 'cosine', 'BASE_LR': 50.0, 'BIAS_MULTIPLIER': 1.0, 'WARMUP_EPOCH': 10, 'TOTAL_EPOCH': 100, 'LOG_EVERY_N': 100, 'DBG_TRAINABLE': False}), 'DATA': CfgNode({'NAME': 'mammo-cbis', 'DATAPATH': 'visual_prompt_tuning/data_path', 'FEATURE': 'sup_vitb16_imagenet21k', 'PERCENTAGE': 1.0, 'NUMBER_CLASSES': 2, 'MULTILABEL': False, 'CLASS_WEIGHTS_TYPE': 'none', 'IMGSIZE': 500, 'CROP': False, 'NO_TEST': False, 'BATCH_SIZE': 32, 'NUM_WORKERS': 4, 'PIN_MEMORY': True})})
[11/21 00:00:05 visual_prompt]: Loading training data...
[11/21 00:00:05 visual_prompt]: Constructing mammo-cbis dataset train...
[11/21 00:00:05 visual_prompt]: Loading validation data...
[11/21 00:00:05 visual_prompt]: Constructing mammo-cbis dataset val...
[11/21 00:00:05 visual_prompt]: Constructing models...
[INFO: vit.py:  342]: load_pretrained: resized variant: torch.Size([1, 197, 768]) to torch.Size([1, 962, 768])
load_pretrained: grid-size from 14 to 31
[11/21 00:00:08 visual_prompt]: Total Parameters: 86848514	 Gradient Parameters: 462338
[11/21 00:00:08 visual_prompt]: tuned percent:0.532
[11/21 00:00:08 visual_prompt]: Device used for model: 0
[11/21 00:00:08 visual_prompt]: Setting up Evaluator...
[11/21 00:00:08 visual_prompt]: Setting up Trainer...
[11/21 00:00:08 visual_prompt]: 	Setting up the optimizer...
[11/21 00:00:08 visual_prompt]: Training 1 / 100 epoch, with learning rate 0.0
[11/21 00:07:40 visual_prompt]: Epoch 1 / 100: avg data time: 5.01e+00, avg batch time: 6.4573, average train loss: 1.4863
[11/21 00:08:32 visual_prompt]: Inference (val):avg data time: 2.77e-05, avg batch time: 0.5847, average loss: 1.4553
[11/21 00:08:32 visual_prompt]: Classification results with val_mammo-cbis: top1: 54.88	rocauc: 43.60	
[11/21 00:08:32 visual_prompt]: Training 2 / 100 epoch, with learning rate 5.0
[11/21 00:16:02 visual_prompt]: Epoch 2 / 100: avg data time: 4.98e+00, avg batch time: 6.4246, average train loss: 29.6890
[11/21 00:16:53 visual_prompt]: Inference (val):avg data time: 2.57e-05, avg batch time: 0.5824, average loss: 4.8085
[11/21 00:16:53 visual_prompt]: Classification results with val_mammo-cbis: top1: 54.88	rocauc: 58.82	
[11/21 00:16:53 visual_prompt]: Training 3 / 100 epoch, with learning rate 10.0
[11/21 00:24:23 visual_prompt]: Epoch 3 / 100: avg data time: 4.98e+00, avg batch time: 6.4236, average train loss: 28.3773
[11/21 00:25:14 visual_prompt]: Inference (val):avg data time: 2.64e-05, avg batch time: 0.5854, average loss: 36.1099
[11/21 00:25:14 visual_prompt]: Classification results with val_mammo-cbis: top1: 45.12	rocauc: 56.14	
[11/21 00:25:14 visual_prompt]: Training 4 / 100 epoch, with learning rate 15.0
[11/21 00:32:45 visual_prompt]: Epoch 4 / 100: avg data time: 5.00e+00, avg batch time: 6.4471, average train loss: 28.7815
[11/21 00:33:37 visual_prompt]: Inference (val):avg data time: 2.90e-05, avg batch time: 0.5809, average loss: 28.0690
[11/21 00:33:37 visual_prompt]: Classification results with val_mammo-cbis: top1: 54.88	rocauc: 52.59	
[11/21 00:33:37 visual_prompt]: Training 5 / 100 epoch, with learning rate 20.0
[11/21 00:41:07 visual_prompt]: Epoch 5 / 100: avg data time: 4.99e+00, avg batch time: 6.4303, average train loss: 37.3561
[11/21 00:41:58 visual_prompt]: Inference (val):avg data time: 2.40e-05, avg batch time: 0.5795, average loss: 105.6275
[11/21 00:41:58 visual_prompt]: Classification results with val_mammo-cbis: top1: 54.88	rocauc: 54.50	
[11/21 00:41:58 visual_prompt]: Training 6 / 100 epoch, with learning rate 25.0
[11/21 00:49:30 visual_prompt]: Epoch 6 / 100: avg data time: 5.01e+00, avg batch time: 6.4478, average train loss: 49.8338
[11/21 00:50:21 visual_prompt]: Inference (val):avg data time: 2.32e-05, avg batch time: 0.5808, average loss: 79.5973
[11/21 00:50:21 visual_prompt]: Classification results with val_mammo-cbis: top1: 45.12	rocauc: 41.72	
[11/21 00:50:21 visual_prompt]: Training 7 / 100 epoch, with learning rate 30.0
[11/21 00:57:52 visual_prompt]: Epoch 7 / 100: avg data time: 4.99e+00, avg batch time: 6.4353, average train loss: 76.3471
[11/21 00:58:43 visual_prompt]: Inference (val):avg data time: 2.70e-05, avg batch time: 0.5840, average loss: 59.3471
[11/21 00:58:43 visual_prompt]: Classification results with val_mammo-cbis: top1: 54.88	rocauc: 53.57	
[11/21 00:58:43 visual_prompt]: Training 8 / 100 epoch, with learning rate 35.0
[11/21 01:06:13 visual_prompt]: Epoch 8 / 100: avg data time: 4.99e+00, avg batch time: 6.4214, average train loss: 121.1505
[11/21 01:07:04 visual_prompt]: Inference (val):avg data time: 2.32e-05, avg batch time: 0.5827, average loss: 242.3564
[11/21 01:07:04 visual_prompt]: Classification results with val_mammo-cbis: top1: 54.88	rocauc: 48.41	
[11/21 01:07:04 visual_prompt]: Training 9 / 100 epoch, with learning rate 40.0
[11/21 01:14:33 visual_prompt]: Epoch 9 / 100: avg data time: 4.97e+00, avg batch time: 6.4040, average train loss: 98.8507
[11/21 01:15:24 visual_prompt]: Inference (val):avg data time: 2.82e-05, avg batch time: 0.5821, average loss: 265.9323
[11/21 01:15:24 visual_prompt]: Classification results with val_mammo-cbis: top1: 54.88	rocauc: 46.62	
[11/21 01:15:24 visual_prompt]: Training 10 / 100 epoch, with learning rate 45.0
[11/21 01:22:54 visual_prompt]: Epoch 10 / 100: avg data time: 4.99e+00, avg batch time: 6.4244, average train loss: 108.4417
[11/21 01:23:46 visual_prompt]: Inference (val):avg data time: 2.59e-05, avg batch time: 0.5839, average loss: 25.7128
[11/21 01:23:46 visual_prompt]: Classification results with val_mammo-cbis: top1: 54.88	rocauc: 49.06	
[11/21 01:23:46 visual_prompt]: Training 11 / 100 epoch, with learning rate 50.0
[11/21 01:31:17 visual_prompt]: Epoch 11 / 100: avg data time: 5.01e+00, avg batch time: 6.4505, average train loss: 86.0772
[11/21 01:32:09 visual_prompt]: Inference (val):avg data time: 2.37e-05, avg batch time: 0.5832, average loss: 233.3680
[11/21 01:32:09 visual_prompt]: Classification results with val_mammo-cbis: top1: 54.88	rocauc: 45.84	
[11/21 01:32:09 visual_prompt]: Training 12 / 100 epoch, with learning rate 49.9847706754774
[11/21 01:39:39 visual_prompt]: Epoch 12 / 100: avg data time: 5.00e+00, avg batch time: 6.4348, average train loss: 125.8367
[11/21 01:40:30 visual_prompt]: Inference (val):avg data time: 2.49e-05, avg batch time: 0.5805, average loss: 3.7898
[11/21 01:40:30 visual_prompt]: Classification results with val_mammo-cbis: top1: 45.12	rocauc: 46.28	
[11/21 01:40:30 visual_prompt]: Best epoch 12: best metric: -3.790
[11/21 01:40:30 visual_prompt]: Training 13 / 100 epoch, with learning rate 49.939101256495604
[11/21 01:48:01 visual_prompt]: Epoch 13 / 100: avg data time: 5.00e+00, avg batch time: 6.4331, average train loss: 145.2245
[11/21 01:48:52 visual_prompt]: Inference (val):avg data time: 2.60e-05, avg batch time: 0.5853, average loss: 16.6351
[11/21 01:48:52 visual_prompt]: Classification results with val_mammo-cbis: top1: 54.88	rocauc: 54.75	
[11/21 01:48:52 visual_prompt]: Training 14 / 100 epoch, with learning rate 49.86304738420683
[11/21 01:56:22 visual_prompt]: Epoch 14 / 100: avg data time: 5.00e+00, avg batch time: 6.4281, average train loss: 130.2937
[11/21 01:57:14 visual_prompt]: Inference (val):avg data time: 2.63e-05, avg batch time: 0.5894, average loss: 52.4746
[11/21 01:57:14 visual_prompt]: Classification results with val_mammo-cbis: top1: 54.88	rocauc: 49.90	
[11/21 01:57:14 visual_prompt]: Training 15 / 100 epoch, with learning rate 49.75670171853926
[11/21 02:04:44 visual_prompt]: Epoch 15 / 100: avg data time: 5.00e+00, avg batch time: 6.4324, average train loss: 80.5654
[11/21 02:05:35 visual_prompt]: Inference (val):avg data time: 2.65e-05, avg batch time: 0.5845, average loss: 43.1324
[11/21 02:05:35 visual_prompt]: Classification results with val_mammo-cbis: top1: 54.88	rocauc: 55.08	
[11/21 02:05:35 visual_prompt]: Training 16 / 100 epoch, with learning rate 49.6201938253052
[11/21 02:13:02 visual_prompt]: Epoch 16 / 100: avg data time: 4.94e+00, avg batch time: 6.3750, average train loss: 106.6968
[11/21 02:13:53 visual_prompt]: Inference (val):avg data time: 2.71e-05, avg batch time: 0.5808, average loss: 337.7281
[11/21 02:13:53 visual_prompt]: Classification results with val_mammo-cbis: top1: 45.12	rocauc: 55.76	
[11/21 02:13:53 visual_prompt]: Training 17 / 100 epoch, with learning rate 49.45369001834514
[11/21 02:21:19 visual_prompt]: Epoch 17 / 100: avg data time: 4.93e+00, avg batch time: 6.3677, average train loss: 128.5729
[11/21 02:22:09 visual_prompt]: Inference (val):avg data time: 2.76e-05, avg batch time: 0.5880, average loss: 380.2673
[11/21 02:22:10 visual_prompt]: Classification results with val_mammo-cbis: top1: 54.88	rocauc: 47.12	
[11/21 02:22:10 visual_prompt]: Training 18 / 100 epoch, with learning rate 49.25739315689991
[11/21 02:29:34 visual_prompt]: Epoch 18 / 100: avg data time: 4.91e+00, avg batch time: 6.3515, average train loss: 109.7811
[11/21 02:30:25 visual_prompt]: Inference (val):avg data time: 2.28e-05, avg batch time: 0.5818, average loss: 17.9192
[11/21 02:30:25 visual_prompt]: Classification results with val_mammo-cbis: top1: 54.88	rocauc: 47.66	
[11/21 02:30:25 visual_prompt]: Training 19 / 100 epoch, with learning rate 49.03154239845797
[11/21 02:37:51 visual_prompt]: Epoch 19 / 100: avg data time: 4.93e+00, avg batch time: 6.3648, average train loss: 130.5409
[11/21 02:38:42 visual_prompt]: Inference (val):avg data time: 2.49e-05, avg batch time: 0.5822, average loss: 84.5841
[11/21 02:38:42 visual_prompt]: Classification results with val_mammo-cbis: top1: 54.88	rocauc: 59.71	
[11/21 02:38:42 visual_prompt]: Stopping early.
[11/21 02:38:42 visual_prompt]: Rank of current process: 0. World size: 1
[11/21 02:38:42 visual_prompt]: Environment info:
-------------------  -------------------------------------------------
Python               3.11.5 (main, Sep 11 2023, 13:54:46) [GCC 11.2.0]
ENV_MODULE           <not set>
PyTorch              2.0.1+cu118
PyTorch Debug Build  False
CUDA available       True
CUDA ID              0
GPU 0                NVIDIA A40
Pillow               9.3.0
cv2                  4.8.0
-------------------  -------------------------------------------------
PyTorch built with:
  - GCC 9.3
  - C++ Version: 201703
  - Intel(R) oneAPI Math Kernel Library Version 2022.2-Product Build 20220804 for Intel(R) 64 architecture applications
  - Intel(R) MKL-DNN v2.7.3 (Git Hash 6dbeffbae1f23cbbeae17adb7b5b13f1f37c080e)
  - OpenMP 201511 (a.k.a. OpenMP 4.5)
  - LAPACK is enabled (usually provided by MKL)
  - NNPACK is enabled
  - CPU capability usage: AVX2
  - CUDA Runtime 11.8
  - NVCC architecture flags: -gencode;arch=compute_37,code=sm_37;-gencode;arch=compute_50,code=sm_50;-gencode;arch=compute_60,code=sm_60;-gencode;arch=compute_70,code=sm_70;-gencode;arch=compute_75,code=sm_75;-gencode;arch=compute_80,code=sm_80;-gencode;arch=compute_86,code=sm_86;-gencode;arch=compute_90,code=sm_90
  - CuDNN 8.7
  - Magma 2.6.1
  - Build settings: BLAS_INFO=mkl, BUILD_TYPE=Release, CUDA_VERSION=11.8, CUDNN_VERSION=8.7.0, CXX_COMPILER=/opt/rh/devtoolset-9/root/usr/bin/c++, CXX_FLAGS= -D_GLIBCXX_USE_CXX11_ABI=0 -fabi-version=11 -Wno-deprecated -fvisibility-inlines-hidden -DUSE_PTHREADPOOL -DNDEBUG -DUSE_KINETO -DLIBKINETO_NOROCTRACER -DUSE_FBGEMM -DUSE_QNNPACK -DUSE_PYTORCH_QNNPACK -DUSE_XNNPACK -DSYMBOLICATE_MOBILE_DEBUG_HANDLE -O2 -fPIC -Wall -Wextra -Werror=return-type -Werror=non-virtual-dtor -Werror=bool-operation -Wnarrowing -Wno-missing-field-initializers -Wno-type-limits -Wno-array-bounds -Wno-unknown-pragmas -Wunused-local-typedefs -Wno-unused-parameter -Wno-unused-function -Wno-unused-result -Wno-strict-overflow -Wno-strict-aliasing -Wno-error=deprecated-declarations -Wno-stringop-overflow -Wno-psabi -Wno-error=pedantic -Wno-error=redundant-decls -Wno-error=old-style-cast -fdiagnostics-color=always -faligned-new -Wno-unused-but-set-variable -Wno-maybe-uninitialized -fno-math-errno -fno-trapping-math -Werror=format -Werror=cast-function-type -Wno-stringop-overflow, LAPACK_INFO=mkl, PERF_WITH_AVX=1, PERF_WITH_AVX2=1, PERF_WITH_AVX512=1, TORCH_DISABLE_GPU_ASSERTS=ON, TORCH_VERSION=2.0.1, USE_CUDA=ON, USE_CUDNN=ON, USE_EXCEPTION_PTR=1, USE_GFLAGS=OFF, USE_GLOG=OFF, USE_MKL=ON, USE_MKLDNN=ON, USE_MPI=OFF, USE_NCCL=1, USE_NNPACK=ON, USE_OPENMP=ON, USE_ROCM=OFF, 

[11/21 02:38:42 visual_prompt]: Command line arguments: Namespace(config_file='visual_prompt_tuning/configs/prompt/cub.yaml', train_type='prompt', opts=['MODEL.TYPE', 'vit', 'DATA.BATCH_SIZE', '32', 'MODEL.PROMPT.NUM_TOKENS', '50', 'MODEL.PROMPT.DEEP', 'True', 'MODEL.PROMPT.DROPOUT', '0.1', 'DATA.FEATURE', 'sup_vitb16_imagenet21k', 'DATA.IMGSIZE', '500', 'DATA.NAME', 'mammo-cbis', 'DATA.NUMBER_CLASSES', '2', 'DATA.CROP', 'False', 'MODEL.MODEL_ROOT', 'visual_prompt_tuning/model_root', 'DATA.DATAPATH', 'visual_prompt_tuning/data_path', 'OUTPUT_DIR', 'visual_prompt_tuning/output_dir', 'SOLVER.PATIENCE', '7', 'SOLVER.CRITERION', 'loss'])
[11/21 02:38:42 visual_prompt]: Contents of args.config_file=visual_prompt_tuning/configs/prompt/cub.yaml:
_BASE_: "../base-prompt.yaml"
RUN_N_TIMES: 1
DATA:
  NAME: "CUB"
  DATAPATH: ""  #TODO: need to specify here
  NUMBER_CLASSES: 200
  MULTILABEL: False
MODEL:
  TYPE: "vit"
SOLVER:
  BASE_LR: 0.1
  WEIGHT_DECAY: 0.01
[11/21 02:38:42 visual_prompt]: Training with config:
[11/21 02:38:42 visual_prompt]: CfgNode({'DBG': False, 'OUTPUT_DIR': 'visual_prompt_tuning/output_dir/mammo-cbis/sup_vitb16_imagenet21k/prompt50/size500/val/seed0/lr50.0_wd0.0001/patience7/run1', 'RUN_N_TIMES': 1, 'CUDNN_BENCHMARK': False, 'NUM_GPUS': 1, 'NUM_SHARDS': 1, 'SEED': 0, 'MODEL': CfgNode({'TRANSFER_TYPE': 'prompt', 'WEIGHT_PATH': '', 'SAVE_CKPT': False, 'MODEL_ROOT': 'visual_prompt_tuning/model_root', 'TYPE': 'vit', 'MLP_NUM': 0, 'LINEAR': CfgNode({'MLP_SIZES': [], 'DROPOUT': 0.1}), 'PROMPT': CfgNode({'NUM_TOKENS': 50, 'LOCATION': 'prepend', 'INITIATION': 'random', 'CLSEMB_FOLDER': '', 'CLSEMB_PATH': '', 'PROJECT': -1, 'DEEP': True, 'NUM_DEEP_LAYERS': None, 'REVERSE_DEEP': False, 'DEEP_SHARED': False, 'FORWARD_DEEP_NOEXPAND': False, 'VIT_POOL_TYPE': 'original', 'DROPOUT': 0.1, 'SAVE_FOR_EACH_EPOCH': False}), 'ADAPTER': CfgNode({'REDUCATION_FACTOR': 8, 'STYLE': 'Pfeiffer'})}), 'SOLVER': CfgNode({'LOSS': 'softmax', 'LOSS_ALPHA': 0.01, 'OPTIMIZER': 'sgd', 'MOMENTUM': 0.9, 'WEIGHT_DECAY': 0.0001, 'WEIGHT_DECAY_BIAS': 0, 'PATIENCE': 7, 'CRITERION': 'loss', 'SCHEDULER': 'cosine', 'BASE_LR': 50.0, 'BIAS_MULTIPLIER': 1.0, 'WARMUP_EPOCH': 10, 'TOTAL_EPOCH': 100, 'LOG_EVERY_N': 100, 'DBG_TRAINABLE': False}), 'DATA': CfgNode({'NAME': 'mammo-cbis', 'DATAPATH': 'visual_prompt_tuning/data_path', 'FEATURE': 'sup_vitb16_imagenet21k', 'PERCENTAGE': 1.0, 'NUMBER_CLASSES': 2, 'MULTILABEL': False, 'CLASS_WEIGHTS_TYPE': 'none', 'IMGSIZE': 500, 'CROP': False, 'NO_TEST': False, 'BATCH_SIZE': 32, 'NUM_WORKERS': 4, 'PIN_MEMORY': True})})
[11/21 02:38:42 visual_prompt]: Loading training data...
[11/21 02:38:42 visual_prompt]: Constructing mammo-cbis dataset train...
[11/21 02:38:42 visual_prompt]: Loading validation data...
[11/21 02:38:42 visual_prompt]: Constructing mammo-cbis dataset val...
[11/21 02:38:42 visual_prompt]: Constructing models...
[INFO: vit.py:  342]: load_pretrained: resized variant: torch.Size([1, 197, 768]) to torch.Size([1, 962, 768])
load_pretrained: grid-size from 14 to 31
[11/21 02:38:45 visual_prompt]: Total Parameters: 86848514	 Gradient Parameters: 462338
[11/21 02:38:45 visual_prompt]: tuned percent:0.532
[11/21 02:38:45 visual_prompt]: Device used for model: 0
[11/21 02:38:45 visual_prompt]: Setting up Evaluator...
[11/21 02:38:45 visual_prompt]: Setting up Trainer...
[11/21 02:38:45 visual_prompt]: 	Setting up the optimizer...
[11/21 02:38:45 visual_prompt]: Training 1 / 100 epoch, with learning rate 0.0
[11/21 02:46:11 visual_prompt]: Epoch 1 / 100: avg data time: 4.94e+00, avg batch time: 6.3796, average train loss: 1.4863
[11/21 02:47:02 visual_prompt]: Inference (val):avg data time: 2.84e-05, avg batch time: 0.5846, average loss: 1.4553
[11/21 02:47:02 visual_prompt]: Classification results with val_mammo-cbis: top1: 54.88	rocauc: 43.60	
[11/21 02:47:02 visual_prompt]: Training 2 / 100 epoch, with learning rate 5.0
[11/21 02:54:28 visual_prompt]: Epoch 2 / 100: avg data time: 4.92e+00, avg batch time: 6.3615, average train loss: 20.3780
[11/21 02:55:19 visual_prompt]: Inference (val):avg data time: 2.57e-05, avg batch time: 0.5860, average loss: 5.1255
[11/21 02:55:19 visual_prompt]: Classification results with val_mammo-cbis: top1: 54.88	rocauc: 59.29	
[11/21 02:55:19 visual_prompt]: Training 3 / 100 epoch, with learning rate 10.0
[11/21 03:02:45 visual_prompt]: Epoch 3 / 100: avg data time: 4.92e+00, avg batch time: 6.3717, average train loss: 22.9462
[11/21 03:03:36 visual_prompt]: Inference (val):avg data time: 2.06e-04, avg batch time: 0.5929, average loss: 23.8554
[11/21 03:03:36 visual_prompt]: Classification results with val_mammo-cbis: top1: 45.12	rocauc: 59.59	
[11/21 03:03:36 visual_prompt]: Training 4 / 100 epoch, with learning rate 15.0
[11/21 03:11:01 visual_prompt]: Epoch 4 / 100: avg data time: 4.92e+00, avg batch time: 6.3631, average train loss: 30.8549
[11/21 03:11:52 visual_prompt]: Inference (val):avg data time: 3.01e-05, avg batch time: 0.5811, average loss: 40.9484
[11/21 03:11:52 visual_prompt]: Classification results with val_mammo-cbis: top1: 54.88	rocauc: 49.05	
[11/21 03:11:52 visual_prompt]: Training 5 / 100 epoch, with learning rate 20.0
[11/21 03:19:16 visual_prompt]: Epoch 5 / 100: avg data time: 4.90e+00, avg batch time: 6.3426, average train loss: 39.4185
[11/21 03:20:08 visual_prompt]: Inference (val):avg data time: 2.49e-05, avg batch time: 0.5944, average loss: 25.5446
[11/21 03:20:08 visual_prompt]: Classification results with val_mammo-cbis: top1: 54.88	rocauc: 54.95	
[11/21 03:20:08 visual_prompt]: Training 6 / 100 epoch, with learning rate 25.0
[11/21 03:27:34 visual_prompt]: Epoch 6 / 100: avg data time: 4.94e+00, avg batch time: 6.3713, average train loss: 55.9571
[11/21 03:28:24 visual_prompt]: Inference (val):avg data time: 2.56e-05, avg batch time: 0.5840, average loss: 104.3030
[11/21 03:28:24 visual_prompt]: Classification results with val_mammo-cbis: top1: 45.12	rocauc: 58.10	
[11/21 03:28:24 visual_prompt]: Training 7 / 100 epoch, with learning rate 30.0
[11/21 03:35:49 visual_prompt]: Epoch 7 / 100: avg data time: 4.91e+00, avg batch time: 6.3473, average train loss: 45.2455
[11/21 03:36:40 visual_prompt]: Inference (val):avg data time: 2.50e-05, avg batch time: 0.5816, average loss: 79.2160
[11/21 03:36:40 visual_prompt]: Classification results with val_mammo-cbis: top1: 54.88	rocauc: 55.91	
[11/21 03:36:40 visual_prompt]: Training 8 / 100 epoch, with learning rate 35.0
[11/21 03:44:05 visual_prompt]: Epoch 8 / 100: avg data time: 4.93e+00, avg batch time: 6.3654, average train loss: 65.1711
[11/21 03:44:56 visual_prompt]: Inference (val):avg data time: 2.36e-05, avg batch time: 0.5827, average loss: 14.0736
[11/21 03:44:56 visual_prompt]: Classification results with val_mammo-cbis: top1: 45.12	rocauc: 45.57	
[11/21 03:44:56 visual_prompt]: Training 9 / 100 epoch, with learning rate 40.0
[11/21 03:52:22 visual_prompt]: Epoch 9 / 100: avg data time: 4.92e+00, avg batch time: 6.3618, average train loss: 54.6180
[11/21 03:53:12 visual_prompt]: Inference (val):avg data time: 2.73e-05, avg batch time: 0.5862, average loss: 82.0216
[11/21 03:53:12 visual_prompt]: Classification results with val_mammo-cbis: top1: 54.88	rocauc: 56.68	
[11/21 03:53:12 visual_prompt]: Training 10 / 100 epoch, with learning rate 45.0
[11/21 04:00:37 visual_prompt]: Epoch 10 / 100: avg data time: 4.91e+00, avg batch time: 6.3510, average train loss: 86.8197
[11/21 04:01:28 visual_prompt]: Inference (val):avg data time: 1.07e-04, avg batch time: 0.5889, average loss: 59.5717
[11/21 04:01:28 visual_prompt]: Classification results with val_mammo-cbis: top1: 45.12	rocauc: 44.88	
[11/21 04:01:28 visual_prompt]: Training 11 / 100 epoch, with learning rate 50.0
[11/21 04:08:53 visual_prompt]: Epoch 11 / 100: avg data time: 4.93e+00, avg batch time: 6.3628, average train loss: 96.6974
[11/21 04:09:44 visual_prompt]: Inference (val):avg data time: 2.85e-05, avg batch time: 0.5877, average loss: 84.8839
[11/21 04:09:44 visual_prompt]: Classification results with val_mammo-cbis: top1: 54.88	rocauc: 51.14	
[11/21 04:09:44 visual_prompt]: Training 12 / 100 epoch, with learning rate 49.9847706754774
[11/21 04:17:08 visual_prompt]: Epoch 12 / 100: avg data time: 4.91e+00, avg batch time: 6.3402, average train loss: 110.2374
[11/21 04:17:59 visual_prompt]: Inference (val):avg data time: 2.34e-05, avg batch time: 0.5830, average loss: 40.7016
[11/21 04:17:59 visual_prompt]: Classification results with val_mammo-cbis: top1: 45.12	rocauc: 45.03	
[11/21 04:17:59 visual_prompt]: Best epoch 12: best metric: -40.702
[11/21 04:17:59 visual_prompt]: Training 13 / 100 epoch, with learning rate 49.939101256495604
[11/21 04:25:24 visual_prompt]: Epoch 13 / 100: avg data time: 4.92e+00, avg batch time: 6.3499, average train loss: 82.8512
[11/21 04:26:14 visual_prompt]: Inference (val):avg data time: 2.48e-05, avg batch time: 0.5827, average loss: 42.2964
[11/21 04:26:14 visual_prompt]: Classification results with val_mammo-cbis: top1: 54.88	rocauc: 50.54	
[11/21 04:26:14 visual_prompt]: Training 14 / 100 epoch, with learning rate 49.86304738420683
[11/21 04:33:40 visual_prompt]: Epoch 14 / 100: avg data time: 4.93e+00, avg batch time: 6.3662, average train loss: 186.6293
[11/21 04:34:31 visual_prompt]: Inference (val):avg data time: 2.45e-05, avg batch time: 0.5857, average loss: 151.4444
[11/21 04:34:31 visual_prompt]: Classification results with val_mammo-cbis: top1: 54.88	rocauc: 55.88	
[11/21 04:34:31 visual_prompt]: Training 15 / 100 epoch, with learning rate 49.75670171853926
[11/21 04:41:55 visual_prompt]: Epoch 15 / 100: avg data time: 4.90e+00, avg batch time: 6.3342, average train loss: 126.1228
[11/21 04:42:45 visual_prompt]: Inference (val):avg data time: 2.63e-05, avg batch time: 0.5826, average loss: 54.1846
[11/21 04:42:45 visual_prompt]: Classification results with val_mammo-cbis: top1: 54.88	rocauc: 43.20	
[11/21 04:42:45 visual_prompt]: Training 16 / 100 epoch, with learning rate 49.6201938253052
[11/21 04:50:09 visual_prompt]: Epoch 16 / 100: avg data time: 4.90e+00, avg batch time: 6.3355, average train loss: 77.2475
[11/21 04:51:00 visual_prompt]: Inference (val):avg data time: 2.40e-05, avg batch time: 0.5841, average loss: 147.1842
[11/21 04:51:00 visual_prompt]: Classification results with val_mammo-cbis: top1: 54.88	rocauc: 48.70	
[11/21 04:51:00 visual_prompt]: Training 17 / 100 epoch, with learning rate 49.45369001834514
[11/21 04:58:24 visual_prompt]: Epoch 17 / 100: avg data time: 4.92e+00, avg batch time: 6.3507, average train loss: 69.4608
[11/21 04:59:15 visual_prompt]: Inference (val):avg data time: 2.55e-05, avg batch time: 0.5808, average loss: 224.6104
[11/21 04:59:15 visual_prompt]: Classification results with val_mammo-cbis: top1: 54.88	rocauc: 48.21	
[11/21 04:59:15 visual_prompt]: Training 18 / 100 epoch, with learning rate 49.25739315689991
[11/21 05:06:39 visual_prompt]: Epoch 18 / 100: avg data time: 4.91e+00, avg batch time: 6.3432, average train loss: 107.6016
[11/21 05:07:30 visual_prompt]: Inference (val):avg data time: 2.65e-05, avg batch time: 0.5817, average loss: 28.3802
[11/21 05:07:30 visual_prompt]: Classification results with val_mammo-cbis: top1: 54.88	rocauc: 53.00	
[11/21 05:07:30 visual_prompt]: Best epoch 18: best metric: -28.380
[11/21 05:07:30 visual_prompt]: Training 19 / 100 epoch, with learning rate 49.03154239845797
[11/21 05:14:54 visual_prompt]: Epoch 19 / 100: avg data time: 4.91e+00, avg batch time: 6.3453, average train loss: 73.0924
[11/21 05:15:45 visual_prompt]: Inference (val):avg data time: 2.88e-05, avg batch time: 0.5837, average loss: 5.8467
[11/21 05:15:45 visual_prompt]: Classification results with val_mammo-cbis: top1: 45.12	rocauc: 48.44	
[11/21 05:15:45 visual_prompt]: Best epoch 19: best metric: -5.847
[11/21 05:15:45 visual_prompt]: Training 20 / 100 epoch, with learning rate 48.77641290737884
[11/21 05:23:11 visual_prompt]: Epoch 20 / 100: avg data time: 4.93e+00, avg batch time: 6.3622, average train loss: 92.2818
[11/21 05:24:01 visual_prompt]: Inference (val):avg data time: 2.46e-05, avg batch time: 0.5780, average loss: 147.1998
[11/21 05:24:01 visual_prompt]: Classification results with val_mammo-cbis: top1: 45.12	rocauc: 52.43	
[11/21 05:24:01 visual_prompt]: Training 21 / 100 epoch, with learning rate 48.49231551964771
[11/21 05:31:27 visual_prompt]: Epoch 21 / 100: avg data time: 4.93e+00, avg batch time: 6.3569, average train loss: 113.5255
[11/21 05:32:17 visual_prompt]: Inference (val):avg data time: 2.73e-05, avg batch time: 0.5823, average loss: 59.1547
[11/21 05:32:17 visual_prompt]: Classification results with val_mammo-cbis: top1: 54.88	rocauc: 56.86	
[11/21 05:32:17 visual_prompt]: Training 22 / 100 epoch, with learning rate 48.17959636416968
[11/21 05:39:41 visual_prompt]: Epoch 22 / 100: avg data time: 4.90e+00, avg batch time: 6.3391, average train loss: 91.3612
[11/21 05:40:32 visual_prompt]: Inference (val):avg data time: 2.81e-05, avg batch time: 0.5839, average loss: 10.5461
[11/21 05:40:32 visual_prompt]: Classification results with val_mammo-cbis: top1: 45.12	rocauc: 54.10	
[11/21 05:40:32 visual_prompt]: Training 23 / 100 epoch, with learning rate 47.83863644106502
[11/21 05:47:58 visual_prompt]: Epoch 23 / 100: avg data time: 4.94e+00, avg batch time: 6.3645, average train loss: 133.1470
[11/21 05:48:48 visual_prompt]: Inference (val):avg data time: 2.47e-05, avg batch time: 0.5861, average loss: 85.4615
[11/21 05:48:48 visual_prompt]: Classification results with val_mammo-cbis: top1: 45.12	rocauc: 51.47	
[11/21 05:48:48 visual_prompt]: Training 24 / 100 epoch, with learning rate 47.46985115747918
[11/21 05:56:13 visual_prompt]: Epoch 24 / 100: avg data time: 4.91e+00, avg batch time: 6.3455, average train loss: 80.1999
[11/21 05:57:03 visual_prompt]: Inference (val):avg data time: 2.32e-05, avg batch time: 0.5835, average loss: 3.8078
[11/21 05:57:03 visual_prompt]: Classification results with val_mammo-cbis: top1: 54.88	rocauc: 46.12	
[11/21 05:57:03 visual_prompt]: Best epoch 24: best metric: -3.808
[11/21 05:57:03 visual_prompt]: Training 25 / 100 epoch, with learning rate 47.073689821473174
[11/21 06:04:29 visual_prompt]: Epoch 25 / 100: avg data time: 4.93e+00, avg batch time: 6.3618, average train loss: 122.6318
[11/21 06:05:20 visual_prompt]: Inference (val):avg data time: 2.67e-05, avg batch time: 0.5857, average loss: 156.8054
[11/21 06:05:20 visual_prompt]: Classification results with val_mammo-cbis: top1: 54.88	rocauc: 57.67	
[11/21 06:05:20 visual_prompt]: Training 26 / 100 epoch, with learning rate 46.65063509461097
[11/21 06:12:44 visual_prompt]: Epoch 26 / 100: avg data time: 4.91e+00, avg batch time: 6.3452, average train loss: 93.7701
[11/21 06:13:35 visual_prompt]: Inference (val):avg data time: 2.31e-05, avg batch time: 0.5823, average loss: 10.4415
[11/21 06:13:35 visual_prompt]: Classification results with val_mammo-cbis: top1: 54.88	rocauc: 48.47	
[11/21 06:13:35 visual_prompt]: Training 27 / 100 epoch, with learning rate 46.20120240391065
[11/21 06:20:59 visual_prompt]: Epoch 27 / 100: avg data time: 4.91e+00, avg batch time: 6.3438, average train loss: 93.0354
[11/21 06:21:50 visual_prompt]: Inference (val):avg data time: 2.37e-05, avg batch time: 0.5866, average loss: 173.7292
[11/21 06:21:50 visual_prompt]: Classification results with val_mammo-cbis: top1: 54.88	rocauc: 46.06	
[11/21 06:21:50 visual_prompt]: Training 28 / 100 epoch, with learning rate 45.72593931387604
[11/21 06:29:15 visual_prompt]: Epoch 28 / 100: avg data time: 4.93e+00, avg batch time: 6.3639, average train loss: 98.3128
[11/21 06:30:06 visual_prompt]: Inference (val):avg data time: 2.69e-05, avg batch time: 0.5843, average loss: 115.2049
[11/21 06:30:06 visual_prompt]: Classification results with val_mammo-cbis: top1: 54.88	rocauc: 47.74	
[11/21 06:30:06 visual_prompt]: Training 29 / 100 epoch, with learning rate 45.22542485937369
[11/21 06:37:32 visual_prompt]: Epoch 29 / 100: avg data time: 4.92e+00, avg batch time: 6.3665, average train loss: 92.3197
[11/21 06:38:23 visual_prompt]: Inference (val):avg data time: 1.72e-04, avg batch time: 0.5865, average loss: 208.0735
[11/21 06:38:23 visual_prompt]: Classification results with val_mammo-cbis: top1: 54.88	rocauc: 55.10	
[11/21 06:38:23 visual_prompt]: Training 30 / 100 epoch, with learning rate 44.70026884016804
[11/21 06:45:48 visual_prompt]: Epoch 30 / 100: avg data time: 4.93e+00, avg batch time: 6.3602, average train loss: 117.8638
[11/21 06:46:39 visual_prompt]: Inference (val):avg data time: 2.42e-05, avg batch time: 0.5901, average loss: 151.8972
[11/21 06:46:39 visual_prompt]: Classification results with val_mammo-cbis: top1: 45.12	rocauc: 46.73	
[11/21 06:46:39 visual_prompt]: Training 31 / 100 epoch, with learning rate 44.15111107797445
[11/21 06:54:03 visual_prompt]: Epoch 31 / 100: avg data time: 4.91e+00, avg batch time: 6.3432, average train loss: 136.5047
[11/21 06:54:54 visual_prompt]: Inference (val):avg data time: 2.58e-05, avg batch time: 0.5803, average loss: 18.3430
[11/21 06:54:54 visual_prompt]: Classification results with val_mammo-cbis: top1: 54.88	rocauc: 48.27	
[11/21 06:54:54 visual_prompt]: Stopping early.
[11/21 06:54:54 visual_prompt]: Rank of current process: 0. World size: 1
[11/21 06:54:54 visual_prompt]: Environment info:
-------------------  -------------------------------------------------
Python               3.11.5 (main, Sep 11 2023, 13:54:46) [GCC 11.2.0]
ENV_MODULE           <not set>
PyTorch              2.0.1+cu118
PyTorch Debug Build  False
CUDA available       True
CUDA ID              0
GPU 0                NVIDIA A40
Pillow               9.3.0
cv2                  4.8.0
-------------------  -------------------------------------------------
PyTorch built with:
  - GCC 9.3
  - C++ Version: 201703
  - Intel(R) oneAPI Math Kernel Library Version 2022.2-Product Build 20220804 for Intel(R) 64 architecture applications
  - Intel(R) MKL-DNN v2.7.3 (Git Hash 6dbeffbae1f23cbbeae17adb7b5b13f1f37c080e)
  - OpenMP 201511 (a.k.a. OpenMP 4.5)
  - LAPACK is enabled (usually provided by MKL)
  - NNPACK is enabled
  - CPU capability usage: AVX2
  - CUDA Runtime 11.8
  - NVCC architecture flags: -gencode;arch=compute_37,code=sm_37;-gencode;arch=compute_50,code=sm_50;-gencode;arch=compute_60,code=sm_60;-gencode;arch=compute_70,code=sm_70;-gencode;arch=compute_75,code=sm_75;-gencode;arch=compute_80,code=sm_80;-gencode;arch=compute_86,code=sm_86;-gencode;arch=compute_90,code=sm_90
  - CuDNN 8.7
  - Magma 2.6.1
  - Build settings: BLAS_INFO=mkl, BUILD_TYPE=Release, CUDA_VERSION=11.8, CUDNN_VERSION=8.7.0, CXX_COMPILER=/opt/rh/devtoolset-9/root/usr/bin/c++, CXX_FLAGS= -D_GLIBCXX_USE_CXX11_ABI=0 -fabi-version=11 -Wno-deprecated -fvisibility-inlines-hidden -DUSE_PTHREADPOOL -DNDEBUG -DUSE_KINETO -DLIBKINETO_NOROCTRACER -DUSE_FBGEMM -DUSE_QNNPACK -DUSE_PYTORCH_QNNPACK -DUSE_XNNPACK -DSYMBOLICATE_MOBILE_DEBUG_HANDLE -O2 -fPIC -Wall -Wextra -Werror=return-type -Werror=non-virtual-dtor -Werror=bool-operation -Wnarrowing -Wno-missing-field-initializers -Wno-type-limits -Wno-array-bounds -Wno-unknown-pragmas -Wunused-local-typedefs -Wno-unused-parameter -Wno-unused-function -Wno-unused-result -Wno-strict-overflow -Wno-strict-aliasing -Wno-error=deprecated-declarations -Wno-stringop-overflow -Wno-psabi -Wno-error=pedantic -Wno-error=redundant-decls -Wno-error=old-style-cast -fdiagnostics-color=always -faligned-new -Wno-unused-but-set-variable -Wno-maybe-uninitialized -fno-math-errno -fno-trapping-math -Werror=format -Werror=cast-function-type -Wno-stringop-overflow, LAPACK_INFO=mkl, PERF_WITH_AVX=1, PERF_WITH_AVX2=1, PERF_WITH_AVX512=1, TORCH_DISABLE_GPU_ASSERTS=ON, TORCH_VERSION=2.0.1, USE_CUDA=ON, USE_CUDNN=ON, USE_EXCEPTION_PTR=1, USE_GFLAGS=OFF, USE_GLOG=OFF, USE_MKL=ON, USE_MKLDNN=ON, USE_MPI=OFF, USE_NCCL=1, USE_NNPACK=ON, USE_OPENMP=ON, USE_ROCM=OFF, 

[11/21 06:54:54 visual_prompt]: Command line arguments: Namespace(config_file='visual_prompt_tuning/configs/prompt/cub.yaml', train_type='prompt', opts=['MODEL.TYPE', 'vit', 'DATA.BATCH_SIZE', '32', 'MODEL.PROMPT.NUM_TOKENS', '50', 'MODEL.PROMPT.DEEP', 'True', 'MODEL.PROMPT.DROPOUT', '0.1', 'DATA.FEATURE', 'sup_vitb16_imagenet21k', 'DATA.IMGSIZE', '500', 'DATA.NAME', 'mammo-cbis', 'DATA.NUMBER_CLASSES', '2', 'DATA.CROP', 'False', 'MODEL.MODEL_ROOT', 'visual_prompt_tuning/model_root', 'DATA.DATAPATH', 'visual_prompt_tuning/data_path', 'OUTPUT_DIR', 'visual_prompt_tuning/output_dir', 'SOLVER.PATIENCE', '7', 'SOLVER.CRITERION', 'loss'])
[11/21 06:54:54 visual_prompt]: Contents of args.config_file=visual_prompt_tuning/configs/prompt/cub.yaml:
_BASE_: "../base-prompt.yaml"
RUN_N_TIMES: 1
DATA:
  NAME: "CUB"
  DATAPATH: ""  #TODO: need to specify here
  NUMBER_CLASSES: 200
  MULTILABEL: False
MODEL:
  TYPE: "vit"
SOLVER:
  BASE_LR: 0.1
  WEIGHT_DECAY: 0.01
[11/21 06:54:54 visual_prompt]: Training with config:
[11/21 06:54:54 visual_prompt]: CfgNode({'DBG': False, 'OUTPUT_DIR': 'visual_prompt_tuning/output_dir/mammo-cbis/sup_vitb16_imagenet21k/prompt50/size500/val/seed0/lr50.0_wd0.0/patience7/run1', 'RUN_N_TIMES': 1, 'CUDNN_BENCHMARK': False, 'NUM_GPUS': 1, 'NUM_SHARDS': 1, 'SEED': 0, 'MODEL': CfgNode({'TRANSFER_TYPE': 'prompt', 'WEIGHT_PATH': '', 'SAVE_CKPT': False, 'MODEL_ROOT': 'visual_prompt_tuning/model_root', 'TYPE': 'vit', 'MLP_NUM': 0, 'LINEAR': CfgNode({'MLP_SIZES': [], 'DROPOUT': 0.1}), 'PROMPT': CfgNode({'NUM_TOKENS': 50, 'LOCATION': 'prepend', 'INITIATION': 'random', 'CLSEMB_FOLDER': '', 'CLSEMB_PATH': '', 'PROJECT': -1, 'DEEP': True, 'NUM_DEEP_LAYERS': None, 'REVERSE_DEEP': False, 'DEEP_SHARED': False, 'FORWARD_DEEP_NOEXPAND': False, 'VIT_POOL_TYPE': 'original', 'DROPOUT': 0.1, 'SAVE_FOR_EACH_EPOCH': False}), 'ADAPTER': CfgNode({'REDUCATION_FACTOR': 8, 'STYLE': 'Pfeiffer'})}), 'SOLVER': CfgNode({'LOSS': 'softmax', 'LOSS_ALPHA': 0.01, 'OPTIMIZER': 'sgd', 'MOMENTUM': 0.9, 'WEIGHT_DECAY': 0.0, 'WEIGHT_DECAY_BIAS': 0, 'PATIENCE': 7, 'CRITERION': 'loss', 'SCHEDULER': 'cosine', 'BASE_LR': 50.0, 'BIAS_MULTIPLIER': 1.0, 'WARMUP_EPOCH': 10, 'TOTAL_EPOCH': 100, 'LOG_EVERY_N': 100, 'DBG_TRAINABLE': False}), 'DATA': CfgNode({'NAME': 'mammo-cbis', 'DATAPATH': 'visual_prompt_tuning/data_path', 'FEATURE': 'sup_vitb16_imagenet21k', 'PERCENTAGE': 1.0, 'NUMBER_CLASSES': 2, 'MULTILABEL': False, 'CLASS_WEIGHTS_TYPE': 'none', 'IMGSIZE': 500, 'CROP': False, 'NO_TEST': False, 'BATCH_SIZE': 32, 'NUM_WORKERS': 4, 'PIN_MEMORY': True})})
[11/21 06:54:54 visual_prompt]: Loading training data...
[11/21 06:54:54 visual_prompt]: Constructing mammo-cbis dataset train...
[11/21 06:54:54 visual_prompt]: Loading validation data...
[11/21 06:54:54 visual_prompt]: Constructing mammo-cbis dataset val...
[11/21 06:54:54 visual_prompt]: Constructing models...
[INFO: vit.py:  342]: load_pretrained: resized variant: torch.Size([1, 197, 768]) to torch.Size([1, 962, 768])
load_pretrained: grid-size from 14 to 31
[11/21 06:54:57 visual_prompt]: Total Parameters: 86848514	 Gradient Parameters: 462338
[11/21 06:54:57 visual_prompt]: tuned percent:0.532
[11/21 06:54:57 visual_prompt]: Device used for model: 0
[11/21 06:54:57 visual_prompt]: Setting up Evaluator...
[11/21 06:54:57 visual_prompt]: Setting up Trainer...
[11/21 06:54:57 visual_prompt]: 	Setting up the optimizer...
[11/21 06:54:57 visual_prompt]: Training 1 / 100 epoch, with learning rate 0.0
[11/21 07:02:23 visual_prompt]: Epoch 1 / 100: avg data time: 4.94e+00, avg batch time: 6.3812, average train loss: 1.4863
[11/21 07:03:14 visual_prompt]: Inference (val):avg data time: 2.55e-05, avg batch time: 0.5839, average loss: 1.4553
[11/21 07:03:14 visual_prompt]: Classification results with val_mammo-cbis: top1: 54.88	rocauc: 43.60	
[11/21 07:03:14 visual_prompt]: Training 2 / 100 epoch, with learning rate 5.0
[11/21 07:10:40 visual_prompt]: Epoch 2 / 100: avg data time: 4.93e+00, avg batch time: 6.3642, average train loss: 18.7267
[11/21 07:11:31 visual_prompt]: Inference (val):avg data time: 2.56e-05, avg batch time: 0.5827, average loss: 23.8607
[11/21 07:11:31 visual_prompt]: Classification results with val_mammo-cbis: top1: 54.88	rocauc: 48.63	
[11/21 07:11:31 visual_prompt]: Training 3 / 100 epoch, with learning rate 10.0
[11/21 07:18:57 visual_prompt]: Epoch 3 / 100: avg data time: 4.92e+00, avg batch time: 6.3665, average train loss: 27.0763
[11/21 07:19:48 visual_prompt]: Inference (val):avg data time: 1.60e-04, avg batch time: 0.5944, average loss: 39.5016
[11/21 07:19:48 visual_prompt]: Classification results with val_mammo-cbis: top1: 45.12	rocauc: 48.12	
[11/21 07:19:48 visual_prompt]: Training 4 / 100 epoch, with learning rate 15.0
[11/21 07:27:13 visual_prompt]: Epoch 4 / 100: avg data time: 4.92e+00, avg batch time: 6.3502, average train loss: 57.2564
[11/21 07:28:04 visual_prompt]: Inference (val):avg data time: 2.73e-05, avg batch time: 0.5854, average loss: 68.3047
[11/21 07:28:04 visual_prompt]: Classification results with val_mammo-cbis: top1: 54.88	rocauc: 52.11	
[11/21 07:28:04 visual_prompt]: Training 5 / 100 epoch, with learning rate 20.0
[11/21 07:35:29 visual_prompt]: Epoch 5 / 100: avg data time: 4.92e+00, avg batch time: 6.3664, average train loss: 41.7823
[11/21 07:36:20 visual_prompt]: Inference (val):avg data time: 2.79e-05, avg batch time: 0.5843, average loss: 11.4361
[11/21 07:36:20 visual_prompt]: Classification results with val_mammo-cbis: top1: 45.12	rocauc: 55.89	
[11/21 07:36:20 visual_prompt]: Training 6 / 100 epoch, with learning rate 25.0
[11/21 07:43:46 visual_prompt]: Epoch 6 / 100: avg data time: 4.94e+00, avg batch time: 6.3759, average train loss: 46.3878
[11/21 07:44:37 visual_prompt]: Inference (val):avg data time: 2.71e-05, avg batch time: 0.5828, average loss: 47.0229
[11/21 07:44:37 visual_prompt]: Classification results with val_mammo-cbis: top1: 54.88	rocauc: 55.44	
[11/21 07:44:37 visual_prompt]: Training 7 / 100 epoch, with learning rate 30.0
[11/21 07:52:02 visual_prompt]: Epoch 7 / 100: avg data time: 4.92e+00, avg batch time: 6.3557, average train loss: 49.5998
[11/21 07:52:53 visual_prompt]: Inference (val):avg data time: 2.56e-05, avg batch time: 0.5810, average loss: 149.5717
[11/21 07:52:53 visual_prompt]: Classification results with val_mammo-cbis: top1: 54.88	rocauc: 53.98	
[11/21 07:52:53 visual_prompt]: Training 8 / 100 epoch, with learning rate 35.0
[11/21 08:00:19 visual_prompt]: Epoch 8 / 100: avg data time: 4.93e+00, avg batch time: 6.3697, average train loss: 78.7175
[11/21 08:01:10 visual_prompt]: Inference (val):avg data time: 2.78e-05, avg batch time: 0.5830, average loss: 57.6138
[11/21 08:01:10 visual_prompt]: Classification results with val_mammo-cbis: top1: 54.88	rocauc: 57.23	
[11/21 08:01:10 visual_prompt]: Training 9 / 100 epoch, with learning rate 40.0
[11/21 08:08:35 visual_prompt]: Epoch 9 / 100: avg data time: 4.93e+00, avg batch time: 6.3621, average train loss: 46.2650
[11/21 08:09:26 visual_prompt]: Inference (val):avg data time: 2.62e-05, avg batch time: 0.5839, average loss: 84.5307
[11/21 08:09:26 visual_prompt]: Classification results with val_mammo-cbis: top1: 54.88	rocauc: 57.37	
[11/21 08:09:26 visual_prompt]: Training 10 / 100 epoch, with learning rate 45.0
[11/21 08:16:52 visual_prompt]: Epoch 10 / 100: avg data time: 4.93e+00, avg batch time: 6.3593, average train loss: 92.3278
[11/21 08:17:42 visual_prompt]: Inference (val):avg data time: 2.59e-05, avg batch time: 0.5877, average loss: 27.6195
[11/21 08:17:42 visual_prompt]: Classification results with val_mammo-cbis: top1: 45.12	rocauc: 55.81	
[11/21 08:17:42 visual_prompt]: Training 11 / 100 epoch, with learning rate 50.0
[11/21 08:25:07 visual_prompt]: Epoch 11 / 100: avg data time: 4.93e+00, avg batch time: 6.3556, average train loss: 122.7208
[11/21 08:25:58 visual_prompt]: Inference (val):avg data time: 2.31e-05, avg batch time: 0.5811, average loss: 6.6309
[11/21 08:25:58 visual_prompt]: Classification results with val_mammo-cbis: top1: 54.88	rocauc: 57.26	
[11/21 08:25:58 visual_prompt]: Training 12 / 100 epoch, with learning rate 49.9847706754774
[11/21 08:33:23 visual_prompt]: Epoch 12 / 100: avg data time: 4.92e+00, avg batch time: 6.3514, average train loss: 94.4580
[11/21 08:34:14 visual_prompt]: Inference (val):avg data time: 2.92e-05, avg batch time: 0.5818, average loss: 44.9683
[11/21 08:34:14 visual_prompt]: Classification results with val_mammo-cbis: top1: 45.12	rocauc: 53.02	
[11/21 08:34:14 visual_prompt]: Training 13 / 100 epoch, with learning rate 49.939101256495604
[11/21 08:41:26 visual_prompt]: Epoch 13 / 100: avg data time: 4.74e+00, avg batch time: 6.1721, average train loss: 119.3497
[11/21 08:42:15 visual_prompt]: Inference (val):avg data time: 2.36e-05, avg batch time: 0.5820, average loss: 8.7367
[11/21 08:42:15 visual_prompt]: Classification results with val_mammo-cbis: top1: 45.12	rocauc: 58.11	
[11/21 08:42:15 visual_prompt]: Training 14 / 100 epoch, with learning rate 49.86304738420683
[11/21 08:49:21 visual_prompt]: Epoch 14 / 100: avg data time: 4.65e+00, avg batch time: 6.0782, average train loss: 87.4063
[11/21 08:50:09 visual_prompt]: Inference (val):avg data time: 2.36e-05, avg batch time: 0.5839, average loss: 76.1077
[11/21 08:50:09 visual_prompt]: Classification results with val_mammo-cbis: top1: 45.12	rocauc: 57.35	
[11/21 08:50:09 visual_prompt]: Training 15 / 100 epoch, with learning rate 49.75670171853926
[11/21 08:57:14 visual_prompt]: Epoch 15 / 100: avg data time: 4.63e+00, avg batch time: 6.0662, average train loss: 51.3531
[11/21 08:58:02 visual_prompt]: Inference (val):avg data time: 2.52e-05, avg batch time: 0.5854, average loss: 67.2423
[11/21 08:58:02 visual_prompt]: Classification results with val_mammo-cbis: top1: 45.12	rocauc: 56.65	
[11/21 08:58:02 visual_prompt]: Training 16 / 100 epoch, with learning rate 49.6201938253052
[11/21 09:05:06 visual_prompt]: Epoch 16 / 100: avg data time: 4.62e+00, avg batch time: 6.0567, average train loss: 78.9950
[11/21 09:05:55 visual_prompt]: Inference (val):avg data time: 2.29e-05, avg batch time: 0.5823, average loss: 27.0773
[11/21 09:05:55 visual_prompt]: Classification results with val_mammo-cbis: top1: 54.88	rocauc: 58.69	
[11/21 09:05:55 visual_prompt]: Training 17 / 100 epoch, with learning rate 49.45369001834514
[11/21 09:13:01 visual_prompt]: Epoch 17 / 100: avg data time: 4.64e+00, avg batch time: 6.0811, average train loss: 26.5004
[11/21 09:13:50 visual_prompt]: Inference (val):avg data time: 2.43e-05, avg batch time: 0.5824, average loss: 108.9821
[11/21 09:13:50 visual_prompt]: Classification results with val_mammo-cbis: top1: 54.88	rocauc: 58.59	
[11/21 09:13:50 visual_prompt]: Training 18 / 100 epoch, with learning rate 49.25739315689991
[11/21 09:20:54 visual_prompt]: Epoch 18 / 100: avg data time: 4.63e+00, avg batch time: 6.0634, average train loss: 62.2150
[11/21 09:21:43 visual_prompt]: Inference (val):avg data time: 2.57e-05, avg batch time: 0.5832, average loss: 8.0574
[11/21 09:21:43 visual_prompt]: Classification results with val_mammo-cbis: top1: 54.88	rocauc: 56.43	
[11/21 09:21:43 visual_prompt]: Stopping early.
[11/21 09:21:43 visual_prompt]: Rank of current process: 0. World size: 1
[11/21 09:21:43 visual_prompt]: Environment info:
-------------------  -------------------------------------------------
Python               3.11.5 (main, Sep 11 2023, 13:54:46) [GCC 11.2.0]
ENV_MODULE           <not set>
PyTorch              2.0.1+cu118
PyTorch Debug Build  False
CUDA available       True
CUDA ID              0
GPU 0                NVIDIA A40
Pillow               9.3.0
cv2                  4.8.0
-------------------  -------------------------------------------------
PyTorch built with:
  - GCC 9.3
  - C++ Version: 201703
  - Intel(R) oneAPI Math Kernel Library Version 2022.2-Product Build 20220804 for Intel(R) 64 architecture applications
  - Intel(R) MKL-DNN v2.7.3 (Git Hash 6dbeffbae1f23cbbeae17adb7b5b13f1f37c080e)
  - OpenMP 201511 (a.k.a. OpenMP 4.5)
  - LAPACK is enabled (usually provided by MKL)
  - NNPACK is enabled
  - CPU capability usage: AVX2
  - CUDA Runtime 11.8
  - NVCC architecture flags: -gencode;arch=compute_37,code=sm_37;-gencode;arch=compute_50,code=sm_50;-gencode;arch=compute_60,code=sm_60;-gencode;arch=compute_70,code=sm_70;-gencode;arch=compute_75,code=sm_75;-gencode;arch=compute_80,code=sm_80;-gencode;arch=compute_86,code=sm_86;-gencode;arch=compute_90,code=sm_90
  - CuDNN 8.7
  - Magma 2.6.1
  - Build settings: BLAS_INFO=mkl, BUILD_TYPE=Release, CUDA_VERSION=11.8, CUDNN_VERSION=8.7.0, CXX_COMPILER=/opt/rh/devtoolset-9/root/usr/bin/c++, CXX_FLAGS= -D_GLIBCXX_USE_CXX11_ABI=0 -fabi-version=11 -Wno-deprecated -fvisibility-inlines-hidden -DUSE_PTHREADPOOL -DNDEBUG -DUSE_KINETO -DLIBKINETO_NOROCTRACER -DUSE_FBGEMM -DUSE_QNNPACK -DUSE_PYTORCH_QNNPACK -DUSE_XNNPACK -DSYMBOLICATE_MOBILE_DEBUG_HANDLE -O2 -fPIC -Wall -Wextra -Werror=return-type -Werror=non-virtual-dtor -Werror=bool-operation -Wnarrowing -Wno-missing-field-initializers -Wno-type-limits -Wno-array-bounds -Wno-unknown-pragmas -Wunused-local-typedefs -Wno-unused-parameter -Wno-unused-function -Wno-unused-result -Wno-strict-overflow -Wno-strict-aliasing -Wno-error=deprecated-declarations -Wno-stringop-overflow -Wno-psabi -Wno-error=pedantic -Wno-error=redundant-decls -Wno-error=old-style-cast -fdiagnostics-color=always -faligned-new -Wno-unused-but-set-variable -Wno-maybe-uninitialized -fno-math-errno -fno-trapping-math -Werror=format -Werror=cast-function-type -Wno-stringop-overflow, LAPACK_INFO=mkl, PERF_WITH_AVX=1, PERF_WITH_AVX2=1, PERF_WITH_AVX512=1, TORCH_DISABLE_GPU_ASSERTS=ON, TORCH_VERSION=2.0.1, USE_CUDA=ON, USE_CUDNN=ON, USE_EXCEPTION_PTR=1, USE_GFLAGS=OFF, USE_GLOG=OFF, USE_MKL=ON, USE_MKLDNN=ON, USE_MPI=OFF, USE_NCCL=1, USE_NNPACK=ON, USE_OPENMP=ON, USE_ROCM=OFF, 

[11/21 09:21:43 visual_prompt]: Command line arguments: Namespace(config_file='visual_prompt_tuning/configs/prompt/cub.yaml', train_type='prompt', opts=['MODEL.TYPE', 'vit', 'DATA.BATCH_SIZE', '32', 'MODEL.PROMPT.NUM_TOKENS', '50', 'MODEL.PROMPT.DEEP', 'True', 'MODEL.PROMPT.DROPOUT', '0.1', 'DATA.FEATURE', 'sup_vitb16_imagenet21k', 'DATA.IMGSIZE', '500', 'DATA.NAME', 'mammo-cbis', 'DATA.NUMBER_CLASSES', '2', 'DATA.CROP', 'False', 'MODEL.MODEL_ROOT', 'visual_prompt_tuning/model_root', 'DATA.DATAPATH', 'visual_prompt_tuning/data_path', 'OUTPUT_DIR', 'visual_prompt_tuning/output_dir', 'SOLVER.PATIENCE', '7', 'SOLVER.CRITERION', 'loss'])
[11/21 09:21:43 visual_prompt]: Contents of args.config_file=visual_prompt_tuning/configs/prompt/cub.yaml:
_BASE_: "../base-prompt.yaml"
RUN_N_TIMES: 1
DATA:
  NAME: "CUB"
  DATAPATH: ""  #TODO: need to specify here
  NUMBER_CLASSES: 200
  MULTILABEL: False
MODEL:
  TYPE: "vit"
SOLVER:
  BASE_LR: 0.1
  WEIGHT_DECAY: 0.01
[11/21 09:21:43 visual_prompt]: Training with config:
[11/21 09:21:43 visual_prompt]: CfgNode({'DBG': False, 'OUTPUT_DIR': 'visual_prompt_tuning/output_dir/mammo-cbis/sup_vitb16_imagenet21k/prompt50/size500/val/seed0/lr25.0_wd0.01/patience7/run1', 'RUN_N_TIMES': 1, 'CUDNN_BENCHMARK': False, 'NUM_GPUS': 1, 'NUM_SHARDS': 1, 'SEED': 0, 'MODEL': CfgNode({'TRANSFER_TYPE': 'prompt', 'WEIGHT_PATH': '', 'SAVE_CKPT': False, 'MODEL_ROOT': 'visual_prompt_tuning/model_root', 'TYPE': 'vit', 'MLP_NUM': 0, 'LINEAR': CfgNode({'MLP_SIZES': [], 'DROPOUT': 0.1}), 'PROMPT': CfgNode({'NUM_TOKENS': 50, 'LOCATION': 'prepend', 'INITIATION': 'random', 'CLSEMB_FOLDER': '', 'CLSEMB_PATH': '', 'PROJECT': -1, 'DEEP': True, 'NUM_DEEP_LAYERS': None, 'REVERSE_DEEP': False, 'DEEP_SHARED': False, 'FORWARD_DEEP_NOEXPAND': False, 'VIT_POOL_TYPE': 'original', 'DROPOUT': 0.1, 'SAVE_FOR_EACH_EPOCH': False}), 'ADAPTER': CfgNode({'REDUCATION_FACTOR': 8, 'STYLE': 'Pfeiffer'})}), 'SOLVER': CfgNode({'LOSS': 'softmax', 'LOSS_ALPHA': 0.01, 'OPTIMIZER': 'sgd', 'MOMENTUM': 0.9, 'WEIGHT_DECAY': 0.01, 'WEIGHT_DECAY_BIAS': 0, 'PATIENCE': 7, 'CRITERION': 'loss', 'SCHEDULER': 'cosine', 'BASE_LR': 25.0, 'BIAS_MULTIPLIER': 1.0, 'WARMUP_EPOCH': 10, 'TOTAL_EPOCH': 100, 'LOG_EVERY_N': 100, 'DBG_TRAINABLE': False}), 'DATA': CfgNode({'NAME': 'mammo-cbis', 'DATAPATH': 'visual_prompt_tuning/data_path', 'FEATURE': 'sup_vitb16_imagenet21k', 'PERCENTAGE': 1.0, 'NUMBER_CLASSES': 2, 'MULTILABEL': False, 'CLASS_WEIGHTS_TYPE': 'none', 'IMGSIZE': 500, 'CROP': False, 'NO_TEST': False, 'BATCH_SIZE': 32, 'NUM_WORKERS': 4, 'PIN_MEMORY': True})})
[11/21 09:21:43 visual_prompt]: Loading training data...
[11/21 09:21:43 visual_prompt]: Constructing mammo-cbis dataset train...
[11/21 09:21:43 visual_prompt]: Loading validation data...
[11/21 09:21:43 visual_prompt]: Constructing mammo-cbis dataset val...
[11/21 09:21:43 visual_prompt]: Constructing models...
[INFO: vit.py:  342]: load_pretrained: resized variant: torch.Size([1, 197, 768]) to torch.Size([1, 962, 768])
load_pretrained: grid-size from 14 to 31
[11/21 09:21:46 visual_prompt]: Total Parameters: 86848514	 Gradient Parameters: 462338
[11/21 09:21:46 visual_prompt]: tuned percent:0.532
[11/21 09:21:46 visual_prompt]: Device used for model: 0
[11/21 09:21:46 visual_prompt]: Setting up Evaluator...
[11/21 09:21:46 visual_prompt]: Setting up Trainer...
[11/21 09:21:46 visual_prompt]: 	Setting up the optimizer...
[11/21 09:21:46 visual_prompt]: Training 1 / 100 epoch, with learning rate 0.0
[11/21 09:28:54 visual_prompt]: Epoch 1 / 100: avg data time: 4.67e+00, avg batch time: 6.1155, average train loss: 1.4863
[11/21 09:29:42 visual_prompt]: Inference (val):avg data time: 2.66e-05, avg batch time: 0.5833, average loss: 1.4553
[11/21 09:29:42 visual_prompt]: Classification results with val_mammo-cbis: top1: 54.88	rocauc: 43.60	
[11/21 09:29:42 visual_prompt]: Training 2 / 100 epoch, with learning rate 2.5
[11/21 09:36:48 visual_prompt]: Epoch 2 / 100: avg data time: 4.64e+00, avg batch time: 6.0800, average train loss: 9.2644
[11/21 09:37:36 visual_prompt]: Inference (val):avg data time: 2.71e-05, avg batch time: 0.5811, average loss: 7.2979
[11/21 09:37:36 visual_prompt]: Classification results with val_mammo-cbis: top1: 54.88	rocauc: 42.57	
[11/21 09:37:36 visual_prompt]: Training 3 / 100 epoch, with learning rate 5.0
[11/21 09:44:42 visual_prompt]: Epoch 3 / 100: avg data time: 4.64e+00, avg batch time: 6.0846, average train loss: 11.8082
[11/21 09:45:31 visual_prompt]: Inference (val):avg data time: 2.30e-05, avg batch time: 0.5831, average loss: 17.2598
[11/21 09:45:31 visual_prompt]: Classification results with val_mammo-cbis: top1: 45.12	rocauc: 46.68	
[11/21 09:45:31 visual_prompt]: Training 4 / 100 epoch, with learning rate 7.5
[11/21 09:52:35 visual_prompt]: Epoch 4 / 100: avg data time: 4.62e+00, avg batch time: 6.0612, average train loss: 15.7340
[11/21 09:53:24 visual_prompt]: Inference (val):avg data time: 2.54e-05, avg batch time: 0.5831, average loss: 6.6949
[11/21 09:53:24 visual_prompt]: Classification results with val_mammo-cbis: top1: 45.12	rocauc: 54.09	
[11/21 09:53:24 visual_prompt]: Training 5 / 100 epoch, with learning rate 10.0
[11/21 10:00:29 visual_prompt]: Epoch 5 / 100: avg data time: 4.62e+00, avg batch time: 6.0695, average train loss: 21.7801
[11/21 10:01:17 visual_prompt]: Inference (val):avg data time: 2.23e-05, avg batch time: 0.5834, average loss: 60.4453
[11/21 10:01:17 visual_prompt]: Classification results with val_mammo-cbis: top1: 54.88	rocauc: 50.72	
[11/21 10:01:17 visual_prompt]: Training 6 / 100 epoch, with learning rate 12.5
[11/21 10:08:24 visual_prompt]: Epoch 6 / 100: avg data time: 4.66e+00, avg batch time: 6.0961, average train loss: 39.3944
[11/21 10:09:13 visual_prompt]: Inference (val):avg data time: 2.49e-05, avg batch time: 0.5865, average loss: 56.8249
[11/21 10:09:13 visual_prompt]: Classification results with val_mammo-cbis: top1: 45.12	rocauc: 39.45	
[11/21 10:09:13 visual_prompt]: Training 7 / 100 epoch, with learning rate 15.0
[11/21 10:16:17 visual_prompt]: Epoch 7 / 100: avg data time: 4.62e+00, avg batch time: 6.0574, average train loss: 41.5170
[11/21 10:17:06 visual_prompt]: Inference (val):avg data time: 2.55e-05, avg batch time: 0.5838, average loss: 13.9227
[11/21 10:17:06 visual_prompt]: Classification results with val_mammo-cbis: top1: 54.88	rocauc: 48.53	
[11/21 10:17:06 visual_prompt]: Training 8 / 100 epoch, with learning rate 17.5
[11/21 10:24:11 visual_prompt]: Epoch 8 / 100: avg data time: 4.64e+00, avg batch time: 6.0796, average train loss: 50.4916
[11/21 10:25:00 visual_prompt]: Inference (val):avg data time: 2.36e-05, avg batch time: 0.5842, average loss: 110.5232
[11/21 10:25:00 visual_prompt]: Classification results with val_mammo-cbis: top1: 54.88	rocauc: 53.89	
[11/21 10:25:00 visual_prompt]: Training 9 / 100 epoch, with learning rate 20.0
[11/21 10:32:06 visual_prompt]: Epoch 9 / 100: avg data time: 4.64e+00, avg batch time: 6.0771, average train loss: 91.9525
[11/21 10:32:54 visual_prompt]: Inference (val):avg data time: 2.26e-05, avg batch time: 0.5809, average loss: 244.2756
[11/21 10:32:54 visual_prompt]: Classification results with val_mammo-cbis: top1: 45.12	rocauc: 53.05	
[11/21 10:32:54 visual_prompt]: Training 10 / 100 epoch, with learning rate 22.5
[11/21 10:39:59 visual_prompt]: Epoch 10 / 100: avg data time: 4.64e+00, avg batch time: 6.0740, average train loss: 66.3340
[11/21 10:40:48 visual_prompt]: Inference (val):avg data time: 2.86e-05, avg batch time: 0.5829, average loss: 11.5450
[11/21 10:40:48 visual_prompt]: Classification results with val_mammo-cbis: top1: 54.88	rocauc: 55.45	
[11/21 10:40:48 visual_prompt]: Training 11 / 100 epoch, with learning rate 25.0
[11/21 10:47:54 visual_prompt]: Epoch 11 / 100: avg data time: 4.64e+00, avg batch time: 6.0823, average train loss: 61.0317
[11/21 10:48:43 visual_prompt]: Inference (val):avg data time: 2.28e-05, avg batch time: 0.5856, average loss: 7.7466
[11/21 10:48:43 visual_prompt]: Classification results with val_mammo-cbis: top1: 54.88	rocauc: 59.03	
[11/21 10:48:43 visual_prompt]: Training 12 / 100 epoch, with learning rate 24.9923853377387
[11/21 10:55:48 visual_prompt]: Epoch 12 / 100: avg data time: 4.64e+00, avg batch time: 6.0731, average train loss: 77.4658
[11/21 10:56:37 visual_prompt]: Inference (val):avg data time: 2.34e-05, avg batch time: 0.5868, average loss: 20.5838
[11/21 10:56:37 visual_prompt]: Classification results with val_mammo-cbis: top1: 54.88	rocauc: 58.51	
[11/21 10:56:37 visual_prompt]: Training 13 / 100 epoch, with learning rate 24.969550628247802
[11/21 11:03:43 visual_prompt]: Epoch 13 / 100: avg data time: 4.65e+00, avg batch time: 6.0849, average train loss: 50.8149
[11/21 11:04:31 visual_prompt]: Inference (val):avg data time: 2.34e-05, avg batch time: 0.5881, average loss: 98.8989
[11/21 11:04:31 visual_prompt]: Classification results with val_mammo-cbis: top1: 54.88	rocauc: 43.48	
[11/21 11:04:31 visual_prompt]: Training 14 / 100 epoch, with learning rate 24.931523692103415
[11/21 11:11:37 visual_prompt]: Epoch 14 / 100: avg data time: 4.64e+00, avg batch time: 6.0792, average train loss: 51.6674
[11/21 11:12:26 visual_prompt]: Inference (val):avg data time: 2.77e-05, avg batch time: 0.5829, average loss: 40.5529
[11/21 11:12:26 visual_prompt]: Classification results with val_mammo-cbis: top1: 54.88	rocauc: 41.67	
[11/21 11:12:26 visual_prompt]: Training 15 / 100 epoch, with learning rate 24.87835085926963
[11/21 11:19:30 visual_prompt]: Epoch 15 / 100: avg data time: 4.63e+00, avg batch time: 6.0624, average train loss: 61.2310
[11/21 11:20:19 visual_prompt]: Inference (val):avg data time: 2.46e-05, avg batch time: 0.5821, average loss: 74.9735
[11/21 11:20:19 visual_prompt]: Classification results with val_mammo-cbis: top1: 45.12	rocauc: 51.50	
[11/21 11:20:19 visual_prompt]: Training 16 / 100 epoch, with learning rate 24.8100969126526
[11/21 11:27:24 visual_prompt]: Epoch 16 / 100: avg data time: 4.63e+00, avg batch time: 6.0660, average train loss: 60.7043
[11/21 11:28:12 visual_prompt]: Inference (val):avg data time: 2.30e-05, avg batch time: 0.5830, average loss: 313.0779
[11/21 11:28:12 visual_prompt]: Classification results with val_mammo-cbis: top1: 54.88	rocauc: 48.15	
[11/21 11:28:12 visual_prompt]: Training 17 / 100 epoch, with learning rate 24.72684500917257
[11/21 11:35:18 visual_prompt]: Epoch 17 / 100: avg data time: 4.64e+00, avg batch time: 6.0774, average train loss: 84.5412
[11/21 11:36:06 visual_prompt]: Inference (val):avg data time: 2.50e-05, avg batch time: 0.5824, average loss: 128.9083
[11/21 11:36:06 visual_prompt]: Classification results with val_mammo-cbis: top1: 45.12	rocauc: 44.84	
[11/21 11:36:06 visual_prompt]: Training 18 / 100 epoch, with learning rate 24.628696578449954
[11/21 11:43:12 visual_prompt]: Epoch 18 / 100: avg data time: 4.64e+00, avg batch time: 6.0724, average train loss: 93.7010
[11/21 11:44:00 visual_prompt]: Inference (val):avg data time: 2.43e-05, avg batch time: 0.5848, average loss: 6.8398
[11/21 11:44:00 visual_prompt]: Classification results with val_mammo-cbis: top1: 54.88	rocauc: 47.52	
[11/21 11:44:00 visual_prompt]: Best epoch 18: best metric: -6.840
[11/21 11:44:00 visual_prompt]: Training 19 / 100 epoch, with learning rate 24.515771199228986
[11/21 11:51:36 visual_prompt]: Epoch 19 / 100: avg data time: 5.07e+00, avg batch time: 6.5091, average train loss: 89.5964
[11/21 11:52:33 visual_prompt]: Inference (val):avg data time: 2.44e-05, avg batch time: 0.5858, average loss: 131.6036
[11/21 11:52:33 visual_prompt]: Classification results with val_mammo-cbis: top1: 54.88	rocauc: 53.03	
[11/21 11:52:33 visual_prompt]: Training 20 / 100 epoch, with learning rate 24.38820645368942
[11/21 12:00:02 visual_prompt]: Epoch 20 / 100: avg data time: 4.99e+00, avg batch time: 6.4205, average train loss: 82.3185
[11/21 12:00:53 visual_prompt]: Inference (val):avg data time: 2.65e-05, avg batch time: 0.5822, average loss: 84.5250
[11/21 12:00:53 visual_prompt]: Classification results with val_mammo-cbis: top1: 54.88	rocauc: 44.58	
[11/21 12:00:53 visual_prompt]: Training 21 / 100 epoch, with learning rate 24.246157759823856
[11/21 12:08:15 visual_prompt]: Epoch 21 / 100: avg data time: 4.88e+00, avg batch time: 6.3119, average train loss: 56.3152
[11/21 12:09:06 visual_prompt]: Inference (val):avg data time: 2.91e-05, avg batch time: 0.5850, average loss: 123.3887
[11/21 12:09:06 visual_prompt]: Classification results with val_mammo-cbis: top1: 54.88	rocauc: 55.70	
[11/21 12:09:06 visual_prompt]: Training 22 / 100 epoch, with learning rate 24.08979818208484
[11/21 12:16:31 visual_prompt]: Epoch 22 / 100: avg data time: 4.92e+00, avg batch time: 6.3557, average train loss: 68.6338
[11/21 12:17:22 visual_prompt]: Inference (val):avg data time: 2.67e-05, avg batch time: 0.5844, average loss: 12.9044
[11/21 12:17:22 visual_prompt]: Classification results with val_mammo-cbis: top1: 54.88	rocauc: 45.65	
[11/21 12:17:22 visual_prompt]: Training 23 / 100 epoch, with learning rate 23.91931822053251
[11/21 12:24:48 visual_prompt]: Epoch 23 / 100: avg data time: 4.93e+00, avg batch time: 6.3650, average train loss: 76.1778
[11/21 12:25:38 visual_prompt]: Inference (val):avg data time: 2.76e-05, avg batch time: 0.5853, average loss: 38.9189
[11/21 12:25:38 visual_prompt]: Classification results with val_mammo-cbis: top1: 45.12	rocauc: 39.68	
[11/21 12:25:38 visual_prompt]: Training 24 / 100 epoch, with learning rate 23.73492557873959
[11/21 12:33:02 visual_prompt]: Epoch 24 / 100: avg data time: 4.91e+00, avg batch time: 6.3413, average train loss: 59.8707
[11/21 12:33:53 visual_prompt]: Inference (val):avg data time: 2.45e-05, avg batch time: 0.5833, average loss: 110.5927
[11/21 12:33:53 visual_prompt]: Classification results with val_mammo-cbis: top1: 45.12	rocauc: 53.18	
[11/21 12:33:53 visual_prompt]: Training 25 / 100 epoch, with learning rate 23.536844910736587
[11/21 12:41:37 visual_prompt]: Epoch 25 / 100: avg data time: 5.20e+00, avg batch time: 6.6299, average train loss: 60.0324
[11/21 12:42:35 visual_prompt]: Inference (val):avg data time: 2.83e-05, avg batch time: 0.5797, average loss: 97.2395
[11/21 12:42:35 visual_prompt]: Classification results with val_mammo-cbis: top1: 54.88	rocauc: 51.80	
[11/21 12:42:35 visual_prompt]: Stopping early.
[11/21 12:42:35 visual_prompt]: Rank of current process: 0. World size: 1
[11/21 12:42:35 visual_prompt]: Environment info:
-------------------  -------------------------------------------------
Python               3.11.5 (main, Sep 11 2023, 13:54:46) [GCC 11.2.0]
ENV_MODULE           <not set>
PyTorch              2.0.1+cu118
PyTorch Debug Build  False
CUDA available       True
CUDA ID              0
GPU 0                NVIDIA A40
Pillow               9.3.0
cv2                  4.8.0
-------------------  -------------------------------------------------
PyTorch built with:
  - GCC 9.3
  - C++ Version: 201703
  - Intel(R) oneAPI Math Kernel Library Version 2022.2-Product Build 20220804 for Intel(R) 64 architecture applications
  - Intel(R) MKL-DNN v2.7.3 (Git Hash 6dbeffbae1f23cbbeae17adb7b5b13f1f37c080e)
  - OpenMP 201511 (a.k.a. OpenMP 4.5)
  - LAPACK is enabled (usually provided by MKL)
  - NNPACK is enabled
  - CPU capability usage: AVX2
  - CUDA Runtime 11.8
  - NVCC architecture flags: -gencode;arch=compute_37,code=sm_37;-gencode;arch=compute_50,code=sm_50;-gencode;arch=compute_60,code=sm_60;-gencode;arch=compute_70,code=sm_70;-gencode;arch=compute_75,code=sm_75;-gencode;arch=compute_80,code=sm_80;-gencode;arch=compute_86,code=sm_86;-gencode;arch=compute_90,code=sm_90
  - CuDNN 8.7
  - Magma 2.6.1
  - Build settings: BLAS_INFO=mkl, BUILD_TYPE=Release, CUDA_VERSION=11.8, CUDNN_VERSION=8.7.0, CXX_COMPILER=/opt/rh/devtoolset-9/root/usr/bin/c++, CXX_FLAGS= -D_GLIBCXX_USE_CXX11_ABI=0 -fabi-version=11 -Wno-deprecated -fvisibility-inlines-hidden -DUSE_PTHREADPOOL -DNDEBUG -DUSE_KINETO -DLIBKINETO_NOROCTRACER -DUSE_FBGEMM -DUSE_QNNPACK -DUSE_PYTORCH_QNNPACK -DUSE_XNNPACK -DSYMBOLICATE_MOBILE_DEBUG_HANDLE -O2 -fPIC -Wall -Wextra -Werror=return-type -Werror=non-virtual-dtor -Werror=bool-operation -Wnarrowing -Wno-missing-field-initializers -Wno-type-limits -Wno-array-bounds -Wno-unknown-pragmas -Wunused-local-typedefs -Wno-unused-parameter -Wno-unused-function -Wno-unused-result -Wno-strict-overflow -Wno-strict-aliasing -Wno-error=deprecated-declarations -Wno-stringop-overflow -Wno-psabi -Wno-error=pedantic -Wno-error=redundant-decls -Wno-error=old-style-cast -fdiagnostics-color=always -faligned-new -Wno-unused-but-set-variable -Wno-maybe-uninitialized -fno-math-errno -fno-trapping-math -Werror=format -Werror=cast-function-type -Wno-stringop-overflow, LAPACK_INFO=mkl, PERF_WITH_AVX=1, PERF_WITH_AVX2=1, PERF_WITH_AVX512=1, TORCH_DISABLE_GPU_ASSERTS=ON, TORCH_VERSION=2.0.1, USE_CUDA=ON, USE_CUDNN=ON, USE_EXCEPTION_PTR=1, USE_GFLAGS=OFF, USE_GLOG=OFF, USE_MKL=ON, USE_MKLDNN=ON, USE_MPI=OFF, USE_NCCL=1, USE_NNPACK=ON, USE_OPENMP=ON, USE_ROCM=OFF, 

[11/21 12:42:35 visual_prompt]: Command line arguments: Namespace(config_file='visual_prompt_tuning/configs/prompt/cub.yaml', train_type='prompt', opts=['MODEL.TYPE', 'vit', 'DATA.BATCH_SIZE', '32', 'MODEL.PROMPT.NUM_TOKENS', '50', 'MODEL.PROMPT.DEEP', 'True', 'MODEL.PROMPT.DROPOUT', '0.1', 'DATA.FEATURE', 'sup_vitb16_imagenet21k', 'DATA.IMGSIZE', '500', 'DATA.NAME', 'mammo-cbis', 'DATA.NUMBER_CLASSES', '2', 'DATA.CROP', 'False', 'MODEL.MODEL_ROOT', 'visual_prompt_tuning/model_root', 'DATA.DATAPATH', 'visual_prompt_tuning/data_path', 'OUTPUT_DIR', 'visual_prompt_tuning/output_dir', 'SOLVER.PATIENCE', '7', 'SOLVER.CRITERION', 'loss'])
[11/21 12:42:35 visual_prompt]: Contents of args.config_file=visual_prompt_tuning/configs/prompt/cub.yaml:
_BASE_: "../base-prompt.yaml"
RUN_N_TIMES: 1
DATA:
  NAME: "CUB"
  DATAPATH: ""  #TODO: need to specify here
  NUMBER_CLASSES: 200
  MULTILABEL: False
MODEL:
  TYPE: "vit"
SOLVER:
  BASE_LR: 0.1
  WEIGHT_DECAY: 0.01
[11/21 12:42:35 visual_prompt]: Training with config:
[11/21 12:42:35 visual_prompt]: CfgNode({'DBG': False, 'OUTPUT_DIR': 'visual_prompt_tuning/output_dir/mammo-cbis/sup_vitb16_imagenet21k/prompt50/size500/val/seed0/lr25.0_wd0.001/patience7/run1', 'RUN_N_TIMES': 1, 'CUDNN_BENCHMARK': False, 'NUM_GPUS': 1, 'NUM_SHARDS': 1, 'SEED': 0, 'MODEL': CfgNode({'TRANSFER_TYPE': 'prompt', 'WEIGHT_PATH': '', 'SAVE_CKPT': False, 'MODEL_ROOT': 'visual_prompt_tuning/model_root', 'TYPE': 'vit', 'MLP_NUM': 0, 'LINEAR': CfgNode({'MLP_SIZES': [], 'DROPOUT': 0.1}), 'PROMPT': CfgNode({'NUM_TOKENS': 50, 'LOCATION': 'prepend', 'INITIATION': 'random', 'CLSEMB_FOLDER': '', 'CLSEMB_PATH': '', 'PROJECT': -1, 'DEEP': True, 'NUM_DEEP_LAYERS': None, 'REVERSE_DEEP': False, 'DEEP_SHARED': False, 'FORWARD_DEEP_NOEXPAND': False, 'VIT_POOL_TYPE': 'original', 'DROPOUT': 0.1, 'SAVE_FOR_EACH_EPOCH': False}), 'ADAPTER': CfgNode({'REDUCATION_FACTOR': 8, 'STYLE': 'Pfeiffer'})}), 'SOLVER': CfgNode({'LOSS': 'softmax', 'LOSS_ALPHA': 0.01, 'OPTIMIZER': 'sgd', 'MOMENTUM': 0.9, 'WEIGHT_DECAY': 0.001, 'WEIGHT_DECAY_BIAS': 0, 'PATIENCE': 7, 'CRITERION': 'loss', 'SCHEDULER': 'cosine', 'BASE_LR': 25.0, 'BIAS_MULTIPLIER': 1.0, 'WARMUP_EPOCH': 10, 'TOTAL_EPOCH': 100, 'LOG_EVERY_N': 100, 'DBG_TRAINABLE': False}), 'DATA': CfgNode({'NAME': 'mammo-cbis', 'DATAPATH': 'visual_prompt_tuning/data_path', 'FEATURE': 'sup_vitb16_imagenet21k', 'PERCENTAGE': 1.0, 'NUMBER_CLASSES': 2, 'MULTILABEL': False, 'CLASS_WEIGHTS_TYPE': 'none', 'IMGSIZE': 500, 'CROP': False, 'NO_TEST': False, 'BATCH_SIZE': 32, 'NUM_WORKERS': 4, 'PIN_MEMORY': True})})
[11/21 12:42:35 visual_prompt]: Loading training data...
[11/21 12:42:35 visual_prompt]: Constructing mammo-cbis dataset train...
[11/21 12:42:35 visual_prompt]: Loading validation data...
[11/21 12:42:35 visual_prompt]: Constructing mammo-cbis dataset val...
[11/21 12:42:35 visual_prompt]: Constructing models...
[INFO: vit.py:  342]: load_pretrained: resized variant: torch.Size([1, 197, 768]) to torch.Size([1, 962, 768])
load_pretrained: grid-size from 14 to 31
[11/21 12:42:40 visual_prompt]: Total Parameters: 86848514	 Gradient Parameters: 462338
[11/21 12:42:40 visual_prompt]: tuned percent:0.532
[11/21 12:42:40 visual_prompt]: Device used for model: 0
[11/21 12:42:40 visual_prompt]: Setting up Evaluator...
[11/21 12:42:40 visual_prompt]: Setting up Trainer...
[11/21 12:42:40 visual_prompt]: 	Setting up the optimizer...
[11/21 12:42:40 visual_prompt]: Training 1 / 100 epoch, with learning rate 0.0
[11/21 12:50:12 visual_prompt]: Epoch 1 / 100: avg data time: 5.01e+00, avg batch time: 6.4495, average train loss: 1.4863
[11/21 12:51:03 visual_prompt]: Inference (val):avg data time: 2.44e-05, avg batch time: 0.5834, average loss: 1.4553
[11/21 12:51:03 visual_prompt]: Classification results with val_mammo-cbis: top1: 54.88	rocauc: 43.60	
[11/21 12:51:03 visual_prompt]: Training 2 / 100 epoch, with learning rate 2.5
[11/21 12:58:33 visual_prompt]: Epoch 2 / 100: avg data time: 4.98e+00, avg batch time: 6.4226, average train loss: 8.2590
[11/21 12:59:24 visual_prompt]: Inference (val):avg data time: 2.31e-05, avg batch time: 0.5821, average loss: 6.5246
[11/21 12:59:24 visual_prompt]: Classification results with val_mammo-cbis: top1: 54.88	rocauc: 60.04	
[11/21 12:59:24 visual_prompt]: Training 3 / 100 epoch, with learning rate 5.0
[11/21 13:06:53 visual_prompt]: Epoch 3 / 100: avg data time: 4.97e+00, avg batch time: 6.4129, average train loss: 12.8542
[11/21 13:07:45 visual_prompt]: Inference (val):avg data time: 2.48e-05, avg batch time: 0.5859, average loss: 43.0126
[11/21 13:07:45 visual_prompt]: Classification results with val_mammo-cbis: top1: 45.12	rocauc: 51.14	
[11/21 13:07:45 visual_prompt]: Training 4 / 100 epoch, with learning rate 7.5
[11/21 13:15:13 visual_prompt]: Epoch 4 / 100: avg data time: 4.96e+00, avg batch time: 6.4018, average train loss: 24.3482
[11/21 13:16:04 visual_prompt]: Inference (val):avg data time: 2.50e-05, avg batch time: 0.5833, average loss: 38.9421
[11/21 13:16:04 visual_prompt]: Classification results with val_mammo-cbis: top1: 54.88	rocauc: 54.34	
[11/21 13:16:04 visual_prompt]: Training 5 / 100 epoch, with learning rate 10.0
[11/21 13:23:33 visual_prompt]: Epoch 5 / 100: avg data time: 4.96e+00, avg batch time: 6.4043, average train loss: 16.7612
[11/21 13:24:24 visual_prompt]: Inference (val):avg data time: 2.48e-05, avg batch time: 0.5840, average loss: 34.1162
[11/21 13:24:24 visual_prompt]: Classification results with val_mammo-cbis: top1: 45.12	rocauc: 49.36	
[11/21 13:24:24 visual_prompt]: Training 6 / 100 epoch, with learning rate 12.5
[11/21 13:31:57 visual_prompt]: Epoch 6 / 100: avg data time: 5.04e+00, avg batch time: 6.4741, average train loss: 32.9153
[11/21 13:32:49 visual_prompt]: Inference (val):avg data time: 2.68e-05, avg batch time: 0.5829, average loss: 33.9918
[11/21 13:32:49 visual_prompt]: Classification results with val_mammo-cbis: top1: 54.88	rocauc: 55.23	
[11/21 13:32:49 visual_prompt]: Training 7 / 100 epoch, with learning rate 15.0
[11/21 13:40:18 visual_prompt]: Epoch 7 / 100: avg data time: 4.98e+00, avg batch time: 6.4179, average train loss: 42.2689
[11/21 13:41:10 visual_prompt]: Inference (val):avg data time: 2.57e-05, avg batch time: 0.5839, average loss: 10.0477
[11/21 13:41:10 visual_prompt]: Classification results with val_mammo-cbis: top1: 45.12	rocauc: 46.37	
[11/21 13:41:10 visual_prompt]: Training 8 / 100 epoch, with learning rate 17.5
[11/21 13:48:39 visual_prompt]: Epoch 8 / 100: avg data time: 4.98e+00, avg batch time: 6.4163, average train loss: 44.8138
[11/21 13:49:34 visual_prompt]: Inference (val):avg data time: 2.73e-05, avg batch time: 0.5829, average loss: 11.9901
[11/21 13:49:34 visual_prompt]: Classification results with val_mammo-cbis: top1: 54.88	rocauc: 61.26	
[11/21 13:49:34 visual_prompt]: Training 9 / 100 epoch, with learning rate 20.0
[11/21 13:57:25 visual_prompt]: Epoch 9 / 100: avg data time: 5.28e+00, avg batch time: 6.7138, average train loss: 47.6991
[11/21 13:58:16 visual_prompt]: Inference (val):avg data time: 2.49e-05, avg batch time: 0.5824, average loss: 26.2309
[11/21 13:58:16 visual_prompt]: Classification results with val_mammo-cbis: top1: 54.88	rocauc: 49.40	
[11/21 13:58:16 visual_prompt]: Training 10 / 100 epoch, with learning rate 22.5
[11/21 14:06:13 visual_prompt]: Epoch 10 / 100: avg data time: 5.37e+00, avg batch time: 6.8080, average train loss: 45.2072
[11/21 14:07:06 visual_prompt]: Inference (val):avg data time: 2.46e-05, avg batch time: 0.5820, average loss: 32.8155
[11/21 14:07:06 visual_prompt]: Classification results with val_mammo-cbis: top1: 54.88	rocauc: 45.87	
[11/21 14:07:06 visual_prompt]: Training 11 / 100 epoch, with learning rate 25.0
[11/21 14:14:38 visual_prompt]: Epoch 11 / 100: avg data time: 5.01e+00, avg batch time: 6.4485, average train loss: 55.8975
[11/21 14:15:29 visual_prompt]: Inference (val):avg data time: 2.24e-05, avg batch time: 0.5865, average loss: 97.0035
[11/21 14:15:29 visual_prompt]: Classification results with val_mammo-cbis: top1: 54.88	rocauc: 58.36	
[11/21 14:15:29 visual_prompt]: Training 12 / 100 epoch, with learning rate 24.9923853377387
[11/21 14:23:16 visual_prompt]: Epoch 12 / 100: avg data time: 5.23e+00, avg batch time: 6.6636, average train loss: 73.6140
[11/21 14:24:07 visual_prompt]: Inference (val):avg data time: 2.46e-05, avg batch time: 0.5841, average loss: 46.6619
[11/21 14:24:07 visual_prompt]: Classification results with val_mammo-cbis: top1: 54.88	rocauc: 55.40	
[11/21 14:24:07 visual_prompt]: Best epoch 12: best metric: -46.662
[11/21 14:24:07 visual_prompt]: Training 13 / 100 epoch, with learning rate 24.969550628247802
[11/21 14:31:44 visual_prompt]: Epoch 13 / 100: avg data time: 5.08e+00, avg batch time: 6.5147, average train loss: 73.8447
[11/21 14:32:35 visual_prompt]: Inference (val):avg data time: 2.69e-05, avg batch time: 0.5818, average loss: 36.8033
[11/21 14:32:35 visual_prompt]: Classification results with val_mammo-cbis: top1: 54.88	rocauc: 46.25	
[11/21 14:32:35 visual_prompt]: Best epoch 13: best metric: -36.803
[11/21 14:32:35 visual_prompt]: Training 14 / 100 epoch, with learning rate 24.931523692103415
[11/21 14:39:59 visual_prompt]: Epoch 14 / 100: avg data time: 4.91e+00, avg batch time: 6.3486, average train loss: 66.3276
[11/21 14:40:50 visual_prompt]: Inference (val):avg data time: 2.43e-05, avg batch time: 0.5813, average loss: 40.3746
[11/21 14:40:50 visual_prompt]: Classification results with val_mammo-cbis: top1: 54.88	rocauc: 48.99	
[11/21 14:40:50 visual_prompt]: Training 15 / 100 epoch, with learning rate 24.87835085926963
