/bin/bash: /home/s1952889/miniconda3/envs/prompt/lib/libtinfo.so.6: no version information available (required by /bin/bash)
Adding prefix to data roots: /local/268000
<class 'mmengine.config.config.Config'>
02/13 13:57:38 - mmengine - INFO - 
------------------------------------------------------------
System environment:
    sys.platform: linux
    Python: 3.10.13 (main, Sep 11 2023, 13:44:35) [GCC 11.2.0]
    CUDA available: True
    numpy_random_seed: 1531914028
    GPU 0: NVIDIA A40
    CUDA_HOME: None
    GCC: gcc (Ubuntu 9.4.0-1ubuntu1~20.04.2) 9.4.0
    PyTorch: 2.0.0
    PyTorch compiling details: PyTorch built with:
  - GCC 9.3
  - C++ Version: 201703
  - Intel(R) oneAPI Math Kernel Library Version 2023.1-Product Build 20230303 for Intel(R) 64 architecture applications
  - Intel(R) MKL-DNN v2.7.3 (Git Hash 6dbeffbae1f23cbbeae17adb7b5b13f1f37c080e)
  - OpenMP 201511 (a.k.a. OpenMP 4.5)
  - LAPACK is enabled (usually provided by MKL)
  - NNPACK is enabled
  - CPU capability usage: AVX2
  - CUDA Runtime 11.8
  - NVCC architecture flags: -gencode;arch=compute_37,code=sm_37;-gencode;arch=compute_50,code=sm_50;-gencode;arch=compute_60,code=sm_60;-gencode;arch=compute_61,code=sm_61;-gencode;arch=compute_70,code=sm_70;-gencode;arch=compute_75,code=sm_75;-gencode;arch=compute_80,code=sm_80;-gencode;arch=compute_86,code=sm_86;-gencode;arch=compute_90,code=sm_90;-gencode;arch=compute_37,code=compute_37
  - CuDNN 8.7
  - Magma 2.6.1
  - Build settings: BLAS_INFO=mkl, BUILD_TYPE=Release, CUDA_VERSION=11.8, CUDNN_VERSION=8.7.0, CXX_COMPILER=/opt/rh/devtoolset-9/root/usr/bin/c++, CXX_FLAGS= -D_GLIBCXX_USE_CXX11_ABI=0 -fabi-version=11 -Wno-deprecated -fvisibility-inlines-hidden -DUSE_PTHREADPOOL -DNDEBUG -DUSE_KINETO -DLIBKINETO_NOROCTRACER -DUSE_FBGEMM -DUSE_QNNPACK -DUSE_PYTORCH_QNNPACK -DUSE_XNNPACK -DSYMBOLICATE_MOBILE_DEBUG_HANDLE -O2 -fPIC -Wall -Wextra -Werror=return-type -Werror=non-virtual-dtor -Werror=bool-operation -Wnarrowing -Wno-missing-field-initializers -Wno-type-limits -Wno-array-bounds -Wno-unknown-pragmas -Wunused-local-typedefs -Wno-unused-parameter -Wno-unused-function -Wno-unused-result -Wno-strict-overflow -Wno-strict-aliasing -Wno-error=deprecated-declarations -Wno-stringop-overflow -Wno-psabi -Wno-error=pedantic -Wno-error=redundant-decls -Wno-error=old-style-cast -fdiagnostics-color=always -faligned-new -Wno-unused-but-set-variable -Wno-maybe-uninitialized -fno-math-errno -fno-trapping-math -Werror=format -Werror=cast-function-type -Wno-stringop-overflow, LAPACK_INFO=mkl, PERF_WITH_AVX=1, PERF_WITH_AVX2=1, PERF_WITH_AVX512=1, TORCH_DISABLE_GPU_ASSERTS=ON, TORCH_VERSION=2.0.0, USE_CUDA=ON, USE_CUDNN=ON, USE_EXCEPTION_PTR=1, USE_GFLAGS=OFF, USE_GLOG=OFF, USE_MKL=ON, USE_MKLDNN=ON, USE_MPI=OFF, USE_NCCL=ON, USE_NNPACK=ON, USE_OPENMP=ON, USE_ROCM=OFF, 

    TorchVision: 0.15.0
    OpenCV: 4.8.1
    MMEngine: 0.9.1

Runtime environment:
    cudnn_benchmark: True
    mp_cfg: {'mp_start_method': 'fork', 'opencv_num_threads': 0}
    dist_cfg: {'backend': 'nccl'}
    seed: 1531914028
    Distributed launcher: none
    Distributed training: False
    GPU number: 1
------------------------------------------------------------

02/13 13:57:38 - mmengine - INFO - Config:
crop_size = (
    256,
    256,
)
data_preprocessor = dict(
    bgr_to_rgb=True,
    mean=[
        68.882,
        68.882,
        68.882,
    ],
    pad_val=0,
    seg_pad_val=255,
    size=(
        256,
        256,
    ),
    std=[
        66.631,
        66.631,
        66.631,
    ],
    test_cfg=dict(size=(
        256,
        256,
    )),
    type='SegDataPreProcessor')
data_root = '/local/268000/data/cbis/cbis-linked'
dataset_type = 'CBISMonoDataset'
default_hooks = dict(
    checkpoint=dict(
        by_epoch=False,
        interval=22000,
        max_keep_ckpts=2,
        type='CheckpointHook'),
    logger=dict(interval=50, log_metric_by_epoch=False, type='LoggerHook'),
    param_scheduler=dict(type='ParamSchedulerHook'),
    sampler_seed=dict(type='DistSamplerSeedHook'),
    timer=dict(type='IterTimerHook'),
    visualization=dict(type='SegVisualizationHook'))
default_scope = 'mmseg'
env_cfg = dict(
    cudnn_benchmark=True,
    dist_cfg=dict(backend='nccl'),
    mp_cfg=dict(mp_start_method='fork', opencv_num_threads=0))
launcher = 'none'
load_from = None
log_level = 'INFO'
log_processor = dict(by_epoch=False)
model = dict(
    auxiliary_head=None,
    backbone=dict(
        act_cfg=dict(type='ReLU'),
        base_channels=64,
        conv_cfg=None,
        dec_dilations=(
            1,
            1,
            1,
            1,
        ),
        dec_num_convs=(
            2,
            2,
            2,
            2,
        ),
        downsamples=(
            True,
            True,
            True,
            True,
        ),
        enc_dilations=(
            1,
            1,
            1,
            1,
            1,
        ),
        enc_num_convs=(
            2,
            2,
            2,
            2,
            2,
        ),
        in_channels=3,
        norm_cfg=dict(requires_grad=True, type='SyncBN'),
        norm_eval=False,
        num_stages=5,
        strides=(
            1,
            1,
            1,
            1,
            1,
        ),
        type='UNet',
        upsample_cfg=dict(type='InterpConv'),
        with_cp=False),
    data_preprocessor=dict(
        bgr_to_rgb=True,
        mean=[
            68.882,
            68.882,
            68.882,
        ],
        pad_val=0,
        seg_pad_val=255,
        size=(
            256,
            256,
        ),
        std=[
            66.631,
            66.631,
            66.631,
        ],
        test_cfg=dict(size=(
            256,
            256,
        )),
        type='SegDataPreProcessor'),
    decode_head=dict(
        align_corners=False,
        channels=64,
        concat_input=False,
        dropout_ratio=0.1,
        in_channels=64,
        in_index=4,
        loss_decode=[
            dict(loss_weight=0.4, naive_dice=True, type='DiceLoss'),
            dict(loss_weight=0.6, type='IoULoss'),
        ],
        norm_cfg=dict(requires_grad=True, type='SyncBN'),
        num_classes=1,
        num_convs=1,
        type='FCNHead'),
    pretrained=None,
    test_cfg=dict(crop_size=256, mode='whole', stride=170),
    train_cfg=dict(),
    type='EncoderDecoder')
norm_cfg = dict(requires_grad=True, type='SyncBN')
optim_wrapper = dict(
    clip_grad=None,
    optimizer=dict(lr=0.0001, type='Adam'),
    type='OptimWrapper')
optimizer = dict(lr=0.0001, type='Adam')
param_scheduler = None
record_gpu_snapshot = False
resume = False
test_cfg = dict(type='TestLoop')
test_dataloader = dict(
    batch_size=1,
    dataset=dict(
        data_prefix=dict(
            img_path='images/test', seg_map_path='annotations_binary/test'),
        data_root='/local/268000/data/cbis/cbis-linked',
        pipeline=[
            dict(type='LoadImageFromFile'),
            dict(scale=(
                256,
                256,
            ), type='Resize'),
            dict(reduce_zero_label=True, type='LoadAnnotations'),
            dict(type='PackSegInputs'),
        ],
        type='CBISMonoDataset'),
    num_workers=4,
    persistent_workers=True,
    sampler=dict(shuffle=False, type='DefaultSampler'))
test_evaluator = dict(
    iou_metrics=[
        'mIoU',
        'mAcc',
        'mFscore',
    ], type='IoUMetric')
test_pipeline = [
    dict(type='LoadImageFromFile'),
    dict(scale=(
        256,
        256,
    ), type='Resize'),
    dict(reduce_zero_label=True, type='LoadAnnotations'),
    dict(type='PackSegInputs'),
]
train_cfg = dict(
    max_iters=220000, type='IterBasedTrainLoop', val_interval=22000)
train_dataloader = dict(
    batch_size=8,
    dataset=dict(
        data_prefix=dict(
            img_path='images/train', seg_map_path='annotations_binary/train'),
        data_root='/local/268000/data/cbis/cbis-linked',
        pipeline=[
            dict(type='LoadImageFromFile'),
            dict(reduce_zero_label=True, type='LoadAnnotations'),
            dict(scale=(
                256,
                256,
            ), type='Resize'),
            dict(prob=0.5, type='RandomFlip'),
            dict(
                auto_bound=True,
                degree=(
                    90,
                    90,
                ),
                prob=0.5,
                type='RandomRotate'),
            dict(
                auto_bound=True,
                degree=(
                    180,
                    180,
                ),
                prob=0.5,
                type='RandomRotate'),
            dict(type='PackSegInputs'),
        ],
        type='CBISMonoDataset'),
    num_workers=4,
    persistent_workers=True,
    sampler=dict(shuffle=True, type='InfiniteSampler'))
train_pipeline = [
    dict(type='LoadImageFromFile'),
    dict(reduce_zero_label=True, type='LoadAnnotations'),
    dict(scale=(
        256,
        256,
    ), type='Resize'),
    dict(prob=0.5, type='RandomFlip'),
    dict(auto_bound=True, degree=(
        90,
        90,
    ), prob=0.5, type='RandomRotate'),
    dict(auto_bound=True, degree=(
        180,
        180,
    ), prob=0.5, type='RandomRotate'),
    dict(type='PackSegInputs'),
]
tta_model = dict(type='SegTTAModel')
tta_pipeline = None
val_cfg = dict(type='ValLoop')
val_dataloader = dict(
    batch_size=1,
    dataset=dict(
        data_prefix=dict(
            img_path='images/val', seg_map_path='annotations_binary/val'),
        data_root='/local/268000/data/cbis/cbis-linked',
        pipeline=[
            dict(type='LoadImageFromFile'),
            dict(scale=(
                256,
                256,
            ), type='Resize'),
            dict(reduce_zero_label=True, type='LoadAnnotations'),
            dict(type='PackSegInputs'),
        ],
        type='CBISMonoDataset'),
    num_workers=4,
    persistent_workers=True,
    sampler=dict(shuffle=False, type='DefaultSampler'))
val_evaluator = dict(
    iou_metrics=[
        'mIoU',
        'mAcc',
        'mFscore',
    ], type='IoUMetric')
val_pipeline = [
    dict(type='LoadImageFromFile'),
    dict(scale=(
        256,
        256,
    ), type='Resize'),
    dict(reduce_zero_label=True, type='LoadAnnotations'),
    dict(type='PackSegInputs'),
]
vis_backends = [
    dict(type='LocalVisBackend'),
]
visualizer = dict(
    name='visualizer',
    type='SegLocalVisualizer',
    vis_backends=[
        dict(type='LocalVisBackend'),
    ])
work_dir = './work_dirs/unet-s5-d16_fcn-noaux_4xb4-220k_cbis-ddsm-mono-256x256'

/home/s1952889/final-project/implementation/mmsegmentation/mmseg/models/decode_heads/decode_head.py:136: UserWarning: threshold is not defined for binary, and defaultsto 0.3
  warnings.warn('threshold is not defined for binary, and defaults'
/home/s1952889/final-project/implementation/mmsegmentation/mmseg/models/builder.py:36: UserWarning: ``build_loss`` would be deprecated soon, please use ``mmseg.registry.MODELS.build()`` 
  warnings.warn('``build_loss`` would be deprecated soon, please use '
02/13 13:57:58 - mmengine - INFO - Total parameters: 28986625
02/13 13:57:58 - mmengine - INFO - Trainable parameters: 28986625
02/13 13:57:58 - mmengine - INFO - Distributed training is not used, all SyncBatchNorm (SyncBN) layers in the model will be automatically reverted to BatchNormXd layers if they are used.
/home/s1952889/final-project/implementation/mmsegmentation/mmseg/engine/hooks/visualization_hook.py:61: UserWarning: The draw is False, it means that the hook for visualization will not take effect. The results will NOT be visualized or stored.
  warnings.warn('The draw is False, it means that the '
02/13 13:57:59 - mmengine - INFO - Hooks will be executed in the following order:
before_run:
(VERY_HIGH   ) RuntimeInfoHook                    
(BELOW_NORMAL) LoggerHook                         
 -------------------- 
before_train:
(VERY_HIGH   ) RuntimeInfoHook                    
(NORMAL      ) IterTimerHook                      
(VERY_LOW    ) CheckpointHook                     
 -------------------- 
before_train_epoch:
(VERY_HIGH   ) RuntimeInfoHook                    
(NORMAL      ) IterTimerHook                      
(NORMAL      ) DistSamplerSeedHook                
 -------------------- 
before_train_iter:
(VERY_HIGH   ) RuntimeInfoHook                    
(NORMAL      ) IterTimerHook                      
 -------------------- 
after_train_iter:
(VERY_HIGH   ) RuntimeInfoHook                    
(NORMAL      ) IterTimerHook                      
(NORMAL      ) SegVisualizationHook               
(BELOW_NORMAL) LoggerHook                         
(LOW         ) ParamSchedulerHook                 
(VERY_LOW    ) CheckpointHook                     
 -------------------- 
after_train_epoch:
(NORMAL      ) IterTimerHook                      
(LOW         ) ParamSchedulerHook                 
(VERY_LOW    ) CheckpointHook                     
 -------------------- 
before_val:
(VERY_HIGH   ) RuntimeInfoHook                    
 -------------------- 
before_val_epoch:
(NORMAL      ) IterTimerHook                      
 -------------------- 
before_val_iter:
(NORMAL      ) IterTimerHook                      
 -------------------- 
after_val_iter:
(NORMAL      ) IterTimerHook                      
(NORMAL      ) SegVisualizationHook               
(BELOW_NORMAL) LoggerHook                         
 -------------------- 
after_val_epoch:
(VERY_HIGH   ) RuntimeInfoHook                    
(NORMAL      ) IterTimerHook                      
(BELOW_NORMAL) LoggerHook                         
(LOW         ) ParamSchedulerHook                 
(VERY_LOW    ) CheckpointHook                     
 -------------------- 
after_val:
(VERY_HIGH   ) RuntimeInfoHook                    
 -------------------- 
after_train:
(VERY_HIGH   ) RuntimeInfoHook                    
(VERY_LOW    ) CheckpointHook                     
 -------------------- 
before_test:
(VERY_HIGH   ) RuntimeInfoHook                    
 -------------------- 
before_test_epoch:
(NORMAL      ) IterTimerHook                      
 -------------------- 
before_test_iter:
(NORMAL      ) IterTimerHook                      
 -------------------- 
after_test_iter:
(NORMAL      ) IterTimerHook                      
(NORMAL      ) SegVisualizationHook               
(BELOW_NORMAL) LoggerHook                         
 -------------------- 
after_test_epoch:
(VERY_HIGH   ) RuntimeInfoHook                    
(NORMAL      ) IterTimerHook                      
(BELOW_NORMAL) LoggerHook                         
 -------------------- 
after_test:
(VERY_HIGH   ) RuntimeInfoHook                    
 -------------------- 
after_run:
(BELOW_NORMAL) LoggerHook                         
 -------------------- 
/home/s1952889/final-project/implementation/mmsegmentation/mmseg/datasets/transforms/loading.py:83: UserWarning: `reduce_zero_label` will be deprecated, if you would like to ignore the zero label, please set `reduce_zero_label=True` when dataset initialized
  warnings.warn('`reduce_zero_label` will be deprecated, '
02/13 13:58:00 - mmengine - WARNING - The prefix is not set in metric class IoUMetric.
02/13 13:58:01 - mmengine - WARNING - "FileClient" will be deprecated in future. Please use io functions in https://mmengine.readthedocs.io/en/latest/api/fileio.html#file-io
02/13 13:58:01 - mmengine - WARNING - "HardDiskBackend" is the alias of "LocalBackend" and the former will be deprecated in future.
02/13 13:58:01 - mmengine - INFO - Checkpoints will be saved to /home/s1952889/final-project/implementation/mmsegmentation/work_dirs/unet-s5-d16_fcn-noaux_4xb4-220k_cbis-ddsm-mono-256x256/20240213_135726.
02/13 13:58:53 - mmengine - INFO - Iter(train) [    50/220000]  lr: 1.0000e-04  eta: 2 days, 15:30:35  time: 1.1953  data_time: 1.0584  memory: 18834  loss: 0.9745  decode.loss_dice: 0.3860  decode.loss_iou: 0.5886  decode.acc_seg: 100.0000
02/13 13:59:37 - mmengine - INFO - Iter(train) [   100/220000]  lr: 1.0000e-04  eta: 2 days, 10:45:51  time: 0.7211  data_time: 0.5847  memory: 4563  loss: 0.9713  decode.loss_dice: 0.3842  decode.loss_iou: 0.5871  decode.acc_seg: 100.0000
02/13 14:00:25 - mmengine - INFO - Iter(train) [   150/220000]  lr: 1.0000e-04  eta: 2 days, 10:30:54  time: 0.8569  data_time: 0.7219  memory: 4563  loss: 0.9708  decode.loss_dice: 0.3837  decode.loss_iou: 0.5870  decode.acc_seg: 100.0000
02/13 14:01:15 - mmengine - INFO - Iter(train) [   200/220000]  lr: 1.0000e-04  eta: 2 days, 11:19:16  time: 1.2508  data_time: 1.1162  memory: 4563  loss: 0.9506  decode.loss_dice: 0.3733  decode.loss_iou: 0.5773  decode.acc_seg: 100.0000
02/13 14:02:00 - mmengine - INFO - Iter(train) [   250/220000]  lr: 1.0000e-04  eta: 2 days, 10:21:44  time: 0.8166  data_time: 0.6797  memory: 4563  loss: 0.9668  decode.loss_dice: 0.3817  decode.loss_iou: 0.5851  decode.acc_seg: 100.0000
02/13 14:02:28 - mmengine - INFO - Exp name: unet-s5-d16_fcn-noaux_4xb4-220k_cbis-ddsm-mono-256x256_20240213_135726
02/13 14:02:49 - mmengine - INFO - Iter(train) [   300/220000]  lr: 1.0000e-04  eta: 2 days, 10:37:31  time: 0.9982  data_time: 0.8614  memory: 4563  loss: 0.9639  decode.loss_dice: 0.3801  decode.loss_iou: 0.5838  decode.acc_seg: 100.0000
02/13 14:03:35 - mmengine - INFO - Iter(train) [   350/220000]  lr: 1.0000e-04  eta: 2 days, 10:16:51  time: 0.7846  data_time: 0.6479  memory: 4563  loss: 0.9461  decode.loss_dice: 0.3712  decode.loss_iou: 0.5749  decode.acc_seg: 100.0000
02/13 14:04:23 - mmengine - INFO - Iter(train) [   400/220000]  lr: 1.0000e-04  eta: 2 days, 10:17:19  time: 1.0387  data_time: 0.9040  memory: 4563  loss: 0.9504  decode.loss_dice: 0.3733  decode.loss_iou: 0.5770  decode.acc_seg: 100.0000
02/13 14:05:10 - mmengine - INFO - Iter(train) [   450/220000]  lr: 1.0000e-04  eta: 2 days, 10:07:50  time: 0.9658  data_time: 0.8309  memory: 4563  loss: 0.9631  decode.loss_dice: 0.3797  decode.loss_iou: 0.5834  decode.acc_seg: 100.0000
02/13 14:05:59 - mmengine - INFO - Iter(train) [   500/220000]  lr: 1.0000e-04  eta: 2 days, 10:21:26  time: 1.1385  data_time: 1.0038  memory: 4563  loss: 0.9562  decode.loss_dice: 0.3761  decode.loss_iou: 0.5801  decode.acc_seg: 100.0000
02/13 14:06:44 - mmengine - INFO - Iter(train) [   550/220000]  lr: 1.0000e-04  eta: 2 days, 10:01:28  time: 0.7199  data_time: 0.5853  memory: 4563  loss: 0.9635  decode.loss_dice: 0.3798  decode.loss_iou: 0.5836  decode.acc_seg: 100.0000
02/13 14:07:34 - mmengine - INFO - Iter(train) [   600/220000]  lr: 1.0000e-04  eta: 2 days, 10:10:20  time: 0.8615  data_time: 0.7248  memory: 4563  loss: 0.9469  decode.loss_dice: 0.3718  decode.loss_iou: 0.5751  decode.acc_seg: 100.0000
02/13 14:08:21 - mmengine - INFO - Iter(train) [   650/220000]  lr: 1.0000e-04  eta: 2 days, 10:09:39  time: 0.8135  data_time: 0.6790  memory: 4563  loss: 0.9548  decode.loss_dice: 0.3756  decode.loss_iou: 0.5792  decode.acc_seg: 100.0000
02/13 14:09:09 - mmengine - INFO - Iter(train) [   700/220000]  lr: 1.0000e-04  eta: 2 days, 10:08:46  time: 1.0951  data_time: 0.9586  memory: 4563  loss: 0.9466  decode.loss_dice: 0.3719  decode.loss_iou: 0.5747  decode.acc_seg: 100.0000
02/13 14:09:55 - mmengine - INFO - Iter(train) [   750/220000]  lr: 1.0000e-04  eta: 2 days, 9:58:06  time: 0.6926  data_time: 0.5580  memory: 4563  loss: 0.9542  decode.loss_dice: 0.3748  decode.loss_iou: 0.5793  decode.acc_seg: 100.0000
02/13 14:10:45 - mmengine - INFO - Iter(train) [   800/220000]  lr: 1.0000e-04  eta: 2 days, 10:11:31  time: 1.1311  data_time: 0.9961  memory: 4563  loss: 0.9468  decode.loss_dice: 0.3715  decode.loss_iou: 0.5753  decode.acc_seg: 100.0000
02/13 14:11:30 - mmengine - INFO - Iter(train) [   850/220000]  lr: 1.0000e-04  eta: 2 days, 9:58:12  time: 0.7475  data_time: 0.6130  memory: 4563  loss: 0.9541  decode.loss_dice: 0.3750  decode.loss_iou: 0.5790  decode.acc_seg: 100.0000
02/13 14:12:19 - mmengine - INFO - Iter(train) [   900/220000]  lr: 1.0000e-04  eta: 2 days, 10:02:52  time: 1.2307  data_time: 1.0954  memory: 4563  loss: 0.9349  decode.loss_dice: 0.3655  decode.loss_iou: 0.5694  decode.acc_seg: 100.0000
02/13 14:13:05 - mmengine - INFO - Iter(train) [   950/220000]  lr: 1.0000e-04  eta: 2 days, 9:53:22  time: 0.8470  data_time: 0.7104  memory: 4563  loss: 0.9378  decode.loss_dice: 0.3671  decode.loss_iou: 0.5707  decode.acc_seg: 100.0000
02/13 14:13:54 - mmengine - INFO - Exp name: unet-s5-d16_fcn-noaux_4xb4-220k_cbis-ddsm-mono-256x256_20240213_135726
02/13 14:13:54 - mmengine - INFO - Iter(train) [  1000/220000]  lr: 1.0000e-04  eta: 2 days, 9:59:02  time: 1.0526  data_time: 0.9161  memory: 4563  loss: 0.9388  decode.loss_dice: 0.3673  decode.loss_iou: 0.5715  decode.acc_seg: 100.0000
02/13 14:14:39 - mmengine - INFO - Iter(train) [  1050/220000]  lr: 1.0000e-04  eta: 2 days, 9:50:07  time: 0.8365  data_time: 0.6999  memory: 4563  loss: 0.9423  decode.loss_dice: 0.3691  decode.loss_iou: 0.5732  decode.acc_seg: 100.0000
02/13 14:15:28 - mmengine - INFO - Iter(train) [  1100/220000]  lr: 1.0000e-04  eta: 2 days, 9:52:10  time: 1.0751  data_time: 0.9382  memory: 4563  loss: 0.9362  decode.loss_dice: 0.3661  decode.loss_iou: 0.5701  decode.acc_seg: 100.0000
02/13 14:16:13 - mmengine - INFO - Iter(train) [  1150/220000]  lr: 1.0000e-04  eta: 2 days, 9:45:02  time: 0.9937  data_time: 0.8572  memory: 4563  loss: 0.9454  decode.loss_dice: 0.3705  decode.loss_iou: 0.5749  decode.acc_seg: 100.0000
02/13 14:17:02 - mmengine - INFO - Iter(train) [  1200/220000]  lr: 1.0000e-04  eta: 2 days, 9:48:17  time: 1.1796  data_time: 1.0421  memory: 4563  loss: 0.9335  decode.loss_dice: 0.3641  decode.loss_iou: 0.5693  decode.acc_seg: 100.0000
02/13 14:17:48 - mmengine - INFO - Iter(train) [  1250/220000]  lr: 1.0000e-04  eta: 2 days, 9:42:43  time: 0.9117  data_time: 0.7763  memory: 4563  loss: 0.9494  decode.loss_dice: 0.3729  decode.loss_iou: 0.5766  decode.acc_seg: 100.0000
02/13 14:18:35 - mmengine - INFO - Iter(train) [  1300/220000]  lr: 1.0000e-04  eta: 2 days, 9:39:57  time: 0.8759  data_time: 0.7396  memory: 4563  loss: 0.9358  decode.loss_dice: 0.3655  decode.loss_iou: 0.5703  decode.acc_seg: 100.0000
02/13 14:19:22 - mmengine - INFO - Iter(train) [  1350/220000]  lr: 1.0000e-04  eta: 2 days, 9:38:54  time: 0.7686  data_time: 0.6316  memory: 4563  loss: 0.9327  decode.loss_dice: 0.3638  decode.loss_iou: 0.5689  decode.acc_seg: 100.0000
02/13 14:20:11 - mmengine - INFO - Iter(train) [  1400/220000]  lr: 1.0000e-04  eta: 2 days, 9:40:34  time: 0.9054  data_time: 0.7679  memory: 4563  loss: 0.9185  decode.loss_dice: 0.3577  decode.loss_iou: 0.5608  decode.acc_seg: 100.0000
02/13 14:20:56 - mmengine - INFO - Iter(train) [  1450/220000]  lr: 1.0000e-04  eta: 2 days, 9:35:06  time: 0.9092  data_time: 0.7719  memory: 4563  loss: 0.9256  decode.loss_dice: 0.3602  decode.loss_iou: 0.5653  decode.acc_seg: 100.0000
02/13 14:21:43 - mmengine - INFO - Iter(train) [  1500/220000]  lr: 1.0000e-04  eta: 2 days, 9:33:30  time: 0.8686  data_time: 0.7311  memory: 4563  loss: 0.9148  decode.loss_dice: 0.3548  decode.loss_iou: 0.5600  decode.acc_seg: 100.0000
02/13 14:22:31 - mmengine - INFO - Iter(train) [  1550/220000]  lr: 1.0000e-04  eta: 2 days, 9:34:09  time: 1.0944  data_time: 0.9569  memory: 4563  loss: 0.9318  decode.loss_dice: 0.3635  decode.loss_iou: 0.5683  decode.acc_seg: 100.0000
02/13 14:23:20 - mmengine - INFO - Iter(train) [  1600/220000]  lr: 1.0000e-04  eta: 2 days, 9:36:26  time: 1.0887  data_time: 0.9519  memory: 4563  loss: 0.9283  decode.loss_dice: 0.3614  decode.loss_iou: 0.5669  decode.acc_seg: 100.0000
02/13 14:24:07 - mmengine - INFO - Iter(train) [  1650/220000]  lr: 1.0000e-04  eta: 2 days, 9:33:58  time: 0.9325  data_time: 0.7953  memory: 4563  loss: 0.9305  decode.loss_dice: 0.3627  decode.loss_iou: 0.5678  decode.acc_seg: 100.0000
02/13 14:24:55 - mmengine - INFO - Iter(train) [  1700/220000]  lr: 1.0000e-04  eta: 2 days, 9:35:12  time: 0.9573  data_time: 0.8201  memory: 4563  loss: 0.9382  decode.loss_dice: 0.3665  decode.loss_iou: 0.5717  decode.acc_seg: 100.0000
02/13 14:25:46 - mmengine - INFO - Iter(train) [  1750/220000]  lr: 1.0000e-04  eta: 2 days, 9:41:37  time: 1.0215  data_time: 0.8843  memory: 4563  loss: 0.9230  decode.loss_dice: 0.3587  decode.loss_iou: 0.5642  decode.acc_seg: 100.0000
02/13 14:26:33 - mmengine - INFO - Iter(train) [  1800/220000]  lr: 1.0000e-04  eta: 2 days, 9:38:22  time: 0.6771  data_time: 0.5406  memory: 4563  loss: 0.9260  decode.loss_dice: 0.3603  decode.loss_iou: 0.5656  decode.acc_seg: 100.0000
02/13 14:27:22 - mmengine - INFO - Iter(train) [  1850/220000]  lr: 1.0000e-04  eta: 2 days, 9:41:23  time: 1.0995  data_time: 0.9628  memory: 4563  loss: 0.9068  decode.loss_dice: 0.3513  decode.loss_iou: 0.5555  decode.acc_seg: 100.0000
02/13 14:28:05 - mmengine - INFO - Iter(train) [  1900/220000]  lr: 1.0000e-04  eta: 2 days, 9:31:29  time: 0.7656  data_time: 0.6286  memory: 4563  loss: 0.9107  decode.loss_dice: 0.3522  decode.loss_iou: 0.5586  decode.acc_seg: 100.0000
02/13 14:28:52 - mmengine - INFO - Iter(train) [  1950/220000]  lr: 1.0000e-04  eta: 2 days, 9:29:36  time: 0.9763  data_time: 0.8389  memory: 4563  loss: 0.9148  decode.loss_dice: 0.3543  decode.loss_iou: 0.5605  decode.acc_seg: 100.0000
02/13 14:29:38 - mmengine - INFO - Exp name: unet-s5-d16_fcn-noaux_4xb4-220k_cbis-ddsm-mono-256x256_20240213_135726
02/13 14:29:38 - mmengine - INFO - Iter(train) [  2000/220000]  lr: 1.0000e-04  eta: 2 days, 9:27:12  time: 0.7427  data_time: 0.6060  memory: 4563  loss: 0.9298  decode.loss_dice: 0.3624  decode.loss_iou: 0.5674  decode.acc_seg: 100.0000
02/13 14:30:28 - mmengine - INFO - Iter(train) [  2050/220000]  lr: 1.0000e-04  eta: 2 days, 9:29:30  time: 0.9403  data_time: 0.8035  memory: 4563  loss: 0.9140  decode.loss_dice: 0.3540  decode.loss_iou: 0.5600  decode.acc_seg: 100.0000
02/13 14:31:14 - mmengine - INFO - Iter(train) [  2100/220000]  lr: 1.0000e-04  eta: 2 days, 9:26:04  time: 1.0257  data_time: 0.8880  memory: 4563  loss: 0.8782  decode.loss_dice: 0.3359  decode.loss_iou: 0.5423  decode.acc_seg: 100.0000
02/13 14:32:01 - mmengine - INFO - Iter(train) [  2150/220000]  lr: 1.0000e-04  eta: 2 days, 9:24:37  time: 0.8031  data_time: 0.6664  memory: 4563  loss: 0.8888  decode.loss_dice: 0.3410  decode.loss_iou: 0.5478  decode.acc_seg: 100.0000
02/13 14:32:51 - mmengine - INFO - Iter(train) [  2200/220000]  lr: 1.0000e-04  eta: 2 days, 9:27:59  time: 1.0539  data_time: 0.9174  memory: 4563  loss: 0.8938  decode.loss_dice: 0.3438  decode.loss_iou: 0.5500  decode.acc_seg: 100.0000
02/13 14:33:38 - mmengine - INFO - Iter(train) [  2250/220000]  lr: 1.0000e-04  eta: 2 days, 9:26:54  time: 0.7993  data_time: 0.6631  memory: 4563  loss: 0.9111  decode.loss_dice: 0.3526  decode.loss_iou: 0.5585  decode.acc_seg: 100.0000
02/13 14:34:26 - mmengine - INFO - Iter(train) [  2300/220000]  lr: 1.0000e-04  eta: 2 days, 9:27:20  time: 1.0117  data_time: 0.8749  memory: 4563  loss: 0.8882  decode.loss_dice: 0.3406  decode.loss_iou: 0.5476  decode.acc_seg: 100.0000
02/13 14:35:12 - mmengine - INFO - Iter(train) [  2350/220000]  lr: 1.0000e-04  eta: 2 days, 9:23:25  time: 0.8544  data_time: 0.7178  memory: 4563  loss: 0.9015  decode.loss_dice: 0.3478  decode.loss_iou: 0.5537  decode.acc_seg: 100.0000
02/13 14:36:01 - mmengine - INFO - Iter(train) [  2400/220000]  lr: 1.0000e-04  eta: 2 days, 9:25:29  time: 1.2141  data_time: 1.0772  memory: 4563  loss: 0.9083  decode.loss_dice: 0.3522  decode.loss_iou: 0.5561  decode.acc_seg: 100.0000
02/13 14:36:46 - mmengine - INFO - Iter(train) [  2450/220000]  lr: 1.0000e-04  eta: 2 days, 9:20:39  time: 0.8392  data_time: 0.7028  memory: 4563  loss: 0.8671  decode.loss_dice: 0.3317  decode.loss_iou: 0.5354  decode.acc_seg: 100.0000
02/13 14:37:35 - mmengine - INFO - Iter(train) [  2500/220000]  lr: 1.0000e-04  eta: 2 days, 9:22:05  time: 1.2135  data_time: 1.0786  memory: 4563  loss: 0.9087  decode.loss_dice: 0.3523  decode.loss_iou: 0.5564  decode.acc_seg: 100.0000
02/13 14:38:21 - mmengine - INFO - Iter(train) [  2550/220000]  lr: 1.0000e-04  eta: 2 days, 9:19:55  time: 0.8190  data_time: 0.6820  memory: 4563  loss: 0.9335  decode.loss_dice: 0.3645  decode.loss_iou: 0.5690  decode.acc_seg: 100.0000
02/13 14:39:11 - mmengine - INFO - Iter(train) [  2600/220000]  lr: 1.0000e-04  eta: 2 days, 9:21:49  time: 1.1223  data_time: 0.9856  memory: 4563  loss: 0.8836  decode.loss_dice: 0.3404  decode.loss_iou: 0.5432  decode.acc_seg: 100.0000
02/13 14:39:56 - mmengine - INFO - Iter(train) [  2650/220000]  lr: 1.0000e-04  eta: 2 days, 9:18:25  time: 0.6980  data_time: 0.5614  memory: 4563  loss: 0.8788  decode.loss_dice: 0.3364  decode.loss_iou: 0.5424  decode.acc_seg: 100.0000
02/13 14:40:46 - mmengine - INFO - Iter(train) [  2700/220000]  lr: 1.0000e-04  eta: 2 days, 9:20:07  time: 1.1367  data_time: 1.0002  memory: 4563  loss: 0.8969  decode.loss_dice: 0.3464  decode.loss_iou: 0.5505  decode.acc_seg: 100.0000
02/13 14:41:28 - mmengine - INFO - Iter(train) [  2750/220000]  lr: 1.0000e-04  eta: 2 days, 9:12:45  time: 0.6952  data_time: 0.5604  memory: 4563  loss: 0.8739  decode.loss_dice: 0.3344  decode.loss_iou: 0.5395  decode.acc_seg: 100.0000
02/13 14:42:15 - mmengine - INFO - Iter(train) [  2800/220000]  lr: 1.0000e-04  eta: 2 days, 9:11:39  time: 1.0664  data_time: 0.9288  memory: 4563  loss: 0.8875  decode.loss_dice: 0.3409  decode.loss_iou: 0.5465  decode.acc_seg: 100.0000
02/13 14:43:03 - mmengine - INFO - Iter(train) [  2850/220000]  lr: 1.0000e-04  eta: 2 days, 9:11:09  time: 0.9222  data_time: 0.7855  memory: 4563  loss: 0.8562  decode.loss_dice: 0.3263  decode.loss_iou: 0.5299  decode.acc_seg: 100.0000
02/13 14:43:51 - mmengine - INFO - Iter(train) [  2900/220000]  lr: 1.0000e-04  eta: 2 days, 9:10:44  time: 1.0158  data_time: 0.8784  memory: 4563  loss: 0.8605  decode.loss_dice: 0.3279  decode.loss_iou: 0.5326  decode.acc_seg: 100.0000
02/13 14:44:38 - mmengine - INFO - Iter(train) [  2950/220000]  lr: 1.0000e-04  eta: 2 days, 9:09:36  time: 0.8463  data_time: 0.7097  memory: 4563  loss: 0.9112  decode.loss_dice: 0.3539  decode.loss_iou: 0.5572  decode.acc_seg: 100.0000
02/13 14:45:25 - mmengine - INFO - Exp name: unet-s5-d16_fcn-noaux_4xb4-220k_cbis-ddsm-mono-256x256_20240213_135726
02/13 14:45:25 - mmengine - INFO - Iter(train) [  3000/220000]  lr: 1.0000e-04  eta: 2 days, 9:09:16  time: 1.1127  data_time: 0.9759  memory: 4563  loss: 0.8484  decode.loss_dice: 0.3230  decode.loss_iou: 0.5254  decode.acc_seg: 100.0000
02/13 14:46:10 - mmengine - INFO - Iter(train) [  3050/220000]  lr: 1.0000e-04  eta: 2 days, 9:05:01  time: 0.6238  data_time: 0.4888  memory: 4563  loss: 0.8615  decode.loss_dice: 0.3299  decode.loss_iou: 0.5316  decode.acc_seg: 100.0000
02/13 14:46:57 - mmengine - INFO - Iter(train) [  3100/220000]  lr: 1.0000e-04  eta: 2 days, 9:04:20  time: 0.8821  data_time: 0.7472  memory: 4563  loss: 0.8630  decode.loss_dice: 0.3284  decode.loss_iou: 0.5346  decode.acc_seg: 100.0000
02/13 14:47:46 - mmengine - INFO - Iter(train) [  3150/220000]  lr: 1.0000e-04  eta: 2 days, 9:05:12  time: 1.0180  data_time: 0.8823  memory: 4563  loss: 0.8706  decode.loss_dice: 0.3343  decode.loss_iou: 0.5363  decode.acc_seg: 100.0000
02/13 14:48:34 - mmengine - INFO - Iter(train) [  3200/220000]  lr: 1.0000e-04  eta: 2 days, 9:04:52  time: 1.0495  data_time: 0.9127  memory: 4563  loss: 0.8102  decode.loss_dice: 0.3044  decode.loss_iou: 0.5058  decode.acc_seg: 100.0000
02/13 14:49:21 - mmengine - INFO - Iter(train) [  3250/220000]  lr: 1.0000e-04  eta: 2 days, 9:03:34  time: 0.8769  data_time: 0.7398  memory: 4563  loss: 0.8536  decode.loss_dice: 0.3254  decode.loss_iou: 0.5282  decode.acc_seg: 100.0000
02/13 14:50:10 - mmengine - INFO - Iter(train) [  3300/220000]  lr: 1.0000e-04  eta: 2 days, 9:04:24  time: 0.9740  data_time: 0.8366  memory: 4563  loss: 0.8758  decode.loss_dice: 0.3365  decode.loss_iou: 0.5393  decode.acc_seg: 100.0000
02/13 14:50:52 - mmengine - INFO - Iter(train) [  3350/220000]  lr: 1.0000e-04  eta: 2 days, 8:58:17  time: 0.6348  data_time: 0.4980  memory: 4563  loss: 0.8470  decode.loss_dice: 0.3215  decode.loss_iou: 0.5255  decode.acc_seg: 100.0000
02/13 14:51:39 - mmengine - INFO - Iter(train) [  3400/220000]  lr: 1.0000e-04  eta: 2 days, 8:56:49  time: 0.7157  data_time: 0.5809  memory: 4563  loss: 0.8564  decode.loss_dice: 0.3268  decode.loss_iou: 0.5296  decode.acc_seg: 100.0000
02/13 14:52:29 - mmengine - INFO - Iter(train) [  3450/220000]  lr: 1.0000e-04  eta: 2 days, 8:58:39  time: 1.1030  data_time: 0.9663  memory: 4563  loss: 0.8692  decode.loss_dice: 0.3339  decode.loss_iou: 0.5353  decode.acc_seg: 100.0000
02/13 14:53:15 - mmengine - INFO - Iter(train) [  3500/220000]  lr: 1.0000e-04  eta: 2 days, 8:56:50  time: 0.9267  data_time: 0.7899  memory: 4563  loss: 0.8437  decode.loss_dice: 0.3204  decode.loss_iou: 0.5234  decode.acc_seg: 100.0000
02/13 14:54:06 - mmengine - INFO - Iter(train) [  3550/220000]  lr: 1.0000e-04  eta: 2 days, 9:00:03  time: 0.9395  data_time: 0.8026  memory: 4563  loss: 0.8267  decode.loss_dice: 0.3135  decode.loss_iou: 0.5132  decode.acc_seg: 100.0000
02/13 14:54:53 - mmengine - INFO - Iter(train) [  3600/220000]  lr: 1.0000e-04  eta: 2 days, 8:57:58  time: 0.7949  data_time: 0.6581  memory: 4563  loss: 0.8955  decode.loss_dice: 0.3473  decode.loss_iou: 0.5482  decode.acc_seg: 100.0000
02/13 14:55:38 - mmengine - INFO - Iter(train) [  3650/220000]  lr: 1.0000e-04  eta: 2 days, 8:55:38  time: 1.0548  data_time: 0.9181  memory: 4563  loss: 0.8457  decode.loss_dice: 0.3224  decode.loss_iou: 0.5232  decode.acc_seg: 100.0000
02/13 14:56:26 - mmengine - INFO - Iter(train) [  3700/220000]  lr: 1.0000e-04  eta: 2 days, 8:54:40  time: 0.7867  data_time: 0.6518  memory: 4563  loss: 0.8440  decode.loss_dice: 0.3230  decode.loss_iou: 0.5209  decode.acc_seg: 100.0000
02/13 14:57:13 - mmengine - INFO - Iter(train) [  3750/220000]  lr: 1.0000e-04  eta: 2 days, 8:53:35  time: 1.0552  data_time: 0.9181  memory: 4563  loss: 0.8409  decode.loss_dice: 0.3214  decode.loss_iou: 0.5195  decode.acc_seg: 100.0000
02/13 14:58:01 - mmengine - INFO - Iter(train) [  3800/220000]  lr: 1.0000e-04  eta: 2 days, 8:54:06  time: 1.0571  data_time: 0.9200  memory: 4563  loss: 0.8274  decode.loss_dice: 0.3140  decode.loss_iou: 0.5134  decode.acc_seg: 100.0000
02/13 14:58:47 - mmengine - INFO - Iter(train) [  3850/220000]  lr: 1.0000e-04  eta: 2 days, 8:52:03  time: 0.9291  data_time: 0.7921  memory: 4563  loss: 0.8669  decode.loss_dice: 0.3329  decode.loss_iou: 0.5340  decode.acc_seg: 100.0000
02/13 14:59:33 - mmengine - INFO - Iter(train) [  3900/220000]  lr: 1.0000e-04  eta: 2 days, 8:49:23  time: 0.7045  data_time: 0.5678  memory: 4563  loss: 0.8499  decode.loss_dice: 0.3253  decode.loss_iou: 0.5245  decode.acc_seg: 100.0000
02/13 15:00:25 - mmengine - INFO - Iter(train) [  3950/220000]  lr: 1.0000e-04  eta: 2 days, 8:53:18  time: 1.2232  data_time: 1.0863  memory: 4563  loss: 0.8413  decode.loss_dice: 0.3222  decode.loss_iou: 0.5191  decode.acc_seg: 100.0000
02/13 15:01:11 - mmengine - INFO - Exp name: unet-s5-d16_fcn-noaux_4xb4-220k_cbis-ddsm-mono-256x256_20240213_135726
02/13 15:01:11 - mmengine - INFO - Iter(train) [  4000/220000]  lr: 1.0000e-04  eta: 2 days, 8:51:30  time: 0.7811  data_time: 0.6445  memory: 4563  loss: 0.8357  decode.loss_dice: 0.3184  decode.loss_iou: 0.5173  decode.acc_seg: 100.0000
02/13 15:01:59 - mmengine - INFO - Iter(train) [  4050/220000]  lr: 1.0000e-04  eta: 2 days, 8:50:31  time: 1.1129  data_time: 0.9760  memory: 4563  loss: 0.8524  decode.loss_dice: 0.3251  decode.loss_iou: 0.5273  decode.acc_seg: 100.0000
02/13 15:02:44 - mmengine - INFO - Iter(train) [  4100/220000]  lr: 1.0000e-04  eta: 2 days, 8:47:46  time: 0.7675  data_time: 0.6309  memory: 4563  loss: 0.8214  decode.loss_dice: 0.3126  decode.loss_iou: 0.5088  decode.acc_seg: 100.0000
02/13 15:03:35 - mmengine - INFO - Iter(train) [  4150/220000]  lr: 1.0000e-04  eta: 2 days, 8:50:17  time: 1.3305  data_time: 1.1934  memory: 4563  loss: 0.8363  decode.loss_dice: 0.3196  decode.loss_iou: 0.5166  decode.acc_seg: 100.0000
02/13 15:04:21 - mmengine - INFO - Iter(train) [  4200/220000]  lr: 1.0000e-04  eta: 2 days, 8:48:20  time: 0.6701  data_time: 0.5333  memory: 4563  loss: 0.7959  decode.loss_dice: 0.2996  decode.loss_iou: 0.4964  decode.acc_seg: 100.0000
02/13 15:05:10 - mmengine - INFO - Iter(train) [  4250/220000]  lr: 1.0000e-04  eta: 2 days, 8:49:07  time: 1.1211  data_time: 0.9838  memory: 4563  loss: 0.8344  decode.loss_dice: 0.3174  decode.loss_iou: 0.5170  decode.acc_seg: 100.0000
02/13 15:05:56 - mmengine - INFO - Iter(train) [  4300/220000]  lr: 1.0000e-04  eta: 2 days, 8:46:56  time: 0.8932  data_time: 0.7565  memory: 4563  loss: 0.8774  decode.loss_dice: 0.3376  decode.loss_iou: 0.5398  decode.acc_seg: 100.0000
02/13 15:06:43 - mmengine - INFO - Iter(train) [  4350/220000]  lr: 1.0000e-04  eta: 2 days, 8:45:38  time: 1.0454  data_time: 0.9082  memory: 4563  loss: 0.7697  decode.loss_dice: 0.2891  decode.loss_iou: 0.4806  decode.acc_seg: 100.0000
02/13 15:07:29 - mmengine - INFO - Iter(train) [  4400/220000]  lr: 1.0000e-04  eta: 2 days, 8:43:48  time: 0.8167  data_time: 0.6804  memory: 4563  loss: 0.8126  decode.loss_dice: 0.3086  decode.loss_iou: 0.5040  decode.acc_seg: 100.0000
02/13 15:08:17 - mmengine - INFO - Iter(train) [  4450/220000]  lr: 1.0000e-04  eta: 2 days, 8:43:52  time: 0.9280  data_time: 0.7910  memory: 4563  loss: 0.8103  decode.loss_dice: 0.3073  decode.loss_iou: 0.5030  decode.acc_seg: 100.0000
02/13 15:09:05 - mmengine - INFO - Iter(train) [  4500/220000]  lr: 1.0000e-04  eta: 2 days, 8:43:03  time: 1.0233  data_time: 0.8878  memory: 4563  loss: 0.8470  decode.loss_dice: 0.3246  decode.loss_iou: 0.5224  decode.acc_seg: 100.0000
02/13 15:09:50 - mmengine - INFO - Iter(train) [  4550/220000]  lr: 1.0000e-04  eta: 2 days, 8:40:31  time: 0.8099  data_time: 0.6747  memory: 4563  loss: 0.8264  decode.loss_dice: 0.3148  decode.loss_iou: 0.5116  decode.acc_seg: 100.0000
02/13 15:10:41 - mmengine - INFO - Iter(train) [  4600/220000]  lr: 1.0000e-04  eta: 2 days, 8:42:42  time: 1.2596  data_time: 1.1231  memory: 4563  loss: 0.8529  decode.loss_dice: 0.3277  decode.loss_iou: 0.5252  decode.acc_seg: 100.0000
02/13 15:11:27 - mmengine - INFO - Iter(train) [  4650/220000]  lr: 1.0000e-04  eta: 2 days, 8:40:59  time: 0.7007  data_time: 0.5636  memory: 4563  loss: 0.8230  decode.loss_dice: 0.3136  decode.loss_iou: 0.5094  decode.acc_seg: 100.0000
02/13 15:12:14 - mmengine - INFO - Iter(train) [  4700/220000]  lr: 1.0000e-04  eta: 2 days, 8:39:35  time: 0.8168  data_time: 0.6797  memory: 4563  loss: 0.8065  decode.loss_dice: 0.3066  decode.loss_iou: 0.4999  decode.acc_seg: 100.0000
02/13 15:13:02 - mmengine - INFO - Iter(train) [  4750/220000]  lr: 1.0000e-04  eta: 2 days, 8:39:36  time: 1.1968  data_time: 1.0597  memory: 4563  loss: 0.8254  decode.loss_dice: 0.3139  decode.loss_iou: 0.5115  decode.acc_seg: 100.0000
02/13 15:13:49 - mmengine - INFO - Iter(train) [  4800/220000]  lr: 1.0000e-04  eta: 2 days, 8:38:32  time: 0.7502  data_time: 0.6134  memory: 4563  loss: 0.8522  decode.loss_dice: 0.3249  decode.loss_iou: 0.5273  decode.acc_seg: 100.0000
02/13 15:14:39 - mmengine - INFO - Iter(train) [  4850/220000]  lr: 1.0000e-04  eta: 2 days, 8:39:28  time: 1.0520  data_time: 0.9149  memory: 4563  loss: 0.8661  decode.loss_dice: 0.3345  decode.loss_iou: 0.5316  decode.acc_seg: 100.0000
02/13 15:15:23 - mmengine - INFO - Iter(train) [  4900/220000]  lr: 1.0000e-04  eta: 2 days, 8:36:27  time: 0.7924  data_time: 0.6550  memory: 4563  loss: 0.8382  decode.loss_dice: 0.3196  decode.loss_iou: 0.5186  decode.acc_seg: 100.0000
02/13 15:16:13 - mmengine - INFO - Iter(train) [  4950/220000]  lr: 1.0000e-04  eta: 2 days, 8:37:28  time: 1.2025  data_time: 1.0649  memory: 4563  loss: 0.8019  decode.loss_dice: 0.3045  decode.loss_iou: 0.4973  decode.acc_seg: 100.0000
02/13 15:16:56 - mmengine - INFO - Exp name: unet-s5-d16_fcn-noaux_4xb4-220k_cbis-ddsm-mono-256x256_20240213_135726
02/13 15:16:56 - mmengine - INFO - Iter(train) [  5000/220000]  lr: 1.0000e-04  eta: 2 days, 8:33:37  time: 0.7027  data_time: 0.5655  memory: 4563  loss: 0.9068  decode.loss_dice: 0.3537  decode.loss_iou: 0.5530  decode.acc_seg: 100.0000
02/13 15:17:47 - mmengine - INFO - Iter(train) [  5050/220000]  lr: 1.0000e-04  eta: 2 days, 8:35:30  time: 1.1161  data_time: 0.9790  memory: 4563  loss: 0.8023  decode.loss_dice: 0.3039  decode.loss_iou: 0.4984  decode.acc_seg: 100.0000
02/13 15:18:32 - mmengine - INFO - Iter(train) [  5100/220000]  lr: 1.0000e-04  eta: 2 days, 8:32:30  time: 0.6476  data_time: 0.5108  memory: 4563  loss: 0.7923  decode.loss_dice: 0.2998  decode.loss_iou: 0.4925  decode.acc_seg: 100.0000
02/13 15:19:18 - mmengine - INFO - Iter(train) [  5150/220000]  lr: 1.0000e-04  eta: 2 days, 8:31:15  time: 0.7858  data_time: 0.6510  memory: 4563  loss: 0.7882  decode.loss_dice: 0.2973  decode.loss_iou: 0.4908  decode.acc_seg: 100.0000
02/13 15:20:06 - mmengine - INFO - Iter(train) [  5200/220000]  lr: 1.0000e-04  eta: 2 days, 8:30:55  time: 1.1193  data_time: 0.9840  memory: 4563  loss: 0.8516  decode.loss_dice: 0.3249  decode.loss_iou: 0.5267  decode.acc_seg: 100.0000
02/13 15:20:52 - mmengine - INFO - Iter(train) [  5250/220000]  lr: 1.0000e-04  eta: 2 days, 8:29:12  time: 0.7097  data_time: 0.5746  memory: 4563  loss: 0.8422  decode.loss_dice: 0.3219  decode.loss_iou: 0.5203  decode.acc_seg: 100.0000
02/13 15:21:41 - mmengine - INFO - Iter(train) [  5300/220000]  lr: 1.0000e-04  eta: 2 days, 8:29:02  time: 1.1031  data_time: 0.9664  memory: 4563  loss: 0.8302  decode.loss_dice: 0.3170  decode.loss_iou: 0.5132  decode.acc_seg: 100.0000
02/13 15:22:28 - mmengine - INFO - Iter(train) [  5350/220000]  lr: 1.0000e-04  eta: 2 days, 8:28:28  time: 0.6928  data_time: 0.5561  memory: 4563  loss: 0.8288  decode.loss_dice: 0.3160  decode.loss_iou: 0.5128  decode.acc_seg: 100.0000
02/13 15:23:17 - mmengine - INFO - Iter(train) [  5400/220000]  lr: 1.0000e-04  eta: 2 days, 8:28:20  time: 1.1191  data_time: 0.9825  memory: 4563  loss: 0.8222  decode.loss_dice: 0.3138  decode.loss_iou: 0.5084  decode.acc_seg: 100.0000
02/13 15:24:02 - mmengine - INFO - Iter(train) [  5450/220000]  lr: 1.0000e-04  eta: 2 days, 8:26:07  time: 0.6968  data_time: 0.5597  memory: 4563  loss: 0.8613  decode.loss_dice: 0.3312  decode.loss_iou: 0.5301  decode.acc_seg: 100.0000
02/13 15:24:52 - mmengine - INFO - Iter(train) [  5500/220000]  lr: 1.0000e-04  eta: 2 days, 8:26:57  time: 1.0704  data_time: 0.9331  memory: 4563  loss: 0.8474  decode.loss_dice: 0.3242  decode.loss_iou: 0.5232  decode.acc_seg: 100.0000
02/13 15:25:35 - mmengine - INFO - Iter(train) [  5550/220000]  lr: 1.0000e-04  eta: 2 days, 8:23:42  time: 0.7703  data_time: 0.6328  memory: 4563  loss: 0.8507  decode.loss_dice: 0.3270  decode.loss_iou: 0.5237  decode.acc_seg: 100.0000
02/13 15:26:25 - mmengine - INFO - Iter(train) [  5600/220000]  lr: 1.0000e-04  eta: 2 days, 8:24:21  time: 1.1517  data_time: 1.0145  memory: 4563  loss: 0.8512  decode.loss_dice: 0.3286  decode.loss_iou: 0.5226  decode.acc_seg: 100.0000
02/13 15:27:14 - mmengine - INFO - Iter(train) [  5650/220000]  lr: 1.0000e-04  eta: 2 days, 8:24:50  time: 0.8088  data_time: 0.6721  memory: 4563  loss: 0.8280  decode.loss_dice: 0.3162  decode.loss_iou: 0.5119  decode.acc_seg: 100.0000
02/13 15:28:02 - mmengine - INFO - Iter(train) [  5700/220000]  lr: 1.0000e-04  eta: 2 days, 8:24:29  time: 1.2027  data_time: 1.0655  memory: 4563  loss: 0.8674  decode.loss_dice: 0.3358  decode.loss_iou: 0.5317  decode.acc_seg: 100.0000
02/13 15:28:47 - mmengine - INFO - Iter(train) [  5750/220000]  lr: 1.0000e-04  eta: 2 days, 8:22:17  time: 0.7408  data_time: 0.6043  memory: 4563  loss: 0.8256  decode.loss_dice: 0.3148  decode.loss_iou: 0.5107  decode.acc_seg: 100.0000
02/13 15:29:35 - mmengine - INFO - Iter(train) [  5800/220000]  lr: 1.0000e-04  eta: 2 days, 8:21:59  time: 1.0948  data_time: 0.9577  memory: 4563  loss: 0.8206  decode.loss_dice: 0.3146  decode.loss_iou: 0.5060  decode.acc_seg: 100.0000
02/13 15:30:20 - mmengine - INFO - Iter(train) [  5850/220000]  lr: 1.0000e-04  eta: 2 days, 8:19:44  time: 0.8849  data_time: 0.7474  memory: 4563  loss: 0.8167  decode.loss_dice: 0.3107  decode.loss_iou: 0.5060  decode.acc_seg: 100.0000
02/13 15:31:06 - mmengine - INFO - Iter(train) [  5900/220000]  lr: 1.0000e-04  eta: 2 days, 8:18:08  time: 0.6030  data_time: 0.4659  memory: 4563  loss: 0.8147  decode.loss_dice: 0.3126  decode.loss_iou: 0.5021  decode.acc_seg: 100.0000
02/13 15:31:55 - mmengine - INFO - Iter(train) [  5950/220000]  lr: 1.0000e-04  eta: 2 days, 8:18:04  time: 0.9512  data_time: 0.8138  memory: 4563  loss: 0.7924  decode.loss_dice: 0.3010  decode.loss_iou: 0.4914  decode.acc_seg: 100.0000
02/13 15:32:42 - mmengine - INFO - Exp name: unet-s5-d16_fcn-noaux_4xb4-220k_cbis-ddsm-mono-256x256_20240213_135726
02/13 15:32:42 - mmengine - INFO - Iter(train) [  6000/220000]  lr: 1.0000e-04  eta: 2 days, 8:17:09  time: 0.9580  data_time: 0.8210  memory: 4563  loss: 0.8294  decode.loss_dice: 0.3158  decode.loss_iou: 0.5136  decode.acc_seg: 100.0000
02/13 15:33:28 - mmengine - INFO - Iter(train) [  6050/220000]  lr: 1.0000e-04  eta: 2 days, 8:15:25  time: 0.8047  data_time: 0.6675  memory: 4563  loss: 0.8641  decode.loss_dice: 0.3323  decode.loss_iou: 0.5318  decode.acc_seg: 100.0000
02/13 15:34:18 - mmengine - INFO - Iter(train) [  6100/220000]  lr: 1.0000e-04  eta: 2 days, 8:16:28  time: 1.1292  data_time: 0.9921  memory: 4563  loss: 0.8620  decode.loss_dice: 0.3330  decode.loss_iou: 0.5290  decode.acc_seg: 100.0000
02/13 15:35:04 - mmengine - INFO - Iter(train) [  6150/220000]  lr: 1.0000e-04  eta: 2 days, 8:14:35  time: 0.7449  data_time: 0.6081  memory: 4563  loss: 0.8259  decode.loss_dice: 0.3141  decode.loss_iou: 0.5117  decode.acc_seg: 100.0000
02/13 15:35:54 - mmengine - INFO - Iter(train) [  6200/220000]  lr: 1.0000e-04  eta: 2 days, 8:15:25  time: 1.0384  data_time: 0.9030  memory: 4563  loss: 0.7936  decode.loss_dice: 0.3014  decode.loss_iou: 0.4922  decode.acc_seg: 100.0000
02/13 15:36:39 - mmengine - INFO - Iter(train) [  6250/220000]  lr: 1.0000e-04  eta: 2 days, 8:13:32  time: 0.7024  data_time: 0.5654  memory: 4563  loss: 0.7832  decode.loss_dice: 0.2966  decode.loss_iou: 0.4866  decode.acc_seg: 100.0000
02/13 15:37:30 - mmengine - INFO - Iter(train) [  6300/220000]  lr: 1.0000e-04  eta: 2 days, 8:14:30  time: 1.1569  data_time: 1.0204  memory: 4563  loss: 0.8288  decode.loss_dice: 0.3176  decode.loss_iou: 0.5112  decode.acc_seg: 100.0000
02/13 15:38:14 - mmengine - INFO - Iter(train) [  6350/220000]  lr: 1.0000e-04  eta: 2 days, 8:11:55  time: 0.9298  data_time: 0.7932  memory: 4563  loss: 0.8397  decode.loss_dice: 0.3209  decode.loss_iou: 0.5188  decode.acc_seg: 100.0000
02/13 15:39:04 - mmengine - INFO - Iter(train) [  6400/220000]  lr: 1.0000e-04  eta: 2 days, 8:12:33  time: 1.1885  data_time: 1.0514  memory: 4563  loss: 0.7585  decode.loss_dice: 0.2850  decode.loss_iou: 0.4734  decode.acc_seg: 100.0000
02/13 15:39:49 - mmengine - INFO - Iter(train) [  6450/220000]  lr: 1.0000e-04  eta: 2 days, 8:10:17  time: 0.6494  data_time: 0.5125  memory: 4563  loss: 0.7882  decode.loss_dice: 0.2949  decode.loss_iou: 0.4934  decode.acc_seg: 100.0000
02/13 15:40:37 - mmengine - INFO - Iter(train) [  6500/220000]  lr: 1.0000e-04  eta: 2 days, 8:09:57  time: 1.0404  data_time: 0.9035  memory: 4563  loss: 0.8324  decode.loss_dice: 0.3180  decode.loss_iou: 0.5144  decode.acc_seg: 100.0000
02/13 15:41:22 - mmengine - INFO - Iter(train) [  6550/220000]  lr: 1.0000e-04  eta: 2 days, 8:07:52  time: 0.7607  data_time: 0.6239  memory: 4563  loss: 0.8470  decode.loss_dice: 0.3266  decode.loss_iou: 0.5205  decode.acc_seg: 100.0000
02/13 15:42:10 - mmengine - INFO - Iter(train) [  6600/220000]  lr: 1.0000e-04  eta: 2 days, 8:07:20  time: 1.1808  data_time: 1.0439  memory: 4563  loss: 0.7884  decode.loss_dice: 0.2961  decode.loss_iou: 0.4924  decode.acc_seg: 100.0000
02/13 15:42:53 - mmengine - INFO - Iter(train) [  6650/220000]  lr: 1.0000e-04  eta: 2 days, 8:04:23  time: 0.7641  data_time: 0.6271  memory: 4563  loss: 0.8165  decode.loss_dice: 0.3108  decode.loss_iou: 0.5057  decode.acc_seg: 100.0000
02/13 15:43:42 - mmengine - INFO - Iter(train) [  6700/220000]  lr: 1.0000e-04  eta: 2 days, 8:04:42  time: 0.9850  data_time: 0.8477  memory: 4563  loss: 0.8395  decode.loss_dice: 0.3210  decode.loss_iou: 0.5184  decode.acc_seg: 100.0000
02/13 15:44:33 - mmengine - INFO - Iter(train) [  6750/220000]  lr: 1.0000e-04  eta: 2 days, 8:05:28  time: 1.1204  data_time: 0.9837  memory: 4563  loss: 0.8063  decode.loss_dice: 0.3079  decode.loss_iou: 0.4984  decode.acc_seg: 100.0000
02/13 15:45:18 - mmengine - INFO - Iter(train) [  6800/220000]  lr: 1.0000e-04  eta: 2 days, 8:03:27  time: 1.0367  data_time: 0.8984  memory: 4563  loss: 0.7924  decode.loss_dice: 0.3010  decode.loss_iou: 0.4914  decode.acc_seg: 100.0000
02/13 15:46:04 - mmengine - INFO - Iter(train) [  6850/220000]  lr: 1.0000e-04  eta: 2 days, 8:02:23  time: 0.8549  data_time: 0.7172  memory: 4563  loss: 0.8459  decode.loss_dice: 0.3262  decode.loss_iou: 0.5198  decode.acc_seg: 100.0000
02/13 15:46:54 - mmengine - INFO - Iter(train) [  6900/220000]  lr: 1.0000e-04  eta: 2 days, 8:02:48  time: 1.0772  data_time: 0.9406  memory: 4563  loss: 0.8241  decode.loss_dice: 0.3139  decode.loss_iou: 0.5102  decode.acc_seg: 100.0000
02/13 15:47:40 - mmengine - INFO - Iter(train) [  6950/220000]  lr: 1.0000e-04  eta: 2 days, 8:01:06  time: 0.8321  data_time: 0.6952  memory: 4563  loss: 0.8187  decode.loss_dice: 0.3119  decode.loss_iou: 0.5069  decode.acc_seg: 100.0000
02/13 15:48:27 - mmengine - INFO - Exp name: unet-s5-d16_fcn-noaux_4xb4-220k_cbis-ddsm-mono-256x256_20240213_135726
02/13 15:48:27 - mmengine - INFO - Iter(train) [  7000/220000]  lr: 1.0000e-04  eta: 2 days, 8:00:33  time: 0.9752  data_time: 0.8374  memory: 4563  loss: 0.8292  decode.loss_dice: 0.3188  decode.loss_iou: 0.5104  decode.acc_seg: 100.0000
02/13 15:49:15 - mmengine - INFO - Iter(train) [  7050/220000]  lr: 1.0000e-04  eta: 2 days, 8:00:08  time: 1.0103  data_time: 0.8726  memory: 4563  loss: 0.8142  decode.loss_dice: 0.3112  decode.loss_iou: 0.5030  decode.acc_seg: 100.0000
02/13 15:50:01 - mmengine - INFO - Iter(train) [  7100/220000]  lr: 1.0000e-04  eta: 2 days, 7:58:34  time: 0.6449  data_time: 0.5080  memory: 4563  loss: 0.7887  decode.loss_dice: 0.3014  decode.loss_iou: 0.4873  decode.acc_seg: 100.0000
02/13 15:50:49 - mmengine - INFO - Iter(train) [  7150/220000]  lr: 1.0000e-04  eta: 2 days, 7:57:44  time: 1.0014  data_time: 0.8646  memory: 4563  loss: 0.8674  decode.loss_dice: 0.3338  decode.loss_iou: 0.5336  decode.acc_seg: 100.0000
02/13 15:51:36 - mmengine - INFO - Iter(train) [  7200/220000]  lr: 1.0000e-04  eta: 2 days, 7:56:59  time: 1.1118  data_time: 0.9746  memory: 4563  loss: 0.8384  decode.loss_dice: 0.3206  decode.loss_iou: 0.5178  decode.acc_seg: 100.0000
02/13 15:52:22 - mmengine - INFO - Iter(train) [  7250/220000]  lr: 1.0000e-04  eta: 2 days, 7:55:46  time: 0.9022  data_time: 0.7651  memory: 4563  loss: 0.8003  decode.loss_dice: 0.3028  decode.loss_iou: 0.4975  decode.acc_seg: 100.0000
02/13 15:53:11 - mmengine - INFO - Iter(train) [  7300/220000]  lr: 1.0000e-04  eta: 2 days, 7:55:48  time: 1.0745  data_time: 0.9393  memory: 4563  loss: 0.8067  decode.loss_dice: 0.3081  decode.loss_iou: 0.4986  decode.acc_seg: 100.0000
02/13 15:53:58 - mmengine - INFO - Iter(train) [  7350/220000]  lr: 1.0000e-04  eta: 2 days, 7:54:38  time: 0.8009  data_time: 0.6656  memory: 4563  loss: 0.7796  decode.loss_dice: 0.2945  decode.loss_iou: 0.4852  decode.acc_seg: 100.0000
02/13 15:54:45 - mmengine - INFO - Iter(train) [  7400/220000]  lr: 1.0000e-04  eta: 2 days, 7:53:40  time: 0.7805  data_time: 0.6428  memory: 4563  loss: 0.7946  decode.loss_dice: 0.3000  decode.loss_iou: 0.4946  decode.acc_seg: 100.0000
02/13 15:55:32 - mmengine - INFO - Iter(train) [  7450/220000]  lr: 1.0000e-04  eta: 2 days, 7:52:42  time: 1.0909  data_time: 0.9536  memory: 4563  loss: 0.8683  decode.loss_dice: 0.3352  decode.loss_iou: 0.5331  decode.acc_seg: 100.0000
02/13 15:56:18 - mmengine - INFO - Iter(train) [  7500/220000]  lr: 1.0000e-04  eta: 2 days, 7:51:36  time: 1.1138  data_time: 0.9762  memory: 4563  loss: 0.7773  decode.loss_dice: 0.2948  decode.loss_iou: 0.4825  decode.acc_seg: 100.0000
02/13 15:57:05 - mmengine - INFO - Iter(train) [  7550/220000]  lr: 1.0000e-04  eta: 2 days, 7:50:30  time: 0.8247  data_time: 0.6870  memory: 4563  loss: 0.8073  decode.loss_dice: 0.3061  decode.loss_iou: 0.5012  decode.acc_seg: 100.0000
02/13 15:57:56 - mmengine - INFO - Iter(train) [  7600/220000]  lr: 1.0000e-04  eta: 2 days, 7:51:28  time: 1.2922  data_time: 1.1551  memory: 4563  loss: 0.8550  decode.loss_dice: 0.3285  decode.loss_iou: 0.5266  decode.acc_seg: 100.0000
02/13 15:58:40 - mmengine - INFO - Iter(train) [  7650/220000]  lr: 1.0000e-04  eta: 2 days, 7:48:54  time: 0.9825  data_time: 0.8446  memory: 4563  loss: 0.7970  decode.loss_dice: 0.3008  decode.loss_iou: 0.4963  decode.acc_seg: 100.0000
02/13 15:59:28 - mmengine - INFO - Iter(train) [  7700/220000]  lr: 1.0000e-04  eta: 2 days, 7:48:41  time: 0.9592  data_time: 0.8239  memory: 4563  loss: 0.8314  decode.loss_dice: 0.3184  decode.loss_iou: 0.5131  decode.acc_seg: 100.0000
02/13 16:00:14 - mmengine - INFO - Iter(train) [  7750/220000]  lr: 1.0000e-04  eta: 2 days, 7:47:11  time: 1.1059  data_time: 0.9704  memory: 4563  loss: 0.7988  decode.loss_dice: 0.3028  decode.loss_iou: 0.4960  decode.acc_seg: 100.0000
02/13 16:01:03 - mmengine - INFO - Iter(train) [  7800/220000]  lr: 1.0000e-04  eta: 2 days, 7:47:16  time: 1.0793  data_time: 0.9418  memory: 4563  loss: 0.8322  decode.loss_dice: 0.3171  decode.loss_iou: 0.5152  decode.acc_seg: 100.0000
02/13 16:01:49 - mmengine - INFO - Iter(train) [  7850/220000]  lr: 1.0000e-04  eta: 2 days, 7:45:43  time: 0.8671  data_time: 0.7299  memory: 4563  loss: 0.7475  decode.loss_dice: 0.2812  decode.loss_iou: 0.4663  decode.acc_seg: 100.0000
02/13 16:02:38 - mmengine - INFO - Iter(train) [  7900/220000]  lr: 1.0000e-04  eta: 2 days, 7:45:30  time: 1.0915  data_time: 0.9543  memory: 4563  loss: 0.8191  decode.loss_dice: 0.3105  decode.loss_iou: 0.5087  decode.acc_seg: 100.0000
02/13 16:03:24 - mmengine - INFO - Iter(train) [  7950/220000]  lr: 1.0000e-04  eta: 2 days, 7:44:33  time: 0.8134  data_time: 0.6767  memory: 4563  loss: 0.8090  decode.loss_dice: 0.3087  decode.loss_iou: 0.5003  decode.acc_seg: 100.0000
02/13 16:04:11 - mmengine - INFO - Exp name: unet-s5-d16_fcn-noaux_4xb4-220k_cbis-ddsm-mono-256x256_20240213_135726
02/13 16:04:11 - mmengine - INFO - Iter(train) [  8000/220000]  lr: 1.0000e-04  eta: 2 days, 7:43:18  time: 1.1195  data_time: 0.9825  memory: 4563  loss: 0.8231  decode.loss_dice: 0.3149  decode.loss_iou: 0.5082  decode.acc_seg: 100.0000
02/13 16:04:57 - mmengine - INFO - Iter(train) [  8050/220000]  lr: 1.0000e-04  eta: 2 days, 7:41:59  time: 0.7346  data_time: 0.5976  memory: 4563  loss: 0.8199  decode.loss_dice: 0.3095  decode.loss_iou: 0.5104  decode.acc_seg: 100.0000
02/13 16:05:47 - mmengine - INFO - Iter(train) [  8100/220000]  lr: 1.0000e-04  eta: 2 days, 7:42:30  time: 1.0378  data_time: 0.9008  memory: 4563  loss: 0.8018  decode.loss_dice: 0.3037  decode.loss_iou: 0.4981  decode.acc_seg: 100.0000
02/13 16:06:32 - mmengine - INFO - Iter(train) [  8150/220000]  lr: 1.0000e-04  eta: 2 days, 7:40:30  time: 1.1029  data_time: 0.9659  memory: 4563  loss: 0.7836  decode.loss_dice: 0.2942  decode.loss_iou: 0.4894  decode.acc_seg: 100.0000
02/13 16:07:19 - mmengine - INFO - Iter(train) [  8200/220000]  lr: 1.0000e-04  eta: 2 days, 7:39:49  time: 1.0411  data_time: 0.9040  memory: 4563  loss: 0.8084  decode.loss_dice: 0.3062  decode.loss_iou: 0.5022  decode.acc_seg: 100.0000
02/13 16:08:05 - mmengine - INFO - Iter(train) [  8250/220000]  lr: 1.0000e-04  eta: 2 days, 7:38:23  time: 0.8882  data_time: 0.7511  memory: 4563  loss: 0.8078  decode.loss_dice: 0.3061  decode.loss_iou: 0.5017  decode.acc_seg: 100.0000
02/13 16:08:55 - mmengine - INFO - Iter(train) [  8300/220000]  lr: 1.0000e-04  eta: 2 days, 7:38:44  time: 1.1074  data_time: 0.9704  memory: 4563  loss: 0.8535  decode.loss_dice: 0.3292  decode.loss_iou: 0.5243  decode.acc_seg: 100.0000
02/13 16:09:41 - mmengine - INFO - Iter(train) [  8350/220000]  lr: 1.0000e-04  eta: 2 days, 7:37:14  time: 0.7534  data_time: 0.6182  memory: 4563  loss: 0.8490  decode.loss_dice: 0.3271  decode.loss_iou: 0.5219  decode.acc_seg: 100.0000
02/13 16:10:29 - mmengine - INFO - Iter(train) [  8400/220000]  lr: 1.0000e-04  eta: 2 days, 7:36:43  time: 0.7307  data_time: 0.5933  memory: 4563  loss: 0.8117  decode.loss_dice: 0.3081  decode.loss_iou: 0.5037  decode.acc_seg: 100.0000
02/13 16:11:15 - mmengine - INFO - Iter(train) [  8450/220000]  lr: 1.0000e-04  eta: 2 days, 7:35:28  time: 0.9424  data_time: 0.8049  memory: 4563  loss: 0.7985  decode.loss_dice: 0.3042  decode.loss_iou: 0.4943  decode.acc_seg: 100.0000
02/13 16:12:01 - mmengine - INFO - Iter(train) [  8500/220000]  lr: 1.0000e-04  eta: 2 days, 7:34:17  time: 0.9475  data_time: 0.8097  memory: 4563  loss: 0.8137  decode.loss_dice: 0.3109  decode.loss_iou: 0.5028  decode.acc_seg: 100.0000
02/13 16:12:49 - mmengine - INFO - Iter(train) [  8550/220000]  lr: 1.0000e-04  eta: 2 days, 7:33:38  time: 0.9035  data_time: 0.7678  memory: 4563  loss: 0.8178  decode.loss_dice: 0.3121  decode.loss_iou: 0.5057  decode.acc_seg: 100.0000
02/13 16:13:36 - mmengine - INFO - Iter(train) [  8600/220000]  lr: 1.0000e-04  eta: 2 days, 7:33:01  time: 0.7956  data_time: 0.6579  memory: 4563  loss: 0.8211  decode.loss_dice: 0.3137  decode.loss_iou: 0.5075  decode.acc_seg: 100.0000
02/13 16:14:23 - mmengine - INFO - Iter(train) [  8650/220000]  lr: 1.0000e-04  eta: 2 days, 7:31:59  time: 0.9310  data_time: 0.7954  memory: 4563  loss: 0.7992  decode.loss_dice: 0.3037  decode.loss_iou: 0.4954  decode.acc_seg: 100.0000
02/13 16:15:11 - mmengine - INFO - Iter(train) [  8700/220000]  lr: 1.0000e-04  eta: 2 days, 7:31:22  time: 0.8541  data_time: 0.7165  memory: 4563  loss: 0.7961  decode.loss_dice: 0.3021  decode.loss_iou: 0.4940  decode.acc_seg: 100.0000
02/13 16:15:59 - mmengine - INFO - Iter(train) [  8750/220000]  lr: 1.0000e-04  eta: 2 days, 7:30:52  time: 1.1370  data_time: 0.9998  memory: 4563  loss: 0.8112  decode.loss_dice: 0.3095  decode.loss_iou: 0.5017  decode.acc_seg: 100.0000
02/13 16:16:47 - mmengine - INFO - Iter(train) [  8800/220000]  lr: 1.0000e-04  eta: 2 days, 7:30:26  time: 0.7615  data_time: 0.6238  memory: 4563  loss: 0.8232  decode.loss_dice: 0.3127  decode.loss_iou: 0.5105  decode.acc_seg: 100.0000
02/13 16:17:34 - mmengine - INFO - Iter(train) [  8850/220000]  lr: 1.0000e-04  eta: 2 days, 7:29:36  time: 1.0219  data_time: 0.8841  memory: 4563  loss: 0.8173  decode.loss_dice: 0.3099  decode.loss_iou: 0.5074  decode.acc_seg: 100.0000
02/13 16:18:21 - mmengine - INFO - Iter(train) [  8900/220000]  lr: 1.0000e-04  eta: 2 days, 7:28:29  time: 0.8303  data_time: 0.6925  memory: 4563  loss: 0.8128  decode.loss_dice: 0.3077  decode.loss_iou: 0.5051  decode.acc_seg: 100.0000
02/13 16:19:09 - mmengine - INFO - Iter(train) [  8950/220000]  lr: 1.0000e-04  eta: 2 days, 7:28:09  time: 1.1331  data_time: 0.9952  memory: 4563  loss: 0.7435  decode.loss_dice: 0.2790  decode.loss_iou: 0.4646  decode.acc_seg: 100.0000
02/13 16:19:53 - mmengine - INFO - Exp name: unet-s5-d16_fcn-noaux_4xb4-220k_cbis-ddsm-mono-256x256_20240213_135726
02/13 16:19:53 - mmengine - INFO - Iter(train) [  9000/220000]  lr: 1.0000e-04  eta: 2 days, 7:25:53  time: 0.6109  data_time: 0.4734  memory: 4563  loss: 0.7610  decode.loss_dice: 0.2871  decode.loss_iou: 0.4739  decode.acc_seg: 100.0000
02/13 16:20:43 - mmengine - INFO - Iter(train) [  9050/220000]  lr: 1.0000e-04  eta: 2 days, 7:26:10  time: 1.0037  data_time: 0.8663  memory: 4563  loss: 0.8177  decode.loss_dice: 0.3127  decode.loss_iou: 0.5050  decode.acc_seg: 100.0000
02/13 16:21:30 - mmengine - INFO - Iter(train) [  9100/220000]  lr: 1.0000e-04  eta: 2 days, 7:25:20  time: 1.0630  data_time: 0.9253  memory: 4563  loss: 0.8178  decode.loss_dice: 0.3106  decode.loss_iou: 0.5071  decode.acc_seg: 100.0000
02/13 16:22:15 - mmengine - INFO - Iter(train) [  9150/220000]  lr: 1.0000e-04  eta: 2 days, 7:23:42  time: 0.7496  data_time: 0.6123  memory: 4563  loss: 0.8270  decode.loss_dice: 0.3151  decode.loss_iou: 0.5118  decode.acc_seg: 100.0000
02/13 16:23:06 - mmengine - INFO - Iter(train) [  9200/220000]  lr: 1.0000e-04  eta: 2 days, 7:24:06  time: 1.0376  data_time: 0.8999  memory: 4563  loss: 0.8825  decode.loss_dice: 0.3416  decode.loss_iou: 0.5409  decode.acc_seg: 100.0000
02/13 16:23:52 - mmengine - INFO - Iter(train) [  9250/220000]  lr: 1.0000e-04  eta: 2 days, 7:22:56  time: 0.9760  data_time: 0.8381  memory: 4563  loss: 0.7709  decode.loss_dice: 0.2894  decode.loss_iou: 0.4815  decode.acc_seg: 100.0000
02/13 16:24:39 - mmengine - INFO - Iter(train) [  9300/220000]  lr: 1.0000e-04  eta: 2 days, 7:22:17  time: 0.8590  data_time: 0.7212  memory: 4563  loss: 0.8153  decode.loss_dice: 0.3119  decode.loss_iou: 0.5033  decode.acc_seg: 100.0000
02/13 16:25:29 - mmengine - INFO - Iter(train) [  9350/220000]  lr: 1.0000e-04  eta: 2 days, 7:22:14  time: 0.9539  data_time: 0.8165  memory: 4563  loss: 0.8197  decode.loss_dice: 0.3154  decode.loss_iou: 0.5044  decode.acc_seg: 100.0000
02/13 16:26:13 - mmengine - INFO - Iter(train) [  9400/220000]  lr: 1.0000e-04  eta: 2 days, 7:20:26  time: 0.7545  data_time: 0.6172  memory: 4563  loss: 0.8296  decode.loss_dice: 0.3193  decode.loss_iou: 0.5104  decode.acc_seg: 100.0000
02/13 16:27:02 - mmengine - INFO - Iter(train) [  9450/220000]  lr: 1.0000e-04  eta: 2 days, 7:20:06  time: 1.1114  data_time: 0.9740  memory: 4563  loss: 0.8272  decode.loss_dice: 0.3146  decode.loss_iou: 0.5126  decode.acc_seg: 100.0000
02/13 16:27:51 - mmengine - INFO - Iter(train) [  9500/220000]  lr: 1.0000e-04  eta: 2 days, 7:19:55  time: 1.0443  data_time: 0.9063  memory: 4563  loss: 0.8426  decode.loss_dice: 0.3251  decode.loss_iou: 0.5175  decode.acc_seg: 100.0000
02/13 16:28:39 - mmengine - INFO - Iter(train) [  9550/220000]  lr: 1.0000e-04  eta: 2 days, 7:19:17  time: 0.9247  data_time: 0.7893  memory: 4563  loss: 0.8286  decode.loss_dice: 0.3177  decode.loss_iou: 0.5109  decode.acc_seg: 100.0000
02/13 16:29:24 - mmengine - INFO - Iter(train) [  9600/220000]  lr: 1.0000e-04  eta: 2 days, 7:17:51  time: 0.6983  data_time: 0.5616  memory: 4563  loss: 0.8096  decode.loss_dice: 0.3065  decode.loss_iou: 0.5031  decode.acc_seg: 100.0000
02/13 16:30:13 - mmengine - INFO - Iter(train) [  9650/220000]  lr: 1.0000e-04  eta: 2 days, 7:17:44  time: 1.0702  data_time: 0.9328  memory: 4563  loss: 0.8011  decode.loss_dice: 0.3056  decode.loss_iou: 0.4954  decode.acc_seg: 100.0000
02/13 16:30:56 - mmengine - INFO - Iter(train) [  9700/220000]  lr: 1.0000e-04  eta: 2 days, 7:15:26  time: 0.6867  data_time: 0.5494  memory: 4563  loss: 0.8209  decode.loss_dice: 0.3132  decode.loss_iou: 0.5077  decode.acc_seg: 100.0000
02/13 16:31:44 - mmengine - INFO - Iter(train) [  9750/220000]  lr: 1.0000e-04  eta: 2 days, 7:14:49  time: 0.9419  data_time: 0.8042  memory: 4563  loss: 0.8240  decode.loss_dice: 0.3140  decode.loss_iou: 0.5101  decode.acc_seg: 100.0000
02/13 16:32:33 - mmengine - INFO - Iter(train) [  9800/220000]  lr: 1.0000e-04  eta: 2 days, 7:14:34  time: 1.0218  data_time: 0.8845  memory: 4563  loss: 0.8125  decode.loss_dice: 0.3078  decode.loss_iou: 0.5048  decode.acc_seg: 100.0000
02/13 16:33:22 - mmengine - INFO - Iter(train) [  9850/220000]  lr: 1.0000e-04  eta: 2 days, 7:14:12  time: 0.7163  data_time: 0.5791  memory: 4563  loss: 0.8435  decode.loss_dice: 0.3246  decode.loss_iou: 0.5189  decode.acc_seg: 100.0000
02/13 16:34:07 - mmengine - INFO - Iter(train) [  9900/220000]  lr: 1.0000e-04  eta: 2 days, 7:12:44  time: 0.9535  data_time: 0.8160  memory: 4563  loss: 0.8569  decode.loss_dice: 0.3300  decode.loss_iou: 0.5269  decode.acc_seg: 100.0000
02/13 16:34:56 - mmengine - INFO - Iter(train) [  9950/220000]  lr: 1.0000e-04  eta: 2 days, 7:12:32  time: 1.0934  data_time: 0.9559  memory: 4563  loss: 0.8092  decode.loss_dice: 0.3081  decode.loss_iou: 0.5011  decode.acc_seg: 100.0000
02/13 16:35:40 - mmengine - INFO - Exp name: unet-s5-d16_fcn-noaux_4xb4-220k_cbis-ddsm-mono-256x256_20240213_135726
02/13 16:35:40 - mmengine - INFO - Iter(train) [ 10000/220000]  lr: 1.0000e-04  eta: 2 days, 7:10:40  time: 0.6982  data_time: 0.5606  memory: 4563  loss: 0.8022  decode.loss_dice: 0.3068  decode.loss_iou: 0.4954  decode.acc_seg: 100.0000
02/13 16:36:28 - mmengine - INFO - Iter(train) [ 10050/220000]  lr: 1.0000e-04  eta: 2 days, 7:09:58  time: 0.9079  data_time: 0.7704  memory: 4563  loss: 0.7810  decode.loss_dice: 0.2963  decode.loss_iou: 0.4847  decode.acc_seg: 100.0000
02/13 16:37:15 - mmengine - INFO - Iter(train) [ 10100/220000]  lr: 1.0000e-04  eta: 2 days, 7:09:04  time: 0.8849  data_time: 0.7473  memory: 4563  loss: 0.7927  decode.loss_dice: 0.3011  decode.loss_iou: 0.4916  decode.acc_seg: 100.0000
02/13 16:38:03 - mmengine - INFO - Iter(train) [ 10150/220000]  lr: 1.0000e-04  eta: 2 days, 7:08:49  time: 0.8848  data_time: 0.7472  memory: 4563  loss: 0.8707  decode.loss_dice: 0.3366  decode.loss_iou: 0.5341  decode.acc_seg: 100.0000
02/13 16:38:52 - mmengine - INFO - Iter(train) [ 10200/220000]  lr: 1.0000e-04  eta: 2 days, 7:08:34  time: 1.0889  data_time: 0.9512  memory: 4563  loss: 0.7872  decode.loss_dice: 0.2994  decode.loss_iou: 0.4877  decode.acc_seg: 100.0000
02/13 16:39:41 - mmengine - INFO - Iter(train) [ 10250/220000]  lr: 1.0000e-04  eta: 2 days, 7:08:03  time: 0.9817  data_time: 0.8439  memory: 4563  loss: 0.7777  decode.loss_dice: 0.2930  decode.loss_iou: 0.4847  decode.acc_seg: 100.0000
02/13 16:40:29 - mmengine - INFO - Iter(train) [ 10300/220000]  lr: 1.0000e-04  eta: 2 days, 7:07:42  time: 1.0464  data_time: 0.9090  memory: 4563  loss: 0.8016  decode.loss_dice: 0.3044  decode.loss_iou: 0.4972  decode.acc_seg: 100.0000
02/13 16:41:17 - mmengine - INFO - Iter(train) [ 10350/220000]  lr: 1.0000e-04  eta: 2 days, 7:07:13  time: 0.8665  data_time: 0.7292  memory: 4563  loss: 0.8378  decode.loss_dice: 0.3208  decode.loss_iou: 0.5170  decode.acc_seg: 100.0000
02/13 16:42:02 - mmengine - INFO - Iter(train) [ 10400/220000]  lr: 1.0000e-04  eta: 2 days, 7:05:39  time: 1.0688  data_time: 0.9314  memory: 4563  loss: 0.8164  decode.loss_dice: 0.3118  decode.loss_iou: 0.5046  decode.acc_seg: 100.0000
02/13 16:42:51 - mmengine - INFO - Iter(train) [ 10450/220000]  lr: 1.0000e-04  eta: 2 days, 7:05:18  time: 1.1216  data_time: 0.9843  memory: 4563  loss: 0.8340  decode.loss_dice: 0.3201  decode.loss_iou: 0.5139  decode.acc_seg: 100.0000
02/13 16:43:37 - mmengine - INFO - Iter(train) [ 10500/220000]  lr: 1.0000e-04  eta: 2 days, 7:04:04  time: 0.8095  data_time: 0.6742  memory: 4563  loss: 0.8024  decode.loss_dice: 0.3054  decode.loss_iou: 0.4970  decode.acc_seg: 100.0000
02/13 16:44:25 - mmengine - INFO - Iter(train) [ 10550/220000]  lr: 1.0000e-04  eta: 2 days, 7:03:28  time: 1.0409  data_time: 0.9053  memory: 4563  loss: 0.8365  decode.loss_dice: 0.3217  decode.loss_iou: 0.5149  decode.acc_seg: 100.0000
02/13 16:45:13 - mmengine - INFO - Iter(train) [ 10600/220000]  lr: 1.0000e-04  eta: 2 days, 7:03:00  time: 0.8102  data_time: 0.6726  memory: 4563  loss: 0.7865  decode.loss_dice: 0.2984  decode.loss_iou: 0.4881  decode.acc_seg: 100.0000
02/13 16:46:01 - mmengine - INFO - Iter(train) [ 10650/220000]  lr: 1.0000e-04  eta: 2 days, 7:02:18  time: 0.9914  data_time: 0.8538  memory: 4563  loss: 0.8193  decode.loss_dice: 0.3124  decode.loss_iou: 0.5070  decode.acc_seg: 100.0000
02/13 16:46:46 - mmengine - INFO - Iter(train) [ 10700/220000]  lr: 1.0000e-04  eta: 2 days, 7:00:48  time: 0.6802  data_time: 0.5431  memory: 4563  loss: 0.7808  decode.loss_dice: 0.2967  decode.loss_iou: 0.4841  decode.acc_seg: 100.0000
02/13 16:47:33 - mmengine - INFO - Iter(train) [ 10750/220000]  lr: 1.0000e-04  eta: 2 days, 7:00:06  time: 1.2168  data_time: 1.0790  memory: 4563  loss: 0.7954  decode.loss_dice: 0.3025  decode.loss_iou: 0.4930  decode.acc_seg: 100.0000
02/13 16:48:20 - mmengine - INFO - Iter(train) [ 10800/220000]  lr: 1.0000e-04  eta: 2 days, 6:58:58  time: 0.7772  data_time: 0.6418  memory: 4563  loss: 0.7717  decode.loss_dice: 0.2895  decode.loss_iou: 0.4822  decode.acc_seg: 100.0000
02/13 16:49:07 - mmengine - INFO - Iter(train) [ 10850/220000]  lr: 1.0000e-04  eta: 2 days, 6:58:02  time: 1.0030  data_time: 0.8670  memory: 4563  loss: 0.8054  decode.loss_dice: 0.3076  decode.loss_iou: 0.4978  decode.acc_seg: 100.0000
02/13 16:49:53 - mmengine - INFO - Iter(train) [ 10900/220000]  lr: 1.0000e-04  eta: 2 days, 6:56:57  time: 0.9945  data_time: 0.8585  memory: 4563  loss: 0.8281  decode.loss_dice: 0.3155  decode.loss_iou: 0.5126  decode.acc_seg: 100.0000
02/13 16:50:40 - mmengine - INFO - Iter(train) [ 10950/220000]  lr: 1.0000e-04  eta: 2 days, 6:56:12  time: 0.7445  data_time: 0.6095  memory: 4563  loss: 0.8074  decode.loss_dice: 0.3076  decode.loss_iou: 0.4998  decode.acc_seg: 100.0000
02/13 16:51:31 - mmengine - INFO - Exp name: unet-s5-d16_fcn-noaux_4xb4-220k_cbis-ddsm-mono-256x256_20240213_135726
02/13 16:51:31 - mmengine - INFO - Iter(train) [ 11000/220000]  lr: 1.0000e-04  eta: 2 days, 6:56:30  time: 1.2525  data_time: 1.1168  memory: 4563  loss: 0.8236  decode.loss_dice: 0.3142  decode.loss_iou: 0.5094  decode.acc_seg: 100.0000
02/13 16:52:15 - mmengine - INFO - Iter(train) [ 11050/220000]  lr: 1.0000e-04  eta: 2 days, 6:54:36  time: 0.6897  data_time: 0.5544  memory: 4563  loss: 0.8144  decode.loss_dice: 0.3103  decode.loss_iou: 0.5041  decode.acc_seg: 100.0000
02/13 16:53:01 - mmengine - INFO - Iter(train) [ 11100/220000]  lr: 1.0000e-04  eta: 2 days, 6:53:28  time: 0.9595  data_time: 0.8238  memory: 4563  loss: 0.8181  decode.loss_dice: 0.3122  decode.loss_iou: 0.5059  decode.acc_seg: 100.0000
02/13 16:53:50 - mmengine - INFO - Iter(train) [ 11150/220000]  lr: 1.0000e-04  eta: 2 days, 6:53:11  time: 0.9181  data_time: 0.7824  memory: 4563  loss: 0.7928  decode.loss_dice: 0.3026  decode.loss_iou: 0.4902  decode.acc_seg: 100.0000
02/13 16:54:38 - mmengine - INFO - Iter(train) [ 11200/220000]  lr: 1.0000e-04  eta: 2 days, 6:52:41  time: 0.7262  data_time: 0.5909  memory: 4563  loss: 0.7904  decode.loss_dice: 0.2978  decode.loss_iou: 0.4925  decode.acc_seg: 100.0000
02/13 16:55:30 - mmengine - INFO - Iter(train) [ 11250/220000]  lr: 1.0000e-04  eta: 2 days, 6:53:08  time: 1.0927  data_time: 0.9574  memory: 4563  loss: 0.8433  decode.loss_dice: 0.3223  decode.loss_iou: 0.5211  decode.acc_seg: 100.0000
02/13 16:56:14 - mmengine - INFO - Iter(train) [ 11300/220000]  lr: 1.0000e-04  eta: 2 days, 6:51:21  time: 0.8519  data_time: 0.7165  memory: 4563  loss: 0.7682  decode.loss_dice: 0.2892  decode.loss_iou: 0.4790  decode.acc_seg: 100.0000
02/13 16:57:02 - mmengine - INFO - Iter(train) [ 11350/220000]  lr: 1.0000e-04  eta: 2 days, 6:50:50  time: 1.0897  data_time: 0.9547  memory: 4563  loss: 0.8204  decode.loss_dice: 0.3117  decode.loss_iou: 0.5088  decode.acc_seg: 100.0000
02/13 16:57:45 - mmengine - INFO - Iter(train) [ 11400/220000]  lr: 1.0000e-04  eta: 2 days, 6:48:46  time: 0.7273  data_time: 0.5902  memory: 4563  loss: 0.8243  decode.loss_dice: 0.3154  decode.loss_iou: 0.5089  decode.acc_seg: 100.0000
02/13 16:58:33 - mmengine - INFO - Iter(train) [ 11450/220000]  lr: 1.0000e-04  eta: 2 days, 6:48:16  time: 0.9813  data_time: 0.8459  memory: 4563  loss: 0.8039  decode.loss_dice: 0.3060  decode.loss_iou: 0.4980  decode.acc_seg: 100.0000
02/13 16:59:20 - mmengine - INFO - Iter(train) [ 11500/220000]  lr: 1.0000e-04  eta: 2 days, 6:47:26  time: 0.7420  data_time: 0.6069  memory: 4563  loss: 0.8048  decode.loss_dice: 0.3050  decode.loss_iou: 0.4998  decode.acc_seg: 100.0000
02/13 17:00:07 - mmengine - INFO - Iter(train) [ 11550/220000]  lr: 1.0000e-04  eta: 2 days, 6:46:34  time: 0.9103  data_time: 0.7752  memory: 4563  loss: 0.7380  decode.loss_dice: 0.2773  decode.loss_iou: 0.4607  decode.acc_seg: 100.0000
02/13 17:00:58 - mmengine - INFO - Iter(train) [ 11600/220000]  lr: 1.0000e-04  eta: 2 days, 6:46:48  time: 1.1057  data_time: 0.9705  memory: 4563  loss: 0.8398  decode.loss_dice: 0.3231  decode.loss_iou: 0.5167  decode.acc_seg: 100.0000
02/13 17:01:46 - mmengine - INFO - Iter(train) [ 11650/220000]  lr: 1.0000e-04  eta: 2 days, 6:46:02  time: 0.8927  data_time: 0.7577  memory: 4563  loss: 0.7994  decode.loss_dice: 0.3058  decode.loss_iou: 0.4936  decode.acc_seg: 100.0000
02/13 17:02:33 - mmengine - INFO - Iter(train) [ 11700/220000]  lr: 1.0000e-04  eta: 2 days, 6:45:16  time: 1.1364  data_time: 1.0010  memory: 4563  loss: 0.7600  decode.loss_dice: 0.2856  decode.loss_iou: 0.4743  decode.acc_seg: 100.0000
02/13 17:03:19 - mmengine - INFO - Iter(train) [ 11750/220000]  lr: 1.0000e-04  eta: 2 days, 6:44:05  time: 0.7980  data_time: 0.6611  memory: 4563  loss: 0.7844  decode.loss_dice: 0.2961  decode.loss_iou: 0.4883  decode.acc_seg: 100.0000
02/13 17:04:05 - mmengine - INFO - Iter(train) [ 11800/220000]  lr: 1.0000e-04  eta: 2 days, 6:42:48  time: 0.6680  data_time: 0.5325  memory: 4563  loss: 0.8109  decode.loss_dice: 0.3095  decode.loss_iou: 0.5014  decode.acc_seg: 100.0000
02/13 17:04:56 - mmengine - INFO - Iter(train) [ 11850/220000]  lr: 1.0000e-04  eta: 2 days, 6:43:06  time: 1.1298  data_time: 0.9940  memory: 4563  loss: 0.7947  decode.loss_dice: 0.3018  decode.loss_iou: 0.4929  decode.acc_seg: 100.0000
02/13 17:05:42 - mmengine - INFO - Iter(train) [ 11900/220000]  lr: 1.0000e-04  eta: 2 days, 6:41:57  time: 0.7473  data_time: 0.6120  memory: 4563  loss: 0.8366  decode.loss_dice: 0.3191  decode.loss_iou: 0.5175  decode.acc_seg: 100.0000
02/13 17:06:32 - mmengine - INFO - Iter(train) [ 11950/220000]  lr: 1.0000e-04  eta: 2 days, 6:41:58  time: 1.0909  data_time: 0.9558  memory: 4563  loss: 0.7956  decode.loss_dice: 0.3027  decode.loss_iou: 0.4929  decode.acc_seg: 100.0000
02/13 17:07:15 - mmengine - INFO - Exp name: unet-s5-d16_fcn-noaux_4xb4-220k_cbis-ddsm-mono-256x256_20240213_135726
02/13 17:07:15 - mmengine - INFO - Iter(train) [ 12000/220000]  lr: 1.0000e-04  eta: 2 days, 6:39:53  time: 0.7371  data_time: 0.6020  memory: 4563  loss: 0.7677  decode.loss_dice: 0.2906  decode.loss_iou: 0.4771  decode.acc_seg: 100.0000
02/13 17:08:03 - mmengine - INFO - Iter(train) [ 12050/220000]  lr: 1.0000e-04  eta: 2 days, 6:39:23  time: 0.9473  data_time: 0.8120  memory: 4563  loss: 0.8146  decode.loss_dice: 0.3130  decode.loss_iou: 0.5016  decode.acc_seg: 100.0000
02/13 17:08:50 - mmengine - INFO - Iter(train) [ 12100/220000]  lr: 1.0000e-04  eta: 2 days, 6:38:35  time: 0.7612  data_time: 0.6244  memory: 4563  loss: 0.7227  decode.loss_dice: 0.2719  decode.loss_iou: 0.4508  decode.acc_seg: 100.0000
02/13 17:09:39 - mmengine - INFO - Iter(train) [ 12150/220000]  lr: 1.0000e-04  eta: 2 days, 6:38:12  time: 1.2241  data_time: 1.0865  memory: 4563  loss: 0.8173  decode.loss_dice: 0.3139  decode.loss_iou: 0.5034  decode.acc_seg: 100.0000
02/13 17:10:24 - mmengine - INFO - Iter(train) [ 12200/220000]  lr: 1.0000e-04  eta: 2 days, 6:36:43  time: 0.7190  data_time: 0.5823  memory: 4563  loss: 0.8034  decode.loss_dice: 0.3048  decode.loss_iou: 0.4986  decode.acc_seg: 100.0000
02/13 17:11:13 - mmengine - INFO - Iter(train) [ 12250/220000]  lr: 1.0000e-04  eta: 2 days, 6:36:27  time: 1.1893  data_time: 1.0541  memory: 4563  loss: 0.8307  decode.loss_dice: 0.3161  decode.loss_iou: 0.5146  decode.acc_seg: 100.0000
02/13 17:12:00 - mmengine - INFO - Iter(train) [ 12300/220000]  lr: 1.0000e-04  eta: 2 days, 6:35:31  time: 0.8372  data_time: 0.7021  memory: 4563  loss: 0.8116  decode.loss_dice: 0.3099  decode.loss_iou: 0.5017  decode.acc_seg: 100.0000
02/13 17:12:48 - mmengine - INFO - Iter(train) [ 12350/220000]  lr: 1.0000e-04  eta: 2 days, 6:34:57  time: 1.0375  data_time: 0.9020  memory: 4563  loss: 0.7694  decode.loss_dice: 0.2912  decode.loss_iou: 0.4783  decode.acc_seg: 100.0000
02/13 17:13:35 - mmengine - INFO - Iter(train) [ 12400/220000]  lr: 1.0000e-04  eta: 2 days, 6:34:00  time: 0.7864  data_time: 0.6509  memory: 4563  loss: 0.8043  decode.loss_dice: 0.3070  decode.loss_iou: 0.4973  decode.acc_seg: 100.0000
02/13 17:14:23 - mmengine - INFO - Iter(train) [ 12450/220000]  lr: 1.0000e-04  eta: 2 days, 6:33:32  time: 1.0527  data_time: 0.9171  memory: 4563  loss: 0.7702  decode.loss_dice: 0.2911  decode.loss_iou: 0.4790  decode.acc_seg: 100.0000
02/13 17:15:09 - mmengine - INFO - Iter(train) [ 12500/220000]  lr: 1.0000e-04  eta: 2 days, 6:32:20  time: 0.8800  data_time: 0.7450  memory: 4563  loss: 0.8090  decode.loss_dice: 0.3087  decode.loss_iou: 0.5002  decode.acc_seg: 100.0000
02/13 17:15:57 - mmengine - INFO - Iter(train) [ 12550/220000]  lr: 1.0000e-04  eta: 2 days, 6:31:45  time: 1.0555  data_time: 0.9205  memory: 4563  loss: 0.7710  decode.loss_dice: 0.2930  decode.loss_iou: 0.4780  decode.acc_seg: 100.0000
02/13 17:16:43 - mmengine - INFO - Iter(train) [ 12600/220000]  lr: 1.0000e-04  eta: 2 days, 6:30:42  time: 0.8685  data_time: 0.7312  memory: 4563  loss: 0.8776  decode.loss_dice: 0.3415  decode.loss_iou: 0.5361  decode.acc_seg: 100.0000
02/13 17:17:30 - mmengine - INFO - Iter(train) [ 12650/220000]  lr: 1.0000e-04  eta: 2 days, 6:29:40  time: 0.9603  data_time: 0.8227  memory: 4563  loss: 0.8156  decode.loss_dice: 0.3088  decode.loss_iou: 0.5068  decode.acc_seg: 100.0000
02/13 17:18:20 - mmengine - INFO - Iter(train) [ 12700/220000]  lr: 1.0000e-04  eta: 2 days, 6:29:45  time: 1.1229  data_time: 0.9858  memory: 4563  loss: 0.8288  decode.loss_dice: 0.3183  decode.loss_iou: 0.5105  decode.acc_seg: 100.0000
02/13 17:19:04 - mmengine - INFO - Iter(train) [ 12750/220000]  lr: 1.0000e-04  eta: 2 days, 6:28:03  time: 0.9205  data_time: 0.7830  memory: 4563  loss: 0.7799  decode.loss_dice: 0.2947  decode.loss_iou: 0.4852  decode.acc_seg: 100.0000
02/13 17:19:50 - mmengine - INFO - Iter(train) [ 12800/220000]  lr: 1.0000e-04  eta: 2 days, 6:26:53  time: 0.9518  data_time: 0.8146  memory: 4563  loss: 0.7992  decode.loss_dice: 0.3059  decode.loss_iou: 0.4934  decode.acc_seg: 100.0000
02/13 17:20:37 - mmengine - INFO - Iter(train) [ 12850/220000]  lr: 1.0000e-04  eta: 2 days, 6:25:55  time: 0.8097  data_time: 0.6723  memory: 4563  loss: 0.7874  decode.loss_dice: 0.2982  decode.loss_iou: 0.4892  decode.acc_seg: 100.0000
02/13 17:21:28 - mmengine - INFO - Iter(train) [ 12900/220000]  lr: 1.0000e-04  eta: 2 days, 6:26:15  time: 1.2324  data_time: 1.0949  memory: 4563  loss: 0.8808  decode.loss_dice: 0.3413  decode.loss_iou: 0.5395  decode.acc_seg: 100.0000
02/13 17:22:13 - mmengine - INFO - Iter(train) [ 12950/220000]  lr: 1.0000e-04  eta: 2 days, 6:24:53  time: 0.7924  data_time: 0.6554  memory: 4563  loss: 0.7432  decode.loss_dice: 0.2774  decode.loss_iou: 0.4657  decode.acc_seg: 100.0000
02/13 17:23:00 - mmengine - INFO - Exp name: unet-s5-d16_fcn-noaux_4xb4-220k_cbis-ddsm-mono-256x256_20240213_135726
02/13 17:23:00 - mmengine - INFO - Iter(train) [ 13000/220000]  lr: 1.0000e-04  eta: 2 days, 6:23:57  time: 0.8520  data_time: 0.7168  memory: 4563  loss: 0.8235  decode.loss_dice: 0.3139  decode.loss_iou: 0.5096  decode.acc_seg: 100.0000
02/13 17:23:47 - mmengine - INFO - Iter(train) [ 13050/220000]  lr: 1.0000e-04  eta: 2 days, 6:23:08  time: 0.8410  data_time: 0.7037  memory: 4563  loss: 0.7622  decode.loss_dice: 0.2861  decode.loss_iou: 0.4761  decode.acc_seg: 100.0000
02/13 17:24:34 - mmengine - INFO - Iter(train) [ 13100/220000]  lr: 1.0000e-04  eta: 2 days, 6:22:11  time: 0.9165  data_time: 0.7793  memory: 4563  loss: 0.7861  decode.loss_dice: 0.3002  decode.loss_iou: 0.4859  decode.acc_seg: 100.0000
02/13 17:25:20 - mmengine - INFO - Iter(train) [ 13150/220000]  lr: 1.0000e-04  eta: 2 days, 6:21:00  time: 0.8519  data_time: 0.7168  memory: 4563  loss: 0.8417  decode.loss_dice: 0.3251  decode.loss_iou: 0.5166  decode.acc_seg: 100.0000
02/13 17:26:10 - mmengine - INFO - Iter(train) [ 13200/220000]  lr: 1.0000e-04  eta: 2 days, 6:20:59  time: 0.9916  data_time: 0.8566  memory: 4563  loss: 0.8327  decode.loss_dice: 0.3204  decode.loss_iou: 0.5122  decode.acc_seg: 100.0000
02/13 17:27:00 - mmengine - INFO - Iter(train) [ 13250/220000]  lr: 1.0000e-04  eta: 2 days, 6:20:49  time: 1.2166  data_time: 1.0816  memory: 4563  loss: 0.8142  decode.loss_dice: 0.3105  decode.loss_iou: 0.5037  decode.acc_seg: 100.0000
02/13 17:27:46 - mmengine - INFO - Iter(train) [ 13300/220000]  lr: 1.0000e-04  eta: 2 days, 6:19:38  time: 0.9589  data_time: 0.8236  memory: 4563  loss: 0.7801  decode.loss_dice: 0.2941  decode.loss_iou: 0.4860  decode.acc_seg: 100.0000
02/13 17:28:35 - mmengine - INFO - Iter(train) [ 13350/220000]  lr: 1.0000e-04  eta: 2 days, 6:19:23  time: 1.0818  data_time: 0.9469  memory: 4563  loss: 0.7815  decode.loss_dice: 0.2941  decode.loss_iou: 0.4874  decode.acc_seg: 100.0000
02/13 17:29:20 - mmengine - INFO - Iter(train) [ 13400/220000]  lr: 1.0000e-04  eta: 2 days, 6:18:04  time: 0.9239  data_time: 0.7885  memory: 4563  loss: 0.8191  decode.loss_dice: 0.3101  decode.loss_iou: 0.5090  decode.acc_seg: 100.0000
02/13 17:30:08 - mmengine - INFO - Iter(train) [ 13450/220000]  lr: 1.0000e-04  eta: 2 days, 6:17:29  time: 1.1021  data_time: 0.9667  memory: 4563  loss: 0.7716  decode.loss_dice: 0.2907  decode.loss_iou: 0.4809  decode.acc_seg: 100.0000
02/13 17:30:55 - mmengine - INFO - Iter(train) [ 13500/220000]  lr: 1.0000e-04  eta: 2 days, 6:16:32  time: 0.8595  data_time: 0.7245  memory: 4563  loss: 0.8256  decode.loss_dice: 0.3173  decode.loss_iou: 0.5082  decode.acc_seg: 100.0000
02/13 17:31:41 - mmengine - INFO - Iter(train) [ 13550/220000]  lr: 1.0000e-04  eta: 2 days, 6:15:28  time: 1.0195  data_time: 0.8835  memory: 4563  loss: 0.8153  decode.loss_dice: 0.3085  decode.loss_iou: 0.5068  decode.acc_seg: 100.0000
02/13 17:32:30 - mmengine - INFO - Iter(train) [ 13600/220000]  lr: 1.0000e-04  eta: 2 days, 6:14:57  time: 0.9457  data_time: 0.8086  memory: 4563  loss: 0.8534  decode.loss_dice: 0.3280  decode.loss_iou: 0.5254  decode.acc_seg: 100.0000
02/13 17:33:19 - mmengine - INFO - Iter(train) [ 13650/220000]  lr: 1.0000e-04  eta: 2 days, 6:14:36  time: 0.8921  data_time: 0.7549  memory: 4563  loss: 0.8143  decode.loss_dice: 0.3098  decode.loss_iou: 0.5045  decode.acc_seg: 100.0000
02/13 17:34:04 - mmengine - INFO - Iter(train) [ 13700/220000]  lr: 1.0000e-04  eta: 2 days, 6:13:24  time: 1.0554  data_time: 0.9204  memory: 4563  loss: 0.8195  decode.loss_dice: 0.3117  decode.loss_iou: 0.5078  decode.acc_seg: 100.0000
02/13 17:34:56 - mmengine - INFO - Iter(train) [ 13750/220000]  lr: 1.0000e-04  eta: 2 days, 6:13:39  time: 1.3604  data_time: 1.2236  memory: 4563  loss: 0.7756  decode.loss_dice: 0.2950  decode.loss_iou: 0.4806  decode.acc_seg: 100.0000
02/13 17:35:40 - mmengine - INFO - Iter(train) [ 13800/220000]  lr: 1.0000e-04  eta: 2 days, 6:12:08  time: 0.8236  data_time: 0.6868  memory: 4563  loss: 0.8260  decode.loss_dice: 0.3165  decode.loss_iou: 0.5095  decode.acc_seg: 100.0000
02/13 17:36:28 - mmengine - INFO - Iter(train) [ 13850/220000]  lr: 1.0000e-04  eta: 2 days, 6:11:33  time: 1.0632  data_time: 0.9265  memory: 4563  loss: 0.8095  decode.loss_dice: 0.3065  decode.loss_iou: 0.5031  decode.acc_seg: 100.0000
02/13 17:37:14 - mmengine - INFO - Iter(train) [ 13900/220000]  lr: 1.0000e-04  eta: 2 days, 6:10:21  time: 0.7167  data_time: 0.5800  memory: 4563  loss: 0.7808  decode.loss_dice: 0.2976  decode.loss_iou: 0.4832  decode.acc_seg: 100.0000
02/13 17:38:03 - mmengine - INFO - Iter(train) [ 13950/220000]  lr: 1.0000e-04  eta: 2 days, 6:09:51  time: 1.1077  data_time: 0.9727  memory: 4563  loss: 0.7400  decode.loss_dice: 0.2774  decode.loss_iou: 0.4626  decode.acc_seg: 100.0000
02/13 17:38:49 - mmengine - INFO - Exp name: unet-s5-d16_fcn-noaux_4xb4-220k_cbis-ddsm-mono-256x256_20240213_135726
02/13 17:38:49 - mmengine - INFO - Iter(train) [ 14000/220000]  lr: 1.0000e-04  eta: 2 days, 6:08:45  time: 0.6920  data_time: 0.5570  memory: 4563  loss: 0.8228  decode.loss_dice: 0.3151  decode.loss_iou: 0.5077  decode.acc_seg: 100.0000
02/13 17:39:37 - mmengine - INFO - Iter(train) [ 14050/220000]  lr: 1.0000e-04  eta: 2 days, 6:08:15  time: 0.9759  data_time: 0.8409  memory: 4563  loss: 0.8267  decode.loss_dice: 0.3147  decode.loss_iou: 0.5120  decode.acc_seg: 100.0000
02/13 17:40:23 - mmengine - INFO - Iter(train) [ 14100/220000]  lr: 1.0000e-04  eta: 2 days, 6:07:08  time: 0.9256  data_time: 0.7903  memory: 4563  loss: 0.7831  decode.loss_dice: 0.2954  decode.loss_iou: 0.4877  decode.acc_seg: 100.0000
slurmstepd-ctit091: error: *** JOB 268000 ON ctit091 CANCELLED AT 2024-02-13T17:40:28 ***
/bin/bash: /home/s1952889/miniconda3/envs/prompt/lib/libtinfo.so.6: no version information available (required by /bin/bash)
