/bin/bash: /home/s1952889/miniconda3/envs/prompt/lib/libtinfo.so.6: no version information available (required by /bin/bash)
An exception occurred in telemetry logging.Disabling telemetry to prevent further exceptions.
Traceback (most recent call last):
  File "/home/s1952889/miniconda3/envs/prompt/lib/python3.11/site-packages/iopath/common/file_io.py", line 946, in __log_tmetry_keys
    handler.log_event()
  File "/home/s1952889/miniconda3/envs/prompt/lib/python3.11/site-packages/iopath/common/event_logger.py", line 97, in log_event
    del self._evt
        ^^^^^^^^^
AttributeError: 'NativePathHandler' object has no attribute '_evt'
Namespace(config_file='visual_prompt_tuning/configs/finetune/cub.yaml', train_type='finetune', opts=['MODEL.TYPE', 'vit', 'DATA.BATCH_SIZE', '64', 'MODEL.PROMPT.NUM_TOKENS', '50', 'MODEL.PROMPT.DEEP', 'True', 'MODEL.PROMPT.DROPOUT', '0.1', 'DATA.FEATURE', 'sup_vitb16_imagenet21k', 'DATA.IMGSIZE', '200', 'DATA.NAME', 'mammo-cbis', 'DATA.NUMBER_CLASSES', '2', 'DATA.CROP', 'False', 'MODEL.MODEL_ROOT', 'visual_prompt_tuning/model_root', 'DATA.DATAPATH', 'visual_prompt_tuning/data_path', 'OUTPUT_DIR', 'visual_prompt_tuning/output_dir', 'SOLVER.PATIENCE', '7', 'SOLVER.CRITERION', 'loss', 'RECORD_GPU_SNAPSHOT', 'True'])
[11/28 13:02:35 visual_prompt]: Rank of current process: 0. World size: 1
[11/28 13:02:36 visual_prompt]: Environment info:
-------------------  -------------------------------------------------
Python               3.11.5 (main, Sep 11 2023, 13:54:46) [GCC 11.2.0]
ENV_MODULE           <not set>
PyTorch              2.0.1+cu118
PyTorch Debug Build  False
CUDA available       True
CUDA ID              3
GPU 0                NVIDIA A40
Pillow               9.3.0
cv2                  4.8.0
-------------------  -------------------------------------------------
PyTorch built with:
  - GCC 9.3
  - C++ Version: 201703
  - Intel(R) oneAPI Math Kernel Library Version 2022.2-Product Build 20220804 for Intel(R) 64 architecture applications
  - Intel(R) MKL-DNN v2.7.3 (Git Hash 6dbeffbae1f23cbbeae17adb7b5b13f1f37c080e)
  - OpenMP 201511 (a.k.a. OpenMP 4.5)
  - LAPACK is enabled (usually provided by MKL)
  - NNPACK is enabled
  - CPU capability usage: AVX2
  - CUDA Runtime 11.8
  - NVCC architecture flags: -gencode;arch=compute_37,code=sm_37;-gencode;arch=compute_50,code=sm_50;-gencode;arch=compute_60,code=sm_60;-gencode;arch=compute_70,code=sm_70;-gencode;arch=compute_75,code=sm_75;-gencode;arch=compute_80,code=sm_80;-gencode;arch=compute_86,code=sm_86;-gencode;arch=compute_90,code=sm_90
  - CuDNN 8.7
  - Magma 2.6.1
  - Build settings: BLAS_INFO=mkl, BUILD_TYPE=Release, CUDA_VERSION=11.8, CUDNN_VERSION=8.7.0, CXX_COMPILER=/opt/rh/devtoolset-9/root/usr/bin/c++, CXX_FLAGS= -D_GLIBCXX_USE_CXX11_ABI=0 -fabi-version=11 -Wno-deprecated -fvisibility-inlines-hidden -DUSE_PTHREADPOOL -DNDEBUG -DUSE_KINETO -DLIBKINETO_NOROCTRACER -DUSE_FBGEMM -DUSE_QNNPACK -DUSE_PYTORCH_QNNPACK -DUSE_XNNPACK -DSYMBOLICATE_MOBILE_DEBUG_HANDLE -O2 -fPIC -Wall -Wextra -Werror=return-type -Werror=non-virtual-dtor -Werror=bool-operation -Wnarrowing -Wno-missing-field-initializers -Wno-type-limits -Wno-array-bounds -Wno-unknown-pragmas -Wunused-local-typedefs -Wno-unused-parameter -Wno-unused-function -Wno-unused-result -Wno-strict-overflow -Wno-strict-aliasing -Wno-error=deprecated-declarations -Wno-stringop-overflow -Wno-psabi -Wno-error=pedantic -Wno-error=redundant-decls -Wno-error=old-style-cast -fdiagnostics-color=always -faligned-new -Wno-unused-but-set-variable -Wno-maybe-uninitialized -fno-math-errno -fno-trapping-math -Werror=format -Werror=cast-function-type -Wno-stringop-overflow, LAPACK_INFO=mkl, PERF_WITH_AVX=1, PERF_WITH_AVX2=1, PERF_WITH_AVX512=1, TORCH_DISABLE_GPU_ASSERTS=ON, TORCH_VERSION=2.0.1, USE_CUDA=ON, USE_CUDNN=ON, USE_EXCEPTION_PTR=1, USE_GFLAGS=OFF, USE_GLOG=OFF, USE_MKL=ON, USE_MKLDNN=ON, USE_MPI=OFF, USE_NCCL=1, USE_NNPACK=ON, USE_OPENMP=ON, USE_ROCM=OFF, 

[11/28 13:02:36 visual_prompt]: Command line arguments: Namespace(config_file='visual_prompt_tuning/configs/finetune/cub.yaml', train_type='finetune', opts=['MODEL.TYPE', 'vit', 'DATA.BATCH_SIZE', '64', 'MODEL.PROMPT.NUM_TOKENS', '50', 'MODEL.PROMPT.DEEP', 'True', 'MODEL.PROMPT.DROPOUT', '0.1', 'DATA.FEATURE', 'sup_vitb16_imagenet21k', 'DATA.IMGSIZE', '200', 'DATA.NAME', 'mammo-cbis', 'DATA.NUMBER_CLASSES', '2', 'DATA.CROP', 'False', 'MODEL.MODEL_ROOT', 'visual_prompt_tuning/model_root', 'DATA.DATAPATH', 'visual_prompt_tuning/data_path', 'OUTPUT_DIR', 'visual_prompt_tuning/output_dir', 'SOLVER.PATIENCE', '7', 'SOLVER.CRITERION', 'loss', 'RECORD_GPU_SNAPSHOT', 'True'])
[11/28 13:02:36 visual_prompt]: Contents of args.config_file=visual_prompt_tuning/configs/finetune/cub.yaml:
_BASE_: "../base-finetune.yaml"
RUN_N_TIMES: 1
DATA:
  NAME: "CUB"
  DATAPATH: ""  #TODO: need to specify here
  NUMBER_CLASSES: 200
  MULTILABEL: False
  FEATURE: "imagenet_supervised"  # need to tune
MODEL:
  TYPE: "vit"
SOLVER:
  BASE_LR: 0.00375
  WEIGHT_DECAY: 0.01

[11/28 13:02:36 visual_prompt]: Training with config:
[11/28 13:02:36 visual_prompt]: CfgNode({'DBG': False, 'OUTPUT_DIR': 'visual_prompt_tuning/output_dir/mammo-cbis/sup_vitb16_imagenet21k/end2end/size200/val/seed0/lr0.005_wd0.01/patience7/run1', 'RUN_N_TIMES': 1, 'CUDNN_BENCHMARK': False, 'NUM_GPUS': 1, 'NUM_SHARDS': 1, 'SEED': 0, 'MODEL': CfgNode({'TRANSFER_TYPE': 'end2end', 'WEIGHT_PATH': '', 'SAVE_CKPT': False, 'MODEL_ROOT': 'visual_prompt_tuning/model_root', 'TYPE': 'vit', 'MLP_NUM': 0, 'LINEAR': CfgNode({'MLP_SIZES': [], 'DROPOUT': 0.1}), 'PROMPT': CfgNode({'NUM_TOKENS': 50, 'LOCATION': 'prepend', 'INITIATION': 'random', 'CLSEMB_FOLDER': '', 'CLSEMB_PATH': '', 'PROJECT': -1, 'DEEP': True, 'NUM_DEEP_LAYERS': None, 'REVERSE_DEEP': False, 'DEEP_SHARED': False, 'FORWARD_DEEP_NOEXPAND': False, 'VIT_POOL_TYPE': 'original', 'DROPOUT': 0.1, 'SAVE_FOR_EACH_EPOCH': False}), 'ADAPTER': CfgNode({'REDUCATION_FACTOR': 8, 'STYLE': 'Pfeiffer'})}), 'SOLVER': CfgNode({'LOSS': 'softmax', 'LOSS_ALPHA': 0.01, 'OPTIMIZER': 'adamw', 'MOMENTUM': 0.9, 'WEIGHT_DECAY': 0.01, 'WEIGHT_DECAY_BIAS': 0, 'PATIENCE': 7, 'CRITERION': 'loss', 'SCHEDULER': 'cosine', 'BASE_LR': 0.005, 'BIAS_MULTIPLIER': 1.0, 'WARMUP_EPOCH': 5, 'TOTAL_EPOCH': 100, 'LOG_EVERY_N': 100, 'DBG_TRAINABLE': False}), 'DATA': CfgNode({'NAME': 'mammo-cbis', 'DATAPATH': 'visual_prompt_tuning/data_path', 'FEATURE': 'sup_vitb16_imagenet21k', 'PERCENTAGE': 1.0, 'NUMBER_CLASSES': 2, 'MULTILABEL': False, 'CLASS_WEIGHTS_TYPE': 'none', 'IMGSIZE': 200, 'CROP': False, 'NO_TEST': False, 'BATCH_SIZE': 64, 'NUM_WORKERS': 8, 'PIN_MEMORY': True}), 'RECORD_GPU_SNAPSHOT': True})
[11/28 13:02:36 visual_prompt]: Loading training data...
[11/28 13:02:36 visual_prompt]: Constructing mammo-cbis dataset train...
[11/28 13:02:37 visual_prompt]: Loading validation data...
[11/28 13:02:37 visual_prompt]: Constructing mammo-cbis dataset val...
[11/28 13:02:37 visual_prompt]: Constructing models...
[INFO: vit.py:  342]: load_pretrained: resized variant: torch.Size([1, 197, 768]) to torch.Size([1, 145, 768])
load_pretrained: grid-size from 14 to 12
[11/28 13:02:42 visual_prompt]: Enable all parameters update during training
[11/28 13:02:42 visual_prompt]: Total Parameters: 85760258	 Gradient Parameters: 85760258
[11/28 13:02:42 visual_prompt]: tuned percent:100.000
[11/28 13:02:42 visual_prompt]: Device used for model: 0
[11/28 13:02:42 visual_prompt]: Setting up Evaluator...
[11/28 13:02:42 visual_prompt]: Setting up Trainer...
[11/28 13:02:42 visual_prompt]: 	Setting up the optimizer...
[11/28 13:02:42 visual_prompt]: Training 1 / 100 epoch, with learning rate 0.0
[11/28 13:09:56 visual_prompt]: Epoch 1 / 100: avg data time: 1.19e+01, avg batch time: 12.3926, average train loss: 7.0085
[11/28 13:10:45 visual_prompt]: Inference (val):avg data time: 3.53e-05, avg batch time: 0.1164, average loss: 6.3857
[11/28 13:10:45 visual_prompt]: Classification results with val_mammo-cbis: top1: 45.12	rocauc: 47.22	
[11/28 13:10:45 visual_prompt]: Training 2 / 100 epoch, with learning rate 0.001
[11/28 13:17:52 visual_prompt]: Epoch 2 / 100: avg data time: 1.18e+01, avg batch time: 12.2178, average train loss: 3.0444
[11/28 13:18:41 visual_prompt]: Inference (val):avg data time: 3.33e-05, avg batch time: 0.1151, average loss: 0.7292
[11/28 13:18:41 visual_prompt]: Classification results with val_mammo-cbis: top1: 55.28	rocauc: 55.55	
[11/28 13:18:41 visual_prompt]: Training 3 / 100 epoch, with learning rate 0.002
[11/28 13:25:48 visual_prompt]: Epoch 3 / 100: avg data time: 1.18e+01, avg batch time: 12.2082, average train loss: 0.9260
[11/28 13:26:36 visual_prompt]: Inference (val):avg data time: 3.02e-05, avg batch time: 0.1150, average loss: 0.7114
[11/28 13:26:37 visual_prompt]: Classification results with val_mammo-cbis: top1: 56.50	rocauc: 55.40	
[11/28 13:26:37 visual_prompt]: Training 4 / 100 epoch, with learning rate 0.003
[11/28 13:33:43 visual_prompt]: Epoch 4 / 100: avg data time: 1.18e+01, avg batch time: 12.1801, average train loss: 0.8608
[11/28 13:34:32 visual_prompt]: Inference (val):avg data time: 2.85e-05, avg batch time: 0.1172, average loss: 0.8209
[11/28 13:34:32 visual_prompt]: Classification results with val_mammo-cbis: top1: 45.12	rocauc: 57.04	
[11/28 13:34:32 visual_prompt]: Training 5 / 100 epoch, with learning rate 0.004
[11/28 13:41:39 visual_prompt]: Epoch 5 / 100: avg data time: 1.18e+01, avg batch time: 12.2027, average train loss: 0.9349
[11/28 13:42:27 visual_prompt]: Inference (val):avg data time: 3.50e-05, avg batch time: 0.1157, average loss: 1.2150
[11/28 13:42:27 visual_prompt]: Classification results with val_mammo-cbis: top1: 45.12	rocauc: 57.29	
[11/28 13:42:27 visual_prompt]: Training 6 / 100 epoch, with learning rate 0.005
[11/28 13:49:34 visual_prompt]: Epoch 6 / 100: avg data time: 1.18e+01, avg batch time: 12.1919, average train loss: 0.7782
[11/28 13:50:22 visual_prompt]: Inference (val):avg data time: 2.87e-05, avg batch time: 0.1152, average loss: 0.7765
[11/28 13:50:22 visual_prompt]: Classification results with val_mammo-cbis: top1: 54.47	rocauc: 57.82	
[11/28 13:50:22 visual_prompt]: Training 7 / 100 epoch, with learning rate 0.004998633143352315
[11/28 13:57:29 visual_prompt]: Epoch 7 / 100: avg data time: 1.18e+01, avg batch time: 12.1712, average train loss: 0.7923
[11/28 13:58:17 visual_prompt]: Inference (val):avg data time: 2.84e-05, avg batch time: 0.1177, average loss: 0.6934
[11/28 13:58:17 visual_prompt]: Classification results with val_mammo-cbis: top1: 53.25	rocauc: 58.19	
[11/28 13:58:17 visual_prompt]: Best epoch 7: best metric: -0.693
[11/28 13:58:17 visual_prompt]: Training 8 / 100 epoch, with learning rate 0.004994534068046936
[11/28 14:05:26 visual_prompt]: Epoch 8 / 100: avg data time: 1.19e+01, avg batch time: 12.2446, average train loss: 0.8577
[11/28 14:06:14 visual_prompt]: Inference (val):avg data time: 3.71e-05, avg batch time: 0.1152, average loss: 0.7815
[11/28 14:06:14 visual_prompt]: Classification results with val_mammo-cbis: top1: 54.88	rocauc: 57.63	
[11/28 14:06:14 visual_prompt]: Training 9 / 100 epoch, with learning rate 0.0049877072563625285
[11/28 14:13:20 visual_prompt]: Epoch 9 / 100: avg data time: 1.18e+01, avg batch time: 12.1607, average train loss: 1.0142
[11/28 14:14:08 visual_prompt]: Inference (val):avg data time: 3.92e-05, avg batch time: 0.1147, average loss: 0.6983
[11/28 14:14:08 visual_prompt]: Classification results with val_mammo-cbis: top1: 55.69	rocauc: 56.66	
[11/28 14:14:08 visual_prompt]: Training 10 / 100 epoch, with learning rate 0.004978160173317438
[11/28 14:21:15 visual_prompt]: Epoch 10 / 100: avg data time: 1.18e+01, avg batch time: 12.1916, average train loss: 0.7369
[11/28 14:22:04 visual_prompt]: Inference (val):avg data time: 3.69e-05, avg batch time: 0.1156, average loss: 0.8729
[11/28 14:22:04 visual_prompt]: Classification results with val_mammo-cbis: top1: 45.12	rocauc: 56.61	
[11/28 14:22:04 visual_prompt]: Training 11 / 100 epoch, with learning rate 0.004965903258506806
[11/28 14:29:10 visual_prompt]: Epoch 11 / 100: avg data time: 1.18e+01, avg batch time: 12.1844, average train loss: 0.7191
[11/28 14:29:59 visual_prompt]: Inference (val):avg data time: 3.41e-05, avg batch time: 0.1149, average loss: 0.6811
[11/28 14:29:59 visual_prompt]: Classification results with val_mammo-cbis: top1: 57.32	rocauc: 57.63	
[11/28 14:29:59 visual_prompt]: Best epoch 11: best metric: -0.681
[11/28 14:29:59 visual_prompt]: Training 12 / 100 epoch, with learning rate 0.004950949914687024
[11/28 14:37:05 visual_prompt]: Epoch 12 / 100: avg data time: 1.18e+01, avg batch time: 12.1790, average train loss: 0.7449
[11/28 14:37:54 visual_prompt]: Inference (val):avg data time: 3.12e-05, avg batch time: 0.1153, average loss: 0.9366
[11/28 14:37:54 visual_prompt]: Classification results with val_mammo-cbis: top1: 45.12	rocauc: 57.25	
[11/28 14:37:54 visual_prompt]: Training 13 / 100 epoch, with learning rate 0.0049333164931200145
[11/28 14:45:00 visual_prompt]: Epoch 13 / 100: avg data time: 1.18e+01, avg batch time: 12.1894, average train loss: 0.7501
[11/28 14:45:49 visual_prompt]: Inference (val):avg data time: 3.94e-05, avg batch time: 0.1157, average loss: 0.6879
[11/28 14:45:49 visual_prompt]: Classification results with val_mammo-cbis: top1: 57.32	rocauc: 56.94	
[11/28 14:45:49 visual_prompt]: Training 14 / 100 epoch, with learning rate 0.004913022275693372
[11/28 14:52:56 visual_prompt]: Epoch 14 / 100: avg data time: 1.18e+01, avg batch time: 12.1963, average train loss: 0.7085
[11/28 14:53:44 visual_prompt]: Inference (val):avg data time: 3.65e-05, avg batch time: 0.1152, average loss: 0.6876
[11/28 14:53:44 visual_prompt]: Classification results with val_mammo-cbis: top1: 55.28	rocauc: 57.30	
[11/28 14:53:44 visual_prompt]: Training 15 / 100 epoch, with learning rate 0.0048900894538358945
[11/28 15:00:53 visual_prompt]: Epoch 15 / 100: avg data time: 1.19e+01, avg batch time: 12.2389, average train loss: 0.7260
[11/28 15:01:41 visual_prompt]: Inference (val):avg data time: 3.70e-05, avg batch time: 0.1153, average loss: 0.6804
[11/28 15:01:41 visual_prompt]: Classification results with val_mammo-cbis: top1: 56.50	rocauc: 57.52	
[11/28 15:01:41 visual_prompt]: Best epoch 15: best metric: -0.680
[11/28 15:01:41 visual_prompt]: Training 16 / 100 epoch, with learning rate 0.004864543104251586
[11/28 15:08:48 visual_prompt]: Epoch 16 / 100: avg data time: 1.18e+01, avg batch time: 12.1843, average train loss: 0.7103
[11/28 15:09:36 visual_prompt]: Inference (val):avg data time: 4.01e-05, avg batch time: 0.1156, average loss: 0.7051
[11/28 15:09:36 visual_prompt]: Classification results with val_mammo-cbis: top1: 56.10	rocauc: 57.31	
[11/28 15:09:36 visual_prompt]: Training 17 / 100 epoch, with learning rate 0.004836411161498653
[11/28 15:16:44 visual_prompt]: Epoch 17 / 100: avg data time: 1.18e+01, avg batch time: 12.2041, average train loss: 0.7270
[11/28 15:17:32 visual_prompt]: Inference (val):avg data time: 3.16e-05, avg batch time: 0.1186, average loss: 0.9360
[11/28 15:17:32 visual_prompt]: Classification results with val_mammo-cbis: top1: 45.12	rocauc: 57.38	
[11/28 15:17:32 visual_prompt]: Training 18 / 100 epoch, with learning rate 0.004805724387443462
[11/28 15:24:39 visual_prompt]: Epoch 18 / 100: avg data time: 1.18e+01, avg batch time: 12.2001, average train loss: 0.7665
[11/28 15:25:27 visual_prompt]: Inference (val):avg data time: 3.25e-05, avg batch time: 0.1181, average loss: 0.6843
[11/28 15:25:27 visual_prompt]: Classification results with val_mammo-cbis: top1: 55.69	rocauc: 57.43	
[11/28 15:25:27 visual_prompt]: Training 19 / 100 epoch, with learning rate 0.004772516337622906
[11/28 15:32:35 visual_prompt]: Epoch 19 / 100: avg data time: 1.18e+01, avg batch time: 12.2223, average train loss: 0.6958
[11/28 15:33:24 visual_prompt]: Inference (val):avg data time: 3.78e-05, avg batch time: 0.1159, average loss: 0.8374
[11/28 15:33:24 visual_prompt]: Classification results with val_mammo-cbis: top1: 45.12	rocauc: 56.99	
[11/28 15:33:24 visual_prompt]: Training 20 / 100 epoch, with learning rate 0.004736823324551909
[11/28 15:40:31 visual_prompt]: Epoch 20 / 100: avg data time: 1.18e+01, avg batch time: 12.1923, average train loss: 0.7562
[11/28 15:41:19 visual_prompt]: Inference (val):avg data time: 3.56e-05, avg batch time: 0.1152, average loss: 0.7121
[11/28 15:41:19 visual_prompt]: Classification results with val_mammo-cbis: top1: 52.85	rocauc: 57.16	
[11/28 15:41:19 visual_prompt]: Training 21 / 100 epoch, with learning rate 0.004698684378016222
[11/28 15:48:25 visual_prompt]: Epoch 21 / 100: avg data time: 1.18e+01, avg batch time: 12.1791, average train loss: 0.6910
[11/28 15:49:14 visual_prompt]: Inference (val):avg data time: 2.91e-05, avg batch time: 0.1153, average loss: 0.7037
[11/28 15:49:14 visual_prompt]: Classification results with val_mammo-cbis: top1: 54.47	rocauc: 57.11	
[11/28 15:49:14 visual_prompt]: Training 22 / 100 epoch, with learning rate 0.004658141202393935
[11/28 15:56:20 visual_prompt]: Epoch 22 / 100: avg data time: 1.18e+01, avg batch time: 12.1679, average train loss: 0.7036
[11/28 15:57:08 visual_prompt]: Inference (val):avg data time: 2.93e-05, avg batch time: 0.1168, average loss: 0.8780
[11/28 15:57:08 visual_prompt]: Classification results with val_mammo-cbis: top1: 45.12	rocauc: 56.73	
[11/28 15:57:08 visual_prompt]: Stopping early.
[11/28 15:57:08 visual_prompt]: Rank of current process: 0. World size: 1
[11/28 15:57:08 visual_prompt]: Environment info:
-------------------  -------------------------------------------------
Python               3.11.5 (main, Sep 11 2023, 13:54:46) [GCC 11.2.0]
ENV_MODULE           <not set>
PyTorch              2.0.1+cu118
PyTorch Debug Build  False
CUDA available       True
CUDA ID              3
GPU 0                NVIDIA A40
Pillow               9.3.0
cv2                  4.8.0
-------------------  -------------------------------------------------
PyTorch built with:
  - GCC 9.3
  - C++ Version: 201703
  - Intel(R) oneAPI Math Kernel Library Version 2022.2-Product Build 20220804 for Intel(R) 64 architecture applications
  - Intel(R) MKL-DNN v2.7.3 (Git Hash 6dbeffbae1f23cbbeae17adb7b5b13f1f37c080e)
  - OpenMP 201511 (a.k.a. OpenMP 4.5)
  - LAPACK is enabled (usually provided by MKL)
  - NNPACK is enabled
  - CPU capability usage: AVX2
  - CUDA Runtime 11.8
  - NVCC architecture flags: -gencode;arch=compute_37,code=sm_37;-gencode;arch=compute_50,code=sm_50;-gencode;arch=compute_60,code=sm_60;-gencode;arch=compute_70,code=sm_70;-gencode;arch=compute_75,code=sm_75;-gencode;arch=compute_80,code=sm_80;-gencode;arch=compute_86,code=sm_86;-gencode;arch=compute_90,code=sm_90
  - CuDNN 8.7
  - Magma 2.6.1
  - Build settings: BLAS_INFO=mkl, BUILD_TYPE=Release, CUDA_VERSION=11.8, CUDNN_VERSION=8.7.0, CXX_COMPILER=/opt/rh/devtoolset-9/root/usr/bin/c++, CXX_FLAGS= -D_GLIBCXX_USE_CXX11_ABI=0 -fabi-version=11 -Wno-deprecated -fvisibility-inlines-hidden -DUSE_PTHREADPOOL -DNDEBUG -DUSE_KINETO -DLIBKINETO_NOROCTRACER -DUSE_FBGEMM -DUSE_QNNPACK -DUSE_PYTORCH_QNNPACK -DUSE_XNNPACK -DSYMBOLICATE_MOBILE_DEBUG_HANDLE -O2 -fPIC -Wall -Wextra -Werror=return-type -Werror=non-virtual-dtor -Werror=bool-operation -Wnarrowing -Wno-missing-field-initializers -Wno-type-limits -Wno-array-bounds -Wno-unknown-pragmas -Wunused-local-typedefs -Wno-unused-parameter -Wno-unused-function -Wno-unused-result -Wno-strict-overflow -Wno-strict-aliasing -Wno-error=deprecated-declarations -Wno-stringop-overflow -Wno-psabi -Wno-error=pedantic -Wno-error=redundant-decls -Wno-error=old-style-cast -fdiagnostics-color=always -faligned-new -Wno-unused-but-set-variable -Wno-maybe-uninitialized -fno-math-errno -fno-trapping-math -Werror=format -Werror=cast-function-type -Wno-stringop-overflow, LAPACK_INFO=mkl, PERF_WITH_AVX=1, PERF_WITH_AVX2=1, PERF_WITH_AVX512=1, TORCH_DISABLE_GPU_ASSERTS=ON, TORCH_VERSION=2.0.1, USE_CUDA=ON, USE_CUDNN=ON, USE_EXCEPTION_PTR=1, USE_GFLAGS=OFF, USE_GLOG=OFF, USE_MKL=ON, USE_MKLDNN=ON, USE_MPI=OFF, USE_NCCL=1, USE_NNPACK=ON, USE_OPENMP=ON, USE_ROCM=OFF, 

[11/28 15:57:08 visual_prompt]: Command line arguments: Namespace(config_file='visual_prompt_tuning/configs/finetune/cub.yaml', train_type='finetune', opts=['MODEL.TYPE', 'vit', 'DATA.BATCH_SIZE', '64', 'MODEL.PROMPT.NUM_TOKENS', '50', 'MODEL.PROMPT.DEEP', 'True', 'MODEL.PROMPT.DROPOUT', '0.1', 'DATA.FEATURE', 'sup_vitb16_imagenet21k', 'DATA.IMGSIZE', '200', 'DATA.NAME', 'mammo-cbis', 'DATA.NUMBER_CLASSES', '2', 'DATA.CROP', 'False', 'MODEL.MODEL_ROOT', 'visual_prompt_tuning/model_root', 'DATA.DATAPATH', 'visual_prompt_tuning/data_path', 'OUTPUT_DIR', 'visual_prompt_tuning/output_dir', 'SOLVER.PATIENCE', '7', 'SOLVER.CRITERION', 'loss', 'RECORD_GPU_SNAPSHOT', 'True'])
[11/28 15:57:08 visual_prompt]: Contents of args.config_file=visual_prompt_tuning/configs/finetune/cub.yaml:
_BASE_: "../base-finetune.yaml"
RUN_N_TIMES: 1
DATA:
  NAME: "CUB"
  DATAPATH: ""  #TODO: need to specify here
  NUMBER_CLASSES: 200
  MULTILABEL: False
  FEATURE: "imagenet_supervised"  # need to tune
MODEL:
  TYPE: "vit"
SOLVER:
  BASE_LR: 0.00375
  WEIGHT_DECAY: 0.01

[11/28 15:57:08 visual_prompt]: Training with config:
[11/28 15:57:08 visual_prompt]: CfgNode({'DBG': False, 'OUTPUT_DIR': 'visual_prompt_tuning/output_dir/mammo-cbis/sup_vitb16_imagenet21k/end2end/size200/val/seed0/lr0.005_wd0.001/patience7/run1', 'RUN_N_TIMES': 1, 'CUDNN_BENCHMARK': False, 'NUM_GPUS': 1, 'NUM_SHARDS': 1, 'SEED': 0, 'MODEL': CfgNode({'TRANSFER_TYPE': 'end2end', 'WEIGHT_PATH': '', 'SAVE_CKPT': False, 'MODEL_ROOT': 'visual_prompt_tuning/model_root', 'TYPE': 'vit', 'MLP_NUM': 0, 'LINEAR': CfgNode({'MLP_SIZES': [], 'DROPOUT': 0.1}), 'PROMPT': CfgNode({'NUM_TOKENS': 50, 'LOCATION': 'prepend', 'INITIATION': 'random', 'CLSEMB_FOLDER': '', 'CLSEMB_PATH': '', 'PROJECT': -1, 'DEEP': True, 'NUM_DEEP_LAYERS': None, 'REVERSE_DEEP': False, 'DEEP_SHARED': False, 'FORWARD_DEEP_NOEXPAND': False, 'VIT_POOL_TYPE': 'original', 'DROPOUT': 0.1, 'SAVE_FOR_EACH_EPOCH': False}), 'ADAPTER': CfgNode({'REDUCATION_FACTOR': 8, 'STYLE': 'Pfeiffer'})}), 'SOLVER': CfgNode({'LOSS': 'softmax', 'LOSS_ALPHA': 0.01, 'OPTIMIZER': 'adamw', 'MOMENTUM': 0.9, 'WEIGHT_DECAY': 0.001, 'WEIGHT_DECAY_BIAS': 0, 'PATIENCE': 7, 'CRITERION': 'loss', 'SCHEDULER': 'cosine', 'BASE_LR': 0.005, 'BIAS_MULTIPLIER': 1.0, 'WARMUP_EPOCH': 5, 'TOTAL_EPOCH': 100, 'LOG_EVERY_N': 100, 'DBG_TRAINABLE': False}), 'DATA': CfgNode({'NAME': 'mammo-cbis', 'DATAPATH': 'visual_prompt_tuning/data_path', 'FEATURE': 'sup_vitb16_imagenet21k', 'PERCENTAGE': 1.0, 'NUMBER_CLASSES': 2, 'MULTILABEL': False, 'CLASS_WEIGHTS_TYPE': 'none', 'IMGSIZE': 200, 'CROP': False, 'NO_TEST': False, 'BATCH_SIZE': 64, 'NUM_WORKERS': 8, 'PIN_MEMORY': True}), 'RECORD_GPU_SNAPSHOT': True})
[11/28 15:57:08 visual_prompt]: Loading training data...
[11/28 15:57:08 visual_prompt]: Constructing mammo-cbis dataset train...
[11/28 15:57:08 visual_prompt]: Loading validation data...
[11/28 15:57:08 visual_prompt]: Constructing mammo-cbis dataset val...
[11/28 15:57:08 visual_prompt]: Constructing models...
[INFO: vit.py:  342]: load_pretrained: resized variant: torch.Size([1, 197, 768]) to torch.Size([1, 145, 768])
load_pretrained: grid-size from 14 to 12
[11/28 15:57:10 visual_prompt]: Enable all parameters update during training
[11/28 15:57:10 visual_prompt]: Total Parameters: 85760258	 Gradient Parameters: 85760258
[11/28 15:57:10 visual_prompt]: tuned percent:100.000
[11/28 15:57:10 visual_prompt]: Device used for model: 0
[11/28 15:57:10 visual_prompt]: Setting up Evaluator...
[11/28 15:57:10 visual_prompt]: Setting up Trainer...
[11/28 15:57:10 visual_prompt]: 	Setting up the optimizer...
[11/28 15:57:10 visual_prompt]: Training 1 / 100 epoch, with learning rate 0.0
[11/28 16:04:18 visual_prompt]: Epoch 1 / 100: avg data time: 1.18e+01, avg batch time: 12.2306, average train loss: 7.0085
[11/28 16:05:07 visual_prompt]: Inference (val):avg data time: 3.25e-05, avg batch time: 0.1153, average loss: 6.3857
[11/28 16:05:07 visual_prompt]: Classification results with val_mammo-cbis: top1: 45.12	rocauc: 47.22	
[11/28 16:05:07 visual_prompt]: Training 2 / 100 epoch, with learning rate 0.001
[11/28 16:12:16 visual_prompt]: Epoch 2 / 100: avg data time: 1.19e+01, avg batch time: 12.2682, average train loss: 3.0454
[11/28 16:13:05 visual_prompt]: Inference (val):avg data time: 4.15e-05, avg batch time: 0.1175, average loss: 0.7293
[11/28 16:13:05 visual_prompt]: Classification results with val_mammo-cbis: top1: 55.28	rocauc: 55.61	
[11/28 16:13:05 visual_prompt]: Training 3 / 100 epoch, with learning rate 0.002
[11/28 16:20:15 visual_prompt]: Epoch 3 / 100: avg data time: 1.19e+01, avg batch time: 12.2758, average train loss: 0.9202
[11/28 16:21:04 visual_prompt]: Inference (val):avg data time: 2.97e-05, avg batch time: 0.1155, average loss: 0.7031
[11/28 16:21:04 visual_prompt]: Classification results with val_mammo-cbis: top1: 55.28	rocauc: 56.21	
[11/28 16:21:04 visual_prompt]: Training 4 / 100 epoch, with learning rate 0.003
[11/28 16:28:13 visual_prompt]: Epoch 4 / 100: avg data time: 1.19e+01, avg batch time: 12.2639, average train loss: 0.8668
[11/28 16:29:02 visual_prompt]: Inference (val):avg data time: 2.94e-05, avg batch time: 0.1153, average loss: 0.8421
[11/28 16:29:02 visual_prompt]: Classification results with val_mammo-cbis: top1: 45.12	rocauc: 57.15	
[11/28 16:29:02 visual_prompt]: Training 5 / 100 epoch, with learning rate 0.004
[11/28 16:36:09 visual_prompt]: Epoch 5 / 100: avg data time: 1.18e+01, avg batch time: 12.2118, average train loss: 0.9352
[11/28 16:36:58 visual_prompt]: Inference (val):avg data time: 3.37e-05, avg batch time: 0.1184, average loss: 1.1629
[11/28 16:36:58 visual_prompt]: Classification results with val_mammo-cbis: top1: 45.12	rocauc: 57.43	
[11/28 16:36:58 visual_prompt]: Training 6 / 100 epoch, with learning rate 0.005
[11/28 16:44:06 visual_prompt]: Epoch 6 / 100: avg data time: 1.19e+01, avg batch time: 12.2250, average train loss: 0.7764
[11/28 16:44:55 visual_prompt]: Inference (val):avg data time: 3.34e-05, avg batch time: 0.1155, average loss: 0.7633
[11/28 16:44:55 visual_prompt]: Classification results with val_mammo-cbis: top1: 54.47	rocauc: 57.76	
[11/28 16:44:55 visual_prompt]: Training 7 / 100 epoch, with learning rate 0.004998633143352315
[11/28 16:52:04 visual_prompt]: Epoch 7 / 100: avg data time: 1.19e+01, avg batch time: 12.2522, average train loss: 0.7939
[11/28 16:52:52 visual_prompt]: Inference (val):avg data time: 3.22e-05, avg batch time: 0.1148, average loss: 0.6933
[11/28 16:52:52 visual_prompt]: Classification results with val_mammo-cbis: top1: 53.25	rocauc: 56.16	
[11/28 16:52:52 visual_prompt]: Best epoch 7: best metric: -0.693
[11/28 16:52:52 visual_prompt]: Training 8 / 100 epoch, with learning rate 0.004994534068046936
[11/28 17:00:01 visual_prompt]: Epoch 8 / 100: avg data time: 1.18e+01, avg batch time: 12.2269, average train loss: 0.8749
[11/28 17:00:49 visual_prompt]: Inference (val):avg data time: 3.16e-05, avg batch time: 0.1156, average loss: 0.6982
[11/28 17:00:49 visual_prompt]: Classification results with val_mammo-cbis: top1: 54.88	rocauc: 56.87	
[11/28 17:00:49 visual_prompt]: Training 9 / 100 epoch, with learning rate 0.0049877072563625285
[11/28 17:07:58 visual_prompt]: Epoch 9 / 100: avg data time: 1.19e+01, avg batch time: 12.2462, average train loss: 0.9774
[11/28 17:08:46 visual_prompt]: Inference (val):avg data time: 3.14e-05, avg batch time: 0.1155, average loss: 0.7345
[11/28 17:08:46 visual_prompt]: Classification results with val_mammo-cbis: top1: 54.88	rocauc: 56.65	
[11/28 17:08:46 visual_prompt]: Training 10 / 100 epoch, with learning rate 0.004978160173317438
[11/28 17:15:54 visual_prompt]: Epoch 10 / 100: avg data time: 1.18e+01, avg batch time: 12.2038, average train loss: 0.7341
[11/28 17:16:42 visual_prompt]: Inference (val):avg data time: 3.07e-05, avg batch time: 0.1187, average loss: 0.8675
[11/28 17:16:42 visual_prompt]: Classification results with val_mammo-cbis: top1: 45.12	rocauc: 56.22	
[11/28 17:16:42 visual_prompt]: Training 11 / 100 epoch, with learning rate 0.004965903258506806
[11/28 17:23:50 visual_prompt]: Epoch 11 / 100: avg data time: 1.18e+01, avg batch time: 12.2135, average train loss: 0.7205
[11/28 17:24:39 visual_prompt]: Inference (val):avg data time: 3.21e-05, avg batch time: 0.1155, average loss: 0.6861
[11/28 17:24:39 visual_prompt]: Classification results with val_mammo-cbis: top1: 55.28	rocauc: 55.24	
[11/28 17:24:39 visual_prompt]: Best epoch 11: best metric: -0.686
[11/28 17:24:39 visual_prompt]: Training 12 / 100 epoch, with learning rate 0.004950949914687024
[11/28 17:31:46 visual_prompt]: Epoch 12 / 100: avg data time: 1.18e+01, avg batch time: 12.2134, average train loss: 0.7434
[11/28 17:32:35 visual_prompt]: Inference (val):avg data time: 2.97e-05, avg batch time: 0.1157, average loss: 0.9730
[11/28 17:32:35 visual_prompt]: Classification results with val_mammo-cbis: top1: 45.12	rocauc: 55.65	
[11/28 17:32:35 visual_prompt]: Training 13 / 100 epoch, with learning rate 0.0049333164931200145
[11/28 17:39:44 visual_prompt]: Epoch 13 / 100: avg data time: 1.19e+01, avg batch time: 12.2476, average train loss: 0.7538
[11/28 17:40:32 visual_prompt]: Inference (val):avg data time: 3.49e-05, avg batch time: 0.1154, average loss: 0.6826
[11/28 17:40:32 visual_prompt]: Classification results with val_mammo-cbis: top1: 56.91	rocauc: 56.69	
[11/28 17:40:32 visual_prompt]: Best epoch 13: best metric: -0.683
[11/28 17:40:32 visual_prompt]: Training 14 / 100 epoch, with learning rate 0.004913022275693372
[11/28 17:47:41 visual_prompt]: Epoch 14 / 100: avg data time: 1.19e+01, avg batch time: 12.2551, average train loss: 0.7112
[11/28 17:48:30 visual_prompt]: Inference (val):avg data time: 3.56e-05, avg batch time: 0.1169, average loss: 0.6922
[11/28 17:48:30 visual_prompt]: Classification results with val_mammo-cbis: top1: 53.66	rocauc: 56.31	
[11/28 17:48:30 visual_prompt]: Training 15 / 100 epoch, with learning rate 0.0048900894538358945
[11/28 17:55:40 visual_prompt]: Epoch 15 / 100: avg data time: 1.19e+01, avg batch time: 12.2738, average train loss: 0.7223
[11/28 17:56:28 visual_prompt]: Inference (val):avg data time: 4.12e-05, avg batch time: 0.1156, average loss: 0.6833
[11/28 17:56:28 visual_prompt]: Classification results with val_mammo-cbis: top1: 56.91	rocauc: 56.54	
[11/28 17:56:28 visual_prompt]: Training 16 / 100 epoch, with learning rate 0.004864543104251586
[11/28 18:03:37 visual_prompt]: Epoch 16 / 100: avg data time: 1.19e+01, avg batch time: 12.2501, average train loss: 0.7124
[11/28 18:04:26 visual_prompt]: Inference (val):avg data time: 3.31e-05, avg batch time: 0.1166, average loss: 0.7042
[11/28 18:04:26 visual_prompt]: Classification results with val_mammo-cbis: top1: 58.13	rocauc: 56.01	
[11/28 18:04:26 visual_prompt]: Training 17 / 100 epoch, with learning rate 0.004836411161498653
[11/28 18:11:34 visual_prompt]: Epoch 17 / 100: avg data time: 1.18e+01, avg batch time: 12.2271, average train loss: 0.7273
[11/28 18:12:22 visual_prompt]: Inference (val):avg data time: 3.01e-05, avg batch time: 0.1155, average loss: 0.9470
[11/28 18:12:22 visual_prompt]: Classification results with val_mammo-cbis: top1: 45.12	rocauc: 56.94	
[11/28 18:12:22 visual_prompt]: Training 18 / 100 epoch, with learning rate 0.004805724387443462
[11/28 18:19:31 visual_prompt]: Epoch 18 / 100: avg data time: 1.19e+01, avg batch time: 12.2303, average train loss: 0.7614
[11/28 18:20:19 visual_prompt]: Inference (val):avg data time: 3.50e-05, avg batch time: 0.1167, average loss: 0.6841
[11/28 18:20:19 visual_prompt]: Classification results with val_mammo-cbis: top1: 56.10	rocauc: 58.19	
[11/28 18:20:19 visual_prompt]: Training 19 / 100 epoch, with learning rate 0.004772516337622906
[11/28 18:27:27 visual_prompt]: Epoch 19 / 100: avg data time: 1.18e+01, avg batch time: 12.2218, average train loss: 0.6980
[11/28 18:28:16 visual_prompt]: Inference (val):avg data time: 2.97e-05, avg batch time: 0.1157, average loss: 0.8120
[11/28 18:28:16 visual_prompt]: Classification results with val_mammo-cbis: top1: 45.12	rocauc: 59.19	
[11/28 18:28:16 visual_prompt]: Training 20 / 100 epoch, with learning rate 0.004736823324551909
[11/28 18:35:23 visual_prompt]: Epoch 20 / 100: avg data time: 1.18e+01, avg batch time: 12.2072, average train loss: 0.7519
[11/28 18:36:12 visual_prompt]: Inference (val):avg data time: 3.27e-05, avg batch time: 0.1182, average loss: 0.7247
[11/28 18:36:12 visual_prompt]: Classification results with val_mammo-cbis: top1: 50.41	rocauc: 56.43	
[11/28 18:36:12 visual_prompt]: Stopping early.
[11/28 18:36:12 visual_prompt]: Rank of current process: 0. World size: 1
[11/28 18:36:12 visual_prompt]: Environment info:
-------------------  -------------------------------------------------
Python               3.11.5 (main, Sep 11 2023, 13:54:46) [GCC 11.2.0]
ENV_MODULE           <not set>
PyTorch              2.0.1+cu118
PyTorch Debug Build  False
CUDA available       True
CUDA ID              3
GPU 0                NVIDIA A40
Pillow               9.3.0
cv2                  4.8.0
-------------------  -------------------------------------------------
PyTorch built with:
  - GCC 9.3
  - C++ Version: 201703
  - Intel(R) oneAPI Math Kernel Library Version 2022.2-Product Build 20220804 for Intel(R) 64 architecture applications
  - Intel(R) MKL-DNN v2.7.3 (Git Hash 6dbeffbae1f23cbbeae17adb7b5b13f1f37c080e)
  - OpenMP 201511 (a.k.a. OpenMP 4.5)
  - LAPACK is enabled (usually provided by MKL)
  - NNPACK is enabled
  - CPU capability usage: AVX2
  - CUDA Runtime 11.8
  - NVCC architecture flags: -gencode;arch=compute_37,code=sm_37;-gencode;arch=compute_50,code=sm_50;-gencode;arch=compute_60,code=sm_60;-gencode;arch=compute_70,code=sm_70;-gencode;arch=compute_75,code=sm_75;-gencode;arch=compute_80,code=sm_80;-gencode;arch=compute_86,code=sm_86;-gencode;arch=compute_90,code=sm_90
  - CuDNN 8.7
  - Magma 2.6.1
  - Build settings: BLAS_INFO=mkl, BUILD_TYPE=Release, CUDA_VERSION=11.8, CUDNN_VERSION=8.7.0, CXX_COMPILER=/opt/rh/devtoolset-9/root/usr/bin/c++, CXX_FLAGS= -D_GLIBCXX_USE_CXX11_ABI=0 -fabi-version=11 -Wno-deprecated -fvisibility-inlines-hidden -DUSE_PTHREADPOOL -DNDEBUG -DUSE_KINETO -DLIBKINETO_NOROCTRACER -DUSE_FBGEMM -DUSE_QNNPACK -DUSE_PYTORCH_QNNPACK -DUSE_XNNPACK -DSYMBOLICATE_MOBILE_DEBUG_HANDLE -O2 -fPIC -Wall -Wextra -Werror=return-type -Werror=non-virtual-dtor -Werror=bool-operation -Wnarrowing -Wno-missing-field-initializers -Wno-type-limits -Wno-array-bounds -Wno-unknown-pragmas -Wunused-local-typedefs -Wno-unused-parameter -Wno-unused-function -Wno-unused-result -Wno-strict-overflow -Wno-strict-aliasing -Wno-error=deprecated-declarations -Wno-stringop-overflow -Wno-psabi -Wno-error=pedantic -Wno-error=redundant-decls -Wno-error=old-style-cast -fdiagnostics-color=always -faligned-new -Wno-unused-but-set-variable -Wno-maybe-uninitialized -fno-math-errno -fno-trapping-math -Werror=format -Werror=cast-function-type -Wno-stringop-overflow, LAPACK_INFO=mkl, PERF_WITH_AVX=1, PERF_WITH_AVX2=1, PERF_WITH_AVX512=1, TORCH_DISABLE_GPU_ASSERTS=ON, TORCH_VERSION=2.0.1, USE_CUDA=ON, USE_CUDNN=ON, USE_EXCEPTION_PTR=1, USE_GFLAGS=OFF, USE_GLOG=OFF, USE_MKL=ON, USE_MKLDNN=ON, USE_MPI=OFF, USE_NCCL=1, USE_NNPACK=ON, USE_OPENMP=ON, USE_ROCM=OFF, 

[11/28 18:36:12 visual_prompt]: Command line arguments: Namespace(config_file='visual_prompt_tuning/configs/finetune/cub.yaml', train_type='finetune', opts=['MODEL.TYPE', 'vit', 'DATA.BATCH_SIZE', '64', 'MODEL.PROMPT.NUM_TOKENS', '50', 'MODEL.PROMPT.DEEP', 'True', 'MODEL.PROMPT.DROPOUT', '0.1', 'DATA.FEATURE', 'sup_vitb16_imagenet21k', 'DATA.IMGSIZE', '200', 'DATA.NAME', 'mammo-cbis', 'DATA.NUMBER_CLASSES', '2', 'DATA.CROP', 'False', 'MODEL.MODEL_ROOT', 'visual_prompt_tuning/model_root', 'DATA.DATAPATH', 'visual_prompt_tuning/data_path', 'OUTPUT_DIR', 'visual_prompt_tuning/output_dir', 'SOLVER.PATIENCE', '7', 'SOLVER.CRITERION', 'loss', 'RECORD_GPU_SNAPSHOT', 'True'])
[11/28 18:36:12 visual_prompt]: Contents of args.config_file=visual_prompt_tuning/configs/finetune/cub.yaml:
_BASE_: "../base-finetune.yaml"
RUN_N_TIMES: 1
DATA:
  NAME: "CUB"
  DATAPATH: ""  #TODO: need to specify here
  NUMBER_CLASSES: 200
  MULTILABEL: False
  FEATURE: "imagenet_supervised"  # need to tune
MODEL:
  TYPE: "vit"
SOLVER:
  BASE_LR: 0.00375
  WEIGHT_DECAY: 0.01

[11/28 18:36:12 visual_prompt]: Training with config:
[11/28 18:36:12 visual_prompt]: CfgNode({'DBG': False, 'OUTPUT_DIR': 'visual_prompt_tuning/output_dir/mammo-cbis/sup_vitb16_imagenet21k/end2end/size200/val/seed0/lr0.005_wd0.0001/patience7/run1', 'RUN_N_TIMES': 1, 'CUDNN_BENCHMARK': False, 'NUM_GPUS': 1, 'NUM_SHARDS': 1, 'SEED': 0, 'MODEL': CfgNode({'TRANSFER_TYPE': 'end2end', 'WEIGHT_PATH': '', 'SAVE_CKPT': False, 'MODEL_ROOT': 'visual_prompt_tuning/model_root', 'TYPE': 'vit', 'MLP_NUM': 0, 'LINEAR': CfgNode({'MLP_SIZES': [], 'DROPOUT': 0.1}), 'PROMPT': CfgNode({'NUM_TOKENS': 50, 'LOCATION': 'prepend', 'INITIATION': 'random', 'CLSEMB_FOLDER': '', 'CLSEMB_PATH': '', 'PROJECT': -1, 'DEEP': True, 'NUM_DEEP_LAYERS': None, 'REVERSE_DEEP': False, 'DEEP_SHARED': False, 'FORWARD_DEEP_NOEXPAND': False, 'VIT_POOL_TYPE': 'original', 'DROPOUT': 0.1, 'SAVE_FOR_EACH_EPOCH': False}), 'ADAPTER': CfgNode({'REDUCATION_FACTOR': 8, 'STYLE': 'Pfeiffer'})}), 'SOLVER': CfgNode({'LOSS': 'softmax', 'LOSS_ALPHA': 0.01, 'OPTIMIZER': 'adamw', 'MOMENTUM': 0.9, 'WEIGHT_DECAY': 0.0001, 'WEIGHT_DECAY_BIAS': 0, 'PATIENCE': 7, 'CRITERION': 'loss', 'SCHEDULER': 'cosine', 'BASE_LR': 0.005, 'BIAS_MULTIPLIER': 1.0, 'WARMUP_EPOCH': 5, 'TOTAL_EPOCH': 100, 'LOG_EVERY_N': 100, 'DBG_TRAINABLE': False}), 'DATA': CfgNode({'NAME': 'mammo-cbis', 'DATAPATH': 'visual_prompt_tuning/data_path', 'FEATURE': 'sup_vitb16_imagenet21k', 'PERCENTAGE': 1.0, 'NUMBER_CLASSES': 2, 'MULTILABEL': False, 'CLASS_WEIGHTS_TYPE': 'none', 'IMGSIZE': 200, 'CROP': False, 'NO_TEST': False, 'BATCH_SIZE': 64, 'NUM_WORKERS': 8, 'PIN_MEMORY': True}), 'RECORD_GPU_SNAPSHOT': True})
[11/28 18:36:12 visual_prompt]: Loading training data...
[11/28 18:36:12 visual_prompt]: Constructing mammo-cbis dataset train...
[11/28 18:36:12 visual_prompt]: Loading validation data...
[11/28 18:36:12 visual_prompt]: Constructing mammo-cbis dataset val...
[11/28 18:36:12 visual_prompt]: Constructing models...
[INFO: vit.py:  342]: load_pretrained: resized variant: torch.Size([1, 197, 768]) to torch.Size([1, 145, 768])
load_pretrained: grid-size from 14 to 12
[11/28 18:36:14 visual_prompt]: Enable all parameters update during training
[11/28 18:36:14 visual_prompt]: Total Parameters: 85760258	 Gradient Parameters: 85760258
[11/28 18:36:14 visual_prompt]: tuned percent:100.000
[11/28 18:36:14 visual_prompt]: Device used for model: 0
[11/28 18:36:14 visual_prompt]: Setting up Evaluator...
[11/28 18:36:14 visual_prompt]: Setting up Trainer...
[11/28 18:36:14 visual_prompt]: 	Setting up the optimizer...
[11/28 18:36:14 visual_prompt]: Training 1 / 100 epoch, with learning rate 0.0
[11/28 18:43:23 visual_prompt]: Epoch 1 / 100: avg data time: 1.19e+01, avg batch time: 12.2598, average train loss: 7.0085
[11/28 18:44:11 visual_prompt]: Inference (val):avg data time: 3.11e-05, avg batch time: 0.1150, average loss: 6.3857
[11/28 18:44:11 visual_prompt]: Classification results with val_mammo-cbis: top1: 45.12	rocauc: 47.22	
[11/28 18:44:11 visual_prompt]: Training 2 / 100 epoch, with learning rate 0.001
[11/28 18:51:18 visual_prompt]: Epoch 2 / 100: avg data time: 1.18e+01, avg batch time: 12.1878, average train loss: 3.0465
[11/28 18:52:07 visual_prompt]: Inference (val):avg data time: 2.96e-05, avg batch time: 0.1150, average loss: 0.7288
[11/28 18:52:07 visual_prompt]: Classification results with val_mammo-cbis: top1: 55.69	rocauc: 55.72	
[11/28 18:52:07 visual_prompt]: Training 3 / 100 epoch, with learning rate 0.002
[11/28 18:59:15 visual_prompt]: Epoch 3 / 100: avg data time: 1.19e+01, avg batch time: 12.2417, average train loss: 0.9190
[11/28 19:00:04 visual_prompt]: Inference (val):avg data time: 3.49e-05, avg batch time: 0.1175, average loss: 0.6985
[11/28 19:00:04 visual_prompt]: Classification results with val_mammo-cbis: top1: 56.91	rocauc: 56.21	
[11/28 19:00:04 visual_prompt]: Training 4 / 100 epoch, with learning rate 0.003
[11/28 19:07:11 visual_prompt]: Epoch 4 / 100: avg data time: 1.18e+01, avg batch time: 12.2070, average train loss: 0.8681
[11/28 19:08:00 visual_prompt]: Inference (val):avg data time: 3.47e-05, avg batch time: 0.1161, average loss: 0.8437
[11/28 19:08:00 visual_prompt]: Classification results with val_mammo-cbis: top1: 45.12	rocauc: 57.23	
[11/28 19:08:00 visual_prompt]: Training 5 / 100 epoch, with learning rate 0.004
[11/28 19:15:07 visual_prompt]: Epoch 5 / 100: avg data time: 1.18e+01, avg batch time: 12.1931, average train loss: 0.9393
[11/28 19:15:55 visual_prompt]: Inference (val):avg data time: 4.43e-05, avg batch time: 0.1156, average loss: 1.1459
[11/28 19:15:55 visual_prompt]: Classification results with val_mammo-cbis: top1: 45.12	rocauc: 57.20	
[11/28 19:15:55 visual_prompt]: Training 6 / 100 epoch, with learning rate 0.005
[11/28 19:23:04 visual_prompt]: Epoch 6 / 100: avg data time: 1.19e+01, avg batch time: 12.2417, average train loss: 0.7758
[11/28 19:23:53 visual_prompt]: Inference (val):avg data time: 3.19e-05, avg batch time: 0.1155, average loss: 0.7751
[11/28 19:23:53 visual_prompt]: Classification results with val_mammo-cbis: top1: 54.88	rocauc: 58.12	
[11/28 19:23:53 visual_prompt]: Training 7 / 100 epoch, with learning rate 0.004998633143352315
[11/28 19:31:02 visual_prompt]: Epoch 7 / 100: avg data time: 1.19e+01, avg batch time: 12.2521, average train loss: 0.7907
[11/28 19:31:50 visual_prompt]: Inference (val):avg data time: 3.64e-05, avg batch time: 0.1184, average loss: 0.6973
[11/28 19:31:50 visual_prompt]: Classification results with val_mammo-cbis: top1: 50.81	rocauc: 57.03	
[11/28 19:31:50 visual_prompt]: Best epoch 7: best metric: -0.697
[11/28 19:31:50 visual_prompt]: Training 8 / 100 epoch, with learning rate 0.004994534068046936
[11/28 19:38:59 visual_prompt]: Epoch 8 / 100: avg data time: 1.19e+01, avg batch time: 12.2577, average train loss: 0.8625
[11/28 19:39:48 visual_prompt]: Inference (val):avg data time: 3.62e-05, avg batch time: 0.1155, average loss: 0.7532
[11/28 19:39:48 visual_prompt]: Classification results with val_mammo-cbis: top1: 54.88	rocauc: 59.52	
[11/28 19:39:48 visual_prompt]: Training 9 / 100 epoch, with learning rate 0.0049877072563625285
[11/28 19:46:58 visual_prompt]: Epoch 9 / 100: avg data time: 1.19e+01, avg batch time: 12.2853, average train loss: 1.0049
[11/28 19:47:47 visual_prompt]: Inference (val):avg data time: 3.92e-05, avg batch time: 0.1156, average loss: 0.6994
[11/28 19:47:47 visual_prompt]: Classification results with val_mammo-cbis: top1: 55.28	rocauc: 55.82	
[11/28 19:47:47 visual_prompt]: Training 10 / 100 epoch, with learning rate 0.004978160173317438
