/bin/bash: /home/s1952889/miniconda3/envs/prompt/lib/libtinfo.so.6: no version information available (required by /bin/bash)
An exception occurred in telemetry logging.Disabling telemetry to prevent further exceptions.
Traceback (most recent call last):
  File "/home/s1952889/miniconda3/envs/prompt/lib/python3.11/site-packages/iopath/common/file_io.py", line 946, in __log_tmetry_keys
    handler.log_event()
  File "/home/s1952889/miniconda3/envs/prompt/lib/python3.11/site-packages/iopath/common/event_logger.py", line 97, in log_event
    del self._evt
        ^^^^^^^^^
AttributeError: 'NativePathHandler' object has no attribute '_evt'
Namespace(config_file='visual_prompt_tuning/configs/prompt/cub.yaml', train_type='prompt', opts=['MODEL.TYPE', 'vit', 'DATA.BATCH_SIZE', '64', 'MODEL.PROMPT.NUM_TOKENS', '50', 'MODEL.PROMPT.DEEP', 'True', 'MODEL.PROMPT.DROPOUT', '0.1', 'DATA.FEATURE', 'sup_vitb16_imagenet21k', 'DATA.NAME', 'vtab-dsprites(predicted_attribute="label_x_position",num_classes=16)', 'DATA.NUMBER_CLASSES', '16', 'DATA.CROPSIZE', '224', 'MODEL.MODEL_ROOT', 'visual_prompt_tuning/model_root', 'DATA.DATAPATH', 'visual_prompt_tuning/data_path', 'OUTPUT_DIR', 'visual_prompt_tuning/output_dir'])
[09/27 12:36:41 visual_prompt]: Rank of current process: 0. World size: 1
[09/27 12:36:41 visual_prompt]: Environment info:
-------------------  -------------------------------------------------
Python               3.11.5 (main, Sep 11 2023, 13:54:46) [GCC 11.2.0]
ENV_MODULE           <not set>
PyTorch              2.0.1+cu118
PyTorch Debug Build  False
CUDA available       True
CUDA ID              1
GPU 0                NVIDIA A40
Pillow               9.3.0
cv2                  4.8.0
-------------------  -------------------------------------------------
PyTorch built with:
  - GCC 9.3
  - C++ Version: 201703
  - Intel(R) oneAPI Math Kernel Library Version 2022.2-Product Build 20220804 for Intel(R) 64 architecture applications
  - Intel(R) MKL-DNN v2.7.3 (Git Hash 6dbeffbae1f23cbbeae17adb7b5b13f1f37c080e)
  - OpenMP 201511 (a.k.a. OpenMP 4.5)
  - LAPACK is enabled (usually provided by MKL)
  - NNPACK is enabled
  - CPU capability usage: AVX2
  - CUDA Runtime 11.8
  - NVCC architecture flags: -gencode;arch=compute_37,code=sm_37;-gencode;arch=compute_50,code=sm_50;-gencode;arch=compute_60,code=sm_60;-gencode;arch=compute_70,code=sm_70;-gencode;arch=compute_75,code=sm_75;-gencode;arch=compute_80,code=sm_80;-gencode;arch=compute_86,code=sm_86;-gencode;arch=compute_90,code=sm_90
  - CuDNN 8.7
  - Magma 2.6.1
  - Build settings: BLAS_INFO=mkl, BUILD_TYPE=Release, CUDA_VERSION=11.8, CUDNN_VERSION=8.7.0, CXX_COMPILER=/opt/rh/devtoolset-9/root/usr/bin/c++, CXX_FLAGS= -D_GLIBCXX_USE_CXX11_ABI=0 -fabi-version=11 -Wno-deprecated -fvisibility-inlines-hidden -DUSE_PTHREADPOOL -DNDEBUG -DUSE_KINETO -DLIBKINETO_NOROCTRACER -DUSE_FBGEMM -DUSE_QNNPACK -DUSE_PYTORCH_QNNPACK -DUSE_XNNPACK -DSYMBOLICATE_MOBILE_DEBUG_HANDLE -O2 -fPIC -Wall -Wextra -Werror=return-type -Werror=non-virtual-dtor -Werror=bool-operation -Wnarrowing -Wno-missing-field-initializers -Wno-type-limits -Wno-array-bounds -Wno-unknown-pragmas -Wunused-local-typedefs -Wno-unused-parameter -Wno-unused-function -Wno-unused-result -Wno-strict-overflow -Wno-strict-aliasing -Wno-error=deprecated-declarations -Wno-stringop-overflow -Wno-psabi -Wno-error=pedantic -Wno-error=redundant-decls -Wno-error=old-style-cast -fdiagnostics-color=always -faligned-new -Wno-unused-but-set-variable -Wno-maybe-uninitialized -fno-math-errno -fno-trapping-math -Werror=format -Werror=cast-function-type -Wno-stringop-overflow, LAPACK_INFO=mkl, PERF_WITH_AVX=1, PERF_WITH_AVX2=1, PERF_WITH_AVX512=1, TORCH_DISABLE_GPU_ASSERTS=ON, TORCH_VERSION=2.0.1, USE_CUDA=ON, USE_CUDNN=ON, USE_EXCEPTION_PTR=1, USE_GFLAGS=OFF, USE_GLOG=OFF, USE_MKL=ON, USE_MKLDNN=ON, USE_MPI=OFF, USE_NCCL=1, USE_NNPACK=ON, USE_OPENMP=ON, USE_ROCM=OFF, 

[09/27 12:36:41 visual_prompt]: Command line arguments: Namespace(config_file='visual_prompt_tuning/configs/prompt/cub.yaml', train_type='prompt', opts=['MODEL.TYPE', 'vit', 'DATA.BATCH_SIZE', '64', 'MODEL.PROMPT.NUM_TOKENS', '50', 'MODEL.PROMPT.DEEP', 'True', 'MODEL.PROMPT.DROPOUT', '0.1', 'DATA.FEATURE', 'sup_vitb16_imagenet21k', 'DATA.NAME', 'vtab-dsprites(predicted_attribute="label_x_position",num_classes=16)', 'DATA.NUMBER_CLASSES', '16', 'DATA.CROPSIZE', '224', 'MODEL.MODEL_ROOT', 'visual_prompt_tuning/model_root', 'DATA.DATAPATH', 'visual_prompt_tuning/data_path', 'OUTPUT_DIR', 'visual_prompt_tuning/output_dir'])
[09/27 12:36:41 visual_prompt]: Contents of args.config_file=visual_prompt_tuning/configs/prompt/cub.yaml:
_BASE_: "../base-prompt.yaml"
RUN_N_TIMES: 1
DATA:
  NAME: "CUB"
  DATAPATH: ""  #TODO: need to specify here
  NUMBER_CLASSES: 200
  MULTILABEL: False
MODEL:
  TYPE: "vit"
SOLVER:
  BASE_LR: 0.1
  WEIGHT_DECAY: 0.01
[09/27 12:36:41 visual_prompt]: Training with config:
[09/27 12:36:41 visual_prompt]: CfgNode({'DBG': False, 'OUTPUT_DIR': 'visual_prompt_tuning/output_dir/vtab-dsprites(predicted_attribute="label_x_position",num_classes=16)/sup_vitb16_imagenet21k/prompt50/crop224/test/seed2774/lrNone_wdNone/run1', 'RUN_N_TIMES': 1, 'CUDNN_BENCHMARK': False, 'NUM_GPUS': 1, 'NUM_SHARDS': 1, 'SEED': 2774, 'MODEL': CfgNode({'TRANSFER_TYPE': 'prompt', 'WEIGHT_PATH': '', 'SAVE_CKPT': False, 'MODEL_ROOT': 'visual_prompt_tuning/model_root', 'TYPE': 'vit', 'MLP_NUM': 0, 'LINEAR': CfgNode({'MLP_SIZES': [], 'DROPOUT': 0.1}), 'PROMPT': CfgNode({'NUM_TOKENS': 50, 'LOCATION': 'prepend', 'INITIATION': 'random', 'CLSEMB_FOLDER': '', 'CLSEMB_PATH': '', 'PROJECT': -1, 'DEEP': True, 'NUM_DEEP_LAYERS': None, 'REVERSE_DEEP': False, 'DEEP_SHARED': False, 'FORWARD_DEEP_NOEXPAND': False, 'VIT_POOL_TYPE': 'original', 'DROPOUT': 0.1, 'SAVE_FOR_EACH_EPOCH': False}), 'ADAPTER': CfgNode({'REDUCATION_FACTOR': 8, 'STYLE': 'Pfeiffer'})}), 'SOLVER': CfgNode({'LOSS': 'softmax', 'LOSS_ALPHA': 0.01, 'OPTIMIZER': 'sgd', 'MOMENTUM': 0.9, 'WEIGHT_DECAY': None, 'WEIGHT_DECAY_BIAS': 0, 'PATIENCE': 300, 'SCHEDULER': 'cosine', 'BASE_LR': None, 'BIAS_MULTIPLIER': 1.0, 'WARMUP_EPOCH': 10, 'TOTAL_EPOCH': 100, 'LOG_EVERY_N': 100, 'DBG_TRAINABLE': False}), 'DATA': CfgNode({'NAME': 'vtab-dsprites(predicted_attribute="label_x_position",num_classes=16)', 'DATAPATH': 'visual_prompt_tuning/data_path', 'FEATURE': 'sup_vitb16_imagenet21k', 'PERCENTAGE': 1.0, 'NUMBER_CLASSES': 16, 'MULTILABEL': False, 'CLASS_WEIGHTS_TYPE': 'none', 'CROPSIZE': 224, 'NO_TEST': False, 'BATCH_SIZE': 64, 'NUM_WORKERS': 4, 'PIN_MEMORY': True})})
[09/27 12:36:41 visual_prompt]: Loading training data...
2023-09-27 12:36:42.019470: I tensorflow/core/util/port.cc:110] oneDNN custom operations are on. You may see slightly different numerical results due to floating-point round-off errors from different computation orders. To turn them off, set the environment variable `TF_ENABLE_ONEDNN_OPTS=0`.
2023-09-27 12:36:42.068656: I tensorflow/core/platform/cpu_feature_guard.cc:182] This TensorFlow binary is optimized to use available CPU instructions in performance-critical operations.
To enable the following instructions: AVX2 AVX512F AVX512_VNNI FMA, in other operations, rebuild TensorFlow with the appropriate compiler flags.
2023-09-27 12:36:43.404953: W tensorflow/compiler/tf2tensorrt/utils/py_utils.cc:38] TF-TRT Warning: Could not find TensorRT
[09/27 12:36:45 visual_prompt]: Constructing vtab-dsprites(predicted_attribute="label_x_position",num_classes=16) dataset trainval...
[INFO: dataset_info.py:  599]: Load dataset info from visual_prompt_tuning/data_path/dsprites/2.0.0
[INFO: dataset_builder.py:  573]: Reusing dataset dsprites (visual_prompt_tuning/data_path/dsprites/2.0.0)
[INFO: logging_logger.py:   49]: Constructing tf.data.Dataset dsprites for split train[:800]+train[589824:590024], from visual_prompt_tuning/data_path/dsprites/2.0.0
[WARNING: feature.py:   67]: `FeatureConnector.dtype` is deprecated. Please change your code to use NumPy with the field `FeatureConnector.np_dtype` or use TensorFlow with the field `FeatureConnector.tf_dtype`.
[09/27 12:36:47 visual_prompt]: Number of images: 1000
[09/27 12:36:47 visual_prompt]: Number of classes: 16 / 16
[09/27 12:36:47 visual_prompt]: Loading validation data...
[09/27 12:36:47 visual_prompt]: Constructing vtab-dsprites(predicted_attribute="label_x_position",num_classes=16) dataset val...
[INFO: dataset_info.py:  599]: Load dataset info from visual_prompt_tuning/data_path/dsprites/2.0.0
[INFO: dataset_builder.py:  573]: Reusing dataset dsprites (visual_prompt_tuning/data_path/dsprites/2.0.0)
[INFO: logging_logger.py:   49]: Constructing tf.data.Dataset dsprites for split train[589824:590024], from visual_prompt_tuning/data_path/dsprites/2.0.0
[WARNING: feature.py:   67]: `FeatureConnector.dtype` is deprecated. Please change your code to use NumPy with the field `FeatureConnector.np_dtype` or use TensorFlow with the field `FeatureConnector.tf_dtype`.
[09/27 12:36:47 visual_prompt]: Number of images: 200
[09/27 12:36:47 visual_prompt]: Number of classes: 16 / 16
[09/27 12:36:47 visual_prompt]: Loading test data...
[09/27 12:36:47 visual_prompt]: Constructing vtab-dsprites(predicted_attribute="label_x_position",num_classes=16) dataset test...
[INFO: dataset_info.py:  599]: Load dataset info from visual_prompt_tuning/data_path/dsprites/2.0.0
[INFO: dataset_builder.py:  573]: Reusing dataset dsprites (visual_prompt_tuning/data_path/dsprites/2.0.0)
[INFO: logging_logger.py:   49]: Constructing tf.data.Dataset dsprites for split train[663552:], from visual_prompt_tuning/data_path/dsprites/2.0.0
[WARNING: feature.py:   67]: `FeatureConnector.dtype` is deprecated. Please change your code to use NumPy with the field `FeatureConnector.np_dtype` or use TensorFlow with the field `FeatureConnector.tf_dtype`.
visual_prompt_tuning/experiments/vit_vtab.sh: line 41:  3315 Killed                  python visual_prompt_tuning/tune_vtab.py --config-file visual_prompt_tuning/configs/prompt/cub.yaml --train-type "prompt" MODEL.TYPE "vit" DATA.BATCH_SIZE "64" MODEL.PROMPT.NUM_TOKENS "50" MODEL.PROMPT.DEEP "True" MODEL.PROMPT.DROPOUT "0.1" DATA.FEATURE "sup_vitb16_imagenet21k" DATA.NAME "vtab-${dataset}" DATA.NUMBER_CLASSES "${num_classes}" DATA.CROPSIZE "224" MODEL.MODEL_ROOT "${model_root}" DATA.DATAPATH "${data_path}" OUTPUT_DIR "${output_dir}"
