/bin/bash: /home/s1952889/miniconda3/envs/prompt/lib/libtinfo.so.6: no version information available (required by /bin/bash)
An exception occurred in telemetry logging.Disabling telemetry to prevent further exceptions.
Traceback (most recent call last):
  File "/home/s1952889/miniconda3/envs/prompt/lib/python3.11/site-packages/iopath/common/file_io.py", line 946, in __log_tmetry_keys
    handler.log_event()
  File "/home/s1952889/miniconda3/envs/prompt/lib/python3.11/site-packages/iopath/common/event_logger.py", line 97, in log_event
    del self._evt
        ^^^^^^^^^
AttributeError: 'NativePathHandler' object has no attribute '_evt'
Namespace(config_file='visual_prompt_tuning/configs/prompt/cub.yaml', train_type='prompt', opts=['MODEL.TYPE', 'vit', 'DATA.BATCH_SIZE', '64', 'MODEL.PROMPT.NUM_TOKENS', '50', 'MODEL.PROMPT.DEEP', 'True', 'MODEL.PROMPT.DROPOUT', '0.1', 'DATA.FEATURE', 'sup_vitb16_imagenet21k', 'DATA.IMGSIZE', '200', 'DATA.NAME', 'mammo-cbis', 'DATA.NUMBER_CLASSES', '2', 'DATA.CROP', 'False', 'MODEL.MODEL_ROOT', 'visual_prompt_tuning/model_root', 'DATA.DATAPATH', 'visual_prompt_tuning/data_path', 'OUTPUT_DIR', 'visual_prompt_tuning/output_dir', 'SOLVER.PATIENCE', '7', 'SOLVER.CRITERION', 'loss', 'RECORD_GPU_SNAPSHOT', 'True'])
[11/28 13:02:35 visual_prompt]: Rank of current process: 0. World size: 1
[11/28 13:02:37 visual_prompt]: Environment info:
-------------------  -------------------------------------------------
Python               3.11.5 (main, Sep 11 2023, 13:54:46) [GCC 11.2.0]
ENV_MODULE           <not set>
PyTorch              2.0.1+cu118
PyTorch Debug Build  False
CUDA available       True
CUDA ID              3
GPU 0                NVIDIA TITAN Xp
Pillow               9.3.0
cv2                  4.8.0
-------------------  -------------------------------------------------
PyTorch built with:
  - GCC 9.3
  - C++ Version: 201703
  - Intel(R) oneAPI Math Kernel Library Version 2022.2-Product Build 20220804 for Intel(R) 64 architecture applications
  - Intel(R) MKL-DNN v2.7.3 (Git Hash 6dbeffbae1f23cbbeae17adb7b5b13f1f37c080e)
  - OpenMP 201511 (a.k.a. OpenMP 4.5)
  - LAPACK is enabled (usually provided by MKL)
  - NNPACK is enabled
  - CPU capability usage: AVX2
  - CUDA Runtime 11.8
  - NVCC architecture flags: -gencode;arch=compute_37,code=sm_37;-gencode;arch=compute_50,code=sm_50;-gencode;arch=compute_60,code=sm_60;-gencode;arch=compute_70,code=sm_70;-gencode;arch=compute_75,code=sm_75;-gencode;arch=compute_80,code=sm_80;-gencode;arch=compute_86,code=sm_86;-gencode;arch=compute_90,code=sm_90
  - CuDNN 8.7
  - Magma 2.6.1
  - Build settings: BLAS_INFO=mkl, BUILD_TYPE=Release, CUDA_VERSION=11.8, CUDNN_VERSION=8.7.0, CXX_COMPILER=/opt/rh/devtoolset-9/root/usr/bin/c++, CXX_FLAGS= -D_GLIBCXX_USE_CXX11_ABI=0 -fabi-version=11 -Wno-deprecated -fvisibility-inlines-hidden -DUSE_PTHREADPOOL -DNDEBUG -DUSE_KINETO -DLIBKINETO_NOROCTRACER -DUSE_FBGEMM -DUSE_QNNPACK -DUSE_PYTORCH_QNNPACK -DUSE_XNNPACK -DSYMBOLICATE_MOBILE_DEBUG_HANDLE -O2 -fPIC -Wall -Wextra -Werror=return-type -Werror=non-virtual-dtor -Werror=bool-operation -Wnarrowing -Wno-missing-field-initializers -Wno-type-limits -Wno-array-bounds -Wno-unknown-pragmas -Wunused-local-typedefs -Wno-unused-parameter -Wno-unused-function -Wno-unused-result -Wno-strict-overflow -Wno-strict-aliasing -Wno-error=deprecated-declarations -Wno-stringop-overflow -Wno-psabi -Wno-error=pedantic -Wno-error=redundant-decls -Wno-error=old-style-cast -fdiagnostics-color=always -faligned-new -Wno-unused-but-set-variable -Wno-maybe-uninitialized -fno-math-errno -fno-trapping-math -Werror=format -Werror=cast-function-type -Wno-stringop-overflow, LAPACK_INFO=mkl, PERF_WITH_AVX=1, PERF_WITH_AVX2=1, PERF_WITH_AVX512=1, TORCH_DISABLE_GPU_ASSERTS=ON, TORCH_VERSION=2.0.1, USE_CUDA=ON, USE_CUDNN=ON, USE_EXCEPTION_PTR=1, USE_GFLAGS=OFF, USE_GLOG=OFF, USE_MKL=ON, USE_MKLDNN=ON, USE_MPI=OFF, USE_NCCL=1, USE_NNPACK=ON, USE_OPENMP=ON, USE_ROCM=OFF, 

[11/28 13:02:37 visual_prompt]: Command line arguments: Namespace(config_file='visual_prompt_tuning/configs/prompt/cub.yaml', train_type='prompt', opts=['MODEL.TYPE', 'vit', 'DATA.BATCH_SIZE', '64', 'MODEL.PROMPT.NUM_TOKENS', '50', 'MODEL.PROMPT.DEEP', 'True', 'MODEL.PROMPT.DROPOUT', '0.1', 'DATA.FEATURE', 'sup_vitb16_imagenet21k', 'DATA.IMGSIZE', '200', 'DATA.NAME', 'mammo-cbis', 'DATA.NUMBER_CLASSES', '2', 'DATA.CROP', 'False', 'MODEL.MODEL_ROOT', 'visual_prompt_tuning/model_root', 'DATA.DATAPATH', 'visual_prompt_tuning/data_path', 'OUTPUT_DIR', 'visual_prompt_tuning/output_dir', 'SOLVER.PATIENCE', '7', 'SOLVER.CRITERION', 'loss', 'RECORD_GPU_SNAPSHOT', 'True'])
[11/28 13:02:37 visual_prompt]: Contents of args.config_file=visual_prompt_tuning/configs/prompt/cub.yaml:
_BASE_: "../base-prompt.yaml"
RUN_N_TIMES: 1
DATA:
  NAME: "CUB"
  DATAPATH: ""  #TODO: need to specify here
  NUMBER_CLASSES: 200
  MULTILABEL: False
MODEL:
  TYPE: "vit"
SOLVER:
  BASE_LR: 0.1
  WEIGHT_DECAY: 0.01
[11/28 13:02:37 visual_prompt]: Training with config:
[11/28 13:02:37 visual_prompt]: CfgNode({'DBG': False, 'OUTPUT_DIR': 'visual_prompt_tuning/output_dir/mammo-cbis/sup_vitb16_imagenet21k/prompt50/size200/val/seed0/lr50.0_wd0.01/patience7/run1', 'RUN_N_TIMES': 1, 'CUDNN_BENCHMARK': False, 'NUM_GPUS': 1, 'NUM_SHARDS': 1, 'SEED': 0, 'MODEL': CfgNode({'TRANSFER_TYPE': 'prompt', 'WEIGHT_PATH': '', 'SAVE_CKPT': False, 'MODEL_ROOT': 'visual_prompt_tuning/model_root', 'TYPE': 'vit', 'MLP_NUM': 0, 'LINEAR': CfgNode({'MLP_SIZES': [], 'DROPOUT': 0.1}), 'PROMPT': CfgNode({'NUM_TOKENS': 50, 'LOCATION': 'prepend', 'INITIATION': 'random', 'CLSEMB_FOLDER': '', 'CLSEMB_PATH': '', 'PROJECT': -1, 'DEEP': True, 'NUM_DEEP_LAYERS': None, 'REVERSE_DEEP': False, 'DEEP_SHARED': False, 'FORWARD_DEEP_NOEXPAND': False, 'VIT_POOL_TYPE': 'original', 'DROPOUT': 0.1, 'SAVE_FOR_EACH_EPOCH': False}), 'ADAPTER': CfgNode({'REDUCATION_FACTOR': 8, 'STYLE': 'Pfeiffer'})}), 'SOLVER': CfgNode({'LOSS': 'softmax', 'LOSS_ALPHA': 0.01, 'OPTIMIZER': 'sgd', 'MOMENTUM': 0.9, 'WEIGHT_DECAY': 0.01, 'WEIGHT_DECAY_BIAS': 0, 'PATIENCE': 7, 'CRITERION': 'loss', 'SCHEDULER': 'cosine', 'BASE_LR': 50.0, 'BIAS_MULTIPLIER': 1.0, 'WARMUP_EPOCH': 10, 'TOTAL_EPOCH': 100, 'LOG_EVERY_N': 100, 'DBG_TRAINABLE': False}), 'DATA': CfgNode({'NAME': 'mammo-cbis', 'DATAPATH': 'visual_prompt_tuning/data_path', 'FEATURE': 'sup_vitb16_imagenet21k', 'PERCENTAGE': 1.0, 'NUMBER_CLASSES': 2, 'MULTILABEL': False, 'CLASS_WEIGHTS_TYPE': 'none', 'IMGSIZE': 200, 'CROP': False, 'NO_TEST': False, 'BATCH_SIZE': 64, 'NUM_WORKERS': 4, 'PIN_MEMORY': True}), 'RECORD_GPU_SNAPSHOT': True})
[11/28 13:02:37 visual_prompt]: Loading training data...
[11/28 13:02:37 visual_prompt]: Constructing mammo-cbis dataset train...
[11/28 13:02:37 visual_prompt]: Loading validation data...
[11/28 13:02:37 visual_prompt]: Constructing mammo-cbis dataset val...
[11/28 13:02:37 visual_prompt]: Constructing models...
[INFO: vit.py:  342]: load_pretrained: resized variant: torch.Size([1, 197, 768]) to torch.Size([1, 145, 768])
load_pretrained: grid-size from 14 to 12
[11/28 13:02:42 visual_prompt]: Total Parameters: 86221058	 Gradient Parameters: 462338
[11/28 13:02:42 visual_prompt]: tuned percent:0.536
[11/28 13:02:42 visual_prompt]: Device used for model: 0
[11/28 13:02:42 visual_prompt]: Setting up Evaluator...
[11/28 13:02:42 visual_prompt]: Setting up Trainer...
[11/28 13:02:42 visual_prompt]: 	Setting up the optimizer...
[11/28 13:02:42 visual_prompt]: Training 1 / 100 epoch, with learning rate 0.0
[11/28 13:10:28 visual_prompt]: Epoch 1 / 100: avg data time: 1.23e+01, avg batch time: 13.3108, average train loss: 1.4006
[11/28 13:11:21 visual_prompt]: Inference (val):avg data time: 4.32e-05, avg batch time: 0.5242, average loss: 1.2969
[11/28 13:11:21 visual_prompt]: Classification results with val_mammo-cbis: top1: 54.88	rocauc: 48.18	
[11/28 13:11:21 visual_prompt]: Training 2 / 100 epoch, with learning rate 5.0
[11/28 13:18:58 visual_prompt]: Epoch 2 / 100: avg data time: 1.22e+01, avg batch time: 13.0800, average train loss: 47.2207
[11/28 13:19:52 visual_prompt]: Inference (val):avg data time: 6.48e-05, avg batch time: 0.5251, average loss: 21.1442
[11/28 13:19:52 visual_prompt]: Classification results with val_mammo-cbis: top1: 54.88	rocauc: 49.51	
[11/28 13:19:52 visual_prompt]: Training 3 / 100 epoch, with learning rate 10.0
[11/28 13:27:29 visual_prompt]: Epoch 3 / 100: avg data time: 1.22e+01, avg batch time: 13.0468, average train loss: 21.4057
[11/28 13:28:21 visual_prompt]: Inference (val):avg data time: 4.68e-05, avg batch time: 0.5291, average loss: 7.6746
[11/28 13:28:21 visual_prompt]: Classification results with val_mammo-cbis: top1: 54.88	rocauc: 53.11	
[11/28 13:28:21 visual_prompt]: Training 4 / 100 epoch, with learning rate 15.0
[11/28 13:35:57 visual_prompt]: Epoch 4 / 100: avg data time: 1.22e+01, avg batch time: 13.0292, average train loss: 25.2795
[11/28 13:36:48 visual_prompt]: Inference (val):avg data time: 4.09e-05, avg batch time: 0.5243, average loss: 29.5045
[11/28 13:36:48 visual_prompt]: Classification results with val_mammo-cbis: top1: 45.12	rocauc: 51.18	
[11/28 13:36:48 visual_prompt]: Training 5 / 100 epoch, with learning rate 20.0
[11/28 13:44:09 visual_prompt]: Epoch 5 / 100: avg data time: 1.17e+01, avg batch time: 12.5918, average train loss: 35.3392
[11/28 13:45:00 visual_prompt]: Inference (val):avg data time: 3.53e-05, avg batch time: 0.5223, average loss: 40.5801
[11/28 13:45:00 visual_prompt]: Classification results with val_mammo-cbis: top1: 45.12	rocauc: 51.15	
[11/28 13:45:00 visual_prompt]: Training 6 / 100 epoch, with learning rate 25.0
[11/28 13:52:32 visual_prompt]: Epoch 6 / 100: avg data time: 1.20e+01, avg batch time: 12.9069, average train loss: 75.6072
[11/28 13:53:25 visual_prompt]: Inference (val):avg data time: 3.82e-05, avg batch time: 0.5254, average loss: 46.1451
[11/28 13:53:25 visual_prompt]: Classification results with val_mammo-cbis: top1: 54.88	rocauc: 52.12	
[11/28 13:53:25 visual_prompt]: Training 7 / 100 epoch, with learning rate 30.0
[11/28 14:01:05 visual_prompt]: Epoch 7 / 100: avg data time: 1.23e+01, avg batch time: 13.1256, average train loss: 64.3204
[11/28 14:01:57 visual_prompt]: Inference (val):avg data time: 3.90e-05, avg batch time: 0.5261, average loss: 126.3663
[11/28 14:01:57 visual_prompt]: Classification results with val_mammo-cbis: top1: 54.88	rocauc: 43.34	
[11/28 14:01:57 visual_prompt]: Training 8 / 100 epoch, with learning rate 35.0
[11/28 14:09:33 visual_prompt]: Epoch 8 / 100: avg data time: 1.22e+01, avg batch time: 13.0153, average train loss: 84.2415
[11/28 14:10:26 visual_prompt]: Inference (val):avg data time: 3.67e-05, avg batch time: 0.5233, average loss: 21.1667
[11/28 14:10:26 visual_prompt]: Classification results with val_mammo-cbis: top1: 44.31	rocauc: 48.56	
[11/28 14:10:26 visual_prompt]: Training 9 / 100 epoch, with learning rate 40.0
[11/28 14:18:04 visual_prompt]: Epoch 9 / 100: avg data time: 1.22e+01, avg batch time: 13.0813, average train loss: 122.1390
[11/28 14:18:57 visual_prompt]: Inference (val):avg data time: 5.14e-05, avg batch time: 0.5257, average loss: 82.8475
[11/28 14:18:57 visual_prompt]: Classification results with val_mammo-cbis: top1: 45.12	rocauc: 55.13	
[11/28 14:18:57 visual_prompt]: Training 10 / 100 epoch, with learning rate 45.0
[11/28 14:26:36 visual_prompt]: Epoch 10 / 100: avg data time: 1.22e+01, avg batch time: 13.0973, average train loss: 89.4662
[11/28 14:27:28 visual_prompt]: Inference (val):avg data time: 4.85e-05, avg batch time: 0.5237, average loss: 129.9683
[11/28 14:27:28 visual_prompt]: Classification results with val_mammo-cbis: top1: 54.88	rocauc: 42.94	
[11/28 14:27:28 visual_prompt]: Training 11 / 100 epoch, with learning rate 50.0
[11/28 14:35:05 visual_prompt]: Epoch 11 / 100: avg data time: 1.22e+01, avg batch time: 13.0445, average train loss: 121.1973
[11/28 14:35:58 visual_prompt]: Inference (val):avg data time: 4.36e-05, avg batch time: 0.5317, average loss: 28.3087
[11/28 14:35:58 visual_prompt]: Classification results with val_mammo-cbis: top1: 54.88	rocauc: 52.33	
[11/28 14:35:58 visual_prompt]: Training 12 / 100 epoch, with learning rate 49.9847706754774
[11/28 14:43:36 visual_prompt]: Epoch 12 / 100: avg data time: 1.22e+01, avg batch time: 13.0813, average train loss: 118.6507
[11/28 14:44:29 visual_prompt]: Inference (val):avg data time: 5.65e-05, avg batch time: 0.5272, average loss: 4.7298
[11/28 14:44:29 visual_prompt]: Classification results with val_mammo-cbis: top1: 54.88	rocauc: 56.62	
[11/28 14:44:29 visual_prompt]: Best epoch 12: best metric: -4.730
[11/28 14:44:29 visual_prompt]: Training 13 / 100 epoch, with learning rate 49.939101256495604
[11/28 14:51:55 visual_prompt]: Epoch 13 / 100: avg data time: 1.19e+01, avg batch time: 12.7233, average train loss: 99.8405
[11/28 14:52:46 visual_prompt]: Inference (val):avg data time: 5.61e-05, avg batch time: 0.5276, average loss: 268.0182
[11/28 14:52:46 visual_prompt]: Classification results with val_mammo-cbis: top1: 45.12	rocauc: 41.27	
[11/28 14:52:46 visual_prompt]: Training 14 / 100 epoch, with learning rate 49.86304738420683
[11/28 15:00:08 visual_prompt]: Epoch 14 / 100: avg data time: 1.18e+01, avg batch time: 12.6203, average train loss: 128.8177
[11/28 15:00:59 visual_prompt]: Inference (val):avg data time: 4.91e-05, avg batch time: 0.5279, average loss: 32.0419
[11/28 15:00:59 visual_prompt]: Classification results with val_mammo-cbis: top1: 54.88	rocauc: 47.65	
[11/28 15:00:59 visual_prompt]: Training 15 / 100 epoch, with learning rate 49.75670171853926
[11/28 15:08:22 visual_prompt]: Epoch 15 / 100: avg data time: 1.18e+01, avg batch time: 12.6469, average train loss: 143.5749
[11/28 15:09:13 visual_prompt]: Inference (val):avg data time: 3.36e-05, avg batch time: 0.5283, average loss: 5.4027
[11/28 15:09:13 visual_prompt]: Classification results with val_mammo-cbis: top1: 54.88	rocauc: 51.66	
[11/28 15:09:13 visual_prompt]: Training 16 / 100 epoch, with learning rate 49.6201938253052
[11/28 15:16:35 visual_prompt]: Epoch 16 / 100: avg data time: 1.18e+01, avg batch time: 12.6235, average train loss: 153.1298
[11/28 15:17:29 visual_prompt]: Inference (val):avg data time: 4.33e-05, avg batch time: 0.5252, average loss: 64.2137
[11/28 15:17:29 visual_prompt]: Classification results with val_mammo-cbis: top1: 45.12	rocauc: 50.48	
[11/28 15:17:29 visual_prompt]: Training 17 / 100 epoch, with learning rate 49.45369001834514
[11/28 15:25:20 visual_prompt]: Epoch 17 / 100: avg data time: 1.26e+01, avg batch time: 13.4737, average train loss: 122.3338
[11/28 15:26:14 visual_prompt]: Inference (val):avg data time: 5.26e-05, avg batch time: 0.5271, average loss: 93.1703
[11/28 15:26:14 visual_prompt]: Classification results with val_mammo-cbis: top1: 54.88	rocauc: 50.70	
[11/28 15:26:14 visual_prompt]: Training 18 / 100 epoch, with learning rate 49.25739315689991
[11/28 15:33:54 visual_prompt]: Epoch 18 / 100: avg data time: 1.23e+01, avg batch time: 13.1486, average train loss: 141.9983
[11/28 15:34:47 visual_prompt]: Inference (val):avg data time: 5.05e-05, avg batch time: 0.5298, average loss: 13.3476
[11/28 15:34:47 visual_prompt]: Classification results with val_mammo-cbis: top1: 54.88	rocauc: 43.66	
[11/28 15:34:47 visual_prompt]: Training 19 / 100 epoch, with learning rate 49.03154239845797
[11/28 15:42:23 visual_prompt]: Epoch 19 / 100: avg data time: 1.22e+01, avg batch time: 13.0358, average train loss: 107.0472
[11/28 15:43:16 visual_prompt]: Inference (val):avg data time: 4.91e-05, avg batch time: 0.5259, average loss: 40.1287
[11/28 15:43:16 visual_prompt]: Classification results with val_mammo-cbis: top1: 54.88	rocauc: 60.11	
[11/28 15:43:16 visual_prompt]: Stopping early.
[11/28 15:43:17 visual_prompt]: Rank of current process: 0. World size: 1
[11/28 15:43:17 visual_prompt]: Environment info:
-------------------  -------------------------------------------------
Python               3.11.5 (main, Sep 11 2023, 13:54:46) [GCC 11.2.0]
ENV_MODULE           <not set>
PyTorch              2.0.1+cu118
PyTorch Debug Build  False
CUDA available       True
CUDA ID              3
GPU 0                NVIDIA TITAN Xp
Pillow               9.3.0
cv2                  4.8.0
-------------------  -------------------------------------------------
PyTorch built with:
  - GCC 9.3
  - C++ Version: 201703
  - Intel(R) oneAPI Math Kernel Library Version 2022.2-Product Build 20220804 for Intel(R) 64 architecture applications
  - Intel(R) MKL-DNN v2.7.3 (Git Hash 6dbeffbae1f23cbbeae17adb7b5b13f1f37c080e)
  - OpenMP 201511 (a.k.a. OpenMP 4.5)
  - LAPACK is enabled (usually provided by MKL)
  - NNPACK is enabled
  - CPU capability usage: AVX2
  - CUDA Runtime 11.8
  - NVCC architecture flags: -gencode;arch=compute_37,code=sm_37;-gencode;arch=compute_50,code=sm_50;-gencode;arch=compute_60,code=sm_60;-gencode;arch=compute_70,code=sm_70;-gencode;arch=compute_75,code=sm_75;-gencode;arch=compute_80,code=sm_80;-gencode;arch=compute_86,code=sm_86;-gencode;arch=compute_90,code=sm_90
  - CuDNN 8.7
  - Magma 2.6.1
  - Build settings: BLAS_INFO=mkl, BUILD_TYPE=Release, CUDA_VERSION=11.8, CUDNN_VERSION=8.7.0, CXX_COMPILER=/opt/rh/devtoolset-9/root/usr/bin/c++, CXX_FLAGS= -D_GLIBCXX_USE_CXX11_ABI=0 -fabi-version=11 -Wno-deprecated -fvisibility-inlines-hidden -DUSE_PTHREADPOOL -DNDEBUG -DUSE_KINETO -DLIBKINETO_NOROCTRACER -DUSE_FBGEMM -DUSE_QNNPACK -DUSE_PYTORCH_QNNPACK -DUSE_XNNPACK -DSYMBOLICATE_MOBILE_DEBUG_HANDLE -O2 -fPIC -Wall -Wextra -Werror=return-type -Werror=non-virtual-dtor -Werror=bool-operation -Wnarrowing -Wno-missing-field-initializers -Wno-type-limits -Wno-array-bounds -Wno-unknown-pragmas -Wunused-local-typedefs -Wno-unused-parameter -Wno-unused-function -Wno-unused-result -Wno-strict-overflow -Wno-strict-aliasing -Wno-error=deprecated-declarations -Wno-stringop-overflow -Wno-psabi -Wno-error=pedantic -Wno-error=redundant-decls -Wno-error=old-style-cast -fdiagnostics-color=always -faligned-new -Wno-unused-but-set-variable -Wno-maybe-uninitialized -fno-math-errno -fno-trapping-math -Werror=format -Werror=cast-function-type -Wno-stringop-overflow, LAPACK_INFO=mkl, PERF_WITH_AVX=1, PERF_WITH_AVX2=1, PERF_WITH_AVX512=1, TORCH_DISABLE_GPU_ASSERTS=ON, TORCH_VERSION=2.0.1, USE_CUDA=ON, USE_CUDNN=ON, USE_EXCEPTION_PTR=1, USE_GFLAGS=OFF, USE_GLOG=OFF, USE_MKL=ON, USE_MKLDNN=ON, USE_MPI=OFF, USE_NCCL=1, USE_NNPACK=ON, USE_OPENMP=ON, USE_ROCM=OFF, 

[11/28 15:43:17 visual_prompt]: Command line arguments: Namespace(config_file='visual_prompt_tuning/configs/prompt/cub.yaml', train_type='prompt', opts=['MODEL.TYPE', 'vit', 'DATA.BATCH_SIZE', '64', 'MODEL.PROMPT.NUM_TOKENS', '50', 'MODEL.PROMPT.DEEP', 'True', 'MODEL.PROMPT.DROPOUT', '0.1', 'DATA.FEATURE', 'sup_vitb16_imagenet21k', 'DATA.IMGSIZE', '200', 'DATA.NAME', 'mammo-cbis', 'DATA.NUMBER_CLASSES', '2', 'DATA.CROP', 'False', 'MODEL.MODEL_ROOT', 'visual_prompt_tuning/model_root', 'DATA.DATAPATH', 'visual_prompt_tuning/data_path', 'OUTPUT_DIR', 'visual_prompt_tuning/output_dir', 'SOLVER.PATIENCE', '7', 'SOLVER.CRITERION', 'loss', 'RECORD_GPU_SNAPSHOT', 'True'])
[11/28 15:43:17 visual_prompt]: Contents of args.config_file=visual_prompt_tuning/configs/prompt/cub.yaml:
_BASE_: "../base-prompt.yaml"
RUN_N_TIMES: 1
DATA:
  NAME: "CUB"
  DATAPATH: ""  #TODO: need to specify here
  NUMBER_CLASSES: 200
  MULTILABEL: False
MODEL:
  TYPE: "vit"
SOLVER:
  BASE_LR: 0.1
  WEIGHT_DECAY: 0.01
[11/28 15:43:17 visual_prompt]: Training with config:
[11/28 15:43:17 visual_prompt]: CfgNode({'DBG': False, 'OUTPUT_DIR': 'visual_prompt_tuning/output_dir/mammo-cbis/sup_vitb16_imagenet21k/prompt50/size200/val/seed0/lr50.0_wd0.001/patience7/run1', 'RUN_N_TIMES': 1, 'CUDNN_BENCHMARK': False, 'NUM_GPUS': 1, 'NUM_SHARDS': 1, 'SEED': 0, 'MODEL': CfgNode({'TRANSFER_TYPE': 'prompt', 'WEIGHT_PATH': '', 'SAVE_CKPT': False, 'MODEL_ROOT': 'visual_prompt_tuning/model_root', 'TYPE': 'vit', 'MLP_NUM': 0, 'LINEAR': CfgNode({'MLP_SIZES': [], 'DROPOUT': 0.1}), 'PROMPT': CfgNode({'NUM_TOKENS': 50, 'LOCATION': 'prepend', 'INITIATION': 'random', 'CLSEMB_FOLDER': '', 'CLSEMB_PATH': '', 'PROJECT': -1, 'DEEP': True, 'NUM_DEEP_LAYERS': None, 'REVERSE_DEEP': False, 'DEEP_SHARED': False, 'FORWARD_DEEP_NOEXPAND': False, 'VIT_POOL_TYPE': 'original', 'DROPOUT': 0.1, 'SAVE_FOR_EACH_EPOCH': False}), 'ADAPTER': CfgNode({'REDUCATION_FACTOR': 8, 'STYLE': 'Pfeiffer'})}), 'SOLVER': CfgNode({'LOSS': 'softmax', 'LOSS_ALPHA': 0.01, 'OPTIMIZER': 'sgd', 'MOMENTUM': 0.9, 'WEIGHT_DECAY': 0.001, 'WEIGHT_DECAY_BIAS': 0, 'PATIENCE': 7, 'CRITERION': 'loss', 'SCHEDULER': 'cosine', 'BASE_LR': 50.0, 'BIAS_MULTIPLIER': 1.0, 'WARMUP_EPOCH': 10, 'TOTAL_EPOCH': 100, 'LOG_EVERY_N': 100, 'DBG_TRAINABLE': False}), 'DATA': CfgNode({'NAME': 'mammo-cbis', 'DATAPATH': 'visual_prompt_tuning/data_path', 'FEATURE': 'sup_vitb16_imagenet21k', 'PERCENTAGE': 1.0, 'NUMBER_CLASSES': 2, 'MULTILABEL': False, 'CLASS_WEIGHTS_TYPE': 'none', 'IMGSIZE': 200, 'CROP': False, 'NO_TEST': False, 'BATCH_SIZE': 64, 'NUM_WORKERS': 4, 'PIN_MEMORY': True}), 'RECORD_GPU_SNAPSHOT': True})
[11/28 15:43:17 visual_prompt]: Loading training data...
[11/28 15:43:17 visual_prompt]: Constructing mammo-cbis dataset train...
[11/28 15:43:17 visual_prompt]: Loading validation data...
[11/28 15:43:17 visual_prompt]: Constructing mammo-cbis dataset val...
[11/28 15:43:17 visual_prompt]: Constructing models...
[INFO: vit.py:  342]: load_pretrained: resized variant: torch.Size([1, 197, 768]) to torch.Size([1, 145, 768])
load_pretrained: grid-size from 14 to 12
[11/28 15:43:24 visual_prompt]: Total Parameters: 86221058	 Gradient Parameters: 462338
[11/28 15:43:24 visual_prompt]: tuned percent:0.536
[11/28 15:43:24 visual_prompt]: Device used for model: 0
[11/28 15:43:24 visual_prompt]: Setting up Evaluator...
[11/28 15:43:24 visual_prompt]: Setting up Trainer...
[11/28 15:43:24 visual_prompt]: 	Setting up the optimizer...
[11/28 15:43:24 visual_prompt]: Training 1 / 100 epoch, with learning rate 0.0
[11/28 15:51:03 visual_prompt]: Epoch 1 / 100: avg data time: 1.22e+01, avg batch time: 13.0873, average train loss: 1.4006
[11/28 15:51:56 visual_prompt]: Inference (val):avg data time: 5.67e-05, avg batch time: 0.5190, average loss: 1.2969
[11/28 15:51:56 visual_prompt]: Classification results with val_mammo-cbis: top1: 54.88	rocauc: 48.18	
[11/28 15:51:56 visual_prompt]: Training 2 / 100 epoch, with learning rate 5.0
[11/28 15:59:33 visual_prompt]: Epoch 2 / 100: avg data time: 1.22e+01, avg batch time: 13.0687, average train loss: 27.0155
[11/28 16:00:26 visual_prompt]: Inference (val):avg data time: 3.40e-05, avg batch time: 0.5263, average loss: 10.3730
[11/28 16:00:26 visual_prompt]: Classification results with val_mammo-cbis: top1: 45.12	rocauc: 48.98	
[11/28 16:00:26 visual_prompt]: Training 3 / 100 epoch, with learning rate 10.0
[11/28 16:08:04 visual_prompt]: Epoch 3 / 100: avg data time: 1.22e+01, avg batch time: 13.0786, average train loss: 24.1599
[11/28 16:08:57 visual_prompt]: Inference (val):avg data time: 4.05e-05, avg batch time: 0.5213, average loss: 43.2925
[11/28 16:08:57 visual_prompt]: Classification results with val_mammo-cbis: top1: 54.88	rocauc: 52.26	
[11/28 16:08:57 visual_prompt]: Training 4 / 100 epoch, with learning rate 15.0
