Traceback (most recent call last):
  File "visual_prompt_tuning/train.py", line 129, in <module>
    main(args)
  File "visual_prompt_tuning/train.py", line 121, in main
    cfg = setup(args)
  File "visual_prompt_tuning/train.py", line 57, in setup
    f"Already run {cfg.RUN_N_TIMES} times for {output_folder}, no need to run more")
ValueError: Already run 1 times for vtab-caltech101/sup_vitb16_imagenet21k/lr5.0_wd0.0001, no need to run more
Traceback (most recent call last):
  File "visual_prompt_tuning/train.py", line 129, in <module>
    main(args)
  File "visual_prompt_tuning/train.py", line 121, in main
    cfg = setup(args)
  File "visual_prompt_tuning/train.py", line 57, in setup
    f"Already run {cfg.RUN_N_TIMES} times for {output_folder}, no need to run more")
ValueError: Already run 1 times for vtab-caltech101/sup_vitb16_imagenet21k/lr5.0_wd0.0001, no need to run more
Traceback (most recent call last):
  File "visual_prompt_tuning/train.py", line 129, in <module>
    main(args)
  File "visual_prompt_tuning/train.py", line 121, in main
    cfg = setup(args)
  File "visual_prompt_tuning/train.py", line 57, in setup
    f"Already run {cfg.RUN_N_TIMES} times for {output_folder}, no need to run more")
ValueError: Already run 1 times for vtab-caltech101/sup_vitb16_imagenet21k/lr5.0_wd0.0001, no need to run more
Traceback (most recent call last):
  File "visual_prompt_tuning/train.py", line 129, in <module>
    main(args)
  File "visual_prompt_tuning/train.py", line 121, in main
    cfg = setup(args)
  File "visual_prompt_tuning/train.py", line 57, in setup
    f"Already run {cfg.RUN_N_TIMES} times for {output_folder}, no need to run more")
ValueError: Already run 1 times for vtab-caltech101/sup_vitb16_imagenet21k/lr5.0_wd0.0001, no need to run more
Traceback (most recent call last):
  File "visual_prompt_tuning/train.py", line 129, in <module>
    main(args)
  File "visual_prompt_tuning/train.py", line 121, in main
    cfg = setup(args)
  File "visual_prompt_tuning/train.py", line 57, in setup
    f"Already run {cfg.RUN_N_TIMES} times for {output_folder}, no need to run more")
ValueError: Already run 1 times for vtab-caltech101/sup_vitb16_imagenet21k/lr5.0_wd0.0001, no need to run more
