/bin/bash: /home/s1952889/miniconda3/envs/prompt/lib/libtinfo.so.6: no version information available (required by /bin/bash)
01/02 20:57:34 - mmengine - INFO - 
------------------------------------------------------------
System environment:
    sys.platform: linux
    Python: 3.10.13 (main, Sep 11 2023, 13:44:35) [GCC 11.2.0]
    CUDA available: True
    numpy_random_seed: 2119084935
    GPU 0: NVIDIA A40
    CUDA_HOME: None
    GCC: gcc (Ubuntu 9.4.0-1ubuntu1~20.04.2) 9.4.0
    PyTorch: 2.0.0
    PyTorch compiling details: PyTorch built with:
  - GCC 9.3
  - C++ Version: 201703
  - Intel(R) oneAPI Math Kernel Library Version 2023.1-Product Build 20230303 for Intel(R) 64 architecture applications
  - Intel(R) MKL-DNN v2.7.3 (Git Hash 6dbeffbae1f23cbbeae17adb7b5b13f1f37c080e)
  - OpenMP 201511 (a.k.a. OpenMP 4.5)
  - LAPACK is enabled (usually provided by MKL)
  - NNPACK is enabled
  - CPU capability usage: AVX2
  - CUDA Runtime 11.8
  - NVCC architecture flags: -gencode;arch=compute_37,code=sm_37;-gencode;arch=compute_50,code=sm_50;-gencode;arch=compute_60,code=sm_60;-gencode;arch=compute_61,code=sm_61;-gencode;arch=compute_70,code=sm_70;-gencode;arch=compute_75,code=sm_75;-gencode;arch=compute_80,code=sm_80;-gencode;arch=compute_86,code=sm_86;-gencode;arch=compute_90,code=sm_90;-gencode;arch=compute_37,code=compute_37
  - CuDNN 8.7
  - Magma 2.6.1
  - Build settings: BLAS_INFO=mkl, BUILD_TYPE=Release, CUDA_VERSION=11.8, CUDNN_VERSION=8.7.0, CXX_COMPILER=/opt/rh/devtoolset-9/root/usr/bin/c++, CXX_FLAGS= -D_GLIBCXX_USE_CXX11_ABI=0 -fabi-version=11 -Wno-deprecated -fvisibility-inlines-hidden -DUSE_PTHREADPOOL -DNDEBUG -DUSE_KINETO -DLIBKINETO_NOROCTRACER -DUSE_FBGEMM -DUSE_QNNPACK -DUSE_PYTORCH_QNNPACK -DUSE_XNNPACK -DSYMBOLICATE_MOBILE_DEBUG_HANDLE -O2 -fPIC -Wall -Wextra -Werror=return-type -Werror=non-virtual-dtor -Werror=bool-operation -Wnarrowing -Wno-missing-field-initializers -Wno-type-limits -Wno-array-bounds -Wno-unknown-pragmas -Wunused-local-typedefs -Wno-unused-parameter -Wno-unused-function -Wno-unused-result -Wno-strict-overflow -Wno-strict-aliasing -Wno-error=deprecated-declarations -Wno-stringop-overflow -Wno-psabi -Wno-error=pedantic -Wno-error=redundant-decls -Wno-error=old-style-cast -fdiagnostics-color=always -faligned-new -Wno-unused-but-set-variable -Wno-maybe-uninitialized -fno-math-errno -fno-trapping-math -Werror=format -Werror=cast-function-type -Wno-stringop-overflow, LAPACK_INFO=mkl, PERF_WITH_AVX=1, PERF_WITH_AVX2=1, PERF_WITH_AVX512=1, TORCH_DISABLE_GPU_ASSERTS=ON, TORCH_VERSION=2.0.0, USE_CUDA=ON, USE_CUDNN=ON, USE_EXCEPTION_PTR=1, USE_GFLAGS=OFF, USE_GLOG=OFF, USE_MKL=ON, USE_MKLDNN=ON, USE_MPI=OFF, USE_NCCL=ON, USE_NNPACK=ON, USE_OPENMP=ON, USE_ROCM=OFF, 

    TorchVision: 0.15.0
    OpenCV: 4.8.1
    MMEngine: 0.9.1

Runtime environment:
    cudnn_benchmark: True
    mp_cfg: {'mp_start_method': 'fork', 'opencv_num_threads': 0}
    dist_cfg: {'backend': 'nccl'}
    seed: 2119084935
    Distributed launcher: none
    Distributed training: False
    GPU number: 1
------------------------------------------------------------

01/02 20:57:34 - mmengine - INFO - Config:
backbone_norm_cfg = dict(eps=1e-06, requires_grad=True, type='LN')
crop_size = (
    512,
    512,
)
data_preprocessor = dict(
    bgr_to_rgb=True,
    mean=[
        123.675,
        116.28,
        103.53,
    ],
    pad_val=0,
    seg_pad_val=255,
    size=(
        512,
        512,
    ),
    std=[
        58.395,
        57.12,
        57.375,
    ],
    type='SegDataPreProcessor')
data_root = 'data/cbis/cbis-linked'
dataset_type = 'CBISBinaryDataset'
default_hooks = dict(
    checkpoint=dict(
        by_epoch=False,
        interval=16000,
        max_keep_ckpts=2,
        type='CheckpointHook'),
    logger=dict(interval=50, log_metric_by_epoch=False, type='LoggerHook'),
    param_scheduler=dict(type='ParamSchedulerHook'),
    sampler_seed=dict(type='DistSamplerSeedHook'),
    timer=dict(type='IterTimerHook'),
    visualization=dict(type='SegVisualizationHook'))
default_scope = 'mmseg'
env_cfg = dict(
    cudnn_benchmark=True,
    dist_cfg=dict(backend='nccl'),
    mp_cfg=dict(mp_start_method='fork', opencv_num_threads=0))
launcher = 'none'
load_from = None
log_level = 'INFO'
log_processor = dict(by_epoch=False)
model = dict(
    auxiliary_head=[
        dict(
            act_cfg=dict(type='ReLU'),
            align_corners=False,
            channels=256,
            dropout_ratio=0,
            in_channels=1024,
            in_index=0,
            kernel_size=3,
            loss_decode=dict(
                class_weight=[
                    0.04,
                    1.96,
                ],
                loss_weight=0.4,
                type='CrossEntropyLoss',
                use_sigmoid=False),
            norm_cfg=dict(requires_grad=True, type='SyncBN'),
            num_classes=2,
            num_convs=2,
            type='SETRUPHead'),
        dict(
            act_cfg=dict(type='ReLU'),
            align_corners=False,
            channels=256,
            dropout_ratio=0,
            in_channels=1024,
            in_index=1,
            kernel_size=3,
            loss_decode=dict(
                class_weight=[
                    0.04,
                    1.96,
                ],
                loss_weight=0.4,
                type='CrossEntropyLoss',
                use_sigmoid=False),
            norm_cfg=dict(requires_grad=True, type='SyncBN'),
            num_classes=2,
            num_convs=2,
            type='SETRUPHead'),
        dict(
            act_cfg=dict(type='ReLU'),
            align_corners=False,
            channels=256,
            dropout_ratio=0,
            in_channels=1024,
            in_index=2,
            kernel_size=3,
            loss_decode=dict(
                class_weight=[
                    0.04,
                    1.96,
                ],
                loss_weight=0.4,
                type='CrossEntropyLoss',
                use_sigmoid=False),
            norm_cfg=dict(requires_grad=True, type='SyncBN'),
            num_classes=2,
            num_convs=2,
            type='SETRUPHead'),
    ],
    backbone=dict(
        drop_rate=0.0,
        embed_dims=1024,
        img_size=(
            512,
            512,
        ),
        in_channels=3,
        init_cfg=dict(
            checkpoint='pretrain/vit_large_p16.pth', type='Pretrained'),
        interpolate_mode='bilinear',
        norm_cfg=dict(eps=1e-06, requires_grad=True, type='LN'),
        num_heads=16,
        num_layers=24,
        out_indices=(
            9,
            14,
            19,
            23,
        ),
        patch_size=16,
        type='VisionTransformer',
        with_cls_token=True),
    data_preprocessor=dict(
        bgr_to_rgb=True,
        mean=[
            123.675,
            116.28,
            103.53,
        ],
        pad_val=0,
        seg_pad_val=255,
        size=(
            512,
            512,
        ),
        std=[
            58.395,
            57.12,
            57.375,
        ],
        type='SegDataPreProcessor'),
    decode_head=dict(
        align_corners=False,
        channels=256,
        dropout_ratio=0,
        in_channels=1024,
        in_index=3,
        kernel_size=3,
        loss_decode=dict(
            class_weight=[
                0.04,
                1.96,
            ],
            loss_weight=1.0,
            type='CrossEntropyLoss',
            use_sigmoid=False),
        norm_cfg=dict(requires_grad=True, type='SyncBN'),
        num_classes=2,
        num_convs=4,
        type='SETRUPHead',
        up_scale=2),
    pretrained=None,
    test_cfg=dict(mode='whole'),
    train_cfg=dict(),
    type='EncoderDecoder')
norm_cfg = dict(requires_grad=True, type='SyncBN')
num_classes = 2
optim_wrapper = dict(
    clip_grad=None,
    optimizer=dict(lr=0.05, type='AdamW', weight_decay=0.001),
    paramwise_cfg=dict(custom_keys=dict(head=dict(lr_mult=10.0))),
    type='OptimWrapper')
optimizer = dict(lr=0.05, type='AdamW', weight_decay=0.001)
param_scheduler = [
    dict(
        begin=0,
        by_epoch=False,
        end=160000,
        eta_min=0.0001,
        power=0.9,
        type='PolyLR'),
]
record_gpu_snapshot = True
resume = False
test_cfg = dict(type='TestLoop')
test_dataloader = dict(
    batch_size=1,
    dataset=dict(
        data_prefix=dict(
            img_path='images/test', seg_map_path='annotations_binary/test'),
        data_root='data/cbis/cbis-linked',
        pipeline=[
            dict(type='LoadImageFromFile'),
            dict(keep_ratio=True, scale=(
                512,
                512,
            ), type='Resize'),
            dict(reduce_zero_label=False, type='LoadAnnotations'),
            dict(type='PackSegInputs'),
        ],
        type='CBISBinaryDataset'),
    num_workers=4,
    persistent_workers=True,
    sampler=dict(shuffle=False, type='DefaultSampler'))
test_evaluator = dict(
    iou_metrics=[
        'mIoU',
    ], type='IoUMetric')
test_pipeline = [
    dict(type='LoadImageFromFile'),
    dict(keep_ratio=True, scale=(
        512,
        512,
    ), type='Resize'),
    dict(reduce_zero_label=False, type='LoadAnnotations'),
    dict(type='PackSegInputs'),
]
train_cfg = dict(
    max_iters=160000, type='IterBasedTrainLoop', val_interval=16000)
train_dataloader = dict(
    batch_size=4,
    dataset=dict(
        data_prefix=dict(
            img_path='images/train', seg_map_path='annotations_binary/train'),
        data_root='data/cbis/cbis-linked',
        pipeline=[
            dict(type='LoadImageFromFile'),
            dict(reduce_zero_label=False, type='LoadAnnotations'),
            dict(keep_ratio=True, scale=(
                512,
                512,
            ), type='Resize'),
            dict(prob=0.5, type='RandomFlip'),
            dict(type='PackSegInputs'),
        ],
        type='CBISBinaryDataset'),
    num_workers=4,
    persistent_workers=True,
    sampler=dict(shuffle=True, type='InfiniteSampler'))
train_pipeline = [
    dict(type='LoadImageFromFile'),
    dict(reduce_zero_label=False, type='LoadAnnotations'),
    dict(keep_ratio=True, scale=(
        512,
        512,
    ), type='Resize'),
    dict(prob=0.5, type='RandomFlip'),
    dict(type='PackSegInputs'),
]
tta_model = dict(type='SegTTAModel')
tta_pipeline = None
val_cfg = dict(type='ValLoop')
val_dataloader = dict(
    batch_size=1,
    dataset=dict(
        data_prefix=dict(
            img_path='images/val', seg_map_path='annotations_binary/val'),
        data_root='data/cbis/cbis-linked',
        pipeline=[
            dict(type='LoadImageFromFile'),
            dict(keep_ratio=True, scale=(
                512,
                512,
            ), type='Resize'),
            dict(reduce_zero_label=False, type='LoadAnnotations'),
            dict(type='PackSegInputs'),
        ],
        type='CBISBinaryDataset'),
    num_workers=4,
    persistent_workers=True,
    sampler=dict(shuffle=False, type='DefaultSampler'))
val_evaluator = dict(
    iou_metrics=[
        'mIoU',
    ], type='IoUMetric')
val_pipeline = [
    dict(type='LoadImageFromFile'),
    dict(keep_ratio=True, scale=(
        512,
        512,
    ), type='Resize'),
    dict(reduce_zero_label=False, type='LoadAnnotations'),
    dict(type='PackSegInputs'),
]
vis_backends = [
    dict(type='LocalVisBackend'),
]
visualizer = dict(
    name='visualizer',
    type='SegLocalVisualizer',
    vis_backends=[
        dict(type='LocalVisBackend'),
    ])
work_dir = './work_dirs/setr_vit-l_pup_8xb2-160k_cbis-ddsm-binary-512x512'

/home/s1952889/final-project/implementation/mmsegmentation/mmseg/models/decode_heads/decode_head.py:120: UserWarning: For binary segmentation, we suggest using`out_channels = 1` to define the outputchannels of segmentor, and use `threshold`to convert `seg_logits` into a predictionapplying a threshold
  warnings.warn('For binary segmentation, we suggest using'
/home/s1952889/final-project/implementation/mmsegmentation/mmseg/models/builder.py:36: UserWarning: ``build_loss`` would be deprecated soon, please use ``mmseg.registry.MODELS.build()`` 
  warnings.warn('``build_loss`` would be deprecated soon, please use '
/home/s1952889/final-project/implementation/mmsegmentation/mmseg/models/losses/cross_entropy_loss.py:253: UserWarning: Default ``avg_non_ignore`` is False, if you would like to ignore the certain label and average loss over non-ignore labels, which is the same with PyTorch official cross_entropy, set ``avg_non_ignore=True``.
  warnings.warn(
01/02 20:57:50 - mmengine - INFO - Total parameters: 317137928
01/02 20:57:50 - mmengine - INFO - Trainable parameters: 317137928
01/02 20:57:51 - mmengine - INFO - Distributed training is not used, all SyncBatchNorm (SyncBN) layers in the model will be automatically reverted to BatchNormXd layers if they are used.
/home/s1952889/final-project/implementation/mmsegmentation/mmseg/engine/hooks/visualization_hook.py:61: UserWarning: The draw is False, it means that the hook for visualization will not take effect. The results will NOT be visualized or stored.
  warnings.warn('The draw is False, it means that the '
01/02 20:57:51 - mmengine - INFO - Hooks will be executed in the following order:
before_run:
(VERY_HIGH   ) RuntimeInfoHook                    
(BELOW_NORMAL) LoggerHook                         
 -------------------- 
before_train:
(VERY_HIGH   ) RuntimeInfoHook                    
(NORMAL      ) IterTimerHook                      
(VERY_LOW    ) CheckpointHook                     
 -------------------- 
before_train_epoch:
(VERY_HIGH   ) RuntimeInfoHook                    
(NORMAL      ) IterTimerHook                      
(NORMAL      ) DistSamplerSeedHook                
 -------------------- 
before_train_iter:
(VERY_HIGH   ) RuntimeInfoHook                    
(NORMAL      ) IterTimerHook                      
 -------------------- 
after_train_iter:
(VERY_HIGH   ) RuntimeInfoHook                    
(NORMAL      ) IterTimerHook                      
(NORMAL      ) SegVisualizationHook               
(BELOW_NORMAL) LoggerHook                         
(LOW         ) ParamSchedulerHook                 
(VERY_LOW    ) CheckpointHook                     
 -------------------- 
after_train_epoch:
(NORMAL      ) IterTimerHook                      
(LOW         ) ParamSchedulerHook                 
(VERY_LOW    ) CheckpointHook                     
 -------------------- 
before_val:
(VERY_HIGH   ) RuntimeInfoHook                    
 -------------------- 
before_val_epoch:
(NORMAL      ) IterTimerHook                      
 -------------------- 
before_val_iter:
(NORMAL      ) IterTimerHook                      
 -------------------- 
after_val_iter:
(NORMAL      ) IterTimerHook                      
(NORMAL      ) SegVisualizationHook               
(BELOW_NORMAL) LoggerHook                         
 -------------------- 
after_val_epoch:
(VERY_HIGH   ) RuntimeInfoHook                    
(NORMAL      ) IterTimerHook                      
(BELOW_NORMAL) LoggerHook                         
(LOW         ) ParamSchedulerHook                 
(VERY_LOW    ) CheckpointHook                     
 -------------------- 
after_val:
(VERY_HIGH   ) RuntimeInfoHook                    
 -------------------- 
after_train:
(VERY_HIGH   ) RuntimeInfoHook                    
(VERY_LOW    ) CheckpointHook                     
 -------------------- 
before_test:
(VERY_HIGH   ) RuntimeInfoHook                    
 -------------------- 
before_test_epoch:
(NORMAL      ) IterTimerHook                      
 -------------------- 
before_test_iter:
(NORMAL      ) IterTimerHook                      
 -------------------- 
after_test_iter:
(NORMAL      ) IterTimerHook                      
(NORMAL      ) SegVisualizationHook               
(BELOW_NORMAL) LoggerHook                         
 -------------------- 
after_test_epoch:
(VERY_HIGH   ) RuntimeInfoHook                    
(NORMAL      ) IterTimerHook                      
(BELOW_NORMAL) LoggerHook                         
 -------------------- 
after_test:
(VERY_HIGH   ) RuntimeInfoHook                    
 -------------------- 
after_run:
(BELOW_NORMAL) LoggerHook                         
 -------------------- 
/home/s1952889/final-project/implementation/mmsegmentation/mmseg/datasets/transforms/loading.py:83: UserWarning: `reduce_zero_label` will be deprecated, if you would like to ignore the zero label, please set `reduce_zero_label=True` when dataset initialized
  warnings.warn('`reduce_zero_label` will be deprecated, '
01/02 20:57:53 - mmengine - INFO - paramwise_options -- decode_head.conv_seg.weight:lr=0.5
01/02 20:57:53 - mmengine - INFO - paramwise_options -- decode_head.conv_seg.weight:weight_decay=0.001
01/02 20:57:53 - mmengine - INFO - paramwise_options -- decode_head.conv_seg.weight:lr_mult=10.0
01/02 20:57:53 - mmengine - INFO - paramwise_options -- decode_head.conv_seg.bias:lr=0.5
01/02 20:57:53 - mmengine - INFO - paramwise_options -- decode_head.conv_seg.bias:weight_decay=0.001
01/02 20:57:53 - mmengine - INFO - paramwise_options -- decode_head.conv_seg.bias:lr_mult=10.0
01/02 20:57:53 - mmengine - INFO - paramwise_options -- decode_head.norm.weight:lr=0.5
01/02 20:57:53 - mmengine - INFO - paramwise_options -- decode_head.norm.weight:weight_decay=0.001
01/02 20:57:53 - mmengine - INFO - paramwise_options -- decode_head.norm.weight:lr_mult=10.0
01/02 20:57:53 - mmengine - INFO - paramwise_options -- decode_head.norm.bias:lr=0.5
01/02 20:57:53 - mmengine - INFO - paramwise_options -- decode_head.norm.bias:weight_decay=0.001
01/02 20:57:53 - mmengine - INFO - paramwise_options -- decode_head.norm.bias:lr_mult=10.0
01/02 20:57:53 - mmengine - INFO - paramwise_options -- decode_head.up_convs.0.0.conv.weight:lr=0.5
01/02 20:57:53 - mmengine - INFO - paramwise_options -- decode_head.up_convs.0.0.conv.weight:weight_decay=0.001
01/02 20:57:53 - mmengine - INFO - paramwise_options -- decode_head.up_convs.0.0.conv.weight:lr_mult=10.0
01/02 20:57:53 - mmengine - INFO - paramwise_options -- decode_head.up_convs.0.0.bn.weight:lr=0.5
01/02 20:57:53 - mmengine - INFO - paramwise_options -- decode_head.up_convs.0.0.bn.weight:weight_decay=0.001
01/02 20:57:53 - mmengine - INFO - paramwise_options -- decode_head.up_convs.0.0.bn.weight:lr_mult=10.0
01/02 20:57:53 - mmengine - INFO - paramwise_options -- decode_head.up_convs.0.0.bn.bias:lr=0.5
01/02 20:57:53 - mmengine - INFO - paramwise_options -- decode_head.up_convs.0.0.bn.bias:weight_decay=0.001
01/02 20:57:53 - mmengine - INFO - paramwise_options -- decode_head.up_convs.0.0.bn.bias:lr_mult=10.0
01/02 20:57:53 - mmengine - INFO - paramwise_options -- decode_head.up_convs.1.0.conv.weight:lr=0.5
01/02 20:57:53 - mmengine - INFO - paramwise_options -- decode_head.up_convs.1.0.conv.weight:weight_decay=0.001
01/02 20:57:53 - mmengine - INFO - paramwise_options -- decode_head.up_convs.1.0.conv.weight:lr_mult=10.0
01/02 20:57:53 - mmengine - INFO - paramwise_options -- decode_head.up_convs.1.0.bn.weight:lr=0.5
01/02 20:57:53 - mmengine - INFO - paramwise_options -- decode_head.up_convs.1.0.bn.weight:weight_decay=0.001
01/02 20:57:53 - mmengine - INFO - paramwise_options -- decode_head.up_convs.1.0.bn.weight:lr_mult=10.0
01/02 20:57:53 - mmengine - INFO - paramwise_options -- decode_head.up_convs.1.0.bn.bias:lr=0.5
01/02 20:57:53 - mmengine - INFO - paramwise_options -- decode_head.up_convs.1.0.bn.bias:weight_decay=0.001
01/02 20:57:53 - mmengine - INFO - paramwise_options -- decode_head.up_convs.1.0.bn.bias:lr_mult=10.0
01/02 20:57:53 - mmengine - INFO - paramwise_options -- decode_head.up_convs.2.0.conv.weight:lr=0.5
01/02 20:57:53 - mmengine - INFO - paramwise_options -- decode_head.up_convs.2.0.conv.weight:weight_decay=0.001
01/02 20:57:53 - mmengine - INFO - paramwise_options -- decode_head.up_convs.2.0.conv.weight:lr_mult=10.0
01/02 20:57:53 - mmengine - INFO - paramwise_options -- decode_head.up_convs.2.0.bn.weight:lr=0.5
01/02 20:57:53 - mmengine - INFO - paramwise_options -- decode_head.up_convs.2.0.bn.weight:weight_decay=0.001
01/02 20:57:53 - mmengine - INFO - paramwise_options -- decode_head.up_convs.2.0.bn.weight:lr_mult=10.0
01/02 20:57:53 - mmengine - INFO - paramwise_options -- decode_head.up_convs.2.0.bn.bias:lr=0.5
01/02 20:57:53 - mmengine - INFO - paramwise_options -- decode_head.up_convs.2.0.bn.bias:weight_decay=0.001
01/02 20:57:53 - mmengine - INFO - paramwise_options -- decode_head.up_convs.2.0.bn.bias:lr_mult=10.0
01/02 20:57:53 - mmengine - INFO - paramwise_options -- decode_head.up_convs.3.0.conv.weight:lr=0.5
01/02 20:57:53 - mmengine - INFO - paramwise_options -- decode_head.up_convs.3.0.conv.weight:weight_decay=0.001
01/02 20:57:53 - mmengine - INFO - paramwise_options -- decode_head.up_convs.3.0.conv.weight:lr_mult=10.0
01/02 20:57:53 - mmengine - INFO - paramwise_options -- decode_head.up_convs.3.0.bn.weight:lr=0.5
01/02 20:57:53 - mmengine - INFO - paramwise_options -- decode_head.up_convs.3.0.bn.weight:weight_decay=0.001
01/02 20:57:53 - mmengine - INFO - paramwise_options -- decode_head.up_convs.3.0.bn.weight:lr_mult=10.0
01/02 20:57:53 - mmengine - INFO - paramwise_options -- decode_head.up_convs.3.0.bn.bias:lr=0.5
01/02 20:57:53 - mmengine - INFO - paramwise_options -- decode_head.up_convs.3.0.bn.bias:weight_decay=0.001
01/02 20:57:53 - mmengine - INFO - paramwise_options -- decode_head.up_convs.3.0.bn.bias:lr_mult=10.0
01/02 20:57:53 - mmengine - INFO - paramwise_options -- auxiliary_head.0.conv_seg.weight:lr=0.5
01/02 20:57:53 - mmengine - INFO - paramwise_options -- auxiliary_head.0.conv_seg.weight:weight_decay=0.001
01/02 20:57:53 - mmengine - INFO - paramwise_options -- auxiliary_head.0.conv_seg.weight:lr_mult=10.0
01/02 20:57:53 - mmengine - INFO - paramwise_options -- auxiliary_head.0.conv_seg.bias:lr=0.5
01/02 20:57:53 - mmengine - INFO - paramwise_options -- auxiliary_head.0.conv_seg.bias:weight_decay=0.001
01/02 20:57:53 - mmengine - INFO - paramwise_options -- auxiliary_head.0.conv_seg.bias:lr_mult=10.0
01/02 20:57:53 - mmengine - INFO - paramwise_options -- auxiliary_head.0.norm.weight:lr=0.5
01/02 20:57:53 - mmengine - INFO - paramwise_options -- auxiliary_head.0.norm.weight:weight_decay=0.001
01/02 20:57:53 - mmengine - INFO - paramwise_options -- auxiliary_head.0.norm.weight:lr_mult=10.0
01/02 20:57:53 - mmengine - INFO - paramwise_options -- auxiliary_head.0.norm.bias:lr=0.5
01/02 20:57:53 - mmengine - INFO - paramwise_options -- auxiliary_head.0.norm.bias:weight_decay=0.001
01/02 20:57:53 - mmengine - INFO - paramwise_options -- auxiliary_head.0.norm.bias:lr_mult=10.0
01/02 20:57:53 - mmengine - INFO - paramwise_options -- auxiliary_head.0.up_convs.0.0.conv.weight:lr=0.5
01/02 20:57:53 - mmengine - INFO - paramwise_options -- auxiliary_head.0.up_convs.0.0.conv.weight:weight_decay=0.001
01/02 20:57:53 - mmengine - INFO - paramwise_options -- auxiliary_head.0.up_convs.0.0.conv.weight:lr_mult=10.0
01/02 20:57:53 - mmengine - INFO - paramwise_options -- auxiliary_head.0.up_convs.0.0.bn.weight:lr=0.5
01/02 20:57:53 - mmengine - INFO - paramwise_options -- auxiliary_head.0.up_convs.0.0.bn.weight:weight_decay=0.001
01/02 20:57:53 - mmengine - INFO - paramwise_options -- auxiliary_head.0.up_convs.0.0.bn.weight:lr_mult=10.0
01/02 20:57:53 - mmengine - INFO - paramwise_options -- auxiliary_head.0.up_convs.0.0.bn.bias:lr=0.5
01/02 20:57:53 - mmengine - INFO - paramwise_options -- auxiliary_head.0.up_convs.0.0.bn.bias:weight_decay=0.001
01/02 20:57:53 - mmengine - INFO - paramwise_options -- auxiliary_head.0.up_convs.0.0.bn.bias:lr_mult=10.0
01/02 20:57:53 - mmengine - INFO - paramwise_options -- auxiliary_head.0.up_convs.1.0.conv.weight:lr=0.5
01/02 20:57:53 - mmengine - INFO - paramwise_options -- auxiliary_head.0.up_convs.1.0.conv.weight:weight_decay=0.001
01/02 20:57:53 - mmengine - INFO - paramwise_options -- auxiliary_head.0.up_convs.1.0.conv.weight:lr_mult=10.0
01/02 20:57:53 - mmengine - INFO - paramwise_options -- auxiliary_head.0.up_convs.1.0.bn.weight:lr=0.5
01/02 20:57:53 - mmengine - INFO - paramwise_options -- auxiliary_head.0.up_convs.1.0.bn.weight:weight_decay=0.001
01/02 20:57:53 - mmengine - INFO - paramwise_options -- auxiliary_head.0.up_convs.1.0.bn.weight:lr_mult=10.0
01/02 20:57:53 - mmengine - INFO - paramwise_options -- auxiliary_head.0.up_convs.1.0.bn.bias:lr=0.5
01/02 20:57:53 - mmengine - INFO - paramwise_options -- auxiliary_head.0.up_convs.1.0.bn.bias:weight_decay=0.001
01/02 20:57:53 - mmengine - INFO - paramwise_options -- auxiliary_head.0.up_convs.1.0.bn.bias:lr_mult=10.0
01/02 20:57:53 - mmengine - INFO - paramwise_options -- auxiliary_head.1.conv_seg.weight:lr=0.5
01/02 20:57:53 - mmengine - INFO - paramwise_options -- auxiliary_head.1.conv_seg.weight:weight_decay=0.001
01/02 20:57:53 - mmengine - INFO - paramwise_options -- auxiliary_head.1.conv_seg.weight:lr_mult=10.0
01/02 20:57:53 - mmengine - INFO - paramwise_options -- auxiliary_head.1.conv_seg.bias:lr=0.5
01/02 20:57:53 - mmengine - INFO - paramwise_options -- auxiliary_head.1.conv_seg.bias:weight_decay=0.001
01/02 20:57:53 - mmengine - INFO - paramwise_options -- auxiliary_head.1.conv_seg.bias:lr_mult=10.0
01/02 20:57:53 - mmengine - INFO - paramwise_options -- auxiliary_head.1.norm.weight:lr=0.5
01/02 20:57:53 - mmengine - INFO - paramwise_options -- auxiliary_head.1.norm.weight:weight_decay=0.001
01/02 20:57:53 - mmengine - INFO - paramwise_options -- auxiliary_head.1.norm.weight:lr_mult=10.0
01/02 20:57:53 - mmengine - INFO - paramwise_options -- auxiliary_head.1.norm.bias:lr=0.5
01/02 20:57:53 - mmengine - INFO - paramwise_options -- auxiliary_head.1.norm.bias:weight_decay=0.001
01/02 20:57:53 - mmengine - INFO - paramwise_options -- auxiliary_head.1.norm.bias:lr_mult=10.0
01/02 20:57:53 - mmengine - INFO - paramwise_options -- auxiliary_head.1.up_convs.0.0.conv.weight:lr=0.5
01/02 20:57:53 - mmengine - INFO - paramwise_options -- auxiliary_head.1.up_convs.0.0.conv.weight:weight_decay=0.001
01/02 20:57:53 - mmengine - INFO - paramwise_options -- auxiliary_head.1.up_convs.0.0.conv.weight:lr_mult=10.0
01/02 20:57:53 - mmengine - INFO - paramwise_options -- auxiliary_head.1.up_convs.0.0.bn.weight:lr=0.5
01/02 20:57:53 - mmengine - INFO - paramwise_options -- auxiliary_head.1.up_convs.0.0.bn.weight:weight_decay=0.001
01/02 20:57:53 - mmengine - INFO - paramwise_options -- auxiliary_head.1.up_convs.0.0.bn.weight:lr_mult=10.0
01/02 20:57:53 - mmengine - INFO - paramwise_options -- auxiliary_head.1.up_convs.0.0.bn.bias:lr=0.5
01/02 20:57:53 - mmengine - INFO - paramwise_options -- auxiliary_head.1.up_convs.0.0.bn.bias:weight_decay=0.001
01/02 20:57:53 - mmengine - INFO - paramwise_options -- auxiliary_head.1.up_convs.0.0.bn.bias:lr_mult=10.0
01/02 20:57:53 - mmengine - INFO - paramwise_options -- auxiliary_head.1.up_convs.1.0.conv.weight:lr=0.5
01/02 20:57:53 - mmengine - INFO - paramwise_options -- auxiliary_head.1.up_convs.1.0.conv.weight:weight_decay=0.001
01/02 20:57:53 - mmengine - INFO - paramwise_options -- auxiliary_head.1.up_convs.1.0.conv.weight:lr_mult=10.0
01/02 20:57:53 - mmengine - INFO - paramwise_options -- auxiliary_head.1.up_convs.1.0.bn.weight:lr=0.5
01/02 20:57:53 - mmengine - INFO - paramwise_options -- auxiliary_head.1.up_convs.1.0.bn.weight:weight_decay=0.001
01/02 20:57:53 - mmengine - INFO - paramwise_options -- auxiliary_head.1.up_convs.1.0.bn.weight:lr_mult=10.0
01/02 20:57:53 - mmengine - INFO - paramwise_options -- auxiliary_head.1.up_convs.1.0.bn.bias:lr=0.5
01/02 20:57:53 - mmengine - INFO - paramwise_options -- auxiliary_head.1.up_convs.1.0.bn.bias:weight_decay=0.001
01/02 20:57:53 - mmengine - INFO - paramwise_options -- auxiliary_head.1.up_convs.1.0.bn.bias:lr_mult=10.0
01/02 20:57:53 - mmengine - INFO - paramwise_options -- auxiliary_head.2.conv_seg.weight:lr=0.5
01/02 20:57:53 - mmengine - INFO - paramwise_options -- auxiliary_head.2.conv_seg.weight:weight_decay=0.001
01/02 20:57:53 - mmengine - INFO - paramwise_options -- auxiliary_head.2.conv_seg.weight:lr_mult=10.0
01/02 20:57:53 - mmengine - INFO - paramwise_options -- auxiliary_head.2.conv_seg.bias:lr=0.5
01/02 20:57:53 - mmengine - INFO - paramwise_options -- auxiliary_head.2.conv_seg.bias:weight_decay=0.001
01/02 20:57:53 - mmengine - INFO - paramwise_options -- auxiliary_head.2.conv_seg.bias:lr_mult=10.0
01/02 20:57:53 - mmengine - INFO - paramwise_options -- auxiliary_head.2.norm.weight:lr=0.5
01/02 20:57:53 - mmengine - INFO - paramwise_options -- auxiliary_head.2.norm.weight:weight_decay=0.001
01/02 20:57:53 - mmengine - INFO - paramwise_options -- auxiliary_head.2.norm.weight:lr_mult=10.0
01/02 20:57:53 - mmengine - INFO - paramwise_options -- auxiliary_head.2.norm.bias:lr=0.5
01/02 20:57:53 - mmengine - INFO - paramwise_options -- auxiliary_head.2.norm.bias:weight_decay=0.001
01/02 20:57:53 - mmengine - INFO - paramwise_options -- auxiliary_head.2.norm.bias:lr_mult=10.0
01/02 20:57:53 - mmengine - INFO - paramwise_options -- auxiliary_head.2.up_convs.0.0.conv.weight:lr=0.5
01/02 20:57:53 - mmengine - INFO - paramwise_options -- auxiliary_head.2.up_convs.0.0.conv.weight:weight_decay=0.001
01/02 20:57:53 - mmengine - INFO - paramwise_options -- auxiliary_head.2.up_convs.0.0.conv.weight:lr_mult=10.0
01/02 20:57:53 - mmengine - INFO - paramwise_options -- auxiliary_head.2.up_convs.0.0.bn.weight:lr=0.5
01/02 20:57:53 - mmengine - INFO - paramwise_options -- auxiliary_head.2.up_convs.0.0.bn.weight:weight_decay=0.001
01/02 20:57:53 - mmengine - INFO - paramwise_options -- auxiliary_head.2.up_convs.0.0.bn.weight:lr_mult=10.0
01/02 20:57:53 - mmengine - INFO - paramwise_options -- auxiliary_head.2.up_convs.0.0.bn.bias:lr=0.5
01/02 20:57:53 - mmengine - INFO - paramwise_options -- auxiliary_head.2.up_convs.0.0.bn.bias:weight_decay=0.001
01/02 20:57:53 - mmengine - INFO - paramwise_options -- auxiliary_head.2.up_convs.0.0.bn.bias:lr_mult=10.0
01/02 20:57:53 - mmengine - INFO - paramwise_options -- auxiliary_head.2.up_convs.1.0.conv.weight:lr=0.5
01/02 20:57:53 - mmengine - INFO - paramwise_options -- auxiliary_head.2.up_convs.1.0.conv.weight:weight_decay=0.001
01/02 20:57:53 - mmengine - INFO - paramwise_options -- auxiliary_head.2.up_convs.1.0.conv.weight:lr_mult=10.0
01/02 20:57:53 - mmengine - INFO - paramwise_options -- auxiliary_head.2.up_convs.1.0.bn.weight:lr=0.5
01/02 20:57:53 - mmengine - INFO - paramwise_options -- auxiliary_head.2.up_convs.1.0.bn.weight:weight_decay=0.001
01/02 20:57:53 - mmengine - INFO - paramwise_options -- auxiliary_head.2.up_convs.1.0.bn.weight:lr_mult=10.0
01/02 20:57:53 - mmengine - INFO - paramwise_options -- auxiliary_head.2.up_convs.1.0.bn.bias:lr=0.5
01/02 20:57:53 - mmengine - INFO - paramwise_options -- auxiliary_head.2.up_convs.1.0.bn.bias:weight_decay=0.001
01/02 20:57:53 - mmengine - INFO - paramwise_options -- auxiliary_head.2.up_convs.1.0.bn.bias:lr_mult=10.0
01/02 20:57:53 - mmengine - WARNING - The prefix is not set in metric class IoUMetric.
Loads checkpoint by local backend from path: pretrain/vit_large_p16.pth
Resize the pos_embed shape from torch.Size([1, 577, 1024]) to torch.Size([1, 1025, 1024])
The model and loaded state dict do not match exactly

unexpected key in source state_dict: ln1.bias, ln1.weight, patch_embed.projection.bias

01/02 20:58:16 - mmengine - WARNING - "FileClient" will be deprecated in future. Please use io functions in https://mmengine.readthedocs.io/en/latest/api/fileio.html#file-io
01/02 20:58:16 - mmengine - WARNING - "HardDiskBackend" is the alias of "LocalBackend" and the former will be deprecated in future.
01/02 20:58:16 - mmengine - INFO - Checkpoints will be saved to /home/s1952889/final-project/implementation/mmsegmentation/work_dirs/setr_vit-l_pup_8xb2-160k_cbis-ddsm-binary-512x512/20240102_205728.
01/02 20:59:05 - mmengine - INFO - Iter(train) [    50/160000]  base_lr: 4.9986e-02 lr: 4.9986e-02  eta: 1 day, 19:02:49  time: 0.9163  data_time: 0.0087  memory: 23672  loss: 1.6105  decode.loss_ce: 0.7622  decode.acc_seg: 7.3922  aux_0.loss_ce: 0.2555  aux_0.acc_seg: 50.7004  aux_1.loss_ce: 0.2845  aux_1.acc_seg: 8.8719  aux_2.loss_ce: 0.3084  aux_2.acc_seg: 8.8172
01/02 20:59:51 - mmengine - INFO - Iter(train) [   100/160000]  base_lr: 4.9972e-02 lr: 4.9972e-02  eta: 1 day, 17:55:24  time: 0.9193  data_time: 0.0088  memory: 23672  loss: 1.5114  decode.loss_ce: 0.7147  decode.acc_seg: 98.5434  aux_0.loss_ce: 0.2354  aux_0.acc_seg: 54.6098  aux_1.loss_ce: 0.2773  aux_1.acc_seg: 98.5434  aux_2.loss_ce: 0.2841  aux_2.acc_seg: 98.5434
01/02 21:00:37 - mmengine - INFO - Iter(train) [   150/160000]  base_lr: 4.9958e-02 lr: 4.9958e-02  eta: 1 day, 17:33:44  time: 0.9198  data_time: 0.0084  memory: 23672  loss: 1.4701  decode.loss_ce: 0.6781  decode.acc_seg: 93.7626  aux_0.loss_ce: 0.2380  aux_0.acc_seg: 93.7626  aux_1.loss_ce: 0.2778  aux_1.acc_seg: 93.7626  aux_2.loss_ce: 0.2761  aux_2.acc_seg: 93.7626
01/02 21:01:23 - mmengine - INFO - Iter(train) [   200/160000]  base_lr: 4.9944e-02 lr: 4.9944e-02  eta: 1 day, 17:24:11  time: 0.9216  data_time: 0.0083  memory: 23672  loss: 1.8376  decode.loss_ce: 0.9115  decode.acc_seg: 14.4529  aux_0.loss_ce: 0.2904  aux_0.acc_seg: 18.3616  aux_1.loss_ce: 0.3187  aux_1.acc_seg: 13.1682  aux_2.loss_ce: 0.3170  aux_2.acc_seg: 13.2933
01/02 21:02:09 - mmengine - INFO - Iter(train) [   250/160000]  base_lr: 4.9930e-02 lr: 4.9930e-02  eta: 1 day, 17:18:11  time: 0.9229  data_time: 0.0083  memory: 23672  loss: 1.5411  decode.loss_ce: 0.6964  decode.acc_seg: 85.3944  aux_0.loss_ce: 0.2766  aux_0.acc_seg: 20.3906  aux_1.loss_ce: 0.2856  aux_1.acc_seg: 8.3938  aux_2.loss_ce: 0.2825  aux_2.acc_seg: 9.4125
01/02 21:02:55 - mmengine - INFO - Iter(train) [   300/160000]  base_lr: 4.9916e-02 lr: 4.9916e-02  eta: 1 day, 17:13:35  time: 0.9219  data_time: 0.0086  memory: 23672  loss: 1.4033  decode.loss_ce: 0.6458  decode.acc_seg: 99.2460  aux_0.loss_ce: 0.2295  aux_0.acc_seg: 47.8025  aux_1.loss_ce: 0.2666  aux_1.acc_seg: 99.2460  aux_2.loss_ce: 0.2613  aux_2.acc_seg: 99.2460
01/02 21:03:41 - mmengine - INFO - Iter(train) [   350/160000]  base_lr: 4.9902e-02 lr: 4.9902e-02  eta: 1 day, 17:09:57  time: 0.9209  data_time: 0.0084  memory: 23672  loss: 1.4629  decode.loss_ce: 0.6777  decode.acc_seg: 9.3928  aux_0.loss_ce: 0.2591  aux_0.acc_seg: 40.3156  aux_1.loss_ce: 0.2636  aux_1.acc_seg: 8.3520  aux_2.loss_ce: 0.2625  aux_2.acc_seg: 9.7156
01/02 21:04:27 - mmengine - INFO - Iter(train) [   400/160000]  base_lr: 4.9888e-02 lr: 4.9888e-02  eta: 1 day, 17:05:53  time: 0.9170  data_time: 0.0084  memory: 23670  loss: 1.3921  decode.loss_ce: 0.6599  decode.acc_seg: 99.6479  aux_0.loss_ce: 0.2253  aux_0.acc_seg: 99.6479  aux_1.loss_ce: 0.2538  aux_1.acc_seg: 99.6479  aux_2.loss_ce: 0.2531  aux_2.acc_seg: 99.6479
01/02 21:05:13 - mmengine - INFO - Iter(train) [   450/160000]  base_lr: 4.9874e-02 lr: 4.9874e-02  eta: 1 day, 17:02:08  time: 0.9167  data_time: 0.0083  memory: 23672  loss: 1.7000  decode.loss_ce: 0.6855  decode.acc_seg: 1.5894  aux_0.loss_ce: 0.4349  aux_0.acc_seg: 44.3577  aux_1.loss_ce: 0.2843  aux_1.acc_seg: 9.0722  aux_2.loss_ce: 0.2954  aux_2.acc_seg: 11.4668
01/02 21:05:59 - mmengine - INFO - Iter(train) [   500/160000]  base_lr: 4.9860e-02 lr: 4.9860e-02  eta: 1 day, 16:58:53  time: 0.9166  data_time: 0.0086  memory: 23672  loss: 1.4004  decode.loss_ce: 0.6686  decode.acc_seg: 99.4064  aux_0.loss_ce: 0.2220  aux_0.acc_seg: 99.4064  aux_1.loss_ce: 0.2555  aux_1.acc_seg: 99.4064  aux_2.loss_ce: 0.2544  aux_2.acc_seg: 99.4064
01/02 21:06:44 - mmengine - INFO - Iter(train) [   550/160000]  base_lr: 4.9846e-02 lr: 4.9846e-02  eta: 1 day, 16:56:02  time: 0.9169  data_time: 0.0083  memory: 23672  loss: 1.3908  decode.loss_ce: 0.6624  decode.acc_seg: 99.6329  aux_0.loss_ce: 0.2195  aux_0.acc_seg: 99.6329  aux_1.loss_ce: 0.2560  aux_1.acc_seg: 99.6329  aux_2.loss_ce: 0.2530  aux_2.acc_seg: 99.6329
01/02 21:06:47 - mmengine - INFO - Exp name: setr_vit-l_pup_8xb2-160k_cbis-ddsm-binary-512x512_20240102_205728
01/02 21:07:30 - mmengine - INFO - Iter(train) [   600/160000]  base_lr: 4.9832e-02 lr: 4.9832e-02  eta: 1 day, 16:53:32  time: 0.9169  data_time: 0.0083  memory: 23672  loss: 1.6265  decode.loss_ce: 0.7563  decode.acc_seg: 98.5796  aux_0.loss_ce: 0.2571  aux_0.acc_seg: 61.0288  aux_1.loss_ce: 0.3229  aux_1.acc_seg: 98.5796  aux_2.loss_ce: 0.2902  aux_2.acc_seg: 98.5796
01/02 21:08:16 - mmengine - INFO - Iter(train) [   650/160000]  base_lr: 4.9818e-02 lr: 4.9818e-02  eta: 1 day, 16:51:15  time: 0.9157  data_time: 0.0082  memory: 23672  loss: 1.2212  decode.loss_ce: 0.5859  decode.acc_seg: 98.1208  aux_0.loss_ce: 0.1832  aux_0.acc_seg: 98.1208  aux_1.loss_ce: 0.2259  aux_1.acc_seg: 98.1208  aux_2.loss_ce: 0.2262  aux_2.acc_seg: 98.1208
01/02 21:09:02 - mmengine - INFO - Iter(train) [   700/160000]  base_lr: 4.9804e-02 lr: 4.9804e-02  eta: 1 day, 16:49:11  time: 0.9163  data_time: 0.0083  memory: 23672  loss: 1.4972  decode.loss_ce: 0.7109  decode.acc_seg: 98.9036  aux_0.loss_ce: 0.2410  aux_0.acc_seg: 98.9036  aux_1.loss_ce: 0.2721  aux_1.acc_seg: 98.9036  aux_2.loss_ce: 0.2732  aux_2.acc_seg: 98.9036
01/02 21:09:48 - mmengine - INFO - Iter(train) [   750/160000]  base_lr: 4.9790e-02 lr: 4.9790e-02  eta: 1 day, 16:47:23  time: 0.9175  data_time: 0.0083  memory: 23672  loss: 1.4440  decode.loss_ce: 0.6819  decode.acc_seg: 90.2500  aux_0.loss_ce: 0.2326  aux_0.acc_seg: 54.4429  aux_1.loss_ce: 0.2609  aux_1.acc_seg: 18.2304  aux_2.loss_ce: 0.2685  aux_2.acc_seg: 90.2500
01/02 21:10:34 - mmengine - INFO - Iter(train) [   800/160000]  base_lr: 4.9776e-02 lr: 4.9776e-02  eta: 1 day, 16:45:45  time: 0.9174  data_time: 0.0083  memory: 23672  loss: 1.4752  decode.loss_ce: 0.6972  decode.acc_seg: 98.9505  aux_0.loss_ce: 0.2176  aux_0.acc_seg: 55.8193  aux_1.loss_ce: 0.2858  aux_1.acc_seg: 98.9505  aux_2.loss_ce: 0.2746  aux_2.acc_seg: 98.9505
01/02 21:11:19 - mmengine - INFO - Iter(train) [   850/160000]  base_lr: 4.9762e-02 lr: 4.9762e-02  eta: 1 day, 16:44:16  time: 0.9172  data_time: 0.0083  memory: 23672  loss: 1.4897  decode.loss_ce: 0.7282  decode.acc_seg: 99.4453  aux_0.loss_ce: 0.2000  aux_0.acc_seg: 57.3080  aux_1.loss_ce: 0.2764  aux_1.acc_seg: 99.4453  aux_2.loss_ce: 0.2851  aux_2.acc_seg: 99.4453
01/02 21:12:05 - mmengine - INFO - Iter(train) [   900/160000]  base_lr: 4.9748e-02 lr: 4.9748e-02  eta: 1 day, 16:42:57  time: 0.9176  data_time: 0.0083  memory: 23672  loss: 1.4219  decode.loss_ce: 0.6648  decode.acc_seg: 98.8532  aux_0.loss_ce: 0.2426  aux_0.acc_seg: 98.8532  aux_1.loss_ce: 0.2537  aux_1.acc_seg: 98.8532  aux_2.loss_ce: 0.2608  aux_2.acc_seg: 98.8532
01/02 21:12:51 - mmengine - INFO - Iter(train) [   950/160000]  base_lr: 4.9734e-02 lr: 4.9734e-02  eta: 1 day, 16:41:36  time: 0.9167  data_time: 0.0083  memory: 23672  loss: 1.6884  decode.loss_ce: 0.7532  decode.acc_seg: 96.8268  aux_0.loss_ce: 0.3142  aux_0.acc_seg: 96.8268  aux_1.loss_ce: 0.3268  aux_1.acc_seg: 96.8268  aux_2.loss_ce: 0.2942  aux_2.acc_seg: 96.8268
01/02 21:13:37 - mmengine - INFO - Exp name: setr_vit-l_pup_8xb2-160k_cbis-ddsm-binary-512x512_20240102_205728
01/02 21:13:37 - mmengine - INFO - Iter(train) [  1000/160000]  base_lr: 4.9720e-02 lr: 4.9720e-02  eta: 1 day, 16:40:06  time: 0.9117  data_time: 0.0083  memory: 23672  loss: 1.5841  decode.loss_ce: 0.7273  decode.acc_seg: 98.0603  aux_0.loss_ce: 0.2581  aux_0.acc_seg: 50.3895  aux_1.loss_ce: 0.3082  aux_1.acc_seg: 4.5975  aux_2.loss_ce: 0.2906  aux_2.acc_seg: 98.0603
01/02 21:14:23 - mmengine - INFO - Iter(train) [  1050/160000]  base_lr: 4.9705e-02 lr: 4.9705e-02  eta: 1 day, 16:38:16  time: 0.9117  data_time: 0.0082  memory: 23672  loss: 1.2962  decode.loss_ce: 0.6188  decode.acc_seg: 98.8557  aux_0.loss_ce: 0.1854  aux_0.acc_seg: 57.6208  aux_1.loss_ce: 0.2445  aux_1.acc_seg: 98.8557  aux_2.loss_ce: 0.2475  aux_2.acc_seg: 98.8557
01/02 21:15:08 - mmengine - INFO - Iter(train) [  1100/160000]  base_lr: 4.9691e-02 lr: 4.9691e-02  eta: 1 day, 16:36:27  time: 0.9116  data_time: 0.0083  memory: 23672  loss: 1.4507  decode.loss_ce: 0.6924  decode.acc_seg: 95.1236  aux_0.loss_ce: 0.2087  aux_0.acc_seg: 54.1923  aux_1.loss_ce: 0.2725  aux_1.acc_seg: 95.1236  aux_2.loss_ce: 0.2771  aux_2.acc_seg: 95.1236
01/02 21:15:54 - mmengine - INFO - Iter(train) [  1150/160000]  base_lr: 4.9677e-02 lr: 4.9677e-02  eta: 1 day, 16:34:44  time: 0.9111  data_time: 0.0083  memory: 23672  loss: 1.4150  decode.loss_ce: 0.6333  decode.acc_seg: 93.0492  aux_0.loss_ce: 0.2789  aux_0.acc_seg: 93.0492  aux_1.loss_ce: 0.2494  aux_1.acc_seg: 93.0492  aux_2.loss_ce: 0.2534  aux_2.acc_seg: 93.0492
01/02 21:16:39 - mmengine - INFO - Iter(train) [  1200/160000]  base_lr: 4.9663e-02 lr: 4.9663e-02  eta: 1 day, 16:32:38  time: 0.9062  data_time: 0.0083  memory: 23672  loss: 1.3770  decode.loss_ce: 0.6503  decode.acc_seg: 99.2600  aux_0.loss_ce: 0.2064  aux_0.acc_seg: 46.6468  aux_1.loss_ce: 0.2602  aux_1.acc_seg: 99.2600  aux_2.loss_ce: 0.2601  aux_2.acc_seg: 99.2600
01/02 21:17:24 - mmengine - INFO - Iter(train) [  1250/160000]  base_lr: 4.9649e-02 lr: 4.9649e-02  eta: 1 day, 16:30:30  time: 0.9060  data_time: 0.0084  memory: 23672  loss: 1.4974  decode.loss_ce: 0.7048  decode.acc_seg: 98.9952  aux_0.loss_ce: 0.2284  aux_0.acc_seg: 46.1832  aux_1.loss_ce: 0.2822  aux_1.acc_seg: 98.9952  aux_2.loss_ce: 0.2820  aux_2.acc_seg: 98.9952
01/02 21:18:10 - mmengine - INFO - Iter(train) [  1300/160000]  base_lr: 4.9635e-02 lr: 4.9635e-02  eta: 1 day, 16:28:27  time: 0.9065  data_time: 0.0083  memory: 23670  loss: 1.3616  decode.loss_ce: 0.6460  decode.acc_seg: 99.8670  aux_0.loss_ce: 0.1987  aux_0.acc_seg: 99.8670  aux_1.loss_ce: 0.2584  aux_1.acc_seg: 99.8670  aux_2.loss_ce: 0.2584  aux_2.acc_seg: 99.8670
01/02 21:18:55 - mmengine - INFO - Iter(train) [  1350/160000]  base_lr: 4.9621e-02 lr: 4.9621e-02  eta: 1 day, 16:26:33  time: 0.9072  data_time: 0.0083  memory: 23672  loss: 1.6835  decode.loss_ce: 0.7663  decode.acc_seg: 90.8531  aux_0.loss_ce: 0.3021  aux_0.acc_seg: 90.8531  aux_1.loss_ce: 0.3082  aux_1.acc_seg: 90.8531  aux_2.loss_ce: 0.3069  aux_2.acc_seg: 90.8531
01/02 21:19:40 - mmengine - INFO - Iter(train) [  1400/160000]  base_lr: 4.9607e-02 lr: 4.9607e-02  eta: 1 day, 16:24:46  time: 0.9068  data_time: 0.0083  memory: 23672  loss: 1.5686  decode.loss_ce: 0.7211  decode.acc_seg: 97.1561  aux_0.loss_ce: 0.2695  aux_0.acc_seg: 29.7766  aux_1.loss_ce: 0.2894  aux_1.acc_seg: 97.1561  aux_2.loss_ce: 0.2887  aux_2.acc_seg: 97.1561
01/02 21:20:26 - mmengine - INFO - Iter(train) [  1450/160000]  base_lr: 4.9593e-02 lr: 4.9593e-02  eta: 1 day, 16:23:00  time: 0.9067  data_time: 0.0083  memory: 23672  loss: 1.4599  decode.loss_ce: 0.6641  decode.acc_seg: 98.1492  aux_0.loss_ce: 0.2644  aux_0.acc_seg: 98.1492  aux_1.loss_ce: 0.2657  aux_1.acc_seg: 98.1492  aux_2.loss_ce: 0.2657  aux_2.acc_seg: 98.1492
01/02 21:21:11 - mmengine - INFO - Iter(train) [  1500/160000]  base_lr: 4.9579e-02 lr: 4.9579e-02  eta: 1 day, 16:21:23  time: 0.9072  data_time: 0.0083  memory: 23672  loss: 1.6137  decode.loss_ce: 0.7369  decode.acc_seg: 0.8967  aux_0.loss_ce: 0.2870  aux_0.acc_seg: 8.2718  aux_1.loss_ce: 0.2951  aux_1.acc_seg: 0.8967  aux_2.loss_ce: 0.2948  aux_2.acc_seg: 0.8967
01/02 21:21:56 - mmengine - INFO - Iter(train) [  1550/160000]  base_lr: 4.9565e-02 lr: 4.9565e-02  eta: 1 day, 16:19:49  time: 0.9069  data_time: 0.0082  memory: 23672  loss: 1.4570  decode.loss_ce: 0.6659  decode.acc_seg: 98.5553  aux_0.loss_ce: 0.2583  aux_0.acc_seg: 98.5553  aux_1.loss_ce: 0.2665  aux_1.acc_seg: 98.5553  aux_2.loss_ce: 0.2664  aux_2.acc_seg: 98.5553
01/02 21:22:42 - mmengine - INFO - Iter(train) [  1600/160000]  base_lr: 4.9551e-02 lr: 4.9551e-02  eta: 1 day, 16:18:16  time: 0.9068  data_time: 0.0083  memory: 23672  loss: 1.4955  decode.loss_ce: 0.6807  decode.acc_seg: 99.2938  aux_0.loss_ce: 0.2694  aux_0.acc_seg: 99.2938  aux_1.loss_ce: 0.2729  aux_1.acc_seg: 99.2938  aux_2.loss_ce: 0.2724  aux_2.acc_seg: 99.2938
01/02 21:23:27 - mmengine - INFO - Iter(train) [  1650/160000]  base_lr: 4.9537e-02 lr: 4.9537e-02  eta: 1 day, 16:16:46  time: 0.9064  data_time: 0.0083  memory: 23672  loss: 1.5764  decode.loss_ce: 0.7329  decode.acc_seg: 97.7945  aux_0.loss_ce: 0.2576  aux_0.acc_seg: 97.7945  aux_1.loss_ce: 0.2929  aux_1.acc_seg: 97.7945  aux_2.loss_ce: 0.2931  aux_2.acc_seg: 97.7945
01/02 21:24:13 - mmengine - INFO - Iter(train) [  1700/160000]  base_lr: 4.9523e-02 lr: 4.9523e-02  eta: 1 day, 16:15:23  time: 0.9069  data_time: 0.0082  memory: 23672  loss: 1.4016  decode.loss_ce: 0.6607  decode.acc_seg: 99.1861  aux_0.loss_ce: 0.2123  aux_0.acc_seg: 99.1861  aux_1.loss_ce: 0.2643  aux_1.acc_seg: 99.1861  aux_2.loss_ce: 0.2643  aux_2.acc_seg: 99.1861
01/02 21:24:58 - mmengine - INFO - Iter(train) [  1750/160000]  base_lr: 4.9509e-02 lr: 4.9509e-02  eta: 1 day, 16:13:59  time: 0.9076  data_time: 0.0083  memory: 23672  loss: 1.5493  decode.loss_ce: 0.7222  decode.acc_seg: 0.4916  aux_0.loss_ce: 0.2493  aux_0.acc_seg: 57.1368  aux_1.loss_ce: 0.2889  aux_1.acc_seg: 0.4916  aux_2.loss_ce: 0.2889  aux_2.acc_seg: 0.4916
01/02 21:25:43 - mmengine - INFO - Iter(train) [  1800/160000]  base_lr: 4.9495e-02 lr: 4.9495e-02  eta: 1 day, 16:12:37  time: 0.9064  data_time: 0.0083  memory: 23672  loss: 1.4339  decode.loss_ce: 0.6528  decode.acc_seg: 99.2744  aux_0.loss_ce: 0.2584  aux_0.acc_seg: 99.2744  aux_1.loss_ce: 0.2615  aux_1.acc_seg: 99.2744  aux_2.loss_ce: 0.2612  aux_2.acc_seg: 99.2744
01/02 21:26:29 - mmengine - INFO - Iter(train) [  1850/160000]  base_lr: 4.9481e-02 lr: 4.9481e-02  eta: 1 day, 16:11:18  time: 0.9092  data_time: 0.0083  memory: 23672  loss: 1.5564  decode.loss_ce: 0.7098  decode.acc_seg: 96.2492  aux_0.loss_ce: 0.2784  aux_0.acc_seg: 96.2492  aux_1.loss_ce: 0.2842  aux_1.acc_seg: 96.2492  aux_2.loss_ce: 0.2840  aux_2.acc_seg: 96.2492
01/02 21:27:14 - mmengine - INFO - Iter(train) [  1900/160000]  base_lr: 4.9467e-02 lr: 4.9467e-02  eta: 1 day, 16:10:06  time: 0.9083  data_time: 0.0082  memory: 23672  loss: 1.6384  decode.loss_ce: 0.7344  decode.acc_seg: 97.9509  aux_0.loss_ce: 0.3160  aux_0.acc_seg: 97.9509  aux_1.loss_ce: 0.2942  aux_1.acc_seg: 97.9509  aux_2.loss_ce: 0.2939  aux_2.acc_seg: 97.9509
01/02 21:28:00 - mmengine - INFO - Iter(train) [  1950/160000]  base_lr: 4.9453e-02 lr: 4.9453e-02  eta: 1 day, 16:09:30  time: 0.9082  data_time: 0.0083  memory: 23672  loss: 1.6024  decode.loss_ce: 0.7320  decode.acc_seg: 99.6014  aux_0.loss_ce: 0.2849  aux_0.acc_seg: 99.6014  aux_1.loss_ce: 0.2927  aux_1.acc_seg: 99.6014  aux_2.loss_ce: 0.2928  aux_2.acc_seg: 99.6014
01/02 21:28:45 - mmengine - INFO - Exp name: setr_vit-l_pup_8xb2-160k_cbis-ddsm-binary-512x512_20240102_205728
01/02 21:28:45 - mmengine - INFO - Iter(train) [  2000/160000]  base_lr: 4.9439e-02 lr: 4.9439e-02  eta: 1 day, 16:08:20  time: 0.9088  data_time: 0.0083  memory: 23672  loss: 1.5151  decode.loss_ce: 0.6927  decode.acc_seg: 97.7146  aux_0.loss_ce: 0.2682  aux_0.acc_seg: 9.3569  aux_1.loss_ce: 0.2771  aux_1.acc_seg: 2.2854  aux_2.loss_ce: 0.2771  aux_2.acc_seg: 97.7146
01/02 21:29:31 - mmengine - INFO - Iter(train) [  2050/160000]  base_lr: 4.9424e-02 lr: 4.9424e-02  eta: 1 day, 16:07:10  time: 0.9084  data_time: 0.0084  memory: 23672  loss: 1.5421  decode.loss_ce: 0.7052  decode.acc_seg: 98.4672  aux_0.loss_ce: 0.2727  aux_0.acc_seg: 98.4672  aux_1.loss_ce: 0.2821  aux_1.acc_seg: 98.4672  aux_2.loss_ce: 0.2821  aux_2.acc_seg: 98.4672
01/02 21:30:16 - mmengine - INFO - Iter(train) [  2100/160000]  base_lr: 4.9410e-02 lr: 4.9410e-02  eta: 1 day, 16:05:37  time: 0.8982  data_time: 0.0086  memory: 23672  loss: 1.5382  decode.loss_ce: 0.6980  decode.acc_seg: 95.9537  aux_0.loss_ce: 0.2816  aux_0.acc_seg: 95.9537  aux_1.loss_ce: 0.2794  aux_1.acc_seg: 95.9537  aux_2.loss_ce: 0.2792  aux_2.acc_seg: 95.9537
01/02 21:31:01 - mmengine - INFO - Iter(train) [  2150/160000]  base_lr: 4.9396e-02 lr: 4.9396e-02  eta: 1 day, 16:03:54  time: 0.8990  data_time: 0.0083  memory: 23672  loss: 1.7097  decode.loss_ce: 0.7812  decode.acc_seg: 98.8460  aux_0.loss_ce: 0.3040  aux_0.acc_seg: 98.8460  aux_1.loss_ce: 0.3121  aux_1.acc_seg: 98.8460  aux_2.loss_ce: 0.3124  aux_2.acc_seg: 98.8460
01/02 21:31:46 - mmengine - INFO - Iter(train) [  2200/160000]  base_lr: 4.9382e-02 lr: 4.9382e-02  eta: 1 day, 16:02:15  time: 0.8984  data_time: 0.0083  memory: 23672  loss: 1.4147  decode.loss_ce: 0.6425  decode.acc_seg: 99.2440  aux_0.loss_ce: 0.2582  aux_0.acc_seg: 99.2440  aux_1.loss_ce: 0.2570  aux_1.acc_seg: 99.2440  aux_2.loss_ce: 0.2570  aux_2.acc_seg: 99.2440
01/02 21:32:31 - mmengine - INFO - Iter(train) [  2250/160000]  base_lr: 4.9368e-02 lr: 4.9368e-02  eta: 1 day, 16:00:46  time: 0.8997  data_time: 0.0089  memory: 23672  loss: 1.4717  decode.loss_ce: 0.6692  decode.acc_seg: 99.4929  aux_0.loss_ce: 0.2671  aux_0.acc_seg: 99.4929  aux_1.loss_ce: 0.2677  aux_1.acc_seg: 99.4929  aux_2.loss_ce: 0.2677  aux_2.acc_seg: 99.4929
01/02 21:33:16 - mmengine - INFO - Iter(train) [  2300/160000]  base_lr: 4.9354e-02 lr: 4.9354e-02  eta: 1 day, 15:59:14  time: 0.8994  data_time: 0.0090  memory: 23672  loss: 1.5599  decode.loss_ce: 0.7092  decode.acc_seg: 98.2963  aux_0.loss_ce: 0.2833  aux_0.acc_seg: 98.2963  aux_1.loss_ce: 0.2837  aux_1.acc_seg: 98.2963  aux_2.loss_ce: 0.2837  aux_2.acc_seg: 98.2963
01/02 21:34:01 - mmengine - INFO - Iter(train) [  2350/160000]  base_lr: 4.9340e-02 lr: 4.9340e-02  eta: 1 day, 15:57:44  time: 0.8996  data_time: 0.0088  memory: 23672  loss: 1.4317  decode.loss_ce: 0.6506  decode.acc_seg: 97.7609  aux_0.loss_ce: 0.2606  aux_0.acc_seg: 97.7609  aux_1.loss_ce: 0.2603  aux_1.acc_seg: 97.7609  aux_2.loss_ce: 0.2603  aux_2.acc_seg: 97.7609
01/02 21:34:46 - mmengine - INFO - Iter(train) [  2400/160000]  base_lr: 4.9326e-02 lr: 4.9326e-02  eta: 1 day, 15:56:15  time: 0.8994  data_time: 0.0088  memory: 23672  loss: 1.5734  decode.loss_ce: 0.7138  decode.acc_seg: 83.6795  aux_0.loss_ce: 0.2885  aux_0.acc_seg: 83.6795  aux_1.loss_ce: 0.2857  aux_1.acc_seg: 83.6795  aux_2.loss_ce: 0.2855  aux_2.acc_seg: 83.6795
01/02 21:35:31 - mmengine - INFO - Iter(train) [  2450/160000]  base_lr: 4.9312e-02 lr: 4.9312e-02  eta: 1 day, 15:54:49  time: 0.8997  data_time: 0.0088  memory: 23672  loss: 1.4003  decode.loss_ce: 0.6359  decode.acc_seg: 99.1879  aux_0.loss_ce: 0.2555  aux_0.acc_seg: 99.1879  aux_1.loss_ce: 0.2544  aux_1.acc_seg: 99.1879  aux_2.loss_ce: 0.2544  aux_2.acc_seg: 99.1879
01/02 21:36:16 - mmengine - INFO - Iter(train) [  2500/160000]  base_lr: 4.9298e-02 lr: 4.9298e-02  eta: 1 day, 15:53:25  time: 0.8997  data_time: 0.0087  memory: 23672  loss: 1.5947  decode.loss_ce: 0.7244  decode.acc_seg: 97.6771  aux_0.loss_ce: 0.2907  aux_0.acc_seg: 97.6771  aux_1.loss_ce: 0.2898  aux_1.acc_seg: 97.6771  aux_2.loss_ce: 0.2898  aux_2.acc_seg: 97.6771
01/02 21:37:01 - mmengine - INFO - Iter(train) [  2550/160000]  base_lr: 4.9284e-02 lr: 4.9284e-02  eta: 1 day, 15:52:01  time: 0.8993  data_time: 0.0089  memory: 23672  loss: 1.5612  decode.loss_ce: 0.7084  decode.acc_seg: 99.2857  aux_0.loss_ce: 0.2859  aux_0.acc_seg: 99.2857  aux_1.loss_ce: 0.2835  aux_1.acc_seg: 99.2857  aux_2.loss_ce: 0.2834  aux_2.acc_seg: 99.2857
01/02 21:37:46 - mmengine - INFO - Iter(train) [  2600/160000]  base_lr: 4.9270e-02 lr: 4.9270e-02  eta: 1 day, 15:50:39  time: 0.8997  data_time: 0.0088  memory: 23672  loss: 1.5479  decode.loss_ce: 0.7035  decode.acc_seg: 98.5229  aux_0.loss_ce: 0.2817  aux_0.acc_seg: 98.5229  aux_1.loss_ce: 0.2814  aux_1.acc_seg: 98.5229  aux_2.loss_ce: 0.2814  aux_2.acc_seg: 98.5229
01/02 21:38:31 - mmengine - INFO - Iter(train) [  2650/160000]  base_lr: 4.9256e-02 lr: 4.9256e-02  eta: 1 day, 15:49:19  time: 0.8996  data_time: 0.0087  memory: 23672  loss: 1.6079  decode.loss_ce: 0.7318  decode.acc_seg: 0.8030  aux_0.loss_ce: 0.2908  aux_0.acc_seg: 0.8030  aux_1.loss_ce: 0.2926  aux_1.acc_seg: 0.8030  aux_2.loss_ce: 0.2927  aux_2.acc_seg: 0.8030
01/02 21:39:16 - mmengine - INFO - Iter(train) [  2700/160000]  base_lr: 4.9242e-02 lr: 4.9242e-02  eta: 1 day, 15:48:00  time: 0.8997  data_time: 0.0087  memory: 23672  loss: 1.7195  decode.loss_ce: 0.7799  decode.acc_seg: 99.6422  aux_0.loss_ce: 0.3155  aux_0.acc_seg: 99.6422  aux_1.loss_ce: 0.3121  aux_1.acc_seg: 99.6422  aux_2.loss_ce: 0.3120  aux_2.acc_seg: 99.6422
01/02 21:40:01 - mmengine - INFO - Iter(train) [  2750/160000]  base_lr: 4.9228e-02 lr: 4.9228e-02  eta: 1 day, 15:46:42  time: 0.8999  data_time: 0.0090  memory: 23672  loss: 1.5364  decode.loss_ce: 0.6983  decode.acc_seg: 99.2089  aux_0.loss_ce: 0.2795  aux_0.acc_seg: 99.2089  aux_1.loss_ce: 0.2793  aux_1.acc_seg: 99.2089  aux_2.loss_ce: 0.2793  aux_2.acc_seg: 99.2089
01/02 21:40:46 - mmengine - INFO - Iter(train) [  2800/160000]  base_lr: 4.9214e-02 lr: 4.9214e-02  eta: 1 day, 15:45:26  time: 0.8998  data_time: 0.0089  memory: 23672  loss: 1.5753  decode.loss_ce: 0.7155  decode.acc_seg: 92.6209  aux_0.loss_ce: 0.2873  aux_0.acc_seg: 92.6209  aux_1.loss_ce: 0.2863  aux_1.acc_seg: 92.6209  aux_2.loss_ce: 0.2862  aux_2.acc_seg: 92.6209
01/02 21:41:31 - mmengine - INFO - Iter(train) [  2850/160000]  base_lr: 4.9200e-02 lr: 4.9200e-02  eta: 1 day, 15:44:11  time: 0.8994  data_time: 0.0088  memory: 23672  loss: 1.6243  decode.loss_ce: 0.7388  decode.acc_seg: 99.4541  aux_0.loss_ce: 0.2945  aux_0.acc_seg: 99.4541  aux_1.loss_ce: 0.2955  aux_1.acc_seg: 99.4541  aux_2.loss_ce: 0.2955  aux_2.acc_seg: 99.4541
01/02 21:42:16 - mmengine - INFO - Iter(train) [  2900/160000]  base_lr: 4.9186e-02 lr: 4.9186e-02  eta: 1 day, 15:42:57  time: 0.9000  data_time: 0.0091  memory: 23672  loss: 1.6786  decode.loss_ce: 0.7629  decode.acc_seg: 0.4646  aux_0.loss_ce: 0.3054  aux_0.acc_seg: 0.4646  aux_1.loss_ce: 0.3052  aux_1.acc_seg: 0.4646  aux_2.loss_ce: 0.3052  aux_2.acc_seg: 0.4646
01/02 21:43:01 - mmengine - INFO - Iter(train) [  2950/160000]  base_lr: 4.9171e-02 lr: 4.9171e-02  eta: 1 day, 15:41:44  time: 0.9001  data_time: 0.0088  memory: 23672  loss: 1.7065  decode.loss_ce: 0.7749  decode.acc_seg: 0.1868  aux_0.loss_ce: 0.3116  aux_0.acc_seg: 0.1868  aux_1.loss_ce: 0.3100  aux_1.acc_seg: 0.1868  aux_2.loss_ce: 0.3100  aux_2.acc_seg: 0.1868
01/02 21:43:46 - mmengine - INFO - Exp name: setr_vit-l_pup_8xb2-160k_cbis-ddsm-binary-512x512_20240102_205728
01/02 21:43:46 - mmengine - INFO - Iter(train) [  3000/160000]  base_lr: 4.9157e-02 lr: 4.9157e-02  eta: 1 day, 15:40:32  time: 0.8997  data_time: 0.0087  memory: 23672  loss: 1.5834  decode.loss_ce: 0.7196  decode.acc_seg: 99.7231  aux_0.loss_ce: 0.2880  aux_0.acc_seg: 99.7231  aux_1.loss_ce: 0.2879  aux_1.acc_seg: 99.7231  aux_2.loss_ce: 0.2878  aux_2.acc_seg: 99.7231
01/02 21:44:30 - mmengine - INFO - Iter(train) [  3050/160000]  base_lr: 4.9143e-02 lr: 4.9143e-02  eta: 1 day, 15:39:21  time: 0.9000  data_time: 0.0089  memory: 23672  loss: 1.3621  decode.loss_ce: 0.6193  decode.acc_seg: 99.5371  aux_0.loss_ce: 0.2473  aux_0.acc_seg: 99.5371  aux_1.loss_ce: 0.2477  aux_1.acc_seg: 99.5371  aux_2.loss_ce: 0.2477  aux_2.acc_seg: 99.5371
01/02 21:45:15 - mmengine - INFO - Iter(train) [  3100/160000]  base_lr: 4.9129e-02 lr: 4.9129e-02  eta: 1 day, 15:38:10  time: 0.8994  data_time: 0.0087  memory: 23670  loss: 1.5974  decode.loss_ce: 0.7260  decode.acc_seg: 1.7336  aux_0.loss_ce: 0.2907  aux_0.acc_seg: 1.7336  aux_1.loss_ce: 0.2904  aux_1.acc_seg: 1.7336  aux_2.loss_ce: 0.2904  aux_2.acc_seg: 1.7336
01/02 21:46:00 - mmengine - INFO - Iter(train) [  3150/160000]  base_lr: 4.9115e-02 lr: 4.9115e-02  eta: 1 day, 15:37:01  time: 0.9008  data_time: 0.0087  memory: 23672  loss: 1.4995  decode.loss_ce: 0.6812  decode.acc_seg: 93.0533  aux_0.loss_ce: 0.2733  aux_0.acc_seg: 93.0533  aux_1.loss_ce: 0.2725  aux_1.acc_seg: 93.0533  aux_2.loss_ce: 0.2725  aux_2.acc_seg: 93.0533
01/02 21:46:45 - mmengine - INFO - Iter(train) [  3200/160000]  base_lr: 4.9101e-02 lr: 4.9101e-02  eta: 1 day, 15:35:53  time: 0.9003  data_time: 0.0090  memory: 23672  loss: 1.5308  decode.loss_ce: 0.6956  decode.acc_seg: 98.5230  aux_0.loss_ce: 0.2787  aux_0.acc_seg: 98.5230  aux_1.loss_ce: 0.2783  aux_1.acc_seg: 98.5230  aux_2.loss_ce: 0.2782  aux_2.acc_seg: 98.5230
01/02 21:47:30 - mmengine - INFO - Iter(train) [  3250/160000]  base_lr: 4.9087e-02 lr: 4.9087e-02  eta: 1 day, 15:34:45  time: 0.8997  data_time: 0.0088  memory: 23672  loss: 1.4782  decode.loss_ce: 0.6720  decode.acc_seg: 99.0616  aux_0.loss_ce: 0.2685  aux_0.acc_seg: 99.0616  aux_1.loss_ce: 0.2688  aux_1.acc_seg: 99.0616  aux_2.loss_ce: 0.2688  aux_2.acc_seg: 99.0616
01/02 21:48:15 - mmengine - INFO - Iter(train) [  3300/160000]  base_lr: 4.9073e-02 lr: 4.9073e-02  eta: 1 day, 15:33:38  time: 0.8997  data_time: 0.0089  memory: 23672  loss: 1.8538  decode.loss_ce: 0.8419  decode.acc_seg: 98.8208  aux_0.loss_ce: 0.3383  aux_0.acc_seg: 98.8208  aux_1.loss_ce: 0.3369  aux_1.acc_seg: 98.8208  aux_2.loss_ce: 0.3368  aux_2.acc_seg: 98.8208
01/02 21:49:00 - mmengine - INFO - Iter(train) [  3350/160000]  base_lr: 4.9059e-02 lr: 4.9059e-02  eta: 1 day, 15:32:31  time: 0.8996  data_time: 0.0087  memory: 23672  loss: 1.5324  decode.loss_ce: 0.6963  decode.acc_seg: 97.8178  aux_0.loss_ce: 0.2791  aux_0.acc_seg: 97.8178  aux_1.loss_ce: 0.2785  aux_1.acc_seg: 97.8178  aux_2.loss_ce: 0.2785  aux_2.acc_seg: 97.8178
01/02 21:49:46 - mmengine - INFO - Iter(train) [  3400/160000]  base_lr: 4.9045e-02 lr: 4.9045e-02  eta: 1 day, 15:31:29  time: 0.9000  data_time: 0.0089  memory: 23672  loss: 1.5047  decode.loss_ce: 0.6839  decode.acc_seg: 99.1649  aux_0.loss_ce: 0.2737  aux_0.acc_seg: 99.1649  aux_1.loss_ce: 0.2736  aux_1.acc_seg: 99.1649  aux_2.loss_ce: 0.2736  aux_2.acc_seg: 99.1649
01/02 21:50:30 - mmengine - INFO - Iter(train) [  3450/160000]  base_lr: 4.9031e-02 lr: 4.9031e-02  eta: 1 day, 15:30:23  time: 0.9000  data_time: 0.0088  memory: 23672  loss: 1.4244  decode.loss_ce: 0.6474  decode.acc_seg: 93.9306  aux_0.loss_ce: 0.2591  aux_0.acc_seg: 93.9306  aux_1.loss_ce: 0.2590  aux_1.acc_seg: 93.9306  aux_2.loss_ce: 0.2590  aux_2.acc_seg: 93.9306
01/02 21:51:16 - mmengine - INFO - Iter(train) [  3500/160000]  base_lr: 4.9017e-02 lr: 4.9017e-02  eta: 1 day, 15:29:19  time: 0.8996  data_time: 0.0090  memory: 23672  loss: 1.6497  decode.loss_ce: 0.7496  decode.acc_seg: 1.8176  aux_0.loss_ce: 0.3003  aux_0.acc_seg: 1.8176  aux_1.loss_ce: 0.2999  aux_1.acc_seg: 1.8176  aux_2.loss_ce: 0.2999  aux_2.acc_seg: 1.8176
01/02 21:52:00 - mmengine - INFO - Iter(train) [  3550/160000]  base_lr: 4.9003e-02 lr: 4.9003e-02  eta: 1 day, 15:28:14  time: 0.8998  data_time: 0.0090  memory: 23672  loss: 1.4844  decode.loss_ce: 0.6749  decode.acc_seg: 98.3351  aux_0.loss_ce: 0.2697  aux_0.acc_seg: 98.3351  aux_1.loss_ce: 0.2699  aux_1.acc_seg: 98.3351  aux_2.loss_ce: 0.2699  aux_2.acc_seg: 98.3351
01/02 21:52:45 - mmengine - INFO - Iter(train) [  3600/160000]  base_lr: 4.8989e-02 lr: 4.8989e-02  eta: 1 day, 15:27:10  time: 0.8997  data_time: 0.0088  memory: 23672  loss: 1.6534  decode.loss_ce: 0.7517  decode.acc_seg: 98.4037  aux_0.loss_ce: 0.3004  aux_0.acc_seg: 98.4037  aux_1.loss_ce: 0.3007  aux_1.acc_seg: 98.4037  aux_2.loss_ce: 0.3007  aux_2.acc_seg: 98.4037
01/02 21:53:30 - mmengine - INFO - Iter(train) [  3650/160000]  base_lr: 4.8975e-02 lr: 4.8975e-02  eta: 1 day, 15:26:07  time: 0.8996  data_time: 0.0089  memory: 23672  loss: 1.5504  decode.loss_ce: 0.7048  decode.acc_seg: 92.1821  aux_0.loss_ce: 0.2818  aux_0.acc_seg: 92.1821  aux_1.loss_ce: 0.2819  aux_1.acc_seg: 92.1821  aux_2.loss_ce: 0.2819  aux_2.acc_seg: 92.1821
01/02 21:54:15 - mmengine - INFO - Iter(train) [  3700/160000]  base_lr: 4.8961e-02 lr: 4.8961e-02  eta: 1 day, 15:25:04  time: 0.8997  data_time: 0.0090  memory: 23672  loss: 1.5468  decode.loss_ce: 0.7030  decode.acc_seg: 0.2527  aux_0.loss_ce: 0.2813  aux_0.acc_seg: 0.2527  aux_1.loss_ce: 0.2812  aux_1.acc_seg: 0.2527  aux_2.loss_ce: 0.2812  aux_2.acc_seg: 0.2527
01/02 21:55:00 - mmengine - INFO - Iter(train) [  3750/160000]  base_lr: 4.8946e-02 lr: 4.8946e-02  eta: 1 day, 15:24:01  time: 0.8997  data_time: 0.0089  memory: 23672  loss: 1.4418  decode.loss_ce: 0.6553  decode.acc_seg: 99.5308  aux_0.loss_ce: 0.2622  aux_0.acc_seg: 99.5308  aux_1.loss_ce: 0.2621  aux_1.acc_seg: 99.5308  aux_2.loss_ce: 0.2621  aux_2.acc_seg: 99.5308
01/02 21:55:45 - mmengine - INFO - Iter(train) [  3800/160000]  base_lr: 4.8932e-02 lr: 4.8932e-02  eta: 1 day, 15:22:59  time: 0.8997  data_time: 0.0089  memory: 23672  loss: 1.5443  decode.loss_ce: 0.7020  decode.acc_seg: 95.0233  aux_0.loss_ce: 0.2808  aux_0.acc_seg: 95.0233  aux_1.loss_ce: 0.2808  aux_1.acc_seg: 95.0233  aux_2.loss_ce: 0.2808  aux_2.acc_seg: 95.0233
01/02 21:56:30 - mmengine - INFO - Iter(train) [  3850/160000]  base_lr: 4.8918e-02 lr: 4.8918e-02  eta: 1 day, 15:21:58  time: 0.8998  data_time: 0.0089  memory: 23672  loss: 1.4532  decode.loss_ce: 0.6603  decode.acc_seg: 99.5999  aux_0.loss_ce: 0.2645  aux_0.acc_seg: 99.5999  aux_1.loss_ce: 0.2642  aux_1.acc_seg: 99.5999  aux_2.loss_ce: 0.2641  aux_2.acc_seg: 99.5999
01/02 21:57:15 - mmengine - INFO - Iter(train) [  3900/160000]  base_lr: 4.8904e-02 lr: 4.8904e-02  eta: 1 day, 15:20:57  time: 0.8997  data_time: 0.0089  memory: 23672  loss: 1.4776  decode.loss_ce: 0.6716  decode.acc_seg: 98.7347  aux_0.loss_ce: 0.2687  aux_0.acc_seg: 98.7347  aux_1.loss_ce: 0.2686  aux_1.acc_seg: 98.7347  aux_2.loss_ce: 0.2686  aux_2.acc_seg: 98.7347
01/02 21:58:01 - mmengine - INFO - Iter(train) [  3950/160000]  base_lr: 4.8890e-02 lr: 4.8890e-02  eta: 1 day, 15:20:12  time: 0.8998  data_time: 0.0089  memory: 23672  loss: 1.3514  decode.loss_ce: 0.6143  decode.acc_seg: 99.7260  aux_0.loss_ce: 0.2457  aux_0.acc_seg: 99.7260  aux_1.loss_ce: 0.2457  aux_1.acc_seg: 99.7260  aux_2.loss_ce: 0.2457  aux_2.acc_seg: 99.7260
01/02 21:58:46 - mmengine - INFO - Exp name: setr_vit-l_pup_8xb2-160k_cbis-ddsm-binary-512x512_20240102_205728
01/02 21:58:46 - mmengine - INFO - Iter(train) [  4000/160000]  base_lr: 4.8876e-02 lr: 4.8876e-02  eta: 1 day, 15:19:13  time: 0.8997  data_time: 0.0087  memory: 23672  loss: 1.4825  decode.loss_ce: 0.6738  decode.acc_seg: 99.5104  aux_0.loss_ce: 0.2696  aux_0.acc_seg: 99.5104  aux_1.loss_ce: 0.2695  aux_1.acc_seg: 99.5104  aux_2.loss_ce: 0.2695  aux_2.acc_seg: 99.5104
01/02 21:59:31 - mmengine - INFO - Iter(train) [  4050/160000]  base_lr: 4.8862e-02 lr: 4.8862e-02  eta: 1 day, 15:18:13  time: 0.8998  data_time: 0.0087  memory: 23672  loss: 1.7359  decode.loss_ce: 0.7891  decode.acc_seg: 1.7604  aux_0.loss_ce: 0.3156  aux_0.acc_seg: 1.7604  aux_1.loss_ce: 0.3156  aux_1.acc_seg: 1.7604  aux_2.loss_ce: 0.3156  aux_2.acc_seg: 1.7604
01/02 22:00:16 - mmengine - INFO - Iter(train) [  4100/160000]  base_lr: 4.8848e-02 lr: 4.8848e-02  eta: 1 day, 15:17:14  time: 0.8997  data_time: 0.0088  memory: 23672  loss: 1.3239  decode.loss_ce: 0.6018  decode.acc_seg: 98.8825  aux_0.loss_ce: 0.2407  aux_0.acc_seg: 98.8825  aux_1.loss_ce: 0.2407  aux_1.acc_seg: 98.8825  aux_2.loss_ce: 0.2407  aux_2.acc_seg: 98.8825
01/02 22:01:01 - mmengine - INFO - Iter(train) [  4150/160000]  base_lr: 4.8834e-02 lr: 4.8834e-02  eta: 1 day, 15:16:14  time: 0.8996  data_time: 0.0087  memory: 23672  loss: 1.4565  decode.loss_ce: 0.6621  decode.acc_seg: 99.2310  aux_0.loss_ce: 0.2647  aux_0.acc_seg: 99.2310  aux_1.loss_ce: 0.2648  aux_1.acc_seg: 99.2310  aux_2.loss_ce: 0.2648  aux_2.acc_seg: 99.2310
01/02 22:01:46 - mmengine - INFO - Iter(train) [  4200/160000]  base_lr: 4.8820e-02 lr: 4.8820e-02  eta: 1 day, 15:15:15  time: 0.8995  data_time: 0.0088  memory: 23672  loss: 1.5395  decode.loss_ce: 0.6997  decode.acc_seg: 99.1599  aux_0.loss_ce: 0.2800  aux_0.acc_seg: 99.1599  aux_1.loss_ce: 0.2799  aux_1.acc_seg: 99.1599  aux_2.loss_ce: 0.2799  aux_2.acc_seg: 99.1599
01/02 22:02:31 - mmengine - INFO - Iter(train) [  4250/160000]  base_lr: 4.8806e-02 lr: 4.8806e-02  eta: 1 day, 15:14:16  time: 0.8997  data_time: 0.0087  memory: 23672  loss: 1.5510  decode.loss_ce: 0.7049  decode.acc_seg: 93.9614  aux_0.loss_ce: 0.2821  aux_0.acc_seg: 93.9614  aux_1.loss_ce: 0.2820  aux_1.acc_seg: 93.9614  aux_2.loss_ce: 0.2820  aux_2.acc_seg: 93.9614
01/02 22:03:16 - mmengine - INFO - Iter(train) [  4300/160000]  base_lr: 4.8792e-02 lr: 4.8792e-02  eta: 1 day, 15:13:18  time: 0.8995  data_time: 0.0089  memory: 23672  loss: 1.6114  decode.loss_ce: 0.7325  decode.acc_seg: 99.7894  aux_0.loss_ce: 0.2930  aux_0.acc_seg: 99.7894  aux_1.loss_ce: 0.2930  aux_1.acc_seg: 99.7894  aux_2.loss_ce: 0.2930  aux_2.acc_seg: 99.7894
01/02 22:04:01 - mmengine - INFO - Iter(train) [  4350/160000]  base_lr: 4.8778e-02 lr: 4.8778e-02  eta: 1 day, 15:12:20  time: 0.8998  data_time: 0.0089  memory: 23670  loss: 1.8558  decode.loss_ce: 0.8433  decode.acc_seg: 1.2307  aux_0.loss_ce: 0.3379  aux_0.acc_seg: 1.2307  aux_1.loss_ce: 0.3374  aux_1.acc_seg: 1.2307  aux_2.loss_ce: 0.3373  aux_2.acc_seg: 1.2307
01/02 22:04:46 - mmengine - INFO - Iter(train) [  4400/160000]  base_lr: 4.8764e-02 lr: 4.8764e-02  eta: 1 day, 15:11:23  time: 0.8996  data_time: 0.0090  memory: 23672  loss: 1.4976  decode.loss_ce: 0.6807  decode.acc_seg: 98.8466  aux_0.loss_ce: 0.2723  aux_0.acc_seg: 98.8466  aux_1.loss_ce: 0.2723  aux_1.acc_seg: 98.8466  aux_2.loss_ce: 0.2723  aux_2.acc_seg: 98.8466
01/02 22:05:31 - mmengine - INFO - Iter(train) [  4450/160000]  base_lr: 4.8749e-02 lr: 4.8749e-02  eta: 1 day, 15:10:25  time: 0.8994  data_time: 0.0089  memory: 23672  loss: 1.6338  decode.loss_ce: 0.7427  decode.acc_seg: 0.8118  aux_0.loss_ce: 0.2970  aux_0.acc_seg: 0.8118  aux_1.loss_ce: 0.2971  aux_1.acc_seg: 0.8118  aux_2.loss_ce: 0.2971  aux_2.acc_seg: 0.8118
01/02 22:06:16 - mmengine - INFO - Iter(train) [  4500/160000]  base_lr: 4.8735e-02 lr: 4.8735e-02  eta: 1 day, 15:09:29  time: 0.8997  data_time: 0.0087  memory: 23672  loss: 1.5250  decode.loss_ce: 0.6932  decode.acc_seg: 98.7921  aux_0.loss_ce: 0.2772  aux_0.acc_seg: 98.7921  aux_1.loss_ce: 0.2773  aux_1.acc_seg: 98.7921  aux_2.loss_ce: 0.2773  aux_2.acc_seg: 98.7921
01/02 22:07:01 - mmengine - INFO - Iter(train) [  4550/160000]  base_lr: 4.8721e-02 lr: 4.8721e-02  eta: 1 day, 15:08:32  time: 0.8995  data_time: 0.0088  memory: 23672  loss: 1.6938  decode.loss_ce: 0.7699  decode.acc_seg: 1.6599  aux_0.loss_ce: 0.3080  aux_0.acc_seg: 1.6599  aux_1.loss_ce: 0.3080  aux_1.acc_seg: 1.6599  aux_2.loss_ce: 0.3080  aux_2.acc_seg: 1.6599
01/02 22:07:46 - mmengine - INFO - Iter(train) [  4600/160000]  base_lr: 4.8707e-02 lr: 4.8707e-02  eta: 1 day, 15:07:35  time: 0.8997  data_time: 0.0088  memory: 23672  loss: 1.4907  decode.loss_ce: 0.6775  decode.acc_seg: 99.2582  aux_0.loss_ce: 0.2711  aux_0.acc_seg: 99.2582  aux_1.loss_ce: 0.2710  aux_1.acc_seg: 99.2582  aux_2.loss_ce: 0.2710  aux_2.acc_seg: 99.2582
01/02 22:08:31 - mmengine - INFO - Iter(train) [  4650/160000]  base_lr: 4.8693e-02 lr: 4.8693e-02  eta: 1 day, 15:06:39  time: 0.8993  data_time: 0.0087  memory: 23672  loss: 1.7191  decode.loss_ce: 0.7815  decode.acc_seg: 0.3998  aux_0.loss_ce: 0.3123  aux_0.acc_seg: 0.3998  aux_1.loss_ce: 0.3126  aux_1.acc_seg: 0.3998  aux_2.loss_ce: 0.3126  aux_2.acc_seg: 0.3998
01/02 22:09:16 - mmengine - INFO - Iter(train) [  4700/160000]  base_lr: 4.8679e-02 lr: 4.8679e-02  eta: 1 day, 15:05:42  time: 0.8996  data_time: 0.0088  memory: 23672  loss: 1.5786  decode.loss_ce: 0.7174  decode.acc_seg: 98.3646  aux_0.loss_ce: 0.2872  aux_0.acc_seg: 98.3646  aux_1.loss_ce: 0.2870  aux_1.acc_seg: 98.3646  aux_2.loss_ce: 0.2870  aux_2.acc_seg: 98.3646
01/02 22:10:01 - mmengine - INFO - Iter(train) [  4750/160000]  base_lr: 4.8665e-02 lr: 4.8665e-02  eta: 1 day, 15:04:46  time: 0.8998  data_time: 0.0090  memory: 23672  loss: 1.4988  decode.loss_ce: 0.6812  decode.acc_seg: 99.2299  aux_0.loss_ce: 0.2727  aux_0.acc_seg: 99.2299  aux_1.loss_ce: 0.2725  aux_1.acc_seg: 99.2299  aux_2.loss_ce: 0.2725  aux_2.acc_seg: 99.2299
01/02 22:10:46 - mmengine - INFO - Iter(train) [  4800/160000]  base_lr: 4.8651e-02 lr: 4.8651e-02  eta: 1 day, 15:03:50  time: 0.8997  data_time: 0.0089  memory: 23672  loss: 1.4907  decode.loss_ce: 0.6776  decode.acc_seg: 98.8990  aux_0.loss_ce: 0.2711  aux_0.acc_seg: 98.8990  aux_1.loss_ce: 0.2710  aux_1.acc_seg: 98.8990  aux_2.loss_ce: 0.2710  aux_2.acc_seg: 98.8990
01/02 22:11:31 - mmengine - INFO - Iter(train) [  4850/160000]  base_lr: 4.8637e-02 lr: 4.8637e-02  eta: 1 day, 15:02:55  time: 0.8997  data_time: 0.0083  memory: 23672  loss: 1.5278  decode.loss_ce: 0.6945  decode.acc_seg: 98.9870  aux_0.loss_ce: 0.2778  aux_0.acc_seg: 98.9870  aux_1.loss_ce: 0.2778  aux_1.acc_seg: 98.9870  aux_2.loss_ce: 0.2778  aux_2.acc_seg: 98.9870
01/02 22:12:16 - mmengine - INFO - Iter(train) [  4900/160000]  base_lr: 4.8623e-02 lr: 4.8623e-02  eta: 1 day, 15:01:59  time: 0.8997  data_time: 0.0084  memory: 23672  loss: 1.4211  decode.loss_ce: 0.6459  decode.acc_seg: 94.1970  aux_0.loss_ce: 0.2584  aux_0.acc_seg: 94.1970  aux_1.loss_ce: 0.2584  aux_1.acc_seg: 94.1970  aux_2.loss_ce: 0.2584  aux_2.acc_seg: 94.1970
01/02 22:13:01 - mmengine - INFO - Iter(train) [  4950/160000]  base_lr: 4.8609e-02 lr: 4.8609e-02  eta: 1 day, 15:01:04  time: 0.8996  data_time: 0.0083  memory: 23672  loss: 1.4548  decode.loss_ce: 0.6613  decode.acc_seg: 98.8375  aux_0.loss_ce: 0.2645  aux_0.acc_seg: 98.8375  aux_1.loss_ce: 0.2645  aux_1.acc_seg: 98.8375  aux_2.loss_ce: 0.2645  aux_2.acc_seg: 98.8375
01/02 22:13:46 - mmengine - INFO - Exp name: setr_vit-l_pup_8xb2-160k_cbis-ddsm-binary-512x512_20240102_205728
01/02 22:13:46 - mmengine - INFO - Iter(train) [  5000/160000]  base_lr: 4.8595e-02 lr: 4.8595e-02  eta: 1 day, 15:00:09  time: 0.8994  data_time: 0.0083  memory: 23670  loss: 1.7507  decode.loss_ce: 0.7957  decode.acc_seg: 1.0175  aux_0.loss_ce: 0.3184  aux_0.acc_seg: 1.0175  aux_1.loss_ce: 0.3183  aux_1.acc_seg: 1.0175  aux_2.loss_ce: 0.3183  aux_2.acc_seg: 1.0175
01/02 22:14:31 - mmengine - INFO - Iter(train) [  5050/160000]  base_lr: 4.8581e-02 lr: 4.8581e-02  eta: 1 day, 14:59:14  time: 0.8997  data_time: 0.0082  memory: 23672  loss: 1.5183  decode.loss_ce: 0.6901  decode.acc_seg: 97.8948  aux_0.loss_ce: 0.2761  aux_0.acc_seg: 97.8948  aux_1.loss_ce: 0.2761  aux_1.acc_seg: 97.8948  aux_2.loss_ce: 0.2761  aux_2.acc_seg: 97.8948
01/02 22:15:16 - mmengine - INFO - Iter(train) [  5100/160000]  base_lr: 4.8566e-02 lr: 4.8566e-02  eta: 1 day, 14:58:20  time: 0.8996  data_time: 0.0083  memory: 23672  loss: 1.6061  decode.loss_ce: 0.7300  decode.acc_seg: 98.9875  aux_0.loss_ce: 0.2921  aux_0.acc_seg: 98.9875  aux_1.loss_ce: 0.2920  aux_1.acc_seg: 98.9875  aux_2.loss_ce: 0.2920  aux_2.acc_seg: 98.9875
01/02 22:16:01 - mmengine - INFO - Iter(train) [  5150/160000]  base_lr: 4.8552e-02 lr: 4.8552e-02  eta: 1 day, 14:57:25  time: 0.8997  data_time: 0.0083  memory: 23672  loss: 1.4302  decode.loss_ce: 0.6501  decode.acc_seg: 98.7864  aux_0.loss_ce: 0.2601  aux_0.acc_seg: 98.7864  aux_1.loss_ce: 0.2600  aux_1.acc_seg: 98.7864  aux_2.loss_ce: 0.2600  aux_2.acc_seg: 98.7864
01/02 22:16:46 - mmengine - INFO - Iter(train) [  5200/160000]  base_lr: 4.8538e-02 lr: 4.8538e-02  eta: 1 day, 14:56:31  time: 0.8994  data_time: 0.0082  memory: 23672  loss: 1.5553  decode.loss_ce: 0.7070  decode.acc_seg: 98.5756  aux_0.loss_ce: 0.2828  aux_0.acc_seg: 98.5756  aux_1.loss_ce: 0.2828  aux_1.acc_seg: 98.5756  aux_2.loss_ce: 0.2828  aux_2.acc_seg: 98.5756
01/02 22:17:31 - mmengine - INFO - Iter(train) [  5250/160000]  base_lr: 4.8524e-02 lr: 4.8524e-02  eta: 1 day, 14:55:37  time: 0.8999  data_time: 0.0084  memory: 23672  loss: 1.7004  decode.loss_ce: 0.7729  decode.acc_seg: 97.8552  aux_0.loss_ce: 0.3092  aux_0.acc_seg: 97.8552  aux_1.loss_ce: 0.3092  aux_1.acc_seg: 97.8552  aux_2.loss_ce: 0.3092  aux_2.acc_seg: 97.8552
01/02 22:18:16 - mmengine - INFO - Iter(train) [  5300/160000]  base_lr: 4.8510e-02 lr: 4.8510e-02  eta: 1 day, 14:54:44  time: 0.9003  data_time: 0.0088  memory: 23672  loss: 1.5467  decode.loss_ce: 0.7031  decode.acc_seg: 98.7729  aux_0.loss_ce: 0.2812  aux_0.acc_seg: 98.7729  aux_1.loss_ce: 0.2812  aux_1.acc_seg: 98.7729  aux_2.loss_ce: 0.2812  aux_2.acc_seg: 98.7729
01/02 22:19:01 - mmengine - INFO - Iter(train) [  5350/160000]  base_lr: 4.8496e-02 lr: 4.8496e-02  eta: 1 day, 14:53:51  time: 0.8996  data_time: 0.0091  memory: 23672  loss: 1.4678  decode.loss_ce: 0.6672  decode.acc_seg: 98.2877  aux_0.loss_ce: 0.2669  aux_0.acc_seg: 98.2877  aux_1.loss_ce: 0.2669  aux_1.acc_seg: 98.2877  aux_2.loss_ce: 0.2669  aux_2.acc_seg: 98.2877
01/02 22:19:46 - mmengine - INFO - Iter(train) [  5400/160000]  base_lr: 4.8482e-02 lr: 4.8482e-02  eta: 1 day, 14:52:57  time: 0.8997  data_time: 0.0092  memory: 23672  loss: 1.6754  decode.loss_ce: 0.7616  decode.acc_seg: 1.2662  aux_0.loss_ce: 0.3046  aux_0.acc_seg: 1.2662  aux_1.loss_ce: 0.3046  aux_1.acc_seg: 1.2662  aux_2.loss_ce: 0.3046  aux_2.acc_seg: 1.2662
01/02 22:20:31 - mmengine - INFO - Iter(train) [  5450/160000]  base_lr: 4.8468e-02 lr: 4.8468e-02  eta: 1 day, 14:52:04  time: 0.8997  data_time: 0.0092  memory: 23672  loss: 1.6472  decode.loss_ce: 0.7487  decode.acc_seg: 0.5105  aux_0.loss_ce: 0.2995  aux_0.acc_seg: 0.5105  aux_1.loss_ce: 0.2995  aux_1.acc_seg: 0.5105  aux_2.loss_ce: 0.2995  aux_2.acc_seg: 0.5105
01/02 22:21:15 - mmengine - INFO - Iter(train) [  5500/160000]  base_lr: 4.8454e-02 lr: 4.8454e-02  eta: 1 day, 14:51:11  time: 0.8997  data_time: 0.0091  memory: 23672  loss: 1.4300  decode.loss_ce: 0.6500  decode.acc_seg: 99.6183  aux_0.loss_ce: 0.2600  aux_0.acc_seg: 99.6183  aux_1.loss_ce: 0.2600  aux_1.acc_seg: 99.6183  aux_2.loss_ce: 0.2600  aux_2.acc_seg: 99.6183
01/02 22:22:00 - mmengine - INFO - Iter(train) [  5550/160000]  base_lr: 4.8440e-02 lr: 4.8440e-02  eta: 1 day, 14:50:18  time: 0.8996  data_time: 0.0090  memory: 23672  loss: 1.3823  decode.loss_ce: 0.6283  decode.acc_seg: 99.2285  aux_0.loss_ce: 0.2513  aux_0.acc_seg: 99.2285  aux_1.loss_ce: 0.2513  aux_1.acc_seg: 99.2285  aux_2.loss_ce: 0.2513  aux_2.acc_seg: 99.2285
01/02 22:22:45 - mmengine - INFO - Iter(train) [  5600/160000]  base_lr: 4.8426e-02 lr: 4.8426e-02  eta: 1 day, 14:49:25  time: 0.8990  data_time: 0.0087  memory: 23672  loss: 1.5981  decode.loss_ce: 0.7264  decode.acc_seg: 98.5835  aux_0.loss_ce: 0.2906  aux_0.acc_seg: 98.5835  aux_1.loss_ce: 0.2906  aux_1.acc_seg: 98.5835  aux_2.loss_ce: 0.2906  aux_2.acc_seg: 98.5835
01/02 22:23:30 - mmengine - INFO - Iter(train) [  5650/160000]  base_lr: 4.8412e-02 lr: 4.8412e-02  eta: 1 day, 14:48:32  time: 0.8995  data_time: 0.0087  memory: 23672  loss: 1.4795  decode.loss_ce: 0.6725  decode.acc_seg: 98.4518  aux_0.loss_ce: 0.2690  aux_0.acc_seg: 98.4518  aux_1.loss_ce: 0.2690  aux_1.acc_seg: 98.4518  aux_2.loss_ce: 0.2690  aux_2.acc_seg: 98.4518
01/02 22:24:15 - mmengine - INFO - Iter(train) [  5700/160000]  base_lr: 4.8397e-02 lr: 4.8397e-02  eta: 1 day, 14:47:39  time: 0.8998  data_time: 0.0088  memory: 23672  loss: 1.4645  decode.loss_ce: 0.6657  decode.acc_seg: 99.5070  aux_0.loss_ce: 0.2663  aux_0.acc_seg: 99.5070  aux_1.loss_ce: 0.2663  aux_1.acc_seg: 99.5070  aux_2.loss_ce: 0.2663  aux_2.acc_seg: 99.5070
01/02 22:25:00 - mmengine - INFO - Iter(train) [  5750/160000]  base_lr: 4.8383e-02 lr: 4.8383e-02  eta: 1 day, 14:46:47  time: 0.8998  data_time: 0.0087  memory: 23672  loss: 1.4481  decode.loss_ce: 0.6582  decode.acc_seg: 99.3103  aux_0.loss_ce: 0.2633  aux_0.acc_seg: 99.3103  aux_1.loss_ce: 0.2633  aux_1.acc_seg: 99.3103  aux_2.loss_ce: 0.2633  aux_2.acc_seg: 99.3103
01/02 22:25:45 - mmengine - INFO - Iter(train) [  5800/160000]  base_lr: 4.8369e-02 lr: 4.8369e-02  eta: 1 day, 14:45:54  time: 0.8997  data_time: 0.0087  memory: 23672  loss: 1.6144  decode.loss_ce: 0.7339  decode.acc_seg: 98.9509  aux_0.loss_ce: 0.2935  aux_0.acc_seg: 98.9509  aux_1.loss_ce: 0.2935  aux_1.acc_seg: 98.9509  aux_2.loss_ce: 0.2935  aux_2.acc_seg: 98.9509
01/02 22:26:30 - mmengine - INFO - Iter(train) [  5850/160000]  base_lr: 4.8355e-02 lr: 4.8355e-02  eta: 1 day, 14:45:02  time: 0.8997  data_time: 0.0088  memory: 23672  loss: 1.5471  decode.loss_ce: 0.7032  decode.acc_seg: 94.9304  aux_0.loss_ce: 0.2813  aux_0.acc_seg: 94.9304  aux_1.loss_ce: 0.2813  aux_1.acc_seg: 94.9304  aux_2.loss_ce: 0.2813  aux_2.acc_seg: 94.9304
01/02 22:27:15 - mmengine - INFO - Iter(train) [  5900/160000]  base_lr: 4.8341e-02 lr: 4.8341e-02  eta: 1 day, 14:44:10  time: 0.8998  data_time: 0.0088  memory: 23672  loss: 1.5418  decode.loss_ce: 0.7008  decode.acc_seg: 98.3031  aux_0.loss_ce: 0.2803  aux_0.acc_seg: 98.3031  aux_1.loss_ce: 0.2803  aux_1.acc_seg: 98.3031  aux_2.loss_ce: 0.2803  aux_2.acc_seg: 98.3031
01/02 22:28:00 - mmengine - INFO - Iter(train) [  5950/160000]  base_lr: 4.8327e-02 lr: 4.8327e-02  eta: 1 day, 14:43:18  time: 0.8998  data_time: 0.0088  memory: 23672  loss: 1.4365  decode.loss_ce: 0.6530  decode.acc_seg: 98.7890  aux_0.loss_ce: 0.2612  aux_0.acc_seg: 98.7890  aux_1.loss_ce: 0.2612  aux_1.acc_seg: 98.7890  aux_2.loss_ce: 0.2612  aux_2.acc_seg: 98.7890
01/02 22:28:45 - mmengine - INFO - Exp name: setr_vit-l_pup_8xb2-160k_cbis-ddsm-binary-512x512_20240102_205728
01/02 22:28:45 - mmengine - INFO - Iter(train) [  6000/160000]  base_lr: 4.8313e-02 lr: 4.8313e-02  eta: 1 day, 14:42:26  time: 0.8997  data_time: 0.0088  memory: 23672  loss: 1.6534  decode.loss_ce: 0.7516  decode.acc_seg: 0.6514  aux_0.loss_ce: 0.3006  aux_0.acc_seg: 0.6514  aux_1.loss_ce: 0.3006  aux_1.acc_seg: 0.6514  aux_2.loss_ce: 0.3006  aux_2.acc_seg: 0.6514
01/02 22:29:30 - mmengine - INFO - Iter(train) [  6050/160000]  base_lr: 4.8299e-02 lr: 4.8299e-02  eta: 1 day, 14:41:35  time: 0.8997  data_time: 0.0088  memory: 23672  loss: 1.5336  decode.loss_ce: 0.6971  decode.acc_seg: 98.6524  aux_0.loss_ce: 0.2788  aux_0.acc_seg: 98.6524  aux_1.loss_ce: 0.2788  aux_1.acc_seg: 98.6524  aux_2.loss_ce: 0.2788  aux_2.acc_seg: 98.6524
01/02 22:30:15 - mmengine - INFO - Iter(train) [  6100/160000]  base_lr: 4.8285e-02 lr: 4.8285e-02  eta: 1 day, 14:40:43  time: 0.8997  data_time: 0.0089  memory: 23672  loss: 1.6787  decode.loss_ce: 0.7631  decode.acc_seg: 99.3525  aux_0.loss_ce: 0.3052  aux_0.acc_seg: 99.3525  aux_1.loss_ce: 0.3052  aux_1.acc_seg: 99.3525  aux_2.loss_ce: 0.3052  aux_2.acc_seg: 99.3525
01/02 22:31:00 - mmengine - INFO - Iter(train) [  6150/160000]  base_lr: 4.8271e-02 lr: 4.8271e-02  eta: 1 day, 14:39:51  time: 0.8997  data_time: 0.0091  memory: 23672  loss: 1.5960  decode.loss_ce: 0.7255  decode.acc_seg: 98.9157  aux_0.loss_ce: 0.2902  aux_0.acc_seg: 98.9157  aux_1.loss_ce: 0.2902  aux_1.acc_seg: 98.9157  aux_2.loss_ce: 0.2902  aux_2.acc_seg: 98.9157
01/02 22:31:45 - mmengine - INFO - Iter(train) [  6200/160000]  base_lr: 4.8257e-02 lr: 4.8257e-02  eta: 1 day, 14:39:00  time: 0.8996  data_time: 0.0086  memory: 23672  loss: 1.4590  decode.loss_ce: 0.6632  decode.acc_seg: 99.3229  aux_0.loss_ce: 0.2652  aux_0.acc_seg: 99.3229  aux_1.loss_ce: 0.2653  aux_1.acc_seg: 99.3229  aux_2.loss_ce: 0.2653  aux_2.acc_seg: 99.3229
01/02 22:32:30 - mmengine - INFO - Iter(train) [  6250/160000]  base_lr: 4.8242e-02 lr: 4.8242e-02  eta: 1 day, 14:38:08  time: 0.8997  data_time: 0.0088  memory: 23672  loss: 1.5851  decode.loss_ce: 0.7205  decode.acc_seg: 94.5035  aux_0.loss_ce: 0.2882  aux_0.acc_seg: 94.5035  aux_1.loss_ce: 0.2882  aux_1.acc_seg: 94.5035  aux_2.loss_ce: 0.2882  aux_2.acc_seg: 94.5035
01/02 22:33:15 - mmengine - INFO - Iter(train) [  6300/160000]  base_lr: 4.8228e-02 lr: 4.8228e-02  eta: 1 day, 14:37:17  time: 0.8996  data_time: 0.0086  memory: 23672  loss: 1.6398  decode.loss_ce: 0.7453  decode.acc_seg: 98.1325  aux_0.loss_ce: 0.2982  aux_0.acc_seg: 98.1325  aux_1.loss_ce: 0.2981  aux_1.acc_seg: 98.1325  aux_2.loss_ce: 0.2981  aux_2.acc_seg: 98.1325
01/02 22:34:00 - mmengine - INFO - Iter(train) [  6350/160000]  base_lr: 4.8214e-02 lr: 4.8214e-02  eta: 1 day, 14:36:26  time: 0.8994  data_time: 0.0088  memory: 23672  loss: 1.5596  decode.loss_ce: 0.7089  decode.acc_seg: 99.2181  aux_0.loss_ce: 0.2836  aux_0.acc_seg: 99.2181  aux_1.loss_ce: 0.2836  aux_1.acc_seg: 99.2181  aux_2.loss_ce: 0.2836  aux_2.acc_seg: 99.2181
01/02 22:34:45 - mmengine - INFO - Iter(train) [  6400/160000]  base_lr: 4.8200e-02 lr: 4.8200e-02  eta: 1 day, 14:35:35  time: 0.8992  data_time: 0.0088  memory: 23672  loss: 1.6744  decode.loss_ce: 0.7611  decode.acc_seg: 0.6963  aux_0.loss_ce: 0.3044  aux_0.acc_seg: 0.6963  aux_1.loss_ce: 0.3044  aux_1.acc_seg: 0.6963  aux_2.loss_ce: 0.3044  aux_2.acc_seg: 0.6963
01/02 22:35:30 - mmengine - INFO - Iter(train) [  6450/160000]  base_lr: 4.8186e-02 lr: 4.8186e-02  eta: 1 day, 14:34:44  time: 0.8995  data_time: 0.0089  memory: 23672  loss: 1.5967  decode.loss_ce: 0.7258  decode.acc_seg: 99.5065  aux_0.loss_ce: 0.2903  aux_0.acc_seg: 99.5065  aux_1.loss_ce: 0.2903  aux_1.acc_seg: 99.5065  aux_2.loss_ce: 0.2903  aux_2.acc_seg: 99.5065
01/02 22:36:15 - mmengine - INFO - Iter(train) [  6500/160000]  base_lr: 4.8172e-02 lr: 4.8172e-02  eta: 1 day, 14:33:53  time: 0.8993  data_time: 0.0088  memory: 23672  loss: 1.5402  decode.loss_ce: 0.7001  decode.acc_seg: 99.6400  aux_0.loss_ce: 0.2800  aux_0.acc_seg: 99.6400  aux_1.loss_ce: 0.2800  aux_1.acc_seg: 99.6400  aux_2.loss_ce: 0.2800  aux_2.acc_seg: 99.6400
01/02 22:37:00 - mmengine - INFO - Iter(train) [  6550/160000]  base_lr: 4.8158e-02 lr: 4.8158e-02  eta: 1 day, 14:33:02  time: 0.9001  data_time: 0.0089  memory: 23672  loss: 1.5358  decode.loss_ce: 0.6981  decode.acc_seg: 98.3434  aux_0.loss_ce: 0.2792  aux_0.acc_seg: 98.3434  aux_1.loss_ce: 0.2792  aux_1.acc_seg: 98.3434  aux_2.loss_ce: 0.2792  aux_2.acc_seg: 98.3434
01/02 22:37:45 - mmengine - INFO - Iter(train) [  6600/160000]  base_lr: 4.8144e-02 lr: 4.8144e-02  eta: 1 day, 14:32:12  time: 0.8998  data_time: 0.0089  memory: 23672  loss: 1.7587  decode.loss_ce: 0.7994  decode.acc_seg: 99.2100  aux_0.loss_ce: 0.3198  aux_0.acc_seg: 99.2100  aux_1.loss_ce: 0.3198  aux_1.acc_seg: 99.2100  aux_2.loss_ce: 0.3198  aux_2.acc_seg: 99.2100
01/02 22:38:30 - mmengine - INFO - Iter(train) [  6650/160000]  base_lr: 4.8130e-02 lr: 4.8130e-02  eta: 1 day, 14:31:21  time: 0.8999  data_time: 0.0087  memory: 23672  loss: 1.4883  decode.loss_ce: 0.6765  decode.acc_seg: 97.6953  aux_0.loss_ce: 0.2706  aux_0.acc_seg: 97.6953  aux_1.loss_ce: 0.2706  aux_1.acc_seg: 97.6953  aux_2.loss_ce: 0.2706  aux_2.acc_seg: 97.6953
01/02 22:39:15 - mmengine - INFO - Iter(train) [  6700/160000]  base_lr: 4.8116e-02 lr: 4.8116e-02  eta: 1 day, 14:30:31  time: 0.8996  data_time: 0.0087  memory: 23672  loss: 1.6731  decode.loss_ce: 0.7605  decode.acc_seg: 98.2082  aux_0.loss_ce: 0.3042  aux_0.acc_seg: 98.2082  aux_1.loss_ce: 0.3042  aux_1.acc_seg: 98.2082  aux_2.loss_ce: 0.3042  aux_2.acc_seg: 98.2082
01/02 22:40:00 - mmengine - INFO - Iter(train) [  6750/160000]  base_lr: 4.8102e-02 lr: 4.8102e-02  eta: 1 day, 14:29:40  time: 0.8995  data_time: 0.0090  memory: 23672  loss: 1.4047  decode.loss_ce: 0.6385  decode.acc_seg: 99.2123  aux_0.loss_ce: 0.2554  aux_0.acc_seg: 99.2123  aux_1.loss_ce: 0.2554  aux_1.acc_seg: 99.2123  aux_2.loss_ce: 0.2554  aux_2.acc_seg: 99.2123
01/02 22:40:45 - mmengine - INFO - Iter(train) [  6800/160000]  base_lr: 4.8087e-02 lr: 4.8087e-02  eta: 1 day, 14:28:50  time: 0.8996  data_time: 0.0086  memory: 23672  loss: 1.6481  decode.loss_ce: 0.7491  decode.acc_seg: 0.4210  aux_0.loss_ce: 0.2997  aux_0.acc_seg: 0.4210  aux_1.loss_ce: 0.2997  aux_1.acc_seg: 0.4210  aux_2.loss_ce: 0.2997  aux_2.acc_seg: 0.4210
01/02 22:41:30 - mmengine - INFO - Iter(train) [  6850/160000]  base_lr: 4.8073e-02 lr: 4.8073e-02  eta: 1 day, 14:27:59  time: 0.8998  data_time: 0.0090  memory: 23672  loss: 1.4243  decode.loss_ce: 0.6474  decode.acc_seg: 99.2101  aux_0.loss_ce: 0.2590  aux_0.acc_seg: 99.2101  aux_1.loss_ce: 0.2590  aux_1.acc_seg: 99.2101  aux_2.loss_ce: 0.2590  aux_2.acc_seg: 99.2101
01/02 22:42:15 - mmengine - INFO - Iter(train) [  6900/160000]  base_lr: 4.8059e-02 lr: 4.8059e-02  eta: 1 day, 14:27:09  time: 0.8999  data_time: 0.0090  memory: 23672  loss: 1.2929  decode.loss_ce: 0.5877  decode.acc_seg: 99.1646  aux_0.loss_ce: 0.2351  aux_0.acc_seg: 99.1646  aux_1.loss_ce: 0.2351  aux_1.acc_seg: 99.1646  aux_2.loss_ce: 0.2351  aux_2.acc_seg: 99.1646
01/02 22:43:00 - mmengine - INFO - Iter(train) [  6950/160000]  base_lr: 4.8045e-02 lr: 4.8045e-02  eta: 1 day, 14:26:19  time: 0.8997  data_time: 0.0087  memory: 23672  loss: 1.4951  decode.loss_ce: 0.6796  decode.acc_seg: 97.4695  aux_0.loss_ce: 0.2718  aux_0.acc_seg: 97.4695  aux_1.loss_ce: 0.2718  aux_1.acc_seg: 97.4695  aux_2.loss_ce: 0.2718  aux_2.acc_seg: 97.4695
01/02 22:43:45 - mmengine - INFO - Exp name: setr_vit-l_pup_8xb2-160k_cbis-ddsm-binary-512x512_20240102_205728
01/02 22:43:45 - mmengine - INFO - Iter(train) [  7000/160000]  base_lr: 4.8031e-02 lr: 4.8031e-02  eta: 1 day, 14:25:29  time: 0.8997  data_time: 0.0090  memory: 23672  loss: 1.6337  decode.loss_ce: 0.7426  decode.acc_seg: 98.2003  aux_0.loss_ce: 0.2971  aux_0.acc_seg: 98.2003  aux_1.loss_ce: 0.2970  aux_1.acc_seg: 98.2003  aux_2.loss_ce: 0.2970  aux_2.acc_seg: 98.2003
01/02 22:44:30 - mmengine - INFO - Iter(train) [  7050/160000]  base_lr: 4.8017e-02 lr: 4.8017e-02  eta: 1 day, 14:24:39  time: 0.8997  data_time: 0.0090  memory: 23672  loss: 1.5429  decode.loss_ce: 0.7013  decode.acc_seg: 99.3666  aux_0.loss_ce: 0.2805  aux_0.acc_seg: 99.3666  aux_1.loss_ce: 0.2805  aux_1.acc_seg: 99.3666  aux_2.loss_ce: 0.2805  aux_2.acc_seg: 99.3666
01/02 22:45:15 - mmengine - INFO - Iter(train) [  7100/160000]  base_lr: 4.8003e-02 lr: 4.8003e-02  eta: 1 day, 14:23:49  time: 0.8996  data_time: 0.0091  memory: 23672  loss: 1.6284  decode.loss_ce: 0.7402  decode.acc_seg: 99.5893  aux_0.loss_ce: 0.2961  aux_0.acc_seg: 99.5893  aux_1.loss_ce: 0.2961  aux_1.acc_seg: 99.5893  aux_2.loss_ce: 0.2961  aux_2.acc_seg: 99.5893
01/02 22:46:00 - mmengine - INFO - Iter(train) [  7150/160000]  base_lr: 4.7989e-02 lr: 4.7989e-02  eta: 1 day, 14:22:59  time: 0.8998  data_time: 0.0090  memory: 23672  loss: 1.5670  decode.loss_ce: 0.7123  decode.acc_seg: 97.9899  aux_0.loss_ce: 0.2849  aux_0.acc_seg: 97.9899  aux_1.loss_ce: 0.2849  aux_1.acc_seg: 97.9899  aux_2.loss_ce: 0.2849  aux_2.acc_seg: 97.9899
01/02 22:46:45 - mmengine - INFO - Iter(train) [  7200/160000]  base_lr: 4.7975e-02 lr: 4.7975e-02  eta: 1 day, 14:22:09  time: 0.8996  data_time: 0.0090  memory: 23672  loss: 1.5084  decode.loss_ce: 0.6856  decode.acc_seg: 99.6706  aux_0.loss_ce: 0.2742  aux_0.acc_seg: 99.6706  aux_1.loss_ce: 0.2742  aux_1.acc_seg: 99.6706  aux_2.loss_ce: 0.2742  aux_2.acc_seg: 99.6706
01/02 22:47:30 - mmengine - INFO - Iter(train) [  7250/160000]  base_lr: 4.7961e-02 lr: 4.7961e-02  eta: 1 day, 14:21:20  time: 0.8996  data_time: 0.0089  memory: 23672  loss: 1.6906  decode.loss_ce: 0.7684  decode.acc_seg: 99.0298  aux_0.loss_ce: 0.3074  aux_0.acc_seg: 99.0298  aux_1.loss_ce: 0.3074  aux_1.acc_seg: 99.0298  aux_2.loss_ce: 0.3074  aux_2.acc_seg: 99.0298
01/02 22:48:15 - mmengine - INFO - Iter(train) [  7300/160000]  base_lr: 4.7946e-02 lr: 4.7946e-02  eta: 1 day, 14:20:31  time: 0.8992  data_time: 0.0089  memory: 23672  loss: 1.5043  decode.loss_ce: 0.6838  decode.acc_seg: 98.2867  aux_0.loss_ce: 0.2735  aux_0.acc_seg: 98.2867  aux_1.loss_ce: 0.2735  aux_1.acc_seg: 98.2867  aux_2.loss_ce: 0.2735  aux_2.acc_seg: 98.2867
01/02 22:49:00 - mmengine - INFO - Iter(train) [  7350/160000]  base_lr: 4.7932e-02 lr: 4.7932e-02  eta: 1 day, 14:19:41  time: 0.8996  data_time: 0.0087  memory: 23672  loss: 1.8121  decode.loss_ce: 0.8237  decode.acc_seg: 2.8500  aux_0.loss_ce: 0.3295  aux_0.acc_seg: 2.8500  aux_1.loss_ce: 0.3295  aux_1.acc_seg: 2.8500  aux_2.loss_ce: 0.3295  aux_2.acc_seg: 2.8500
01/02 22:49:45 - mmengine - INFO - Iter(train) [  7400/160000]  base_lr: 4.7918e-02 lr: 4.7918e-02  eta: 1 day, 14:18:51  time: 0.8998  data_time: 0.0088  memory: 23672  loss: 1.5509  decode.loss_ce: 0.7050  decode.acc_seg: 98.8779  aux_0.loss_ce: 0.2820  aux_0.acc_seg: 98.8779  aux_1.loss_ce: 0.2820  aux_1.acc_seg: 98.8779  aux_2.loss_ce: 0.2820  aux_2.acc_seg: 98.8779
01/02 22:50:30 - mmengine - INFO - Iter(train) [  7450/160000]  base_lr: 4.7904e-02 lr: 4.7904e-02  eta: 1 day, 14:18:02  time: 0.8997  data_time: 0.0091  memory: 23672  loss: 1.6227  decode.loss_ce: 0.7376  decode.acc_seg: 0.4041  aux_0.loss_ce: 0.2950  aux_0.acc_seg: 0.4041  aux_1.loss_ce: 0.2950  aux_1.acc_seg: 0.4041  aux_2.loss_ce: 0.2950  aux_2.acc_seg: 0.4041
01/02 22:51:15 - mmengine - INFO - Iter(train) [  7500/160000]  base_lr: 4.7890e-02 lr: 4.7890e-02  eta: 1 day, 14:17:13  time: 0.8997  data_time: 0.0089  memory: 23672  loss: 1.4136  decode.loss_ce: 0.6425  decode.acc_seg: 98.3618  aux_0.loss_ce: 0.2570  aux_0.acc_seg: 98.3618  aux_1.loss_ce: 0.2570  aux_1.acc_seg: 98.3618  aux_2.loss_ce: 0.2570  aux_2.acc_seg: 98.3618
01/02 22:52:00 - mmengine - INFO - Iter(train) [  7550/160000]  base_lr: 4.7876e-02 lr: 4.7876e-02  eta: 1 day, 14:16:23  time: 0.8999  data_time: 0.0091  memory: 23670  loss: 1.5216  decode.loss_ce: 0.6916  decode.acc_seg: 1.1425  aux_0.loss_ce: 0.2767  aux_0.acc_seg: 1.1425  aux_1.loss_ce: 0.2767  aux_1.acc_seg: 1.1425  aux_2.loss_ce: 0.2767  aux_2.acc_seg: 1.1425
01/02 22:52:45 - mmengine - INFO - Iter(train) [  7600/160000]  base_lr: 4.7862e-02 lr: 4.7862e-02  eta: 1 day, 14:15:34  time: 0.8998  data_time: 0.0089  memory: 23672  loss: 1.4368  decode.loss_ce: 0.6531  decode.acc_seg: 97.4866  aux_0.loss_ce: 0.2612  aux_0.acc_seg: 97.4866  aux_1.loss_ce: 0.2612  aux_1.acc_seg: 97.4866  aux_2.loss_ce: 0.2612  aux_2.acc_seg: 97.4866
01/02 22:53:30 - mmengine - INFO - Iter(train) [  7650/160000]  base_lr: 4.7848e-02 lr: 4.7848e-02  eta: 1 day, 14:14:45  time: 0.8997  data_time: 0.0089  memory: 23672  loss: 1.5482  decode.loss_ce: 0.7037  decode.acc_seg: 98.2883  aux_0.loss_ce: 0.2815  aux_0.acc_seg: 98.2883  aux_1.loss_ce: 0.2815  aux_1.acc_seg: 98.2883  aux_2.loss_ce: 0.2815  aux_2.acc_seg: 98.2883
01/02 22:54:15 - mmengine - INFO - Iter(train) [  7700/160000]  base_lr: 4.7834e-02 lr: 4.7834e-02  eta: 1 day, 14:13:56  time: 0.8997  data_time: 0.0088  memory: 23672  loss: 1.4990  decode.loss_ce: 0.6814  decode.acc_seg: 99.5852  aux_0.loss_ce: 0.2725  aux_0.acc_seg: 99.5852  aux_1.loss_ce: 0.2725  aux_1.acc_seg: 99.5852  aux_2.loss_ce: 0.2725  aux_2.acc_seg: 99.5852
01/02 22:55:00 - mmengine - INFO - Iter(train) [  7750/160000]  base_lr: 4.7820e-02 lr: 4.7820e-02  eta: 1 day, 14:13:06  time: 0.9000  data_time: 0.0090  memory: 23672  loss: 1.4111  decode.loss_ce: 0.6414  decode.acc_seg: 99.1593  aux_0.loss_ce: 0.2566  aux_0.acc_seg: 99.1593  aux_1.loss_ce: 0.2566  aux_1.acc_seg: 99.1593  aux_2.loss_ce: 0.2566  aux_2.acc_seg: 99.1593
01/02 22:55:45 - mmengine - INFO - Iter(train) [  7800/160000]  base_lr: 4.7805e-02 lr: 4.7805e-02  eta: 1 day, 14:12:17  time: 0.8997  data_time: 0.0088  memory: 23672  loss: 1.2601  decode.loss_ce: 0.5728  decode.acc_seg: 99.4449  aux_0.loss_ce: 0.2291  aux_0.acc_seg: 99.4449  aux_1.loss_ce: 0.2291  aux_1.acc_seg: 99.4449  aux_2.loss_ce: 0.2291  aux_2.acc_seg: 99.4449
01/02 22:56:30 - mmengine - INFO - Iter(train) [  7850/160000]  base_lr: 4.7791e-02 lr: 4.7791e-02  eta: 1 day, 14:11:28  time: 0.8999  data_time: 0.0092  memory: 23672  loss: 1.7207  decode.loss_ce: 0.7821  decode.acc_seg: 0.5783  aux_0.loss_ce: 0.3129  aux_0.acc_seg: 0.5783  aux_1.loss_ce: 0.3129  aux_1.acc_seg: 0.5783  aux_2.loss_ce: 0.3129  aux_2.acc_seg: 0.5783
01/02 22:57:15 - mmengine - INFO - Iter(train) [  7900/160000]  base_lr: 4.7777e-02 lr: 4.7777e-02  eta: 1 day, 14:10:39  time: 0.8994  data_time: 0.0092  memory: 23672  loss: 1.5190  decode.loss_ce: 0.6905  decode.acc_seg: 2.4866  aux_0.loss_ce: 0.2762  aux_0.acc_seg: 2.4866  aux_1.loss_ce: 0.2762  aux_1.acc_seg: 2.4866  aux_2.loss_ce: 0.2762  aux_2.acc_seg: 2.4866
01/02 22:58:00 - mmengine - INFO - Iter(train) [  7950/160000]  base_lr: 4.7763e-02 lr: 4.7763e-02  eta: 1 day, 14:09:50  time: 0.9000  data_time: 0.0090  memory: 23672  loss: 1.5151  decode.loss_ce: 0.6887  decode.acc_seg: 96.9525  aux_0.loss_ce: 0.2755  aux_0.acc_seg: 96.9525  aux_1.loss_ce: 0.2755  aux_1.acc_seg: 96.9525  aux_2.loss_ce: 0.2755  aux_2.acc_seg: 96.9525
01/02 22:58:45 - mmengine - INFO - Exp name: setr_vit-l_pup_8xb2-160k_cbis-ddsm-binary-512x512_20240102_205728
01/02 22:58:45 - mmengine - INFO - Iter(train) [  8000/160000]  base_lr: 4.7749e-02 lr: 4.7749e-02  eta: 1 day, 14:09:02  time: 0.8995  data_time: 0.0089  memory: 23672  loss: 1.4873  decode.loss_ce: 0.6760  decode.acc_seg: 99.5222  aux_0.loss_ce: 0.2704  aux_0.acc_seg: 99.5222  aux_1.loss_ce: 0.2704  aux_1.acc_seg: 99.5222  aux_2.loss_ce: 0.2704  aux_2.acc_seg: 99.5222
01/02 22:59:30 - mmengine - INFO - Iter(train) [  8050/160000]  base_lr: 4.7735e-02 lr: 4.7735e-02  eta: 1 day, 14:08:12  time: 0.8996  data_time: 0.0085  memory: 23672  loss: 1.4354  decode.loss_ce: 0.6524  decode.acc_seg: 98.7907  aux_0.loss_ce: 0.2610  aux_0.acc_seg: 98.7907  aux_1.loss_ce: 0.2610  aux_1.acc_seg: 98.7907  aux_2.loss_ce: 0.2610  aux_2.acc_seg: 98.7907
01/02 23:00:15 - mmengine - INFO - Iter(train) [  8100/160000]  base_lr: 4.7721e-02 lr: 4.7721e-02  eta: 1 day, 14:07:23  time: 0.8992  data_time: 0.0084  memory: 23672  loss: 1.5250  decode.loss_ce: 0.6932  decode.acc_seg: 99.0150  aux_0.loss_ce: 0.2773  aux_0.acc_seg: 99.0150  aux_1.loss_ce: 0.2773  aux_1.acc_seg: 99.0150  aux_2.loss_ce: 0.2773  aux_2.acc_seg: 99.0150
01/02 23:01:00 - mmengine - INFO - Iter(train) [  8150/160000]  base_lr: 4.7707e-02 lr: 4.7707e-02  eta: 1 day, 14:06:34  time: 0.8985  data_time: 0.0082  memory: 23672  loss: 1.5726  decode.loss_ce: 0.7148  decode.acc_seg: 5.4776  aux_0.loss_ce: 0.2859  aux_0.acc_seg: 5.4776  aux_1.loss_ce: 0.2859  aux_1.acc_seg: 5.4776  aux_2.loss_ce: 0.2859  aux_2.acc_seg: 5.4776
01/02 23:01:45 - mmengine - INFO - Iter(train) [  8200/160000]  base_lr: 4.7693e-02 lr: 4.7693e-02  eta: 1 day, 14:05:44  time: 0.8993  data_time: 0.0087  memory: 23672  loss: 1.6082  decode.loss_ce: 0.7310  decode.acc_seg: 5.8517  aux_0.loss_ce: 0.2924  aux_0.acc_seg: 5.8517  aux_1.loss_ce: 0.2924  aux_1.acc_seg: 5.8517  aux_2.loss_ce: 0.2924  aux_2.acc_seg: 5.8517
01/02 23:02:30 - mmengine - INFO - Iter(train) [  8250/160000]  base_lr: 4.7679e-02 lr: 4.7679e-02  eta: 1 day, 14:04:55  time: 0.8988  data_time: 0.0085  memory: 23672  loss: 1.8559  decode.loss_ce: 0.8436  decode.acc_seg: 99.6270  aux_0.loss_ce: 0.3374  aux_0.acc_seg: 99.6270  aux_1.loss_ce: 0.3374  aux_1.acc_seg: 99.6270  aux_2.loss_ce: 0.3374  aux_2.acc_seg: 99.6270
01/02 23:03:15 - mmengine - INFO - Iter(train) [  8300/160000]  base_lr: 4.7664e-02 lr: 4.7664e-02  eta: 1 day, 14:04:05  time: 0.8988  data_time: 0.0083  memory: 23672  loss: 1.4866  decode.loss_ce: 0.6757  decode.acc_seg: 99.0903  aux_0.loss_ce: 0.2703  aux_0.acc_seg: 99.0903  aux_1.loss_ce: 0.2703  aux_1.acc_seg: 99.0903  aux_2.loss_ce: 0.2703  aux_2.acc_seg: 99.0903
01/02 23:04:00 - mmengine - INFO - Iter(train) [  8350/160000]  base_lr: 4.7650e-02 lr: 4.7650e-02  eta: 1 day, 14:03:17  time: 0.8987  data_time: 0.0083  memory: 23672  loss: 1.8653  decode.loss_ce: 0.8478  decode.acc_seg: 0.7035  aux_0.loss_ce: 0.3391  aux_0.acc_seg: 0.7035  aux_1.loss_ce: 0.3391  aux_1.acc_seg: 0.7035  aux_2.loss_ce: 0.3391  aux_2.acc_seg: 0.7035
01/02 23:04:44 - mmengine - INFO - Iter(train) [  8400/160000]  base_lr: 4.7636e-02 lr: 4.7636e-02  eta: 1 day, 14:02:28  time: 0.8984  data_time: 0.0082  memory: 23672  loss: 1.4833  decode.loss_ce: 0.6742  decode.acc_seg: 96.5216  aux_0.loss_ce: 0.2697  aux_0.acc_seg: 96.5216  aux_1.loss_ce: 0.2697  aux_1.acc_seg: 96.5216  aux_2.loss_ce: 0.2697  aux_2.acc_seg: 96.5216
01/02 23:05:29 - mmengine - INFO - Iter(train) [  8450/160000]  base_lr: 4.7622e-02 lr: 4.7622e-02  eta: 1 day, 14:01:38  time: 0.8988  data_time: 0.0084  memory: 23672  loss: 1.5493  decode.loss_ce: 0.7042  decode.acc_seg: 98.2581  aux_0.loss_ce: 0.2817  aux_0.acc_seg: 98.2581  aux_1.loss_ce: 0.2817  aux_1.acc_seg: 98.2581  aux_2.loss_ce: 0.2817  aux_2.acc_seg: 98.2581
01/02 23:06:14 - mmengine - INFO - Iter(train) [  8500/160000]  base_lr: 4.7608e-02 lr: 4.7608e-02  eta: 1 day, 14:00:49  time: 0.8988  data_time: 0.0083  memory: 23672  loss: 1.5685  decode.loss_ce: 0.7130  decode.acc_seg: 99.4929  aux_0.loss_ce: 0.2852  aux_0.acc_seg: 99.4929  aux_1.loss_ce: 0.2852  aux_1.acc_seg: 99.4929  aux_2.loss_ce: 0.2852  aux_2.acc_seg: 99.4929
01/02 23:06:59 - mmengine - INFO - Iter(train) [  8550/160000]  base_lr: 4.7594e-02 lr: 4.7594e-02  eta: 1 day, 14:00:01  time: 0.8998  data_time: 0.0082  memory: 23672  loss: 1.7418  decode.loss_ce: 0.7917  decode.acc_seg: 0.6358  aux_0.loss_ce: 0.3167  aux_0.acc_seg: 0.6358  aux_1.loss_ce: 0.3167  aux_1.acc_seg: 0.6358  aux_2.loss_ce: 0.3167  aux_2.acc_seg: 0.6358
01/02 23:07:44 - mmengine - INFO - Iter(train) [  8600/160000]  base_lr: 4.7580e-02 lr: 4.7580e-02  eta: 1 day, 13:59:12  time: 0.8990  data_time: 0.0084  memory: 23672  loss: 1.4659  decode.loss_ce: 0.6663  decode.acc_seg: 94.6127  aux_0.loss_ce: 0.2665  aux_0.acc_seg: 94.6127  aux_1.loss_ce: 0.2665  aux_1.acc_seg: 94.6127  aux_2.loss_ce: 0.2665  aux_2.acc_seg: 94.6127
