/bin/bash: /home/s1952889/miniconda3/envs/prompt/lib/libtinfo.so.6: no version information available (required by /bin/bash)
An exception occurred in telemetry logging.Disabling telemetry to prevent further exceptions.
Traceback (most recent call last):
  File "/home/s1952889/miniconda3/envs/prompt/lib/python3.11/site-packages/iopath/common/file_io.py", line 946, in __log_tmetry_keys
    handler.log_event()
  File "/home/s1952889/miniconda3/envs/prompt/lib/python3.11/site-packages/iopath/common/event_logger.py", line 97, in log_event
    del self._evt
        ^^^^^^^^^
AttributeError: 'NativePathHandler' object has no attribute '_evt'
Namespace(config_file='visual_prompt_tuning/configs/prompt/cub.yaml', train_type='prompt', opts=['MODEL.TYPE', 'vit', 'DATA.BATCH_SIZE', '32', 'MODEL.PROMPT.NUM_TOKENS', '50', 'MODEL.PROMPT.DEEP', 'True', 'MODEL.PROMPT.DROPOUT', '0.1', 'DATA.FEATURE', 'sup_vitb16_imagenet21k', 'DATA.IMGSIZE', '500', 'DATA.NAME', 'mammo-cbis', 'DATA.NUMBER_CLASSES', '2', 'DATA.CROP', 'False', 'MODEL.MODEL_ROOT', 'visual_prompt_tuning/model_root', 'DATA.DATAPATH', 'visual_prompt_tuning/data_path', 'OUTPUT_DIR', 'visual_prompt_tuning/output_dir', 'SOLVER.PATIENCE', '21', 'SOLVER.CRITERION', 'loss'])
[11/22 11:07:44 visual_prompt]: Rank of current process: 0. World size: 1
[11/22 11:07:45 visual_prompt]: Environment info:
-------------------  -------------------------------------------------
Python               3.11.5 (main, Sep 11 2023, 13:54:46) [GCC 11.2.0]
ENV_MODULE           <not set>
PyTorch              2.0.1+cu118
PyTorch Debug Build  False
CUDA available       True
CUDA ID              1
GPU 0                NVIDIA A40
Pillow               9.3.0
cv2                  4.8.0
-------------------  -------------------------------------------------
PyTorch built with:
  - GCC 9.3
  - C++ Version: 201703
  - Intel(R) oneAPI Math Kernel Library Version 2022.2-Product Build 20220804 for Intel(R) 64 architecture applications
  - Intel(R) MKL-DNN v2.7.3 (Git Hash 6dbeffbae1f23cbbeae17adb7b5b13f1f37c080e)
  - OpenMP 201511 (a.k.a. OpenMP 4.5)
  - LAPACK is enabled (usually provided by MKL)
  - NNPACK is enabled
  - CPU capability usage: AVX2
  - CUDA Runtime 11.8
  - NVCC architecture flags: -gencode;arch=compute_37,code=sm_37;-gencode;arch=compute_50,code=sm_50;-gencode;arch=compute_60,code=sm_60;-gencode;arch=compute_70,code=sm_70;-gencode;arch=compute_75,code=sm_75;-gencode;arch=compute_80,code=sm_80;-gencode;arch=compute_86,code=sm_86;-gencode;arch=compute_90,code=sm_90
  - CuDNN 8.7
  - Magma 2.6.1
  - Build settings: BLAS_INFO=mkl, BUILD_TYPE=Release, CUDA_VERSION=11.8, CUDNN_VERSION=8.7.0, CXX_COMPILER=/opt/rh/devtoolset-9/root/usr/bin/c++, CXX_FLAGS= -D_GLIBCXX_USE_CXX11_ABI=0 -fabi-version=11 -Wno-deprecated -fvisibility-inlines-hidden -DUSE_PTHREADPOOL -DNDEBUG -DUSE_KINETO -DLIBKINETO_NOROCTRACER -DUSE_FBGEMM -DUSE_QNNPACK -DUSE_PYTORCH_QNNPACK -DUSE_XNNPACK -DSYMBOLICATE_MOBILE_DEBUG_HANDLE -O2 -fPIC -Wall -Wextra -Werror=return-type -Werror=non-virtual-dtor -Werror=bool-operation -Wnarrowing -Wno-missing-field-initializers -Wno-type-limits -Wno-array-bounds -Wno-unknown-pragmas -Wunused-local-typedefs -Wno-unused-parameter -Wno-unused-function -Wno-unused-result -Wno-strict-overflow -Wno-strict-aliasing -Wno-error=deprecated-declarations -Wno-stringop-overflow -Wno-psabi -Wno-error=pedantic -Wno-error=redundant-decls -Wno-error=old-style-cast -fdiagnostics-color=always -faligned-new -Wno-unused-but-set-variable -Wno-maybe-uninitialized -fno-math-errno -fno-trapping-math -Werror=format -Werror=cast-function-type -Wno-stringop-overflow, LAPACK_INFO=mkl, PERF_WITH_AVX=1, PERF_WITH_AVX2=1, PERF_WITH_AVX512=1, TORCH_DISABLE_GPU_ASSERTS=ON, TORCH_VERSION=2.0.1, USE_CUDA=ON, USE_CUDNN=ON, USE_EXCEPTION_PTR=1, USE_GFLAGS=OFF, USE_GLOG=OFF, USE_MKL=ON, USE_MKLDNN=ON, USE_MPI=OFF, USE_NCCL=1, USE_NNPACK=ON, USE_OPENMP=ON, USE_ROCM=OFF, 

[11/22 11:07:45 visual_prompt]: Command line arguments: Namespace(config_file='visual_prompt_tuning/configs/prompt/cub.yaml', train_type='prompt', opts=['MODEL.TYPE', 'vit', 'DATA.BATCH_SIZE', '32', 'MODEL.PROMPT.NUM_TOKENS', '50', 'MODEL.PROMPT.DEEP', 'True', 'MODEL.PROMPT.DROPOUT', '0.1', 'DATA.FEATURE', 'sup_vitb16_imagenet21k', 'DATA.IMGSIZE', '500', 'DATA.NAME', 'mammo-cbis', 'DATA.NUMBER_CLASSES', '2', 'DATA.CROP', 'False', 'MODEL.MODEL_ROOT', 'visual_prompt_tuning/model_root', 'DATA.DATAPATH', 'visual_prompt_tuning/data_path', 'OUTPUT_DIR', 'visual_prompt_tuning/output_dir', 'SOLVER.PATIENCE', '21', 'SOLVER.CRITERION', 'loss'])
[11/22 11:07:45 visual_prompt]: Contents of args.config_file=visual_prompt_tuning/configs/prompt/cub.yaml:
_BASE_: "../base-prompt.yaml"
RUN_N_TIMES: 1
DATA:
  NAME: "CUB"
  DATAPATH: ""  #TODO: need to specify here
  NUMBER_CLASSES: 200
  MULTILABEL: False
MODEL:
  TYPE: "vit"
SOLVER:
  BASE_LR: 0.1
  WEIGHT_DECAY: 0.01
[11/22 11:07:45 visual_prompt]: Training with config:
[11/22 11:07:45 visual_prompt]: CfgNode({'DBG': False, 'OUTPUT_DIR': 'visual_prompt_tuning/output_dir/mammo-cbis/sup_vitb16_imagenet21k/prompt50/size500/val/seed0/lr50.0_wd0.01/patience21/run1', 'RUN_N_TIMES': 1, 'CUDNN_BENCHMARK': False, 'NUM_GPUS': 1, 'NUM_SHARDS': 1, 'SEED': 0, 'MODEL': CfgNode({'TRANSFER_TYPE': 'prompt', 'WEIGHT_PATH': '', 'SAVE_CKPT': False, 'MODEL_ROOT': 'visual_prompt_tuning/model_root', 'TYPE': 'vit', 'MLP_NUM': 0, 'LINEAR': CfgNode({'MLP_SIZES': [], 'DROPOUT': 0.1}), 'PROMPT': CfgNode({'NUM_TOKENS': 50, 'LOCATION': 'prepend', 'INITIATION': 'random', 'CLSEMB_FOLDER': '', 'CLSEMB_PATH': '', 'PROJECT': -1, 'DEEP': True, 'NUM_DEEP_LAYERS': None, 'REVERSE_DEEP': False, 'DEEP_SHARED': False, 'FORWARD_DEEP_NOEXPAND': False, 'VIT_POOL_TYPE': 'original', 'DROPOUT': 0.1, 'SAVE_FOR_EACH_EPOCH': False}), 'ADAPTER': CfgNode({'REDUCATION_FACTOR': 8, 'STYLE': 'Pfeiffer'})}), 'SOLVER': CfgNode({'LOSS': 'softmax', 'LOSS_ALPHA': 0.01, 'OPTIMIZER': 'sgd', 'MOMENTUM': 0.9, 'WEIGHT_DECAY': 0.01, 'WEIGHT_DECAY_BIAS': 0, 'PATIENCE': 21, 'CRITERION': 'loss', 'SCHEDULER': 'cosine', 'BASE_LR': 50.0, 'BIAS_MULTIPLIER': 1.0, 'WARMUP_EPOCH': 10, 'TOTAL_EPOCH': 100, 'LOG_EVERY_N': 100, 'DBG_TRAINABLE': False}), 'DATA': CfgNode({'NAME': 'mammo-cbis', 'DATAPATH': 'visual_prompt_tuning/data_path', 'FEATURE': 'sup_vitb16_imagenet21k', 'PERCENTAGE': 1.0, 'NUMBER_CLASSES': 2, 'MULTILABEL': False, 'CLASS_WEIGHTS_TYPE': 'none', 'IMGSIZE': 500, 'CROP': False, 'NO_TEST': False, 'BATCH_SIZE': 32, 'NUM_WORKERS': 4, 'PIN_MEMORY': True})})
[11/22 11:07:45 visual_prompt]: Loading training data...
[11/22 11:07:45 visual_prompt]: Constructing mammo-cbis dataset train...
[11/22 11:07:46 visual_prompt]: Loading validation data...
[11/22 11:07:46 visual_prompt]: Constructing mammo-cbis dataset val...
[11/22 11:07:46 visual_prompt]: Constructing models...
[INFO: vit.py:  342]: load_pretrained: resized variant: torch.Size([1, 197, 768]) to torch.Size([1, 962, 768])
load_pretrained: grid-size from 14 to 31
[11/22 11:07:59 visual_prompt]: Total Parameters: 86848514	 Gradient Parameters: 462338
[11/22 11:07:59 visual_prompt]: tuned percent:0.532
[11/22 11:07:59 visual_prompt]: Device used for model: 0
[11/22 11:07:59 visual_prompt]: Setting up Evaluator...
[11/22 11:07:59 visual_prompt]: Setting up Trainer...
[11/22 11:07:59 visual_prompt]: 	Setting up the optimizer...
[11/22 11:07:59 visual_prompt]: Training 1 / 100 epoch, with learning rate 0.0
[11/22 11:15:34 visual_prompt]: Epoch 1 / 100: avg data time: 5.03e+00, avg batch time: 6.4938, average train loss: 1.4863
[11/22 11:16:26 visual_prompt]: Inference (val):avg data time: 2.72e-05, avg batch time: 0.5879, average loss: 1.4553
[11/22 11:16:26 visual_prompt]: Classification results with val_mammo-cbis: top1: 54.88	rocauc: 43.60	
[11/22 11:16:26 visual_prompt]: Training 2 / 100 epoch, with learning rate 5.0
[11/22 11:23:57 visual_prompt]: Epoch 2 / 100: avg data time: 4.99e+00, avg batch time: 6.4434, average train loss: 23.4194
[11/22 11:24:48 visual_prompt]: Inference (val):avg data time: 2.58e-05, avg batch time: 0.5880, average loss: 5.9050
[11/22 11:24:48 visual_prompt]: Classification results with val_mammo-cbis: top1: 54.88	rocauc: 50.15	
[11/22 11:24:48 visual_prompt]: Training 3 / 100 epoch, with learning rate 10.0
[11/22 11:32:19 visual_prompt]: Epoch 3 / 100: avg data time: 4.99e+00, avg batch time: 6.4412, average train loss: 22.7559
[11/22 11:33:10 visual_prompt]: Inference (val):avg data time: 2.49e-05, avg batch time: 0.5870, average loss: 78.4539
[11/22 11:33:10 visual_prompt]: Classification results with val_mammo-cbis: top1: 47.15	rocauc: 47.22	
[11/22 11:33:10 visual_prompt]: Training 4 / 100 epoch, with learning rate 15.0
[11/22 11:40:40 visual_prompt]: Epoch 4 / 100: avg data time: 4.97e+00, avg batch time: 6.4187, average train loss: 31.9098
[11/22 11:41:31 visual_prompt]: Inference (val):avg data time: 2.58e-05, avg batch time: 0.5885, average loss: 36.0121
[11/22 11:41:31 visual_prompt]: Classification results with val_mammo-cbis: top1: 54.88	rocauc: 48.13	
[11/22 11:41:31 visual_prompt]: Training 5 / 100 epoch, with learning rate 20.0
[11/22 11:49:01 visual_prompt]: Epoch 5 / 100: avg data time: 4.98e+00, avg batch time: 6.4287, average train loss: 37.4111
[11/22 11:49:53 visual_prompt]: Inference (val):avg data time: 2.23e-05, avg batch time: 0.5856, average loss: 33.6763
[11/22 11:49:53 visual_prompt]: Classification results with val_mammo-cbis: top1: 54.88	rocauc: 50.87	
[11/22 11:49:53 visual_prompt]: Training 6 / 100 epoch, with learning rate 25.0
[11/22 11:57:24 visual_prompt]: Epoch 6 / 100: avg data time: 5.00e+00, avg batch time: 6.4429, average train loss: 80.9835
[11/22 11:58:15 visual_prompt]: Inference (val):avg data time: 2.92e-05, avg batch time: 0.5897, average loss: 70.5767
[11/22 11:58:15 visual_prompt]: Classification results with val_mammo-cbis: top1: 54.88	rocauc: 55.50	
[11/22 11:58:15 visual_prompt]: Training 7 / 100 epoch, with learning rate 30.0
[11/22 12:05:39 visual_prompt]: Epoch 7 / 100: avg data time: 4.90e+00, avg batch time: 6.3408, average train loss: 62.2236
[11/22 12:06:30 visual_prompt]: Inference (val):avg data time: 2.41e-05, avg batch time: 0.5913, average loss: 54.4756
[11/22 12:06:30 visual_prompt]: Classification results with val_mammo-cbis: top1: 54.88	rocauc: 57.78	
[11/22 12:06:30 visual_prompt]: Training 8 / 100 epoch, with learning rate 35.0
[11/22 12:13:54 visual_prompt]: Epoch 8 / 100: avg data time: 4.90e+00, avg batch time: 6.3410, average train loss: 130.3972
[11/22 12:14:44 visual_prompt]: Inference (val):avg data time: 2.40e-05, avg batch time: 0.5854, average loss: 173.7895
[11/22 12:14:44 visual_prompt]: Classification results with val_mammo-cbis: top1: 54.88	rocauc: 54.03	
[11/22 12:14:44 visual_prompt]: Training 9 / 100 epoch, with learning rate 40.0
[11/22 12:22:08 visual_prompt]: Epoch 9 / 100: avg data time: 4.90e+00, avg batch time: 6.3349, average train loss: 111.8224
[11/22 12:22:58 visual_prompt]: Inference (val):avg data time: 2.47e-05, avg batch time: 0.5860, average loss: 51.1531
[11/22 12:22:58 visual_prompt]: Classification results with val_mammo-cbis: top1: 54.88	rocauc: 41.05	
[11/22 12:22:58 visual_prompt]: Training 10 / 100 epoch, with learning rate 45.0
[11/22 12:30:19 visual_prompt]: Epoch 10 / 100: avg data time: 4.86e+00, avg batch time: 6.2990, average train loss: 105.2176
[11/22 12:31:09 visual_prompt]: Inference (val):avg data time: 2.53e-05, avg batch time: 0.5911, average loss: 31.9708
[11/22 12:31:09 visual_prompt]: Classification results with val_mammo-cbis: top1: 45.12	rocauc: 51.58	
[11/22 12:31:09 visual_prompt]: Training 11 / 100 epoch, with learning rate 50.0
[11/22 12:38:31 visual_prompt]: Epoch 11 / 100: avg data time: 4.87e+00, avg batch time: 6.3123, average train loss: 129.0567
[11/22 12:39:22 visual_prompt]: Inference (val):avg data time: 2.39e-05, avg batch time: 0.5854, average loss: 13.2878
[11/22 12:39:22 visual_prompt]: Classification results with val_mammo-cbis: top1: 54.88	rocauc: 52.27	
[11/22 12:39:22 visual_prompt]: Training 12 / 100 epoch, with learning rate 49.9847706754774
[11/22 12:46:46 visual_prompt]: Epoch 12 / 100: avg data time: 4.90e+00, avg batch time: 6.3415, average train loss: 208.1526
[11/22 12:47:36 visual_prompt]: Inference (val):avg data time: 2.62e-05, avg batch time: 0.5895, average loss: 183.8571
[11/22 12:47:36 visual_prompt]: Classification results with val_mammo-cbis: top1: 54.88	rocauc: 50.65	
[11/22 12:47:36 visual_prompt]: Training 13 / 100 epoch, with learning rate 49.939101256495604
[11/22 12:54:57 visual_prompt]: Epoch 13 / 100: avg data time: 4.86e+00, avg batch time: 6.3018, average train loss: 148.6304
[11/22 12:55:48 visual_prompt]: Inference (val):avg data time: 2.57e-05, avg batch time: 0.5868, average loss: 167.0876
[11/22 12:55:48 visual_prompt]: Classification results with val_mammo-cbis: top1: 54.88	rocauc: 44.63	
[11/22 12:55:48 visual_prompt]: Training 14 / 100 epoch, with learning rate 49.86304738420683
[11/22 13:03:10 visual_prompt]: Epoch 14 / 100: avg data time: 4.87e+00, avg batch time: 6.3179, average train loss: 112.9457
[11/22 13:04:01 visual_prompt]: Inference (val):avg data time: 2.66e-05, avg batch time: 0.5858, average loss: 180.0684
[11/22 13:04:01 visual_prompt]: Classification results with val_mammo-cbis: top1: 45.12	rocauc: 50.04	
[11/22 13:04:01 visual_prompt]: Training 15 / 100 epoch, with learning rate 49.75670171853926
[11/22 13:11:21 visual_prompt]: Epoch 15 / 100: avg data time: 4.86e+00, avg batch time: 6.2957, average train loss: 107.0701
[11/22 13:12:12 visual_prompt]: Inference (val):avg data time: 2.86e-05, avg batch time: 0.5883, average loss: 218.0983
[11/22 13:12:12 visual_prompt]: Classification results with val_mammo-cbis: top1: 45.53	rocauc: 50.02	
[11/22 13:12:12 visual_prompt]: Training 16 / 100 epoch, with learning rate 49.6201938253052
[11/22 13:19:34 visual_prompt]: Epoch 16 / 100: avg data time: 4.87e+00, avg batch time: 6.3114, average train loss: 157.8699
[11/22 13:20:24 visual_prompt]: Inference (val):avg data time: 2.77e-05, avg batch time: 0.5846, average loss: 6.8180
[11/22 13:20:24 visual_prompt]: Classification results with val_mammo-cbis: top1: 45.12	rocauc: 49.42	
[11/22 13:20:24 visual_prompt]: Best epoch 16: best metric: -6.818
[11/22 13:20:24 visual_prompt]: Training 17 / 100 epoch, with learning rate 49.45369001834514
[11/22 13:27:43 visual_prompt]: Epoch 17 / 100: avg data time: 4.84e+00, avg batch time: 6.2745, average train loss: 172.9522
[11/22 13:28:34 visual_prompt]: Inference (val):avg data time: 3.34e-05, avg batch time: 0.5919, average loss: 46.7653
[11/22 13:28:34 visual_prompt]: Classification results with val_mammo-cbis: top1: 45.12	rocauc: 53.43	
[11/22 13:28:34 visual_prompt]: Training 18 / 100 epoch, with learning rate 49.25739315689991
[11/22 13:35:56 visual_prompt]: Epoch 18 / 100: avg data time: 4.87e+00, avg batch time: 6.3097, average train loss: 134.8895
[11/22 13:36:46 visual_prompt]: Inference (val):avg data time: 2.73e-05, avg batch time: 0.5879, average loss: 44.4161
[11/22 13:36:46 visual_prompt]: Classification results with val_mammo-cbis: top1: 45.12	rocauc: 50.95	
[11/22 13:36:46 visual_prompt]: Training 19 / 100 epoch, with learning rate 49.03154239845797
[11/22 13:44:07 visual_prompt]: Epoch 19 / 100: avg data time: 4.86e+00, avg batch time: 6.2952, average train loss: 108.6106
[11/22 13:44:57 visual_prompt]: Inference (val):avg data time: 2.57e-05, avg batch time: 0.5899, average loss: 330.5166
[11/22 13:44:57 visual_prompt]: Classification results with val_mammo-cbis: top1: 54.88	rocauc: 55.82	
[11/22 13:44:57 visual_prompt]: Training 20 / 100 epoch, with learning rate 48.77641290737884
[11/22 13:52:20 visual_prompt]: Epoch 20 / 100: avg data time: 4.88e+00, avg batch time: 6.3190, average train loss: 141.1177
[11/22 13:53:10 visual_prompt]: Inference (val):avg data time: 2.82e-05, avg batch time: 0.5906, average loss: 192.2731
[11/22 13:53:10 visual_prompt]: Classification results with val_mammo-cbis: top1: 54.88	rocauc: 49.96	
[11/22 13:53:10 visual_prompt]: Training 21 / 100 epoch, with learning rate 48.49231551964771
[11/22 14:00:37 visual_prompt]: Epoch 21 / 100: avg data time: 4.93e+00, avg batch time: 6.3759, average train loss: 133.8192
[11/22 14:01:27 visual_prompt]: Inference (val):avg data time: 2.76e-05, avg batch time: 0.5835, average loss: 236.0819
[11/22 14:01:27 visual_prompt]: Classification results with val_mammo-cbis: top1: 45.12	rocauc: 51.05	
[11/22 14:01:27 visual_prompt]: Training 22 / 100 epoch, with learning rate 48.17959636416968
[11/22 14:08:49 visual_prompt]: Epoch 22 / 100: avg data time: 4.88e+00, avg batch time: 6.3183, average train loss: 166.6178
[11/22 14:09:41 visual_prompt]: Inference (val):avg data time: 2.70e-05, avg batch time: 0.5874, average loss: 36.2407
[11/22 14:09:41 visual_prompt]: Classification results with val_mammo-cbis: top1: 54.88	rocauc: 42.01	
[11/22 14:09:41 visual_prompt]: Training 23 / 100 epoch, with learning rate 47.83863644106502
[11/22 14:17:05 visual_prompt]: Epoch 23 / 100: avg data time: 4.91e+00, avg batch time: 6.3472, average train loss: 107.7752
[11/22 14:17:55 visual_prompt]: Inference (val):avg data time: 2.28e-05, avg batch time: 0.5856, average loss: 94.2358
[11/22 14:17:55 visual_prompt]: Classification results with val_mammo-cbis: top1: 54.47	rocauc: 48.56	
[11/22 14:17:55 visual_prompt]: Training 24 / 100 epoch, with learning rate 47.46985115747918
[11/22 14:25:18 visual_prompt]: Epoch 24 / 100: avg data time: 4.88e+00, avg batch time: 6.3195, average train loss: 116.4842
[11/22 14:26:08 visual_prompt]: Inference (val):avg data time: 2.58e-05, avg batch time: 0.5931, average loss: 106.7851
[11/22 14:26:08 visual_prompt]: Classification results with val_mammo-cbis: top1: 45.12	rocauc: 45.64	
[11/22 14:26:08 visual_prompt]: Training 25 / 100 epoch, with learning rate 47.073689821473174
[11/22 14:33:32 visual_prompt]: Epoch 25 / 100: avg data time: 4.89e+00, avg batch time: 6.3334, average train loss: 113.7748
[11/22 14:34:22 visual_prompt]: Inference (val):avg data time: 2.67e-05, avg batch time: 0.5886, average loss: 109.0722
[11/22 14:34:22 visual_prompt]: Classification results with val_mammo-cbis: top1: 54.88	rocauc: 51.17	
[11/22 14:34:22 visual_prompt]: Training 26 / 100 epoch, with learning rate 46.65063509461097
[11/22 14:41:44 visual_prompt]: Epoch 26 / 100: avg data time: 4.87e+00, avg batch time: 6.3114, average train loss: 146.5544
[11/22 14:42:35 visual_prompt]: Inference (val):avg data time: 2.91e-05, avg batch time: 0.5895, average loss: 21.7410
[11/22 14:42:35 visual_prompt]: Classification results with val_mammo-cbis: top1: 54.88	rocauc: 41.72	
[11/22 14:42:35 visual_prompt]: Training 27 / 100 epoch, with learning rate 46.20120240391065
[11/22 14:49:58 visual_prompt]: Epoch 27 / 100: avg data time: 4.88e+00, avg batch time: 6.3208, average train loss: 103.7777
[11/22 14:50:49 visual_prompt]: Inference (val):avg data time: 3.10e-05, avg batch time: 0.5889, average loss: 98.3964
[11/22 14:50:49 visual_prompt]: Classification results with val_mammo-cbis: top1: 54.88	rocauc: 50.96	
[11/22 14:50:49 visual_prompt]: Training 28 / 100 epoch, with learning rate 45.72593931387604
[11/22 14:58:13 visual_prompt]: Epoch 28 / 100: avg data time: 4.91e+00, avg batch time: 6.3509, average train loss: 91.9104
[11/22 14:59:04 visual_prompt]: Inference (val):avg data time: 2.75e-05, avg batch time: 0.5859, average loss: 96.4467
[11/22 14:59:04 visual_prompt]: Classification results with val_mammo-cbis: top1: 54.88	rocauc: 55.64	
[11/22 14:59:04 visual_prompt]: Training 29 / 100 epoch, with learning rate 45.22542485937369
[11/22 15:06:29 visual_prompt]: Epoch 29 / 100: avg data time: 4.92e+00, avg batch time: 6.3610, average train loss: 128.0840
[11/22 15:07:20 visual_prompt]: Inference (val):avg data time: 2.37e-05, avg batch time: 0.5907, average loss: 263.1504
[11/22 15:07:20 visual_prompt]: Classification results with val_mammo-cbis: top1: 54.88	rocauc: 50.34	
[11/22 15:07:20 visual_prompt]: Training 30 / 100 epoch, with learning rate 44.70026884016804
[11/22 15:14:44 visual_prompt]: Epoch 30 / 100: avg data time: 4.90e+00, avg batch time: 6.3425, average train loss: 124.3856
[11/22 15:15:34 visual_prompt]: Inference (val):avg data time: 2.61e-05, avg batch time: 0.5882, average loss: 35.3219
[11/22 15:15:34 visual_prompt]: Classification results with val_mammo-cbis: top1: 54.47	rocauc: 45.57	
[11/22 15:15:34 visual_prompt]: Training 31 / 100 epoch, with learning rate 44.15111107797445
[11/22 15:22:57 visual_prompt]: Epoch 31 / 100: avg data time: 4.89e+00, avg batch time: 6.3288, average train loss: 90.1168
[11/22 15:23:48 visual_prompt]: Inference (val):avg data time: 2.91e-05, avg batch time: 0.5899, average loss: 62.5616
[11/22 15:23:48 visual_prompt]: Classification results with val_mammo-cbis: top1: 45.12	rocauc: 49.61	
[11/22 15:23:48 visual_prompt]: Training 32 / 100 epoch, with learning rate 43.57862063693486
[11/22 15:31:12 visual_prompt]: Epoch 32 / 100: avg data time: 4.91e+00, avg batch time: 6.3491, average train loss: 141.1328
[11/22 15:32:04 visual_prompt]: Inference (val):avg data time: 2.81e-05, avg batch time: 0.5864, average loss: 49.1966
[11/22 15:32:04 visual_prompt]: Classification results with val_mammo-cbis: top1: 54.88	rocauc: 37.79	
[11/22 15:32:04 visual_prompt]: Training 33 / 100 epoch, with learning rate 42.98349500846628
[11/22 15:39:28 visual_prompt]: Epoch 33 / 100: avg data time: 4.90e+00, avg batch time: 6.3391, average train loss: 171.0309
[11/22 15:40:18 visual_prompt]: Inference (val):avg data time: 2.93e-05, avg batch time: 0.5848, average loss: 93.6822
[11/22 15:40:18 visual_prompt]: Classification results with val_mammo-cbis: top1: 54.88	rocauc: 53.67	
[11/22 15:40:18 visual_prompt]: Training 34 / 100 epoch, with learning rate 42.36645926147493
[11/22 15:47:43 visual_prompt]: Epoch 34 / 100: avg data time: 4.91e+00, avg batch time: 6.3471, average train loss: 149.7995
[11/22 15:48:33 visual_prompt]: Inference (val):avg data time: 2.94e-05, avg batch time: 0.5879, average loss: 80.9170
[11/22 15:48:33 visual_prompt]: Classification results with val_mammo-cbis: top1: 45.12	rocauc: 44.14	
[11/22 15:48:33 visual_prompt]: Training 35 / 100 epoch, with learning rate 41.72826515897145
[11/22 15:55:55 visual_prompt]: Epoch 35 / 100: avg data time: 4.87e+00, avg batch time: 6.3136, average train loss: 122.3858
[11/22 15:56:45 visual_prompt]: Inference (val):avg data time: 2.67e-05, avg batch time: 0.5841, average loss: 111.7660
[11/22 15:56:45 visual_prompt]: Classification results with val_mammo-cbis: top1: 45.12	rocauc: 56.22	
[11/22 15:56:45 visual_prompt]: Training 36 / 100 epoch, with learning rate 41.06969024216348
[11/22 16:04:10 visual_prompt]: Epoch 36 / 100: avg data time: 4.90e+00, avg batch time: 6.3434, average train loss: 93.8266
[11/22 16:05:00 visual_prompt]: Inference (val):avg data time: 2.69e-05, avg batch time: 0.5901, average loss: 70.4725
[11/22 16:05:00 visual_prompt]: Classification results with val_mammo-cbis: top1: 54.88	rocauc: 50.88	
[11/22 16:05:00 visual_prompt]: Training 37 / 100 epoch, with learning rate 40.391536883141455
[11/22 16:12:23 visual_prompt]: Epoch 37 / 100: avg data time: 4.89e+00, avg batch time: 6.3273, average train loss: 96.4561
[11/22 16:13:14 visual_prompt]: Inference (val):avg data time: 2.51e-05, avg batch time: 0.5907, average loss: 88.9703
[11/22 16:13:14 visual_prompt]: Classification results with val_mammo-cbis: top1: 54.88	rocauc: 45.71	
[11/22 16:13:14 visual_prompt]: Stopping early.
[11/22 16:13:14 visual_prompt]: Rank of current process: 0. World size: 1
[11/22 16:13:14 visual_prompt]: Environment info:
-------------------  -------------------------------------------------
Python               3.11.5 (main, Sep 11 2023, 13:54:46) [GCC 11.2.0]
ENV_MODULE           <not set>
PyTorch              2.0.1+cu118
PyTorch Debug Build  False
CUDA available       True
CUDA ID              1
GPU 0                NVIDIA A40
Pillow               9.3.0
cv2                  4.8.0
-------------------  -------------------------------------------------
PyTorch built with:
  - GCC 9.3
  - C++ Version: 201703
  - Intel(R) oneAPI Math Kernel Library Version 2022.2-Product Build 20220804 for Intel(R) 64 architecture applications
  - Intel(R) MKL-DNN v2.7.3 (Git Hash 6dbeffbae1f23cbbeae17adb7b5b13f1f37c080e)
  - OpenMP 201511 (a.k.a. OpenMP 4.5)
  - LAPACK is enabled (usually provided by MKL)
  - NNPACK is enabled
  - CPU capability usage: AVX2
  - CUDA Runtime 11.8
  - NVCC architecture flags: -gencode;arch=compute_37,code=sm_37;-gencode;arch=compute_50,code=sm_50;-gencode;arch=compute_60,code=sm_60;-gencode;arch=compute_70,code=sm_70;-gencode;arch=compute_75,code=sm_75;-gencode;arch=compute_80,code=sm_80;-gencode;arch=compute_86,code=sm_86;-gencode;arch=compute_90,code=sm_90
  - CuDNN 8.7
  - Magma 2.6.1
  - Build settings: BLAS_INFO=mkl, BUILD_TYPE=Release, CUDA_VERSION=11.8, CUDNN_VERSION=8.7.0, CXX_COMPILER=/opt/rh/devtoolset-9/root/usr/bin/c++, CXX_FLAGS= -D_GLIBCXX_USE_CXX11_ABI=0 -fabi-version=11 -Wno-deprecated -fvisibility-inlines-hidden -DUSE_PTHREADPOOL -DNDEBUG -DUSE_KINETO -DLIBKINETO_NOROCTRACER -DUSE_FBGEMM -DUSE_QNNPACK -DUSE_PYTORCH_QNNPACK -DUSE_XNNPACK -DSYMBOLICATE_MOBILE_DEBUG_HANDLE -O2 -fPIC -Wall -Wextra -Werror=return-type -Werror=non-virtual-dtor -Werror=bool-operation -Wnarrowing -Wno-missing-field-initializers -Wno-type-limits -Wno-array-bounds -Wno-unknown-pragmas -Wunused-local-typedefs -Wno-unused-parameter -Wno-unused-function -Wno-unused-result -Wno-strict-overflow -Wno-strict-aliasing -Wno-error=deprecated-declarations -Wno-stringop-overflow -Wno-psabi -Wno-error=pedantic -Wno-error=redundant-decls -Wno-error=old-style-cast -fdiagnostics-color=always -faligned-new -Wno-unused-but-set-variable -Wno-maybe-uninitialized -fno-math-errno -fno-trapping-math -Werror=format -Werror=cast-function-type -Wno-stringop-overflow, LAPACK_INFO=mkl, PERF_WITH_AVX=1, PERF_WITH_AVX2=1, PERF_WITH_AVX512=1, TORCH_DISABLE_GPU_ASSERTS=ON, TORCH_VERSION=2.0.1, USE_CUDA=ON, USE_CUDNN=ON, USE_EXCEPTION_PTR=1, USE_GFLAGS=OFF, USE_GLOG=OFF, USE_MKL=ON, USE_MKLDNN=ON, USE_MPI=OFF, USE_NCCL=1, USE_NNPACK=ON, USE_OPENMP=ON, USE_ROCM=OFF, 

[11/22 16:13:14 visual_prompt]: Command line arguments: Namespace(config_file='visual_prompt_tuning/configs/prompt/cub.yaml', train_type='prompt', opts=['MODEL.TYPE', 'vit', 'DATA.BATCH_SIZE', '32', 'MODEL.PROMPT.NUM_TOKENS', '50', 'MODEL.PROMPT.DEEP', 'True', 'MODEL.PROMPT.DROPOUT', '0.1', 'DATA.FEATURE', 'sup_vitb16_imagenet21k', 'DATA.IMGSIZE', '500', 'DATA.NAME', 'mammo-cbis', 'DATA.NUMBER_CLASSES', '2', 'DATA.CROP', 'False', 'MODEL.MODEL_ROOT', 'visual_prompt_tuning/model_root', 'DATA.DATAPATH', 'visual_prompt_tuning/data_path', 'OUTPUT_DIR', 'visual_prompt_tuning/output_dir', 'SOLVER.PATIENCE', '21', 'SOLVER.CRITERION', 'loss'])
[11/22 16:13:14 visual_prompt]: Contents of args.config_file=visual_prompt_tuning/configs/prompt/cub.yaml:
_BASE_: "../base-prompt.yaml"
RUN_N_TIMES: 1
DATA:
  NAME: "CUB"
  DATAPATH: ""  #TODO: need to specify here
  NUMBER_CLASSES: 200
  MULTILABEL: False
MODEL:
  TYPE: "vit"
SOLVER:
  BASE_LR: 0.1
  WEIGHT_DECAY: 0.01
[11/22 16:13:14 visual_prompt]: Training with config:
[11/22 16:13:14 visual_prompt]: CfgNode({'DBG': False, 'OUTPUT_DIR': 'visual_prompt_tuning/output_dir/mammo-cbis/sup_vitb16_imagenet21k/prompt50/size500/val/seed0/lr50.0_wd0.001/patience21/run1', 'RUN_N_TIMES': 1, 'CUDNN_BENCHMARK': False, 'NUM_GPUS': 1, 'NUM_SHARDS': 1, 'SEED': 0, 'MODEL': CfgNode({'TRANSFER_TYPE': 'prompt', 'WEIGHT_PATH': '', 'SAVE_CKPT': False, 'MODEL_ROOT': 'visual_prompt_tuning/model_root', 'TYPE': 'vit', 'MLP_NUM': 0, 'LINEAR': CfgNode({'MLP_SIZES': [], 'DROPOUT': 0.1}), 'PROMPT': CfgNode({'NUM_TOKENS': 50, 'LOCATION': 'prepend', 'INITIATION': 'random', 'CLSEMB_FOLDER': '', 'CLSEMB_PATH': '', 'PROJECT': -1, 'DEEP': True, 'NUM_DEEP_LAYERS': None, 'REVERSE_DEEP': False, 'DEEP_SHARED': False, 'FORWARD_DEEP_NOEXPAND': False, 'VIT_POOL_TYPE': 'original', 'DROPOUT': 0.1, 'SAVE_FOR_EACH_EPOCH': False}), 'ADAPTER': CfgNode({'REDUCATION_FACTOR': 8, 'STYLE': 'Pfeiffer'})}), 'SOLVER': CfgNode({'LOSS': 'softmax', 'LOSS_ALPHA': 0.01, 'OPTIMIZER': 'sgd', 'MOMENTUM': 0.9, 'WEIGHT_DECAY': 0.001, 'WEIGHT_DECAY_BIAS': 0, 'PATIENCE': 21, 'CRITERION': 'loss', 'SCHEDULER': 'cosine', 'BASE_LR': 50.0, 'BIAS_MULTIPLIER': 1.0, 'WARMUP_EPOCH': 10, 'TOTAL_EPOCH': 100, 'LOG_EVERY_N': 100, 'DBG_TRAINABLE': False}), 'DATA': CfgNode({'NAME': 'mammo-cbis', 'DATAPATH': 'visual_prompt_tuning/data_path', 'FEATURE': 'sup_vitb16_imagenet21k', 'PERCENTAGE': 1.0, 'NUMBER_CLASSES': 2, 'MULTILABEL': False, 'CLASS_WEIGHTS_TYPE': 'none', 'IMGSIZE': 500, 'CROP': False, 'NO_TEST': False, 'BATCH_SIZE': 32, 'NUM_WORKERS': 4, 'PIN_MEMORY': True})})
[11/22 16:13:14 visual_prompt]: Loading training data...
[11/22 16:13:14 visual_prompt]: Constructing mammo-cbis dataset train...
[11/22 16:13:14 visual_prompt]: Loading validation data...
[11/22 16:13:14 visual_prompt]: Constructing mammo-cbis dataset val...
[11/22 16:13:14 visual_prompt]: Constructing models...
[INFO: vit.py:  342]: load_pretrained: resized variant: torch.Size([1, 197, 768]) to torch.Size([1, 962, 768])
load_pretrained: grid-size from 14 to 31
[11/22 16:13:17 visual_prompt]: Total Parameters: 86848514	 Gradient Parameters: 462338
[11/22 16:13:17 visual_prompt]: tuned percent:0.532
[11/22 16:13:17 visual_prompt]: Device used for model: 0
[11/22 16:13:17 visual_prompt]: Setting up Evaluator...
[11/22 16:13:17 visual_prompt]: Setting up Trainer...
[11/22 16:13:17 visual_prompt]: 	Setting up the optimizer...
[11/22 16:13:17 visual_prompt]: Training 1 / 100 epoch, with learning rate 0.0
[11/22 16:20:41 visual_prompt]: Epoch 1 / 100: avg data time: 4.89e+00, avg batch time: 6.3436, average train loss: 1.4863
[11/22 16:21:31 visual_prompt]: Inference (val):avg data time: 2.05e-05, avg batch time: 0.5937, average loss: 1.4553
[11/22 16:21:31 visual_prompt]: Classification results with val_mammo-cbis: top1: 54.88	rocauc: 43.60	
[11/22 16:21:31 visual_prompt]: Training 2 / 100 epoch, with learning rate 5.0
[11/22 16:28:54 visual_prompt]: Epoch 2 / 100: avg data time: 4.87e+00, avg batch time: 6.3197, average train loss: 29.6890
[11/22 16:29:44 visual_prompt]: Inference (val):avg data time: 2.67e-05, avg batch time: 0.5867, average loss: 4.8085
[11/22 16:29:44 visual_prompt]: Classification results with val_mammo-cbis: top1: 54.88	rocauc: 58.82	
[11/22 16:29:44 visual_prompt]: Training 3 / 100 epoch, with learning rate 10.0
[11/22 16:37:07 visual_prompt]: Epoch 3 / 100: avg data time: 4.88e+00, avg batch time: 6.3283, average train loss: 28.3773
[11/22 16:37:57 visual_prompt]: Inference (val):avg data time: 2.32e-05, avg batch time: 0.5862, average loss: 36.1099
[11/22 16:37:58 visual_prompt]: Classification results with val_mammo-cbis: top1: 45.12	rocauc: 56.14	
[11/22 16:37:58 visual_prompt]: Training 4 / 100 epoch, with learning rate 15.0
[11/22 16:45:18 visual_prompt]: Epoch 4 / 100: avg data time: 4.85e+00, avg batch time: 6.2964, average train loss: 28.7815
[11/22 16:46:09 visual_prompt]: Inference (val):avg data time: 2.12e-05, avg batch time: 0.5868, average loss: 28.0690
[11/22 16:46:09 visual_prompt]: Classification results with val_mammo-cbis: top1: 54.88	rocauc: 52.59	
[11/22 16:46:09 visual_prompt]: Training 5 / 100 epoch, with learning rate 20.0
[11/22 16:53:30 visual_prompt]: Epoch 5 / 100: avg data time: 4.86e+00, avg batch time: 6.2990, average train loss: 37.3561
[11/22 16:54:20 visual_prompt]: Inference (val):avg data time: 2.51e-05, avg batch time: 0.5842, average loss: 105.6275
[11/22 16:54:20 visual_prompt]: Classification results with val_mammo-cbis: top1: 54.88	rocauc: 54.50	
[11/22 16:54:20 visual_prompt]: Training 6 / 100 epoch, with learning rate 25.0
[11/22 17:02:03 visual_prompt]: Epoch 6 / 100: avg data time: 5.17e+00, avg batch time: 6.6119, average train loss: 49.8338
[11/22 17:02:55 visual_prompt]: Inference (val):avg data time: 2.39e-05, avg batch time: 0.5845, average loss: 79.5973
[11/22 17:02:55 visual_prompt]: Classification results with val_mammo-cbis: top1: 45.12	rocauc: 41.72	
[11/22 17:02:55 visual_prompt]: Training 7 / 100 epoch, with learning rate 30.0
[11/22 17:10:23 visual_prompt]: Epoch 7 / 100: avg data time: 4.96e+00, avg batch time: 6.4044, average train loss: 76.3471
[11/22 17:11:14 visual_prompt]: Inference (val):avg data time: 2.09e-05, avg batch time: 0.5871, average loss: 59.3471
[11/22 17:11:14 visual_prompt]: Classification results with val_mammo-cbis: top1: 54.88	rocauc: 53.57	
[11/22 17:11:14 visual_prompt]: Training 8 / 100 epoch, with learning rate 35.0
[11/22 17:18:37 visual_prompt]: Epoch 8 / 100: avg data time: 4.89e+00, avg batch time: 6.3270, average train loss: 121.1505
[11/22 17:19:27 visual_prompt]: Inference (val):avg data time: 2.36e-05, avg batch time: 0.5865, average loss: 242.3564
[11/22 17:19:27 visual_prompt]: Classification results with val_mammo-cbis: top1: 54.88	rocauc: 48.41	
[11/22 17:19:27 visual_prompt]: Training 9 / 100 epoch, with learning rate 40.0
[11/22 17:26:51 visual_prompt]: Epoch 9 / 100: avg data time: 4.89e+00, avg batch time: 6.3329, average train loss: 98.8507
[11/22 17:27:41 visual_prompt]: Inference (val):avg data time: 2.66e-05, avg batch time: 0.5866, average loss: 265.9323
[11/22 17:27:41 visual_prompt]: Classification results with val_mammo-cbis: top1: 54.88	rocauc: 46.62	
[11/22 17:27:41 visual_prompt]: Training 10 / 100 epoch, with learning rate 45.0
