/bin/bash: /home/s1952889/miniconda3/envs/prompt/lib/libtinfo.so.6: no version information available (required by /bin/bash)
An exception occurred in telemetry logging.Disabling telemetry to prevent further exceptions.
Traceback (most recent call last):
  File "/home/s1952889/miniconda3/envs/prompt/lib/python3.11/site-packages/iopath/common/file_io.py", line 946, in __log_tmetry_keys
    handler.log_event()
  File "/home/s1952889/miniconda3/envs/prompt/lib/python3.11/site-packages/iopath/common/event_logger.py", line 97, in log_event
    del self._evt
        ^^^^^^^^^
AttributeError: 'NativePathHandler' object has no attribute '_evt'
Namespace(config_file='visual_prompt_tuning/configs/prompt/cub.yaml', train_type='prompt', opts=['MODEL.TYPE', 'vit', 'DATA.BATCH_SIZE', '8', 'MODEL.PROMPT.NUM_TOKENS', '50', 'MODEL.PROMPT.DEEP', 'True', 'MODEL.PROMPT.DROPOUT', '0.1', 'DATA.FEATURE', 'sup_vitb16_imagenet21k', 'DATA.IMGSIZE', '800', 'DATA.NAME', 'mammo-cbis', 'DATA.NUMBER_CLASSES', '2', 'DATA.CROP', 'False', 'MODEL.MODEL_ROOT', 'visual_prompt_tuning/model_root', 'DATA.DATAPATH', 'visual_prompt_tuning/data_path', 'OUTPUT_DIR', 'visual_prompt_tuning/output_dir', 'SOLVER.PATIENCE', '14', 'SOLVER.CRITERION', 'loss'])
[11/19 23:22:19 visual_prompt]: Rank of current process: 0. World size: 1
[11/19 23:22:21 visual_prompt]: Environment info:
-------------------  -------------------------------------------------
Python               3.11.5 (main, Sep 11 2023, 13:54:46) [GCC 11.2.0]
ENV_MODULE           <not set>
PyTorch              2.0.1+cu118
PyTorch Debug Build  False
CUDA available       True
CUDA ID              0
GPU 0                NVIDIA A40
Pillow               9.3.0
cv2                  4.8.0
-------------------  -------------------------------------------------
PyTorch built with:
  - GCC 9.3
  - C++ Version: 201703
  - Intel(R) oneAPI Math Kernel Library Version 2022.2-Product Build 20220804 for Intel(R) 64 architecture applications
  - Intel(R) MKL-DNN v2.7.3 (Git Hash 6dbeffbae1f23cbbeae17adb7b5b13f1f37c080e)
  - OpenMP 201511 (a.k.a. OpenMP 4.5)
  - LAPACK is enabled (usually provided by MKL)
  - NNPACK is enabled
  - CPU capability usage: AVX2
  - CUDA Runtime 11.8
  - NVCC architecture flags: -gencode;arch=compute_37,code=sm_37;-gencode;arch=compute_50,code=sm_50;-gencode;arch=compute_60,code=sm_60;-gencode;arch=compute_70,code=sm_70;-gencode;arch=compute_75,code=sm_75;-gencode;arch=compute_80,code=sm_80;-gencode;arch=compute_86,code=sm_86;-gencode;arch=compute_90,code=sm_90
  - CuDNN 8.7
  - Magma 2.6.1
  - Build settings: BLAS_INFO=mkl, BUILD_TYPE=Release, CUDA_VERSION=11.8, CUDNN_VERSION=8.7.0, CXX_COMPILER=/opt/rh/devtoolset-9/root/usr/bin/c++, CXX_FLAGS= -D_GLIBCXX_USE_CXX11_ABI=0 -fabi-version=11 -Wno-deprecated -fvisibility-inlines-hidden -DUSE_PTHREADPOOL -DNDEBUG -DUSE_KINETO -DLIBKINETO_NOROCTRACER -DUSE_FBGEMM -DUSE_QNNPACK -DUSE_PYTORCH_QNNPACK -DUSE_XNNPACK -DSYMBOLICATE_MOBILE_DEBUG_HANDLE -O2 -fPIC -Wall -Wextra -Werror=return-type -Werror=non-virtual-dtor -Werror=bool-operation -Wnarrowing -Wno-missing-field-initializers -Wno-type-limits -Wno-array-bounds -Wno-unknown-pragmas -Wunused-local-typedefs -Wno-unused-parameter -Wno-unused-function -Wno-unused-result -Wno-strict-overflow -Wno-strict-aliasing -Wno-error=deprecated-declarations -Wno-stringop-overflow -Wno-psabi -Wno-error=pedantic -Wno-error=redundant-decls -Wno-error=old-style-cast -fdiagnostics-color=always -faligned-new -Wno-unused-but-set-variable -Wno-maybe-uninitialized -fno-math-errno -fno-trapping-math -Werror=format -Werror=cast-function-type -Wno-stringop-overflow, LAPACK_INFO=mkl, PERF_WITH_AVX=1, PERF_WITH_AVX2=1, PERF_WITH_AVX512=1, TORCH_DISABLE_GPU_ASSERTS=ON, TORCH_VERSION=2.0.1, USE_CUDA=ON, USE_CUDNN=ON, USE_EXCEPTION_PTR=1, USE_GFLAGS=OFF, USE_GLOG=OFF, USE_MKL=ON, USE_MKLDNN=ON, USE_MPI=OFF, USE_NCCL=1, USE_NNPACK=ON, USE_OPENMP=ON, USE_ROCM=OFF, 

[11/19 23:22:21 visual_prompt]: Command line arguments: Namespace(config_file='visual_prompt_tuning/configs/prompt/cub.yaml', train_type='prompt', opts=['MODEL.TYPE', 'vit', 'DATA.BATCH_SIZE', '8', 'MODEL.PROMPT.NUM_TOKENS', '50', 'MODEL.PROMPT.DEEP', 'True', 'MODEL.PROMPT.DROPOUT', '0.1', 'DATA.FEATURE', 'sup_vitb16_imagenet21k', 'DATA.IMGSIZE', '800', 'DATA.NAME', 'mammo-cbis', 'DATA.NUMBER_CLASSES', '2', 'DATA.CROP', 'False', 'MODEL.MODEL_ROOT', 'visual_prompt_tuning/model_root', 'DATA.DATAPATH', 'visual_prompt_tuning/data_path', 'OUTPUT_DIR', 'visual_prompt_tuning/output_dir', 'SOLVER.PATIENCE', '14', 'SOLVER.CRITERION', 'loss'])
[11/19 23:22:21 visual_prompt]: Contents of args.config_file=visual_prompt_tuning/configs/prompt/cub.yaml:
_BASE_: "../base-prompt.yaml"
RUN_N_TIMES: 1
DATA:
  NAME: "CUB"
  DATAPATH: ""  #TODO: need to specify here
  NUMBER_CLASSES: 200
  MULTILABEL: False
MODEL:
  TYPE: "vit"
SOLVER:
  BASE_LR: 0.1
  WEIGHT_DECAY: 0.01
[11/19 23:22:21 visual_prompt]: Training with config:
[11/19 23:22:21 visual_prompt]: CfgNode({'DBG': False, 'OUTPUT_DIR': 'visual_prompt_tuning/output_dir/mammo-cbis/sup_vitb16_imagenet21k/prompt50/size800/val/seed0/lr50.0_wd0.01/patience14/run1', 'RUN_N_TIMES': 1, 'CUDNN_BENCHMARK': False, 'NUM_GPUS': 1, 'NUM_SHARDS': 1, 'SEED': 0, 'MODEL': CfgNode({'TRANSFER_TYPE': 'prompt', 'WEIGHT_PATH': '', 'SAVE_CKPT': False, 'MODEL_ROOT': 'visual_prompt_tuning/model_root', 'TYPE': 'vit', 'MLP_NUM': 0, 'LINEAR': CfgNode({'MLP_SIZES': [], 'DROPOUT': 0.1}), 'PROMPT': CfgNode({'NUM_TOKENS': 50, 'LOCATION': 'prepend', 'INITIATION': 'random', 'CLSEMB_FOLDER': '', 'CLSEMB_PATH': '', 'PROJECT': -1, 'DEEP': True, 'NUM_DEEP_LAYERS': None, 'REVERSE_DEEP': False, 'DEEP_SHARED': False, 'FORWARD_DEEP_NOEXPAND': False, 'VIT_POOL_TYPE': 'original', 'DROPOUT': 0.1, 'SAVE_FOR_EACH_EPOCH': False}), 'ADAPTER': CfgNode({'REDUCATION_FACTOR': 8, 'STYLE': 'Pfeiffer'})}), 'SOLVER': CfgNode({'LOSS': 'softmax', 'LOSS_ALPHA': 0.01, 'OPTIMIZER': 'sgd', 'MOMENTUM': 0.9, 'WEIGHT_DECAY': 0.01, 'WEIGHT_DECAY_BIAS': 0, 'PATIENCE': 14, 'CRITERION': 'loss', 'SCHEDULER': 'cosine', 'BASE_LR': 50.0, 'BIAS_MULTIPLIER': 1.0, 'WARMUP_EPOCH': 10, 'TOTAL_EPOCH': 100, 'LOG_EVERY_N': 100, 'DBG_TRAINABLE': False}), 'DATA': CfgNode({'NAME': 'mammo-cbis', 'DATAPATH': 'visual_prompt_tuning/data_path', 'FEATURE': 'sup_vitb16_imagenet21k', 'PERCENTAGE': 1.0, 'NUMBER_CLASSES': 2, 'MULTILABEL': False, 'CLASS_WEIGHTS_TYPE': 'none', 'IMGSIZE': 800, 'CROP': False, 'NO_TEST': False, 'BATCH_SIZE': 8, 'NUM_WORKERS': 4, 'PIN_MEMORY': True})})
[11/19 23:22:21 visual_prompt]: Loading training data...
[11/19 23:22:21 visual_prompt]: Constructing mammo-cbis dataset train...
[11/19 23:22:22 visual_prompt]: Loading validation data...
[11/19 23:22:22 visual_prompt]: Constructing mammo-cbis dataset val...
[11/19 23:22:22 visual_prompt]: Constructing models...
[INFO: vit.py:  342]: load_pretrained: resized variant: torch.Size([1, 197, 768]) to torch.Size([1, 2501, 768])
load_pretrained: grid-size from 14 to 50
[11/19 23:22:27 visual_prompt]: Total Parameters: 88030466	 Gradient Parameters: 462338
[11/19 23:22:27 visual_prompt]: tuned percent:0.525
[11/19 23:22:27 visual_prompt]: Device used for model: 0
[11/19 23:22:27 visual_prompt]: Setting up Evaluator...
[11/19 23:22:27 visual_prompt]: Setting up Trainer...
[11/19 23:22:27 visual_prompt]: 	Setting up the optimizer...
[11/19 23:22:27 visual_prompt]: Training 1 / 100 epoch, with learning rate 0.0
[11/19 23:26:00 visual_prompt]: 	Training 100/277. train loss: 1.5385,	3.2765 s / batch. (data: 1.65e+00). ETA=1 day, 1:07:11, max mem: 41.4 GB 
[11/19 23:29:19 visual_prompt]: 	Training 200/277. train loss: 1.4076,	1.6322 s / batch. (data: 1.09e-02). ETA=12:28:04, max mem: 41.4 GB 
[11/19 23:31:48 visual_prompt]: Epoch 1 / 100: avg data time: 3.81e-01, avg batch time: 2.0241, average train loss: 1.5427
[11/19 23:32:45 visual_prompt]: Inference (val):avg data time: 3.19e-05, avg batch time: 0.6039, average loss: 1.5201
[11/19 23:32:45 visual_prompt]: Classification results with val_mammo-cbis: top1: 54.88	rocauc: 48.08	
[11/19 23:32:45 visual_prompt]: Training 2 / 100 epoch, with learning rate 5.0
[11/19 23:36:05 visual_prompt]: 	Training 100/277. train loss: 0.0000,	1.6161 s / batch. (data: 5.41e-03). ETA=12:15:55, max mem: 41.4 GB 
[11/19 23:39:19 visual_prompt]: 	Training 200/277. train loss: 36.8029,	1.6167 s / batch. (data: 7.96e-03). ETA=12:13:32, max mem: 41.4 GB 
[11/19 23:41:46 visual_prompt]: Epoch 2 / 100: avg data time: 3.34e-01, avg batch time: 1.9526, average train loss: 16.3045
[11/19 23:42:42 visual_prompt]: Inference (val):avg data time: 3.17e-05, avg batch time: 0.6040, average loss: 4.5373
[11/19 23:42:42 visual_prompt]: Classification results with val_mammo-cbis: top1: 45.12	rocauc: 48.46	
[11/19 23:42:42 visual_prompt]: Training 3 / 100 epoch, with learning rate 10.0
[11/19 23:46:01 visual_prompt]: 	Training 100/277. train loss: 13.0762,	1.6379 s / batch. (data: 1.56e-02). ETA=12:18:18, max mem: 41.4 GB 
[11/19 23:49:15 visual_prompt]: 	Training 200/277. train loss: 1.7886,	1.6640 s / batch. (data: 3.03e-04). ETA=12:27:18, max mem: 41.4 GB 
[11/19 23:51:42 visual_prompt]: Epoch 3 / 100: avg data time: 3.37e-01, avg batch time: 1.9511, average train loss: 26.1541
[11/19 23:52:39 visual_prompt]: Inference (val):avg data time: 3.35e-05, avg batch time: 0.6050, average loss: 43.9232
[11/19 23:52:39 visual_prompt]: Classification results with val_mammo-cbis: top1: 45.12	rocauc: 54.81	
[11/19 23:52:39 visual_prompt]: Training 4 / 100 epoch, with learning rate 15.0
[11/19 23:56:01 visual_prompt]: 	Training 100/277. train loss: 13.9895,	1.6356 s / batch. (data: 7.76e-04). ETA=12:09:42, max mem: 41.4 GB 
[11/19 23:59:12 visual_prompt]: 	Training 200/277. train loss: 63.4086,	1.6196 s / batch. (data: 9.27e-03). ETA=11:59:52, max mem: 41.4 GB 
[11/20 00:01:45 visual_prompt]: Epoch 4 / 100: avg data time: 3.61e-01, avg batch time: 1.9711, average train loss: 47.2183
[11/20 00:02:42 visual_prompt]: Inference (val):avg data time: 3.21e-05, avg batch time: 0.6031, average loss: 79.8794
[11/20 00:02:42 visual_prompt]: Classification results with val_mammo-cbis: top1: 54.88	rocauc: 49.02	
[11/20 00:02:42 visual_prompt]: Training 5 / 100 epoch, with learning rate 20.0
[11/20 00:06:04 visual_prompt]: 	Training 100/277. train loss: 55.7797,	1.9116 s / batch. (data: 3.23e-01). ETA=14:04:03, max mem: 41.4 GB 
[11/20 00:09:18 visual_prompt]: 	Training 200/277. train loss: 45.0427,	3.1960 s / batch. (data: 1.58e+00). ETA=23:25:48, max mem: 41.4 GB 
[11/20 00:11:46 visual_prompt]: Epoch 5 / 100: avg data time: 3.54e-01, avg batch time: 1.9619, average train loss: 59.5058
[11/20 00:12:41 visual_prompt]: Inference (val):avg data time: 3.50e-05, avg batch time: 0.6013, average loss: 54.4774
[11/20 00:12:41 visual_prompt]: Classification results with val_mammo-cbis: top1: 54.88	rocauc: 52.43	
[11/20 00:12:41 visual_prompt]: Training 6 / 100 epoch, with learning rate 25.0
[11/20 00:16:04 visual_prompt]: 	Training 100/277. train loss: 90.6694,	1.6069 s / batch. (data: 7.67e-04). ETA=11:42:05, max mem: 41.4 GB 
[11/20 00:19:12 visual_prompt]: 	Training 200/277. train loss: 9.7748,	1.6025 s / batch. (data: 3.08e-04). ETA=11:37:28, max mem: 41.4 GB 
[11/20 00:21:35 visual_prompt]: Epoch 6 / 100: avg data time: 3.16e-01, avg batch time: 1.9240, average train loss: 92.3472
[11/20 00:22:31 visual_prompt]: Inference (val):avg data time: 3.36e-05, avg batch time: 0.6032, average loss: 138.1490
[11/20 00:22:31 visual_prompt]: Classification results with val_mammo-cbis: top1: 45.12	rocauc: 42.35	
[11/20 00:22:31 visual_prompt]: Training 7 / 100 epoch, with learning rate 30.0
[11/20 00:25:51 visual_prompt]: 	Training 100/277. train loss: 126.2163,	1.6200 s / batch. (data: 3.14e-04). ETA=11:40:19, max mem: 41.4 GB 
[11/20 00:29:05 visual_prompt]: 	Training 200/277. train loss: 60.2879,	1.5835 s / batch. (data: 2.69e-04). ETA=11:21:53, max mem: 41.4 GB 
[11/20 00:31:29 visual_prompt]: Epoch 7 / 100: avg data time: 3.39e-01, avg batch time: 1.9440, average train loss: 98.1888
[11/20 00:32:26 visual_prompt]: Inference (val):avg data time: 3.09e-05, avg batch time: 0.6014, average loss: 140.8384
[11/20 00:32:26 visual_prompt]: Classification results with val_mammo-cbis: top1: 54.88	rocauc: 47.11	
[11/20 00:32:26 visual_prompt]: Training 8 / 100 epoch, with learning rate 35.0
[11/20 00:35:46 visual_prompt]: 	Training 100/277. train loss: 21.4860,	1.6327 s / batch. (data: 1.20e-02). ETA=11:38:17, max mem: 41.4 GB 
[11/20 00:39:01 visual_prompt]: 	Training 200/277. train loss: 113.1288,	1.6235 s / batch. (data: 2.86e-04). ETA=11:31:38, max mem: 41.4 GB 
[11/20 00:41:25 visual_prompt]: Epoch 8 / 100: avg data time: 3.41e-01, avg batch time: 1.9465, average train loss: 109.9042
[11/20 00:42:22 visual_prompt]: Inference (val):avg data time: 3.29e-05, avg batch time: 0.6005, average loss: 133.7748
[11/20 00:42:22 visual_prompt]: Classification results with val_mammo-cbis: top1: 45.12	rocauc: 56.84	
[11/20 00:42:22 visual_prompt]: Training 9 / 100 epoch, with learning rate 40.0
[11/20 00:45:47 visual_prompt]: 	Training 100/277. train loss: 16.2867,	1.6191 s / batch. (data: 2.94e-04). ETA=11:24:59, max mem: 41.4 GB 
[11/20 00:49:10 visual_prompt]: 	Training 200/277. train loss: 44.0105,	1.6280 s / batch. (data: 5.42e-03). ETA=11:26:01, max mem: 41.4 GB 
[11/20 00:51:40 visual_prompt]: Epoch 9 / 100: avg data time: 4.12e-01, avg batch time: 2.0151, average train loss: 128.6416
[11/20 00:52:38 visual_prompt]: Inference (val):avg data time: 7.57e-04, avg batch time: 0.6026, average loss: 99.9419
[11/20 00:52:38 visual_prompt]: Classification results with val_mammo-cbis: top1: 46.34	rocauc: 48.23	
[11/20 00:52:38 visual_prompt]: Training 10 / 100 epoch, with learning rate 45.0
[11/20 00:56:04 visual_prompt]: 	Training 100/277. train loss: 22.5291,	1.6192 s / batch. (data: 4.10e-03). ETA=11:17:32, max mem: 41.4 GB 
[11/20 00:59:20 visual_prompt]: 	Training 200/277. train loss: 0.8644,	1.6312 s / batch. (data: 3.33e-04). ETA=11:19:50, max mem: 41.4 GB 
[11/20 01:01:53 visual_prompt]: Epoch 10 / 100: avg data time: 3.98e-01, avg batch time: 2.0037, average train loss: 108.6694
[11/20 01:02:51 visual_prompt]: Inference (val):avg data time: 3.47e-05, avg batch time: 0.6018, average loss: 167.9317
[11/20 01:02:51 visual_prompt]: Classification results with val_mammo-cbis: top1: 45.12	rocauc: 52.08	
[11/20 01:02:51 visual_prompt]: Training 11 / 100 epoch, with learning rate 50.0
slurmstepd-ctit091: error: *** JOB 248673 ON ctit091 CANCELLED AT 2023-11-20T01:05:39 ***
/bin/bash: /home/s1952889/miniconda3/envs/prompt/lib/libtinfo.so.6: no version information available (required by /bin/bash)
