/bin/bash: /home/s1952889/miniconda3/envs/prompt/lib/libtinfo.so.6: no version information available (required by /bin/bash)
An exception occurred in telemetry logging.Disabling telemetry to prevent further exceptions.
Traceback (most recent call last):
  File "/home/s1952889/miniconda3/envs/prompt/lib/python3.11/site-packages/iopath/common/file_io.py", line 946, in __log_tmetry_keys
    handler.log_event()
  File "/home/s1952889/miniconda3/envs/prompt/lib/python3.11/site-packages/iopath/common/event_logger.py", line 97, in log_event
    del self._evt
        ^^^^^^^^^
AttributeError: 'NativePathHandler' object has no attribute '_evt'
Namespace(config_file='visual_prompt_tuning/configs/finetune/cub.yaml', train_type='finetune', opts=['MODEL.TYPE', 'vit', 'DATA.BATCH_SIZE', '64', 'MODEL.PROMPT.NUM_TOKENS', '50', 'MODEL.PROMPT.DEEP', 'True', 'MODEL.PROMPT.DROPOUT', '0.1', 'DATA.FEATURE', 'sup_vitb16_imagenet21k', 'DATA.NAME', 'mammo-cbis', 'DATA.NUMBER_CLASSES', '2', 'DATA.IMGSIZE', '200', 'DATA.CROP', 'False', 'MODEL.MODEL_ROOT', 'visual_prompt_tuning/model_root', 'DATA.DATAPATH', 'visual_prompt_tuning/data_path', 'OUTPUT_DIR', 'visual_prompt_tuning/output_dir', 'SOLVER.PATIENCE', '7', 'SOLVER.CRITERION', 'loss'])
[11/07 14:54:19 visual_prompt]: Rank of current process: 0. World size: 1
[11/07 14:54:24 visual_prompt]: Environment info:
-------------------  -------------------------------------------------
Python               3.11.5 (main, Sep 11 2023, 13:54:46) [GCC 11.2.0]
ENV_MODULE           <not set>
PyTorch              2.0.1+cu118
PyTorch Debug Build  False
CUDA available       True
CUDA ID              0
GPU 0                Quadro RTX 6000
Pillow               9.3.0
cv2                  4.8.0
-------------------  -------------------------------------------------
PyTorch built with:
  - GCC 9.3
  - C++ Version: 201703
  - Intel(R) oneAPI Math Kernel Library Version 2022.2-Product Build 20220804 for Intel(R) 64 architecture applications
  - Intel(R) MKL-DNN v2.7.3 (Git Hash 6dbeffbae1f23cbbeae17adb7b5b13f1f37c080e)
  - OpenMP 201511 (a.k.a. OpenMP 4.5)
  - LAPACK is enabled (usually provided by MKL)
  - NNPACK is enabled
  - CPU capability usage: AVX2
  - CUDA Runtime 11.8
  - NVCC architecture flags: -gencode;arch=compute_37,code=sm_37;-gencode;arch=compute_50,code=sm_50;-gencode;arch=compute_60,code=sm_60;-gencode;arch=compute_70,code=sm_70;-gencode;arch=compute_75,code=sm_75;-gencode;arch=compute_80,code=sm_80;-gencode;arch=compute_86,code=sm_86;-gencode;arch=compute_90,code=sm_90
  - CuDNN 8.7
  - Magma 2.6.1
  - Build settings: BLAS_INFO=mkl, BUILD_TYPE=Release, CUDA_VERSION=11.8, CUDNN_VERSION=8.7.0, CXX_COMPILER=/opt/rh/devtoolset-9/root/usr/bin/c++, CXX_FLAGS= -D_GLIBCXX_USE_CXX11_ABI=0 -fabi-version=11 -Wno-deprecated -fvisibility-inlines-hidden -DUSE_PTHREADPOOL -DNDEBUG -DUSE_KINETO -DLIBKINETO_NOROCTRACER -DUSE_FBGEMM -DUSE_QNNPACK -DUSE_PYTORCH_QNNPACK -DUSE_XNNPACK -DSYMBOLICATE_MOBILE_DEBUG_HANDLE -O2 -fPIC -Wall -Wextra -Werror=return-type -Werror=non-virtual-dtor -Werror=bool-operation -Wnarrowing -Wno-missing-field-initializers -Wno-type-limits -Wno-array-bounds -Wno-unknown-pragmas -Wunused-local-typedefs -Wno-unused-parameter -Wno-unused-function -Wno-unused-result -Wno-strict-overflow -Wno-strict-aliasing -Wno-error=deprecated-declarations -Wno-stringop-overflow -Wno-psabi -Wno-error=pedantic -Wno-error=redundant-decls -Wno-error=old-style-cast -fdiagnostics-color=always -faligned-new -Wno-unused-but-set-variable -Wno-maybe-uninitialized -fno-math-errno -fno-trapping-math -Werror=format -Werror=cast-function-type -Wno-stringop-overflow, LAPACK_INFO=mkl, PERF_WITH_AVX=1, PERF_WITH_AVX2=1, PERF_WITH_AVX512=1, TORCH_DISABLE_GPU_ASSERTS=ON, TORCH_VERSION=2.0.1, USE_CUDA=ON, USE_CUDNN=ON, USE_EXCEPTION_PTR=1, USE_GFLAGS=OFF, USE_GLOG=OFF, USE_MKL=ON, USE_MKLDNN=ON, USE_MPI=OFF, USE_NCCL=1, USE_NNPACK=ON, USE_OPENMP=ON, USE_ROCM=OFF, 

[11/07 14:54:24 visual_prompt]: Command line arguments: Namespace(config_file='visual_prompt_tuning/configs/finetune/cub.yaml', train_type='finetune', opts=['MODEL.TYPE', 'vit', 'DATA.BATCH_SIZE', '64', 'MODEL.PROMPT.NUM_TOKENS', '50', 'MODEL.PROMPT.DEEP', 'True', 'MODEL.PROMPT.DROPOUT', '0.1', 'DATA.FEATURE', 'sup_vitb16_imagenet21k', 'DATA.NAME', 'mammo-cbis', 'DATA.NUMBER_CLASSES', '2', 'DATA.IMGSIZE', '200', 'DATA.CROP', 'False', 'MODEL.MODEL_ROOT', 'visual_prompt_tuning/model_root', 'DATA.DATAPATH', 'visual_prompt_tuning/data_path', 'OUTPUT_DIR', 'visual_prompt_tuning/output_dir', 'SOLVER.PATIENCE', '7', 'SOLVER.CRITERION', 'loss'])
[11/07 14:54:24 visual_prompt]: Contents of args.config_file=visual_prompt_tuning/configs/finetune/cub.yaml:
_BASE_: "../base-finetune.yaml"
RUN_N_TIMES: 1
DATA:
  NAME: "CUB"
  DATAPATH: ""  #TODO: need to specify here
  NUMBER_CLASSES: 200
  MULTILABEL: False
  FEATURE: "imagenet_supervised"  # need to tune
MODEL:
  TYPE: "vit"
SOLVER:
  BASE_LR: 0.00375
  WEIGHT_DECAY: 0.01

[11/07 14:54:24 visual_prompt]: Training with config:
[11/07 14:54:24 visual_prompt]: CfgNode({'DBG': False, 'OUTPUT_DIR': 'visual_prompt_tuning/output_dir/mammo-cbis/sup_vitb16_imagenet21k/end2end/size200/val/seed0/lr0.005_wd0.01/patience7/run1', 'RUN_N_TIMES': 1, 'CUDNN_BENCHMARK': False, 'NUM_GPUS': 1, 'NUM_SHARDS': 1, 'SEED': 0, 'MODEL': CfgNode({'TRANSFER_TYPE': 'end2end', 'WEIGHT_PATH': '', 'SAVE_CKPT': False, 'MODEL_ROOT': 'visual_prompt_tuning/model_root', 'TYPE': 'vit', 'MLP_NUM': 0, 'LINEAR': CfgNode({'MLP_SIZES': [], 'DROPOUT': 0.1}), 'PROMPT': CfgNode({'NUM_TOKENS': 50, 'LOCATION': 'prepend', 'INITIATION': 'random', 'CLSEMB_FOLDER': '', 'CLSEMB_PATH': '', 'PROJECT': -1, 'DEEP': True, 'NUM_DEEP_LAYERS': None, 'REVERSE_DEEP': False, 'DEEP_SHARED': False, 'FORWARD_DEEP_NOEXPAND': False, 'VIT_POOL_TYPE': 'original', 'DROPOUT': 0.1, 'SAVE_FOR_EACH_EPOCH': False}), 'ADAPTER': CfgNode({'REDUCATION_FACTOR': 8, 'STYLE': 'Pfeiffer'})}), 'SOLVER': CfgNode({'LOSS': 'softmax', 'LOSS_ALPHA': 0.01, 'OPTIMIZER': 'adamw', 'MOMENTUM': 0.9, 'WEIGHT_DECAY': 0.01, 'WEIGHT_DECAY_BIAS': 0, 'PATIENCE': 7, 'CRITERION': 'loss', 'SCHEDULER': 'cosine', 'BASE_LR': 0.005, 'BIAS_MULTIPLIER': 1.0, 'WARMUP_EPOCH': 5, 'TOTAL_EPOCH': 100, 'LOG_EVERY_N': 100, 'DBG_TRAINABLE': False}), 'DATA': CfgNode({'NAME': 'mammo-cbis', 'DATAPATH': 'visual_prompt_tuning/data_path', 'FEATURE': 'sup_vitb16_imagenet21k', 'PERCENTAGE': 1.0, 'NUMBER_CLASSES': 2, 'MULTILABEL': False, 'CLASS_WEIGHTS_TYPE': 'none', 'IMGSIZE': 200, 'CROP': False, 'NO_TEST': False, 'BATCH_SIZE': 64, 'NUM_WORKERS': 8, 'PIN_MEMORY': True})})
[11/07 14:54:24 visual_prompt]: Loading training data...
[11/07 14:54:24 visual_prompt]: Constructing mammo-cbis dataset train...
[11/07 14:54:24 visual_prompt]: Loading validation data...
[11/07 14:54:24 visual_prompt]: Constructing mammo-cbis dataset val...
[11/07 14:54:24 visual_prompt]: Constructing models...
[INFO: vit.py:  342]: load_pretrained: resized variant: torch.Size([1, 197, 768]) to torch.Size([1, 145, 768])
load_pretrained: grid-size from 14 to 12
[11/07 14:54:31 visual_prompt]: Enable all parameters update during training
[11/07 14:54:31 visual_prompt]: Total Parameters: 85760258	 Gradient Parameters: 85760258
[11/07 14:54:31 visual_prompt]: tuned percent:100.000
[11/07 14:54:31 visual_prompt]: Device used for model: 0
[11/07 14:54:31 visual_prompt]: Setting up Evaluator...
[11/07 14:54:31 visual_prompt]: Setting up Trainer...
[11/07 14:54:31 visual_prompt]: 	Setting up the optimizer...
[11/07 14:54:31 visual_prompt]: Training 1 / 100 epoch, with learning rate 0.0
[11/07 15:01:38 visual_prompt]: Epoch 1 / 100: avg data time: 1.15e+01, avg batch time: 12.1969, average train loss: 6.9791
[11/07 15:02:26 visual_prompt]: Inference (val):avg data time: 3.31e-05, avg batch time: 0.1779, average loss: 6.3857
[11/07 15:02:26 visual_prompt]: Classification results with val_mammo-cbis: top1: 45.12	rocauc: 47.22	
[11/07 15:02:26 visual_prompt]: Training 2 / 100 epoch, with learning rate 0.001
[11/07 15:09:29 visual_prompt]: Epoch 2 / 100: avg data time: 1.15e+01, avg batch time: 12.0743, average train loss: 3.9256
[11/07 15:10:16 visual_prompt]: Inference (val):avg data time: 2.55e-05, avg batch time: 0.1812, average loss: 1.0828
[11/07 15:10:16 visual_prompt]: Classification results with val_mammo-cbis: top1: 45.12	rocauc: 56.42	
[11/07 15:10:16 visual_prompt]: Training 3 / 100 epoch, with learning rate 0.002
[11/07 15:17:42 visual_prompt]: Epoch 3 / 100: avg data time: 1.19e+01, avg batch time: 12.7573, average train loss: 0.9834
[11/07 15:18:30 visual_prompt]: Inference (val):avg data time: 2.84e-05, avg batch time: 0.1886, average loss: 0.7383
[11/07 15:18:30 visual_prompt]: Classification results with val_mammo-cbis: top1: 55.28	rocauc: 56.75	
[11/07 15:18:30 visual_prompt]: Training 4 / 100 epoch, with learning rate 0.003
[11/07 15:25:46 visual_prompt]: Epoch 4 / 100: avg data time: 1.15e+01, avg batch time: 12.4581, average train loss: 0.8579
[11/07 15:26:34 visual_prompt]: Inference (val):avg data time: 2.83e-05, avg batch time: 0.1899, average loss: 0.6852
[11/07 15:26:34 visual_prompt]: Classification results with val_mammo-cbis: top1: 55.69	rocauc: 56.68	
[11/07 15:26:34 visual_prompt]: Training 5 / 100 epoch, with learning rate 0.004
[11/07 15:33:38 visual_prompt]: Epoch 5 / 100: avg data time: 1.14e+01, avg batch time: 12.1194, average train loss: 0.7967
[11/07 15:34:26 visual_prompt]: Inference (val):avg data time: 2.86e-05, avg batch time: 0.1996, average loss: 0.9260
[11/07 15:34:26 visual_prompt]: Classification results with val_mammo-cbis: top1: 45.12	rocauc: 57.99	
[11/07 15:34:26 visual_prompt]: Training 6 / 100 epoch, with learning rate 0.005
[11/07 15:41:33 visual_prompt]: Epoch 6 / 100: avg data time: 1.16e+01, avg batch time: 12.1841, average train loss: 0.7849
[11/07 15:42:21 visual_prompt]: Inference (val):avg data time: 2.75e-05, avg batch time: 0.2032, average loss: 0.8692
[11/07 15:42:21 visual_prompt]: Classification results with val_mammo-cbis: top1: 54.47	rocauc: 55.99	
[11/07 15:42:21 visual_prompt]: Training 7 / 100 epoch, with learning rate 0.004998633143352315
[11/07 15:49:22 visual_prompt]: Epoch 7 / 100: avg data time: 1.14e+01, avg batch time: 12.0361, average train loss: 0.8302
[11/07 15:50:09 visual_prompt]: Inference (val):avg data time: 2.67e-05, avg batch time: 0.1929, average loss: 0.7134
[11/07 15:50:09 visual_prompt]: Classification results with val_mammo-cbis: top1: 51.63	rocauc: 56.09	
[11/07 15:50:09 visual_prompt]: Best epoch 7: best metric: -0.713
[11/07 15:50:09 visual_prompt]: Training 8 / 100 epoch, with learning rate 0.004994534068046936
[11/07 15:57:15 visual_prompt]: Epoch 8 / 100: avg data time: 1.16e+01, avg batch time: 12.1654, average train loss: 0.7933
[11/07 15:58:03 visual_prompt]: Inference (val):avg data time: 3.55e-05, avg batch time: 0.1959, average loss: 0.9476
[11/07 15:58:03 visual_prompt]: Classification results with val_mammo-cbis: top1: 54.88	rocauc: 57.62	
[11/07 15:58:03 visual_prompt]: Training 9 / 100 epoch, with learning rate 0.0049877072563625285
[11/07 16:05:05 visual_prompt]: Epoch 9 / 100: avg data time: 1.14e+01, avg batch time: 12.0518, average train loss: 0.8801
[11/07 16:05:52 visual_prompt]: Inference (val):avg data time: 2.62e-05, avg batch time: 0.1956, average loss: 0.7957
[11/07 16:05:52 visual_prompt]: Classification results with val_mammo-cbis: top1: 54.88	rocauc: 59.37	
[11/07 16:05:52 visual_prompt]: Training 10 / 100 epoch, with learning rate 0.004978160173317438
[11/07 16:12:51 visual_prompt]: Epoch 10 / 100: avg data time: 1.14e+01, avg batch time: 11.9539, average train loss: 0.7332
[11/07 16:13:38 visual_prompt]: Inference (val):avg data time: 3.07e-05, avg batch time: 0.1912, average loss: 0.9599
[11/07 16:13:38 visual_prompt]: Classification results with val_mammo-cbis: top1: 45.12	rocauc: 57.88	
[11/07 16:13:38 visual_prompt]: Training 11 / 100 epoch, with learning rate 0.004965903258506806
[11/07 16:20:36 visual_prompt]: Epoch 11 / 100: avg data time: 1.13e+01, avg batch time: 11.9541, average train loss: 0.7308
[11/07 16:21:24 visual_prompt]: Inference (val):avg data time: 3.10e-05, avg batch time: 0.1981, average loss: 0.6863
[11/07 16:21:24 visual_prompt]: Classification results with val_mammo-cbis: top1: 55.69	rocauc: 57.49	
[11/07 16:21:24 visual_prompt]: Best epoch 11: best metric: -0.686
[11/07 16:21:24 visual_prompt]: Training 12 / 100 epoch, with learning rate 0.004950949914687024
[11/07 16:28:23 visual_prompt]: Epoch 12 / 100: avg data time: 1.14e+01, avg batch time: 11.9534, average train loss: 0.7546
[11/07 16:29:10 visual_prompt]: Inference (val):avg data time: 2.77e-05, avg batch time: 0.1958, average loss: 0.8950
[11/07 16:29:10 visual_prompt]: Classification results with val_mammo-cbis: top1: 45.12	rocauc: 58.32	
[11/07 16:29:10 visual_prompt]: Training 13 / 100 epoch, with learning rate 0.0049333164931200145
[11/07 16:36:09 visual_prompt]: Epoch 13 / 100: avg data time: 1.14e+01, avg batch time: 11.9587, average train loss: 0.7412
[11/07 16:37:00 visual_prompt]: Inference (val):avg data time: 2.81e-05, avg batch time: 0.1829, average loss: 0.7153
[11/07 16:37:00 visual_prompt]: Classification results with val_mammo-cbis: top1: 46.75	rocauc: 54.43	
[11/07 16:37:00 visual_prompt]: Training 14 / 100 epoch, with learning rate 0.004913022275693372
[11/07 16:44:07 visual_prompt]: Epoch 14 / 100: avg data time: 1.15e+01, avg batch time: 12.1737, average train loss: 0.7038
[11/07 16:44:54 visual_prompt]: Inference (val):avg data time: 3.31e-05, avg batch time: 0.1977, average loss: 0.6802
[11/07 16:44:54 visual_prompt]: Classification results with val_mammo-cbis: top1: 57.72	rocauc: 57.29	
[11/07 16:44:54 visual_prompt]: Best epoch 14: best metric: -0.680
[11/07 16:44:54 visual_prompt]: Training 15 / 100 epoch, with learning rate 0.0048900894538358945
[11/07 16:51:54 visual_prompt]: Epoch 15 / 100: avg data time: 1.13e+01, avg batch time: 11.9781, average train loss: 0.7309
[11/07 16:52:41 visual_prompt]: Inference (val):avg data time: 2.91e-05, avg batch time: 0.1989, average loss: 0.6958
[11/07 16:52:41 visual_prompt]: Classification results with val_mammo-cbis: top1: 55.69	rocauc: 57.02	
[11/07 16:52:41 visual_prompt]: Training 16 / 100 epoch, with learning rate 0.004864543104251586
[11/07 16:59:40 visual_prompt]: Epoch 16 / 100: avg data time: 1.13e+01, avg batch time: 11.9775, average train loss: 0.7284
[11/07 17:00:28 visual_prompt]: Inference (val):avg data time: 3.08e-05, avg batch time: 0.2436, average loss: 0.7002
[11/07 17:00:28 visual_prompt]: Classification results with val_mammo-cbis: top1: 58.13	rocauc: 56.10	
[11/07 17:00:28 visual_prompt]: Training 17 / 100 epoch, with learning rate 0.004836411161498653
[11/07 17:07:27 visual_prompt]: Epoch 17 / 100: avg data time: 1.13e+01, avg batch time: 11.9640, average train loss: 0.7242
[11/07 17:08:14 visual_prompt]: Inference (val):avg data time: 2.65e-05, avg batch time: 0.1933, average loss: 0.9191
[11/07 17:08:14 visual_prompt]: Classification results with val_mammo-cbis: top1: 45.12	rocauc: 58.68	
[11/07 17:08:14 visual_prompt]: Training 18 / 100 epoch, with learning rate 0.004805724387443462
[11/07 17:15:13 visual_prompt]: Epoch 18 / 100: avg data time: 1.13e+01, avg batch time: 11.9737, average train loss: 0.7764
[11/07 17:16:01 visual_prompt]: Inference (val):avg data time: 3.14e-05, avg batch time: 0.2010, average loss: 0.6813
[11/07 17:16:01 visual_prompt]: Classification results with val_mammo-cbis: top1: 56.50	rocauc: 58.21	
[11/07 17:16:01 visual_prompt]: Training 19 / 100 epoch, with learning rate 0.004772516337622906
[11/07 17:23:06 visual_prompt]: Epoch 19 / 100: avg data time: 1.16e+01, avg batch time: 12.1329, average train loss: 0.6973
[11/07 17:23:54 visual_prompt]: Inference (val):avg data time: 2.89e-05, avg batch time: 0.1925, average loss: 0.7781
[11/07 17:23:54 visual_prompt]: Classification results with val_mammo-cbis: top1: 45.12	rocauc: 58.34	
[11/07 17:23:54 visual_prompt]: Training 20 / 100 epoch, with learning rate 0.004736823324551909
[11/07 17:30:58 visual_prompt]: Epoch 20 / 100: avg data time: 1.15e+01, avg batch time: 12.1109, average train loss: 0.7387
[11/07 17:31:46 visual_prompt]: Inference (val):avg data time: 3.13e-05, avg batch time: 0.1941, average loss: 0.7487
[11/07 17:31:46 visual_prompt]: Classification results with val_mammo-cbis: top1: 48.37	rocauc: 57.24	
[11/07 17:31:46 visual_prompt]: Training 21 / 100 epoch, with learning rate 0.004698684378016222
[11/07 17:38:50 visual_prompt]: Epoch 21 / 100: avg data time: 1.15e+01, avg batch time: 12.1260, average train loss: 0.6933
[11/07 17:39:38 visual_prompt]: Inference (val):avg data time: 3.08e-05, avg batch time: 0.2031, average loss: 0.6942
[11/07 17:39:38 visual_prompt]: Classification results with val_mammo-cbis: top1: 54.47	rocauc: 57.48	
[11/07 17:39:38 visual_prompt]: Stopping early.
[11/07 17:39:38 visual_prompt]: Rank of current process: 0. World size: 1
[11/07 17:39:38 visual_prompt]: Environment info:
-------------------  -------------------------------------------------
Python               3.11.5 (main, Sep 11 2023, 13:54:46) [GCC 11.2.0]
ENV_MODULE           <not set>
PyTorch              2.0.1+cu118
PyTorch Debug Build  False
CUDA available       True
CUDA ID              0
GPU 0                Quadro RTX 6000
Pillow               9.3.0
cv2                  4.8.0
-------------------  -------------------------------------------------
PyTorch built with:
  - GCC 9.3
  - C++ Version: 201703
  - Intel(R) oneAPI Math Kernel Library Version 2022.2-Product Build 20220804 for Intel(R) 64 architecture applications
  - Intel(R) MKL-DNN v2.7.3 (Git Hash 6dbeffbae1f23cbbeae17adb7b5b13f1f37c080e)
  - OpenMP 201511 (a.k.a. OpenMP 4.5)
  - LAPACK is enabled (usually provided by MKL)
  - NNPACK is enabled
  - CPU capability usage: AVX2
  - CUDA Runtime 11.8
  - NVCC architecture flags: -gencode;arch=compute_37,code=sm_37;-gencode;arch=compute_50,code=sm_50;-gencode;arch=compute_60,code=sm_60;-gencode;arch=compute_70,code=sm_70;-gencode;arch=compute_75,code=sm_75;-gencode;arch=compute_80,code=sm_80;-gencode;arch=compute_86,code=sm_86;-gencode;arch=compute_90,code=sm_90
  - CuDNN 8.7
  - Magma 2.6.1
  - Build settings: BLAS_INFO=mkl, BUILD_TYPE=Release, CUDA_VERSION=11.8, CUDNN_VERSION=8.7.0, CXX_COMPILER=/opt/rh/devtoolset-9/root/usr/bin/c++, CXX_FLAGS= -D_GLIBCXX_USE_CXX11_ABI=0 -fabi-version=11 -Wno-deprecated -fvisibility-inlines-hidden -DUSE_PTHREADPOOL -DNDEBUG -DUSE_KINETO -DLIBKINETO_NOROCTRACER -DUSE_FBGEMM -DUSE_QNNPACK -DUSE_PYTORCH_QNNPACK -DUSE_XNNPACK -DSYMBOLICATE_MOBILE_DEBUG_HANDLE -O2 -fPIC -Wall -Wextra -Werror=return-type -Werror=non-virtual-dtor -Werror=bool-operation -Wnarrowing -Wno-missing-field-initializers -Wno-type-limits -Wno-array-bounds -Wno-unknown-pragmas -Wunused-local-typedefs -Wno-unused-parameter -Wno-unused-function -Wno-unused-result -Wno-strict-overflow -Wno-strict-aliasing -Wno-error=deprecated-declarations -Wno-stringop-overflow -Wno-psabi -Wno-error=pedantic -Wno-error=redundant-decls -Wno-error=old-style-cast -fdiagnostics-color=always -faligned-new -Wno-unused-but-set-variable -Wno-maybe-uninitialized -fno-math-errno -fno-trapping-math -Werror=format -Werror=cast-function-type -Wno-stringop-overflow, LAPACK_INFO=mkl, PERF_WITH_AVX=1, PERF_WITH_AVX2=1, PERF_WITH_AVX512=1, TORCH_DISABLE_GPU_ASSERTS=ON, TORCH_VERSION=2.0.1, USE_CUDA=ON, USE_CUDNN=ON, USE_EXCEPTION_PTR=1, USE_GFLAGS=OFF, USE_GLOG=OFF, USE_MKL=ON, USE_MKLDNN=ON, USE_MPI=OFF, USE_NCCL=1, USE_NNPACK=ON, USE_OPENMP=ON, USE_ROCM=OFF, 

[11/07 17:39:38 visual_prompt]: Command line arguments: Namespace(config_file='visual_prompt_tuning/configs/finetune/cub.yaml', train_type='finetune', opts=['MODEL.TYPE', 'vit', 'DATA.BATCH_SIZE', '64', 'MODEL.PROMPT.NUM_TOKENS', '50', 'MODEL.PROMPT.DEEP', 'True', 'MODEL.PROMPT.DROPOUT', '0.1', 'DATA.FEATURE', 'sup_vitb16_imagenet21k', 'DATA.NAME', 'mammo-cbis', 'DATA.NUMBER_CLASSES', '2', 'DATA.IMGSIZE', '200', 'DATA.CROP', 'False', 'MODEL.MODEL_ROOT', 'visual_prompt_tuning/model_root', 'DATA.DATAPATH', 'visual_prompt_tuning/data_path', 'OUTPUT_DIR', 'visual_prompt_tuning/output_dir', 'SOLVER.PATIENCE', '7', 'SOLVER.CRITERION', 'loss'])
[11/07 17:39:38 visual_prompt]: Contents of args.config_file=visual_prompt_tuning/configs/finetune/cub.yaml:
_BASE_: "../base-finetune.yaml"
RUN_N_TIMES: 1
DATA:
  NAME: "CUB"
  DATAPATH: ""  #TODO: need to specify here
  NUMBER_CLASSES: 200
  MULTILABEL: False
  FEATURE: "imagenet_supervised"  # need to tune
MODEL:
  TYPE: "vit"
SOLVER:
  BASE_LR: 0.00375
  WEIGHT_DECAY: 0.01

[11/07 17:39:38 visual_prompt]: Training with config:
[11/07 17:39:38 visual_prompt]: CfgNode({'DBG': False, 'OUTPUT_DIR': 'visual_prompt_tuning/output_dir/mammo-cbis/sup_vitb16_imagenet21k/end2end/size200/val/seed0/lr0.005_wd0.001/patience7/run1', 'RUN_N_TIMES': 1, 'CUDNN_BENCHMARK': False, 'NUM_GPUS': 1, 'NUM_SHARDS': 1, 'SEED': 0, 'MODEL': CfgNode({'TRANSFER_TYPE': 'end2end', 'WEIGHT_PATH': '', 'SAVE_CKPT': False, 'MODEL_ROOT': 'visual_prompt_tuning/model_root', 'TYPE': 'vit', 'MLP_NUM': 0, 'LINEAR': CfgNode({'MLP_SIZES': [], 'DROPOUT': 0.1}), 'PROMPT': CfgNode({'NUM_TOKENS': 50, 'LOCATION': 'prepend', 'INITIATION': 'random', 'CLSEMB_FOLDER': '', 'CLSEMB_PATH': '', 'PROJECT': -1, 'DEEP': True, 'NUM_DEEP_LAYERS': None, 'REVERSE_DEEP': False, 'DEEP_SHARED': False, 'FORWARD_DEEP_NOEXPAND': False, 'VIT_POOL_TYPE': 'original', 'DROPOUT': 0.1, 'SAVE_FOR_EACH_EPOCH': False}), 'ADAPTER': CfgNode({'REDUCATION_FACTOR': 8, 'STYLE': 'Pfeiffer'})}), 'SOLVER': CfgNode({'LOSS': 'softmax', 'LOSS_ALPHA': 0.01, 'OPTIMIZER': 'adamw', 'MOMENTUM': 0.9, 'WEIGHT_DECAY': 0.001, 'WEIGHT_DECAY_BIAS': 0, 'PATIENCE': 7, 'CRITERION': 'loss', 'SCHEDULER': 'cosine', 'BASE_LR': 0.005, 'BIAS_MULTIPLIER': 1.0, 'WARMUP_EPOCH': 5, 'TOTAL_EPOCH': 100, 'LOG_EVERY_N': 100, 'DBG_TRAINABLE': False}), 'DATA': CfgNode({'NAME': 'mammo-cbis', 'DATAPATH': 'visual_prompt_tuning/data_path', 'FEATURE': 'sup_vitb16_imagenet21k', 'PERCENTAGE': 1.0, 'NUMBER_CLASSES': 2, 'MULTILABEL': False, 'CLASS_WEIGHTS_TYPE': 'none', 'IMGSIZE': 200, 'CROP': False, 'NO_TEST': False, 'BATCH_SIZE': 64, 'NUM_WORKERS': 8, 'PIN_MEMORY': True})})
[11/07 17:39:38 visual_prompt]: Loading training data...
[11/07 17:39:38 visual_prompt]: Constructing mammo-cbis dataset train...
[11/07 17:39:39 visual_prompt]: Loading validation data...
[11/07 17:39:39 visual_prompt]: Constructing mammo-cbis dataset val...
[11/07 17:39:39 visual_prompt]: Constructing models...
[INFO: vit.py:  342]: load_pretrained: resized variant: torch.Size([1, 197, 768]) to torch.Size([1, 145, 768])
load_pretrained: grid-size from 14 to 12
[11/07 17:39:45 visual_prompt]: Enable all parameters update during training
[11/07 17:39:45 visual_prompt]: Total Parameters: 85760258	 Gradient Parameters: 85760258
[11/07 17:39:45 visual_prompt]: tuned percent:100.000
[11/07 17:39:45 visual_prompt]: Device used for model: 0
[11/07 17:39:45 visual_prompt]: Setting up Evaluator...
[11/07 17:39:45 visual_prompt]: Setting up Trainer...
[11/07 17:39:45 visual_prompt]: 	Setting up the optimizer...
[11/07 17:39:45 visual_prompt]: Training 1 / 100 epoch, with learning rate 0.0
[11/07 17:46:38 visual_prompt]: Epoch 1 / 100: avg data time: 1.12e+01, avg batch time: 11.7943, average train loss: 6.9791
[11/07 17:47:25 visual_prompt]: Inference (val):avg data time: 2.65e-05, avg batch time: 0.2007, average loss: 6.3857
[11/07 17:47:25 visual_prompt]: Classification results with val_mammo-cbis: top1: 45.12	rocauc: 47.22	
[11/07 17:47:25 visual_prompt]: Training 2 / 100 epoch, with learning rate 0.001
[11/07 17:54:17 visual_prompt]: Epoch 2 / 100: avg data time: 1.12e+01, avg batch time: 11.7743, average train loss: 3.9256
[11/07 17:55:05 visual_prompt]: Inference (val):avg data time: 2.70e-05, avg batch time: 0.1784, average loss: 1.0828
[11/07 17:55:05 visual_prompt]: Classification results with val_mammo-cbis: top1: 45.12	rocauc: 56.42	
[11/07 17:55:05 visual_prompt]: Training 3 / 100 epoch, with learning rate 0.002
[11/07 18:01:58 visual_prompt]: Epoch 3 / 100: avg data time: 1.12e+01, avg batch time: 11.7954, average train loss: 0.9834
[11/07 18:02:45 visual_prompt]: Inference (val):avg data time: 3.06e-05, avg batch time: 0.1999, average loss: 0.7383
[11/07 18:02:45 visual_prompt]: Classification results with val_mammo-cbis: top1: 55.28	rocauc: 56.75	
[11/07 18:02:45 visual_prompt]: Training 4 / 100 epoch, with learning rate 0.003
[11/07 18:09:36 visual_prompt]: Epoch 4 / 100: avg data time: 1.12e+01, avg batch time: 11.7600, average train loss: 0.8579
[11/07 18:10:24 visual_prompt]: Inference (val):avg data time: 2.53e-05, avg batch time: 0.1855, average loss: 0.6852
[11/07 18:10:24 visual_prompt]: Classification results with val_mammo-cbis: top1: 55.69	rocauc: 56.68	
[11/07 18:10:24 visual_prompt]: Training 5 / 100 epoch, with learning rate 0.004
[11/07 18:17:17 visual_prompt]: Epoch 5 / 100: avg data time: 1.12e+01, avg batch time: 11.8002, average train loss: 0.7967
[11/07 18:18:04 visual_prompt]: Inference (val):avg data time: 3.19e-05, avg batch time: 0.2022, average loss: 0.9260
[11/07 18:18:04 visual_prompt]: Classification results with val_mammo-cbis: top1: 45.12	rocauc: 57.99	
[11/07 18:18:04 visual_prompt]: Training 6 / 100 epoch, with learning rate 0.005
[11/07 18:24:56 visual_prompt]: Epoch 6 / 100: avg data time: 1.11e+01, avg batch time: 11.7612, average train loss: 0.7849
[11/07 18:25:43 visual_prompt]: Inference (val):avg data time: 3.13e-05, avg batch time: 0.1938, average loss: 0.8692
[11/07 18:25:43 visual_prompt]: Classification results with val_mammo-cbis: top1: 54.47	rocauc: 55.99	
[11/07 18:25:43 visual_prompt]: Training 7 / 100 epoch, with learning rate 0.004998633143352315
[11/07 18:32:39 visual_prompt]: Epoch 7 / 100: avg data time: 1.12e+01, avg batch time: 11.8614, average train loss: 0.8302
[11/07 18:33:26 visual_prompt]: Inference (val):avg data time: 3.46e-05, avg batch time: 0.3191, average loss: 0.7134
[11/07 18:33:26 visual_prompt]: Classification results with val_mammo-cbis: top1: 51.63	rocauc: 56.09	
[11/07 18:33:26 visual_prompt]: Best epoch 7: best metric: -0.713
[11/07 18:33:26 visual_prompt]: Training 8 / 100 epoch, with learning rate 0.004994534068046936
[11/07 18:40:18 visual_prompt]: Epoch 8 / 100: avg data time: 1.10e+01, avg batch time: 11.7664, average train loss: 0.7933
[11/07 18:41:05 visual_prompt]: Inference (val):avg data time: 3.01e-05, avg batch time: 0.1959, average loss: 0.9476
[11/07 18:41:05 visual_prompt]: Classification results with val_mammo-cbis: top1: 54.88	rocauc: 57.62	
[11/07 18:41:05 visual_prompt]: Training 9 / 100 epoch, with learning rate 0.0049877072563625285
[11/07 18:47:56 visual_prompt]: Epoch 9 / 100: avg data time: 1.10e+01, avg batch time: 11.7263, average train loss: 0.8801
[11/07 18:48:43 visual_prompt]: Inference (val):avg data time: 2.69e-05, avg batch time: 0.3491, average loss: 0.7957
[11/07 18:48:43 visual_prompt]: Classification results with val_mammo-cbis: top1: 54.88	rocauc: 59.37	
[11/07 18:48:43 visual_prompt]: Training 10 / 100 epoch, with learning rate 0.004978160173317438
[11/07 18:55:34 visual_prompt]: Epoch 10 / 100: avg data time: 1.11e+01, avg batch time: 11.7323, average train loss: 0.7332
[11/07 18:56:20 visual_prompt]: Inference (val):avg data time: 2.87e-05, avg batch time: 0.1926, average loss: 0.9599
[11/07 18:56:20 visual_prompt]: Classification results with val_mammo-cbis: top1: 45.12	rocauc: 57.88	
[11/07 18:56:20 visual_prompt]: Training 11 / 100 epoch, with learning rate 0.004965903258506806
[11/07 19:03:11 visual_prompt]: Epoch 11 / 100: avg data time: 1.10e+01, avg batch time: 11.7304, average train loss: 0.7308
[11/07 19:03:58 visual_prompt]: Inference (val):avg data time: 3.11e-05, avg batch time: 0.1924, average loss: 0.6863
[11/07 19:03:58 visual_prompt]: Classification results with val_mammo-cbis: top1: 55.69	rocauc: 57.49	
[11/07 19:03:58 visual_prompt]: Best epoch 11: best metric: -0.686
[11/07 19:03:58 visual_prompt]: Training 12 / 100 epoch, with learning rate 0.004950949914687024
[11/07 19:10:48 visual_prompt]: Epoch 12 / 100: avg data time: 1.10e+01, avg batch time: 11.7245, average train loss: 0.7546
[11/07 19:11:35 visual_prompt]: Inference (val):avg data time: 2.86e-05, avg batch time: 0.2384, average loss: 0.8950
[11/07 19:11:35 visual_prompt]: Classification results with val_mammo-cbis: top1: 45.12	rocauc: 58.32	
[11/07 19:11:35 visual_prompt]: Training 13 / 100 epoch, with learning rate 0.0049333164931200145
[11/07 19:18:26 visual_prompt]: Epoch 13 / 100: avg data time: 1.10e+01, avg batch time: 11.7387, average train loss: 0.7412
[11/07 19:19:13 visual_prompt]: Inference (val):avg data time: 3.68e-05, avg batch time: 0.2515, average loss: 0.7153
[11/07 19:19:13 visual_prompt]: Classification results with val_mammo-cbis: top1: 46.75	rocauc: 54.43	
[11/07 19:19:13 visual_prompt]: Training 14 / 100 epoch, with learning rate 0.004913022275693372
[11/07 19:26:04 visual_prompt]: Epoch 14 / 100: avg data time: 1.10e+01, avg batch time: 11.7378, average train loss: 0.7038
[11/07 19:26:50 visual_prompt]: Inference (val):avg data time: 3.05e-05, avg batch time: 0.1984, average loss: 0.6802
[11/07 19:26:50 visual_prompt]: Classification results with val_mammo-cbis: top1: 57.72	rocauc: 57.29	
[11/07 19:26:50 visual_prompt]: Best epoch 14: best metric: -0.680
[11/07 19:26:50 visual_prompt]: Training 15 / 100 epoch, with learning rate 0.0048900894538358945
[11/07 19:33:42 visual_prompt]: Epoch 15 / 100: avg data time: 1.11e+01, avg batch time: 11.7556, average train loss: 0.7309
[11/07 19:34:29 visual_prompt]: Inference (val):avg data time: 2.71e-05, avg batch time: 0.2289, average loss: 0.6958
[11/07 19:34:29 visual_prompt]: Classification results with val_mammo-cbis: top1: 55.69	rocauc: 57.02	
[11/07 19:34:29 visual_prompt]: Training 16 / 100 epoch, with learning rate 0.004864543104251586
[11/07 19:41:19 visual_prompt]: Epoch 16 / 100: avg data time: 1.11e+01, avg batch time: 11.7213, average train loss: 0.7284
[11/07 19:42:06 visual_prompt]: Inference (val):avg data time: 2.94e-05, avg batch time: 0.1927, average loss: 0.7002
[11/07 19:42:06 visual_prompt]: Classification results with val_mammo-cbis: top1: 58.13	rocauc: 56.10	
[11/07 19:42:06 visual_prompt]: Training 17 / 100 epoch, with learning rate 0.004836411161498653
[11/07 19:48:57 visual_prompt]: Epoch 17 / 100: avg data time: 1.09e+01, avg batch time: 11.7394, average train loss: 0.7242
[11/07 19:49:44 visual_prompt]: Inference (val):avg data time: 3.12e-05, avg batch time: 0.1871, average loss: 0.9191
[11/07 19:49:44 visual_prompt]: Classification results with val_mammo-cbis: top1: 45.12	rocauc: 58.68	
[11/07 19:49:44 visual_prompt]: Training 18 / 100 epoch, with learning rate 0.004805724387443462
[11/07 19:56:34 visual_prompt]: Epoch 18 / 100: avg data time: 1.11e+01, avg batch time: 11.7135, average train loss: 0.7764
[11/07 19:57:21 visual_prompt]: Inference (val):avg data time: 2.60e-05, avg batch time: 0.3504, average loss: 0.6813
[11/07 19:57:21 visual_prompt]: Classification results with val_mammo-cbis: top1: 56.50	rocauc: 58.21	
[11/07 19:57:21 visual_prompt]: Training 19 / 100 epoch, with learning rate 0.004772516337622906
[11/07 20:04:13 visual_prompt]: Epoch 19 / 100: avg data time: 1.11e+01, avg batch time: 11.7625, average train loss: 0.6973
[11/07 20:05:00 visual_prompt]: Inference (val):avg data time: 2.55e-05, avg batch time: 0.1884, average loss: 0.7781
[11/07 20:05:00 visual_prompt]: Classification results with val_mammo-cbis: top1: 45.12	rocauc: 58.34	
[11/07 20:05:00 visual_prompt]: Training 20 / 100 epoch, with learning rate 0.004736823324551909
[11/07 20:11:54 visual_prompt]: Epoch 20 / 100: avg data time: 1.10e+01, avg batch time: 11.8195, average train loss: 0.7387
[11/07 20:12:41 visual_prompt]: Inference (val):avg data time: 2.88e-05, avg batch time: 0.1880, average loss: 0.7487
[11/07 20:12:41 visual_prompt]: Classification results with val_mammo-cbis: top1: 48.37	rocauc: 57.24	
[11/07 20:12:41 visual_prompt]: Training 21 / 100 epoch, with learning rate 0.004698684378016222
[11/07 20:19:32 visual_prompt]: Epoch 21 / 100: avg data time: 1.11e+01, avg batch time: 11.7457, average train loss: 0.6933
[11/07 20:20:19 visual_prompt]: Inference (val):avg data time: 3.30e-05, avg batch time: 0.1961, average loss: 0.6942
[11/07 20:20:19 visual_prompt]: Classification results with val_mammo-cbis: top1: 54.47	rocauc: 57.48	
[11/07 20:20:19 visual_prompt]: Stopping early.
[11/07 20:20:19 visual_prompt]: Rank of current process: 0. World size: 1
[11/07 20:20:19 visual_prompt]: Environment info:
-------------------  -------------------------------------------------
Python               3.11.5 (main, Sep 11 2023, 13:54:46) [GCC 11.2.0]
ENV_MODULE           <not set>
PyTorch              2.0.1+cu118
PyTorch Debug Build  False
CUDA available       True
CUDA ID              0
GPU 0                Quadro RTX 6000
Pillow               9.3.0
cv2                  4.8.0
-------------------  -------------------------------------------------
PyTorch built with:
  - GCC 9.3
  - C++ Version: 201703
  - Intel(R) oneAPI Math Kernel Library Version 2022.2-Product Build 20220804 for Intel(R) 64 architecture applications
  - Intel(R) MKL-DNN v2.7.3 (Git Hash 6dbeffbae1f23cbbeae17adb7b5b13f1f37c080e)
  - OpenMP 201511 (a.k.a. OpenMP 4.5)
  - LAPACK is enabled (usually provided by MKL)
  - NNPACK is enabled
  - CPU capability usage: AVX2
  - CUDA Runtime 11.8
  - NVCC architecture flags: -gencode;arch=compute_37,code=sm_37;-gencode;arch=compute_50,code=sm_50;-gencode;arch=compute_60,code=sm_60;-gencode;arch=compute_70,code=sm_70;-gencode;arch=compute_75,code=sm_75;-gencode;arch=compute_80,code=sm_80;-gencode;arch=compute_86,code=sm_86;-gencode;arch=compute_90,code=sm_90
  - CuDNN 8.7
  - Magma 2.6.1
  - Build settings: BLAS_INFO=mkl, BUILD_TYPE=Release, CUDA_VERSION=11.8, CUDNN_VERSION=8.7.0, CXX_COMPILER=/opt/rh/devtoolset-9/root/usr/bin/c++, CXX_FLAGS= -D_GLIBCXX_USE_CXX11_ABI=0 -fabi-version=11 -Wno-deprecated -fvisibility-inlines-hidden -DUSE_PTHREADPOOL -DNDEBUG -DUSE_KINETO -DLIBKINETO_NOROCTRACER -DUSE_FBGEMM -DUSE_QNNPACK -DUSE_PYTORCH_QNNPACK -DUSE_XNNPACK -DSYMBOLICATE_MOBILE_DEBUG_HANDLE -O2 -fPIC -Wall -Wextra -Werror=return-type -Werror=non-virtual-dtor -Werror=bool-operation -Wnarrowing -Wno-missing-field-initializers -Wno-type-limits -Wno-array-bounds -Wno-unknown-pragmas -Wunused-local-typedefs -Wno-unused-parameter -Wno-unused-function -Wno-unused-result -Wno-strict-overflow -Wno-strict-aliasing -Wno-error=deprecated-declarations -Wno-stringop-overflow -Wno-psabi -Wno-error=pedantic -Wno-error=redundant-decls -Wno-error=old-style-cast -fdiagnostics-color=always -faligned-new -Wno-unused-but-set-variable -Wno-maybe-uninitialized -fno-math-errno -fno-trapping-math -Werror=format -Werror=cast-function-type -Wno-stringop-overflow, LAPACK_INFO=mkl, PERF_WITH_AVX=1, PERF_WITH_AVX2=1, PERF_WITH_AVX512=1, TORCH_DISABLE_GPU_ASSERTS=ON, TORCH_VERSION=2.0.1, USE_CUDA=ON, USE_CUDNN=ON, USE_EXCEPTION_PTR=1, USE_GFLAGS=OFF, USE_GLOG=OFF, USE_MKL=ON, USE_MKLDNN=ON, USE_MPI=OFF, USE_NCCL=1, USE_NNPACK=ON, USE_OPENMP=ON, USE_ROCM=OFF, 

[11/07 20:20:19 visual_prompt]: Command line arguments: Namespace(config_file='visual_prompt_tuning/configs/finetune/cub.yaml', train_type='finetune', opts=['MODEL.TYPE', 'vit', 'DATA.BATCH_SIZE', '64', 'MODEL.PROMPT.NUM_TOKENS', '50', 'MODEL.PROMPT.DEEP', 'True', 'MODEL.PROMPT.DROPOUT', '0.1', 'DATA.FEATURE', 'sup_vitb16_imagenet21k', 'DATA.NAME', 'mammo-cbis', 'DATA.NUMBER_CLASSES', '2', 'DATA.IMGSIZE', '200', 'DATA.CROP', 'False', 'MODEL.MODEL_ROOT', 'visual_prompt_tuning/model_root', 'DATA.DATAPATH', 'visual_prompt_tuning/data_path', 'OUTPUT_DIR', 'visual_prompt_tuning/output_dir', 'SOLVER.PATIENCE', '7', 'SOLVER.CRITERION', 'loss'])
[11/07 20:20:19 visual_prompt]: Contents of args.config_file=visual_prompt_tuning/configs/finetune/cub.yaml:
_BASE_: "../base-finetune.yaml"
RUN_N_TIMES: 1
DATA:
  NAME: "CUB"
  DATAPATH: ""  #TODO: need to specify here
  NUMBER_CLASSES: 200
  MULTILABEL: False
  FEATURE: "imagenet_supervised"  # need to tune
MODEL:
  TYPE: "vit"
SOLVER:
  BASE_LR: 0.00375
  WEIGHT_DECAY: 0.01

[11/07 20:20:19 visual_prompt]: Training with config:
[11/07 20:20:19 visual_prompt]: CfgNode({'DBG': False, 'OUTPUT_DIR': 'visual_prompt_tuning/output_dir/mammo-cbis/sup_vitb16_imagenet21k/end2end/size200/val/seed0/lr0.005_wd0.0001/patience7/run1', 'RUN_N_TIMES': 1, 'CUDNN_BENCHMARK': False, 'NUM_GPUS': 1, 'NUM_SHARDS': 1, 'SEED': 0, 'MODEL': CfgNode({'TRANSFER_TYPE': 'end2end', 'WEIGHT_PATH': '', 'SAVE_CKPT': False, 'MODEL_ROOT': 'visual_prompt_tuning/model_root', 'TYPE': 'vit', 'MLP_NUM': 0, 'LINEAR': CfgNode({'MLP_SIZES': [], 'DROPOUT': 0.1}), 'PROMPT': CfgNode({'NUM_TOKENS': 50, 'LOCATION': 'prepend', 'INITIATION': 'random', 'CLSEMB_FOLDER': '', 'CLSEMB_PATH': '', 'PROJECT': -1, 'DEEP': True, 'NUM_DEEP_LAYERS': None, 'REVERSE_DEEP': False, 'DEEP_SHARED': False, 'FORWARD_DEEP_NOEXPAND': False, 'VIT_POOL_TYPE': 'original', 'DROPOUT': 0.1, 'SAVE_FOR_EACH_EPOCH': False}), 'ADAPTER': CfgNode({'REDUCATION_FACTOR': 8, 'STYLE': 'Pfeiffer'})}), 'SOLVER': CfgNode({'LOSS': 'softmax', 'LOSS_ALPHA': 0.01, 'OPTIMIZER': 'adamw', 'MOMENTUM': 0.9, 'WEIGHT_DECAY': 0.0001, 'WEIGHT_DECAY_BIAS': 0, 'PATIENCE': 7, 'CRITERION': 'loss', 'SCHEDULER': 'cosine', 'BASE_LR': 0.005, 'BIAS_MULTIPLIER': 1.0, 'WARMUP_EPOCH': 5, 'TOTAL_EPOCH': 100, 'LOG_EVERY_N': 100, 'DBG_TRAINABLE': False}), 'DATA': CfgNode({'NAME': 'mammo-cbis', 'DATAPATH': 'visual_prompt_tuning/data_path', 'FEATURE': 'sup_vitb16_imagenet21k', 'PERCENTAGE': 1.0, 'NUMBER_CLASSES': 2, 'MULTILABEL': False, 'CLASS_WEIGHTS_TYPE': 'none', 'IMGSIZE': 200, 'CROP': False, 'NO_TEST': False, 'BATCH_SIZE': 64, 'NUM_WORKERS': 8, 'PIN_MEMORY': True})})
[11/07 20:20:19 visual_prompt]: Loading training data...
[11/07 20:20:19 visual_prompt]: Constructing mammo-cbis dataset train...
[11/07 20:20:19 visual_prompt]: Loading validation data...
[11/07 20:20:19 visual_prompt]: Constructing mammo-cbis dataset val...
[11/07 20:20:19 visual_prompt]: Constructing models...
[INFO: vit.py:  342]: load_pretrained: resized variant: torch.Size([1, 197, 768]) to torch.Size([1, 145, 768])
load_pretrained: grid-size from 14 to 12
[11/07 20:20:21 visual_prompt]: Enable all parameters update during training
[11/07 20:20:21 visual_prompt]: Total Parameters: 85760258	 Gradient Parameters: 85760258
[11/07 20:20:21 visual_prompt]: tuned percent:100.000
[11/07 20:20:21 visual_prompt]: Device used for model: 0
[11/07 20:20:21 visual_prompt]: Setting up Evaluator...
[11/07 20:20:21 visual_prompt]: Setting up Trainer...
[11/07 20:20:21 visual_prompt]: 	Setting up the optimizer...
[11/07 20:20:21 visual_prompt]: Training 1 / 100 epoch, with learning rate 0.0
[11/07 20:27:13 visual_prompt]: Epoch 1 / 100: avg data time: 1.10e+01, avg batch time: 11.7537, average train loss: 6.9791
[11/07 20:28:00 visual_prompt]: Inference (val):avg data time: 2.91e-05, avg batch time: 0.1986, average loss: 6.3857
[11/07 20:28:00 visual_prompt]: Classification results with val_mammo-cbis: top1: 45.12	rocauc: 47.22	
[11/07 20:28:00 visual_prompt]: Training 2 / 100 epoch, with learning rate 0.001
Traceback (most recent call last):
  File "/home/s1952889/final-project/implementation/visual_prompt_tuning/tune_cbis.py", line 99, in <module>
    main(args)
  File "/home/s1952889/final-project/implementation/visual_prompt_tuning/tune_cbis.py", line 83, in main
    explore_lrwd_range(args)
  File "/home/s1952889/final-project/implementation/visual_prompt_tuning/tune_cbis.py", line 79, in explore_lrwd_range
    train(cfg, args, test=False)
  File "/home/s1952889/final-project/implementation/visual_prompt_tuning/tune_cbis.py", line 44, in train
    trainer.train_classifier(train_loader, val_loader, test_loader)
  File "/home/s1952889/final-project/implementation/visual_prompt_tuning/src/engine/trainer.py", line 187, in train_classifier
    train_loss, _ = self.forward_one_batch(X, targets, True)
                    ^^^^^^^^^^^^^^^^^^^^^^^^^^^^^^^^^^^^^^^^
  File "/home/s1952889/final-project/implementation/visual_prompt_tuning/src/engine/trainer.py", line 88, in forward_one_batch
    outputs = self.model(inputs)  # (batchsize, num_cls)
              ^^^^^^^^^^^^^^^^^^
  File "/home/s1952889/miniconda3/envs/prompt/lib/python3.11/site-packages/torch/nn/modules/module.py", line 1501, in _call_impl
    return forward_call(*args, **kwargs)
           ^^^^^^^^^^^^^^^^^^^^^^^^^^^^^
  File "/home/s1952889/final-project/implementation/visual_prompt_tuning/src/models/vit_models.py", line 175, in forward
    x = self.enc(x)  # batch_size x self.feat_dim
        ^^^^^^^^^^^
  File "/home/s1952889/miniconda3/envs/prompt/lib/python3.11/site-packages/torch/nn/modules/module.py", line 1501, in _call_impl
    return forward_call(*args, **kwargs)
           ^^^^^^^^^^^^^^^^^^^^^^^^^^^^^
  File "/home/s1952889/final-project/implementation/visual_prompt_tuning/src/models/vit_backbones/vit.py", line 318, in forward
    x, attn_weights = self.transformer(x)
                      ^^^^^^^^^^^^^^^^^^^
  File "/home/s1952889/miniconda3/envs/prompt/lib/python3.11/site-packages/torch/nn/modules/module.py", line 1501, in _call_impl
    return forward_call(*args, **kwargs)
           ^^^^^^^^^^^^^^^^^^^^^^^^^^^^^
  File "/home/s1952889/final-project/implementation/visual_prompt_tuning/src/models/vit_backbones/vit.py", line 294, in forward
    encoded, attn_weights = self.encoder(embedding_output)
                            ^^^^^^^^^^^^^^^^^^^^^^^^^^^^^^
  File "/home/s1952889/miniconda3/envs/prompt/lib/python3.11/site-packages/torch/nn/modules/module.py", line 1501, in _call_impl
    return forward_call(*args, **kwargs)
           ^^^^^^^^^^^^^^^^^^^^^^^^^^^^^
  File "/home/s1952889/final-project/implementation/visual_prompt_tuning/src/models/vit_backbones/vit.py", line 259, in forward
    hidden_states, weights = layer_block(hidden_states)
                             ^^^^^^^^^^^^^^^^^^^^^^^^^^
  File "/home/s1952889/miniconda3/envs/prompt/lib/python3.11/site-packages/torch/nn/modules/module.py", line 1501, in _call_impl
    return forward_call(*args, **kwargs)
           ^^^^^^^^^^^^^^^^^^^^^^^^^^^^^
  File "/home/s1952889/final-project/implementation/visual_prompt_tuning/src/models/vit_backbones/vit.py", line 204, in forward
    x = self.ffn(x)
        ^^^^^^^^^^^
  File "/home/s1952889/miniconda3/envs/prompt/lib/python3.11/site-packages/torch/nn/modules/module.py", line 1501, in _call_impl
    return forward_call(*args, **kwargs)
           ^^^^^^^^^^^^^^^^^^^^^^^^^^^^^
  File "/home/s1952889/final-project/implementation/visual_prompt_tuning/src/models/vit_backbones/vit.py", line 134, in forward
    x = self.dropout(x)
        ^^^^^^^^^^^^^^^
  File "/home/s1952889/miniconda3/envs/prompt/lib/python3.11/site-packages/torch/nn/modules/module.py", line 1501, in _call_impl
    return forward_call(*args, **kwargs)
           ^^^^^^^^^^^^^^^^^^^^^^^^^^^^^
  File "/home/s1952889/miniconda3/envs/prompt/lib/python3.11/site-packages/torch/nn/modules/dropout.py", line 59, in forward
    return F.dropout(input, self.p, self.training, self.inplace)
           ^^^^^^^^^^^^^^^^^^^^^^^^^^^^^^^^^^^^^^^^^^^^^^^^^^^^^
  File "/home/s1952889/miniconda3/envs/prompt/lib/python3.11/site-packages/torch/nn/functional.py", line 1252, in dropout
    return _VF.dropout_(input, p, training) if inplace else _VF.dropout(input, p, training)
                                                            ^^^^^^^^^^^^^^^^^^^^^^^^^^^^^^^
torch.cuda.OutOfMemoryError: CUDA out of memory. Tried to allocate 110.00 MiB (GPU 0; 22.16 GiB total capacity; 9.69 GiB already allocated; 4.12 MiB free; 10.83 GiB reserved in total by PyTorch) If reserved memory is >> allocated memory try setting max_split_size_mb to avoid fragmentation.  See documentation for Memory Management and PYTORCH_CUDA_ALLOC_CONF
/bin/bash: /home/s1952889/miniconda3/envs/prompt/lib/libtinfo.so.6: no version information available (required by /bin/bash)
