[09/15 12:24:46 visual_prompt]: Rank of current process: 0. World size: 1
[09/15 12:24:46 visual_prompt]: Environment info:
-------------------  ----------------------------------------------------
Python               3.7.16 (default, Jan 17 2023, 22:20:44) [GCC 11.2.0]
ENV_MODULE           <not set>
PyTorch              1.7.1
PyTorch Debug Build  False
CUDA available       True
CUDA ID              2
GPU 0                NVIDIA GeForce RTX 2080
Pillow               9.3.0
cv2                  4.8.0
-------------------  ----------------------------------------------------
PyTorch built with:
  - GCC 7.3
  - C++ Version: 201402
  - Intel(R) oneAPI Math Kernel Library Version 2021.4-Product Build 20210904 for Intel(R) 64 architecture applications
  - Intel(R) MKL-DNN v1.6.0 (Git Hash 5ef631a030a6f73131c77892041042805a06064f)
  - OpenMP 201511 (a.k.a. OpenMP 4.5)
  - NNPACK is enabled
  - CPU capability usage: AVX2
  - CUDA Runtime 11.0
  - NVCC architecture flags: -gencode;arch=compute_37,code=sm_37;-gencode;arch=compute_50,code=sm_50;-gencode;arch=compute_60,code=sm_60;-gencode;arch=compute_61,code=sm_61;-gencode;arch=compute_70,code=sm_70;-gencode;arch=compute_75,code=sm_75;-gencode;arch=compute_80,code=sm_80;-gencode;arch=compute_37,code=compute_37
  - CuDNN 8.0.5
  - Magma 2.5.2
  - Build settings: BLAS=MKL, BUILD_TYPE=Release, CXX_FLAGS= -Wno-deprecated -fvisibility-inlines-hidden -DUSE_PTHREADPOOL -fopenmp -DNDEBUG -DUSE_FBGEMM -DUSE_QNNPACK -DUSE_PYTORCH_QNNPACK -DUSE_XNNPACK -DUSE_VULKAN_WRAPPER -O2 -fPIC -Wno-narrowing -Wall -Wextra -Werror=return-type -Wno-missing-field-initializers -Wno-type-limits -Wno-array-bounds -Wno-unknown-pragmas -Wno-sign-compare -Wno-unused-parameter -Wno-unused-variable -Wno-unused-function -Wno-unused-result -Wno-unused-local-typedefs -Wno-strict-overflow -Wno-strict-aliasing -Wno-error=deprecated-declarations -Wno-stringop-overflow -Wno-psabi -Wno-error=pedantic -Wno-error=redundant-decls -Wno-error=old-style-cast -fdiagnostics-color=always -faligned-new -Wno-unused-but-set-variable -Wno-maybe-uninitialized -fno-math-errno -fno-trapping-math -Werror=format -Wno-stringop-overflow, PERF_WITH_AVX=1, PERF_WITH_AVX2=1, PERF_WITH_AVX512=1, USE_CUDA=ON, USE_EXCEPTION_PTR=1, USE_GFLAGS=OFF, USE_GLOG=OFF, USE_MKL=ON, USE_MKLDNN=ON, USE_MPI=OFF, USE_NCCL=ON, USE_NNPACK=ON, USE_OPENMP=ON, 

[09/15 12:24:46 visual_prompt]: Command line arguments: Namespace(config_file='visual_prompt_tuning/configs/prompt/cub.yaml', opts=['MODEL.TYPE', 'vit', 'DATA.BATCH_SIZE', '64', 'MODEL.PROMPT.NUM_TOKENS', '100', 'MODEL.PROMPT.DEEP', 'True', 'MODEL.PROMPT.DROPOUT', '0.1', 'DATA.FEATURE', 'sup_vitb16_imagenet21k', 'DATA.NAME', 'vtab-dmlab', 'DATA.NUMBER_CLASSES', '6', 'SOLVER.BASE_LR', '5.0', 'SOLVER.WEIGHT_DECAY', '0.0001', 'MODEL.MODEL_ROOT', 'visual_prompt_tuning/model_root', 'DATA.DATAPATH', 'visual_prompt_tuning/data_path', 'OUTPUT_DIR', 'visual_prompt_tuning/output_dir/seed42'], train_type='')
[09/15 12:24:46 visual_prompt]: Contents of args.config_file=visual_prompt_tuning/configs/prompt/cub.yaml:
_BASE_: "../base-prompt.yaml"
RUN_N_TIMES: 1
DATA:
  NAME: "CUB"
  DATAPATH: ""  #TODO: need to specify here
  NUMBER_CLASSES: 200
  MULTILABEL: False
MODEL:
  TYPE: "vit"
SOLVER:
  BASE_LR: 0.1
  WEIGHT_DECAY: 0.01
[09/15 12:24:46 visual_prompt]: Training with config:
[09/15 12:24:46 visual_prompt]: {'CUDNN_BENCHMARK': False,
 'DATA': {'BATCH_SIZE': 64,
          'CLASS_WEIGHTS_TYPE': 'none',
          'CROPSIZE': 224,
          'DATAPATH': 'visual_prompt_tuning/data_path',
          'FEATURE': 'sup_vitb16_imagenet21k',
          'MULTILABEL': False,
          'NAME': 'vtab-dmlab',
          'NO_TEST': False,
          'NUMBER_CLASSES': 6,
          'NUM_WORKERS': 4,
          'PERCENTAGE': 1.0,
          'PIN_MEMORY': True},
 'DBG': False,
 'MODEL': {'ADAPTER': CfgNode({'REDUCATION_FACTOR': 8, 'STYLE': 'Pfeiffer'}),
           'LINEAR': CfgNode({'MLP_SIZES': [], 'DROPOUT': 0.1}),
           'MLP_NUM': 0,
           'MODEL_ROOT': 'visual_prompt_tuning/model_root',
           'PROMPT': {'CLSEMB_FOLDER': '',
                      'CLSEMB_PATH': '',
                      'DEEP': True,
                      'DEEP_SHARED': False,
                      'DROPOUT': 0.1,
                      'FORWARD_DEEP_NOEXPAND': False,
                      'INITIATION': 'random',
                      'LOCATION': 'prepend',
                      'NUM_DEEP_LAYERS': None,
                      'NUM_TOKENS': 100,
                      'PROJECT': -1,
                      'REVERSE_DEEP': False,
                      'SAVE_FOR_EACH_EPOCH': False,
                      'VIT_POOL_TYPE': 'original'},
           'SAVE_CKPT': False,
           'TRANSFER_TYPE': 'prompt',
           'TYPE': 'vit',
           'WEIGHT_PATH': ''},
 'NUM_GPUS': 1,
 'NUM_SHARDS': 1,
 'OUTPUT_DIR': 'visual_prompt_tuning/output_dir/seed42/vtab-dmlab/sup_vitb16_imagenet21k/lr5.0_wd0.0001/run1',
 'RUN_N_TIMES': 1,
 'SEED': None,
 'SOLVER': {'BASE_LR': 5.0,
            'BIAS_MULTIPLIER': 1.0,
            'DBG_TRAINABLE': False,
            'LOG_EVERY_N': 100,
            'LOSS': 'softmax',
            'LOSS_ALPHA': 0.01,
            'MOMENTUM': 0.9,
            'OPTIMIZER': 'sgd',
            'PATIENCE': 300,
            'SCHEDULER': 'cosine',
            'TOTAL_EPOCH': 100,
            'WARMUP_EPOCH': 10,
            'WEIGHT_DECAY': 0.0001,
            'WEIGHT_DECAY_BIAS': 0}}
[09/15 12:24:46 visual_prompt]: Loading training data (final training data for vtab)...
2023-09-15 12:24:46.363601: I tensorflow/core/platform/cpu_feature_guard.cc:193] This TensorFlow binary is optimized with oneAPI Deep Neural Network Library (oneDNN) to use the following CPU instructions in performance-critical operations:  AVX2 AVX512F AVX512_VNNI FMA
To enable them in other operations, rebuild TensorFlow with the appropriate compiler flags.
2023-09-15 12:24:46.544912: I tensorflow/core/util/port.cc:104] oneDNN custom operations are on. You may see slightly different numerical results due to floating-point round-off errors from different computation orders. To turn them off, set the environment variable `TF_ENABLE_ONEDNN_OPTS=0`.
2023-09-15 12:24:47.498786: W tensorflow/compiler/xla/stream_executor/platform/default/dso_loader.cc:64] Could not load dynamic library 'libnvinfer.so.7'; dlerror: libnvinfer.so.7: cannot open shared object file: No such file or directory; LD_LIBRARY_PATH: /home/s1952889/miniconda3/envs/prompt/lib/python3.7/site-packages/cv2/../../lib64:
2023-09-15 12:24:47.498864: W tensorflow/compiler/xla/stream_executor/platform/default/dso_loader.cc:64] Could not load dynamic library 'libnvinfer_plugin.so.7'; dlerror: libnvinfer_plugin.so.7: cannot open shared object file: No such file or directory; LD_LIBRARY_PATH: /home/s1952889/miniconda3/envs/prompt/lib/python3.7/site-packages/cv2/../../lib64:
2023-09-15 12:24:47.498874: W tensorflow/compiler/tf2tensorrt/utils/py_utils.cc:38] TF-TRT Warning: Cannot dlopen some TensorRT libraries. If you would like to use Nvidia GPU with TensorRT, please make sure the missing libraries mentioned above are installed properly.
2023-09-15 12:24:49.674506: W tensorflow/compiler/xla/stream_executor/platform/default/dso_loader.cc:64] Could not load dynamic library 'libcusolver.so.11'; dlerror: libcusolver.so.11: cannot open shared object file: No such file or directory; LD_LIBRARY_PATH: /home/s1952889/miniconda3/envs/prompt/lib/python3.7/site-packages/cv2/../../lib64:
2023-09-15 12:24:49.674690: W tensorflow/compiler/xla/stream_executor/platform/default/dso_loader.cc:64] Could not load dynamic library 'libcudnn.so.8'; dlerror: libcudnn.so.8: cannot open shared object file: No such file or directory; LD_LIBRARY_PATH: /home/s1952889/miniconda3/envs/prompt/lib/python3.7/site-packages/cv2/../../lib64:
2023-09-15 12:24:49.674718: W tensorflow/core/common_runtime/gpu/gpu_device.cc:1934] Cannot dlopen some GPU libraries. Please make sure the missing libraries mentioned above are installed properly if you would like to use GPU. Follow the guide at https://www.tensorflow.org/install/gpu for how to download and setup the required libraries for your platform.
Skipping registering GPU devices...
[09/15 12:24:49 visual_prompt]: Constructing vtab-dmlab dataset trainval...
[INFO: dataset_info.py:  566]: Load dataset info from visual_prompt_tuning/data_path/dmlab/2.0.1
2023-09-15 12:24:50.773489: I tensorflow/core/platform/cpu_feature_guard.cc:193] This TensorFlow binary is optimized with oneAPI Deep Neural Network Library (oneDNN) to use the following CPU instructions in performance-critical operations:  AVX2 AVX512F AVX512_VNNI FMA
To enable them in other operations, rebuild TensorFlow with the appropriate compiler flags.
[INFO: logging_logger.py:   53]: Constructing tf.data.Dataset dmlab for split train[:800]+validation[:200], from visual_prompt_tuning/data_path/dmlab/2.0.1
[09/15 12:24:53 visual_prompt]: Number of images: 1000
[09/15 12:24:53 visual_prompt]: Number of classes: 6 / 6
[09/15 12:24:53 visual_prompt]: Loading validation data...
[09/15 12:24:53 visual_prompt]: Constructing vtab-dmlab dataset val...
[INFO: dataset_info.py:  566]: Load dataset info from visual_prompt_tuning/data_path/dmlab/2.0.1
[INFO: logging_logger.py:   53]: Constructing tf.data.Dataset dmlab for split validation[:200], from visual_prompt_tuning/data_path/dmlab/2.0.1
[09/15 12:24:53 visual_prompt]: Number of images: 200
[09/15 12:24:53 visual_prompt]: Number of classes: 6 / 6
[09/15 12:24:53 visual_prompt]: Loading test data...
[09/15 12:24:53 visual_prompt]: Constructing vtab-dmlab dataset test...
[INFO: dataset_info.py:  566]: Load dataset info from visual_prompt_tuning/data_path/dmlab/2.0.1
[INFO: logging_logger.py:   53]: Constructing tf.data.Dataset dmlab for split test, from visual_prompt_tuning/data_path/dmlab/2.0.1
[09/15 12:25:36 visual_prompt]: Number of images: 22735
[09/15 12:25:36 visual_prompt]: Number of classes: 6 / 6
[09/15 12:25:36 visual_prompt]: Constructing models...
[09/15 12:25:39 visual_prompt]: Total Parameters: 86724870	 Gradient Parameters: 926214
[09/15 12:25:39 visual_prompt]: tuned percent:1.068
[09/15 12:25:42 visual_prompt]: Device used for model: 0
[09/15 12:25:42 visual_prompt]: Setting up Evalutator...
[09/15 12:25:42 visual_prompt]: Setting up Trainer...
[09/15 12:25:42 visual_prompt]: 	Setting up the optimizer...
[09/15 12:25:42 visual_prompt]: Training 1 / 100 epoch, with learning rate 0.0
Traceback (most recent call last):
  File "visual_prompt_tuning/train.py", line 129, in <module>
    main(args)
  File "visual_prompt_tuning/train.py", line 124, in main
    train(cfg, args)
  File "visual_prompt_tuning/train.py", line 109, in train
    trainer.train_classifier(train_loader, val_loader, test_loader)
  File "/home/s1952889/final-project/implementation/visual_prompt_tuning/src/engine/trainer.py", line 185, in train_classifier
    train_loss, _ = self.forward_one_batch(X, targets, True)
  File "/home/s1952889/final-project/implementation/visual_prompt_tuning/src/engine/trainer.py", line 86, in forward_one_batch
    outputs = self.model(inputs)  # (batchsize, num_cls)
  File "/home/s1952889/miniconda3/envs/prompt/lib/python3.7/site-packages/torch/nn/modules/module.py", line 727, in _call_impl
    result = self.forward(*input, **kwargs)
  File "/home/s1952889/final-project/implementation/visual_prompt_tuning/src/models/vit_models.py", line 175, in forward
    x = self.enc(x)  # batch_size x self.feat_dim
  File "/home/s1952889/miniconda3/envs/prompt/lib/python3.7/site-packages/torch/nn/modules/module.py", line 727, in _call_impl
    result = self.forward(*input, **kwargs)
  File "/home/s1952889/final-project/implementation/visual_prompt_tuning/src/models/vit_prompt/vit.py", line 161, in forward
    x, attn_weights = self.transformer(x)
  File "/home/s1952889/miniconda3/envs/prompt/lib/python3.7/site-packages/torch/nn/modules/module.py", line 727, in _call_impl
    result = self.forward(*input, **kwargs)
  File "/home/s1952889/final-project/implementation/visual_prompt_tuning/src/models/vit_prompt/vit.py", line 138, in forward
    embedding_output)
  File "/home/s1952889/final-project/implementation/visual_prompt_tuning/src/models/vit_prompt/vit.py", line 124, in forward_deep_prompt
    hidden_states, weights = self.encoder.layer[i](hidden_states)
  File "/home/s1952889/miniconda3/envs/prompt/lib/python3.7/site-packages/torch/nn/modules/module.py", line 727, in _call_impl
    result = self.forward(*input, **kwargs)
  File "/home/s1952889/final-project/implementation/visual_prompt_tuning/src/models/vit_backbones/vit.py", line 199, in forward
    x, weights = self.attn(x)
  File "/home/s1952889/miniconda3/envs/prompt/lib/python3.7/site-packages/torch/nn/modules/module.py", line 727, in _call_impl
    result = self.forward(*input, **kwargs)
  File "/home/s1952889/final-project/implementation/visual_prompt_tuning/src/models/vit_backbones/vit.py", line 101, in forward
    attention_scores = attention_scores / math.sqrt(self.attention_head_size)
RuntimeError: CUDA out of memory. Tried to allocate 260.00 MiB (GPU 0; 7.80 GiB total capacity; 6.55 GiB already allocated; 45.56 MiB free; 6.65 GiB reserved in total by PyTorch)
[09/15 12:25:57 visual_prompt]: Rank of current process: 0. World size: 1
[09/15 12:25:57 visual_prompt]: Environment info:
-------------------  ----------------------------------------------------
Python               3.7.16 (default, Jan 17 2023, 22:20:44) [GCC 11.2.0]
ENV_MODULE           <not set>
PyTorch              1.7.1
PyTorch Debug Build  False
CUDA available       True
CUDA ID              2
GPU 0                NVIDIA GeForce RTX 2080
Pillow               9.3.0
cv2                  4.8.0
-------------------  ----------------------------------------------------
PyTorch built with:
  - GCC 7.3
  - C++ Version: 201402
  - Intel(R) oneAPI Math Kernel Library Version 2021.4-Product Build 20210904 for Intel(R) 64 architecture applications
  - Intel(R) MKL-DNN v1.6.0 (Git Hash 5ef631a030a6f73131c77892041042805a06064f)
  - OpenMP 201511 (a.k.a. OpenMP 4.5)
  - NNPACK is enabled
  - CPU capability usage: AVX2
  - CUDA Runtime 11.0
  - NVCC architecture flags: -gencode;arch=compute_37,code=sm_37;-gencode;arch=compute_50,code=sm_50;-gencode;arch=compute_60,code=sm_60;-gencode;arch=compute_61,code=sm_61;-gencode;arch=compute_70,code=sm_70;-gencode;arch=compute_75,code=sm_75;-gencode;arch=compute_80,code=sm_80;-gencode;arch=compute_37,code=compute_37
  - CuDNN 8.0.5
  - Magma 2.5.2
  - Build settings: BLAS=MKL, BUILD_TYPE=Release, CXX_FLAGS= -Wno-deprecated -fvisibility-inlines-hidden -DUSE_PTHREADPOOL -fopenmp -DNDEBUG -DUSE_FBGEMM -DUSE_QNNPACK -DUSE_PYTORCH_QNNPACK -DUSE_XNNPACK -DUSE_VULKAN_WRAPPER -O2 -fPIC -Wno-narrowing -Wall -Wextra -Werror=return-type -Wno-missing-field-initializers -Wno-type-limits -Wno-array-bounds -Wno-unknown-pragmas -Wno-sign-compare -Wno-unused-parameter -Wno-unused-variable -Wno-unused-function -Wno-unused-result -Wno-unused-local-typedefs -Wno-strict-overflow -Wno-strict-aliasing -Wno-error=deprecated-declarations -Wno-stringop-overflow -Wno-psabi -Wno-error=pedantic -Wno-error=redundant-decls -Wno-error=old-style-cast -fdiagnostics-color=always -faligned-new -Wno-unused-but-set-variable -Wno-maybe-uninitialized -fno-math-errno -fno-trapping-math -Werror=format -Wno-stringop-overflow, PERF_WITH_AVX=1, PERF_WITH_AVX2=1, PERF_WITH_AVX512=1, USE_CUDA=ON, USE_EXCEPTION_PTR=1, USE_GFLAGS=OFF, USE_GLOG=OFF, USE_MKL=ON, USE_MKLDNN=ON, USE_MPI=OFF, USE_NCCL=ON, USE_NNPACK=ON, USE_OPENMP=ON, 

[09/15 12:25:57 visual_prompt]: Command line arguments: Namespace(config_file='visual_prompt_tuning/configs/prompt/cub.yaml', opts=['MODEL.TYPE', 'vit', 'DATA.BATCH_SIZE', '64', 'MODEL.PROMPT.NUM_TOKENS', '100', 'MODEL.PROMPT.DEEP', 'True', 'MODEL.PROMPT.DROPOUT', '0.1', 'DATA.FEATURE', 'sup_vitb16_imagenet21k', 'DATA.NAME', 'vtab-dmlab', 'DATA.NUMBER_CLASSES', '6', 'SOLVER.BASE_LR', '5.0', 'SOLVER.WEIGHT_DECAY', '0.0001', 'MODEL.MODEL_ROOT', 'visual_prompt_tuning/model_root', 'DATA.DATAPATH', 'visual_prompt_tuning/data_path', 'OUTPUT_DIR', 'visual_prompt_tuning/output_dir/seed44'], train_type='')
[09/15 12:25:57 visual_prompt]: Contents of args.config_file=visual_prompt_tuning/configs/prompt/cub.yaml:
_BASE_: "../base-prompt.yaml"
RUN_N_TIMES: 1
DATA:
  NAME: "CUB"
  DATAPATH: ""  #TODO: need to specify here
  NUMBER_CLASSES: 200
  MULTILABEL: False
MODEL:
  TYPE: "vit"
SOLVER:
  BASE_LR: 0.1
  WEIGHT_DECAY: 0.01
[09/15 12:25:57 visual_prompt]: Training with config:
[09/15 12:25:57 visual_prompt]: {'CUDNN_BENCHMARK': False,
 'DATA': {'BATCH_SIZE': 64,
          'CLASS_WEIGHTS_TYPE': 'none',
          'CROPSIZE': 224,
          'DATAPATH': 'visual_prompt_tuning/data_path',
          'FEATURE': 'sup_vitb16_imagenet21k',
          'MULTILABEL': False,
          'NAME': 'vtab-dmlab',
          'NO_TEST': False,
          'NUMBER_CLASSES': 6,
          'NUM_WORKERS': 4,
          'PERCENTAGE': 1.0,
          'PIN_MEMORY': True},
 'DBG': False,
 'MODEL': {'ADAPTER': CfgNode({'REDUCATION_FACTOR': 8, 'STYLE': 'Pfeiffer'}),
           'LINEAR': CfgNode({'MLP_SIZES': [], 'DROPOUT': 0.1}),
           'MLP_NUM': 0,
           'MODEL_ROOT': 'visual_prompt_tuning/model_root',
           'PROMPT': {'CLSEMB_FOLDER': '',
                      'CLSEMB_PATH': '',
                      'DEEP': True,
                      'DEEP_SHARED': False,
                      'DROPOUT': 0.1,
                      'FORWARD_DEEP_NOEXPAND': False,
                      'INITIATION': 'random',
                      'LOCATION': 'prepend',
                      'NUM_DEEP_LAYERS': None,
                      'NUM_TOKENS': 100,
                      'PROJECT': -1,
                      'REVERSE_DEEP': False,
                      'SAVE_FOR_EACH_EPOCH': False,
                      'VIT_POOL_TYPE': 'original'},
           'SAVE_CKPT': False,
           'TRANSFER_TYPE': 'prompt',
           'TYPE': 'vit',
           'WEIGHT_PATH': ''},
 'NUM_GPUS': 1,
 'NUM_SHARDS': 1,
 'OUTPUT_DIR': 'visual_prompt_tuning/output_dir/seed44/vtab-dmlab/sup_vitb16_imagenet21k/lr5.0_wd0.0001/run1',
 'RUN_N_TIMES': 1,
 'SEED': None,
 'SOLVER': {'BASE_LR': 5.0,
            'BIAS_MULTIPLIER': 1.0,
            'DBG_TRAINABLE': False,
            'LOG_EVERY_N': 100,
            'LOSS': 'softmax',
            'LOSS_ALPHA': 0.01,
            'MOMENTUM': 0.9,
            'OPTIMIZER': 'sgd',
            'PATIENCE': 300,
            'SCHEDULER': 'cosine',
            'TOTAL_EPOCH': 100,
            'WARMUP_EPOCH': 10,
            'WEIGHT_DECAY': 0.0001,
            'WEIGHT_DECAY_BIAS': 0}}
[09/15 12:25:57 visual_prompt]: Loading training data (final training data for vtab)...
2023-09-15 12:25:57.568724: I tensorflow/core/platform/cpu_feature_guard.cc:193] This TensorFlow binary is optimized with oneAPI Deep Neural Network Library (oneDNN) to use the following CPU instructions in performance-critical operations:  AVX2 AVX512F AVX512_VNNI FMA
To enable them in other operations, rebuild TensorFlow with the appropriate compiler flags.
2023-09-15 12:25:57.753712: I tensorflow/core/util/port.cc:104] oneDNN custom operations are on. You may see slightly different numerical results due to floating-point round-off errors from different computation orders. To turn them off, set the environment variable `TF_ENABLE_ONEDNN_OPTS=0`.
2023-09-15 12:25:58.605116: W tensorflow/compiler/xla/stream_executor/platform/default/dso_loader.cc:64] Could not load dynamic library 'libnvinfer.so.7'; dlerror: libnvinfer.so.7: cannot open shared object file: No such file or directory; LD_LIBRARY_PATH: /home/s1952889/miniconda3/envs/prompt/lib/python3.7/site-packages/cv2/../../lib64:
2023-09-15 12:25:58.605221: W tensorflow/compiler/xla/stream_executor/platform/default/dso_loader.cc:64] Could not load dynamic library 'libnvinfer_plugin.so.7'; dlerror: libnvinfer_plugin.so.7: cannot open shared object file: No such file or directory; LD_LIBRARY_PATH: /home/s1952889/miniconda3/envs/prompt/lib/python3.7/site-packages/cv2/../../lib64:
2023-09-15 12:25:58.605232: W tensorflow/compiler/tf2tensorrt/utils/py_utils.cc:38] TF-TRT Warning: Cannot dlopen some TensorRT libraries. If you would like to use Nvidia GPU with TensorRT, please make sure the missing libraries mentioned above are installed properly.
2023-09-15 12:26:00.390227: W tensorflow/compiler/xla/stream_executor/platform/default/dso_loader.cc:64] Could not load dynamic library 'libcusolver.so.11'; dlerror: libcusolver.so.11: cannot open shared object file: No such file or directory; LD_LIBRARY_PATH: /home/s1952889/miniconda3/envs/prompt/lib/python3.7/site-packages/cv2/../../lib64:
2023-09-15 12:26:00.390359: W tensorflow/compiler/xla/stream_executor/platform/default/dso_loader.cc:64] Could not load dynamic library 'libcudnn.so.8'; dlerror: libcudnn.so.8: cannot open shared object file: No such file or directory; LD_LIBRARY_PATH: /home/s1952889/miniconda3/envs/prompt/lib/python3.7/site-packages/cv2/../../lib64:
2023-09-15 12:26:00.390374: W tensorflow/core/common_runtime/gpu/gpu_device.cc:1934] Cannot dlopen some GPU libraries. Please make sure the missing libraries mentioned above are installed properly if you would like to use GPU. Follow the guide at https://www.tensorflow.org/install/gpu for how to download and setup the required libraries for your platform.
Skipping registering GPU devices...
[09/15 12:26:00 visual_prompt]: Constructing vtab-dmlab dataset trainval...
[INFO: dataset_info.py:  566]: Load dataset info from visual_prompt_tuning/data_path/dmlab/2.0.1
2023-09-15 12:26:00.403910: I tensorflow/core/platform/cpu_feature_guard.cc:193] This TensorFlow binary is optimized with oneAPI Deep Neural Network Library (oneDNN) to use the following CPU instructions in performance-critical operations:  AVX2 AVX512F AVX512_VNNI FMA
To enable them in other operations, rebuild TensorFlow with the appropriate compiler flags.
[INFO: logging_logger.py:   53]: Constructing tf.data.Dataset dmlab for split train[:800]+validation[:200], from visual_prompt_tuning/data_path/dmlab/2.0.1
[09/15 12:26:02 visual_prompt]: Number of images: 1000
[09/15 12:26:02 visual_prompt]: Number of classes: 6 / 6
[09/15 12:26:02 visual_prompt]: Loading validation data...
[09/15 12:26:02 visual_prompt]: Constructing vtab-dmlab dataset val...
[INFO: dataset_info.py:  566]: Load dataset info from visual_prompt_tuning/data_path/dmlab/2.0.1
[INFO: logging_logger.py:   53]: Constructing tf.data.Dataset dmlab for split validation[:200], from visual_prompt_tuning/data_path/dmlab/2.0.1
[09/15 12:26:03 visual_prompt]: Number of images: 200
[09/15 12:26:03 visual_prompt]: Number of classes: 6 / 6
[09/15 12:26:03 visual_prompt]: Loading test data...
[09/15 12:26:03 visual_prompt]: Constructing vtab-dmlab dataset test...
[INFO: dataset_info.py:  566]: Load dataset info from visual_prompt_tuning/data_path/dmlab/2.0.1
[INFO: logging_logger.py:   53]: Constructing tf.data.Dataset dmlab for split test, from visual_prompt_tuning/data_path/dmlab/2.0.1
[09/15 12:26:44 visual_prompt]: Number of images: 22735
[09/15 12:26:44 visual_prompt]: Number of classes: 6 / 6
[09/15 12:26:45 visual_prompt]: Constructing models...
[09/15 12:26:48 visual_prompt]: Total Parameters: 86724870	 Gradient Parameters: 926214
[09/15 12:26:48 visual_prompt]: tuned percent:1.068
[09/15 12:26:51 visual_prompt]: Device used for model: 0
[09/15 12:26:51 visual_prompt]: Setting up Evalutator...
[09/15 12:26:51 visual_prompt]: Setting up Trainer...
[09/15 12:26:51 visual_prompt]: 	Setting up the optimizer...
[09/15 12:26:51 visual_prompt]: Training 1 / 100 epoch, with learning rate 0.0
Traceback (most recent call last):
  File "visual_prompt_tuning/train.py", line 129, in <module>
    main(args)
  File "visual_prompt_tuning/train.py", line 124, in main
    train(cfg, args)
  File "visual_prompt_tuning/train.py", line 109, in train
    trainer.train_classifier(train_loader, val_loader, test_loader)
  File "/home/s1952889/final-project/implementation/visual_prompt_tuning/src/engine/trainer.py", line 185, in train_classifier
    train_loss, _ = self.forward_one_batch(X, targets, True)
  File "/home/s1952889/final-project/implementation/visual_prompt_tuning/src/engine/trainer.py", line 86, in forward_one_batch
    outputs = self.model(inputs)  # (batchsize, num_cls)
  File "/home/s1952889/miniconda3/envs/prompt/lib/python3.7/site-packages/torch/nn/modules/module.py", line 727, in _call_impl
    result = self.forward(*input, **kwargs)
  File "/home/s1952889/final-project/implementation/visual_prompt_tuning/src/models/vit_models.py", line 175, in forward
    x = self.enc(x)  # batch_size x self.feat_dim
  File "/home/s1952889/miniconda3/envs/prompt/lib/python3.7/site-packages/torch/nn/modules/module.py", line 727, in _call_impl
    result = self.forward(*input, **kwargs)
  File "/home/s1952889/final-project/implementation/visual_prompt_tuning/src/models/vit_prompt/vit.py", line 161, in forward
    x, attn_weights = self.transformer(x)
  File "/home/s1952889/miniconda3/envs/prompt/lib/python3.7/site-packages/torch/nn/modules/module.py", line 727, in _call_impl
    result = self.forward(*input, **kwargs)
  File "/home/s1952889/final-project/implementation/visual_prompt_tuning/src/models/vit_prompt/vit.py", line 138, in forward
    embedding_output)
  File "/home/s1952889/final-project/implementation/visual_prompt_tuning/src/models/vit_prompt/vit.py", line 124, in forward_deep_prompt
    hidden_states, weights = self.encoder.layer[i](hidden_states)
  File "/home/s1952889/miniconda3/envs/prompt/lib/python3.7/site-packages/torch/nn/modules/module.py", line 727, in _call_impl
    result = self.forward(*input, **kwargs)
  File "/home/s1952889/final-project/implementation/visual_prompt_tuning/src/models/vit_backbones/vit.py", line 199, in forward
    x, weights = self.attn(x)
  File "/home/s1952889/miniconda3/envs/prompt/lib/python3.7/site-packages/torch/nn/modules/module.py", line 727, in _call_impl
    result = self.forward(*input, **kwargs)
  File "/home/s1952889/final-project/implementation/visual_prompt_tuning/src/models/vit_backbones/vit.py", line 101, in forward
    attention_scores = attention_scores / math.sqrt(self.attention_head_size)
RuntimeError: CUDA out of memory. Tried to allocate 260.00 MiB (GPU 0; 7.80 GiB total capacity; 6.55 GiB already allocated; 45.56 MiB free; 6.65 GiB reserved in total by PyTorch)
[09/15 12:27:07 visual_prompt]: Rank of current process: 0. World size: 1
[09/15 12:27:07 visual_prompt]: Environment info:
-------------------  ----------------------------------------------------
Python               3.7.16 (default, Jan 17 2023, 22:20:44) [GCC 11.2.0]
ENV_MODULE           <not set>
PyTorch              1.7.1
PyTorch Debug Build  False
CUDA available       True
CUDA ID              2
GPU 0                NVIDIA GeForce RTX 2080
Pillow               9.3.0
cv2                  4.8.0
-------------------  ----------------------------------------------------
PyTorch built with:
  - GCC 7.3
  - C++ Version: 201402
  - Intel(R) oneAPI Math Kernel Library Version 2021.4-Product Build 20210904 for Intel(R) 64 architecture applications
  - Intel(R) MKL-DNN v1.6.0 (Git Hash 5ef631a030a6f73131c77892041042805a06064f)
  - OpenMP 201511 (a.k.a. OpenMP 4.5)
  - NNPACK is enabled
  - CPU capability usage: AVX2
  - CUDA Runtime 11.0
  - NVCC architecture flags: -gencode;arch=compute_37,code=sm_37;-gencode;arch=compute_50,code=sm_50;-gencode;arch=compute_60,code=sm_60;-gencode;arch=compute_61,code=sm_61;-gencode;arch=compute_70,code=sm_70;-gencode;arch=compute_75,code=sm_75;-gencode;arch=compute_80,code=sm_80;-gencode;arch=compute_37,code=compute_37
  - CuDNN 8.0.5
  - Magma 2.5.2
  - Build settings: BLAS=MKL, BUILD_TYPE=Release, CXX_FLAGS= -Wno-deprecated -fvisibility-inlines-hidden -DUSE_PTHREADPOOL -fopenmp -DNDEBUG -DUSE_FBGEMM -DUSE_QNNPACK -DUSE_PYTORCH_QNNPACK -DUSE_XNNPACK -DUSE_VULKAN_WRAPPER -O2 -fPIC -Wno-narrowing -Wall -Wextra -Werror=return-type -Wno-missing-field-initializers -Wno-type-limits -Wno-array-bounds -Wno-unknown-pragmas -Wno-sign-compare -Wno-unused-parameter -Wno-unused-variable -Wno-unused-function -Wno-unused-result -Wno-unused-local-typedefs -Wno-strict-overflow -Wno-strict-aliasing -Wno-error=deprecated-declarations -Wno-stringop-overflow -Wno-psabi -Wno-error=pedantic -Wno-error=redundant-decls -Wno-error=old-style-cast -fdiagnostics-color=always -faligned-new -Wno-unused-but-set-variable -Wno-maybe-uninitialized -fno-math-errno -fno-trapping-math -Werror=format -Wno-stringop-overflow, PERF_WITH_AVX=1, PERF_WITH_AVX2=1, PERF_WITH_AVX512=1, USE_CUDA=ON, USE_EXCEPTION_PTR=1, USE_GFLAGS=OFF, USE_GLOG=OFF, USE_MKL=ON, USE_MKLDNN=ON, USE_MPI=OFF, USE_NCCL=ON, USE_NNPACK=ON, USE_OPENMP=ON, 

[09/15 12:27:07 visual_prompt]: Command line arguments: Namespace(config_file='visual_prompt_tuning/configs/prompt/cub.yaml', opts=['MODEL.TYPE', 'vit', 'DATA.BATCH_SIZE', '64', 'MODEL.PROMPT.NUM_TOKENS', '100', 'MODEL.PROMPT.DEEP', 'True', 'MODEL.PROMPT.DROPOUT', '0.1', 'DATA.FEATURE', 'sup_vitb16_imagenet21k', 'DATA.NAME', 'vtab-dmlab', 'DATA.NUMBER_CLASSES', '6', 'SOLVER.BASE_LR', '5.0', 'SOLVER.WEIGHT_DECAY', '0.0001', 'MODEL.MODEL_ROOT', 'visual_prompt_tuning/model_root', 'DATA.DATAPATH', 'visual_prompt_tuning/data_path', 'OUTPUT_DIR', 'visual_prompt_tuning/output_dir/seed82'], train_type='')
[09/15 12:27:07 visual_prompt]: Contents of args.config_file=visual_prompt_tuning/configs/prompt/cub.yaml:
_BASE_: "../base-prompt.yaml"
RUN_N_TIMES: 1
DATA:
  NAME: "CUB"
  DATAPATH: ""  #TODO: need to specify here
  NUMBER_CLASSES: 200
  MULTILABEL: False
MODEL:
  TYPE: "vit"
SOLVER:
  BASE_LR: 0.1
  WEIGHT_DECAY: 0.01
[09/15 12:27:07 visual_prompt]: Training with config:
[09/15 12:27:07 visual_prompt]: {'CUDNN_BENCHMARK': False,
 'DATA': {'BATCH_SIZE': 64,
          'CLASS_WEIGHTS_TYPE': 'none',
          'CROPSIZE': 224,
          'DATAPATH': 'visual_prompt_tuning/data_path',
          'FEATURE': 'sup_vitb16_imagenet21k',
          'MULTILABEL': False,
          'NAME': 'vtab-dmlab',
          'NO_TEST': False,
          'NUMBER_CLASSES': 6,
          'NUM_WORKERS': 4,
          'PERCENTAGE': 1.0,
          'PIN_MEMORY': True},
 'DBG': False,
 'MODEL': {'ADAPTER': CfgNode({'REDUCATION_FACTOR': 8, 'STYLE': 'Pfeiffer'}),
           'LINEAR': CfgNode({'MLP_SIZES': [], 'DROPOUT': 0.1}),
           'MLP_NUM': 0,
           'MODEL_ROOT': 'visual_prompt_tuning/model_root',
           'PROMPT': {'CLSEMB_FOLDER': '',
                      'CLSEMB_PATH': '',
                      'DEEP': True,
                      'DEEP_SHARED': False,
                      'DROPOUT': 0.1,
                      'FORWARD_DEEP_NOEXPAND': False,
                      'INITIATION': 'random',
                      'LOCATION': 'prepend',
                      'NUM_DEEP_LAYERS': None,
                      'NUM_TOKENS': 100,
                      'PROJECT': -1,
                      'REVERSE_DEEP': False,
                      'SAVE_FOR_EACH_EPOCH': False,
                      'VIT_POOL_TYPE': 'original'},
           'SAVE_CKPT': False,
           'TRANSFER_TYPE': 'prompt',
           'TYPE': 'vit',
           'WEIGHT_PATH': ''},
 'NUM_GPUS': 1,
 'NUM_SHARDS': 1,
 'OUTPUT_DIR': 'visual_prompt_tuning/output_dir/seed82/vtab-dmlab/sup_vitb16_imagenet21k/lr5.0_wd0.0001/run1',
 'RUN_N_TIMES': 1,
 'SEED': None,
 'SOLVER': {'BASE_LR': 5.0,
            'BIAS_MULTIPLIER': 1.0,
            'DBG_TRAINABLE': False,
            'LOG_EVERY_N': 100,
            'LOSS': 'softmax',
            'LOSS_ALPHA': 0.01,
            'MOMENTUM': 0.9,
            'OPTIMIZER': 'sgd',
            'PATIENCE': 300,
            'SCHEDULER': 'cosine',
            'TOTAL_EPOCH': 100,
            'WARMUP_EPOCH': 10,
            'WEIGHT_DECAY': 0.0001,
            'WEIGHT_DECAY_BIAS': 0}}
[09/15 12:27:07 visual_prompt]: Loading training data (final training data for vtab)...
2023-09-15 12:27:07.522495: I tensorflow/core/platform/cpu_feature_guard.cc:193] This TensorFlow binary is optimized with oneAPI Deep Neural Network Library (oneDNN) to use the following CPU instructions in performance-critical operations:  AVX2 AVX512F AVX512_VNNI FMA
To enable them in other operations, rebuild TensorFlow with the appropriate compiler flags.
2023-09-15 12:27:07.719869: I tensorflow/core/util/port.cc:104] oneDNN custom operations are on. You may see slightly different numerical results due to floating-point round-off errors from different computation orders. To turn them off, set the environment variable `TF_ENABLE_ONEDNN_OPTS=0`.
2023-09-15 12:27:08.572775: W tensorflow/compiler/xla/stream_executor/platform/default/dso_loader.cc:64] Could not load dynamic library 'libnvinfer.so.7'; dlerror: libnvinfer.so.7: cannot open shared object file: No such file or directory; LD_LIBRARY_PATH: /home/s1952889/miniconda3/envs/prompt/lib/python3.7/site-packages/cv2/../../lib64:
2023-09-15 12:27:08.572869: W tensorflow/compiler/xla/stream_executor/platform/default/dso_loader.cc:64] Could not load dynamic library 'libnvinfer_plugin.so.7'; dlerror: libnvinfer_plugin.so.7: cannot open shared object file: No such file or directory; LD_LIBRARY_PATH: /home/s1952889/miniconda3/envs/prompt/lib/python3.7/site-packages/cv2/../../lib64:
2023-09-15 12:27:08.572879: W tensorflow/compiler/tf2tensorrt/utils/py_utils.cc:38] TF-TRT Warning: Cannot dlopen some TensorRT libraries. If you would like to use Nvidia GPU with TensorRT, please make sure the missing libraries mentioned above are installed properly.
2023-09-15 12:27:10.429889: W tensorflow/compiler/xla/stream_executor/platform/default/dso_loader.cc:64] Could not load dynamic library 'libcusolver.so.11'; dlerror: libcusolver.so.11: cannot open shared object file: No such file or directory; LD_LIBRARY_PATH: /home/s1952889/miniconda3/envs/prompt/lib/python3.7/site-packages/cv2/../../lib64:
2023-09-15 12:27:10.430018: W tensorflow/compiler/xla/stream_executor/platform/default/dso_loader.cc:64] Could not load dynamic library 'libcudnn.so.8'; dlerror: libcudnn.so.8: cannot open shared object file: No such file or directory; LD_LIBRARY_PATH: /home/s1952889/miniconda3/envs/prompt/lib/python3.7/site-packages/cv2/../../lib64:
2023-09-15 12:27:10.430034: W tensorflow/core/common_runtime/gpu/gpu_device.cc:1934] Cannot dlopen some GPU libraries. Please make sure the missing libraries mentioned above are installed properly if you would like to use GPU. Follow the guide at https://www.tensorflow.org/install/gpu for how to download and setup the required libraries for your platform.
Skipping registering GPU devices...
[09/15 12:27:10 visual_prompt]: Constructing vtab-dmlab dataset trainval...
[INFO: dataset_info.py:  566]: Load dataset info from visual_prompt_tuning/data_path/dmlab/2.0.1
2023-09-15 12:27:10.443512: I tensorflow/core/platform/cpu_feature_guard.cc:193] This TensorFlow binary is optimized with oneAPI Deep Neural Network Library (oneDNN) to use the following CPU instructions in performance-critical operations:  AVX2 AVX512F AVX512_VNNI FMA
To enable them in other operations, rebuild TensorFlow with the appropriate compiler flags.
[INFO: logging_logger.py:   53]: Constructing tf.data.Dataset dmlab for split train[:800]+validation[:200], from visual_prompt_tuning/data_path/dmlab/2.0.1
[09/15 12:27:12 visual_prompt]: Number of images: 1000
[09/15 12:27:12 visual_prompt]: Number of classes: 6 / 6
[09/15 12:27:12 visual_prompt]: Loading validation data...
[09/15 12:27:12 visual_prompt]: Constructing vtab-dmlab dataset val...
[INFO: dataset_info.py:  566]: Load dataset info from visual_prompt_tuning/data_path/dmlab/2.0.1
[INFO: logging_logger.py:   53]: Constructing tf.data.Dataset dmlab for split validation[:200], from visual_prompt_tuning/data_path/dmlab/2.0.1
[09/15 12:27:13 visual_prompt]: Number of images: 200
[09/15 12:27:13 visual_prompt]: Number of classes: 6 / 6
[09/15 12:27:13 visual_prompt]: Loading test data...
[09/15 12:27:13 visual_prompt]: Constructing vtab-dmlab dataset test...
[INFO: dataset_info.py:  566]: Load dataset info from visual_prompt_tuning/data_path/dmlab/2.0.1
[INFO: logging_logger.py:   53]: Constructing tf.data.Dataset dmlab for split test, from visual_prompt_tuning/data_path/dmlab/2.0.1
[09/15 12:27:54 visual_prompt]: Number of images: 22735
[09/15 12:27:54 visual_prompt]: Number of classes: 6 / 6
[09/15 12:27:54 visual_prompt]: Constructing models...
[09/15 12:27:57 visual_prompt]: Total Parameters: 86724870	 Gradient Parameters: 926214
[09/15 12:27:57 visual_prompt]: tuned percent:1.068
[09/15 12:28:00 visual_prompt]: Device used for model: 0
[09/15 12:28:00 visual_prompt]: Setting up Evalutator...
[09/15 12:28:00 visual_prompt]: Setting up Trainer...
[09/15 12:28:00 visual_prompt]: 	Setting up the optimizer...
[09/15 12:28:00 visual_prompt]: Training 1 / 100 epoch, with learning rate 0.0
Traceback (most recent call last):
  File "visual_prompt_tuning/train.py", line 129, in <module>
    main(args)
  File "visual_prompt_tuning/train.py", line 124, in main
    train(cfg, args)
  File "visual_prompt_tuning/train.py", line 109, in train
    trainer.train_classifier(train_loader, val_loader, test_loader)
  File "/home/s1952889/final-project/implementation/visual_prompt_tuning/src/engine/trainer.py", line 185, in train_classifier
    train_loss, _ = self.forward_one_batch(X, targets, True)
  File "/home/s1952889/final-project/implementation/visual_prompt_tuning/src/engine/trainer.py", line 86, in forward_one_batch
    outputs = self.model(inputs)  # (batchsize, num_cls)
  File "/home/s1952889/miniconda3/envs/prompt/lib/python3.7/site-packages/torch/nn/modules/module.py", line 727, in _call_impl
    result = self.forward(*input, **kwargs)
  File "/home/s1952889/final-project/implementation/visual_prompt_tuning/src/models/vit_models.py", line 175, in forward
    x = self.enc(x)  # batch_size x self.feat_dim
  File "/home/s1952889/miniconda3/envs/prompt/lib/python3.7/site-packages/torch/nn/modules/module.py", line 727, in _call_impl
    result = self.forward(*input, **kwargs)
  File "/home/s1952889/final-project/implementation/visual_prompt_tuning/src/models/vit_prompt/vit.py", line 161, in forward
    x, attn_weights = self.transformer(x)
  File "/home/s1952889/miniconda3/envs/prompt/lib/python3.7/site-packages/torch/nn/modules/module.py", line 727, in _call_impl
    result = self.forward(*input, **kwargs)
  File "/home/s1952889/final-project/implementation/visual_prompt_tuning/src/models/vit_prompt/vit.py", line 138, in forward
    embedding_output)
  File "/home/s1952889/final-project/implementation/visual_prompt_tuning/src/models/vit_prompt/vit.py", line 124, in forward_deep_prompt
    hidden_states, weights = self.encoder.layer[i](hidden_states)
  File "/home/s1952889/miniconda3/envs/prompt/lib/python3.7/site-packages/torch/nn/modules/module.py", line 727, in _call_impl
    result = self.forward(*input, **kwargs)
  File "/home/s1952889/final-project/implementation/visual_prompt_tuning/src/models/vit_backbones/vit.py", line 199, in forward
    x, weights = self.attn(x)
  File "/home/s1952889/miniconda3/envs/prompt/lib/python3.7/site-packages/torch/nn/modules/module.py", line 727, in _call_impl
    result = self.forward(*input, **kwargs)
  File "/home/s1952889/final-project/implementation/visual_prompt_tuning/src/models/vit_backbones/vit.py", line 101, in forward
    attention_scores = attention_scores / math.sqrt(self.attention_head_size)
RuntimeError: CUDA out of memory. Tried to allocate 260.00 MiB (GPU 0; 7.80 GiB total capacity; 6.55 GiB already allocated; 45.56 MiB free; 6.65 GiB reserved in total by PyTorch)
[09/15 12:28:36 visual_prompt]: Rank of current process: 0. World size: 1
[09/15 12:28:36 visual_prompt]: Environment info:
-------------------  ----------------------------------------------------
Python               3.7.16 (default, Jan 17 2023, 22:20:44) [GCC 11.2.0]
ENV_MODULE           <not set>
PyTorch              1.7.1
PyTorch Debug Build  False
CUDA available       True
CUDA ID              2
GPU 0                NVIDIA GeForce RTX 2080
Pillow               9.3.0
cv2                  4.8.0
-------------------  ----------------------------------------------------
PyTorch built with:
  - GCC 7.3
  - C++ Version: 201402
  - Intel(R) oneAPI Math Kernel Library Version 2021.4-Product Build 20210904 for Intel(R) 64 architecture applications
  - Intel(R) MKL-DNN v1.6.0 (Git Hash 5ef631a030a6f73131c77892041042805a06064f)
  - OpenMP 201511 (a.k.a. OpenMP 4.5)
  - NNPACK is enabled
  - CPU capability usage: AVX2
  - CUDA Runtime 11.0
  - NVCC architecture flags: -gencode;arch=compute_37,code=sm_37;-gencode;arch=compute_50,code=sm_50;-gencode;arch=compute_60,code=sm_60;-gencode;arch=compute_61,code=sm_61;-gencode;arch=compute_70,code=sm_70;-gencode;arch=compute_75,code=sm_75;-gencode;arch=compute_80,code=sm_80;-gencode;arch=compute_37,code=compute_37
  - CuDNN 8.0.5
  - Magma 2.5.2
  - Build settings: BLAS=MKL, BUILD_TYPE=Release, CXX_FLAGS= -Wno-deprecated -fvisibility-inlines-hidden -DUSE_PTHREADPOOL -fopenmp -DNDEBUG -DUSE_FBGEMM -DUSE_QNNPACK -DUSE_PYTORCH_QNNPACK -DUSE_XNNPACK -DUSE_VULKAN_WRAPPER -O2 -fPIC -Wno-narrowing -Wall -Wextra -Werror=return-type -Wno-missing-field-initializers -Wno-type-limits -Wno-array-bounds -Wno-unknown-pragmas -Wno-sign-compare -Wno-unused-parameter -Wno-unused-variable -Wno-unused-function -Wno-unused-result -Wno-unused-local-typedefs -Wno-strict-overflow -Wno-strict-aliasing -Wno-error=deprecated-declarations -Wno-stringop-overflow -Wno-psabi -Wno-error=pedantic -Wno-error=redundant-decls -Wno-error=old-style-cast -fdiagnostics-color=always -faligned-new -Wno-unused-but-set-variable -Wno-maybe-uninitialized -fno-math-errno -fno-trapping-math -Werror=format -Wno-stringop-overflow, PERF_WITH_AVX=1, PERF_WITH_AVX2=1, PERF_WITH_AVX512=1, USE_CUDA=ON, USE_EXCEPTION_PTR=1, USE_GFLAGS=OFF, USE_GLOG=OFF, USE_MKL=ON, USE_MKLDNN=ON, USE_MPI=OFF, USE_NCCL=ON, USE_NNPACK=ON, USE_OPENMP=ON, 

[09/15 12:28:36 visual_prompt]: Command line arguments: Namespace(config_file='visual_prompt_tuning/configs/prompt/cub.yaml', opts=['MODEL.TYPE', 'vit', 'DATA.BATCH_SIZE', '64', 'MODEL.PROMPT.NUM_TOKENS', '100', 'MODEL.PROMPT.DEEP', 'True', 'MODEL.PROMPT.DROPOUT', '0.1', 'DATA.FEATURE', 'sup_vitb16_imagenet21k', 'DATA.NAME', 'vtab-dmlab', 'DATA.NUMBER_CLASSES', '6', 'SOLVER.BASE_LR', '5.0', 'SOLVER.WEIGHT_DECAY', '0.0001', 'MODEL.MODEL_ROOT', 'visual_prompt_tuning/model_root', 'DATA.DATAPATH', 'visual_prompt_tuning/data_path', 'OUTPUT_DIR', 'visual_prompt_tuning/output_dir/seed100'], train_type='')
[09/15 12:28:36 visual_prompt]: Contents of args.config_file=visual_prompt_tuning/configs/prompt/cub.yaml:
_BASE_: "../base-prompt.yaml"
RUN_N_TIMES: 1
DATA:
  NAME: "CUB"
  DATAPATH: ""  #TODO: need to specify here
  NUMBER_CLASSES: 200
  MULTILABEL: False
MODEL:
  TYPE: "vit"
SOLVER:
  BASE_LR: 0.1
  WEIGHT_DECAY: 0.01
[09/15 12:28:36 visual_prompt]: Training with config:
[09/15 12:28:36 visual_prompt]: {'CUDNN_BENCHMARK': False,
 'DATA': {'BATCH_SIZE': 64,
          'CLASS_WEIGHTS_TYPE': 'none',
          'CROPSIZE': 224,
          'DATAPATH': 'visual_prompt_tuning/data_path',
          'FEATURE': 'sup_vitb16_imagenet21k',
          'MULTILABEL': False,
          'NAME': 'vtab-dmlab',
          'NO_TEST': False,
          'NUMBER_CLASSES': 6,
          'NUM_WORKERS': 4,
          'PERCENTAGE': 1.0,
          'PIN_MEMORY': True},
 'DBG': False,
 'MODEL': {'ADAPTER': CfgNode({'REDUCATION_FACTOR': 8, 'STYLE': 'Pfeiffer'}),
           'LINEAR': CfgNode({'MLP_SIZES': [], 'DROPOUT': 0.1}),
           'MLP_NUM': 0,
           'MODEL_ROOT': 'visual_prompt_tuning/model_root',
           'PROMPT': {'CLSEMB_FOLDER': '',
                      'CLSEMB_PATH': '',
                      'DEEP': True,
                      'DEEP_SHARED': False,
                      'DROPOUT': 0.1,
                      'FORWARD_DEEP_NOEXPAND': False,
                      'INITIATION': 'random',
                      'LOCATION': 'prepend',
                      'NUM_DEEP_LAYERS': None,
                      'NUM_TOKENS': 100,
                      'PROJECT': -1,
                      'REVERSE_DEEP': False,
                      'SAVE_FOR_EACH_EPOCH': False,
                      'VIT_POOL_TYPE': 'original'},
           'SAVE_CKPT': False,
           'TRANSFER_TYPE': 'prompt',
           'TYPE': 'vit',
           'WEIGHT_PATH': ''},
 'NUM_GPUS': 1,
 'NUM_SHARDS': 1,
 'OUTPUT_DIR': 'visual_prompt_tuning/output_dir/seed100/vtab-dmlab/sup_vitb16_imagenet21k/lr5.0_wd0.0001/run1',
 'RUN_N_TIMES': 1,
 'SEED': None,
 'SOLVER': {'BASE_LR': 5.0,
            'BIAS_MULTIPLIER': 1.0,
            'DBG_TRAINABLE': False,
            'LOG_EVERY_N': 100,
            'LOSS': 'softmax',
            'LOSS_ALPHA': 0.01,
            'MOMENTUM': 0.9,
            'OPTIMIZER': 'sgd',
            'PATIENCE': 300,
            'SCHEDULER': 'cosine',
            'TOTAL_EPOCH': 100,
            'WARMUP_EPOCH': 10,
            'WEIGHT_DECAY': 0.0001,
            'WEIGHT_DECAY_BIAS': 0}}
[09/15 12:28:36 visual_prompt]: Loading training data (final training data for vtab)...
2023-09-15 12:28:36.937613: I tensorflow/core/platform/cpu_feature_guard.cc:193] This TensorFlow binary is optimized with oneAPI Deep Neural Network Library (oneDNN) to use the following CPU instructions in performance-critical operations:  AVX2 AVX512F AVX512_VNNI FMA
To enable them in other operations, rebuild TensorFlow with the appropriate compiler flags.
2023-09-15 12:28:37.139845: I tensorflow/core/util/port.cc:104] oneDNN custom operations are on. You may see slightly different numerical results due to floating-point round-off errors from different computation orders. To turn them off, set the environment variable `TF_ENABLE_ONEDNN_OPTS=0`.
2023-09-15 12:28:38.076577: W tensorflow/compiler/xla/stream_executor/platform/default/dso_loader.cc:64] Could not load dynamic library 'libnvinfer.so.7'; dlerror: libnvinfer.so.7: cannot open shared object file: No such file or directory; LD_LIBRARY_PATH: /home/s1952889/miniconda3/envs/prompt/lib/python3.7/site-packages/cv2/../../lib64:
2023-09-15 12:28:38.076655: W tensorflow/compiler/xla/stream_executor/platform/default/dso_loader.cc:64] Could not load dynamic library 'libnvinfer_plugin.so.7'; dlerror: libnvinfer_plugin.so.7: cannot open shared object file: No such file or directory; LD_LIBRARY_PATH: /home/s1952889/miniconda3/envs/prompt/lib/python3.7/site-packages/cv2/../../lib64:
2023-09-15 12:28:38.076664: W tensorflow/compiler/tf2tensorrt/utils/py_utils.cc:38] TF-TRT Warning: Cannot dlopen some TensorRT libraries. If you would like to use Nvidia GPU with TensorRT, please make sure the missing libraries mentioned above are installed properly.
2023-09-15 12:28:40.211249: W tensorflow/compiler/xla/stream_executor/platform/default/dso_loader.cc:64] Could not load dynamic library 'libcusolver.so.11'; dlerror: libcusolver.so.11: cannot open shared object file: No such file or directory; LD_LIBRARY_PATH: /home/s1952889/miniconda3/envs/prompt/lib/python3.7/site-packages/cv2/../../lib64:
2023-09-15 12:28:40.211366: W tensorflow/compiler/xla/stream_executor/platform/default/dso_loader.cc:64] Could not load dynamic library 'libcudnn.so.8'; dlerror: libcudnn.so.8: cannot open shared object file: No such file or directory; LD_LIBRARY_PATH: /home/s1952889/miniconda3/envs/prompt/lib/python3.7/site-packages/cv2/../../lib64:
2023-09-15 12:28:40.211385: W tensorflow/core/common_runtime/gpu/gpu_device.cc:1934] Cannot dlopen some GPU libraries. Please make sure the missing libraries mentioned above are installed properly if you would like to use GPU. Follow the guide at https://www.tensorflow.org/install/gpu for how to download and setup the required libraries for your platform.
Skipping registering GPU devices...
[09/15 12:28:40 visual_prompt]: Constructing vtab-dmlab dataset trainval...
[INFO: dataset_info.py:  566]: Load dataset info from visual_prompt_tuning/data_path/dmlab/2.0.1
2023-09-15 12:28:40.227671: I tensorflow/core/platform/cpu_feature_guard.cc:193] This TensorFlow binary is optimized with oneAPI Deep Neural Network Library (oneDNN) to use the following CPU instructions in performance-critical operations:  AVX2 AVX512F AVX512_VNNI FMA
To enable them in other operations, rebuild TensorFlow with the appropriate compiler flags.
[INFO: logging_logger.py:   53]: Constructing tf.data.Dataset dmlab for split train[:800]+validation[:200], from visual_prompt_tuning/data_path/dmlab/2.0.1
[09/15 12:28:42 visual_prompt]: Number of images: 1000
[09/15 12:28:42 visual_prompt]: Number of classes: 6 / 6
[09/15 12:28:42 visual_prompt]: Loading validation data...
[09/15 12:28:42 visual_prompt]: Constructing vtab-dmlab dataset val...
[INFO: dataset_info.py:  566]: Load dataset info from visual_prompt_tuning/data_path/dmlab/2.0.1
[INFO: logging_logger.py:   53]: Constructing tf.data.Dataset dmlab for split validation[:200], from visual_prompt_tuning/data_path/dmlab/2.0.1
[09/15 12:28:43 visual_prompt]: Number of images: 200
[09/15 12:28:43 visual_prompt]: Number of classes: 6 / 6
[09/15 12:28:43 visual_prompt]: Loading test data...
[09/15 12:28:43 visual_prompt]: Constructing vtab-dmlab dataset test...
[INFO: dataset_info.py:  566]: Load dataset info from visual_prompt_tuning/data_path/dmlab/2.0.1
[INFO: logging_logger.py:   53]: Constructing tf.data.Dataset dmlab for split test, from visual_prompt_tuning/data_path/dmlab/2.0.1
[09/15 12:29:24 visual_prompt]: Number of images: 22735
[09/15 12:29:24 visual_prompt]: Number of classes: 6 / 6
[09/15 12:29:24 visual_prompt]: Constructing models...
[09/15 12:29:27 visual_prompt]: Total Parameters: 86724870	 Gradient Parameters: 926214
[09/15 12:29:27 visual_prompt]: tuned percent:1.068
[09/15 12:29:31 visual_prompt]: Device used for model: 0
[09/15 12:29:31 visual_prompt]: Setting up Evalutator...
[09/15 12:29:31 visual_prompt]: Setting up Trainer...
[09/15 12:29:31 visual_prompt]: 	Setting up the optimizer...
[09/15 12:29:31 visual_prompt]: Training 1 / 100 epoch, with learning rate 0.0
Traceback (most recent call last):
  File "visual_prompt_tuning/train.py", line 129, in <module>
    main(args)
  File "visual_prompt_tuning/train.py", line 124, in main
    train(cfg, args)
  File "visual_prompt_tuning/train.py", line 109, in train
    trainer.train_classifier(train_loader, val_loader, test_loader)
  File "/home/s1952889/final-project/implementation/visual_prompt_tuning/src/engine/trainer.py", line 185, in train_classifier
    train_loss, _ = self.forward_one_batch(X, targets, True)
  File "/home/s1952889/final-project/implementation/visual_prompt_tuning/src/engine/trainer.py", line 86, in forward_one_batch
    outputs = self.model(inputs)  # (batchsize, num_cls)
  File "/home/s1952889/miniconda3/envs/prompt/lib/python3.7/site-packages/torch/nn/modules/module.py", line 727, in _call_impl
    result = self.forward(*input, **kwargs)
  File "/home/s1952889/final-project/implementation/visual_prompt_tuning/src/models/vit_models.py", line 175, in forward
    x = self.enc(x)  # batch_size x self.feat_dim
  File "/home/s1952889/miniconda3/envs/prompt/lib/python3.7/site-packages/torch/nn/modules/module.py", line 727, in _call_impl
    result = self.forward(*input, **kwargs)
  File "/home/s1952889/final-project/implementation/visual_prompt_tuning/src/models/vit_prompt/vit.py", line 161, in forward
    x, attn_weights = self.transformer(x)
  File "/home/s1952889/miniconda3/envs/prompt/lib/python3.7/site-packages/torch/nn/modules/module.py", line 727, in _call_impl
    result = self.forward(*input, **kwargs)
  File "/home/s1952889/final-project/implementation/visual_prompt_tuning/src/models/vit_prompt/vit.py", line 138, in forward
    embedding_output)
  File "/home/s1952889/final-project/implementation/visual_prompt_tuning/src/models/vit_prompt/vit.py", line 124, in forward_deep_prompt
    hidden_states, weights = self.encoder.layer[i](hidden_states)
  File "/home/s1952889/miniconda3/envs/prompt/lib/python3.7/site-packages/torch/nn/modules/module.py", line 727, in _call_impl
    result = self.forward(*input, **kwargs)
  File "/home/s1952889/final-project/implementation/visual_prompt_tuning/src/models/vit_backbones/vit.py", line 199, in forward
    x, weights = self.attn(x)
  File "/home/s1952889/miniconda3/envs/prompt/lib/python3.7/site-packages/torch/nn/modules/module.py", line 727, in _call_impl
    result = self.forward(*input, **kwargs)
  File "/home/s1952889/final-project/implementation/visual_prompt_tuning/src/models/vit_backbones/vit.py", line 101, in forward
    attention_scores = attention_scores / math.sqrt(self.attention_head_size)
RuntimeError: CUDA out of memory. Tried to allocate 260.00 MiB (GPU 0; 7.80 GiB total capacity; 6.55 GiB already allocated; 45.56 MiB free; 6.65 GiB reserved in total by PyTorch)
[09/15 12:30:08 visual_prompt]: Rank of current process: 0. World size: 1
[09/15 12:30:09 visual_prompt]: Environment info:
-------------------  ----------------------------------------------------
Python               3.7.16 (default, Jan 17 2023, 22:20:44) [GCC 11.2.0]
ENV_MODULE           <not set>
PyTorch              1.7.1
PyTorch Debug Build  False
CUDA available       True
CUDA ID              2
GPU 0                NVIDIA GeForce RTX 2080
Pillow               9.3.0
cv2                  4.8.0
-------------------  ----------------------------------------------------
PyTorch built with:
  - GCC 7.3
  - C++ Version: 201402
  - Intel(R) oneAPI Math Kernel Library Version 2021.4-Product Build 20210904 for Intel(R) 64 architecture applications
  - Intel(R) MKL-DNN v1.6.0 (Git Hash 5ef631a030a6f73131c77892041042805a06064f)
  - OpenMP 201511 (a.k.a. OpenMP 4.5)
  - NNPACK is enabled
  - CPU capability usage: AVX2
  - CUDA Runtime 11.0
  - NVCC architecture flags: -gencode;arch=compute_37,code=sm_37;-gencode;arch=compute_50,code=sm_50;-gencode;arch=compute_60,code=sm_60;-gencode;arch=compute_61,code=sm_61;-gencode;arch=compute_70,code=sm_70;-gencode;arch=compute_75,code=sm_75;-gencode;arch=compute_80,code=sm_80;-gencode;arch=compute_37,code=compute_37
  - CuDNN 8.0.5
  - Magma 2.5.2
  - Build settings: BLAS=MKL, BUILD_TYPE=Release, CXX_FLAGS= -Wno-deprecated -fvisibility-inlines-hidden -DUSE_PTHREADPOOL -fopenmp -DNDEBUG -DUSE_FBGEMM -DUSE_QNNPACK -DUSE_PYTORCH_QNNPACK -DUSE_XNNPACK -DUSE_VULKAN_WRAPPER -O2 -fPIC -Wno-narrowing -Wall -Wextra -Werror=return-type -Wno-missing-field-initializers -Wno-type-limits -Wno-array-bounds -Wno-unknown-pragmas -Wno-sign-compare -Wno-unused-parameter -Wno-unused-variable -Wno-unused-function -Wno-unused-result -Wno-unused-local-typedefs -Wno-strict-overflow -Wno-strict-aliasing -Wno-error=deprecated-declarations -Wno-stringop-overflow -Wno-psabi -Wno-error=pedantic -Wno-error=redundant-decls -Wno-error=old-style-cast -fdiagnostics-color=always -faligned-new -Wno-unused-but-set-variable -Wno-maybe-uninitialized -fno-math-errno -fno-trapping-math -Werror=format -Wno-stringop-overflow, PERF_WITH_AVX=1, PERF_WITH_AVX2=1, PERF_WITH_AVX512=1, USE_CUDA=ON, USE_EXCEPTION_PTR=1, USE_GFLAGS=OFF, USE_GLOG=OFF, USE_MKL=ON, USE_MKLDNN=ON, USE_MPI=OFF, USE_NCCL=ON, USE_NNPACK=ON, USE_OPENMP=ON, 

[09/15 12:30:09 visual_prompt]: Command line arguments: Namespace(config_file='visual_prompt_tuning/configs/prompt/cub.yaml', opts=['MODEL.TYPE', 'vit', 'DATA.BATCH_SIZE', '64', 'MODEL.PROMPT.NUM_TOKENS', '100', 'MODEL.PROMPT.DEEP', 'True', 'MODEL.PROMPT.DROPOUT', '0.1', 'DATA.FEATURE', 'sup_vitb16_imagenet21k', 'DATA.NAME', 'vtab-dmlab', 'DATA.NUMBER_CLASSES', '6', 'SOLVER.BASE_LR', '5.0', 'SOLVER.WEIGHT_DECAY', '0.0001', 'MODEL.MODEL_ROOT', 'visual_prompt_tuning/model_root', 'DATA.DATAPATH', 'visual_prompt_tuning/data_path', 'OUTPUT_DIR', 'visual_prompt_tuning/output_dir/seed800'], train_type='')
[09/15 12:30:09 visual_prompt]: Contents of args.config_file=visual_prompt_tuning/configs/prompt/cub.yaml:
_BASE_: "../base-prompt.yaml"
RUN_N_TIMES: 1
DATA:
  NAME: "CUB"
  DATAPATH: ""  #TODO: need to specify here
  NUMBER_CLASSES: 200
  MULTILABEL: False
MODEL:
  TYPE: "vit"
SOLVER:
  BASE_LR: 0.1
  WEIGHT_DECAY: 0.01
[09/15 12:30:09 visual_prompt]: Training with config:
[09/15 12:30:09 visual_prompt]: {'CUDNN_BENCHMARK': False,
 'DATA': {'BATCH_SIZE': 64,
          'CLASS_WEIGHTS_TYPE': 'none',
          'CROPSIZE': 224,
          'DATAPATH': 'visual_prompt_tuning/data_path',
          'FEATURE': 'sup_vitb16_imagenet21k',
          'MULTILABEL': False,
          'NAME': 'vtab-dmlab',
          'NO_TEST': False,
          'NUMBER_CLASSES': 6,
          'NUM_WORKERS': 4,
          'PERCENTAGE': 1.0,
          'PIN_MEMORY': True},
 'DBG': False,
 'MODEL': {'ADAPTER': CfgNode({'REDUCATION_FACTOR': 8, 'STYLE': 'Pfeiffer'}),
           'LINEAR': CfgNode({'MLP_SIZES': [], 'DROPOUT': 0.1}),
           'MLP_NUM': 0,
           'MODEL_ROOT': 'visual_prompt_tuning/model_root',
           'PROMPT': {'CLSEMB_FOLDER': '',
                      'CLSEMB_PATH': '',
                      'DEEP': True,
                      'DEEP_SHARED': False,
                      'DROPOUT': 0.1,
                      'FORWARD_DEEP_NOEXPAND': False,
                      'INITIATION': 'random',
                      'LOCATION': 'prepend',
                      'NUM_DEEP_LAYERS': None,
                      'NUM_TOKENS': 100,
                      'PROJECT': -1,
                      'REVERSE_DEEP': False,
                      'SAVE_FOR_EACH_EPOCH': False,
                      'VIT_POOL_TYPE': 'original'},
           'SAVE_CKPT': False,
           'TRANSFER_TYPE': 'prompt',
           'TYPE': 'vit',
           'WEIGHT_PATH': ''},
 'NUM_GPUS': 1,
 'NUM_SHARDS': 1,
 'OUTPUT_DIR': 'visual_prompt_tuning/output_dir/seed800/vtab-dmlab/sup_vitb16_imagenet21k/lr5.0_wd0.0001/run1',
 'RUN_N_TIMES': 1,
 'SEED': None,
 'SOLVER': {'BASE_LR': 5.0,
            'BIAS_MULTIPLIER': 1.0,
            'DBG_TRAINABLE': False,
            'LOG_EVERY_N': 100,
            'LOSS': 'softmax',
            'LOSS_ALPHA': 0.01,
            'MOMENTUM': 0.9,
            'OPTIMIZER': 'sgd',
            'PATIENCE': 300,
            'SCHEDULER': 'cosine',
            'TOTAL_EPOCH': 100,
            'WARMUP_EPOCH': 10,
            'WEIGHT_DECAY': 0.0001,
            'WEIGHT_DECAY_BIAS': 0}}
[09/15 12:30:09 visual_prompt]: Loading training data (final training data for vtab)...
2023-09-15 12:30:09.029116: I tensorflow/core/platform/cpu_feature_guard.cc:193] This TensorFlow binary is optimized with oneAPI Deep Neural Network Library (oneDNN) to use the following CPU instructions in performance-critical operations:  AVX2 AVX512F AVX512_VNNI FMA
To enable them in other operations, rebuild TensorFlow with the appropriate compiler flags.
2023-09-15 12:30:09.218430: I tensorflow/core/util/port.cc:104] oneDNN custom operations are on. You may see slightly different numerical results due to floating-point round-off errors from different computation orders. To turn them off, set the environment variable `TF_ENABLE_ONEDNN_OPTS=0`.
2023-09-15 12:30:10.134940: W tensorflow/compiler/xla/stream_executor/platform/default/dso_loader.cc:64] Could not load dynamic library 'libnvinfer.so.7'; dlerror: libnvinfer.so.7: cannot open shared object file: No such file or directory; LD_LIBRARY_PATH: /home/s1952889/miniconda3/envs/prompt/lib/python3.7/site-packages/cv2/../../lib64:
2023-09-15 12:30:10.135026: W tensorflow/compiler/xla/stream_executor/platform/default/dso_loader.cc:64] Could not load dynamic library 'libnvinfer_plugin.so.7'; dlerror: libnvinfer_plugin.so.7: cannot open shared object file: No such file or directory; LD_LIBRARY_PATH: /home/s1952889/miniconda3/envs/prompt/lib/python3.7/site-packages/cv2/../../lib64:
2023-09-15 12:30:10.135036: W tensorflow/compiler/tf2tensorrt/utils/py_utils.cc:38] TF-TRT Warning: Cannot dlopen some TensorRT libraries. If you would like to use Nvidia GPU with TensorRT, please make sure the missing libraries mentioned above are installed properly.
2023-09-15 12:30:12.255266: W tensorflow/compiler/xla/stream_executor/platform/default/dso_loader.cc:64] Could not load dynamic library 'libcusolver.so.11'; dlerror: libcusolver.so.11: cannot open shared object file: No such file or directory; LD_LIBRARY_PATH: /home/s1952889/miniconda3/envs/prompt/lib/python3.7/site-packages/cv2/../../lib64:
2023-09-15 12:30:12.255393: W tensorflow/compiler/xla/stream_executor/platform/default/dso_loader.cc:64] Could not load dynamic library 'libcudnn.so.8'; dlerror: libcudnn.so.8: cannot open shared object file: No such file or directory; LD_LIBRARY_PATH: /home/s1952889/miniconda3/envs/prompt/lib/python3.7/site-packages/cv2/../../lib64:
2023-09-15 12:30:12.255411: W tensorflow/core/common_runtime/gpu/gpu_device.cc:1934] Cannot dlopen some GPU libraries. Please make sure the missing libraries mentioned above are installed properly if you would like to use GPU. Follow the guide at https://www.tensorflow.org/install/gpu for how to download and setup the required libraries for your platform.
Skipping registering GPU devices...
[09/15 12:30:12 visual_prompt]: Constructing vtab-dmlab dataset trainval...
[INFO: dataset_info.py:  566]: Load dataset info from visual_prompt_tuning/data_path/dmlab/2.0.1
2023-09-15 12:30:12.271882: I tensorflow/core/platform/cpu_feature_guard.cc:193] This TensorFlow binary is optimized with oneAPI Deep Neural Network Library (oneDNN) to use the following CPU instructions in performance-critical operations:  AVX2 AVX512F AVX512_VNNI FMA
To enable them in other operations, rebuild TensorFlow with the appropriate compiler flags.
[INFO: logging_logger.py:   53]: Constructing tf.data.Dataset dmlab for split train[:800]+validation[:200], from visual_prompt_tuning/data_path/dmlab/2.0.1
[09/15 12:30:14 visual_prompt]: Number of images: 1000
[09/15 12:30:14 visual_prompt]: Number of classes: 6 / 6
[09/15 12:30:14 visual_prompt]: Loading validation data...
[09/15 12:30:14 visual_prompt]: Constructing vtab-dmlab dataset val...
[INFO: dataset_info.py:  566]: Load dataset info from visual_prompt_tuning/data_path/dmlab/2.0.1
[INFO: logging_logger.py:   53]: Constructing tf.data.Dataset dmlab for split validation[:200], from visual_prompt_tuning/data_path/dmlab/2.0.1
[09/15 12:30:15 visual_prompt]: Number of images: 200
[09/15 12:30:15 visual_prompt]: Number of classes: 6 / 6
[09/15 12:30:15 visual_prompt]: Loading test data...
[09/15 12:30:15 visual_prompt]: Constructing vtab-dmlab dataset test...
[INFO: dataset_info.py:  566]: Load dataset info from visual_prompt_tuning/data_path/dmlab/2.0.1
[INFO: logging_logger.py:   53]: Constructing tf.data.Dataset dmlab for split test, from visual_prompt_tuning/data_path/dmlab/2.0.1
[09/15 12:30:56 visual_prompt]: Number of images: 22735
[09/15 12:30:57 visual_prompt]: Number of classes: 6 / 6
[09/15 12:30:57 visual_prompt]: Constructing models...
[09/15 12:31:00 visual_prompt]: Total Parameters: 86724870	 Gradient Parameters: 926214
[09/15 12:31:00 visual_prompt]: tuned percent:1.068
[09/15 12:31:03 visual_prompt]: Device used for model: 0
[09/15 12:31:03 visual_prompt]: Setting up Evalutator...
[09/15 12:31:03 visual_prompt]: Setting up Trainer...
[09/15 12:31:03 visual_prompt]: 	Setting up the optimizer...
[09/15 12:31:03 visual_prompt]: Training 1 / 100 epoch, with learning rate 0.0
Traceback (most recent call last):
  File "visual_prompt_tuning/train.py", line 129, in <module>
    main(args)
  File "visual_prompt_tuning/train.py", line 124, in main
    train(cfg, args)
  File "visual_prompt_tuning/train.py", line 109, in train
    trainer.train_classifier(train_loader, val_loader, test_loader)
  File "/home/s1952889/final-project/implementation/visual_prompt_tuning/src/engine/trainer.py", line 185, in train_classifier
    train_loss, _ = self.forward_one_batch(X, targets, True)
  File "/home/s1952889/final-project/implementation/visual_prompt_tuning/src/engine/trainer.py", line 86, in forward_one_batch
    outputs = self.model(inputs)  # (batchsize, num_cls)
  File "/home/s1952889/miniconda3/envs/prompt/lib/python3.7/site-packages/torch/nn/modules/module.py", line 727, in _call_impl
    result = self.forward(*input, **kwargs)
  File "/home/s1952889/final-project/implementation/visual_prompt_tuning/src/models/vit_models.py", line 175, in forward
    x = self.enc(x)  # batch_size x self.feat_dim
  File "/home/s1952889/miniconda3/envs/prompt/lib/python3.7/site-packages/torch/nn/modules/module.py", line 727, in _call_impl
    result = self.forward(*input, **kwargs)
  File "/home/s1952889/final-project/implementation/visual_prompt_tuning/src/models/vit_prompt/vit.py", line 161, in forward
    x, attn_weights = self.transformer(x)
  File "/home/s1952889/miniconda3/envs/prompt/lib/python3.7/site-packages/torch/nn/modules/module.py", line 727, in _call_impl
    result = self.forward(*input, **kwargs)
  File "/home/s1952889/final-project/implementation/visual_prompt_tuning/src/models/vit_prompt/vit.py", line 138, in forward
    embedding_output)
  File "/home/s1952889/final-project/implementation/visual_prompt_tuning/src/models/vit_prompt/vit.py", line 124, in forward_deep_prompt
    hidden_states, weights = self.encoder.layer[i](hidden_states)
  File "/home/s1952889/miniconda3/envs/prompt/lib/python3.7/site-packages/torch/nn/modules/module.py", line 727, in _call_impl
    result = self.forward(*input, **kwargs)
  File "/home/s1952889/final-project/implementation/visual_prompt_tuning/src/models/vit_backbones/vit.py", line 199, in forward
    x, weights = self.attn(x)
  File "/home/s1952889/miniconda3/envs/prompt/lib/python3.7/site-packages/torch/nn/modules/module.py", line 727, in _call_impl
    result = self.forward(*input, **kwargs)
  File "/home/s1952889/final-project/implementation/visual_prompt_tuning/src/models/vit_backbones/vit.py", line 101, in forward
    attention_scores = attention_scores / math.sqrt(self.attention_head_size)
RuntimeError: CUDA out of memory. Tried to allocate 260.00 MiB (GPU 0; 7.80 GiB total capacity; 6.55 GiB already allocated; 45.56 MiB free; 6.65 GiB reserved in total by PyTorch)
