/bin/bash: /home/s1952889/miniconda3/envs/prompt/lib/libtinfo.so.6: no version information available (required by /bin/bash)
An exception occurred in telemetry logging.Disabling telemetry to prevent further exceptions.
Traceback (most recent call last):
  File "/home/s1952889/miniconda3/envs/prompt/lib/python3.11/site-packages/iopath/common/file_io.py", line 946, in __log_tmetry_keys
    handler.log_event()
  File "/home/s1952889/miniconda3/envs/prompt/lib/python3.11/site-packages/iopath/common/event_logger.py", line 97, in log_event
    del self._evt
        ^^^^^^^^^
AttributeError: 'NativePathHandler' object has no attribute '_evt'
Namespace(config_file='visual_prompt_tuning/configs/finetune/cub.yaml', train_type='finetune', opts=['MODEL.TYPE', 'vit', 'DATA.BATCH_SIZE', '64', 'MODEL.PROMPT.NUM_TOKENS', '50', 'MODEL.PROMPT.DEEP', 'True', 'MODEL.PROMPT.DROPOUT', '0.1', 'DATA.FEATURE', 'sup_vitb16_imagenet21k', 'DATA.NAME', 'mammo-cbis', 'DATA.NUMBER_CLASSES', '2', 'DATA.CROPSIZE', '224', 'MODEL.MODEL_ROOT', 'visual_prompt_tuning/model_root', 'DATA.DATAPATH', 'visual_prompt_tuning/data_path', 'OUTPUT_DIR', 'visual_prompt_tuning/output_dir', 'SOLVER.PATIENCE', '7', 'SOLVER.CRITERION', 'loss'])
[11/07 09:18:30 visual_prompt]: Rank of current process: 0. World size: 1
[11/07 09:18:35 visual_prompt]: Environment info:
-------------------  -------------------------------------------------
Python               3.11.5 (main, Sep 11 2023, 13:54:46) [GCC 11.2.0]
ENV_MODULE           <not set>
PyTorch              2.0.1+cu118
PyTorch Debug Build  False
CUDA available       True
CUDA ID              0
GPU 0                Quadro RTX 6000
Pillow               9.3.0
cv2                  4.8.0
-------------------  -------------------------------------------------
PyTorch built with:
  - GCC 9.3
  - C++ Version: 201703
  - Intel(R) oneAPI Math Kernel Library Version 2022.2-Product Build 20220804 for Intel(R) 64 architecture applications
  - Intel(R) MKL-DNN v2.7.3 (Git Hash 6dbeffbae1f23cbbeae17adb7b5b13f1f37c080e)
  - OpenMP 201511 (a.k.a. OpenMP 4.5)
  - LAPACK is enabled (usually provided by MKL)
  - NNPACK is enabled
  - CPU capability usage: AVX2
  - CUDA Runtime 11.8
  - NVCC architecture flags: -gencode;arch=compute_37,code=sm_37;-gencode;arch=compute_50,code=sm_50;-gencode;arch=compute_60,code=sm_60;-gencode;arch=compute_70,code=sm_70;-gencode;arch=compute_75,code=sm_75;-gencode;arch=compute_80,code=sm_80;-gencode;arch=compute_86,code=sm_86;-gencode;arch=compute_90,code=sm_90
  - CuDNN 8.7
  - Magma 2.6.1
  - Build settings: BLAS_INFO=mkl, BUILD_TYPE=Release, CUDA_VERSION=11.8, CUDNN_VERSION=8.7.0, CXX_COMPILER=/opt/rh/devtoolset-9/root/usr/bin/c++, CXX_FLAGS= -D_GLIBCXX_USE_CXX11_ABI=0 -fabi-version=11 -Wno-deprecated -fvisibility-inlines-hidden -DUSE_PTHREADPOOL -DNDEBUG -DUSE_KINETO -DLIBKINETO_NOROCTRACER -DUSE_FBGEMM -DUSE_QNNPACK -DUSE_PYTORCH_QNNPACK -DUSE_XNNPACK -DSYMBOLICATE_MOBILE_DEBUG_HANDLE -O2 -fPIC -Wall -Wextra -Werror=return-type -Werror=non-virtual-dtor -Werror=bool-operation -Wnarrowing -Wno-missing-field-initializers -Wno-type-limits -Wno-array-bounds -Wno-unknown-pragmas -Wunused-local-typedefs -Wno-unused-parameter -Wno-unused-function -Wno-unused-result -Wno-strict-overflow -Wno-strict-aliasing -Wno-error=deprecated-declarations -Wno-stringop-overflow -Wno-psabi -Wno-error=pedantic -Wno-error=redundant-decls -Wno-error=old-style-cast -fdiagnostics-color=always -faligned-new -Wno-unused-but-set-variable -Wno-maybe-uninitialized -fno-math-errno -fno-trapping-math -Werror=format -Werror=cast-function-type -Wno-stringop-overflow, LAPACK_INFO=mkl, PERF_WITH_AVX=1, PERF_WITH_AVX2=1, PERF_WITH_AVX512=1, TORCH_DISABLE_GPU_ASSERTS=ON, TORCH_VERSION=2.0.1, USE_CUDA=ON, USE_CUDNN=ON, USE_EXCEPTION_PTR=1, USE_GFLAGS=OFF, USE_GLOG=OFF, USE_MKL=ON, USE_MKLDNN=ON, USE_MPI=OFF, USE_NCCL=1, USE_NNPACK=ON, USE_OPENMP=ON, USE_ROCM=OFF, 

[11/07 09:18:35 visual_prompt]: Command line arguments: Namespace(config_file='visual_prompt_tuning/configs/finetune/cub.yaml', train_type='finetune', opts=['MODEL.TYPE', 'vit', 'DATA.BATCH_SIZE', '64', 'MODEL.PROMPT.NUM_TOKENS', '50', 'MODEL.PROMPT.DEEP', 'True', 'MODEL.PROMPT.DROPOUT', '0.1', 'DATA.FEATURE', 'sup_vitb16_imagenet21k', 'DATA.NAME', 'mammo-cbis', 'DATA.NUMBER_CLASSES', '2', 'DATA.CROPSIZE', '224', 'MODEL.MODEL_ROOT', 'visual_prompt_tuning/model_root', 'DATA.DATAPATH', 'visual_prompt_tuning/data_path', 'OUTPUT_DIR', 'visual_prompt_tuning/output_dir', 'SOLVER.PATIENCE', '7', 'SOLVER.CRITERION', 'loss'])
[11/07 09:18:35 visual_prompt]: Contents of args.config_file=visual_prompt_tuning/configs/finetune/cub.yaml:
_BASE_: "../base-finetune.yaml"
RUN_N_TIMES: 1
DATA:
  NAME: "CUB"
  DATAPATH: ""  #TODO: need to specify here
  NUMBER_CLASSES: 200
  MULTILABEL: False
  FEATURE: "imagenet_supervised"  # need to tune
MODEL:
  TYPE: "vit"
SOLVER:
  BASE_LR: 0.00375
  WEIGHT_DECAY: 0.01

[11/07 09:18:35 visual_prompt]: Training with config:
[11/07 09:18:35 visual_prompt]: CfgNode({'DBG': False, 'OUTPUT_DIR': 'visual_prompt_tuning/output_dir/mammo-cbis/sup_vitb16_imagenet21k/end2end/crop224/val/seed0/lr0.005_wd0.01/run1', 'RUN_N_TIMES': 1, 'CUDNN_BENCHMARK': False, 'NUM_GPUS': 1, 'NUM_SHARDS': 1, 'SEED': 0, 'MODEL': CfgNode({'TRANSFER_TYPE': 'end2end', 'WEIGHT_PATH': '', 'SAVE_CKPT': False, 'MODEL_ROOT': 'visual_prompt_tuning/model_root', 'TYPE': 'vit', 'MLP_NUM': 0, 'LINEAR': CfgNode({'MLP_SIZES': [], 'DROPOUT': 0.1}), 'PROMPT': CfgNode({'NUM_TOKENS': 50, 'LOCATION': 'prepend', 'INITIATION': 'random', 'CLSEMB_FOLDER': '', 'CLSEMB_PATH': '', 'PROJECT': -1, 'DEEP': True, 'NUM_DEEP_LAYERS': None, 'REVERSE_DEEP': False, 'DEEP_SHARED': False, 'FORWARD_DEEP_NOEXPAND': False, 'VIT_POOL_TYPE': 'original', 'DROPOUT': 0.1, 'SAVE_FOR_EACH_EPOCH': False}), 'ADAPTER': CfgNode({'REDUCATION_FACTOR': 8, 'STYLE': 'Pfeiffer'})}), 'SOLVER': CfgNode({'LOSS': 'softmax', 'LOSS_ALPHA': 0.01, 'OPTIMIZER': 'adamw', 'MOMENTUM': 0.9, 'WEIGHT_DECAY': 0.01, 'WEIGHT_DECAY_BIAS': 0, 'PATIENCE': 7, 'CRITERION': 'loss', 'SCHEDULER': 'cosine', 'BASE_LR': 0.005, 'BIAS_MULTIPLIER': 1.0, 'WARMUP_EPOCH': 5, 'TOTAL_EPOCH': 100, 'LOG_EVERY_N': 100, 'DBG_TRAINABLE': False}), 'DATA': CfgNode({'NAME': 'mammo-cbis', 'DATAPATH': 'visual_prompt_tuning/data_path', 'FEATURE': 'sup_vitb16_imagenet21k', 'PERCENTAGE': 1.0, 'NUMBER_CLASSES': 2, 'MULTILABEL': False, 'CLASS_WEIGHTS_TYPE': 'none', 'CROPSIZE': 224, 'NO_TEST': False, 'BATCH_SIZE': 64, 'NUM_WORKERS': 8, 'PIN_MEMORY': True})})
[11/07 09:18:35 visual_prompt]: Loading training data...
[11/07 09:18:35 visual_prompt]: Constructing mammo-cbis dataset train...
[11/07 09:18:35 visual_prompt]: Loading validation data...
[11/07 09:18:35 visual_prompt]: Constructing mammo-cbis dataset val...
[11/07 09:18:35 visual_prompt]: Constructing models...
[11/07 09:18:42 visual_prompt]: Enable all parameters update during training
[11/07 09:18:42 visual_prompt]: Total Parameters: 85800194	 Gradient Parameters: 85800194
[11/07 09:18:42 visual_prompt]: tuned percent:100.000
[11/07 09:18:43 visual_prompt]: Device used for model: 0
[11/07 09:18:43 visual_prompt]: Setting up Evaluator...
[11/07 09:18:43 visual_prompt]: Setting up Trainer...
[11/07 09:18:43 visual_prompt]: 	Setting up the optimizer...
[11/07 09:18:43 visual_prompt]: Training 1 / 100 epoch, with learning rate 0.0
[11/07 09:25:37 visual_prompt]: Epoch 1 / 100: avg data time: 1.05e+01, avg batch time: 11.8231, average train loss: 5.2325
[11/07 09:26:24 visual_prompt]: Inference (val):avg data time: 2.52e-05, avg batch time: 0.3765, average loss: 4.3337
[11/07 09:26:24 visual_prompt]: Classification results with val_mammo-cbis: top1: 45.12	rocauc: 47.86	
[11/07 09:26:24 visual_prompt]: Training 2 / 100 epoch, with learning rate 0.001
[11/07 09:33:05 visual_prompt]: Epoch 2 / 100: avg data time: 1.03e+01, avg batch time: 11.4543, average train loss: 4.0014
[11/07 09:33:50 visual_prompt]: Inference (val):avg data time: 2.69e-05, avg batch time: 0.3777, average loss: 0.7107
[11/07 09:33:50 visual_prompt]: Classification results with val_mammo-cbis: top1: 52.44	rocauc: 57.50	
[11/07 09:33:50 visual_prompt]: Training 3 / 100 epoch, with learning rate 0.002
[11/07 09:40:44 visual_prompt]: Epoch 3 / 100: avg data time: 1.07e+01, avg batch time: 11.8078, average train loss: 1.0147
[11/07 09:41:32 visual_prompt]: Inference (val):avg data time: 2.38e-05, avg batch time: 0.3316, average loss: 1.0454
[11/07 09:41:32 visual_prompt]: Classification results with val_mammo-cbis: top1: 54.88	rocauc: 53.87	
[11/07 09:41:32 visual_prompt]: Training 4 / 100 epoch, with learning rate 0.003
[11/07 09:48:22 visual_prompt]: Epoch 4 / 100: avg data time: 1.06e+01, avg batch time: 11.7176, average train loss: 0.9690
[11/07 09:49:07 visual_prompt]: Inference (val):avg data time: 2.46e-05, avg batch time: 0.3480, average loss: 1.3674
[11/07 09:49:07 visual_prompt]: Classification results with val_mammo-cbis: top1: 45.12	rocauc: 54.73	
[11/07 09:49:07 visual_prompt]: Training 5 / 100 epoch, with learning rate 0.004
[11/07 09:55:49 visual_prompt]: Epoch 5 / 100: avg data time: 1.04e+01, avg batch time: 11.4614, average train loss: 0.9136
[11/07 09:56:34 visual_prompt]: Inference (val):avg data time: 2.72e-05, avg batch time: 0.3527, average loss: 1.1429
[11/07 09:56:34 visual_prompt]: Classification results with val_mammo-cbis: top1: 45.12	rocauc: 54.89	
[11/07 09:56:34 visual_prompt]: Training 6 / 100 epoch, with learning rate 0.005
[11/07 10:03:16 visual_prompt]: Epoch 6 / 100: avg data time: 1.04e+01, avg batch time: 11.4861, average train loss: 0.7738
[11/07 10:04:02 visual_prompt]: Inference (val):avg data time: 2.37e-05, avg batch time: 0.3505, average loss: 0.7458
[11/07 10:04:02 visual_prompt]: Classification results with val_mammo-cbis: top1: 54.88	rocauc: 54.72	
[11/07 10:04:02 visual_prompt]: Training 7 / 100 epoch, with learning rate 0.004998633143352315
[11/07 10:10:45 visual_prompt]: Epoch 7 / 100: avg data time: 1.04e+01, avg batch time: 11.5097, average train loss: 0.8028
[11/07 10:11:30 visual_prompt]: Inference (val):avg data time: 3.24e-05, avg batch time: 0.3575, average loss: 0.7301
[11/07 10:11:30 visual_prompt]: Classification results with val_mammo-cbis: top1: 47.97	rocauc: 54.57	
[11/07 10:11:31 visual_prompt]: Best epoch 7: best metric: -0.730
[11/07 10:11:31 visual_prompt]: Training 8 / 100 epoch, with learning rate 0.004994534068046936
[11/07 10:18:13 visual_prompt]: Epoch 8 / 100: avg data time: 1.04e+01, avg batch time: 11.5011, average train loss: 0.8385
[11/07 10:18:59 visual_prompt]: Inference (val):avg data time: 2.74e-05, avg batch time: 0.3496, average loss: 0.8498
[11/07 10:18:59 visual_prompt]: Classification results with val_mammo-cbis: top1: 54.88	rocauc: 53.77	
[11/07 10:18:59 visual_prompt]: Training 9 / 100 epoch, with learning rate 0.0049877072563625285
[11/07 10:25:41 visual_prompt]: Epoch 9 / 100: avg data time: 1.04e+01, avg batch time: 11.4832, average train loss: 1.0340
[11/07 10:26:27 visual_prompt]: Inference (val):avg data time: 2.34e-05, avg batch time: 0.3482, average loss: 0.6980
[11/07 10:26:27 visual_prompt]: Classification results with val_mammo-cbis: top1: 56.10	rocauc: 55.04	
[11/07 10:26:27 visual_prompt]: Best epoch 9: best metric: -0.698
[11/07 10:26:27 visual_prompt]: Training 10 / 100 epoch, with learning rate 0.004978160173317438
[11/07 10:33:08 visual_prompt]: Epoch 10 / 100: avg data time: 1.04e+01, avg batch time: 11.4774, average train loss: 0.7297
[11/07 10:33:54 visual_prompt]: Inference (val):avg data time: 2.63e-05, avg batch time: 0.3507, average loss: 0.8788
[11/07 10:33:54 visual_prompt]: Classification results with val_mammo-cbis: top1: 45.12	rocauc: 54.81	
[11/07 10:33:54 visual_prompt]: Training 11 / 100 epoch, with learning rate 0.004965903258506806
[11/07 10:40:35 visual_prompt]: Epoch 11 / 100: avg data time: 1.04e+01, avg batch time: 11.4633, average train loss: 0.7187
[11/07 10:41:21 visual_prompt]: Inference (val):avg data time: 2.46e-05, avg batch time: 0.3580, average loss: 0.6950
[11/07 10:41:21 visual_prompt]: Classification results with val_mammo-cbis: top1: 50.41	rocauc: 54.01	
[11/07 10:41:21 visual_prompt]: Best epoch 11: best metric: -0.695
[11/07 10:41:21 visual_prompt]: Training 12 / 100 epoch, with learning rate 0.004950949914687024
[11/07 10:48:25 visual_prompt]: Epoch 12 / 100: avg data time: 1.10e+01, avg batch time: 12.0985, average train loss: 0.7528
[11/07 10:49:16 visual_prompt]: Inference (val):avg data time: 3.12e-05, avg batch time: 0.3610, average loss: 1.0544
[11/07 10:49:16 visual_prompt]: Classification results with val_mammo-cbis: top1: 45.12	rocauc: 54.68	
[11/07 10:49:16 visual_prompt]: Training 13 / 100 epoch, with learning rate 0.0049333164931200145
[11/07 10:56:17 visual_prompt]: Epoch 13 / 100: avg data time: 1.09e+01, avg batch time: 12.0298, average train loss: 0.7875
[11/07 10:57:05 visual_prompt]: Inference (val):avg data time: 2.95e-05, avg batch time: 0.3510, average loss: 0.6961
[11/07 10:57:05 visual_prompt]: Classification results with val_mammo-cbis: top1: 56.91	rocauc: 55.10	
[11/07 10:57:05 visual_prompt]: Training 14 / 100 epoch, with learning rate 0.004913022275693372
[11/07 11:04:04 visual_prompt]: Epoch 14 / 100: avg data time: 1.09e+01, avg batch time: 11.9712, average train loss: 0.7028
[11/07 11:04:51 visual_prompt]: Inference (val):avg data time: 2.70e-05, avg batch time: 0.3485, average loss: 0.6832
[11/07 11:04:51 visual_prompt]: Classification results with val_mammo-cbis: top1: 55.28	rocauc: 56.31	
[11/07 11:04:51 visual_prompt]: Best epoch 14: best metric: -0.683
[11/07 11:04:51 visual_prompt]: Training 15 / 100 epoch, with learning rate 0.0048900894538358945
[11/07 11:11:51 visual_prompt]: Epoch 15 / 100: avg data time: 1.09e+01, avg batch time: 11.9888, average train loss: 0.7442
[11/07 11:12:38 visual_prompt]: Inference (val):avg data time: 2.95e-05, avg batch time: 0.3478, average loss: 0.7018
[11/07 11:12:38 visual_prompt]: Classification results with val_mammo-cbis: top1: 54.88	rocauc: 55.61	
[11/07 11:12:38 visual_prompt]: Training 16 / 100 epoch, with learning rate 0.004864543104251586
[11/07 11:19:37 visual_prompt]: Epoch 16 / 100: avg data time: 1.09e+01, avg batch time: 11.9556, average train loss: 0.7046
[11/07 11:20:25 visual_prompt]: Inference (val):avg data time: 2.77e-05, avg batch time: 0.3581, average loss: 0.7123
[11/07 11:20:25 visual_prompt]: Classification results with val_mammo-cbis: top1: 56.10	rocauc: 55.09	
[11/07 11:20:25 visual_prompt]: Training 17 / 100 epoch, with learning rate 0.004836411161498653
[11/07 11:27:24 visual_prompt]: Epoch 17 / 100: avg data time: 1.09e+01, avg batch time: 11.9930, average train loss: 0.7408
[11/07 11:28:12 visual_prompt]: Inference (val):avg data time: 3.58e-05, avg batch time: 0.3562, average loss: 0.9818
[11/07 11:28:12 visual_prompt]: Classification results with val_mammo-cbis: top1: 45.12	rocauc: 55.27	
[11/07 11:28:12 visual_prompt]: Training 18 / 100 epoch, with learning rate 0.004805724387443462
[11/07 11:35:11 visual_prompt]: Epoch 18 / 100: avg data time: 1.09e+01, avg batch time: 11.9775, average train loss: 0.7661
[11/07 11:35:59 visual_prompt]: Inference (val):avg data time: 3.06e-05, avg batch time: 0.3597, average loss: 0.6995
[11/07 11:35:59 visual_prompt]: Classification results with val_mammo-cbis: top1: 51.63	rocauc: 54.89	
[11/07 11:35:59 visual_prompt]: Training 19 / 100 epoch, with learning rate 0.004772516337622906
[11/07 11:42:58 visual_prompt]: Epoch 19 / 100: avg data time: 1.10e+01, avg batch time: 11.9858, average train loss: 0.6935
[11/07 11:43:46 visual_prompt]: Inference (val):avg data time: 2.74e-05, avg batch time: 0.2444, average loss: 0.8355
[11/07 11:43:46 visual_prompt]: Classification results with val_mammo-cbis: top1: 45.12	rocauc: 55.29	
[11/07 11:43:46 visual_prompt]: Training 20 / 100 epoch, with learning rate 0.004736823324551909
[11/07 11:50:45 visual_prompt]: Epoch 20 / 100: avg data time: 1.12e+01, avg batch time: 11.9813, average train loss: 0.7488
[11/07 11:51:32 visual_prompt]: Inference (val):avg data time: 2.82e-05, avg batch time: 0.2437, average loss: 0.7235
[11/07 11:51:32 visual_prompt]: Classification results with val_mammo-cbis: top1: 53.25	rocauc: 54.91	
[11/07 11:51:32 visual_prompt]: Training 21 / 100 epoch, with learning rate 0.004698684378016222
[11/07 11:58:24 visual_prompt]: Epoch 21 / 100: avg data time: 1.10e+01, avg batch time: 11.7596, average train loss: 0.6947
[11/07 11:59:10 visual_prompt]: Inference (val):avg data time: 2.72e-05, avg batch time: 0.2428, average loss: 0.6934
[11/07 11:59:10 visual_prompt]: Classification results with val_mammo-cbis: top1: 54.47	rocauc: 55.23	
[11/07 11:59:10 visual_prompt]: Stopping early.
[11/07 11:59:11 visual_prompt]: Rank of current process: 0. World size: 1
[11/07 11:59:11 visual_prompt]: Environment info:
-------------------  -------------------------------------------------
Python               3.11.5 (main, Sep 11 2023, 13:54:46) [GCC 11.2.0]
ENV_MODULE           <not set>
PyTorch              2.0.1+cu118
PyTorch Debug Build  False
CUDA available       True
CUDA ID              0
GPU 0                Quadro RTX 6000
Pillow               9.3.0
cv2                  4.8.0
-------------------  -------------------------------------------------
PyTorch built with:
  - GCC 9.3
  - C++ Version: 201703
  - Intel(R) oneAPI Math Kernel Library Version 2022.2-Product Build 20220804 for Intel(R) 64 architecture applications
  - Intel(R) MKL-DNN v2.7.3 (Git Hash 6dbeffbae1f23cbbeae17adb7b5b13f1f37c080e)
  - OpenMP 201511 (a.k.a. OpenMP 4.5)
  - LAPACK is enabled (usually provided by MKL)
  - NNPACK is enabled
  - CPU capability usage: AVX2
  - CUDA Runtime 11.8
  - NVCC architecture flags: -gencode;arch=compute_37,code=sm_37;-gencode;arch=compute_50,code=sm_50;-gencode;arch=compute_60,code=sm_60;-gencode;arch=compute_70,code=sm_70;-gencode;arch=compute_75,code=sm_75;-gencode;arch=compute_80,code=sm_80;-gencode;arch=compute_86,code=sm_86;-gencode;arch=compute_90,code=sm_90
  - CuDNN 8.7
  - Magma 2.6.1
  - Build settings: BLAS_INFO=mkl, BUILD_TYPE=Release, CUDA_VERSION=11.8, CUDNN_VERSION=8.7.0, CXX_COMPILER=/opt/rh/devtoolset-9/root/usr/bin/c++, CXX_FLAGS= -D_GLIBCXX_USE_CXX11_ABI=0 -fabi-version=11 -Wno-deprecated -fvisibility-inlines-hidden -DUSE_PTHREADPOOL -DNDEBUG -DUSE_KINETO -DLIBKINETO_NOROCTRACER -DUSE_FBGEMM -DUSE_QNNPACK -DUSE_PYTORCH_QNNPACK -DUSE_XNNPACK -DSYMBOLICATE_MOBILE_DEBUG_HANDLE -O2 -fPIC -Wall -Wextra -Werror=return-type -Werror=non-virtual-dtor -Werror=bool-operation -Wnarrowing -Wno-missing-field-initializers -Wno-type-limits -Wno-array-bounds -Wno-unknown-pragmas -Wunused-local-typedefs -Wno-unused-parameter -Wno-unused-function -Wno-unused-result -Wno-strict-overflow -Wno-strict-aliasing -Wno-error=deprecated-declarations -Wno-stringop-overflow -Wno-psabi -Wno-error=pedantic -Wno-error=redundant-decls -Wno-error=old-style-cast -fdiagnostics-color=always -faligned-new -Wno-unused-but-set-variable -Wno-maybe-uninitialized -fno-math-errno -fno-trapping-math -Werror=format -Werror=cast-function-type -Wno-stringop-overflow, LAPACK_INFO=mkl, PERF_WITH_AVX=1, PERF_WITH_AVX2=1, PERF_WITH_AVX512=1, TORCH_DISABLE_GPU_ASSERTS=ON, TORCH_VERSION=2.0.1, USE_CUDA=ON, USE_CUDNN=ON, USE_EXCEPTION_PTR=1, USE_GFLAGS=OFF, USE_GLOG=OFF, USE_MKL=ON, USE_MKLDNN=ON, USE_MPI=OFF, USE_NCCL=1, USE_NNPACK=ON, USE_OPENMP=ON, USE_ROCM=OFF, 

[11/07 11:59:11 visual_prompt]: Command line arguments: Namespace(config_file='visual_prompt_tuning/configs/finetune/cub.yaml', train_type='finetune', opts=['MODEL.TYPE', 'vit', 'DATA.BATCH_SIZE', '64', 'MODEL.PROMPT.NUM_TOKENS', '50', 'MODEL.PROMPT.DEEP', 'True', 'MODEL.PROMPT.DROPOUT', '0.1', 'DATA.FEATURE', 'sup_vitb16_imagenet21k', 'DATA.NAME', 'mammo-cbis', 'DATA.NUMBER_CLASSES', '2', 'DATA.CROPSIZE', '224', 'MODEL.MODEL_ROOT', 'visual_prompt_tuning/model_root', 'DATA.DATAPATH', 'visual_prompt_tuning/data_path', 'OUTPUT_DIR', 'visual_prompt_tuning/output_dir', 'SOLVER.PATIENCE', '7', 'SOLVER.CRITERION', 'loss'])
[11/07 11:59:11 visual_prompt]: Contents of args.config_file=visual_prompt_tuning/configs/finetune/cub.yaml:
_BASE_: "../base-finetune.yaml"
RUN_N_TIMES: 1
DATA:
  NAME: "CUB"
  DATAPATH: ""  #TODO: need to specify here
  NUMBER_CLASSES: 200
  MULTILABEL: False
  FEATURE: "imagenet_supervised"  # need to tune
MODEL:
  TYPE: "vit"
SOLVER:
  BASE_LR: 0.00375
  WEIGHT_DECAY: 0.01

[11/07 11:59:11 visual_prompt]: Training with config:
[11/07 11:59:11 visual_prompt]: CfgNode({'DBG': False, 'OUTPUT_DIR': 'visual_prompt_tuning/output_dir/mammo-cbis/sup_vitb16_imagenet21k/end2end/crop224/val/seed0/lr0.005_wd0.001/run1', 'RUN_N_TIMES': 1, 'CUDNN_BENCHMARK': False, 'NUM_GPUS': 1, 'NUM_SHARDS': 1, 'SEED': 0, 'MODEL': CfgNode({'TRANSFER_TYPE': 'end2end', 'WEIGHT_PATH': '', 'SAVE_CKPT': False, 'MODEL_ROOT': 'visual_prompt_tuning/model_root', 'TYPE': 'vit', 'MLP_NUM': 0, 'LINEAR': CfgNode({'MLP_SIZES': [], 'DROPOUT': 0.1}), 'PROMPT': CfgNode({'NUM_TOKENS': 50, 'LOCATION': 'prepend', 'INITIATION': 'random', 'CLSEMB_FOLDER': '', 'CLSEMB_PATH': '', 'PROJECT': -1, 'DEEP': True, 'NUM_DEEP_LAYERS': None, 'REVERSE_DEEP': False, 'DEEP_SHARED': False, 'FORWARD_DEEP_NOEXPAND': False, 'VIT_POOL_TYPE': 'original', 'DROPOUT': 0.1, 'SAVE_FOR_EACH_EPOCH': False}), 'ADAPTER': CfgNode({'REDUCATION_FACTOR': 8, 'STYLE': 'Pfeiffer'})}), 'SOLVER': CfgNode({'LOSS': 'softmax', 'LOSS_ALPHA': 0.01, 'OPTIMIZER': 'adamw', 'MOMENTUM': 0.9, 'WEIGHT_DECAY': 0.001, 'WEIGHT_DECAY_BIAS': 0, 'PATIENCE': 7, 'CRITERION': 'loss', 'SCHEDULER': 'cosine', 'BASE_LR': 0.005, 'BIAS_MULTIPLIER': 1.0, 'WARMUP_EPOCH': 5, 'TOTAL_EPOCH': 100, 'LOG_EVERY_N': 100, 'DBG_TRAINABLE': False}), 'DATA': CfgNode({'NAME': 'mammo-cbis', 'DATAPATH': 'visual_prompt_tuning/data_path', 'FEATURE': 'sup_vitb16_imagenet21k', 'PERCENTAGE': 1.0, 'NUMBER_CLASSES': 2, 'MULTILABEL': False, 'CLASS_WEIGHTS_TYPE': 'none', 'CROPSIZE': 224, 'NO_TEST': False, 'BATCH_SIZE': 64, 'NUM_WORKERS': 8, 'PIN_MEMORY': True})})
[11/07 11:59:11 visual_prompt]: Loading training data...
[11/07 11:59:11 visual_prompt]: Constructing mammo-cbis dataset train...
[11/07 11:59:11 visual_prompt]: Loading validation data...
[11/07 11:59:11 visual_prompt]: Constructing mammo-cbis dataset val...
[11/07 11:59:11 visual_prompt]: Constructing models...
[11/07 11:59:16 visual_prompt]: Enable all parameters update during training
[11/07 11:59:16 visual_prompt]: Total Parameters: 85800194	 Gradient Parameters: 85800194
[11/07 11:59:16 visual_prompt]: tuned percent:100.000
[11/07 11:59:16 visual_prompt]: Device used for model: 0
[11/07 11:59:16 visual_prompt]: Setting up Evaluator...
[11/07 11:59:16 visual_prompt]: Setting up Trainer...
[11/07 11:59:16 visual_prompt]: 	Setting up the optimizer...
[11/07 11:59:16 visual_prompt]: Training 1 / 100 epoch, with learning rate 0.0
[11/07 12:06:01 visual_prompt]: Epoch 1 / 100: avg data time: 1.08e+01, avg batch time: 11.5713, average train loss: 5.2325
[11/07 12:06:47 visual_prompt]: Inference (val):avg data time: 2.68e-05, avg batch time: 0.2411, average loss: 4.3337
[11/07 12:06:47 visual_prompt]: Classification results with val_mammo-cbis: top1: 45.12	rocauc: 47.86	
[11/07 12:06:47 visual_prompt]: Training 2 / 100 epoch, with learning rate 0.001
[11/07 12:13:30 visual_prompt]: Epoch 2 / 100: avg data time: 1.08e+01, avg batch time: 11.5200, average train loss: 4.0014
[11/07 12:14:16 visual_prompt]: Inference (val):avg data time: 2.71e-05, avg batch time: 0.2451, average loss: 0.7107
[11/07 12:14:16 visual_prompt]: Classification results with val_mammo-cbis: top1: 52.44	rocauc: 57.50	
[11/07 12:14:16 visual_prompt]: Training 3 / 100 epoch, with learning rate 0.002
[11/07 12:21:06 visual_prompt]: Epoch 3 / 100: avg data time: 1.09e+01, avg batch time: 11.7018, average train loss: 1.0147
[11/07 12:21:53 visual_prompt]: Inference (val):avg data time: 2.60e-05, avg batch time: 0.2487, average loss: 1.0454
[11/07 12:21:53 visual_prompt]: Classification results with val_mammo-cbis: top1: 54.88	rocauc: 53.87	
[11/07 12:21:53 visual_prompt]: Training 4 / 100 epoch, with learning rate 0.003
[11/07 12:28:47 visual_prompt]: Epoch 4 / 100: avg data time: 1.11e+01, avg batch time: 11.8386, average train loss: 0.9690
[11/07 12:29:33 visual_prompt]: Inference (val):avg data time: 2.52e-05, avg batch time: 0.2459, average loss: 1.3674
[11/07 12:29:33 visual_prompt]: Classification results with val_mammo-cbis: top1: 45.12	rocauc: 54.73	
[11/07 12:29:33 visual_prompt]: Training 5 / 100 epoch, with learning rate 0.004
[11/07 12:36:38 visual_prompt]: Epoch 5 / 100: avg data time: 1.14e+01, avg batch time: 12.1340, average train loss: 0.9136
[11/07 12:37:26 visual_prompt]: Inference (val):avg data time: 2.67e-05, avg batch time: 0.2447, average loss: 1.1429
[11/07 12:37:26 visual_prompt]: Classification results with val_mammo-cbis: top1: 45.12	rocauc: 54.89	
[11/07 12:37:26 visual_prompt]: Training 6 / 100 epoch, with learning rate 0.005
[11/07 12:44:23 visual_prompt]: Epoch 6 / 100: avg data time: 1.12e+01, avg batch time: 11.9113, average train loss: 0.7738
[11/07 12:45:11 visual_prompt]: Inference (val):avg data time: 2.59e-05, avg batch time: 0.2716, average loss: 0.7458
[11/07 12:45:11 visual_prompt]: Classification results with val_mammo-cbis: top1: 54.88	rocauc: 54.72	
[11/07 12:45:11 visual_prompt]: Training 7 / 100 epoch, with learning rate 0.004998633143352315
[11/07 12:52:06 visual_prompt]: Epoch 7 / 100: avg data time: 1.10e+01, avg batch time: 11.8736, average train loss: 0.8028
[11/07 12:52:53 visual_prompt]: Inference (val):avg data time: 2.50e-05, avg batch time: 0.2768, average loss: 0.7301
[11/07 12:52:53 visual_prompt]: Classification results with val_mammo-cbis: top1: 47.97	rocauc: 54.57	
[11/07 12:52:53 visual_prompt]: Best epoch 7: best metric: -0.730
[11/07 12:52:53 visual_prompt]: Training 8 / 100 epoch, with learning rate 0.004994534068046936
[11/07 12:59:45 visual_prompt]: Epoch 8 / 100: avg data time: 1.09e+01, avg batch time: 11.7774, average train loss: 0.8385
[11/07 13:00:33 visual_prompt]: Inference (val):avg data time: 2.47e-05, avg batch time: 0.2875, average loss: 0.8498
[11/07 13:00:33 visual_prompt]: Classification results with val_mammo-cbis: top1: 54.88	rocauc: 53.77	
[11/07 13:00:33 visual_prompt]: Training 9 / 100 epoch, with learning rate 0.0049877072563625285
[11/07 13:07:29 visual_prompt]: Epoch 9 / 100: avg data time: 1.10e+01, avg batch time: 11.8816, average train loss: 1.0340
[11/07 13:08:16 visual_prompt]: Inference (val):avg data time: 2.80e-05, avg batch time: 0.2772, average loss: 0.6980
[11/07 13:08:16 visual_prompt]: Classification results with val_mammo-cbis: top1: 56.10	rocauc: 55.04	
[11/07 13:08:16 visual_prompt]: Best epoch 9: best metric: -0.698
[11/07 13:08:16 visual_prompt]: Training 10 / 100 epoch, with learning rate 0.004978160173317438
slurmstepd-ctit084: error: *** JOB 246327 ON ctit084 CANCELLED AT 2023-11-07T13:09:38 ***
/bin/bash: /home/s1952889/miniconda3/envs/prompt/lib/libtinfo.so.6: no version information available (required by /bin/bash)
