[09/17 06:38:49 visual_prompt]: Rank of current process: 0. World size: 1
[09/17 06:38:49 visual_prompt]: Environment info:
-------------------  ----------------------------------------------------
Python               3.7.16 (default, Jan 17 2023, 22:20:44) [GCC 11.2.0]
ENV_MODULE           <not set>
PyTorch              1.7.1
PyTorch Debug Build  False
CUDA available       True
CUDA ID              3
GPU 0                NVIDIA A40
Pillow               9.3.0
cv2                  4.8.0
-------------------  ----------------------------------------------------
PyTorch built with:
  - GCC 7.3
  - C++ Version: 201402
  - Intel(R) oneAPI Math Kernel Library Version 2021.4-Product Build 20210904 for Intel(R) 64 architecture applications
  - Intel(R) MKL-DNN v1.6.0 (Git Hash 5ef631a030a6f73131c77892041042805a06064f)
  - OpenMP 201511 (a.k.a. OpenMP 4.5)
  - NNPACK is enabled
  - CPU capability usage: AVX2
  - CUDA Runtime 11.0
  - NVCC architecture flags: -gencode;arch=compute_37,code=sm_37;-gencode;arch=compute_50,code=sm_50;-gencode;arch=compute_60,code=sm_60;-gencode;arch=compute_61,code=sm_61;-gencode;arch=compute_70,code=sm_70;-gencode;arch=compute_75,code=sm_75;-gencode;arch=compute_80,code=sm_80;-gencode;arch=compute_37,code=compute_37
  - CuDNN 8.0.5
  - Magma 2.5.2
  - Build settings: BLAS=MKL, BUILD_TYPE=Release, CXX_FLAGS= -Wno-deprecated -fvisibility-inlines-hidden -DUSE_PTHREADPOOL -fopenmp -DNDEBUG -DUSE_FBGEMM -DUSE_QNNPACK -DUSE_PYTORCH_QNNPACK -DUSE_XNNPACK -DUSE_VULKAN_WRAPPER -O2 -fPIC -Wno-narrowing -Wall -Wextra -Werror=return-type -Wno-missing-field-initializers -Wno-type-limits -Wno-array-bounds -Wno-unknown-pragmas -Wno-sign-compare -Wno-unused-parameter -Wno-unused-variable -Wno-unused-function -Wno-unused-result -Wno-unused-local-typedefs -Wno-strict-overflow -Wno-strict-aliasing -Wno-error=deprecated-declarations -Wno-stringop-overflow -Wno-psabi -Wno-error=pedantic -Wno-error=redundant-decls -Wno-error=old-style-cast -fdiagnostics-color=always -faligned-new -Wno-unused-but-set-variable -Wno-maybe-uninitialized -fno-math-errno -fno-trapping-math -Werror=format -Wno-stringop-overflow, PERF_WITH_AVX=1, PERF_WITH_AVX2=1, PERF_WITH_AVX512=1, USE_CUDA=ON, USE_EXCEPTION_PTR=1, USE_GFLAGS=OFF, USE_GLOG=OFF, USE_MKL=ON, USE_MKLDNN=ON, USE_MPI=OFF, USE_NCCL=ON, USE_NNPACK=ON, USE_OPENMP=ON, 

[09/17 06:38:49 visual_prompt]: Command line arguments: Namespace(config_file='visual_prompt_tuning/configs/prompt/cub.yaml', opts=['MODEL.TYPE', 'vit', 'DATA.BATCH_SIZE', '64', 'MODEL.PROMPT.NUM_TOKENS', '100', 'MODEL.PROMPT.DEEP', 'True', 'MODEL.PROMPT.DROPOUT', '0.1', 'DATA.FEATURE', 'sup_vitb16_imagenet21k', 'DATA.NAME', 'vtab-dsprites(predicted_attribute="label_orientation",num_classes=16)', 'DATA.NUMBER_CLASSES', '16', 'SOLVER.BASE_LR', '5.0', 'SOLVER.WEIGHT_DECAY', '0.0001', 'MODEL.MODEL_ROOT', 'visual_prompt_tuning/model_root', 'DATA.DATAPATH', 'visual_prompt_tuning/data_path', 'OUTPUT_DIR', 'visual_prompt_tuning/output_dir/seed42'], train_type='')
[09/17 06:38:49 visual_prompt]: Contents of args.config_file=visual_prompt_tuning/configs/prompt/cub.yaml:
_BASE_: "../base-prompt.yaml"
RUN_N_TIMES: 1
DATA:
  NAME: "CUB"
  DATAPATH: ""  #TODO: need to specify here
  NUMBER_CLASSES: 200
  MULTILABEL: False
MODEL:
  TYPE: "vit"
SOLVER:
  BASE_LR: 0.1
  WEIGHT_DECAY: 0.01
[09/17 06:38:49 visual_prompt]: Training with config:
[09/17 06:38:49 visual_prompt]: {'CUDNN_BENCHMARK': False,
 'DATA': {'BATCH_SIZE': 64,
          'CLASS_WEIGHTS_TYPE': 'none',
          'CROPSIZE': 224,
          'DATAPATH': 'visual_prompt_tuning/data_path',
          'FEATURE': 'sup_vitb16_imagenet21k',
          'MULTILABEL': False,
          'NAME': 'vtab-dsprites(predicted_attribute="label_orientation",num_classes=16)',
          'NO_TEST': False,
          'NUMBER_CLASSES': 16,
          'NUM_WORKERS': 4,
          'PERCENTAGE': 1.0,
          'PIN_MEMORY': True},
 'DBG': False,
 'MODEL': {'ADAPTER': CfgNode({'REDUCATION_FACTOR': 8, 'STYLE': 'Pfeiffer'}),
           'LINEAR': CfgNode({'MLP_SIZES': [], 'DROPOUT': 0.1}),
           'MLP_NUM': 0,
           'MODEL_ROOT': 'visual_prompt_tuning/model_root',
           'PROMPT': {'CLSEMB_FOLDER': '',
                      'CLSEMB_PATH': '',
                      'DEEP': True,
                      'DEEP_SHARED': False,
                      'DROPOUT': 0.1,
                      'FORWARD_DEEP_NOEXPAND': False,
                      'INITIATION': 'random',
                      'LOCATION': 'prepend',
                      'NUM_DEEP_LAYERS': None,
                      'NUM_TOKENS': 100,
                      'PROJECT': -1,
                      'REVERSE_DEEP': False,
                      'SAVE_FOR_EACH_EPOCH': False,
                      'VIT_POOL_TYPE': 'original'},
           'SAVE_CKPT': False,
           'TRANSFER_TYPE': 'prompt',
           'TYPE': 'vit',
           'WEIGHT_PATH': ''},
 'NUM_GPUS': 1,
 'NUM_SHARDS': 1,
 'OUTPUT_DIR': 'visual_prompt_tuning/output_dir/seed42/vtab-dsprites(predicted_attribute="label_orientation",num_classes=16)/sup_vitb16_imagenet21k/lr5.0_wd0.0001/run1',
 'RUN_N_TIMES': 1,
 'SEED': None,
 'SOLVER': {'BASE_LR': 5.0,
            'BIAS_MULTIPLIER': 1.0,
            'DBG_TRAINABLE': False,
            'LOG_EVERY_N': 100,
            'LOSS': 'softmax',
            'LOSS_ALPHA': 0.01,
            'MOMENTUM': 0.9,
            'OPTIMIZER': 'sgd',
            'PATIENCE': 300,
            'SCHEDULER': 'cosine',
            'TOTAL_EPOCH': 100,
            'WARMUP_EPOCH': 10,
            'WEIGHT_DECAY': 0.0001,
            'WEIGHT_DECAY_BIAS': 0}}
[09/17 06:38:49 visual_prompt]: Loading training data (final training data for vtab)...
2023-09-17 06:38:49.577528: I tensorflow/core/platform/cpu_feature_guard.cc:193] This TensorFlow binary is optimized with oneAPI Deep Neural Network Library (oneDNN) to use the following CPU instructions in performance-critical operations:  AVX2 AVX512F AVX512_VNNI FMA
To enable them in other operations, rebuild TensorFlow with the appropriate compiler flags.
2023-09-17 06:38:49.748801: I tensorflow/core/util/port.cc:104] oneDNN custom operations are on. You may see slightly different numerical results due to floating-point round-off errors from different computation orders. To turn them off, set the environment variable `TF_ENABLE_ONEDNN_OPTS=0`.
2023-09-17 06:38:50.742000: W tensorflow/compiler/xla/stream_executor/platform/default/dso_loader.cc:64] Could not load dynamic library 'libnvinfer.so.7'; dlerror: libnvinfer.so.7: cannot open shared object file: No such file or directory; LD_LIBRARY_PATH: /home/s1952889/miniconda3/envs/prompt/lib/python3.7/site-packages/cv2/../../lib64:
2023-09-17 06:38:50.742082: W tensorflow/compiler/xla/stream_executor/platform/default/dso_loader.cc:64] Could not load dynamic library 'libnvinfer_plugin.so.7'; dlerror: libnvinfer_plugin.so.7: cannot open shared object file: No such file or directory; LD_LIBRARY_PATH: /home/s1952889/miniconda3/envs/prompt/lib/python3.7/site-packages/cv2/../../lib64:
2023-09-17 06:38:50.742091: W tensorflow/compiler/tf2tensorrt/utils/py_utils.cc:38] TF-TRT Warning: Cannot dlopen some TensorRT libraries. If you would like to use Nvidia GPU with TensorRT, please make sure the missing libraries mentioned above are installed properly.
2023-09-17 06:38:53.084452: W tensorflow/compiler/xla/stream_executor/platform/default/dso_loader.cc:64] Could not load dynamic library 'libcusolver.so.11'; dlerror: libcusolver.so.11: cannot open shared object file: No such file or directory; LD_LIBRARY_PATH: /home/s1952889/miniconda3/envs/prompt/lib/python3.7/site-packages/cv2/../../lib64:
2023-09-17 06:38:53.084572: W tensorflow/compiler/xla/stream_executor/platform/default/dso_loader.cc:64] Could not load dynamic library 'libcudnn.so.8'; dlerror: libcudnn.so.8: cannot open shared object file: No such file or directory; LD_LIBRARY_PATH: /home/s1952889/miniconda3/envs/prompt/lib/python3.7/site-packages/cv2/../../lib64:
2023-09-17 06:38:53.084587: W tensorflow/core/common_runtime/gpu/gpu_device.cc:1934] Cannot dlopen some GPU libraries. Please make sure the missing libraries mentioned above are installed properly if you would like to use GPU. Follow the guide at https://www.tensorflow.org/install/gpu for how to download and setup the required libraries for your platform.
Skipping registering GPU devices...
[09/17 06:38:53 visual_prompt]: Constructing vtab-dsprites(predicted_attribute="label_orientation",num_classes=16) dataset trainval...
[INFO: dataset_info.py:  566]: Load dataset info from visual_prompt_tuning/data_path/dsprites/2.0.0
[INFO: dataset_builder.py:  510]: Reusing dataset dsprites (visual_prompt_tuning/data_path/dsprites/2.0.0)
2023-09-17 06:38:53.165809: I tensorflow/core/platform/cpu_feature_guard.cc:193] This TensorFlow binary is optimized with oneAPI Deep Neural Network Library (oneDNN) to use the following CPU instructions in performance-critical operations:  AVX2 AVX512F AVX512_VNNI FMA
To enable them in other operations, rebuild TensorFlow with the appropriate compiler flags.
[INFO: logging_logger.py:   53]: Constructing tf.data.Dataset dsprites for split train[:800]+train[589824:590024], from visual_prompt_tuning/data_path/dsprites/2.0.0
[WARNING: feature.py:   71]: `FeatureConnector.dtype` is deprecated. Please change your code to use NumPy with the field `FeatureConnector.np_dtype` or use TensorFlow with the field `FeatureConnector.tf_dtype`.
[09/17 06:38:55 visual_prompt]: Number of images: 1000
[09/17 06:38:55 visual_prompt]: Number of classes: 16 / 16
[09/17 06:38:55 visual_prompt]: Loading validation data...
[09/17 06:38:55 visual_prompt]: Constructing vtab-dsprites(predicted_attribute="label_orientation",num_classes=16) dataset val...
[INFO: dataset_info.py:  566]: Load dataset info from visual_prompt_tuning/data_path/dsprites/2.0.0
[INFO: dataset_builder.py:  510]: Reusing dataset dsprites (visual_prompt_tuning/data_path/dsprites/2.0.0)
[INFO: logging_logger.py:   53]: Constructing tf.data.Dataset dsprites for split train[589824:590024], from visual_prompt_tuning/data_path/dsprites/2.0.0
[WARNING: feature.py:   71]: `FeatureConnector.dtype` is deprecated. Please change your code to use NumPy with the field `FeatureConnector.np_dtype` or use TensorFlow with the field `FeatureConnector.tf_dtype`.
[09/17 06:38:55 visual_prompt]: Number of images: 200
[09/17 06:38:55 visual_prompt]: Number of classes: 16 / 16
[09/17 06:38:55 visual_prompt]: Loading test data...
[09/17 06:38:55 visual_prompt]: Constructing vtab-dsprites(predicted_attribute="label_orientation",num_classes=16) dataset test...
[INFO: dataset_info.py:  566]: Load dataset info from visual_prompt_tuning/data_path/dsprites/2.0.0
[INFO: dataset_builder.py:  510]: Reusing dataset dsprites (visual_prompt_tuning/data_path/dsprites/2.0.0)
[INFO: logging_logger.py:   53]: Constructing tf.data.Dataset dsprites for split train[663552:], from visual_prompt_tuning/data_path/dsprites/2.0.0
[WARNING: feature.py:   71]: `FeatureConnector.dtype` is deprecated. Please change your code to use NumPy with the field `FeatureConnector.np_dtype` or use TensorFlow with the field `FeatureConnector.tf_dtype`.
[09/17 06:40:31 visual_prompt]: Number of images: 73728
[09/17 06:40:31 visual_prompt]: Number of classes: 16 / 16
[09/17 06:40:33 visual_prompt]: Constructing models...
[09/17 06:40:43 visual_prompt]: Total Parameters: 86732560	 Gradient Parameters: 933904
[09/17 06:40:43 visual_prompt]: tuned percent:1.077
[09/17 06:41:28 visual_prompt]: Device used for model: 0
[09/17 06:41:28 visual_prompt]: Setting up Evalutator...
[09/17 06:41:28 visual_prompt]: Setting up Trainer...
[09/17 06:41:28 visual_prompt]: 	Setting up the optimizer...
[09/17 06:41:28 visual_prompt]: Training 1 / 100 epoch, with learning rate 0.0
[09/17 06:41:53 visual_prompt]: Epoch 1 / 100: avg data time: 4.83e-01, avg batch time: 1.3284, average train loss: 3.0579
[09/17 06:42:03 visual_prompt]: Inference (val):avg data time: 3.12e-05, avg batch time: 0.1465, average loss: 3.0366
[09/17 06:42:03 visual_prompt]: Classification results with val_vtab-dsprites(predicted_attribute="label_orientation",num_classes=16): top1: 5.00	top5: 29.00	
visual_prompt_tuning/experiments/vit_vtab.sh: line 9: 324125 Killed                  python visual_prompt_tuning/train.py --config-file visual_prompt_tuning/configs/prompt/cub.yaml MODEL.TYPE "vit" DATA.BATCH_SIZE "64" MODEL.PROMPT.NUM_TOKENS "100" MODEL.PROMPT.DEEP "True" MODEL.PROMPT.DROPOUT "0.1" DATA.FEATURE "sup_vitb16_imagenet21k" DATA.NAME "vtab-${dataset}" DATA.NUMBER_CLASSES "${num_classes}" SOLVER.BASE_LR "5.0" SOLVER.WEIGHT_DECAY "0.0001" MODEL.MODEL_ROOT "${model_root}" DATA.DATAPATH "${data_path}" OUTPUT_DIR "${output_dir}/seed${seed}"
[09/17 06:43:26 visual_prompt]: Rank of current process: 0. World size: 1
[09/17 06:43:29 visual_prompt]: Environment info:
-------------------  ----------------------------------------------------
Python               3.7.16 (default, Jan 17 2023, 22:20:44) [GCC 11.2.0]
ENV_MODULE           <not set>
PyTorch              1.7.1
PyTorch Debug Build  False
CUDA available       True
CUDA ID              3
GPU 0                NVIDIA A40
Pillow               9.3.0
cv2                  4.8.0
-------------------  ----------------------------------------------------
PyTorch built with:
  - GCC 7.3
  - C++ Version: 201402
  - Intel(R) oneAPI Math Kernel Library Version 2021.4-Product Build 20210904 for Intel(R) 64 architecture applications
  - Intel(R) MKL-DNN v1.6.0 (Git Hash 5ef631a030a6f73131c77892041042805a06064f)
  - OpenMP 201511 (a.k.a. OpenMP 4.5)
  - NNPACK is enabled
  - CPU capability usage: AVX2
  - CUDA Runtime 11.0
  - NVCC architecture flags: -gencode;arch=compute_37,code=sm_37;-gencode;arch=compute_50,code=sm_50;-gencode;arch=compute_60,code=sm_60;-gencode;arch=compute_61,code=sm_61;-gencode;arch=compute_70,code=sm_70;-gencode;arch=compute_75,code=sm_75;-gencode;arch=compute_80,code=sm_80;-gencode;arch=compute_37,code=compute_37
  - CuDNN 8.0.5
  - Magma 2.5.2
  - Build settings: BLAS=MKL, BUILD_TYPE=Release, CXX_FLAGS= -Wno-deprecated -fvisibility-inlines-hidden -DUSE_PTHREADPOOL -fopenmp -DNDEBUG -DUSE_FBGEMM -DUSE_QNNPACK -DUSE_PYTORCH_QNNPACK -DUSE_XNNPACK -DUSE_VULKAN_WRAPPER -O2 -fPIC -Wno-narrowing -Wall -Wextra -Werror=return-type -Wno-missing-field-initializers -Wno-type-limits -Wno-array-bounds -Wno-unknown-pragmas -Wno-sign-compare -Wno-unused-parameter -Wno-unused-variable -Wno-unused-function -Wno-unused-result -Wno-unused-local-typedefs -Wno-strict-overflow -Wno-strict-aliasing -Wno-error=deprecated-declarations -Wno-stringop-overflow -Wno-psabi -Wno-error=pedantic -Wno-error=redundant-decls -Wno-error=old-style-cast -fdiagnostics-color=always -faligned-new -Wno-unused-but-set-variable -Wno-maybe-uninitialized -fno-math-errno -fno-trapping-math -Werror=format -Wno-stringop-overflow, PERF_WITH_AVX=1, PERF_WITH_AVX2=1, PERF_WITH_AVX512=1, USE_CUDA=ON, USE_EXCEPTION_PTR=1, USE_GFLAGS=OFF, USE_GLOG=OFF, USE_MKL=ON, USE_MKLDNN=ON, USE_MPI=OFF, USE_NCCL=ON, USE_NNPACK=ON, USE_OPENMP=ON, 

[09/17 06:43:29 visual_prompt]: Command line arguments: Namespace(config_file='visual_prompt_tuning/configs/prompt/cub.yaml', opts=['MODEL.TYPE', 'vit', 'DATA.BATCH_SIZE', '64', 'MODEL.PROMPT.NUM_TOKENS', '100', 'MODEL.PROMPT.DEEP', 'True', 'MODEL.PROMPT.DROPOUT', '0.1', 'DATA.FEATURE', 'sup_vitb16_imagenet21k', 'DATA.NAME', 'vtab-dsprites(predicted_attribute="label_orientation",num_classes=16)', 'DATA.NUMBER_CLASSES', '16', 'SOLVER.BASE_LR', '5.0', 'SOLVER.WEIGHT_DECAY', '0.0001', 'MODEL.MODEL_ROOT', 'visual_prompt_tuning/model_root', 'DATA.DATAPATH', 'visual_prompt_tuning/data_path', 'OUTPUT_DIR', 'visual_prompt_tuning/output_dir/seed44'], train_type='')
[09/17 06:43:29 visual_prompt]: Contents of args.config_file=visual_prompt_tuning/configs/prompt/cub.yaml:
_BASE_: "../base-prompt.yaml"
RUN_N_TIMES: 1
DATA:
  NAME: "CUB"
  DATAPATH: ""  #TODO: need to specify here
  NUMBER_CLASSES: 200
  MULTILABEL: False
MODEL:
  TYPE: "vit"
SOLVER:
  BASE_LR: 0.1
  WEIGHT_DECAY: 0.01
[09/17 06:43:29 visual_prompt]: Training with config:
[09/17 06:43:29 visual_prompt]: {'CUDNN_BENCHMARK': False,
 'DATA': {'BATCH_SIZE': 64,
          'CLASS_WEIGHTS_TYPE': 'none',
          'CROPSIZE': 224,
          'DATAPATH': 'visual_prompt_tuning/data_path',
          'FEATURE': 'sup_vitb16_imagenet21k',
          'MULTILABEL': False,
          'NAME': 'vtab-dsprites(predicted_attribute="label_orientation",num_classes=16)',
          'NO_TEST': False,
          'NUMBER_CLASSES': 16,
          'NUM_WORKERS': 4,
          'PERCENTAGE': 1.0,
          'PIN_MEMORY': True},
 'DBG': False,
 'MODEL': {'ADAPTER': CfgNode({'REDUCATION_FACTOR': 8, 'STYLE': 'Pfeiffer'}),
           'LINEAR': CfgNode({'MLP_SIZES': [], 'DROPOUT': 0.1}),
           'MLP_NUM': 0,
           'MODEL_ROOT': 'visual_prompt_tuning/model_root',
           'PROMPT': {'CLSEMB_FOLDER': '',
                      'CLSEMB_PATH': '',
                      'DEEP': True,
                      'DEEP_SHARED': False,
                      'DROPOUT': 0.1,
                      'FORWARD_DEEP_NOEXPAND': False,
                      'INITIATION': 'random',
                      'LOCATION': 'prepend',
                      'NUM_DEEP_LAYERS': None,
                      'NUM_TOKENS': 100,
                      'PROJECT': -1,
                      'REVERSE_DEEP': False,
                      'SAVE_FOR_EACH_EPOCH': False,
                      'VIT_POOL_TYPE': 'original'},
           'SAVE_CKPT': False,
           'TRANSFER_TYPE': 'prompt',
           'TYPE': 'vit',
           'WEIGHT_PATH': ''},
 'NUM_GPUS': 1,
 'NUM_SHARDS': 1,
 'OUTPUT_DIR': 'visual_prompt_tuning/output_dir/seed44/vtab-dsprites(predicted_attribute="label_orientation",num_classes=16)/sup_vitb16_imagenet21k/lr5.0_wd0.0001/run1',
 'RUN_N_TIMES': 1,
 'SEED': None,
 'SOLVER': {'BASE_LR': 5.0,
            'BIAS_MULTIPLIER': 1.0,
            'DBG_TRAINABLE': False,
            'LOG_EVERY_N': 100,
            'LOSS': 'softmax',
            'LOSS_ALPHA': 0.01,
            'MOMENTUM': 0.9,
            'OPTIMIZER': 'sgd',
            'PATIENCE': 300,
            'SCHEDULER': 'cosine',
            'TOTAL_EPOCH': 100,
            'WARMUP_EPOCH': 10,
            'WEIGHT_DECAY': 0.0001,
            'WEIGHT_DECAY_BIAS': 0}}
[09/17 06:43:29 visual_prompt]: Loading training data (final training data for vtab)...
2023-09-17 06:43:30.123338: I tensorflow/core/platform/cpu_feature_guard.cc:193] This TensorFlow binary is optimized with oneAPI Deep Neural Network Library (oneDNN) to use the following CPU instructions in performance-critical operations:  AVX2 AVX512F AVX512_VNNI FMA
To enable them in other operations, rebuild TensorFlow with the appropriate compiler flags.
2023-09-17 06:43:32.997871: I tensorflow/core/util/port.cc:104] oneDNN custom operations are on. You may see slightly different numerical results due to floating-point round-off errors from different computation orders. To turn them off, set the environment variable `TF_ENABLE_ONEDNN_OPTS=0`.
2023-09-17 06:43:55.144671: W tensorflow/compiler/xla/stream_executor/platform/default/dso_loader.cc:64] Could not load dynamic library 'libnvinfer.so.7'; dlerror: libnvinfer.so.7: cannot open shared object file: No such file or directory; LD_LIBRARY_PATH: /home/s1952889/miniconda3/envs/prompt/lib/python3.7/site-packages/cv2/../../lib64:
2023-09-17 06:43:55.145275: W tensorflow/compiler/xla/stream_executor/platform/default/dso_loader.cc:64] Could not load dynamic library 'libnvinfer_plugin.so.7'; dlerror: libnvinfer_plugin.so.7: cannot open shared object file: No such file or directory; LD_LIBRARY_PATH: /home/s1952889/miniconda3/envs/prompt/lib/python3.7/site-packages/cv2/../../lib64:
2023-09-17 06:43:55.145315: W tensorflow/compiler/tf2tensorrt/utils/py_utils.cc:38] TF-TRT Warning: Cannot dlopen some TensorRT libraries. If you would like to use Nvidia GPU with TensorRT, please make sure the missing libraries mentioned above are installed properly.
2023-09-17 06:44:31.245323: W tensorflow/compiler/xla/stream_executor/platform/default/dso_loader.cc:64] Could not load dynamic library 'libcusolver.so.11'; dlerror: libcusolver.so.11: cannot open shared object file: No such file or directory; LD_LIBRARY_PATH: /home/s1952889/miniconda3/envs/prompt/lib/python3.7/site-packages/cv2/../../lib64:
2023-09-17 06:44:31.245857: W tensorflow/compiler/xla/stream_executor/platform/default/dso_loader.cc:64] Could not load dynamic library 'libcudnn.so.8'; dlerror: libcudnn.so.8: cannot open shared object file: No such file or directory; LD_LIBRARY_PATH: /home/s1952889/miniconda3/envs/prompt/lib/python3.7/site-packages/cv2/../../lib64:
2023-09-17 06:44:31.245910: W tensorflow/core/common_runtime/gpu/gpu_device.cc:1934] Cannot dlopen some GPU libraries. Please make sure the missing libraries mentioned above are installed properly if you would like to use GPU. Follow the guide at https://www.tensorflow.org/install/gpu for how to download and setup the required libraries for your platform.
Skipping registering GPU devices...
[09/17 06:44:31 visual_prompt]: Constructing vtab-dsprites(predicted_attribute="label_orientation",num_classes=16) dataset trainval...
[INFO: dataset_info.py:  566]: Load dataset info from visual_prompt_tuning/data_path/dsprites/2.0.0
[INFO: dataset_builder.py:  510]: Reusing dataset dsprites (visual_prompt_tuning/data_path/dsprites/2.0.0)
2023-09-17 06:44:31.401006: I tensorflow/core/platform/cpu_feature_guard.cc:193] This TensorFlow binary is optimized with oneAPI Deep Neural Network Library (oneDNN) to use the following CPU instructions in performance-critical operations:  AVX2 AVX512F AVX512_VNNI FMA
To enable them in other operations, rebuild TensorFlow with the appropriate compiler flags.
[INFO: logging_logger.py:   53]: Constructing tf.data.Dataset dsprites for split train[:800]+train[589824:590024], from visual_prompt_tuning/data_path/dsprites/2.0.0
[WARNING: feature.py:   71]: `FeatureConnector.dtype` is deprecated. Please change your code to use NumPy with the field `FeatureConnector.np_dtype` or use TensorFlow with the field `FeatureConnector.tf_dtype`.
[09/17 06:44:35 visual_prompt]: Number of images: 1000
[09/17 06:44:35 visual_prompt]: Number of classes: 16 / 16
[09/17 06:44:35 visual_prompt]: Loading validation data...
[09/17 06:44:35 visual_prompt]: Constructing vtab-dsprites(predicted_attribute="label_orientation",num_classes=16) dataset val...
[INFO: dataset_info.py:  566]: Load dataset info from visual_prompt_tuning/data_path/dsprites/2.0.0
[INFO: dataset_builder.py:  510]: Reusing dataset dsprites (visual_prompt_tuning/data_path/dsprites/2.0.0)
[INFO: logging_logger.py:   53]: Constructing tf.data.Dataset dsprites for split train[589824:590024], from visual_prompt_tuning/data_path/dsprites/2.0.0
[WARNING: feature.py:   71]: `FeatureConnector.dtype` is deprecated. Please change your code to use NumPy with the field `FeatureConnector.np_dtype` or use TensorFlow with the field `FeatureConnector.tf_dtype`.
[09/17 06:44:35 visual_prompt]: Number of images: 200
[09/17 06:44:35 visual_prompt]: Number of classes: 16 / 16
[09/17 06:44:35 visual_prompt]: Loading test data...
[09/17 06:44:35 visual_prompt]: Constructing vtab-dsprites(predicted_attribute="label_orientation",num_classes=16) dataset test...
[INFO: dataset_info.py:  566]: Load dataset info from visual_prompt_tuning/data_path/dsprites/2.0.0
[INFO: dataset_builder.py:  510]: Reusing dataset dsprites (visual_prompt_tuning/data_path/dsprites/2.0.0)
[INFO: logging_logger.py:   53]: Constructing tf.data.Dataset dsprites for split train[663552:], from visual_prompt_tuning/data_path/dsprites/2.0.0
[WARNING: feature.py:   71]: `FeatureConnector.dtype` is deprecated. Please change your code to use NumPy with the field `FeatureConnector.np_dtype` or use TensorFlow with the field `FeatureConnector.tf_dtype`.
[09/17 06:46:09 visual_prompt]: Number of images: 73728
[09/17 06:46:09 visual_prompt]: Number of classes: 16 / 16
[09/17 06:46:10 visual_prompt]: Constructing models...
[09/17 06:46:15 visual_prompt]: Total Parameters: 86732560	 Gradient Parameters: 933904
[09/17 06:46:15 visual_prompt]: tuned percent:1.077
[09/17 06:46:20 visual_prompt]: Device used for model: 0
[09/17 06:46:20 visual_prompt]: Setting up Evalutator...
[09/17 06:46:20 visual_prompt]: Setting up Trainer...
[09/17 06:46:20 visual_prompt]: 	Setting up the optimizer...
[09/17 06:46:20 visual_prompt]: Training 1 / 100 epoch, with learning rate 0.0
[09/17 06:46:37 visual_prompt]: Epoch 1 / 100: avg data time: 3.08e-01, avg batch time: 0.8128, average train loss: 2.9994
visual_prompt_tuning/experiments/vit_vtab.sh: line 9: 325541 Killed                  python visual_prompt_tuning/train.py --config-file visual_prompt_tuning/configs/prompt/cub.yaml MODEL.TYPE "vit" DATA.BATCH_SIZE "64" MODEL.PROMPT.NUM_TOKENS "100" MODEL.PROMPT.DEEP "True" MODEL.PROMPT.DROPOUT "0.1" DATA.FEATURE "sup_vitb16_imagenet21k" DATA.NAME "vtab-${dataset}" DATA.NUMBER_CLASSES "${num_classes}" SOLVER.BASE_LR "5.0" SOLVER.WEIGHT_DECAY "0.0001" MODEL.MODEL_ROOT "${model_root}" DATA.DATAPATH "${data_path}" OUTPUT_DIR "${output_dir}/seed${seed}"
[09/17 06:46:58 visual_prompt]: Rank of current process: 0. World size: 1
[09/17 06:46:59 visual_prompt]: Environment info:
-------------------  ----------------------------------------------------
Python               3.7.16 (default, Jan 17 2023, 22:20:44) [GCC 11.2.0]
ENV_MODULE           <not set>
PyTorch              1.7.1
PyTorch Debug Build  False
CUDA available       True
CUDA ID              3
GPU 0                NVIDIA A40
Pillow               9.3.0
cv2                  4.8.0
-------------------  ----------------------------------------------------
PyTorch built with:
  - GCC 7.3
  - C++ Version: 201402
  - Intel(R) oneAPI Math Kernel Library Version 2021.4-Product Build 20210904 for Intel(R) 64 architecture applications
  - Intel(R) MKL-DNN v1.6.0 (Git Hash 5ef631a030a6f73131c77892041042805a06064f)
  - OpenMP 201511 (a.k.a. OpenMP 4.5)
  - NNPACK is enabled
  - CPU capability usage: AVX2
  - CUDA Runtime 11.0
  - NVCC architecture flags: -gencode;arch=compute_37,code=sm_37;-gencode;arch=compute_50,code=sm_50;-gencode;arch=compute_60,code=sm_60;-gencode;arch=compute_61,code=sm_61;-gencode;arch=compute_70,code=sm_70;-gencode;arch=compute_75,code=sm_75;-gencode;arch=compute_80,code=sm_80;-gencode;arch=compute_37,code=compute_37
  - CuDNN 8.0.5
  - Magma 2.5.2
  - Build settings: BLAS=MKL, BUILD_TYPE=Release, CXX_FLAGS= -Wno-deprecated -fvisibility-inlines-hidden -DUSE_PTHREADPOOL -fopenmp -DNDEBUG -DUSE_FBGEMM -DUSE_QNNPACK -DUSE_PYTORCH_QNNPACK -DUSE_XNNPACK -DUSE_VULKAN_WRAPPER -O2 -fPIC -Wno-narrowing -Wall -Wextra -Werror=return-type -Wno-missing-field-initializers -Wno-type-limits -Wno-array-bounds -Wno-unknown-pragmas -Wno-sign-compare -Wno-unused-parameter -Wno-unused-variable -Wno-unused-function -Wno-unused-result -Wno-unused-local-typedefs -Wno-strict-overflow -Wno-strict-aliasing -Wno-error=deprecated-declarations -Wno-stringop-overflow -Wno-psabi -Wno-error=pedantic -Wno-error=redundant-decls -Wno-error=old-style-cast -fdiagnostics-color=always -faligned-new -Wno-unused-but-set-variable -Wno-maybe-uninitialized -fno-math-errno -fno-trapping-math -Werror=format -Wno-stringop-overflow, PERF_WITH_AVX=1, PERF_WITH_AVX2=1, PERF_WITH_AVX512=1, USE_CUDA=ON, USE_EXCEPTION_PTR=1, USE_GFLAGS=OFF, USE_GLOG=OFF, USE_MKL=ON, USE_MKLDNN=ON, USE_MPI=OFF, USE_NCCL=ON, USE_NNPACK=ON, USE_OPENMP=ON, 

[09/17 06:46:59 visual_prompt]: Command line arguments: Namespace(config_file='visual_prompt_tuning/configs/prompt/cub.yaml', opts=['MODEL.TYPE', 'vit', 'DATA.BATCH_SIZE', '64', 'MODEL.PROMPT.NUM_TOKENS', '100', 'MODEL.PROMPT.DEEP', 'True', 'MODEL.PROMPT.DROPOUT', '0.1', 'DATA.FEATURE', 'sup_vitb16_imagenet21k', 'DATA.NAME', 'vtab-dsprites(predicted_attribute="label_orientation",num_classes=16)', 'DATA.NUMBER_CLASSES', '16', 'SOLVER.BASE_LR', '5.0', 'SOLVER.WEIGHT_DECAY', '0.0001', 'MODEL.MODEL_ROOT', 'visual_prompt_tuning/model_root', 'DATA.DATAPATH', 'visual_prompt_tuning/data_path', 'OUTPUT_DIR', 'visual_prompt_tuning/output_dir/seed82'], train_type='')
[09/17 06:46:59 visual_prompt]: Contents of args.config_file=visual_prompt_tuning/configs/prompt/cub.yaml:
_BASE_: "../base-prompt.yaml"
RUN_N_TIMES: 1
DATA:
  NAME: "CUB"
  DATAPATH: ""  #TODO: need to specify here
  NUMBER_CLASSES: 200
  MULTILABEL: False
MODEL:
  TYPE: "vit"
SOLVER:
  BASE_LR: 0.1
  WEIGHT_DECAY: 0.01
[09/17 06:46:59 visual_prompt]: Training with config:
[09/17 06:46:59 visual_prompt]: {'CUDNN_BENCHMARK': False,
 'DATA': {'BATCH_SIZE': 64,
          'CLASS_WEIGHTS_TYPE': 'none',
          'CROPSIZE': 224,
          'DATAPATH': 'visual_prompt_tuning/data_path',
          'FEATURE': 'sup_vitb16_imagenet21k',
          'MULTILABEL': False,
          'NAME': 'vtab-dsprites(predicted_attribute="label_orientation",num_classes=16)',
          'NO_TEST': False,
          'NUMBER_CLASSES': 16,
          'NUM_WORKERS': 4,
          'PERCENTAGE': 1.0,
          'PIN_MEMORY': True},
 'DBG': False,
 'MODEL': {'ADAPTER': CfgNode({'REDUCATION_FACTOR': 8, 'STYLE': 'Pfeiffer'}),
           'LINEAR': CfgNode({'MLP_SIZES': [], 'DROPOUT': 0.1}),
           'MLP_NUM': 0,
           'MODEL_ROOT': 'visual_prompt_tuning/model_root',
           'PROMPT': {'CLSEMB_FOLDER': '',
                      'CLSEMB_PATH': '',
                      'DEEP': True,
                      'DEEP_SHARED': False,
                      'DROPOUT': 0.1,
                      'FORWARD_DEEP_NOEXPAND': False,
                      'INITIATION': 'random',
                      'LOCATION': 'prepend',
                      'NUM_DEEP_LAYERS': None,
                      'NUM_TOKENS': 100,
                      'PROJECT': -1,
                      'REVERSE_DEEP': False,
                      'SAVE_FOR_EACH_EPOCH': False,
                      'VIT_POOL_TYPE': 'original'},
           'SAVE_CKPT': False,
           'TRANSFER_TYPE': 'prompt',
           'TYPE': 'vit',
           'WEIGHT_PATH': ''},
 'NUM_GPUS': 1,
 'NUM_SHARDS': 1,
 'OUTPUT_DIR': 'visual_prompt_tuning/output_dir/seed82/vtab-dsprites(predicted_attribute="label_orientation",num_classes=16)/sup_vitb16_imagenet21k/lr5.0_wd0.0001/run1',
 'RUN_N_TIMES': 1,
 'SEED': None,
 'SOLVER': {'BASE_LR': 5.0,
            'BIAS_MULTIPLIER': 1.0,
            'DBG_TRAINABLE': False,
            'LOG_EVERY_N': 100,
            'LOSS': 'softmax',
            'LOSS_ALPHA': 0.01,
            'MOMENTUM': 0.9,
            'OPTIMIZER': 'sgd',
            'PATIENCE': 300,
            'SCHEDULER': 'cosine',
            'TOTAL_EPOCH': 100,
            'WARMUP_EPOCH': 10,
            'WEIGHT_DECAY': 0.0001,
            'WEIGHT_DECAY_BIAS': 0}}
[09/17 06:46:59 visual_prompt]: Loading training data (final training data for vtab)...
2023-09-17 06:46:59.079971: I tensorflow/core/platform/cpu_feature_guard.cc:193] This TensorFlow binary is optimized with oneAPI Deep Neural Network Library (oneDNN) to use the following CPU instructions in performance-critical operations:  AVX2 AVX512F AVX512_VNNI FMA
To enable them in other operations, rebuild TensorFlow with the appropriate compiler flags.
2023-09-17 06:46:59.536685: I tensorflow/core/util/port.cc:104] oneDNN custom operations are on. You may see slightly different numerical results due to floating-point round-off errors from different computation orders. To turn them off, set the environment variable `TF_ENABLE_ONEDNN_OPTS=0`.
2023-09-17 06:47:01.040907: W tensorflow/compiler/xla/stream_executor/platform/default/dso_loader.cc:64] Could not load dynamic library 'libnvinfer.so.7'; dlerror: libnvinfer.so.7: cannot open shared object file: No such file or directory; LD_LIBRARY_PATH: /home/s1952889/miniconda3/envs/prompt/lib/python3.7/site-packages/cv2/../../lib64:
2023-09-17 06:47:01.041236: W tensorflow/compiler/xla/stream_executor/platform/default/dso_loader.cc:64] Could not load dynamic library 'libnvinfer_plugin.so.7'; dlerror: libnvinfer_plugin.so.7: cannot open shared object file: No such file or directory; LD_LIBRARY_PATH: /home/s1952889/miniconda3/envs/prompt/lib/python3.7/site-packages/cv2/../../lib64:
2023-09-17 06:47:01.041249: W tensorflow/compiler/tf2tensorrt/utils/py_utils.cc:38] TF-TRT Warning: Cannot dlopen some TensorRT libraries. If you would like to use Nvidia GPU with TensorRT, please make sure the missing libraries mentioned above are installed properly.
2023-09-17 06:47:03.883150: W tensorflow/compiler/xla/stream_executor/platform/default/dso_loader.cc:64] Could not load dynamic library 'libcusolver.so.11'; dlerror: libcusolver.so.11: cannot open shared object file: No such file or directory; LD_LIBRARY_PATH: /home/s1952889/miniconda3/envs/prompt/lib/python3.7/site-packages/cv2/../../lib64:
2023-09-17 06:47:03.883380: W tensorflow/compiler/xla/stream_executor/platform/default/dso_loader.cc:64] Could not load dynamic library 'libcudnn.so.8'; dlerror: libcudnn.so.8: cannot open shared object file: No such file or directory; LD_LIBRARY_PATH: /home/s1952889/miniconda3/envs/prompt/lib/python3.7/site-packages/cv2/../../lib64:
2023-09-17 06:47:03.883397: W tensorflow/core/common_runtime/gpu/gpu_device.cc:1934] Cannot dlopen some GPU libraries. Please make sure the missing libraries mentioned above are installed properly if you would like to use GPU. Follow the guide at https://www.tensorflow.org/install/gpu for how to download and setup the required libraries for your platform.
Skipping registering GPU devices...
[09/17 06:47:03 visual_prompt]: Constructing vtab-dsprites(predicted_attribute="label_orientation",num_classes=16) dataset trainval...
[INFO: dataset_info.py:  566]: Load dataset info from visual_prompt_tuning/data_path/dsprites/2.0.0
[INFO: dataset_builder.py:  510]: Reusing dataset dsprites (visual_prompt_tuning/data_path/dsprites/2.0.0)
2023-09-17 06:47:03.905594: I tensorflow/core/platform/cpu_feature_guard.cc:193] This TensorFlow binary is optimized with oneAPI Deep Neural Network Library (oneDNN) to use the following CPU instructions in performance-critical operations:  AVX2 AVX512F AVX512_VNNI FMA
To enable them in other operations, rebuild TensorFlow with the appropriate compiler flags.
[INFO: logging_logger.py:   53]: Constructing tf.data.Dataset dsprites for split train[:800]+train[589824:590024], from visual_prompt_tuning/data_path/dsprites/2.0.0
[WARNING: feature.py:   71]: `FeatureConnector.dtype` is deprecated. Please change your code to use NumPy with the field `FeatureConnector.np_dtype` or use TensorFlow with the field `FeatureConnector.tf_dtype`.
[09/17 06:47:05 visual_prompt]: Number of images: 1000
[09/17 06:47:05 visual_prompt]: Number of classes: 16 / 16
[09/17 06:47:05 visual_prompt]: Loading validation data...
[09/17 06:47:05 visual_prompt]: Constructing vtab-dsprites(predicted_attribute="label_orientation",num_classes=16) dataset val...
[INFO: dataset_info.py:  566]: Load dataset info from visual_prompt_tuning/data_path/dsprites/2.0.0
[INFO: dataset_builder.py:  510]: Reusing dataset dsprites (visual_prompt_tuning/data_path/dsprites/2.0.0)
[INFO: logging_logger.py:   53]: Constructing tf.data.Dataset dsprites for split train[589824:590024], from visual_prompt_tuning/data_path/dsprites/2.0.0
[WARNING: feature.py:   71]: `FeatureConnector.dtype` is deprecated. Please change your code to use NumPy with the field `FeatureConnector.np_dtype` or use TensorFlow with the field `FeatureConnector.tf_dtype`.
[09/17 06:47:06 visual_prompt]: Number of images: 200
[09/17 06:47:06 visual_prompt]: Number of classes: 16 / 16
[09/17 06:47:06 visual_prompt]: Loading test data...
[09/17 06:47:06 visual_prompt]: Constructing vtab-dsprites(predicted_attribute="label_orientation",num_classes=16) dataset test...
[INFO: dataset_info.py:  566]: Load dataset info from visual_prompt_tuning/data_path/dsprites/2.0.0
[INFO: dataset_builder.py:  510]: Reusing dataset dsprites (visual_prompt_tuning/data_path/dsprites/2.0.0)
[INFO: logging_logger.py:   53]: Constructing tf.data.Dataset dsprites for split train[663552:], from visual_prompt_tuning/data_path/dsprites/2.0.0
[WARNING: feature.py:   71]: `FeatureConnector.dtype` is deprecated. Please change your code to use NumPy with the field `FeatureConnector.np_dtype` or use TensorFlow with the field `FeatureConnector.tf_dtype`.
[09/17 06:49:08 visual_prompt]: Number of images: 73728
[09/17 06:49:08 visual_prompt]: Number of classes: 16 / 16
[09/17 06:49:08 visual_prompt]: Constructing models...
[09/17 06:49:11 visual_prompt]: Total Parameters: 86732560	 Gradient Parameters: 933904
[09/17 06:49:11 visual_prompt]: tuned percent:1.077
[09/17 06:49:15 visual_prompt]: Device used for model: 0
[09/17 06:49:15 visual_prompt]: Setting up Evalutator...
[09/17 06:49:15 visual_prompt]: Setting up Trainer...
[09/17 06:49:15 visual_prompt]: 	Setting up the optimizer...
[09/17 06:49:15 visual_prompt]: Training 1 / 100 epoch, with learning rate 0.0
[09/17 06:49:33 visual_prompt]: Epoch 1 / 100: avg data time: 3.52e-01, avg batch time: 0.8555, average train loss: 3.0822
[09/17 06:49:43 visual_prompt]: Inference (val):avg data time: 2.99e-05, avg batch time: 0.1416, average loss: 3.0291
[09/17 06:49:43 visual_prompt]: Classification results with val_vtab-dsprites(predicted_attribute="label_orientation",num_classes=16): top1: 6.00	top5: 39.50	
[09/17 06:50:08 visual_prompt]: 	Test 100/1152. loss: 2.999, 0.1897 s / batch. (data: 8.90e-03)max mem: 17.22454 GB 
[09/17 06:50:28 visual_prompt]: 	Test 200/1152. loss: 3.037, 0.2007 s / batch. (data: 1.37e-02)max mem: 17.22454 GB 
[09/17 06:50:47 visual_prompt]: 	Test 300/1152. loss: 3.300, 0.1973 s / batch. (data: 1.56e-02)max mem: 17.22454 GB 
[09/17 06:51:07 visual_prompt]: 	Test 400/1152. loss: 3.046, 0.1984 s / batch. (data: 1.67e-02)max mem: 17.22454 GB 
visual_prompt_tuning/experiments/vit_vtab.sh: line 9: 326632 Killed                  python visual_prompt_tuning/train.py --config-file visual_prompt_tuning/configs/prompt/cub.yaml MODEL.TYPE "vit" DATA.BATCH_SIZE "64" MODEL.PROMPT.NUM_TOKENS "100" MODEL.PROMPT.DEEP "True" MODEL.PROMPT.DROPOUT "0.1" DATA.FEATURE "sup_vitb16_imagenet21k" DATA.NAME "vtab-${dataset}" DATA.NUMBER_CLASSES "${num_classes}" SOLVER.BASE_LR "5.0" SOLVER.WEIGHT_DECAY "0.0001" MODEL.MODEL_ROOT "${model_root}" DATA.DATAPATH "${data_path}" OUTPUT_DIR "${output_dir}/seed${seed}"
[09/17 06:51:57 visual_prompt]: Rank of current process: 0. World size: 1
[09/17 06:51:57 visual_prompt]: Environment info:
-------------------  ----------------------------------------------------
Python               3.7.16 (default, Jan 17 2023, 22:20:44) [GCC 11.2.0]
ENV_MODULE           <not set>
PyTorch              1.7.1
PyTorch Debug Build  False
CUDA available       True
CUDA ID              3
GPU 0                NVIDIA A40
Pillow               9.3.0
cv2                  4.8.0
-------------------  ----------------------------------------------------
PyTorch built with:
  - GCC 7.3
  - C++ Version: 201402
  - Intel(R) oneAPI Math Kernel Library Version 2021.4-Product Build 20210904 for Intel(R) 64 architecture applications
  - Intel(R) MKL-DNN v1.6.0 (Git Hash 5ef631a030a6f73131c77892041042805a06064f)
  - OpenMP 201511 (a.k.a. OpenMP 4.5)
  - NNPACK is enabled
  - CPU capability usage: AVX2
  - CUDA Runtime 11.0
  - NVCC architecture flags: -gencode;arch=compute_37,code=sm_37;-gencode;arch=compute_50,code=sm_50;-gencode;arch=compute_60,code=sm_60;-gencode;arch=compute_61,code=sm_61;-gencode;arch=compute_70,code=sm_70;-gencode;arch=compute_75,code=sm_75;-gencode;arch=compute_80,code=sm_80;-gencode;arch=compute_37,code=compute_37
  - CuDNN 8.0.5
  - Magma 2.5.2
  - Build settings: BLAS=MKL, BUILD_TYPE=Release, CXX_FLAGS= -Wno-deprecated -fvisibility-inlines-hidden -DUSE_PTHREADPOOL -fopenmp -DNDEBUG -DUSE_FBGEMM -DUSE_QNNPACK -DUSE_PYTORCH_QNNPACK -DUSE_XNNPACK -DUSE_VULKAN_WRAPPER -O2 -fPIC -Wno-narrowing -Wall -Wextra -Werror=return-type -Wno-missing-field-initializers -Wno-type-limits -Wno-array-bounds -Wno-unknown-pragmas -Wno-sign-compare -Wno-unused-parameter -Wno-unused-variable -Wno-unused-function -Wno-unused-result -Wno-unused-local-typedefs -Wno-strict-overflow -Wno-strict-aliasing -Wno-error=deprecated-declarations -Wno-stringop-overflow -Wno-psabi -Wno-error=pedantic -Wno-error=redundant-decls -Wno-error=old-style-cast -fdiagnostics-color=always -faligned-new -Wno-unused-but-set-variable -Wno-maybe-uninitialized -fno-math-errno -fno-trapping-math -Werror=format -Wno-stringop-overflow, PERF_WITH_AVX=1, PERF_WITH_AVX2=1, PERF_WITH_AVX512=1, USE_CUDA=ON, USE_EXCEPTION_PTR=1, USE_GFLAGS=OFF, USE_GLOG=OFF, USE_MKL=ON, USE_MKLDNN=ON, USE_MPI=OFF, USE_NCCL=ON, USE_NNPACK=ON, USE_OPENMP=ON, 

[09/17 06:51:57 visual_prompt]: Command line arguments: Namespace(config_file='visual_prompt_tuning/configs/prompt/cub.yaml', opts=['MODEL.TYPE', 'vit', 'DATA.BATCH_SIZE', '64', 'MODEL.PROMPT.NUM_TOKENS', '100', 'MODEL.PROMPT.DEEP', 'True', 'MODEL.PROMPT.DROPOUT', '0.1', 'DATA.FEATURE', 'sup_vitb16_imagenet21k', 'DATA.NAME', 'vtab-dsprites(predicted_attribute="label_orientation",num_classes=16)', 'DATA.NUMBER_CLASSES', '16', 'SOLVER.BASE_LR', '5.0', 'SOLVER.WEIGHT_DECAY', '0.0001', 'MODEL.MODEL_ROOT', 'visual_prompt_tuning/model_root', 'DATA.DATAPATH', 'visual_prompt_tuning/data_path', 'OUTPUT_DIR', 'visual_prompt_tuning/output_dir/seed100'], train_type='')
[09/17 06:51:57 visual_prompt]: Contents of args.config_file=visual_prompt_tuning/configs/prompt/cub.yaml:
_BASE_: "../base-prompt.yaml"
RUN_N_TIMES: 1
DATA:
  NAME: "CUB"
  DATAPATH: ""  #TODO: need to specify here
  NUMBER_CLASSES: 200
  MULTILABEL: False
MODEL:
  TYPE: "vit"
SOLVER:
  BASE_LR: 0.1
  WEIGHT_DECAY: 0.01
[09/17 06:51:57 visual_prompt]: Training with config:
[09/17 06:51:57 visual_prompt]: {'CUDNN_BENCHMARK': False,
 'DATA': {'BATCH_SIZE': 64,
          'CLASS_WEIGHTS_TYPE': 'none',
          'CROPSIZE': 224,
          'DATAPATH': 'visual_prompt_tuning/data_path',
          'FEATURE': 'sup_vitb16_imagenet21k',
          'MULTILABEL': False,
          'NAME': 'vtab-dsprites(predicted_attribute="label_orientation",num_classes=16)',
          'NO_TEST': False,
          'NUMBER_CLASSES': 16,
          'NUM_WORKERS': 4,
          'PERCENTAGE': 1.0,
          'PIN_MEMORY': True},
 'DBG': False,
 'MODEL': {'ADAPTER': CfgNode({'REDUCATION_FACTOR': 8, 'STYLE': 'Pfeiffer'}),
           'LINEAR': CfgNode({'MLP_SIZES': [], 'DROPOUT': 0.1}),
           'MLP_NUM': 0,
           'MODEL_ROOT': 'visual_prompt_tuning/model_root',
           'PROMPT': {'CLSEMB_FOLDER': '',
                      'CLSEMB_PATH': '',
                      'DEEP': True,
                      'DEEP_SHARED': False,
                      'DROPOUT': 0.1,
                      'FORWARD_DEEP_NOEXPAND': False,
                      'INITIATION': 'random',
                      'LOCATION': 'prepend',
                      'NUM_DEEP_LAYERS': None,
                      'NUM_TOKENS': 100,
                      'PROJECT': -1,
                      'REVERSE_DEEP': False,
                      'SAVE_FOR_EACH_EPOCH': False,
                      'VIT_POOL_TYPE': 'original'},
           'SAVE_CKPT': False,
           'TRANSFER_TYPE': 'prompt',
           'TYPE': 'vit',
           'WEIGHT_PATH': ''},
 'NUM_GPUS': 1,
 'NUM_SHARDS': 1,
 'OUTPUT_DIR': 'visual_prompt_tuning/output_dir/seed100/vtab-dsprites(predicted_attribute="label_orientation",num_classes=16)/sup_vitb16_imagenet21k/lr5.0_wd0.0001/run1',
 'RUN_N_TIMES': 1,
 'SEED': None,
 'SOLVER': {'BASE_LR': 5.0,
            'BIAS_MULTIPLIER': 1.0,
            'DBG_TRAINABLE': False,
            'LOG_EVERY_N': 100,
            'LOSS': 'softmax',
            'LOSS_ALPHA': 0.01,
            'MOMENTUM': 0.9,
            'OPTIMIZER': 'sgd',
            'PATIENCE': 300,
            'SCHEDULER': 'cosine',
            'TOTAL_EPOCH': 100,
            'WARMUP_EPOCH': 10,
            'WEIGHT_DECAY': 0.0001,
            'WEIGHT_DECAY_BIAS': 0}}
[09/17 06:51:57 visual_prompt]: Loading training data (final training data for vtab)...
2023-09-17 06:51:57.743674: I tensorflow/core/platform/cpu_feature_guard.cc:193] This TensorFlow binary is optimized with oneAPI Deep Neural Network Library (oneDNN) to use the following CPU instructions in performance-critical operations:  AVX2 AVX512F AVX512_VNNI FMA
To enable them in other operations, rebuild TensorFlow with the appropriate compiler flags.
2023-09-17 06:51:58.085825: I tensorflow/core/util/port.cc:104] oneDNN custom operations are on. You may see slightly different numerical results due to floating-point round-off errors from different computation orders. To turn them off, set the environment variable `TF_ENABLE_ONEDNN_OPTS=0`.
2023-09-17 06:51:59.455619: W tensorflow/compiler/xla/stream_executor/platform/default/dso_loader.cc:64] Could not load dynamic library 'libnvinfer.so.7'; dlerror: libnvinfer.so.7: cannot open shared object file: No such file or directory; LD_LIBRARY_PATH: /home/s1952889/miniconda3/envs/prompt/lib/python3.7/site-packages/cv2/../../lib64:
2023-09-17 06:51:59.455812: W tensorflow/compiler/xla/stream_executor/platform/default/dso_loader.cc:64] Could not load dynamic library 'libnvinfer_plugin.so.7'; dlerror: libnvinfer_plugin.so.7: cannot open shared object file: No such file or directory; LD_LIBRARY_PATH: /home/s1952889/miniconda3/envs/prompt/lib/python3.7/site-packages/cv2/../../lib64:
2023-09-17 06:51:59.455824: W tensorflow/compiler/tf2tensorrt/utils/py_utils.cc:38] TF-TRT Warning: Cannot dlopen some TensorRT libraries. If you would like to use Nvidia GPU with TensorRT, please make sure the missing libraries mentioned above are installed properly.
2023-09-17 06:52:02.376285: W tensorflow/compiler/xla/stream_executor/platform/default/dso_loader.cc:64] Could not load dynamic library 'libcusolver.so.11'; dlerror: libcusolver.so.11: cannot open shared object file: No such file or directory; LD_LIBRARY_PATH: /home/s1952889/miniconda3/envs/prompt/lib/python3.7/site-packages/cv2/../../lib64:
2023-09-17 06:52:02.376524: W tensorflow/compiler/xla/stream_executor/platform/default/dso_loader.cc:64] Could not load dynamic library 'libcudnn.so.8'; dlerror: libcudnn.so.8: cannot open shared object file: No such file or directory; LD_LIBRARY_PATH: /home/s1952889/miniconda3/envs/prompt/lib/python3.7/site-packages/cv2/../../lib64:
2023-09-17 06:52:02.376541: W tensorflow/core/common_runtime/gpu/gpu_device.cc:1934] Cannot dlopen some GPU libraries. Please make sure the missing libraries mentioned above are installed properly if you would like to use GPU. Follow the guide at https://www.tensorflow.org/install/gpu for how to download and setup the required libraries for your platform.
Skipping registering GPU devices...
[09/17 06:52:02 visual_prompt]: Constructing vtab-dsprites(predicted_attribute="label_orientation",num_classes=16) dataset trainval...
[INFO: dataset_info.py:  566]: Load dataset info from visual_prompt_tuning/data_path/dsprites/2.0.0
[INFO: dataset_builder.py:  510]: Reusing dataset dsprites (visual_prompt_tuning/data_path/dsprites/2.0.0)
2023-09-17 06:52:02.398842: I tensorflow/core/platform/cpu_feature_guard.cc:193] This TensorFlow binary is optimized with oneAPI Deep Neural Network Library (oneDNN) to use the following CPU instructions in performance-critical operations:  AVX2 AVX512F AVX512_VNNI FMA
To enable them in other operations, rebuild TensorFlow with the appropriate compiler flags.
[INFO: logging_logger.py:   53]: Constructing tf.data.Dataset dsprites for split train[:800]+train[589824:590024], from visual_prompt_tuning/data_path/dsprites/2.0.0
[WARNING: feature.py:   71]: `FeatureConnector.dtype` is deprecated. Please change your code to use NumPy with the field `FeatureConnector.np_dtype` or use TensorFlow with the field `FeatureConnector.tf_dtype`.
[09/17 06:52:04 visual_prompt]: Number of images: 1000
[09/17 06:52:04 visual_prompt]: Number of classes: 16 / 16
[09/17 06:52:04 visual_prompt]: Loading validation data...
[09/17 06:52:04 visual_prompt]: Constructing vtab-dsprites(predicted_attribute="label_orientation",num_classes=16) dataset val...
[INFO: dataset_info.py:  566]: Load dataset info from visual_prompt_tuning/data_path/dsprites/2.0.0
[INFO: dataset_builder.py:  510]: Reusing dataset dsprites (visual_prompt_tuning/data_path/dsprites/2.0.0)
[INFO: logging_logger.py:   53]: Constructing tf.data.Dataset dsprites for split train[589824:590024], from visual_prompt_tuning/data_path/dsprites/2.0.0
[WARNING: feature.py:   71]: `FeatureConnector.dtype` is deprecated. Please change your code to use NumPy with the field `FeatureConnector.np_dtype` or use TensorFlow with the field `FeatureConnector.tf_dtype`.
[09/17 06:52:04 visual_prompt]: Number of images: 200
[09/17 06:52:04 visual_prompt]: Number of classes: 16 / 16
[09/17 06:52:04 visual_prompt]: Loading test data...
[09/17 06:52:04 visual_prompt]: Constructing vtab-dsprites(predicted_attribute="label_orientation",num_classes=16) dataset test...
[INFO: dataset_info.py:  566]: Load dataset info from visual_prompt_tuning/data_path/dsprites/2.0.0
[INFO: dataset_builder.py:  510]: Reusing dataset dsprites (visual_prompt_tuning/data_path/dsprites/2.0.0)
[INFO: logging_logger.py:   53]: Constructing tf.data.Dataset dsprites for split train[663552:], from visual_prompt_tuning/data_path/dsprites/2.0.0
[WARNING: feature.py:   71]: `FeatureConnector.dtype` is deprecated. Please change your code to use NumPy with the field `FeatureConnector.np_dtype` or use TensorFlow with the field `FeatureConnector.tf_dtype`.
[09/17 06:53:45 visual_prompt]: Number of images: 73728
[09/17 06:53:45 visual_prompt]: Number of classes: 16 / 16
[09/17 06:53:45 visual_prompt]: Constructing models...
[09/17 06:53:48 visual_prompt]: Total Parameters: 86732560	 Gradient Parameters: 933904
[09/17 06:53:48 visual_prompt]: tuned percent:1.077
[09/17 06:53:52 visual_prompt]: Device used for model: 0
[09/17 06:53:52 visual_prompt]: Setting up Evalutator...
[09/17 06:53:52 visual_prompt]: Setting up Trainer...
[09/17 06:53:52 visual_prompt]: 	Setting up the optimizer...
[09/17 06:53:52 visual_prompt]: Training 1 / 100 epoch, with learning rate 0.0
[09/17 06:54:10 visual_prompt]: Epoch 1 / 100: avg data time: 3.24e-01, avg batch time: 0.8304, average train loss: 3.0257
[09/17 06:54:20 visual_prompt]: Inference (val):avg data time: 2.42e-05, avg batch time: 0.1415, average loss: 3.0991
[09/17 06:54:20 visual_prompt]: Classification results with val_vtab-dsprites(predicted_attribute="label_orientation",num_classes=16): top1: 5.00	top5: 25.50	
[09/17 06:54:44 visual_prompt]: 	Test 100/1152. loss: 3.130, 0.1814 s / batch. (data: 1.55e-04)max mem: 17.22454 GB 
[09/17 06:55:03 visual_prompt]: 	Test 200/1152. loss: 2.903, 0.1983 s / batch. (data: 1.38e-02)max mem: 17.22454 GB 
[09/17 06:55:23 visual_prompt]: 	Test 300/1152. loss: 2.985, 0.1821 s / batch. (data: 1.57e-04)max mem: 17.22454 GB 
[09/17 06:55:42 visual_prompt]: 	Test 400/1152. loss: 3.049, 0.2061 s / batch. (data: 1.42e-02)max mem: 17.22454 GB 
[09/17 06:56:02 visual_prompt]: 	Test 500/1152. loss: 2.970, 0.1821 s / batch. (data: 1.05e-04)max mem: 17.22454 GB 
[09/17 06:56:21 visual_prompt]: 	Test 600/1152. loss: 2.893, 0.1821 s / batch. (data: 1.28e-04)max mem: 17.22454 GB 
visual_prompt_tuning/experiments/vit_vtab.sh: line 9: 328012 Killed                  python visual_prompt_tuning/train.py --config-file visual_prompt_tuning/configs/prompt/cub.yaml MODEL.TYPE "vit" DATA.BATCH_SIZE "64" MODEL.PROMPT.NUM_TOKENS "100" MODEL.PROMPT.DEEP "True" MODEL.PROMPT.DROPOUT "0.1" DATA.FEATURE "sup_vitb16_imagenet21k" DATA.NAME "vtab-${dataset}" DATA.NUMBER_CLASSES "${num_classes}" SOLVER.BASE_LR "5.0" SOLVER.WEIGHT_DECAY "0.0001" MODEL.MODEL_ROOT "${model_root}" DATA.DATAPATH "${data_path}" OUTPUT_DIR "${output_dir}/seed${seed}"
[09/17 06:57:18 visual_prompt]: Rank of current process: 0. World size: 1
[09/17 06:57:18 visual_prompt]: Environment info:
-------------------  ----------------------------------------------------
Python               3.7.16 (default, Jan 17 2023, 22:20:44) [GCC 11.2.0]
ENV_MODULE           <not set>
PyTorch              1.7.1
PyTorch Debug Build  False
CUDA available       True
CUDA ID              3
GPU 0                NVIDIA A40
Pillow               9.3.0
cv2                  4.8.0
-------------------  ----------------------------------------------------
PyTorch built with:
  - GCC 7.3
  - C++ Version: 201402
  - Intel(R) oneAPI Math Kernel Library Version 2021.4-Product Build 20210904 for Intel(R) 64 architecture applications
  - Intel(R) MKL-DNN v1.6.0 (Git Hash 5ef631a030a6f73131c77892041042805a06064f)
  - OpenMP 201511 (a.k.a. OpenMP 4.5)
  - NNPACK is enabled
  - CPU capability usage: AVX2
  - CUDA Runtime 11.0
  - NVCC architecture flags: -gencode;arch=compute_37,code=sm_37;-gencode;arch=compute_50,code=sm_50;-gencode;arch=compute_60,code=sm_60;-gencode;arch=compute_61,code=sm_61;-gencode;arch=compute_70,code=sm_70;-gencode;arch=compute_75,code=sm_75;-gencode;arch=compute_80,code=sm_80;-gencode;arch=compute_37,code=compute_37
  - CuDNN 8.0.5
  - Magma 2.5.2
  - Build settings: BLAS=MKL, BUILD_TYPE=Release, CXX_FLAGS= -Wno-deprecated -fvisibility-inlines-hidden -DUSE_PTHREADPOOL -fopenmp -DNDEBUG -DUSE_FBGEMM -DUSE_QNNPACK -DUSE_PYTORCH_QNNPACK -DUSE_XNNPACK -DUSE_VULKAN_WRAPPER -O2 -fPIC -Wno-narrowing -Wall -Wextra -Werror=return-type -Wno-missing-field-initializers -Wno-type-limits -Wno-array-bounds -Wno-unknown-pragmas -Wno-sign-compare -Wno-unused-parameter -Wno-unused-variable -Wno-unused-function -Wno-unused-result -Wno-unused-local-typedefs -Wno-strict-overflow -Wno-strict-aliasing -Wno-error=deprecated-declarations -Wno-stringop-overflow -Wno-psabi -Wno-error=pedantic -Wno-error=redundant-decls -Wno-error=old-style-cast -fdiagnostics-color=always -faligned-new -Wno-unused-but-set-variable -Wno-maybe-uninitialized -fno-math-errno -fno-trapping-math -Werror=format -Wno-stringop-overflow, PERF_WITH_AVX=1, PERF_WITH_AVX2=1, PERF_WITH_AVX512=1, USE_CUDA=ON, USE_EXCEPTION_PTR=1, USE_GFLAGS=OFF, USE_GLOG=OFF, USE_MKL=ON, USE_MKLDNN=ON, USE_MPI=OFF, USE_NCCL=ON, USE_NNPACK=ON, USE_OPENMP=ON, 

[09/17 06:57:18 visual_prompt]: Command line arguments: Namespace(config_file='visual_prompt_tuning/configs/prompt/cub.yaml', opts=['MODEL.TYPE', 'vit', 'DATA.BATCH_SIZE', '64', 'MODEL.PROMPT.NUM_TOKENS', '100', 'MODEL.PROMPT.DEEP', 'True', 'MODEL.PROMPT.DROPOUT', '0.1', 'DATA.FEATURE', 'sup_vitb16_imagenet21k', 'DATA.NAME', 'vtab-dsprites(predicted_attribute="label_orientation",num_classes=16)', 'DATA.NUMBER_CLASSES', '16', 'SOLVER.BASE_LR', '5.0', 'SOLVER.WEIGHT_DECAY', '0.0001', 'MODEL.MODEL_ROOT', 'visual_prompt_tuning/model_root', 'DATA.DATAPATH', 'visual_prompt_tuning/data_path', 'OUTPUT_DIR', 'visual_prompt_tuning/output_dir/seed800'], train_type='')
[09/17 06:57:18 visual_prompt]: Contents of args.config_file=visual_prompt_tuning/configs/prompt/cub.yaml:
_BASE_: "../base-prompt.yaml"
RUN_N_TIMES: 1
DATA:
  NAME: "CUB"
  DATAPATH: ""  #TODO: need to specify here
  NUMBER_CLASSES: 200
  MULTILABEL: False
MODEL:
  TYPE: "vit"
SOLVER:
  BASE_LR: 0.1
  WEIGHT_DECAY: 0.01
[09/17 06:57:18 visual_prompt]: Training with config:
[09/17 06:57:18 visual_prompt]: {'CUDNN_BENCHMARK': False,
 'DATA': {'BATCH_SIZE': 64,
          'CLASS_WEIGHTS_TYPE': 'none',
          'CROPSIZE': 224,
          'DATAPATH': 'visual_prompt_tuning/data_path',
          'FEATURE': 'sup_vitb16_imagenet21k',
          'MULTILABEL': False,
          'NAME': 'vtab-dsprites(predicted_attribute="label_orientation",num_classes=16)',
          'NO_TEST': False,
          'NUMBER_CLASSES': 16,
          'NUM_WORKERS': 4,
          'PERCENTAGE': 1.0,
          'PIN_MEMORY': True},
 'DBG': False,
 'MODEL': {'ADAPTER': CfgNode({'REDUCATION_FACTOR': 8, 'STYLE': 'Pfeiffer'}),
           'LINEAR': CfgNode({'MLP_SIZES': [], 'DROPOUT': 0.1}),
           'MLP_NUM': 0,
           'MODEL_ROOT': 'visual_prompt_tuning/model_root',
           'PROMPT': {'CLSEMB_FOLDER': '',
                      'CLSEMB_PATH': '',
                      'DEEP': True,
                      'DEEP_SHARED': False,
                      'DROPOUT': 0.1,
                      'FORWARD_DEEP_NOEXPAND': False,
                      'INITIATION': 'random',
                      'LOCATION': 'prepend',
                      'NUM_DEEP_LAYERS': None,
                      'NUM_TOKENS': 100,
                      'PROJECT': -1,
                      'REVERSE_DEEP': False,
                      'SAVE_FOR_EACH_EPOCH': False,
                      'VIT_POOL_TYPE': 'original'},
           'SAVE_CKPT': False,
           'TRANSFER_TYPE': 'prompt',
           'TYPE': 'vit',
           'WEIGHT_PATH': ''},
 'NUM_GPUS': 1,
 'NUM_SHARDS': 1,
 'OUTPUT_DIR': 'visual_prompt_tuning/output_dir/seed800/vtab-dsprites(predicted_attribute="label_orientation",num_classes=16)/sup_vitb16_imagenet21k/lr5.0_wd0.0001/run1',
 'RUN_N_TIMES': 1,
 'SEED': None,
 'SOLVER': {'BASE_LR': 5.0,
            'BIAS_MULTIPLIER': 1.0,
            'DBG_TRAINABLE': False,
            'LOG_EVERY_N': 100,
            'LOSS': 'softmax',
            'LOSS_ALPHA': 0.01,
            'MOMENTUM': 0.9,
            'OPTIMIZER': 'sgd',
            'PATIENCE': 300,
            'SCHEDULER': 'cosine',
            'TOTAL_EPOCH': 100,
            'WARMUP_EPOCH': 10,
            'WEIGHT_DECAY': 0.0001,
            'WEIGHT_DECAY_BIAS': 0}}
[09/17 06:57:18 visual_prompt]: Loading training data (final training data for vtab)...
2023-09-17 06:57:18.855178: I tensorflow/core/platform/cpu_feature_guard.cc:193] This TensorFlow binary is optimized with oneAPI Deep Neural Network Library (oneDNN) to use the following CPU instructions in performance-critical operations:  AVX2 AVX512F AVX512_VNNI FMA
To enable them in other operations, rebuild TensorFlow with the appropriate compiler flags.
2023-09-17 06:57:19.203845: I tensorflow/core/util/port.cc:104] oneDNN custom operations are on. You may see slightly different numerical results due to floating-point round-off errors from different computation orders. To turn them off, set the environment variable `TF_ENABLE_ONEDNN_OPTS=0`.
2023-09-17 06:57:20.601002: W tensorflow/compiler/xla/stream_executor/platform/default/dso_loader.cc:64] Could not load dynamic library 'libnvinfer.so.7'; dlerror: libnvinfer.so.7: cannot open shared object file: No such file or directory; LD_LIBRARY_PATH: /home/s1952889/miniconda3/envs/prompt/lib/python3.7/site-packages/cv2/../../lib64:
2023-09-17 06:57:20.601338: W tensorflow/compiler/xla/stream_executor/platform/default/dso_loader.cc:64] Could not load dynamic library 'libnvinfer_plugin.so.7'; dlerror: libnvinfer_plugin.so.7: cannot open shared object file: No such file or directory; LD_LIBRARY_PATH: /home/s1952889/miniconda3/envs/prompt/lib/python3.7/site-packages/cv2/../../lib64:
2023-09-17 06:57:20.601350: W tensorflow/compiler/tf2tensorrt/utils/py_utils.cc:38] TF-TRT Warning: Cannot dlopen some TensorRT libraries. If you would like to use Nvidia GPU with TensorRT, please make sure the missing libraries mentioned above are installed properly.
2023-09-17 06:57:23.472757: W tensorflow/compiler/xla/stream_executor/platform/default/dso_loader.cc:64] Could not load dynamic library 'libcusolver.so.11'; dlerror: libcusolver.so.11: cannot open shared object file: No such file or directory; LD_LIBRARY_PATH: /home/s1952889/miniconda3/envs/prompt/lib/python3.7/site-packages/cv2/../../lib64:
2023-09-17 06:57:23.473000: W tensorflow/compiler/xla/stream_executor/platform/default/dso_loader.cc:64] Could not load dynamic library 'libcudnn.so.8'; dlerror: libcudnn.so.8: cannot open shared object file: No such file or directory; LD_LIBRARY_PATH: /home/s1952889/miniconda3/envs/prompt/lib/python3.7/site-packages/cv2/../../lib64:
2023-09-17 06:57:23.473017: W tensorflow/core/common_runtime/gpu/gpu_device.cc:1934] Cannot dlopen some GPU libraries. Please make sure the missing libraries mentioned above are installed properly if you would like to use GPU. Follow the guide at https://www.tensorflow.org/install/gpu for how to download and setup the required libraries for your platform.
Skipping registering GPU devices...
[09/17 06:57:23 visual_prompt]: Constructing vtab-dsprites(predicted_attribute="label_orientation",num_classes=16) dataset trainval...
[INFO: dataset_info.py:  566]: Load dataset info from visual_prompt_tuning/data_path/dsprites/2.0.0
[INFO: dataset_builder.py:  510]: Reusing dataset dsprites (visual_prompt_tuning/data_path/dsprites/2.0.0)
2023-09-17 06:57:23.495005: I tensorflow/core/platform/cpu_feature_guard.cc:193] This TensorFlow binary is optimized with oneAPI Deep Neural Network Library (oneDNN) to use the following CPU instructions in performance-critical operations:  AVX2 AVX512F AVX512_VNNI FMA
To enable them in other operations, rebuild TensorFlow with the appropriate compiler flags.
[INFO: logging_logger.py:   53]: Constructing tf.data.Dataset dsprites for split train[:800]+train[589824:590024], from visual_prompt_tuning/data_path/dsprites/2.0.0
[WARNING: feature.py:   71]: `FeatureConnector.dtype` is deprecated. Please change your code to use NumPy with the field `FeatureConnector.np_dtype` or use TensorFlow with the field `FeatureConnector.tf_dtype`.
[09/17 06:57:25 visual_prompt]: Number of images: 1000
[09/17 06:57:25 visual_prompt]: Number of classes: 16 / 16
[09/17 06:57:25 visual_prompt]: Loading validation data...
[09/17 06:57:25 visual_prompt]: Constructing vtab-dsprites(predicted_attribute="label_orientation",num_classes=16) dataset val...
[INFO: dataset_info.py:  566]: Load dataset info from visual_prompt_tuning/data_path/dsprites/2.0.0
[INFO: dataset_builder.py:  510]: Reusing dataset dsprites (visual_prompt_tuning/data_path/dsprites/2.0.0)
[INFO: logging_logger.py:   53]: Constructing tf.data.Dataset dsprites for split train[589824:590024], from visual_prompt_tuning/data_path/dsprites/2.0.0
[WARNING: feature.py:   71]: `FeatureConnector.dtype` is deprecated. Please change your code to use NumPy with the field `FeatureConnector.np_dtype` or use TensorFlow with the field `FeatureConnector.tf_dtype`.
[09/17 06:57:25 visual_prompt]: Number of images: 200
[09/17 06:57:25 visual_prompt]: Number of classes: 16 / 16
[09/17 06:57:25 visual_prompt]: Loading test data...
[09/17 06:57:25 visual_prompt]: Constructing vtab-dsprites(predicted_attribute="label_orientation",num_classes=16) dataset test...
[INFO: dataset_info.py:  566]: Load dataset info from visual_prompt_tuning/data_path/dsprites/2.0.0
[INFO: dataset_builder.py:  510]: Reusing dataset dsprites (visual_prompt_tuning/data_path/dsprites/2.0.0)
[INFO: logging_logger.py:   53]: Constructing tf.data.Dataset dsprites for split train[663552:], from visual_prompt_tuning/data_path/dsprites/2.0.0
[WARNING: feature.py:   71]: `FeatureConnector.dtype` is deprecated. Please change your code to use NumPy with the field `FeatureConnector.np_dtype` or use TensorFlow with the field `FeatureConnector.tf_dtype`.
[09/17 06:58:57 visual_prompt]: Number of images: 73728
[09/17 06:58:57 visual_prompt]: Number of classes: 16 / 16
[09/17 06:58:57 visual_prompt]: Constructing models...
[09/17 06:59:00 visual_prompt]: Total Parameters: 86732560	 Gradient Parameters: 933904
[09/17 06:59:00 visual_prompt]: tuned percent:1.077
[09/17 06:59:05 visual_prompt]: Device used for model: 0
[09/17 06:59:05 visual_prompt]: Setting up Evalutator...
[09/17 06:59:05 visual_prompt]: Setting up Trainer...
[09/17 06:59:05 visual_prompt]: 	Setting up the optimizer...
[09/17 06:59:05 visual_prompt]: Training 1 / 100 epoch, with learning rate 0.0
[09/17 06:59:21 visual_prompt]: Epoch 1 / 100: avg data time: 2.94e-01, avg batch time: 0.7836, average train loss: 3.0733
[09/17 06:59:33 visual_prompt]: Inference (val):avg data time: 3.62e-05, avg batch time: 0.1572, average loss: 3.0998
[09/17 06:59:33 visual_prompt]: Classification results with val_vtab-dsprites(predicted_attribute="label_orientation",num_classes=16): top1: 9.00	top5: 25.00	
[09/17 06:59:57 visual_prompt]: 	Test 100/1152. loss: 3.054, 0.1969 s / batch. (data: 1.22e-02)max mem: 17.22454 GB 
[09/17 07:00:17 visual_prompt]: 	Test 200/1152. loss: 3.001, 0.1963 s / batch. (data: 1.52e-02)max mem: 17.22454 GB 
[09/17 07:00:36 visual_prompt]: 	Test 300/1152. loss: 3.102, 0.1833 s / batch. (data: 1.73e-03)max mem: 17.22454 GB 
[09/17 07:00:56 visual_prompt]: 	Test 400/1152. loss: 2.974, 0.2298 s / batch. (data: 4.82e-02)max mem: 17.22454 GB 
[09/17 07:01:15 visual_prompt]: 	Test 500/1152. loss: 3.142, 0.2029 s / batch. (data: 1.22e-04)max mem: 17.22454 GB 
[09/17 07:01:35 visual_prompt]: 	Test 600/1152. loss: 3.139, 0.1829 s / batch. (data: 1.32e-04)max mem: 17.22454 GB 
[09/17 07:01:54 visual_prompt]: 	Test 700/1152. loss: 3.123, 0.1828 s / batch. (data: 1.31e-04)max mem: 17.22454 GB 
[09/17 07:02:14 visual_prompt]: 	Test 800/1152. loss: 3.167, 0.1829 s / batch. (data: 1.36e-04)max mem: 17.22454 GB 
[09/17 07:02:38 visual_prompt]: 	Test 900/1152. loss: 3.019, 0.1924 s / batch. (data: 1.30e-04)max mem: 17.22454 GB 
[09/17 07:02:58 visual_prompt]: 	Test 1000/1152. loss: 3.012, 0.1952 s / batch. (data: 1.42e-04)max mem: 17.22454 GB 
[09/17 07:03:17 visual_prompt]: 	Test 1100/1152. loss: 3.238, 0.2104 s / batch. (data: 1.36e-02)max mem: 17.22454 GB 
[09/17 07:03:32 visual_prompt]: Inference (test):avg data time: 8.16e-03, avg batch time: 0.1985, average loss: 3.0932
[09/17 07:03:32 visual_prompt]: Classification results with test_vtab-dsprites(predicted_attribute="label_orientation",num_classes=16): top1: 7.59	top5: 27.49	
[09/17 07:03:32 visual_prompt]: Best epoch 1: best metric: 0.090
[09/17 07:03:32 visual_prompt]: Training 2 / 100 epoch, with learning rate 0.5
[09/17 07:03:47 visual_prompt]: Epoch 2 / 100: avg data time: 2.72e-01, avg batch time: 0.6770, average train loss: 3.5412
[09/17 07:03:55 visual_prompt]: Inference (val):avg data time: 3.26e-05, avg batch time: 0.1421, average loss: 2.8391
[09/17 07:03:55 visual_prompt]: Classification results with val_vtab-dsprites(predicted_attribute="label_orientation",num_classes=16): top1: 7.50	top5: 32.00	
[09/17 07:04:19 visual_prompt]: 	Test 100/1152. loss: 2.963, 0.2007 s / batch. (data: 1.51e-02)max mem: 17.22454 GB 
[09/17 07:04:38 visual_prompt]: 	Test 200/1152. loss: 2.762, 0.1819 s / batch. (data: 1.26e-04)max mem: 17.22454 GB 
[09/17 07:04:57 visual_prompt]: 	Test 300/1152. loss: 2.821, 0.1813 s / batch. (data: 3.39e-05)max mem: 17.22454 GB 
[09/17 07:05:17 visual_prompt]: 	Test 400/1152. loss: 2.878, 0.1829 s / batch. (data: 1.22e-04)max mem: 17.22454 GB 
[09/17 07:05:36 visual_prompt]: 	Test 500/1152. loss: 2.910, 0.2220 s / batch. (data: 3.99e-02)max mem: 17.22454 GB 
visual_prompt_tuning/experiments/vit_vtab.sh: line 9: 329382 Killed                  python visual_prompt_tuning/train.py --config-file visual_prompt_tuning/configs/prompt/cub.yaml MODEL.TYPE "vit" DATA.BATCH_SIZE "64" MODEL.PROMPT.NUM_TOKENS "100" MODEL.PROMPT.DEEP "True" MODEL.PROMPT.DROPOUT "0.1" DATA.FEATURE "sup_vitb16_imagenet21k" DATA.NAME "vtab-${dataset}" DATA.NUMBER_CLASSES "${num_classes}" SOLVER.BASE_LR "5.0" SOLVER.WEIGHT_DECAY "0.0001" MODEL.MODEL_ROOT "${model_root}" DATA.DATAPATH "${data_path}" OUTPUT_DIR "${output_dir}/seed${seed}"
