/bin/bash: /home/s1952889/miniconda3/envs/prompt/lib/libtinfo.so.6: no version information available (required by /bin/bash)
10/18 17:51:48 - mmengine - INFO - 
------------------------------------------------------------
System environment:
    sys.platform: linux
    Python: 3.10.13 (main, Sep 11 2023, 13:44:35) [GCC 11.2.0]
    CUDA available: True
    numpy_random_seed: 603109673
    GPU 0,1,2,3: NVIDIA TITAN X (Pascal)
    CUDA_HOME: None
    GCC: gcc (Ubuntu 9.4.0-1ubuntu1~20.04.2) 9.4.0
    PyTorch: 2.0.0
    PyTorch compiling details: PyTorch built with:
  - GCC 9.3
  - C++ Version: 201703
  - Intel(R) oneAPI Math Kernel Library Version 2023.1-Product Build 20230303 for Intel(R) 64 architecture applications
  - Intel(R) MKL-DNN v2.7.3 (Git Hash 6dbeffbae1f23cbbeae17adb7b5b13f1f37c080e)
  - OpenMP 201511 (a.k.a. OpenMP 4.5)
  - LAPACK is enabled (usually provided by MKL)
  - NNPACK is enabled
  - CPU capability usage: AVX2
  - CUDA Runtime 11.8
  - NVCC architecture flags: -gencode;arch=compute_37,code=sm_37;-gencode;arch=compute_50,code=sm_50;-gencode;arch=compute_60,code=sm_60;-gencode;arch=compute_61,code=sm_61;-gencode;arch=compute_70,code=sm_70;-gencode;arch=compute_75,code=sm_75;-gencode;arch=compute_80,code=sm_80;-gencode;arch=compute_86,code=sm_86;-gencode;arch=compute_90,code=sm_90;-gencode;arch=compute_37,code=compute_37
  - CuDNN 8.7
  - Magma 2.6.1
  - Build settings: BLAS_INFO=mkl, BUILD_TYPE=Release, CUDA_VERSION=11.8, CUDNN_VERSION=8.7.0, CXX_COMPILER=/opt/rh/devtoolset-9/root/usr/bin/c++, CXX_FLAGS= -D_GLIBCXX_USE_CXX11_ABI=0 -fabi-version=11 -Wno-deprecated -fvisibility-inlines-hidden -DUSE_PTHREADPOOL -DNDEBUG -DUSE_KINETO -DLIBKINETO_NOROCTRACER -DUSE_FBGEMM -DUSE_QNNPACK -DUSE_PYTORCH_QNNPACK -DUSE_XNNPACK -DSYMBOLICATE_MOBILE_DEBUG_HANDLE -O2 -fPIC -Wall -Wextra -Werror=return-type -Werror=non-virtual-dtor -Werror=bool-operation -Wnarrowing -Wno-missing-field-initializers -Wno-type-limits -Wno-array-bounds -Wno-unknown-pragmas -Wunused-local-typedefs -Wno-unused-parameter -Wno-unused-function -Wno-unused-result -Wno-strict-overflow -Wno-strict-aliasing -Wno-error=deprecated-declarations -Wno-stringop-overflow -Wno-psabi -Wno-error=pedantic -Wno-error=redundant-decls -Wno-error=old-style-cast -fdiagnostics-color=always -faligned-new -Wno-unused-but-set-variable -Wno-maybe-uninitialized -fno-math-errno -fno-trapping-math -Werror=format -Werror=cast-function-type -Wno-stringop-overflow, LAPACK_INFO=mkl, PERF_WITH_AVX=1, PERF_WITH_AVX2=1, PERF_WITH_AVX512=1, TORCH_DISABLE_GPU_ASSERTS=ON, TORCH_VERSION=2.0.0, USE_CUDA=ON, USE_CUDNN=ON, USE_EXCEPTION_PTR=1, USE_GFLAGS=OFF, USE_GLOG=OFF, USE_MKL=ON, USE_MKLDNN=ON, USE_MPI=OFF, USE_NCCL=ON, USE_NNPACK=ON, USE_OPENMP=ON, USE_ROCM=OFF, 

    TorchVision: 0.15.0
    OpenCV: 4.8.1
    MMEngine: 0.9.0

Runtime environment:
    cudnn_benchmark: True
    mp_cfg: {'mp_start_method': 'fork', 'opencv_num_threads': 0}
    dist_cfg: {'backend': 'nccl'}
    seed: 603109673
    Distributed launcher: none
    Distributed training: False
    GPU number: 1
------------------------------------------------------------

10/18 17:51:49 - mmengine - INFO - Config:
backbone_norm_cfg = dict(eps=1e-06, requires_grad=True, type='LN')
crop_size = (
    512,
    512,
)
data_preprocessor = dict(
    bgr_to_rgb=True,
    mean=[
        123.675,
        116.28,
        103.53,
    ],
    pad_val=0,
    seg_pad_val=255,
    size=(
        512,
        512,
    ),
    std=[
        58.395,
        57.12,
        57.375,
    ],
    type='SegDataPreProcessor')
data_root = 'data/ade/ADEChallengeData2016'
dataset_type = 'ADE20KDataset'
default_hooks = dict(
    checkpoint=dict(by_epoch=False, interval=16000, type='CheckpointHook'),
    logger=dict(interval=50, log_metric_by_epoch=False, type='LoggerHook'),
    param_scheduler=dict(type='ParamSchedulerHook'),
    sampler_seed=dict(type='DistSamplerSeedHook'),
    timer=dict(type='IterTimerHook'),
    visualization=dict(type='SegVisualizationHook'))
default_scope = 'mmseg'
env_cfg = dict(
    cudnn_benchmark=True,
    dist_cfg=dict(backend='nccl'),
    mp_cfg=dict(mp_start_method='fork', opencv_num_threads=0))
img_ratios = [
    0.5,
    0.75,
    1.0,
    1.25,
    1.5,
    1.75,
]
launcher = 'none'
load_from = None
log_level = 'INFO'
log_processor = dict(by_epoch=False)
model = dict(
    auxiliary_head=[
        dict(
            act_cfg=dict(type='ReLU'),
            align_corners=False,
            channels=256,
            dropout_ratio=0,
            in_channels=1024,
            in_index=0,
            kernel_size=3,
            loss_decode=dict(
                loss_weight=0.4, type='CrossEntropyLoss', use_sigmoid=False),
            norm_cfg=dict(requires_grad=True, type='SyncBN'),
            num_classes=150,
            num_convs=2,
            type='SETRUPHead'),
        dict(
            act_cfg=dict(type='ReLU'),
            align_corners=False,
            channels=256,
            dropout_ratio=0,
            in_channels=1024,
            in_index=1,
            kernel_size=3,
            loss_decode=dict(
                loss_weight=0.4, type='CrossEntropyLoss', use_sigmoid=False),
            norm_cfg=dict(requires_grad=True, type='SyncBN'),
            num_classes=150,
            num_convs=2,
            type='SETRUPHead'),
        dict(
            act_cfg=dict(type='ReLU'),
            align_corners=False,
            channels=256,
            dropout_ratio=0,
            in_channels=1024,
            in_index=2,
            kernel_size=3,
            loss_decode=dict(
                loss_weight=0.4, type='CrossEntropyLoss', use_sigmoid=False),
            norm_cfg=dict(requires_grad=True, type='SyncBN'),
            num_classes=150,
            num_convs=2,
            type='SETRUPHead'),
    ],
    backbone=dict(
        drop_rate=0.0,
        embed_dims=1024,
        img_size=(
            512,
            512,
        ),
        in_channels=3,
        init_cfg=dict(
            checkpoint='pretrain/vit_large_p16.pth', type='Pretrained'),
        interpolate_mode='bilinear',
        norm_cfg=dict(eps=1e-06, requires_grad=True, type='LN'),
        num_heads=16,
        num_layers=24,
        out_indices=(
            9,
            14,
            19,
            23,
        ),
        patch_size=16,
        prompt_cfg=dict(
            depth=24,
            dropout=0.1,
            init='random',
            length=50,
            location='prepend',
            shared=False),
        type='PromptedVisionTransformer',
        with_cls_token=True),
    data_preprocessor=dict(
        bgr_to_rgb=True,
        mean=[
            123.675,
            116.28,
            103.53,
        ],
        pad_val=0,
        seg_pad_val=255,
        size=(
            512,
            512,
        ),
        std=[
            58.395,
            57.12,
            57.375,
        ],
        type='SegDataPreProcessor'),
    decode_head=dict(
        align_corners=False,
        channels=256,
        dropout_ratio=0,
        in_channels=1024,
        in_index=3,
        kernel_size=3,
        loss_decode=dict(
            loss_weight=1.0, type='CrossEntropyLoss', use_sigmoid=False),
        norm_cfg=dict(requires_grad=True, type='SyncBN'),
        num_classes=150,
        num_convs=4,
        type='SETRUPHead',
        up_scale=2),
    pretrained=None,
    test_cfg=dict(crop_size=(
        512,
        512,
    ), mode='slide', stride=(
        341,
        341,
    )),
    train_cfg=dict(),
    type='EncoderDecoder')
norm_cfg = dict(requires_grad=True, type='SyncBN')
optim_wrapper = dict(
    clip_grad=None,
    optimizer=dict(lr=0.0005, momentum=0.9, type='SGD', weight_decay=0.0),
    paramwise_cfg=dict(custom_keys=dict(head=dict(lr_mult=1.0))),
    type='OptimWrapper')
optimizer = dict(lr=0.0005, momentum=0.9, type='SGD', weight_decay=0.0)
param_scheduler = [
    dict(
        begin=0,
        by_epoch=False,
        end=160000,
        eta_min=0.0001,
        power=0.9,
        type='PolyLR'),
]
resume = False
test_cfg = dict(type='TestLoop')
test_dataloader = dict(
    batch_size=1,
    dataset=dict(
        data_prefix=dict(
            img_path='images/validation',
            seg_map_path='annotations/validation'),
        data_root='data/ade/ADEChallengeData2016',
        pipeline=[
            dict(type='LoadImageFromFile'),
            dict(keep_ratio=True, scale=(
                2048,
                512,
            ), type='Resize'),
            dict(reduce_zero_label=True, type='LoadAnnotations'),
            dict(type='PackSegInputs'),
        ],
        type='ADE20KDataset'),
    num_workers=4,
    persistent_workers=True,
    sampler=dict(shuffle=False, type='DefaultSampler'))
test_evaluator = dict(
    iou_metrics=[
        'mIoU',
    ], type='IoUMetric')
test_pipeline = [
    dict(type='LoadImageFromFile'),
    dict(keep_ratio=True, scale=(
        2048,
        512,
    ), type='Resize'),
    dict(reduce_zero_label=True, type='LoadAnnotations'),
    dict(type='PackSegInputs'),
]
train_cfg = dict(
    max_iters=160000, type='IterBasedTrainLoop', val_interval=16000)
train_dataloader = dict(
    batch_size=4,
    dataset=dict(
        data_prefix=dict(
            img_path='images/training', seg_map_path='annotations/training'),
        data_root='data/ade/ADEChallengeData2016',
        pipeline=[
            dict(type='LoadImageFromFile'),
            dict(reduce_zero_label=True, type='LoadAnnotations'),
            dict(
                keep_ratio=True,
                ratio_range=(
                    0.5,
                    2.0,
                ),
                scale=(
                    2048,
                    512,
                ),
                type='RandomResize'),
            dict(
                cat_max_ratio=0.75, crop_size=(
                    512,
                    512,
                ), type='RandomCrop'),
            dict(prob=0.5, type='RandomFlip'),
            dict(type='PhotoMetricDistortion'),
            dict(type='PackSegInputs'),
        ],
        type='ADE20KDataset'),
    num_workers=4,
    persistent_workers=True,
    sampler=dict(shuffle=True, type='InfiniteSampler'))
train_pipeline = [
    dict(type='LoadImageFromFile'),
    dict(reduce_zero_label=True, type='LoadAnnotations'),
    dict(
        keep_ratio=True,
        ratio_range=(
            0.5,
            2.0,
        ),
        scale=(
            2048,
            512,
        ),
        type='RandomResize'),
    dict(cat_max_ratio=0.75, crop_size=(
        512,
        512,
    ), type='RandomCrop'),
    dict(prob=0.5, type='RandomFlip'),
    dict(type='PhotoMetricDistortion'),
    dict(type='PackSegInputs'),
]
tta_model = dict(type='SegTTAModel')
tta_pipeline = [
    dict(backend_args=None, type='LoadImageFromFile'),
    dict(
        transforms=[
            [
                dict(keep_ratio=True, scale_factor=0.5, type='Resize'),
                dict(keep_ratio=True, scale_factor=0.75, type='Resize'),
                dict(keep_ratio=True, scale_factor=1.0, type='Resize'),
                dict(keep_ratio=True, scale_factor=1.25, type='Resize'),
                dict(keep_ratio=True, scale_factor=1.5, type='Resize'),
                dict(keep_ratio=True, scale_factor=1.75, type='Resize'),
            ],
            [
                dict(direction='horizontal', prob=0.0, type='RandomFlip'),
                dict(direction='horizontal', prob=1.0, type='RandomFlip'),
            ],
            [
                dict(type='LoadAnnotations'),
            ],
            [
                dict(type='PackSegInputs'),
            ],
        ],
        type='TestTimeAug'),
]
val_cfg = dict(type='ValLoop')
val_dataloader = dict(
    batch_size=1,
    dataset=dict(
        data_prefix=dict(
            img_path='images/validation',
            seg_map_path='annotations/validation'),
        data_root='data/ade/ADEChallengeData2016',
        pipeline=[
            dict(type='LoadImageFromFile'),
            dict(keep_ratio=True, scale=(
                2048,
                512,
            ), type='Resize'),
            dict(reduce_zero_label=True, type='LoadAnnotations'),
            dict(type='PackSegInputs'),
        ],
        type='ADE20KDataset'),
    num_workers=4,
    persistent_workers=True,
    sampler=dict(shuffle=False, type='DefaultSampler'))
val_evaluator = dict(
    iou_metrics=[
        'mIoU',
    ], type='IoUMetric')
vis_backends = [
    dict(type='LocalVisBackend'),
]
visualizer = dict(
    name='visualizer',
    type='SegLocalVisualizer',
    vis_backends=[
        dict(type='LocalVisBackend'),
    ])
work_dir = './work_dirs/setrvpt_vit-l_pup_8xb2-160k_ade20k-512x512'

/home/s1952889/final-project/implementation/mmsegmentation/mmseg/models/builder.py:36: UserWarning: ``build_loss`` would be deprecated soon, please use ``mmseg.registry.MODELS.build()`` 
  warnings.warn('``build_loss`` would be deprecated soon, please use '
/home/s1952889/final-project/implementation/mmsegmentation/mmseg/models/losses/cross_entropy_loss.py:249: UserWarning: Default ``avg_non_ignore`` is False, if you would like to ignore the certain label and average loss over non-ignore labels, which is the same with PyTorch official cross_entropy, set ``avg_non_ignore=True``.
  warnings.warn(
10/18 17:52:25 - mmengine - INFO - Distributed training is not used, all SyncBatchNorm (SyncBN) layers in the model will be automatically reverted to BatchNormXd layers if they are used.
/home/s1952889/final-project/implementation/mmsegmentation/mmseg/engine/hooks/visualization_hook.py:61: UserWarning: The draw is False, it means that the hook for visualization will not take effect. The results will NOT be visualized or stored.
  warnings.warn('The draw is False, it means that the '
10/18 17:52:25 - mmengine - INFO - Hooks will be executed in the following order:
before_run:
(VERY_HIGH   ) RuntimeInfoHook                    
(BELOW_NORMAL) LoggerHook                         
 -------------------- 
before_train:
(VERY_HIGH   ) RuntimeInfoHook                    
(NORMAL      ) IterTimerHook                      
(VERY_LOW    ) CheckpointHook                     
 -------------------- 
before_train_epoch:
(VERY_HIGH   ) RuntimeInfoHook                    
(NORMAL      ) IterTimerHook                      
(NORMAL      ) DistSamplerSeedHook                
 -------------------- 
before_train_iter:
(VERY_HIGH   ) RuntimeInfoHook                    
(NORMAL      ) IterTimerHook                      
 -------------------- 
after_train_iter:
(VERY_HIGH   ) RuntimeInfoHook                    
(NORMAL      ) IterTimerHook                      
(NORMAL      ) SegVisualizationHook               
(BELOW_NORMAL) LoggerHook                         
(LOW         ) ParamSchedulerHook                 
(VERY_LOW    ) CheckpointHook                     
 -------------------- 
after_train_epoch:
(NORMAL      ) IterTimerHook                      
(LOW         ) ParamSchedulerHook                 
(VERY_LOW    ) CheckpointHook                     
 -------------------- 
before_val:
(VERY_HIGH   ) RuntimeInfoHook                    
 -------------------- 
before_val_epoch:
(NORMAL      ) IterTimerHook                      
 -------------------- 
before_val_iter:
(NORMAL      ) IterTimerHook                      
 -------------------- 
after_val_iter:
(NORMAL      ) IterTimerHook                      
(NORMAL      ) SegVisualizationHook               
(BELOW_NORMAL) LoggerHook                         
 -------------------- 
after_val_epoch:
(VERY_HIGH   ) RuntimeInfoHook                    
(NORMAL      ) IterTimerHook                      
(BELOW_NORMAL) LoggerHook                         
(LOW         ) ParamSchedulerHook                 
(VERY_LOW    ) CheckpointHook                     
 -------------------- 
after_val:
(VERY_HIGH   ) RuntimeInfoHook                    
 -------------------- 
after_train:
(VERY_HIGH   ) RuntimeInfoHook                    
(VERY_LOW    ) CheckpointHook                     
 -------------------- 
before_test:
(VERY_HIGH   ) RuntimeInfoHook                    
 -------------------- 
before_test_epoch:
(NORMAL      ) IterTimerHook                      
 -------------------- 
before_test_iter:
(NORMAL      ) IterTimerHook                      
 -------------------- 
after_test_iter:
(NORMAL      ) IterTimerHook                      
(NORMAL      ) SegVisualizationHook               
(BELOW_NORMAL) LoggerHook                         
 -------------------- 
after_test_epoch:
(VERY_HIGH   ) RuntimeInfoHook                    
(NORMAL      ) IterTimerHook                      
(BELOW_NORMAL) LoggerHook                         
 -------------------- 
after_test:
(VERY_HIGH   ) RuntimeInfoHook                    
 -------------------- 
after_run:
(BELOW_NORMAL) LoggerHook                         
 -------------------- 
/home/s1952889/final-project/implementation/mmsegmentation/mmseg/datasets/transforms/loading.py:83: UserWarning: `reduce_zero_label` will be deprecated, if you would like to ignore the zero label, please set `reduce_zero_label=True` when dataset initialized
  warnings.warn('`reduce_zero_label` will be deprecated, '
10/18 17:52:29 - mmengine - INFO - paramwise_options -- decode_head.conv_seg.weight:lr=0.0005
10/18 17:52:29 - mmengine - INFO - paramwise_options -- decode_head.conv_seg.weight:weight_decay=0.0
10/18 17:52:29 - mmengine - INFO - paramwise_options -- decode_head.conv_seg.weight:lr_mult=1.0
10/18 17:52:29 - mmengine - INFO - paramwise_options -- decode_head.conv_seg.bias:lr=0.0005
10/18 17:52:29 - mmengine - INFO - paramwise_options -- decode_head.conv_seg.bias:weight_decay=0.0
10/18 17:52:29 - mmengine - INFO - paramwise_options -- decode_head.conv_seg.bias:lr_mult=1.0
10/18 17:52:29 - mmengine - INFO - paramwise_options -- decode_head.norm.weight:lr=0.0005
10/18 17:52:29 - mmengine - INFO - paramwise_options -- decode_head.norm.weight:weight_decay=0.0
10/18 17:52:29 - mmengine - INFO - paramwise_options -- decode_head.norm.weight:lr_mult=1.0
10/18 17:52:29 - mmengine - INFO - paramwise_options -- decode_head.norm.bias:lr=0.0005
10/18 17:52:29 - mmengine - INFO - paramwise_options -- decode_head.norm.bias:weight_decay=0.0
10/18 17:52:29 - mmengine - INFO - paramwise_options -- decode_head.norm.bias:lr_mult=1.0
10/18 17:52:29 - mmengine - INFO - paramwise_options -- decode_head.up_convs.0.0.conv.weight:lr=0.0005
10/18 17:52:29 - mmengine - INFO - paramwise_options -- decode_head.up_convs.0.0.conv.weight:weight_decay=0.0
10/18 17:52:29 - mmengine - INFO - paramwise_options -- decode_head.up_convs.0.0.conv.weight:lr_mult=1.0
10/18 17:52:29 - mmengine - INFO - paramwise_options -- decode_head.up_convs.0.0.bn.weight:lr=0.0005
10/18 17:52:29 - mmengine - INFO - paramwise_options -- decode_head.up_convs.0.0.bn.weight:weight_decay=0.0
10/18 17:52:29 - mmengine - INFO - paramwise_options -- decode_head.up_convs.0.0.bn.weight:lr_mult=1.0
10/18 17:52:29 - mmengine - INFO - paramwise_options -- decode_head.up_convs.0.0.bn.bias:lr=0.0005
10/18 17:52:29 - mmengine - INFO - paramwise_options -- decode_head.up_convs.0.0.bn.bias:weight_decay=0.0
10/18 17:52:29 - mmengine - INFO - paramwise_options -- decode_head.up_convs.0.0.bn.bias:lr_mult=1.0
10/18 17:52:29 - mmengine - INFO - paramwise_options -- decode_head.up_convs.1.0.conv.weight:lr=0.0005
10/18 17:52:29 - mmengine - INFO - paramwise_options -- decode_head.up_convs.1.0.conv.weight:weight_decay=0.0
10/18 17:52:29 - mmengine - INFO - paramwise_options -- decode_head.up_convs.1.0.conv.weight:lr_mult=1.0
10/18 17:52:29 - mmengine - INFO - paramwise_options -- decode_head.up_convs.1.0.bn.weight:lr=0.0005
10/18 17:52:29 - mmengine - INFO - paramwise_options -- decode_head.up_convs.1.0.bn.weight:weight_decay=0.0
10/18 17:52:29 - mmengine - INFO - paramwise_options -- decode_head.up_convs.1.0.bn.weight:lr_mult=1.0
10/18 17:52:29 - mmengine - INFO - paramwise_options -- decode_head.up_convs.1.0.bn.bias:lr=0.0005
10/18 17:52:29 - mmengine - INFO - paramwise_options -- decode_head.up_convs.1.0.bn.bias:weight_decay=0.0
10/18 17:52:29 - mmengine - INFO - paramwise_options -- decode_head.up_convs.1.0.bn.bias:lr_mult=1.0
10/18 17:52:29 - mmengine - INFO - paramwise_options -- decode_head.up_convs.2.0.conv.weight:lr=0.0005
10/18 17:52:29 - mmengine - INFO - paramwise_options -- decode_head.up_convs.2.0.conv.weight:weight_decay=0.0
10/18 17:52:29 - mmengine - INFO - paramwise_options -- decode_head.up_convs.2.0.conv.weight:lr_mult=1.0
10/18 17:52:29 - mmengine - INFO - paramwise_options -- decode_head.up_convs.2.0.bn.weight:lr=0.0005
10/18 17:52:29 - mmengine - INFO - paramwise_options -- decode_head.up_convs.2.0.bn.weight:weight_decay=0.0
10/18 17:52:29 - mmengine - INFO - paramwise_options -- decode_head.up_convs.2.0.bn.weight:lr_mult=1.0
10/18 17:52:29 - mmengine - INFO - paramwise_options -- decode_head.up_convs.2.0.bn.bias:lr=0.0005
10/18 17:52:29 - mmengine - INFO - paramwise_options -- decode_head.up_convs.2.0.bn.bias:weight_decay=0.0
10/18 17:52:29 - mmengine - INFO - paramwise_options -- decode_head.up_convs.2.0.bn.bias:lr_mult=1.0
10/18 17:52:29 - mmengine - INFO - paramwise_options -- decode_head.up_convs.3.0.conv.weight:lr=0.0005
10/18 17:52:29 - mmengine - INFO - paramwise_options -- decode_head.up_convs.3.0.conv.weight:weight_decay=0.0
10/18 17:52:29 - mmengine - INFO - paramwise_options -- decode_head.up_convs.3.0.conv.weight:lr_mult=1.0
10/18 17:52:29 - mmengine - INFO - paramwise_options -- decode_head.up_convs.3.0.bn.weight:lr=0.0005
10/18 17:52:29 - mmengine - INFO - paramwise_options -- decode_head.up_convs.3.0.bn.weight:weight_decay=0.0
10/18 17:52:29 - mmengine - INFO - paramwise_options -- decode_head.up_convs.3.0.bn.weight:lr_mult=1.0
10/18 17:52:29 - mmengine - INFO - paramwise_options -- decode_head.up_convs.3.0.bn.bias:lr=0.0005
10/18 17:52:29 - mmengine - INFO - paramwise_options -- decode_head.up_convs.3.0.bn.bias:weight_decay=0.0
10/18 17:52:29 - mmengine - INFO - paramwise_options -- decode_head.up_convs.3.0.bn.bias:lr_mult=1.0
10/18 17:52:29 - mmengine - INFO - paramwise_options -- auxiliary_head.0.conv_seg.weight:lr=0.0005
10/18 17:52:29 - mmengine - INFO - paramwise_options -- auxiliary_head.0.conv_seg.weight:weight_decay=0.0
10/18 17:52:29 - mmengine - INFO - paramwise_options -- auxiliary_head.0.conv_seg.weight:lr_mult=1.0
10/18 17:52:29 - mmengine - INFO - paramwise_options -- auxiliary_head.0.conv_seg.bias:lr=0.0005
10/18 17:52:29 - mmengine - INFO - paramwise_options -- auxiliary_head.0.conv_seg.bias:weight_decay=0.0
10/18 17:52:29 - mmengine - INFO - paramwise_options -- auxiliary_head.0.conv_seg.bias:lr_mult=1.0
10/18 17:52:29 - mmengine - INFO - paramwise_options -- auxiliary_head.0.norm.weight:lr=0.0005
10/18 17:52:29 - mmengine - INFO - paramwise_options -- auxiliary_head.0.norm.weight:weight_decay=0.0
10/18 17:52:29 - mmengine - INFO - paramwise_options -- auxiliary_head.0.norm.weight:lr_mult=1.0
10/18 17:52:29 - mmengine - INFO - paramwise_options -- auxiliary_head.0.norm.bias:lr=0.0005
10/18 17:52:29 - mmengine - INFO - paramwise_options -- auxiliary_head.0.norm.bias:weight_decay=0.0
10/18 17:52:29 - mmengine - INFO - paramwise_options -- auxiliary_head.0.norm.bias:lr_mult=1.0
10/18 17:52:29 - mmengine - INFO - paramwise_options -- auxiliary_head.0.up_convs.0.0.conv.weight:lr=0.0005
10/18 17:52:29 - mmengine - INFO - paramwise_options -- auxiliary_head.0.up_convs.0.0.conv.weight:weight_decay=0.0
10/18 17:52:29 - mmengine - INFO - paramwise_options -- auxiliary_head.0.up_convs.0.0.conv.weight:lr_mult=1.0
10/18 17:52:29 - mmengine - INFO - paramwise_options -- auxiliary_head.0.up_convs.0.0.bn.weight:lr=0.0005
10/18 17:52:29 - mmengine - INFO - paramwise_options -- auxiliary_head.0.up_convs.0.0.bn.weight:weight_decay=0.0
10/18 17:52:29 - mmengine - INFO - paramwise_options -- auxiliary_head.0.up_convs.0.0.bn.weight:lr_mult=1.0
10/18 17:52:29 - mmengine - INFO - paramwise_options -- auxiliary_head.0.up_convs.0.0.bn.bias:lr=0.0005
10/18 17:52:29 - mmengine - INFO - paramwise_options -- auxiliary_head.0.up_convs.0.0.bn.bias:weight_decay=0.0
10/18 17:52:29 - mmengine - INFO - paramwise_options -- auxiliary_head.0.up_convs.0.0.bn.bias:lr_mult=1.0
10/18 17:52:29 - mmengine - INFO - paramwise_options -- auxiliary_head.0.up_convs.1.0.conv.weight:lr=0.0005
10/18 17:52:29 - mmengine - INFO - paramwise_options -- auxiliary_head.0.up_convs.1.0.conv.weight:weight_decay=0.0
10/18 17:52:29 - mmengine - INFO - paramwise_options -- auxiliary_head.0.up_convs.1.0.conv.weight:lr_mult=1.0
10/18 17:52:29 - mmengine - INFO - paramwise_options -- auxiliary_head.0.up_convs.1.0.bn.weight:lr=0.0005
10/18 17:52:29 - mmengine - INFO - paramwise_options -- auxiliary_head.0.up_convs.1.0.bn.weight:weight_decay=0.0
10/18 17:52:29 - mmengine - INFO - paramwise_options -- auxiliary_head.0.up_convs.1.0.bn.weight:lr_mult=1.0
10/18 17:52:29 - mmengine - INFO - paramwise_options -- auxiliary_head.0.up_convs.1.0.bn.bias:lr=0.0005
10/18 17:52:29 - mmengine - INFO - paramwise_options -- auxiliary_head.0.up_convs.1.0.bn.bias:weight_decay=0.0
10/18 17:52:29 - mmengine - INFO - paramwise_options -- auxiliary_head.0.up_convs.1.0.bn.bias:lr_mult=1.0
10/18 17:52:29 - mmengine - INFO - paramwise_options -- auxiliary_head.1.conv_seg.weight:lr=0.0005
10/18 17:52:29 - mmengine - INFO - paramwise_options -- auxiliary_head.1.conv_seg.weight:weight_decay=0.0
10/18 17:52:29 - mmengine - INFO - paramwise_options -- auxiliary_head.1.conv_seg.weight:lr_mult=1.0
10/18 17:52:29 - mmengine - INFO - paramwise_options -- auxiliary_head.1.conv_seg.bias:lr=0.0005
10/18 17:52:29 - mmengine - INFO - paramwise_options -- auxiliary_head.1.conv_seg.bias:weight_decay=0.0
10/18 17:52:29 - mmengine - INFO - paramwise_options -- auxiliary_head.1.conv_seg.bias:lr_mult=1.0
10/18 17:52:29 - mmengine - INFO - paramwise_options -- auxiliary_head.1.norm.weight:lr=0.0005
10/18 17:52:29 - mmengine - INFO - paramwise_options -- auxiliary_head.1.norm.weight:weight_decay=0.0
10/18 17:52:29 - mmengine - INFO - paramwise_options -- auxiliary_head.1.norm.weight:lr_mult=1.0
10/18 17:52:29 - mmengine - INFO - paramwise_options -- auxiliary_head.1.norm.bias:lr=0.0005
10/18 17:52:29 - mmengine - INFO - paramwise_options -- auxiliary_head.1.norm.bias:weight_decay=0.0
10/18 17:52:29 - mmengine - INFO - paramwise_options -- auxiliary_head.1.norm.bias:lr_mult=1.0
10/18 17:52:29 - mmengine - INFO - paramwise_options -- auxiliary_head.1.up_convs.0.0.conv.weight:lr=0.0005
10/18 17:52:29 - mmengine - INFO - paramwise_options -- auxiliary_head.1.up_convs.0.0.conv.weight:weight_decay=0.0
10/18 17:52:29 - mmengine - INFO - paramwise_options -- auxiliary_head.1.up_convs.0.0.conv.weight:lr_mult=1.0
10/18 17:52:29 - mmengine - INFO - paramwise_options -- auxiliary_head.1.up_convs.0.0.bn.weight:lr=0.0005
10/18 17:52:29 - mmengine - INFO - paramwise_options -- auxiliary_head.1.up_convs.0.0.bn.weight:weight_decay=0.0
10/18 17:52:29 - mmengine - INFO - paramwise_options -- auxiliary_head.1.up_convs.0.0.bn.weight:lr_mult=1.0
10/18 17:52:29 - mmengine - INFO - paramwise_options -- auxiliary_head.1.up_convs.0.0.bn.bias:lr=0.0005
10/18 17:52:29 - mmengine - INFO - paramwise_options -- auxiliary_head.1.up_convs.0.0.bn.bias:weight_decay=0.0
10/18 17:52:29 - mmengine - INFO - paramwise_options -- auxiliary_head.1.up_convs.0.0.bn.bias:lr_mult=1.0
10/18 17:52:29 - mmengine - INFO - paramwise_options -- auxiliary_head.1.up_convs.1.0.conv.weight:lr=0.0005
10/18 17:52:29 - mmengine - INFO - paramwise_options -- auxiliary_head.1.up_convs.1.0.conv.weight:weight_decay=0.0
10/18 17:52:29 - mmengine - INFO - paramwise_options -- auxiliary_head.1.up_convs.1.0.conv.weight:lr_mult=1.0
10/18 17:52:29 - mmengine - INFO - paramwise_options -- auxiliary_head.1.up_convs.1.0.bn.weight:lr=0.0005
10/18 17:52:29 - mmengine - INFO - paramwise_options -- auxiliary_head.1.up_convs.1.0.bn.weight:weight_decay=0.0
10/18 17:52:29 - mmengine - INFO - paramwise_options -- auxiliary_head.1.up_convs.1.0.bn.weight:lr_mult=1.0
10/18 17:52:29 - mmengine - INFO - paramwise_options -- auxiliary_head.1.up_convs.1.0.bn.bias:lr=0.0005
10/18 17:52:29 - mmengine - INFO - paramwise_options -- auxiliary_head.1.up_convs.1.0.bn.bias:weight_decay=0.0
10/18 17:52:29 - mmengine - INFO - paramwise_options -- auxiliary_head.1.up_convs.1.0.bn.bias:lr_mult=1.0
10/18 17:52:29 - mmengine - INFO - paramwise_options -- auxiliary_head.2.conv_seg.weight:lr=0.0005
10/18 17:52:29 - mmengine - INFO - paramwise_options -- auxiliary_head.2.conv_seg.weight:weight_decay=0.0
10/18 17:52:29 - mmengine - INFO - paramwise_options -- auxiliary_head.2.conv_seg.weight:lr_mult=1.0
10/18 17:52:29 - mmengine - INFO - paramwise_options -- auxiliary_head.2.conv_seg.bias:lr=0.0005
10/18 17:52:29 - mmengine - INFO - paramwise_options -- auxiliary_head.2.conv_seg.bias:weight_decay=0.0
10/18 17:52:29 - mmengine - INFO - paramwise_options -- auxiliary_head.2.conv_seg.bias:lr_mult=1.0
10/18 17:52:29 - mmengine - INFO - paramwise_options -- auxiliary_head.2.norm.weight:lr=0.0005
10/18 17:52:29 - mmengine - INFO - paramwise_options -- auxiliary_head.2.norm.weight:weight_decay=0.0
10/18 17:52:29 - mmengine - INFO - paramwise_options -- auxiliary_head.2.norm.weight:lr_mult=1.0
10/18 17:52:29 - mmengine - INFO - paramwise_options -- auxiliary_head.2.norm.bias:lr=0.0005
10/18 17:52:29 - mmengine - INFO - paramwise_options -- auxiliary_head.2.norm.bias:weight_decay=0.0
10/18 17:52:29 - mmengine - INFO - paramwise_options -- auxiliary_head.2.norm.bias:lr_mult=1.0
10/18 17:52:29 - mmengine - INFO - paramwise_options -- auxiliary_head.2.up_convs.0.0.conv.weight:lr=0.0005
10/18 17:52:29 - mmengine - INFO - paramwise_options -- auxiliary_head.2.up_convs.0.0.conv.weight:weight_decay=0.0
10/18 17:52:29 - mmengine - INFO - paramwise_options -- auxiliary_head.2.up_convs.0.0.conv.weight:lr_mult=1.0
10/18 17:52:29 - mmengine - INFO - paramwise_options -- auxiliary_head.2.up_convs.0.0.bn.weight:lr=0.0005
10/18 17:52:29 - mmengine - INFO - paramwise_options -- auxiliary_head.2.up_convs.0.0.bn.weight:weight_decay=0.0
10/18 17:52:29 - mmengine - INFO - paramwise_options -- auxiliary_head.2.up_convs.0.0.bn.weight:lr_mult=1.0
10/18 17:52:29 - mmengine - INFO - paramwise_options -- auxiliary_head.2.up_convs.0.0.bn.bias:lr=0.0005
10/18 17:52:29 - mmengine - INFO - paramwise_options -- auxiliary_head.2.up_convs.0.0.bn.bias:weight_decay=0.0
10/18 17:52:29 - mmengine - INFO - paramwise_options -- auxiliary_head.2.up_convs.0.0.bn.bias:lr_mult=1.0
10/18 17:52:29 - mmengine - INFO - paramwise_options -- auxiliary_head.2.up_convs.1.0.conv.weight:lr=0.0005
10/18 17:52:29 - mmengine - INFO - paramwise_options -- auxiliary_head.2.up_convs.1.0.conv.weight:weight_decay=0.0
10/18 17:52:29 - mmengine - INFO - paramwise_options -- auxiliary_head.2.up_convs.1.0.conv.weight:lr_mult=1.0
10/18 17:52:29 - mmengine - INFO - paramwise_options -- auxiliary_head.2.up_convs.1.0.bn.weight:lr=0.0005
10/18 17:52:29 - mmengine - INFO - paramwise_options -- auxiliary_head.2.up_convs.1.0.bn.weight:weight_decay=0.0
10/18 17:52:29 - mmengine - INFO - paramwise_options -- auxiliary_head.2.up_convs.1.0.bn.weight:lr_mult=1.0
10/18 17:52:29 - mmengine - INFO - paramwise_options -- auxiliary_head.2.up_convs.1.0.bn.bias:lr=0.0005
10/18 17:52:29 - mmengine - INFO - paramwise_options -- auxiliary_head.2.up_convs.1.0.bn.bias:weight_decay=0.0
10/18 17:52:29 - mmengine - INFO - paramwise_options -- auxiliary_head.2.up_convs.1.0.bn.bias:lr_mult=1.0
10/18 17:52:30 - mmengine - WARNING - The prefix is not set in metric class IoUMetric.
Loads checkpoint by local backend from path: pretrain/vit_large_p16.pth
Resize the pos_embed shape from torch.Size([1, 577, 1024]) to torch.Size([1, 1025, 1024])
The model and loaded state dict do not match exactly

unexpected key in source state_dict: ln1.bias, ln1.weight, patch_embed.projection.bias

missing keys in source state_dict: prompt_embeddings

10/18 17:52:45 - mmengine - WARNING - "FileClient" will be deprecated in future. Please use io functions in https://mmengine.readthedocs.io/en/latest/api/fileio.html#file-io
10/18 17:52:45 - mmengine - WARNING - "HardDiskBackend" is the alias of "LocalBackend" and the former will be deprecated in future.
10/18 17:52:45 - mmengine - INFO - Checkpoints will be saved to /home/s1952889/final-project/implementation/mmsegmentation/work_dirs/setrvpt_vit-l_pup_8xb2-160k_ade20k-512x512.
Traceback (most recent call last):
  File "/home/s1952889/final-project/implementation/mmsegmentation/tools/train.py", line 104, in <module>
    main()
  File "/home/s1952889/final-project/implementation/mmsegmentation/tools/train.py", line 100, in main
    runner.train()
  File "/home/s1952889/miniconda3/envs/openmmlab/lib/python3.10/site-packages/mmengine/runner/runner.py", line 1777, in train
    model = self.train_loop.run()  # type: ignore
  File "/home/s1952889/miniconda3/envs/openmmlab/lib/python3.10/site-packages/mmengine/runner/loops.py", line 278, in run
    self.run_iter(data_batch)
  File "/home/s1952889/miniconda3/envs/openmmlab/lib/python3.10/site-packages/mmengine/runner/loops.py", line 301, in run_iter
    outputs = self.runner.model.train_step(
  File "/home/s1952889/miniconda3/envs/openmmlab/lib/python3.10/site-packages/mmengine/model/base_model/base_model.py", line 114, in train_step
    losses = self._run_forward(data, mode='loss')  # type: ignore
  File "/home/s1952889/miniconda3/envs/openmmlab/lib/python3.10/site-packages/mmengine/model/base_model/base_model.py", line 346, in _run_forward
    results = self(**data, mode=mode)
  File "/home/s1952889/miniconda3/envs/openmmlab/lib/python3.10/site-packages/torch/nn/modules/module.py", line 1501, in _call_impl
    return forward_call(*args, **kwargs)
  File "/home/s1952889/final-project/implementation/mmsegmentation/mmseg/models/segmentors/base.py", line 94, in forward
    return self.loss(inputs, data_samples)
  File "/home/s1952889/final-project/implementation/mmsegmentation/mmseg/models/segmentors/encoder_decoder.py", line 174, in loss
    x = self.extract_feat(inputs)
  File "/home/s1952889/final-project/implementation/mmsegmentation/mmseg/models/segmentors/encoder_decoder.py", line 119, in extract_feat
    x = self.backbone(inputs)
  File "/home/s1952889/miniconda3/envs/openmmlab/lib/python3.10/site-packages/torch/nn/modules/module.py", line 1501, in _call_impl
    return forward_call(*args, **kwargs)
  File "/home/s1952889/final-project/implementation/mmsegmentation/mmseg/models/backbones/vit_prompt.py", line 411, in forward
    x = layer(x)
  File "/home/s1952889/miniconda3/envs/openmmlab/lib/python3.10/site-packages/torch/nn/modules/module.py", line 1501, in _call_impl
    return forward_call(*args, **kwargs)
  File "/home/s1952889/final-project/implementation/mmsegmentation/mmseg/models/backbones/vit.py", line 120, in forward
    x = _inner_forward(x)
  File "/home/s1952889/final-project/implementation/mmsegmentation/mmseg/models/backbones/vit.py", line 113, in _inner_forward
    x = self.attn(self.norm1(x), identity=x)
  File "/home/s1952889/miniconda3/envs/openmmlab/lib/python3.10/site-packages/torch/nn/modules/module.py", line 1501, in _call_impl
    return forward_call(*args, **kwargs)
  File "/home/s1952889/miniconda3/envs/openmmlab/lib/python3.10/site-packages/mmengine/utils/misc.py", line 395, in new_func
    output = old_func(*args, **kwargs)
  File "/home/s1952889/miniconda3/envs/openmmlab/lib/python3.10/site-packages/mmcv/cnn/bricks/transformer.py", line 542, in forward
    out = self.attn(
  File "/home/s1952889/miniconda3/envs/openmmlab/lib/python3.10/site-packages/torch/nn/modules/module.py", line 1501, in _call_impl
    return forward_call(*args, **kwargs)
  File "/home/s1952889/miniconda3/envs/openmmlab/lib/python3.10/site-packages/torch/nn/modules/activation.py", line 1189, in forward
    attn_output, attn_output_weights = F.multi_head_attention_forward(
  File "/home/s1952889/miniconda3/envs/openmmlab/lib/python3.10/site-packages/torch/nn/functional.py", line 5300, in multi_head_attention_forward
    attn_output_weights = softmax(attn_output_weights, dim=-1)
  File "/home/s1952889/miniconda3/envs/openmmlab/lib/python3.10/site-packages/torch/nn/functional.py", line 1843, in softmax
    ret = input.softmax(dim)
torch.cuda.OutOfMemoryError: CUDA out of memory. Tried to allocate 284.00 MiB (GPU 0; 11.91 GiB total capacity; 10.81 GiB already allocated; 32.94 MiB free; 11.14 GiB reserved in total by PyTorch) If reserved memory is >> allocated memory try setting max_split_size_mb to avoid fragmentation.  See documentation for Memory Management and PYTORCH_CUDA_ALLOC_CONF
/bin/bash: /home/s1952889/miniconda3/envs/prompt/lib/libtinfo.so.6: no version information available (required by /bin/bash)
