/bin/bash: /home/s1952889/miniconda3/envs/prompt/lib/libtinfo.so.6: no version information available (required by /bin/bash)
An exception occurred in telemetry logging.Disabling telemetry to prevent further exceptions.
Traceback (most recent call last):
  File "/home/s1952889/miniconda3/envs/prompt/lib/python3.11/site-packages/iopath/common/file_io.py", line 946, in __log_tmetry_keys
    handler.log_event()
  File "/home/s1952889/miniconda3/envs/prompt/lib/python3.11/site-packages/iopath/common/event_logger.py", line 97, in log_event
    del self._evt
        ^^^^^^^^^
AttributeError: 'NativePathHandler' object has no attribute '_evt'
Namespace(config_file='visual_prompt_tuning/configs/prompt/cub.yaml', train_type='prompt', opts=['MODEL.TYPE', 'vit', 'DATA.BATCH_SIZE', '64', 'MODEL.PROMPT.NUM_TOKENS', '50', 'MODEL.PROMPT.DEEP', 'True', 'MODEL.PROMPT.DROPOUT', '0.1', 'DATA.FEATURE', 'sup_vitb16_imagenet21k', 'DATA.NAME', 'mammo-cbis', 'DATA.NUMBER_CLASSES', '2', 'DATA.CROPSIZE', '224', 'MODEL.MODEL_ROOT', 'visual_prompt_tuning/model_root', 'DATA.DATAPATH', 'visual_prompt_tuning/data_path', 'OUTPUT_DIR', 'visual_prompt_tuning/output_dir'])
[10/01 19:07:31 visual_prompt]: Rank of current process: 0. World size: 1
[10/01 19:07:31 visual_prompt]: Environment info:
-------------------  -------------------------------------------------
Python               3.11.5 (main, Sep 11 2023, 13:54:46) [GCC 11.2.0]
ENV_MODULE           <not set>
PyTorch              2.0.1+cu118
PyTorch Debug Build  False
CUDA available       True
CUDA ID              3
GPU 0                NVIDIA TITAN Xp
Pillow               9.3.0
cv2                  4.8.0
-------------------  -------------------------------------------------
PyTorch built with:
  - GCC 9.3
  - C++ Version: 201703
  - Intel(R) oneAPI Math Kernel Library Version 2022.2-Product Build 20220804 for Intel(R) 64 architecture applications
  - Intel(R) MKL-DNN v2.7.3 (Git Hash 6dbeffbae1f23cbbeae17adb7b5b13f1f37c080e)
  - OpenMP 201511 (a.k.a. OpenMP 4.5)
  - LAPACK is enabled (usually provided by MKL)
  - NNPACK is enabled
  - CPU capability usage: AVX2
  - CUDA Runtime 11.8
  - NVCC architecture flags: -gencode;arch=compute_37,code=sm_37;-gencode;arch=compute_50,code=sm_50;-gencode;arch=compute_60,code=sm_60;-gencode;arch=compute_70,code=sm_70;-gencode;arch=compute_75,code=sm_75;-gencode;arch=compute_80,code=sm_80;-gencode;arch=compute_86,code=sm_86;-gencode;arch=compute_90,code=sm_90
  - CuDNN 8.7
  - Magma 2.6.1
  - Build settings: BLAS_INFO=mkl, BUILD_TYPE=Release, CUDA_VERSION=11.8, CUDNN_VERSION=8.7.0, CXX_COMPILER=/opt/rh/devtoolset-9/root/usr/bin/c++, CXX_FLAGS= -D_GLIBCXX_USE_CXX11_ABI=0 -fabi-version=11 -Wno-deprecated -fvisibility-inlines-hidden -DUSE_PTHREADPOOL -DNDEBUG -DUSE_KINETO -DLIBKINETO_NOROCTRACER -DUSE_FBGEMM -DUSE_QNNPACK -DUSE_PYTORCH_QNNPACK -DUSE_XNNPACK -DSYMBOLICATE_MOBILE_DEBUG_HANDLE -O2 -fPIC -Wall -Wextra -Werror=return-type -Werror=non-virtual-dtor -Werror=bool-operation -Wnarrowing -Wno-missing-field-initializers -Wno-type-limits -Wno-array-bounds -Wno-unknown-pragmas -Wunused-local-typedefs -Wno-unused-parameter -Wno-unused-function -Wno-unused-result -Wno-strict-overflow -Wno-strict-aliasing -Wno-error=deprecated-declarations -Wno-stringop-overflow -Wno-psabi -Wno-error=pedantic -Wno-error=redundant-decls -Wno-error=old-style-cast -fdiagnostics-color=always -faligned-new -Wno-unused-but-set-variable -Wno-maybe-uninitialized -fno-math-errno -fno-trapping-math -Werror=format -Werror=cast-function-type -Wno-stringop-overflow, LAPACK_INFO=mkl, PERF_WITH_AVX=1, PERF_WITH_AVX2=1, PERF_WITH_AVX512=1, TORCH_DISABLE_GPU_ASSERTS=ON, TORCH_VERSION=2.0.1, USE_CUDA=ON, USE_CUDNN=ON, USE_EXCEPTION_PTR=1, USE_GFLAGS=OFF, USE_GLOG=OFF, USE_MKL=ON, USE_MKLDNN=ON, USE_MPI=OFF, USE_NCCL=1, USE_NNPACK=ON, USE_OPENMP=ON, USE_ROCM=OFF, 

[10/01 19:07:31 visual_prompt]: Command line arguments: Namespace(config_file='visual_prompt_tuning/configs/prompt/cub.yaml', train_type='prompt', opts=['MODEL.TYPE', 'vit', 'DATA.BATCH_SIZE', '64', 'MODEL.PROMPT.NUM_TOKENS', '50', 'MODEL.PROMPT.DEEP', 'True', 'MODEL.PROMPT.DROPOUT', '0.1', 'DATA.FEATURE', 'sup_vitb16_imagenet21k', 'DATA.NAME', 'mammo-cbis', 'DATA.NUMBER_CLASSES', '2', 'DATA.CROPSIZE', '224', 'MODEL.MODEL_ROOT', 'visual_prompt_tuning/model_root', 'DATA.DATAPATH', 'visual_prompt_tuning/data_path', 'OUTPUT_DIR', 'visual_prompt_tuning/output_dir'])
[10/01 19:07:31 visual_prompt]: Contents of args.config_file=visual_prompt_tuning/configs/prompt/cub.yaml:
_BASE_: "../base-prompt.yaml"
RUN_N_TIMES: 1
DATA:
  NAME: "CUB"
  DATAPATH: ""  #TODO: need to specify here
  NUMBER_CLASSES: 200
  MULTILABEL: False
MODEL:
  TYPE: "vit"
SOLVER:
  BASE_LR: 0.1
  WEIGHT_DECAY: 0.01
[10/01 19:07:31 visual_prompt]: Training with config:
[10/01 19:07:31 visual_prompt]: CfgNode({'DBG': False, 'OUTPUT_DIR': 'visual_prompt_tuning/output_dir/mammo-cbis/sup_vitb16_imagenet21k/prompt50/crop224/val/seed0/lr5.0_wd0.01/run1', 'RUN_N_TIMES': 1, 'CUDNN_BENCHMARK': False, 'NUM_GPUS': 1, 'NUM_SHARDS': 1, 'SEED': 0, 'MODEL': CfgNode({'TRANSFER_TYPE': 'prompt', 'WEIGHT_PATH': '', 'SAVE_CKPT': False, 'MODEL_ROOT': 'visual_prompt_tuning/model_root', 'TYPE': 'vit', 'MLP_NUM': 0, 'LINEAR': CfgNode({'MLP_SIZES': [], 'DROPOUT': 0.1}), 'PROMPT': CfgNode({'NUM_TOKENS': 50, 'LOCATION': 'prepend', 'INITIATION': 'random', 'CLSEMB_FOLDER': '', 'CLSEMB_PATH': '', 'PROJECT': -1, 'DEEP': True, 'NUM_DEEP_LAYERS': None, 'REVERSE_DEEP': False, 'DEEP_SHARED': False, 'FORWARD_DEEP_NOEXPAND': False, 'VIT_POOL_TYPE': 'original', 'DROPOUT': 0.1, 'SAVE_FOR_EACH_EPOCH': False}), 'ADAPTER': CfgNode({'REDUCATION_FACTOR': 8, 'STYLE': 'Pfeiffer'})}), 'SOLVER': CfgNode({'LOSS': 'softmax', 'LOSS_ALPHA': 0.01, 'OPTIMIZER': 'sgd', 'MOMENTUM': 0.9, 'WEIGHT_DECAY': 0.01, 'WEIGHT_DECAY_BIAS': 0, 'PATIENCE': 300, 'CRITERION': 'loss', 'SCHEDULER': 'cosine', 'BASE_LR': 5.0, 'BIAS_MULTIPLIER': 1.0, 'WARMUP_EPOCH': 10, 'TOTAL_EPOCH': 100, 'LOG_EVERY_N': 100, 'DBG_TRAINABLE': False}), 'DATA': CfgNode({'NAME': 'mammo-cbis', 'DATAPATH': 'visual_prompt_tuning/data_path', 'FEATURE': 'sup_vitb16_imagenet21k', 'PERCENTAGE': 1.0, 'NUMBER_CLASSES': 2, 'MULTILABEL': False, 'CLASS_WEIGHTS_TYPE': 'none', 'CROPSIZE': 224, 'NO_TEST': False, 'BATCH_SIZE': 64, 'NUM_WORKERS': 4, 'PIN_MEMORY': True})})
[10/01 19:07:31 visual_prompt]: Loading training data...
[10/01 19:07:31 visual_prompt]: Constructing mammo-cbis dataset train...
[10/01 19:07:31 visual_prompt]: Loading validation data...
[10/01 19:07:31 visual_prompt]: Constructing mammo-cbis dataset val...
[10/01 19:07:31 visual_prompt]: Constructing models...
[10/01 19:07:34 visual_prompt]: Total Parameters: 86260994	 Gradient Parameters: 462338
[10/01 19:07:34 visual_prompt]: tuned percent:0.536
[10/01 19:07:44 visual_prompt]: Device used for model: 0
[10/01 19:07:44 visual_prompt]: Setting up Evaluator...
[10/01 19:07:44 visual_prompt]: Setting up Trainer...
[10/01 19:07:44 visual_prompt]: 	Setting up the optimizer...
[10/01 19:07:44 visual_prompt]: Training 1 / 100 epoch, with learning rate 0.0
[10/01 19:14:46 visual_prompt]: Epoch 1 / 100: avg data time: 1.07e+01, avg batch time: 12.0601, average train loss: 1.4842
[10/01 19:15:35 visual_prompt]: Inference (val):avg data time: 2.66e-05, avg batch time: 0.7266, average loss: 1.4711
[10/01 19:15:35 visual_prompt]: Classification results with val_mammo-cbis: top1: 53.66	rocauc: 55.14	
[10/01 19:15:35 visual_prompt]: Training 2 / 100 epoch, with learning rate 0.5
[10/01 19:22:00 visual_prompt]: Epoch 2 / 100: avg data time: 9.83e+00, avg batch time: 11.0039, average train loss: 5.5792
[10/01 19:22:46 visual_prompt]: Inference (val):avg data time: 2.38e-05, avg batch time: 0.7241, average loss: 0.7195
[10/01 19:22:46 visual_prompt]: Classification results with val_mammo-cbis: top1: 53.66	rocauc: 47.95	
[10/01 19:22:46 visual_prompt]: Training 3 / 100 epoch, with learning rate 1.0
[10/01 19:29:10 visual_prompt]: Epoch 3 / 100: avg data time: 9.80e+00, avg batch time: 10.9736, average train loss: 1.2596
[10/01 19:29:56 visual_prompt]: Inference (val):avg data time: 2.61e-05, avg batch time: 0.7273, average loss: 0.6968
[10/01 19:29:56 visual_prompt]: Classification results with val_mammo-cbis: top1: 46.34	rocauc: 50.74	
[10/01 19:29:56 visual_prompt]: Training 4 / 100 epoch, with learning rate 1.5
[10/01 19:36:21 visual_prompt]: Epoch 4 / 100: avg data time: 9.84e+00, avg batch time: 11.0074, average train loss: 1.2242
[10/01 19:37:07 visual_prompt]: Inference (val):avg data time: 3.12e-05, avg batch time: 0.7223, average loss: 2.7213
[10/01 19:37:07 visual_prompt]: Classification results with val_mammo-cbis: top1: 53.66	rocauc: 43.38	
[10/01 19:37:07 visual_prompt]: Training 5 / 100 epoch, with learning rate 2.0
[10/01 19:43:32 visual_prompt]: Epoch 5 / 100: avg data time: 9.83e+00, avg batch time: 11.0025, average train loss: 3.2149
[10/01 19:44:18 visual_prompt]: Inference (val):avg data time: 2.65e-05, avg batch time: 0.7254, average loss: 3.1587
[10/01 19:44:18 visual_prompt]: Classification results with val_mammo-cbis: top1: 53.66	rocauc: 46.06	
[10/01 19:44:18 visual_prompt]: Training 6 / 100 epoch, with learning rate 2.5
[10/01 19:50:43 visual_prompt]: Epoch 6 / 100: avg data time: 9.83e+00, avg batch time: 10.9988, average train loss: 3.1037
[10/01 19:51:29 visual_prompt]: Inference (val):avg data time: 2.46e-05, avg batch time: 0.7228, average loss: 2.2191
[10/01 19:51:29 visual_prompt]: Classification results with val_mammo-cbis: top1: 53.66	rocauc: 62.33	
[10/01 19:51:29 visual_prompt]: Training 7 / 100 epoch, with learning rate 3.0
[10/01 19:57:53 visual_prompt]: Epoch 7 / 100: avg data time: 9.81e+00, avg batch time: 10.9840, average train loss: 3.8729
[10/01 19:58:39 visual_prompt]: Inference (val):avg data time: 2.60e-05, avg batch time: 0.7197, average loss: 24.0529
[10/01 19:58:39 visual_prompt]: Classification results with val_mammo-cbis: top1: 46.34	rocauc: 43.00	
[10/01 19:58:39 visual_prompt]: Training 8 / 100 epoch, with learning rate 3.5
[10/01 20:05:04 visual_prompt]: Epoch 8 / 100: avg data time: 9.83e+00, avg batch time: 11.0038, average train loss: 6.5285
[10/01 20:05:50 visual_prompt]: Inference (val):avg data time: 2.60e-05, avg batch time: 0.7225, average loss: 7.5070
[10/01 20:05:50 visual_prompt]: Classification results with val_mammo-cbis: top1: 46.34	rocauc: 40.72	
[10/01 20:05:50 visual_prompt]: Training 9 / 100 epoch, with learning rate 4.0
[10/01 20:12:15 visual_prompt]: Epoch 9 / 100: avg data time: 9.81e+00, avg batch time: 10.9757, average train loss: 9.1794
[10/01 20:13:00 visual_prompt]: Inference (val):avg data time: 2.41e-05, avg batch time: 0.7237, average loss: 11.8154
[10/01 20:13:00 visual_prompt]: Classification results with val_mammo-cbis: top1: 53.66	rocauc: 59.97	
[10/01 20:13:00 visual_prompt]: Training 10 / 100 epoch, with learning rate 4.5
[10/01 20:19:27 visual_prompt]: Epoch 10 / 100: avg data time: 9.86e+00, avg batch time: 11.0358, average train loss: 7.6100
[10/01 20:20:12 visual_prompt]: Inference (val):avg data time: 2.32e-05, avg batch time: 0.7264, average loss: 10.4048
[10/01 20:20:13 visual_prompt]: Classification results with val_mammo-cbis: top1: 53.66	rocauc: 50.67	
[10/01 20:20:13 visual_prompt]: Training 11 / 100 epoch, with learning rate 5.0
[10/01 20:26:39 visual_prompt]: Epoch 11 / 100: avg data time: 9.85e+00, avg batch time: 11.0264, average train loss: 10.3277
[10/01 20:27:24 visual_prompt]: Inference (val):avg data time: 2.62e-05, avg batch time: 0.7275, average loss: 3.6943
[10/01 20:27:24 visual_prompt]: Classification results with val_mammo-cbis: top1: 46.34	rocauc: 46.41	
[10/01 20:27:24 visual_prompt]: Training 12 / 100 epoch, with learning rate 4.998477067547739
[10/01 20:33:49 visual_prompt]: Epoch 12 / 100: avg data time: 9.82e+00, avg batch time: 10.9952, average train loss: 9.1900
[10/01 20:34:35 visual_prompt]: Inference (val):avg data time: 2.39e-05, avg batch time: 0.7273, average loss: 2.0255
[10/01 20:34:35 visual_prompt]: Classification results with val_mammo-cbis: top1: 53.66	rocauc: 53.62	
[10/01 20:34:35 visual_prompt]: Training 13 / 100 epoch, with learning rate 4.993910125649561
[10/01 20:41:00 visual_prompt]: Epoch 13 / 100: avg data time: 9.82e+00, avg batch time: 10.9921, average train loss: 11.5426
[10/01 20:41:45 visual_prompt]: Inference (val):avg data time: 2.66e-05, avg batch time: 0.7243, average loss: 8.2489
[10/01 20:41:45 visual_prompt]: Classification results with val_mammo-cbis: top1: 46.34	rocauc: 44.41	
[10/01 20:41:45 visual_prompt]: Training 14 / 100 epoch, with learning rate 4.986304738420683
[10/01 20:48:09 visual_prompt]: Epoch 14 / 100: avg data time: 9.80e+00, avg batch time: 10.9747, average train loss: 12.6331
[10/01 20:48:55 visual_prompt]: Inference (val):avg data time: 2.38e-05, avg batch time: 0.7285, average loss: 29.3165
[10/01 20:48:55 visual_prompt]: Classification results with val_mammo-cbis: top1: 53.66	rocauc: 66.17	
[10/01 20:48:55 visual_prompt]: Training 15 / 100 epoch, with learning rate 4.975670171853926
[10/01 20:55:18 visual_prompt]: Epoch 15 / 100: avg data time: 9.78e+00, avg batch time: 10.9563, average train loss: 10.3686
[10/01 20:56:04 visual_prompt]: Inference (val):avg data time: 2.81e-05, avg batch time: 0.7264, average loss: 7.7969
[10/01 20:56:04 visual_prompt]: Classification results with val_mammo-cbis: top1: 46.34	rocauc: 51.76	
[10/01 20:56:04 visual_prompt]: Training 16 / 100 epoch, with learning rate 4.962019382530521
[10/01 21:02:30 visual_prompt]: Epoch 16 / 100: avg data time: 9.85e+00, avg batch time: 11.0283, average train loss: 11.5388
[10/01 21:03:16 visual_prompt]: Inference (val):avg data time: 2.75e-05, avg batch time: 0.7194, average loss: 14.1302
[10/01 21:03:16 visual_prompt]: Classification results with val_mammo-cbis: top1: 53.66	rocauc: 57.48	
[10/01 21:03:16 visual_prompt]: Training 17 / 100 epoch, with learning rate 4.945369001834514
[10/01 21:09:39 visual_prompt]: Epoch 17 / 100: avg data time: 9.77e+00, avg batch time: 10.9418, average train loss: 11.1880
[10/01 21:10:25 visual_prompt]: Inference (val):avg data time: 2.56e-05, avg batch time: 0.7271, average loss: 14.1381
[10/01 21:10:25 visual_prompt]: Classification results with val_mammo-cbis: top1: 46.34	rocauc: 57.47	
[10/01 21:10:25 visual_prompt]: Training 18 / 100 epoch, with learning rate 4.925739315689991
[10/01 21:16:50 visual_prompt]: Epoch 18 / 100: avg data time: 9.83e+00, avg batch time: 11.0013, average train loss: 9.2500
[10/01 21:17:36 visual_prompt]: Inference (val):avg data time: 2.52e-05, avg batch time: 0.7264, average loss: 5.9903
[10/01 21:17:36 visual_prompt]: Classification results with val_mammo-cbis: top1: 46.34	rocauc: 43.94	
[10/01 21:17:36 visual_prompt]: Training 19 / 100 epoch, with learning rate 4.903154239845797
[10/01 21:23:58 visual_prompt]: Epoch 19 / 100: avg data time: 9.76e+00, avg batch time: 10.9306, average train loss: 9.1250
[10/01 21:24:44 visual_prompt]: Inference (val):avg data time: 2.67e-05, avg batch time: 0.7239, average loss: 21.0825
[10/01 21:24:44 visual_prompt]: Classification results with val_mammo-cbis: top1: 53.66	rocauc: 54.78	
[10/01 21:24:44 visual_prompt]: Training 20 / 100 epoch, with learning rate 4.877641290737884
[10/01 21:31:08 visual_prompt]: Epoch 20 / 100: avg data time: 9.80e+00, avg batch time: 10.9732, average train loss: 8.5311
[10/01 21:31:54 visual_prompt]: Inference (val):avg data time: 2.78e-05, avg batch time: 0.7313, average loss: 7.0707
[10/01 21:31:54 visual_prompt]: Classification results with val_mammo-cbis: top1: 46.34	rocauc: 60.47	
[10/01 21:31:54 visual_prompt]: Training 21 / 100 epoch, with learning rate 4.849231551964771
[10/01 21:38:20 visual_prompt]: Epoch 21 / 100: avg data time: 9.84e+00, avg batch time: 11.0129, average train loss: 6.0482
[10/01 21:39:05 visual_prompt]: Inference (val):avg data time: 2.41e-05, avg batch time: 0.7216, average loss: 12.3047
[10/01 21:39:05 visual_prompt]: Classification results with val_mammo-cbis: top1: 53.66	rocauc: 49.38	
[10/01 21:39:05 visual_prompt]: Training 22 / 100 epoch, with learning rate 4.817959636416969
[10/01 21:45:30 visual_prompt]: Epoch 22 / 100: avg data time: 9.82e+00, avg batch time: 10.9971, average train loss: 6.2261
[10/01 21:46:16 visual_prompt]: Inference (val):avg data time: 2.71e-05, avg batch time: 0.7238, average loss: 0.7022
[10/01 21:46:16 visual_prompt]: Classification results with val_mammo-cbis: top1: 53.66	rocauc: 51.66	
[10/01 21:46:16 visual_prompt]: Training 23 / 100 epoch, with learning rate 4.783863644106502
[10/01 21:52:39 visual_prompt]: Epoch 23 / 100: avg data time: 9.79e+00, avg batch time: 10.9592, average train loss: 8.2975
[10/01 21:53:25 visual_prompt]: Inference (val):avg data time: 2.67e-05, avg batch time: 0.7221, average loss: 32.0527
[10/01 21:53:25 visual_prompt]: Classification results with val_mammo-cbis: top1: 46.34	rocauc: 44.19	
[10/01 21:53:25 visual_prompt]: Training 24 / 100 epoch, with learning rate 4.7469851157479175
[10/01 21:59:50 visual_prompt]: Epoch 24 / 100: avg data time: 9.82e+00, avg batch time: 10.9994, average train loss: 12.3180
[10/01 22:00:36 visual_prompt]: Inference (val):avg data time: 2.67e-05, avg batch time: 0.7228, average loss: 12.3567
[10/01 22:00:36 visual_prompt]: Classification results with val_mammo-cbis: top1: 53.66	rocauc: 43.35	
[10/01 22:00:36 visual_prompt]: Training 25 / 100 epoch, with learning rate 4.707368982147317
[10/01 22:07:01 visual_prompt]: Epoch 25 / 100: avg data time: 9.83e+00, avg batch time: 11.0038, average train loss: 14.3524
[10/01 22:07:47 visual_prompt]: Inference (val):avg data time: 2.77e-05, avg batch time: 0.7259, average loss: 7.6356
[10/01 22:07:47 visual_prompt]: Classification results with val_mammo-cbis: top1: 46.34	rocauc: 46.76	
[10/01 22:07:47 visual_prompt]: Training 26 / 100 epoch, with learning rate 4.665063509461097
[10/01 22:14:13 visual_prompt]: Epoch 26 / 100: avg data time: 9.85e+00, avg batch time: 11.0289, average train loss: 10.1277
[10/01 22:15:00 visual_prompt]: Inference (val):avg data time: 2.71e-05, avg batch time: 0.7219, average loss: 22.1732
[10/01 22:15:00 visual_prompt]: Classification results with val_mammo-cbis: top1: 46.34	rocauc: 55.74	
[10/01 22:15:00 visual_prompt]: Training 27 / 100 epoch, with learning rate 4.620120240391064
[10/01 22:21:25 visual_prompt]: Epoch 27 / 100: avg data time: 9.83e+00, avg batch time: 11.0015, average train loss: 13.5881
[10/01 22:22:11 visual_prompt]: Inference (val):avg data time: 2.43e-05, avg batch time: 0.7274, average loss: 0.8164
[10/01 22:22:11 visual_prompt]: Classification results with val_mammo-cbis: top1: 46.34	rocauc: 49.07	
[10/01 22:22:11 visual_prompt]: Training 28 / 100 epoch, with learning rate 4.572593931387604
[10/01 22:28:35 visual_prompt]: Epoch 28 / 100: avg data time: 9.78e+00, avg batch time: 10.9539, average train loss: 11.4140
[10/01 22:29:20 visual_prompt]: Inference (val):avg data time: 2.36e-05, avg batch time: 0.7224, average loss: 44.4475
[10/01 22:29:20 visual_prompt]: Classification results with val_mammo-cbis: top1: 46.34	rocauc: 45.87	
[10/01 22:29:20 visual_prompt]: Training 29 / 100 epoch, with learning rate 4.522542485937368
[10/01 22:35:45 visual_prompt]: Epoch 29 / 100: avg data time: 9.82e+00, avg batch time: 10.9924, average train loss: 16.1332
[10/01 22:36:31 visual_prompt]: Inference (val):avg data time: 2.50e-05, avg batch time: 0.7219, average loss: 49.4648
[10/01 22:36:31 visual_prompt]: Classification results with val_mammo-cbis: top1: 46.34	rocauc: 46.90	
[10/01 22:36:31 visual_prompt]: Training 30 / 100 epoch, with learning rate 4.4700268840168045
[10/01 22:42:56 visual_prompt]: Epoch 30 / 100: avg data time: 9.83e+00, avg batch time: 11.0028, average train loss: 12.6405
[10/01 22:43:42 visual_prompt]: Inference (val):avg data time: 2.29e-05, avg batch time: 0.7276, average loss: 20.7419
[10/01 22:43:42 visual_prompt]: Classification results with val_mammo-cbis: top1: 53.66	rocauc: 49.35	
[10/01 22:43:42 visual_prompt]: Training 31 / 100 epoch, with learning rate 4.415111107797445
[10/01 22:50:07 visual_prompt]: Epoch 31 / 100: avg data time: 9.83e+00, avg batch time: 11.0070, average train loss: 9.4716
[10/01 22:50:53 visual_prompt]: Inference (val):avg data time: 2.65e-05, avg batch time: 0.7175, average loss: 10.5212
[10/01 22:50:53 visual_prompt]: Classification results with val_mammo-cbis: top1: 46.34	rocauc: 48.07	
[10/01 22:50:53 visual_prompt]: Training 32 / 100 epoch, with learning rate 4.357862063693486
[10/01 22:57:19 visual_prompt]: Epoch 32 / 100: avg data time: 9.84e+00, avg batch time: 11.0108, average train loss: 10.3519
[10/01 22:58:05 visual_prompt]: Inference (val):avg data time: 2.67e-05, avg batch time: 0.7209, average loss: 9.6854
[10/01 22:58:05 visual_prompt]: Classification results with val_mammo-cbis: top1: 46.34	rocauc: 39.29	
[10/01 22:58:05 visual_prompt]: Training 33 / 100 epoch, with learning rate 4.298349500846628
[10/01 23:04:32 visual_prompt]: Epoch 33 / 100: avg data time: 9.88e+00, avg batch time: 11.0569, average train loss: 8.2530
[10/01 23:05:18 visual_prompt]: Inference (val):avg data time: 2.49e-05, avg batch time: 0.7280, average loss: 21.1422
[10/01 23:05:18 visual_prompt]: Classification results with val_mammo-cbis: top1: 54.07	rocauc: 47.18	
[10/01 23:05:18 visual_prompt]: Training 34 / 100 epoch, with learning rate 4.236645926147493
[10/01 23:11:44 visual_prompt]: Epoch 34 / 100: avg data time: 9.86e+00, avg batch time: 11.0340, average train loss: 9.3239
[10/01 23:12:30 visual_prompt]: Inference (val):avg data time: 2.60e-05, avg batch time: 0.7226, average loss: 1.4967
[10/01 23:12:30 visual_prompt]: Classification results with val_mammo-cbis: top1: 53.66	rocauc: 52.83	
[10/01 23:12:30 visual_prompt]: Training 35 / 100 epoch, with learning rate 4.172826515897146
[10/01 23:18:54 visual_prompt]: Epoch 35 / 100: avg data time: 9.80e+00, avg batch time: 10.9738, average train loss: 8.7613
[10/01 23:19:40 visual_prompt]: Inference (val):avg data time: 3.04e-05, avg batch time: 0.7314, average loss: 2.6654
[10/01 23:19:40 visual_prompt]: Classification results with val_mammo-cbis: top1: 46.34	rocauc: 44.44	
[10/01 23:19:40 visual_prompt]: Training 36 / 100 epoch, with learning rate 4.106969024216348
[10/01 23:26:04 visual_prompt]: Epoch 36 / 100: avg data time: 9.79e+00, avg batch time: 10.9669, average train loss: 8.3037
[10/01 23:26:49 visual_prompt]: Inference (val):avg data time: 3.22e-05, avg batch time: 0.7195, average loss: 6.3432
[10/01 23:26:49 visual_prompt]: Classification results with val_mammo-cbis: top1: 46.34	rocauc: 48.48	
[10/01 23:26:49 visual_prompt]: Training 37 / 100 epoch, with learning rate 4.039153688314146
[10/01 23:33:13 visual_prompt]: Epoch 37 / 100: avg data time: 9.79e+00, avg batch time: 10.9629, average train loss: 11.4607
[10/01 23:33:59 visual_prompt]: Inference (val):avg data time: 2.80e-05, avg batch time: 0.7232, average loss: 3.8747
[10/01 23:33:59 visual_prompt]: Classification results with val_mammo-cbis: top1: 46.34	rocauc: 45.14	
[10/01 23:33:59 visual_prompt]: Training 38 / 100 epoch, with learning rate 3.969463130731183
[10/01 23:40:24 visual_prompt]: Epoch 38 / 100: avg data time: 9.82e+00, avg batch time: 10.9883, average train loss: 9.9212
[10/01 23:41:10 visual_prompt]: Inference (val):avg data time: 2.48e-05, avg batch time: 0.7252, average loss: 16.9450
[10/01 23:41:10 visual_prompt]: Classification results with val_mammo-cbis: top1: 53.66	rocauc: 43.97	
[10/01 23:41:10 visual_prompt]: Training 39 / 100 epoch, with learning rate 3.897982258676867
[10/01 23:47:35 visual_prompt]: Epoch 39 / 100: avg data time: 9.83e+00, avg batch time: 11.0039, average train loss: 9.3626
[10/01 23:48:20 visual_prompt]: Inference (val):avg data time: 2.65e-05, avg batch time: 0.7256, average loss: 0.8445
[10/01 23:48:20 visual_prompt]: Classification results with val_mammo-cbis: top1: 53.66	rocauc: 62.01	
[10/01 23:48:20 visual_prompt]: Training 40 / 100 epoch, with learning rate 3.824798160583012
[10/01 23:54:46 visual_prompt]: Epoch 40 / 100: avg data time: 9.84e+00, avg batch time: 11.0132, average train loss: 5.7063
[10/01 23:55:32 visual_prompt]: Inference (val):avg data time: 2.46e-05, avg batch time: 0.7356, average loss: 4.1603
[10/01 23:55:32 visual_prompt]: Classification results with val_mammo-cbis: top1: 46.34	rocauc: 53.95	
[10/01 23:55:32 visual_prompt]: Training 41 / 100 epoch, with learning rate 3.75
[10/02 00:01:55 visual_prompt]: Epoch 41 / 100: avg data time: 9.77e+00, avg batch time: 10.9410, average train loss: 7.7897
[10/02 00:02:41 visual_prompt]: Inference (val):avg data time: 2.59e-05, avg batch time: 0.7229, average loss: 5.0088
[10/02 00:02:41 visual_prompt]: Classification results with val_mammo-cbis: top1: 53.66	rocauc: 46.07	
[10/02 00:02:41 visual_prompt]: Training 42 / 100 epoch, with learning rate 3.673678906964727
[10/02 00:09:06 visual_prompt]: Epoch 42 / 100: avg data time: 9.81e+00, avg batch time: 10.9870, average train loss: 7.2678
[10/02 00:09:51 visual_prompt]: Inference (val):avg data time: 2.93e-05, avg batch time: 0.7227, average loss: 3.2788
[10/02 00:09:51 visual_prompt]: Classification results with val_mammo-cbis: top1: 46.34	rocauc: 47.50	
[10/02 00:09:51 visual_prompt]: Training 43 / 100 epoch, with learning rate 3.5959278669726933
[10/02 00:16:15 visual_prompt]: Epoch 43 / 100: avg data time: 9.77e+00, avg batch time: 10.9488, average train loss: 4.8774
[10/02 00:17:00 visual_prompt]: Inference (val):avg data time: 2.48e-05, avg batch time: 0.7270, average loss: 2.1114
[10/02 00:17:00 visual_prompt]: Classification results with val_mammo-cbis: top1: 46.34	rocauc: 40.36	
[10/02 00:17:00 visual_prompt]: Training 44 / 100 epoch, with learning rate 3.516841607689501
[10/02 00:23:25 visual_prompt]: Epoch 44 / 100: avg data time: 9.82e+00, avg batch time: 10.9909, average train loss: 8.1996
[10/02 00:24:11 visual_prompt]: Inference (val):avg data time: 3.01e-05, avg batch time: 0.7242, average loss: 3.5473
[10/02 00:24:11 visual_prompt]: Classification results with val_mammo-cbis: top1: 46.34	rocauc: 54.63	
[10/02 00:24:11 visual_prompt]: Training 45 / 100 epoch, with learning rate 3.4365164835397803
[10/02 00:30:37 visual_prompt]: Epoch 45 / 100: avg data time: 9.84e+00, avg batch time: 11.0092, average train loss: 6.1419
[10/02 00:31:22 visual_prompt]: Inference (val):avg data time: 2.86e-05, avg batch time: 0.7320, average loss: 5.8506
[10/02 00:31:22 visual_prompt]: Classification results with val_mammo-cbis: top1: 53.66	rocauc: 48.43	
[10/02 00:31:22 visual_prompt]: Training 46 / 100 epoch, with learning rate 3.3550503583141724
[10/02 00:37:47 visual_prompt]: Epoch 46 / 100: avg data time: 9.82e+00, avg batch time: 10.9927, average train loss: 6.2404
[10/02 00:38:33 visual_prompt]: Inference (val):avg data time: 2.75e-05, avg batch time: 0.7242, average loss: 2.1517
[10/02 00:38:33 visual_prompt]: Classification results with val_mammo-cbis: top1: 46.34	rocauc: 58.67	
[10/02 00:38:33 visual_prompt]: Training 47 / 100 epoch, with learning rate 3.2725424859373686
[10/02 00:44:57 visual_prompt]: Epoch 47 / 100: avg data time: 9.80e+00, avg batch time: 10.9740, average train loss: 7.7789
[10/02 00:45:43 visual_prompt]: Inference (val):avg data time: 2.49e-05, avg batch time: 0.7287, average loss: 2.0390
[10/02 00:45:43 visual_prompt]: Classification results with val_mammo-cbis: top1: 53.66	rocauc: 49.96	
[10/02 00:45:43 visual_prompt]: Training 48 / 100 epoch, with learning rate 3.1890933895424975
[10/02 00:52:07 visual_prompt]: Epoch 48 / 100: avg data time: 9.78e+00, avg batch time: 10.9514, average train loss: 5.9779
[10/02 00:52:52 visual_prompt]: Inference (val):avg data time: 2.57e-05, avg batch time: 0.7167, average loss: 4.3259
[10/02 00:52:52 visual_prompt]: Classification results with val_mammo-cbis: top1: 46.34	rocauc: 52.94	
[10/02 00:52:52 visual_prompt]: Training 49 / 100 epoch, with learning rate 3.104804738999169
[10/02 00:59:19 visual_prompt]: Epoch 49 / 100: avg data time: 9.89e+00, avg batch time: 11.0643, average train loss: 8.0878
[10/02 01:00:05 visual_prompt]: Inference (val):avg data time: 2.59e-05, avg batch time: 0.7247, average loss: 9.1380
[10/02 01:00:05 visual_prompt]: Classification results with val_mammo-cbis: top1: 46.34	rocauc: 54.52	
[10/02 01:00:05 visual_prompt]: Training 50 / 100 epoch, with learning rate 3.019779227044398
[10/02 01:06:31 visual_prompt]: Epoch 50 / 100: avg data time: 9.84e+00, avg batch time: 11.0156, average train loss: 5.4140
[10/02 01:07:16 visual_prompt]: Inference (val):avg data time: 2.68e-05, avg batch time: 0.7224, average loss: 8.0615
[10/02 01:07:16 visual_prompt]: Classification results with val_mammo-cbis: top1: 46.34	rocauc: 61.58	
[10/02 01:07:16 visual_prompt]: Training 51 / 100 epoch, with learning rate 2.934120444167326
[10/02 01:13:41 visual_prompt]: Epoch 51 / 100: avg data time: 9.82e+00, avg batch time: 10.9907, average train loss: 4.5517
[10/02 01:14:27 visual_prompt]: Inference (val):avg data time: 2.91e-05, avg batch time: 0.7244, average loss: 7.0365
[10/02 01:14:27 visual_prompt]: Classification results with val_mammo-cbis: top1: 53.66	rocauc: 43.82	
[10/02 01:14:27 visual_prompt]: Training 52 / 100 epoch, with learning rate 2.8479327524001636
[10/02 01:20:52 visual_prompt]: Epoch 52 / 100: avg data time: 9.83e+00, avg batch time: 11.0076, average train loss: 4.1941
[10/02 01:21:38 visual_prompt]: Inference (val):avg data time: 2.49e-05, avg batch time: 0.7331, average loss: 5.3362
[10/02 01:21:38 visual_prompt]: Classification results with val_mammo-cbis: top1: 53.66	rocauc: 47.61	
[10/02 01:21:38 visual_prompt]: Training 53 / 100 epoch, with learning rate 2.761321158169134
[10/02 01:28:01 visual_prompt]: Epoch 53 / 100: avg data time: 9.77e+00, avg batch time: 10.9418, average train loss: 8.5682
[10/02 01:28:47 visual_prompt]: Inference (val):avg data time: 2.51e-05, avg batch time: 0.7236, average loss: 2.1841
[10/02 01:28:47 visual_prompt]: Classification results with val_mammo-cbis: top1: 53.66	rocauc: 49.77	
[10/02 01:28:47 visual_prompt]: Training 54 / 100 epoch, with learning rate 2.6743911843603128
[10/02 01:35:12 visual_prompt]: Epoch 54 / 100: avg data time: 9.82e+00, avg batch time: 10.9933, average train loss: 7.0037
[10/02 01:35:57 visual_prompt]: Inference (val):avg data time: 2.45e-05, avg batch time: 0.7237, average loss: 2.9182
[10/02 01:35:57 visual_prompt]: Classification results with val_mammo-cbis: top1: 51.63	rocauc: 41.48	
[10/02 01:35:57 visual_prompt]: Training 55 / 100 epoch, with learning rate 2.5872487417562526
[10/02 01:42:22 visual_prompt]: Epoch 55 / 100: avg data time: 9.81e+00, avg batch time: 10.9850, average train loss: 4.9212
[10/02 01:43:08 visual_prompt]: Inference (val):avg data time: 3.05e-05, avg batch time: 0.7266, average loss: 1.9585
[10/02 01:43:08 visual_prompt]: Classification results with val_mammo-cbis: top1: 46.34	rocauc: 51.03	
[10/02 01:43:08 visual_prompt]: Training 56 / 100 epoch, with learning rate 2.5
[10/02 01:49:33 visual_prompt]: Epoch 56 / 100: avg data time: 9.82e+00, avg batch time: 10.9951, average train loss: 6.4236
[10/02 01:50:18 visual_prompt]: Inference (val):avg data time: 2.69e-05, avg batch time: 0.7285, average loss: 6.9305
[10/02 01:50:18 visual_prompt]: Classification results with val_mammo-cbis: top1: 46.34	rocauc: 47.30	
[10/02 01:50:18 visual_prompt]: Training 57 / 100 epoch, with learning rate 2.4127512582437483
[10/02 01:56:45 visual_prompt]: Epoch 57 / 100: avg data time: 9.86e+00, avg batch time: 11.0367, average train loss: 3.3554
[10/02 01:57:31 visual_prompt]: Inference (val):avg data time: 2.44e-05, avg batch time: 0.7271, average loss: 4.1686
[10/02 01:57:31 visual_prompt]: Classification results with val_mammo-cbis: top1: 46.34	rocauc: 58.46	
[10/02 01:57:31 visual_prompt]: Training 58 / 100 epoch, with learning rate 2.325608815639687
[10/02 02:03:54 visual_prompt]: Epoch 58 / 100: avg data time: 9.77e+00, avg batch time: 10.9452, average train loss: 3.2464
[10/02 02:04:40 visual_prompt]: Inference (val):avg data time: 2.63e-05, avg batch time: 0.7254, average loss: 1.4580
[10/02 02:04:40 visual_prompt]: Classification results with val_mammo-cbis: top1: 53.66	rocauc: 47.06	
[10/02 02:04:40 visual_prompt]: Training 59 / 100 epoch, with learning rate 2.2386788418308665
[10/02 02:11:04 visual_prompt]: Epoch 59 / 100: avg data time: 9.81e+00, avg batch time: 10.9868, average train loss: 2.6486
[10/02 02:11:50 visual_prompt]: Inference (val):avg data time: 2.78e-05, avg batch time: 0.7271, average loss: 1.7260
[10/02 02:11:50 visual_prompt]: Classification results with val_mammo-cbis: top1: 46.34	rocauc: 54.79	
[10/02 02:11:50 visual_prompt]: Training 60 / 100 epoch, with learning rate 2.1520672475998373
[10/02 02:18:15 visual_prompt]: Epoch 60 / 100: avg data time: 9.83e+00, avg batch time: 11.0063, average train loss: 2.4009
[10/02 02:19:01 visual_prompt]: Inference (val):avg data time: 2.69e-05, avg batch time: 0.7242, average loss: 0.8192
[10/02 02:19:01 visual_prompt]: Classification results with val_mammo-cbis: top1: 53.66	rocauc: 43.96	
[10/02 02:19:01 visual_prompt]: Training 61 / 100 epoch, with learning rate 2.0658795558326744
[10/02 02:25:26 visual_prompt]: Epoch 61 / 100: avg data time: 9.83e+00, avg batch time: 11.0019, average train loss: 2.6396
[10/02 02:26:12 visual_prompt]: Inference (val):avg data time: 2.55e-05, avg batch time: 0.7244, average loss: 1.5098
[10/02 02:26:12 visual_prompt]: Classification results with val_mammo-cbis: top1: 46.34	rocauc: 40.34	
[10/02 02:26:12 visual_prompt]: Training 62 / 100 epoch, with learning rate 1.980220772955602
[10/02 02:32:36 visual_prompt]: Epoch 62 / 100: avg data time: 9.77e+00, avg batch time: 10.9536, average train loss: 4.1207
[10/02 02:33:21 visual_prompt]: Inference (val):avg data time: 2.62e-05, avg batch time: 0.7254, average loss: 0.6940
[10/02 02:33:21 visual_prompt]: Classification results with val_mammo-cbis: top1: 48.37	rocauc: 51.84	
[10/02 02:33:21 visual_prompt]: Training 63 / 100 epoch, with learning rate 1.895195261000831
[10/02 02:39:46 visual_prompt]: Epoch 63 / 100: avg data time: 9.81e+00, avg batch time: 10.9847, average train loss: 1.7754
[10/02 02:40:32 visual_prompt]: Inference (val):avg data time: 2.65e-05, avg batch time: 0.7263, average loss: 0.8509
[10/02 02:40:32 visual_prompt]: Classification results with val_mammo-cbis: top1: 52.85	rocauc: 54.11	
[10/02 02:40:32 visual_prompt]: Training 64 / 100 epoch, with learning rate 1.8109066104575022
[10/02 02:46:55 visual_prompt]: Epoch 64 / 100: avg data time: 9.78e+00, avg batch time: 10.9526, average train loss: 1.7908
[10/02 02:47:41 visual_prompt]: Inference (val):avg data time: 2.53e-05, avg batch time: 0.7250, average loss: 1.7569
[10/02 02:47:41 visual_prompt]: Classification results with val_mammo-cbis: top1: 53.66	rocauc: 40.86	
[10/02 02:47:41 visual_prompt]: Training 65 / 100 epoch, with learning rate 1.7274575140626316
[10/02 02:54:07 visual_prompt]: Epoch 65 / 100: avg data time: 9.84e+00, avg batch time: 11.0186, average train loss: 2.1634
[10/02 02:54:53 visual_prompt]: Inference (val):avg data time: 2.71e-05, avg batch time: 0.7208, average loss: 1.0329
[10/02 02:54:53 visual_prompt]: Classification results with val_mammo-cbis: top1: 46.34	rocauc: 41.46	
[10/02 02:54:53 visual_prompt]: Training 66 / 100 epoch, with learning rate 1.6449496416858285
[10/02 03:01:19 visual_prompt]: Epoch 66 / 100: avg data time: 9.85e+00, avg batch time: 11.0228, average train loss: 1.2187
[10/02 03:02:05 visual_prompt]: Inference (val):avg data time: 2.59e-05, avg batch time: 0.7246, average loss: 1.7564
[10/02 03:02:05 visual_prompt]: Classification results with val_mammo-cbis: top1: 53.66	rocauc: 46.31	
[10/02 03:02:05 visual_prompt]: Training 67 / 100 epoch, with learning rate 1.5634835164602199
[10/02 03:08:27 visual_prompt]: Epoch 67 / 100: avg data time: 9.74e+00, avg batch time: 10.9122, average train loss: 1.6238
[10/02 03:09:12 visual_prompt]: Inference (val):avg data time: 2.52e-05, avg batch time: 0.7276, average loss: 3.1687
[10/02 03:09:12 visual_prompt]: Classification results with val_mammo-cbis: top1: 53.66	rocauc: 59.37	
[10/02 03:09:12 visual_prompt]: Training 68 / 100 epoch, with learning rate 1.4831583923104998
[10/02 03:15:36 visual_prompt]: Epoch 68 / 100: avg data time: 9.77e+00, avg batch time: 10.9499, average train loss: 1.6458
[10/02 03:16:22 visual_prompt]: Inference (val):avg data time: 2.74e-05, avg batch time: 0.7249, average loss: 2.6362
[10/02 03:16:22 visual_prompt]: Classification results with val_mammo-cbis: top1: 46.34	rocauc: 55.14	
[10/02 03:16:22 visual_prompt]: Training 69 / 100 epoch, with learning rate 1.4040721330273063
[10/02 03:22:46 visual_prompt]: Epoch 69 / 100: avg data time: 9.81e+00, avg batch time: 10.9897, average train loss: 2.2964
[10/02 03:23:32 visual_prompt]: Inference (val):avg data time: 2.59e-05, avg batch time: 0.7194, average loss: 1.3372
[10/02 03:23:32 visual_prompt]: Classification results with val_mammo-cbis: top1: 46.34	rocauc: 45.32	
[10/02 03:23:32 visual_prompt]: Training 70 / 100 epoch, with learning rate 1.3263210930352738
[10/02 03:29:57 visual_prompt]: Epoch 70 / 100: avg data time: 9.82e+00, avg batch time: 10.9980, average train loss: 1.2143
[10/02 03:30:43 visual_prompt]: Inference (val):avg data time: 2.56e-05, avg batch time: 0.7332, average loss: 1.1503
[10/02 03:30:43 visual_prompt]: Classification results with val_mammo-cbis: top1: 53.66	rocauc: 50.08	
[10/02 03:30:43 visual_prompt]: Training 71 / 100 epoch, with learning rate 1.2500000000000004
[10/02 03:37:08 visual_prompt]: Epoch 71 / 100: avg data time: 9.82e+00, avg batch time: 11.0001, average train loss: 1.6631
[10/02 03:37:54 visual_prompt]: Inference (val):avg data time: 2.52e-05, avg batch time: 0.7262, average loss: 2.9406
[10/02 03:37:54 visual_prompt]: Classification results with val_mammo-cbis: top1: 46.34	rocauc: 45.97	
[10/02 03:37:54 visual_prompt]: Training 72 / 100 epoch, with learning rate 1.175201839416988
[10/02 03:44:18 visual_prompt]: Epoch 72 / 100: avg data time: 9.78e+00, avg batch time: 10.9481, average train loss: 1.6000
[10/02 03:45:03 visual_prompt]: Inference (val):avg data time: 2.61e-05, avg batch time: 0.7300, average loss: 1.8356
[10/02 03:45:03 visual_prompt]: Classification results with val_mammo-cbis: top1: 53.66	rocauc: 64.41	
[10/02 03:45:03 visual_prompt]: Training 73 / 100 epoch, with learning rate 1.1020177413231333
[10/02 03:51:29 visual_prompt]: Epoch 73 / 100: avg data time: 9.84e+00, avg batch time: 11.0162, average train loss: 1.1395
[10/02 03:52:15 visual_prompt]: Inference (val):avg data time: 2.47e-05, avg batch time: 0.7339, average loss: 0.6987
[10/02 03:52:15 visual_prompt]: Classification results with val_mammo-cbis: top1: 46.34	rocauc: 49.80	
[10/02 03:52:15 visual_prompt]: Training 74 / 100 epoch, with learning rate 1.0305368692688175
[10/02 03:58:40 visual_prompt]: Epoch 74 / 100: avg data time: 9.82e+00, avg batch time: 10.9941, average train loss: 1.1938
[10/02 03:59:25 visual_prompt]: Inference (val):avg data time: 2.37e-05, avg batch time: 0.7236, average loss: 0.7446
[10/02 03:59:25 visual_prompt]: Classification results with val_mammo-cbis: top1: 46.34	rocauc: 38.88	
[10/02 03:59:25 visual_prompt]: Training 75 / 100 epoch, with learning rate 0.9608463116858543
[10/02 04:05:50 visual_prompt]: Epoch 75 / 100: avg data time: 9.81e+00, avg batch time: 10.9869, average train loss: 0.9227
[10/02 04:06:36 visual_prompt]: Inference (val):avg data time: 2.34e-05, avg batch time: 0.7303, average loss: 0.7074
[10/02 04:06:36 visual_prompt]: Classification results with val_mammo-cbis: top1: 46.34	rocauc: 49.83	
[10/02 04:06:36 visual_prompt]: Training 76 / 100 epoch, with learning rate 0.8930309757836516
[10/02 04:13:01 visual_prompt]: Epoch 76 / 100: avg data time: 9.83e+00, avg batch time: 11.0033, average train loss: 1.1366
[10/02 04:13:46 visual_prompt]: Inference (val):avg data time: 2.65e-05, avg batch time: 0.7297, average loss: 0.7174
[10/02 04:13:46 visual_prompt]: Classification results with val_mammo-cbis: top1: 46.34	rocauc: 56.33	
[10/02 04:13:46 visual_prompt]: Training 77 / 100 epoch, with learning rate 0.8271734841028553
[10/02 04:20:12 visual_prompt]: Epoch 77 / 100: avg data time: 9.83e+00, avg batch time: 11.0103, average train loss: 0.8689
[10/02 04:20:57 visual_prompt]: Inference (val):avg data time: 2.64e-05, avg batch time: 0.7293, average loss: 1.1158
[10/02 04:20:57 visual_prompt]: Classification results with val_mammo-cbis: top1: 53.66	rocauc: 62.05	
[10/02 04:20:57 visual_prompt]: Training 78 / 100 epoch, with learning rate 0.7633540738525066
[10/02 04:27:22 visual_prompt]: Epoch 78 / 100: avg data time: 9.82e+00, avg batch time: 10.9939, average train loss: 1.3440
[10/02 04:28:08 visual_prompt]: Inference (val):avg data time: 2.74e-05, avg batch time: 0.7222, average loss: 0.6915
[10/02 04:28:08 visual_prompt]: Classification results with val_mammo-cbis: top1: 53.66	rocauc: 47.23	
[10/02 04:28:08 visual_prompt]: Training 79 / 100 epoch, with learning rate 0.7016504991533725
[10/02 04:34:33 visual_prompt]: Epoch 79 / 100: avg data time: 9.81e+00, avg batch time: 10.9840, average train loss: 0.7617
[10/02 04:35:19 visual_prompt]: Inference (val):avg data time: 2.64e-05, avg batch time: 0.7239, average loss: 0.6970
[10/02 04:35:19 visual_prompt]: Classification results with val_mammo-cbis: top1: 46.34	rocauc: 52.05	
[10/02 04:35:19 visual_prompt]: Training 80 / 100 epoch, with learning rate 0.6421379363065141
[10/02 04:41:45 visual_prompt]: Epoch 80 / 100: avg data time: 9.85e+00, avg batch time: 11.0261, average train loss: 0.7383
[10/02 04:42:30 visual_prompt]: Inference (val):avg data time: 2.53e-05, avg batch time: 0.7254, average loss: 0.7090
[10/02 04:42:30 visual_prompt]: Classification results with val_mammo-cbis: top1: 46.34	rocauc: 46.92	
[10/02 04:42:30 visual_prompt]: Training 81 / 100 epoch, with learning rate 0.5848888922025552
[10/02 04:48:56 visual_prompt]: Epoch 81 / 100: avg data time: 9.85e+00, avg batch time: 11.0205, average train loss: 0.9190
[10/02 04:49:42 visual_prompt]: Inference (val):avg data time: 2.47e-05, avg batch time: 0.7264, average loss: 1.6106
[10/02 04:49:42 visual_prompt]: Classification results with val_mammo-cbis: top1: 53.66	rocauc: 53.74	
[10/02 04:49:42 visual_prompt]: Training 82 / 100 epoch, with learning rate 0.5299731159831953
[10/02 04:56:06 visual_prompt]: Epoch 82 / 100: avg data time: 9.79e+00, avg batch time: 10.9641, average train loss: 0.7987
[10/02 04:56:52 visual_prompt]: Inference (val):avg data time: 2.49e-05, avg batch time: 0.7279, average loss: 0.7158
[10/02 04:56:52 visual_prompt]: Classification results with val_mammo-cbis: top1: 46.34	rocauc: 47.32	
[10/02 04:56:52 visual_prompt]: Training 83 / 100 epoch, with learning rate 0.47745751406263165
[10/02 05:03:17 visual_prompt]: Epoch 83 / 100: avg data time: 9.83e+00, avg batch time: 11.0059, average train loss: 0.7405
[10/02 05:04:03 visual_prompt]: Inference (val):avg data time: 2.62e-05, avg batch time: 0.7228, average loss: 0.7505
[10/02 05:04:03 visual_prompt]: Classification results with val_mammo-cbis: top1: 46.34	rocauc: 53.53	
[10/02 05:04:03 visual_prompt]: Training 84 / 100 epoch, with learning rate 0.42740606861239594
[10/02 05:10:29 visual_prompt]: Epoch 84 / 100: avg data time: 9.85e+00, avg batch time: 11.0189, average train loss: 0.7267
[10/02 05:11:15 visual_prompt]: Inference (val):avg data time: 2.65e-05, avg batch time: 0.7224, average loss: 0.6903
[10/02 05:11:15 visual_prompt]: Classification results with val_mammo-cbis: top1: 53.66	rocauc: 56.31	
[10/02 05:11:15 visual_prompt]: Training 85 / 100 epoch, with learning rate 0.3798797596089351
[10/02 05:17:40 visual_prompt]: Epoch 85 / 100: avg data time: 9.83e+00, avg batch time: 11.0055, average train loss: 0.7389
[10/02 05:18:26 visual_prompt]: Inference (val):avg data time: 2.47e-05, avg batch time: 0.7316, average loss: 0.6914
[10/02 05:18:26 visual_prompt]: Classification results with val_mammo-cbis: top1: 53.66	rocauc: 57.02	
[10/02 05:18:26 visual_prompt]: Training 86 / 100 epoch, with learning rate 0.33493649053890323
[10/02 05:24:51 visual_prompt]: Epoch 86 / 100: avg data time: 9.82e+00, avg batch time: 10.9991, average train loss: 0.6970
[10/02 05:25:37 visual_prompt]: Inference (val):avg data time: 2.64e-05, avg batch time: 0.7217, average loss: 0.7253
[10/02 05:25:37 visual_prompt]: Classification results with val_mammo-cbis: top1: 46.34	rocauc: 53.55	
[10/02 05:25:37 visual_prompt]: Training 87 / 100 epoch, with learning rate 0.29263101785268253
[10/02 05:32:02 visual_prompt]: Epoch 87 / 100: avg data time: 9.83e+00, avg batch time: 11.0033, average train loss: 0.7210
[10/02 05:32:48 visual_prompt]: Inference (val):avg data time: 2.68e-05, avg batch time: 0.7247, average loss: 0.7275
[10/02 05:32:48 visual_prompt]: Classification results with val_mammo-cbis: top1: 53.66	rocauc: 52.10	
[10/02 05:32:48 visual_prompt]: Training 88 / 100 epoch, with learning rate 0.25301488425208296
[10/02 05:39:12 visual_prompt]: Epoch 88 / 100: avg data time: 9.79e+00, avg batch time: 10.9659, average train loss: 0.7035
[10/02 05:39:58 visual_prompt]: Inference (val):avg data time: 2.55e-05, avg batch time: 0.7215, average loss: 0.7019
[10/02 05:39:58 visual_prompt]: Classification results with val_mammo-cbis: top1: 46.34	rocauc: 51.98	
[10/02 05:39:58 visual_prompt]: Training 89 / 100 epoch, with learning rate 0.21613635589349756
[10/02 05:46:23 visual_prompt]: Epoch 89 / 100: avg data time: 9.84e+00, avg batch time: 11.0192, average train loss: 0.6959
[10/02 05:47:09 visual_prompt]: Inference (val):avg data time: 2.71e-05, avg batch time: 0.7307, average loss: 0.6934
[10/02 05:47:09 visual_prompt]: Classification results with val_mammo-cbis: top1: 53.66	rocauc: 58.91	
[10/02 05:47:09 visual_prompt]: Training 90 / 100 epoch, with learning rate 0.18204036358303172
[10/02 05:53:34 visual_prompt]: Epoch 90 / 100: avg data time: 9.81e+00, avg batch time: 10.9885, average train loss: 0.6993
[10/02 05:54:20 visual_prompt]: Inference (val):avg data time: 2.74e-05, avg batch time: 0.7267, average loss: 0.6908
[10/02 05:54:20 visual_prompt]: Classification results with val_mammo-cbis: top1: 53.66	rocauc: 59.73	
[10/02 05:54:20 visual_prompt]: Training 91 / 100 epoch, with learning rate 0.1507684480352292
[10/02 06:00:47 visual_prompt]: Epoch 91 / 100: avg data time: 9.87e+00, avg batch time: 11.0448, average train loss: 0.6985
[10/02 06:01:32 visual_prompt]: Inference (val):avg data time: 2.47e-05, avg batch time: 0.7219, average loss: 0.6904
[10/02 06:01:32 visual_prompt]: Classification results with val_mammo-cbis: top1: 53.66	rocauc: 54.35	
[10/02 06:01:32 visual_prompt]: Training 92 / 100 epoch, with learning rate 0.12235870926211617
[10/02 06:07:57 visual_prompt]: Epoch 92 / 100: avg data time: 9.81e+00, avg batch time: 10.9890, average train loss: 0.6955
[10/02 06:08:43 visual_prompt]: Inference (val):avg data time: 3.00e-05, avg batch time: 0.7242, average loss: 0.7008
[10/02 06:08:43 visual_prompt]: Classification results with val_mammo-cbis: top1: 46.34	rocauc: 45.55	
[10/02 06:08:43 visual_prompt]: Training 93 / 100 epoch, with learning rate 0.09684576015420276
[10/02 06:15:09 visual_prompt]: Epoch 93 / 100: avg data time: 9.86e+00, avg batch time: 11.0332, average train loss: 0.6944
[10/02 06:15:55 visual_prompt]: Inference (val):avg data time: 2.62e-05, avg batch time: 0.7253, average loss: 0.6936
[10/02 06:15:55 visual_prompt]: Classification results with val_mammo-cbis: top1: 53.66	rocauc: 58.27	
[10/02 06:15:55 visual_prompt]: Training 94 / 100 epoch, with learning rate 0.07426068431000882
[10/02 06:22:20 visual_prompt]: Epoch 94 / 100: avg data time: 9.82e+00, avg batch time: 11.0039, average train loss: 0.6943
[10/02 06:23:06 visual_prompt]: Inference (val):avg data time: 2.55e-05, avg batch time: 0.7257, average loss: 0.6969
[10/02 06:23:06 visual_prompt]: Classification results with val_mammo-cbis: top1: 53.66	rocauc: 52.92	
[10/02 06:23:06 visual_prompt]: Training 95 / 100 epoch, with learning rate 0.05463099816548578
[10/02 06:29:31 visual_prompt]: Epoch 95 / 100: avg data time: 9.82e+00, avg batch time: 11.0027, average train loss: 0.6969
[10/02 06:30:17 visual_prompt]: Inference (val):avg data time: 2.88e-05, avg batch time: 0.7206, average loss: 0.6904
[10/02 06:30:17 visual_prompt]: Classification results with val_mammo-cbis: top1: 53.66	rocauc: 59.12	
[10/02 06:30:17 visual_prompt]: Training 96 / 100 epoch, with learning rate 0.03798061746947995
[10/02 06:36:41 visual_prompt]: Epoch 96 / 100: avg data time: 9.79e+00, avg batch time: 10.9692, average train loss: 0.6924
[10/02 06:37:27 visual_prompt]: Inference (val):avg data time: 2.84e-05, avg batch time: 0.7280, average loss: 0.6917
[10/02 06:37:27 visual_prompt]: Classification results with val_mammo-cbis: top1: 53.66	rocauc: 60.78	
[10/02 06:37:27 visual_prompt]: Training 97 / 100 epoch, with learning rate 0.024329828146074095
[10/02 06:43:52 visual_prompt]: Epoch 97 / 100: avg data time: 9.82e+00, avg batch time: 10.9939, average train loss: 0.6935
[10/02 06:44:38 visual_prompt]: Inference (val):avg data time: 2.65e-05, avg batch time: 0.7221, average loss: 0.6905
[10/02 06:44:38 visual_prompt]: Classification results with val_mammo-cbis: top1: 53.66	rocauc: 58.49	
[10/02 06:44:38 visual_prompt]: Training 98 / 100 epoch, with learning rate 0.013695261579316775
[10/02 06:51:02 visual_prompt]: Epoch 98 / 100: avg data time: 9.81e+00, avg batch time: 10.9874, average train loss: 0.6910
[10/02 06:51:48 visual_prompt]: Inference (val):avg data time: 2.57e-05, avg batch time: 0.7227, average loss: 0.6903
[10/02 06:51:48 visual_prompt]: Classification results with val_mammo-cbis: top1: 53.66	rocauc: 59.64	
[10/02 06:51:48 visual_prompt]: Training 99 / 100 epoch, with learning rate 0.006089874350439506
[10/02 06:58:13 visual_prompt]: Epoch 99 / 100: avg data time: 9.83e+00, avg batch time: 11.0026, average train loss: 0.6912
[10/02 06:58:59 visual_prompt]: Inference (val):avg data time: 2.41e-05, avg batch time: 0.7242, average loss: 0.6903
[10/02 06:58:59 visual_prompt]: Classification results with val_mammo-cbis: top1: 53.66	rocauc: 59.79	
[10/02 06:58:59 visual_prompt]: Training 100 / 100 epoch, with learning rate 0.0015229324522605947
[10/02 07:05:26 visual_prompt]: Epoch 100 / 100: avg data time: 9.87e+00, avg batch time: 11.0412, average train loss: 0.6909
[10/02 07:06:12 visual_prompt]: Inference (val):avg data time: 2.54e-05, avg batch time: 0.7191, average loss: 0.6903
[10/02 07:06:12 visual_prompt]: Classification results with val_mammo-cbis: top1: 53.66	rocauc: 59.57	
[10/02 07:06:12 visual_prompt]: Rank of current process: 0. World size: 1
[10/02 07:06:12 visual_prompt]: Environment info:
-------------------  -------------------------------------------------
Python               3.11.5 (main, Sep 11 2023, 13:54:46) [GCC 11.2.0]
ENV_MODULE           <not set>
PyTorch              2.0.1+cu118
PyTorch Debug Build  False
CUDA available       True
CUDA ID              3
GPU 0                NVIDIA TITAN Xp
Pillow               9.3.0
cv2                  4.8.0
-------------------  -------------------------------------------------
PyTorch built with:
  - GCC 9.3
  - C++ Version: 201703
  - Intel(R) oneAPI Math Kernel Library Version 2022.2-Product Build 20220804 for Intel(R) 64 architecture applications
  - Intel(R) MKL-DNN v2.7.3 (Git Hash 6dbeffbae1f23cbbeae17adb7b5b13f1f37c080e)
  - OpenMP 201511 (a.k.a. OpenMP 4.5)
  - LAPACK is enabled (usually provided by MKL)
  - NNPACK is enabled
  - CPU capability usage: AVX2
  - CUDA Runtime 11.8
  - NVCC architecture flags: -gencode;arch=compute_37,code=sm_37;-gencode;arch=compute_50,code=sm_50;-gencode;arch=compute_60,code=sm_60;-gencode;arch=compute_70,code=sm_70;-gencode;arch=compute_75,code=sm_75;-gencode;arch=compute_80,code=sm_80;-gencode;arch=compute_86,code=sm_86;-gencode;arch=compute_90,code=sm_90
  - CuDNN 8.7
  - Magma 2.6.1
  - Build settings: BLAS_INFO=mkl, BUILD_TYPE=Release, CUDA_VERSION=11.8, CUDNN_VERSION=8.7.0, CXX_COMPILER=/opt/rh/devtoolset-9/root/usr/bin/c++, CXX_FLAGS= -D_GLIBCXX_USE_CXX11_ABI=0 -fabi-version=11 -Wno-deprecated -fvisibility-inlines-hidden -DUSE_PTHREADPOOL -DNDEBUG -DUSE_KINETO -DLIBKINETO_NOROCTRACER -DUSE_FBGEMM -DUSE_QNNPACK -DUSE_PYTORCH_QNNPACK -DUSE_XNNPACK -DSYMBOLICATE_MOBILE_DEBUG_HANDLE -O2 -fPIC -Wall -Wextra -Werror=return-type -Werror=non-virtual-dtor -Werror=bool-operation -Wnarrowing -Wno-missing-field-initializers -Wno-type-limits -Wno-array-bounds -Wno-unknown-pragmas -Wunused-local-typedefs -Wno-unused-parameter -Wno-unused-function -Wno-unused-result -Wno-strict-overflow -Wno-strict-aliasing -Wno-error=deprecated-declarations -Wno-stringop-overflow -Wno-psabi -Wno-error=pedantic -Wno-error=redundant-decls -Wno-error=old-style-cast -fdiagnostics-color=always -faligned-new -Wno-unused-but-set-variable -Wno-maybe-uninitialized -fno-math-errno -fno-trapping-math -Werror=format -Werror=cast-function-type -Wno-stringop-overflow, LAPACK_INFO=mkl, PERF_WITH_AVX=1, PERF_WITH_AVX2=1, PERF_WITH_AVX512=1, TORCH_DISABLE_GPU_ASSERTS=ON, TORCH_VERSION=2.0.1, USE_CUDA=ON, USE_CUDNN=ON, USE_EXCEPTION_PTR=1, USE_GFLAGS=OFF, USE_GLOG=OFF, USE_MKL=ON, USE_MKLDNN=ON, USE_MPI=OFF, USE_NCCL=1, USE_NNPACK=ON, USE_OPENMP=ON, USE_ROCM=OFF, 

[10/02 07:06:12 visual_prompt]: Command line arguments: Namespace(config_file='visual_prompt_tuning/configs/prompt/cub.yaml', train_type='prompt', opts=['MODEL.TYPE', 'vit', 'DATA.BATCH_SIZE', '64', 'MODEL.PROMPT.NUM_TOKENS', '50', 'MODEL.PROMPT.DEEP', 'True', 'MODEL.PROMPT.DROPOUT', '0.1', 'DATA.FEATURE', 'sup_vitb16_imagenet21k', 'DATA.NAME', 'mammo-cbis', 'DATA.NUMBER_CLASSES', '2', 'DATA.CROPSIZE', '224', 'MODEL.MODEL_ROOT', 'visual_prompt_tuning/model_root', 'DATA.DATAPATH', 'visual_prompt_tuning/data_path', 'OUTPUT_DIR', 'visual_prompt_tuning/output_dir'])
[10/02 07:06:12 visual_prompt]: Contents of args.config_file=visual_prompt_tuning/configs/prompt/cub.yaml:
_BASE_: "../base-prompt.yaml"
RUN_N_TIMES: 1
DATA:
  NAME: "CUB"
  DATAPATH: ""  #TODO: need to specify here
  NUMBER_CLASSES: 200
  MULTILABEL: False
MODEL:
  TYPE: "vit"
SOLVER:
  BASE_LR: 0.1
  WEIGHT_DECAY: 0.01
[10/02 07:06:12 visual_prompt]: Training with config:
[10/02 07:06:12 visual_prompt]: CfgNode({'DBG': False, 'OUTPUT_DIR': 'visual_prompt_tuning/output_dir/mammo-cbis/sup_vitb16_imagenet21k/prompt50/crop224/val/seed0/lr5.0_wd0.001/run1', 'RUN_N_TIMES': 1, 'CUDNN_BENCHMARK': False, 'NUM_GPUS': 1, 'NUM_SHARDS': 1, 'SEED': 0, 'MODEL': CfgNode({'TRANSFER_TYPE': 'prompt', 'WEIGHT_PATH': '', 'SAVE_CKPT': False, 'MODEL_ROOT': 'visual_prompt_tuning/model_root', 'TYPE': 'vit', 'MLP_NUM': 0, 'LINEAR': CfgNode({'MLP_SIZES': [], 'DROPOUT': 0.1}), 'PROMPT': CfgNode({'NUM_TOKENS': 50, 'LOCATION': 'prepend', 'INITIATION': 'random', 'CLSEMB_FOLDER': '', 'CLSEMB_PATH': '', 'PROJECT': -1, 'DEEP': True, 'NUM_DEEP_LAYERS': None, 'REVERSE_DEEP': False, 'DEEP_SHARED': False, 'FORWARD_DEEP_NOEXPAND': False, 'VIT_POOL_TYPE': 'original', 'DROPOUT': 0.1, 'SAVE_FOR_EACH_EPOCH': False}), 'ADAPTER': CfgNode({'REDUCATION_FACTOR': 8, 'STYLE': 'Pfeiffer'})}), 'SOLVER': CfgNode({'LOSS': 'softmax', 'LOSS_ALPHA': 0.01, 'OPTIMIZER': 'sgd', 'MOMENTUM': 0.9, 'WEIGHT_DECAY': 0.001, 'WEIGHT_DECAY_BIAS': 0, 'PATIENCE': 300, 'CRITERION': 'loss', 'SCHEDULER': 'cosine', 'BASE_LR': 5.0, 'BIAS_MULTIPLIER': 1.0, 'WARMUP_EPOCH': 10, 'TOTAL_EPOCH': 100, 'LOG_EVERY_N': 100, 'DBG_TRAINABLE': False}), 'DATA': CfgNode({'NAME': 'mammo-cbis', 'DATAPATH': 'visual_prompt_tuning/data_path', 'FEATURE': 'sup_vitb16_imagenet21k', 'PERCENTAGE': 1.0, 'NUMBER_CLASSES': 2, 'MULTILABEL': False, 'CLASS_WEIGHTS_TYPE': 'none', 'CROPSIZE': 224, 'NO_TEST': False, 'BATCH_SIZE': 64, 'NUM_WORKERS': 4, 'PIN_MEMORY': True})})
[10/02 07:06:12 visual_prompt]: Loading training data...
[10/02 07:06:12 visual_prompt]: Constructing mammo-cbis dataset train...
[10/02 07:06:12 visual_prompt]: Loading validation data...
[10/02 07:06:12 visual_prompt]: Constructing mammo-cbis dataset val...
[10/02 07:06:12 visual_prompt]: Constructing models...
[10/02 07:06:15 visual_prompt]: Total Parameters: 86260994	 Gradient Parameters: 462338
[10/02 07:06:15 visual_prompt]: tuned percent:0.536
[10/02 07:06:15 visual_prompt]: Device used for model: 0
[10/02 07:06:15 visual_prompt]: Setting up Evaluator...
[10/02 07:06:15 visual_prompt]: Setting up Trainer...
[10/02 07:06:15 visual_prompt]: 	Setting up the optimizer...
[10/02 07:06:15 visual_prompt]: Training 1 / 100 epoch, with learning rate 0.0
[10/02 07:12:41 visual_prompt]: Epoch 1 / 100: avg data time: 9.86e+00, avg batch time: 11.0250, average train loss: 1.4842
[10/02 07:13:27 visual_prompt]: Inference (val):avg data time: 2.33e-05, avg batch time: 0.7194, average loss: 1.4711
[10/02 07:13:27 visual_prompt]: Classification results with val_mammo-cbis: top1: 53.66	rocauc: 55.14	
[10/02 07:13:27 visual_prompt]: Training 2 / 100 epoch, with learning rate 0.5
[10/02 07:19:52 visual_prompt]: Epoch 2 / 100: avg data time: 9.83e+00, avg batch time: 10.9946, average train loss: 5.6244
[10/02 07:20:37 visual_prompt]: Inference (val):avg data time: 2.35e-05, avg batch time: 0.7070, average loss: 0.7077
[10/02 07:20:37 visual_prompt]: Classification results with val_mammo-cbis: top1: 47.15	rocauc: 45.46	
[10/02 07:20:37 visual_prompt]: Training 3 / 100 epoch, with learning rate 1.0
[10/02 07:27:03 visual_prompt]: Epoch 3 / 100: avg data time: 9.85e+00, avg batch time: 11.0180, average train loss: 0.8479
[10/02 07:27:49 visual_prompt]: Inference (val):avg data time: 2.63e-05, avg batch time: 0.7165, average loss: 0.9510
[10/02 07:27:49 visual_prompt]: Classification results with val_mammo-cbis: top1: 53.66	rocauc: 55.79	
[10/02 07:27:49 visual_prompt]: Training 4 / 100 epoch, with learning rate 1.5
[10/02 07:34:15 visual_prompt]: Epoch 4 / 100: avg data time: 9.86e+00, avg batch time: 11.0257, average train loss: 1.3181
[10/02 07:35:00 visual_prompt]: Inference (val):avg data time: 2.48e-05, avg batch time: 0.7082, average loss: 0.8908
[10/02 07:35:00 visual_prompt]: Classification results with val_mammo-cbis: top1: 46.34	rocauc: 54.79	
[10/02 07:35:00 visual_prompt]: Training 5 / 100 epoch, with learning rate 2.0
[10/02 07:41:25 visual_prompt]: Epoch 5 / 100: avg data time: 9.83e+00, avg batch time: 10.9896, average train loss: 2.9163
[10/02 07:42:11 visual_prompt]: Inference (val):avg data time: 2.37e-05, avg batch time: 0.7147, average loss: 1.7117
[10/02 07:42:11 visual_prompt]: Classification results with val_mammo-cbis: top1: 46.34	rocauc: 46.13	
[10/02 07:42:11 visual_prompt]: Training 6 / 100 epoch, with learning rate 2.5
[10/02 07:48:34 visual_prompt]: Epoch 6 / 100: avg data time: 9.79e+00, avg batch time: 10.9526, average train loss: 3.8489
[10/02 07:49:20 visual_prompt]: Inference (val):avg data time: 2.57e-05, avg batch time: 0.7162, average loss: 2.6877
[10/02 07:49:20 visual_prompt]: Classification results with val_mammo-cbis: top1: 53.66	rocauc: 60.66	
[10/02 07:49:20 visual_prompt]: Training 7 / 100 epoch, with learning rate 3.0
[10/02 07:55:45 visual_prompt]: Epoch 7 / 100: avg data time: 9.83e+00, avg batch time: 10.9933, average train loss: 1.4321
[10/02 07:56:30 visual_prompt]: Inference (val):avg data time: 2.69e-05, avg batch time: 0.7125, average loss: 1.1314
[10/02 07:56:30 visual_prompt]: Classification results with val_mammo-cbis: top1: 46.34	rocauc: 47.13	
[10/02 07:56:30 visual_prompt]: Training 8 / 100 epoch, with learning rate 3.5
[10/02 08:02:55 visual_prompt]: Epoch 8 / 100: avg data time: 9.82e+00, avg batch time: 10.9833, average train loss: 2.2936
[10/02 08:03:40 visual_prompt]: Inference (val):avg data time: 2.58e-05, avg batch time: 0.7058, average loss: 6.1148
[10/02 08:03:40 visual_prompt]: Classification results with val_mammo-cbis: top1: 46.34	rocauc: 40.66	
[10/02 08:03:40 visual_prompt]: Training 9 / 100 epoch, with learning rate 4.0
[10/02 08:10:06 visual_prompt]: Epoch 9 / 100: avg data time: 9.84e+00, avg batch time: 11.0067, average train loss: 4.8128
[10/02 08:10:51 visual_prompt]: Inference (val):avg data time: 2.43e-05, avg batch time: 0.7140, average loss: 17.2092
[10/02 08:10:51 visual_prompt]: Classification results with val_mammo-cbis: top1: 46.34	rocauc: 64.25	
[10/02 08:10:51 visual_prompt]: Training 10 / 100 epoch, with learning rate 4.5
[10/02 08:17:15 visual_prompt]: Epoch 10 / 100: avg data time: 9.81e+00, avg batch time: 10.9791, average train loss: 10.4834
[10/02 08:18:01 visual_prompt]: Inference (val):avg data time: 2.54e-05, avg batch time: 0.7151, average loss: 48.0574
[10/02 08:18:01 visual_prompt]: Classification results with val_mammo-cbis: top1: 46.34	rocauc: 61.30	
[10/02 08:18:01 visual_prompt]: Training 11 / 100 epoch, with learning rate 5.0
[10/02 08:24:26 visual_prompt]: Epoch 11 / 100: avg data time: 9.82e+00, avg batch time: 10.9889, average train loss: 15.5116
[10/02 08:25:12 visual_prompt]: Inference (val):avg data time: 2.25e-05, avg batch time: 0.7113, average loss: 3.4758
[10/02 08:25:12 visual_prompt]: Classification results with val_mammo-cbis: top1: 46.34	rocauc: 51.41	
[10/02 08:25:12 visual_prompt]: Training 12 / 100 epoch, with learning rate 4.998477067547739
[10/02 08:31:35 visual_prompt]: Epoch 12 / 100: avg data time: 9.78e+00, avg batch time: 10.9474, average train loss: 10.7583
[10/02 08:32:20 visual_prompt]: Inference (val):avg data time: 2.27e-05, avg batch time: 0.7179, average loss: 0.9253
[10/02 08:32:20 visual_prompt]: Classification results with val_mammo-cbis: top1: 46.34	rocauc: 55.58	
[10/02 08:32:20 visual_prompt]: Training 13 / 100 epoch, with learning rate 4.993910125649561
[10/02 08:38:46 visual_prompt]: Epoch 13 / 100: avg data time: 9.83e+00, avg batch time: 10.9981, average train loss: 10.1402
[10/02 08:39:31 visual_prompt]: Inference (val):avg data time: 2.36e-05, avg batch time: 0.7077, average loss: 4.4184
[10/02 08:39:31 visual_prompt]: Classification results with val_mammo-cbis: top1: 46.34	rocauc: 44.24	
[10/02 08:39:31 visual_prompt]: Training 14 / 100 epoch, with learning rate 4.986304738420683
[10/02 08:45:56 visual_prompt]: Epoch 14 / 100: avg data time: 9.83e+00, avg batch time: 10.9979, average train loss: 9.8794
[10/02 08:46:42 visual_prompt]: Inference (val):avg data time: 2.28e-05, avg batch time: 0.7149, average loss: 1.0005
[10/02 08:46:42 visual_prompt]: Classification results with val_mammo-cbis: top1: 53.66	rocauc: 53.52	
[10/02 08:46:42 visual_prompt]: Training 15 / 100 epoch, with learning rate 4.975670171853926
[10/02 08:53:06 visual_prompt]: Epoch 15 / 100: avg data time: 9.81e+00, avg batch time: 10.9777, average train loss: 10.5785
[10/02 08:53:52 visual_prompt]: Inference (val):avg data time: 2.21e-05, avg batch time: 0.7062, average loss: 7.2836
[10/02 08:53:52 visual_prompt]: Classification results with val_mammo-cbis: top1: 53.66	rocauc: 41.88	
[10/02 08:53:52 visual_prompt]: Training 16 / 100 epoch, with learning rate 4.962019382530521
[10/02 09:00:17 visual_prompt]: Epoch 16 / 100: avg data time: 9.83e+00, avg batch time: 10.9981, average train loss: 10.9072
[10/02 09:01:03 visual_prompt]: Inference (val):avg data time: 2.65e-05, avg batch time: 0.7034, average loss: 1.6879
[10/02 09:01:03 visual_prompt]: Classification results with val_mammo-cbis: top1: 53.66	rocauc: 47.08	
[10/02 09:01:03 visual_prompt]: Training 17 / 100 epoch, with learning rate 4.945369001834514
[10/02 09:07:28 visual_prompt]: Epoch 17 / 100: avg data time: 9.83e+00, avg batch time: 10.9983, average train loss: 6.5349
[10/02 09:08:13 visual_prompt]: Inference (val):avg data time: 2.19e-05, avg batch time: 0.7107, average loss: 11.3979
[10/02 09:08:13 visual_prompt]: Classification results with val_mammo-cbis: top1: 46.34	rocauc: 50.80	
[10/02 09:08:13 visual_prompt]: Training 18 / 100 epoch, with learning rate 4.925739315689991
[10/02 09:14:38 visual_prompt]: Epoch 18 / 100: avg data time: 9.82e+00, avg batch time: 10.9865, average train loss: 8.2567
[10/02 09:15:24 visual_prompt]: Inference (val):avg data time: 2.30e-05, avg batch time: 0.7108, average loss: 3.5393
[10/02 09:15:24 visual_prompt]: Classification results with val_mammo-cbis: top1: 53.66	rocauc: 62.01	
[10/02 09:15:24 visual_prompt]: Training 19 / 100 epoch, with learning rate 4.903154239845797
[10/02 09:21:47 visual_prompt]: Epoch 19 / 100: avg data time: 9.79e+00, avg batch time: 10.9442, average train loss: 9.6335
[10/02 09:22:32 visual_prompt]: Inference (val):avg data time: 2.60e-05, avg batch time: 0.7087, average loss: 10.4267
[10/02 09:22:32 visual_prompt]: Classification results with val_mammo-cbis: top1: 53.66	rocauc: 39.39	
[10/02 09:22:32 visual_prompt]: Training 20 / 100 epoch, with learning rate 4.877641290737884
[10/02 09:28:57 visual_prompt]: Epoch 20 / 100: avg data time: 9.83e+00, avg batch time: 10.9914, average train loss: 9.3937
[10/02 09:29:42 visual_prompt]: Inference (val):avg data time: 2.75e-05, avg batch time: 0.7121, average loss: 5.7589
[10/02 09:29:42 visual_prompt]: Classification results with val_mammo-cbis: top1: 53.66	rocauc: 45.93	
[10/02 09:29:42 visual_prompt]: Training 21 / 100 epoch, with learning rate 4.849231551964771
[10/02 09:36:08 visual_prompt]: Epoch 21 / 100: avg data time: 9.84e+00, avg batch time: 11.0098, average train loss: 6.7121
[10/02 09:36:54 visual_prompt]: Inference (val):avg data time: 2.44e-05, avg batch time: 0.7076, average loss: 14.0736
[10/02 09:36:54 visual_prompt]: Classification results with val_mammo-cbis: top1: 53.66	rocauc: 48.54	
[10/02 09:36:54 visual_prompt]: Training 22 / 100 epoch, with learning rate 4.817959636416969
[10/02 09:43:23 visual_prompt]: Epoch 22 / 100: avg data time: 9.94e+00, avg batch time: 11.1074, average train loss: 9.9938
[10/02 09:44:09 visual_prompt]: Inference (val):avg data time: 2.38e-05, avg batch time: 0.7084, average loss: 7.8405
[10/02 09:44:09 visual_prompt]: Classification results with val_mammo-cbis: top1: 46.34	rocauc: 51.42	
[10/02 09:44:09 visual_prompt]: Training 23 / 100 epoch, with learning rate 4.783863644106502
[10/02 09:50:32 visual_prompt]: Epoch 23 / 100: avg data time: 9.78e+00, avg batch time: 10.9420, average train loss: 3.8855
[10/02 09:51:18 visual_prompt]: Inference (val):avg data time: 2.26e-05, avg batch time: 0.7115, average loss: 4.9347
[10/02 09:51:18 visual_prompt]: Classification results with val_mammo-cbis: top1: 53.66	rocauc: 43.89	
[10/02 09:51:18 visual_prompt]: Training 24 / 100 epoch, with learning rate 4.7469851157479175
[10/02 09:57:44 visual_prompt]: Epoch 24 / 100: avg data time: 9.86e+00, avg batch time: 11.0311, average train loss: 5.9168
[10/02 09:58:30 visual_prompt]: Inference (val):avg data time: 2.68e-05, avg batch time: 0.7031, average loss: 1.2838
[10/02 09:58:30 visual_prompt]: Classification results with val_mammo-cbis: top1: 46.34	rocauc: 45.62	
[10/02 09:58:30 visual_prompt]: Training 25 / 100 epoch, with learning rate 4.707368982147317
[10/02 10:04:58 visual_prompt]: Epoch 25 / 100: avg data time: 9.92e+00, avg batch time: 11.0888, average train loss: 3.1461
[10/02 10:05:44 visual_prompt]: Inference (val):avg data time: 2.47e-05, avg batch time: 0.7124, average loss: 2.6559
[10/02 10:05:44 visual_prompt]: Classification results with val_mammo-cbis: top1: 46.34	rocauc: 53.47	
[10/02 10:05:44 visual_prompt]: Training 26 / 100 epoch, with learning rate 4.665063509461097
[10/02 10:12:14 visual_prompt]: Epoch 26 / 100: avg data time: 9.96e+00, avg batch time: 11.1258, average train loss: 5.3347
[10/02 10:13:00 visual_prompt]: Inference (val):avg data time: 2.40e-05, avg batch time: 0.7089, average loss: 3.8439
[10/02 10:13:00 visual_prompt]: Classification results with val_mammo-cbis: top1: 46.34	rocauc: 43.20	
[10/02 10:13:00 visual_prompt]: Training 27 / 100 epoch, with learning rate 4.620120240391064
[10/02 10:19:29 visual_prompt]: Epoch 27 / 100: avg data time: 9.94e+00, avg batch time: 11.1084, average train loss: 7.1337
[10/02 10:20:15 visual_prompt]: Inference (val):avg data time: 2.54e-05, avg batch time: 0.7137, average loss: 44.9707
[10/02 10:20:15 visual_prompt]: Classification results with val_mammo-cbis: top1: 53.66	rocauc: 57.20	
[10/02 10:20:15 visual_prompt]: Training 28 / 100 epoch, with learning rate 4.572593931387604
[10/02 10:26:42 visual_prompt]: Epoch 28 / 100: avg data time: 9.90e+00, avg batch time: 11.0630, average train loss: 10.4296
[10/02 10:27:28 visual_prompt]: Inference (val):avg data time: 2.54e-05, avg batch time: 0.7152, average loss: 8.4445
[10/02 10:27:28 visual_prompt]: Classification results with val_mammo-cbis: top1: 46.34	rocauc: 52.17	
[10/02 10:27:28 visual_prompt]: Training 29 / 100 epoch, with learning rate 4.522542485937368
[10/02 10:33:56 visual_prompt]: Epoch 29 / 100: avg data time: 9.91e+00, avg batch time: 11.0692, average train loss: 5.8304
[10/02 10:34:42 visual_prompt]: Inference (val):avg data time: 2.43e-05, avg batch time: 0.7156, average loss: 0.7089
[10/02 10:34:42 visual_prompt]: Classification results with val_mammo-cbis: top1: 46.34	rocauc: 42.05	
[10/02 10:34:42 visual_prompt]: Training 30 / 100 epoch, with learning rate 4.4700268840168045
[10/02 10:41:08 visual_prompt]: Epoch 30 / 100: avg data time: 9.87e+00, avg batch time: 11.0295, average train loss: 4.8026
[10/02 10:41:54 visual_prompt]: Inference (val):avg data time: 2.39e-05, avg batch time: 0.7159, average loss: 1.5119
[10/02 10:41:54 visual_prompt]: Classification results with val_mammo-cbis: top1: 53.66	rocauc: 60.57	
[10/02 10:41:54 visual_prompt]: Training 31 / 100 epoch, with learning rate 4.415111107797445
[10/02 10:48:20 visual_prompt]: Epoch 31 / 100: avg data time: 9.88e+00, avg batch time: 11.0430, average train loss: 3.6282
[10/02 10:49:06 visual_prompt]: Inference (val):avg data time: 2.21e-05, avg batch time: 0.7127, average loss: 4.0831
[10/02 10:49:06 visual_prompt]: Classification results with val_mammo-cbis: top1: 46.34	rocauc: 38.68	
[10/02 10:49:06 visual_prompt]: Training 32 / 100 epoch, with learning rate 4.357862063693486
[10/02 10:55:32 visual_prompt]: Epoch 32 / 100: avg data time: 9.87e+00, avg batch time: 11.0344, average train loss: 3.6225
[10/02 10:56:18 visual_prompt]: Inference (val):avg data time: 2.33e-05, avg batch time: 0.7115, average loss: 0.7114
[10/02 10:56:18 visual_prompt]: Classification results with val_mammo-cbis: top1: 46.34	rocauc: 67.22	
[10/02 10:56:18 visual_prompt]: Training 33 / 100 epoch, with learning rate 4.298349500846628
[10/02 11:02:46 visual_prompt]: Epoch 33 / 100: avg data time: 9.92e+00, avg batch time: 11.0819, average train loss: 5.0794
[10/02 11:03:32 visual_prompt]: Inference (val):avg data time: 2.59e-05, avg batch time: 0.7175, average loss: 1.4840
[10/02 11:03:32 visual_prompt]: Classification results with val_mammo-cbis: top1: 53.66	rocauc: 54.29	
[10/02 11:03:32 visual_prompt]: Training 34 / 100 epoch, with learning rate 4.236645926147493
[10/02 11:10:00 visual_prompt]: Epoch 34 / 100: avg data time: 9.91e+00, avg batch time: 11.0770, average train loss: 10.2110
[10/02 11:10:45 visual_prompt]: Inference (val):avg data time: 2.41e-05, avg batch time: 0.7072, average loss: 19.3840
[10/02 11:10:45 visual_prompt]: Classification results with val_mammo-cbis: top1: 46.34	rocauc: 49.77	
[10/02 11:10:45 visual_prompt]: Training 35 / 100 epoch, with learning rate 4.172826515897146
[10/02 11:17:10 visual_prompt]: Epoch 35 / 100: avg data time: 9.83e+00, avg batch time: 10.9881, average train loss: 6.7313
[10/02 11:17:56 visual_prompt]: Inference (val):avg data time: 2.30e-05, avg batch time: 0.7145, average loss: 1.5588
[10/02 11:17:56 visual_prompt]: Classification results with val_mammo-cbis: top1: 53.66	rocauc: 53.34	
[10/02 11:17:56 visual_prompt]: Training 36 / 100 epoch, with learning rate 4.106969024216348
[10/02 11:24:21 visual_prompt]: Epoch 36 / 100: avg data time: 9.85e+00, avg batch time: 11.0147, average train loss: 6.4939
[10/02 11:25:07 visual_prompt]: Inference (val):avg data time: 2.30e-05, avg batch time: 0.7120, average loss: 7.8797
[10/02 11:25:07 visual_prompt]: Classification results with val_mammo-cbis: top1: 53.66	rocauc: 50.52	
[10/02 11:25:07 visual_prompt]: Training 37 / 100 epoch, with learning rate 4.039153688314146
[10/02 11:31:54 visual_prompt]: Epoch 37 / 100: avg data time: 1.05e+01, avg batch time: 11.6158, average train loss: 13.1638
[10/02 11:32:43 visual_prompt]: Inference (val):avg data time: 2.37e-05, avg batch time: 0.7154, average loss: 14.0615
[10/02 11:32:43 visual_prompt]: Classification results with val_mammo-cbis: top1: 53.66	rocauc: 38.38	
[10/02 11:32:43 visual_prompt]: Training 38 / 100 epoch, with learning rate 3.969463130731183
[10/02 11:39:52 visual_prompt]: Epoch 38 / 100: avg data time: 1.11e+01, avg batch time: 12.2590, average train loss: 7.8704
[10/02 11:40:38 visual_prompt]: Inference (val):avg data time: 2.62e-05, avg batch time: 0.7160, average loss: 12.7607
[10/02 11:40:38 visual_prompt]: Classification results with val_mammo-cbis: top1: 53.66	rocauc: 46.50	
[10/02 11:40:38 visual_prompt]: Training 39 / 100 epoch, with learning rate 3.897982258676867
[10/02 11:47:04 visual_prompt]: Epoch 39 / 100: avg data time: 9.87e+00, avg batch time: 11.0275, average train loss: 7.7107
[10/02 11:47:50 visual_prompt]: Inference (val):avg data time: 2.62e-05, avg batch time: 0.7087, average loss: 0.7394
[10/02 11:47:50 visual_prompt]: Classification results with val_mammo-cbis: top1: 46.34	rocauc: 53.35	
[10/02 11:47:50 visual_prompt]: Training 40 / 100 epoch, with learning rate 3.824798160583012
[10/02 11:54:15 visual_prompt]: Epoch 40 / 100: avg data time: 9.84e+00, avg batch time: 11.0034, average train loss: 5.3020
[10/02 11:55:01 visual_prompt]: Inference (val):avg data time: 2.43e-05, avg batch time: 0.7147, average loss: 7.2450
[10/02 11:55:01 visual_prompt]: Classification results with val_mammo-cbis: top1: 46.34	rocauc: 54.06	
[10/02 11:55:01 visual_prompt]: Training 41 / 100 epoch, with learning rate 3.75
[10/02 12:01:26 visual_prompt]: Epoch 41 / 100: avg data time: 9.84e+00, avg batch time: 10.9999, average train loss: 4.7958
[10/02 12:02:12 visual_prompt]: Inference (val):avg data time: 2.51e-05, avg batch time: 0.7115, average loss: 4.9623
[10/02 12:02:12 visual_prompt]: Classification results with val_mammo-cbis: top1: 53.66	rocauc: 45.58	
[10/02 12:02:12 visual_prompt]: Training 42 / 100 epoch, with learning rate 3.673678906964727
[10/02 12:08:37 visual_prompt]: Epoch 42 / 100: avg data time: 9.85e+00, avg batch time: 11.0111, average train loss: 7.1071
[10/02 12:09:23 visual_prompt]: Inference (val):avg data time: 2.55e-05, avg batch time: 0.7163, average loss: 3.9744
[10/02 12:09:23 visual_prompt]: Classification results with val_mammo-cbis: top1: 46.34	rocauc: 53.64	
[10/02 12:09:23 visual_prompt]: Training 43 / 100 epoch, with learning rate 3.5959278669726933
[10/02 12:15:48 visual_prompt]: Epoch 43 / 100: avg data time: 9.84e+00, avg batch time: 11.0058, average train loss: 4.0090
[10/02 12:16:34 visual_prompt]: Inference (val):avg data time: 2.54e-05, avg batch time: 0.7168, average loss: 1.5390
[10/02 12:16:34 visual_prompt]: Classification results with val_mammo-cbis: top1: 53.66	rocauc: 49.05	
[10/02 12:16:34 visual_prompt]: Training 44 / 100 epoch, with learning rate 3.516841607689501
[10/02 12:22:59 visual_prompt]: Epoch 44 / 100: avg data time: 9.84e+00, avg batch time: 11.0094, average train loss: 2.9941
[10/02 12:23:45 visual_prompt]: Inference (val):avg data time: 2.45e-05, avg batch time: 0.7118, average loss: 2.0475
[10/02 12:23:45 visual_prompt]: Classification results with val_mammo-cbis: top1: 53.66	rocauc: 53.52	
[10/02 12:23:45 visual_prompt]: Training 45 / 100 epoch, with learning rate 3.4365164835397803
[10/02 12:30:13 visual_prompt]: Epoch 45 / 100: avg data time: 9.91e+00, avg batch time: 11.0802, average train loss: 1.8700
[10/02 12:30:59 visual_prompt]: Inference (val):avg data time: 2.34e-05, avg batch time: 0.7165, average loss: 1.6088
[10/02 12:30:59 visual_prompt]: Classification results with val_mammo-cbis: top1: 46.34	rocauc: 40.61	
[10/02 12:30:59 visual_prompt]: Training 46 / 100 epoch, with learning rate 3.3550503583141724
[10/02 12:37:23 visual_prompt]: Epoch 46 / 100: avg data time: 9.82e+00, avg batch time: 10.9787, average train loss: 7.3263
[10/02 12:38:08 visual_prompt]: Inference (val):avg data time: 2.38e-05, avg batch time: 0.7081, average loss: 9.5079
[10/02 12:38:08 visual_prompt]: Classification results with val_mammo-cbis: top1: 46.34	rocauc: 57.92	
[10/02 12:38:08 visual_prompt]: Training 47 / 100 epoch, with learning rate 3.2725424859373686
[10/02 12:44:34 visual_prompt]: Epoch 47 / 100: avg data time: 9.86e+00, avg batch time: 11.0244, average train loss: 3.0532
[10/02 12:45:20 visual_prompt]: Inference (val):avg data time: 2.07e-05, avg batch time: 0.7139, average loss: 2.1263
[10/02 12:45:20 visual_prompt]: Classification results with val_mammo-cbis: top1: 46.34	rocauc: 55.49	
[10/02 12:45:20 visual_prompt]: Training 48 / 100 epoch, with learning rate 3.1890933895424975
[10/02 12:51:45 visual_prompt]: Epoch 48 / 100: avg data time: 9.84e+00, avg batch time: 11.0007, average train loss: 8.0468
[10/02 12:52:31 visual_prompt]: Inference (val):avg data time: 2.44e-05, avg batch time: 0.7116, average loss: 15.9477
[10/02 12:52:31 visual_prompt]: Classification results with val_mammo-cbis: top1: 46.34	rocauc: 54.45	
[10/02 12:52:31 visual_prompt]: Training 49 / 100 epoch, with learning rate 3.104804738999169
[10/02 12:58:59 visual_prompt]: Epoch 49 / 100: avg data time: 9.91e+00, avg batch time: 11.0784, average train loss: 6.5268
[10/02 12:59:45 visual_prompt]: Inference (val):avg data time: 2.33e-05, avg batch time: 0.7221, average loss: 11.3810
[10/02 12:59:45 visual_prompt]: Classification results with val_mammo-cbis: top1: 46.34	rocauc: 50.17	
[10/02 12:59:45 visual_prompt]: Training 50 / 100 epoch, with learning rate 3.019779227044398
[10/02 13:06:11 visual_prompt]: Epoch 50 / 100: avg data time: 9.87e+00, avg batch time: 11.0394, average train loss: 6.0529
[10/02 13:06:57 visual_prompt]: Inference (val):avg data time: 2.37e-05, avg batch time: 0.7100, average loss: 2.5586
[10/02 13:06:57 visual_prompt]: Classification results with val_mammo-cbis: top1: 46.34	rocauc: 49.85	
[10/02 13:06:57 visual_prompt]: Training 51 / 100 epoch, with learning rate 2.934120444167326
[10/02 13:13:22 visual_prompt]: Epoch 51 / 100: avg data time: 9.83e+00, avg batch time: 10.9995, average train loss: 5.0791
[10/02 13:14:08 visual_prompt]: Inference (val):avg data time: 2.27e-05, avg batch time: 0.7128, average loss: 11.3069
[10/02 13:14:08 visual_prompt]: Classification results with val_mammo-cbis: top1: 46.34	rocauc: 62.51	
[10/02 13:14:08 visual_prompt]: Training 52 / 100 epoch, with learning rate 2.8479327524001636
[10/02 13:20:34 visual_prompt]: Epoch 52 / 100: avg data time: 9.87e+00, avg batch time: 11.0397, average train loss: 10.3296
[10/02 13:21:20 visual_prompt]: Inference (val):avg data time: 2.52e-05, avg batch time: 0.7118, average loss: 12.8304
[10/02 13:21:20 visual_prompt]: Classification results with val_mammo-cbis: top1: 53.66	rocauc: 51.34	
[10/02 13:21:20 visual_prompt]: Training 53 / 100 epoch, with learning rate 2.761321158169134
[10/02 13:27:45 visual_prompt]: Epoch 53 / 100: avg data time: 9.85e+00, avg batch time: 11.0151, average train loss: 8.2071
[10/02 13:28:31 visual_prompt]: Inference (val):avg data time: 2.38e-05, avg batch time: 0.7141, average loss: 8.6080
[10/02 13:28:31 visual_prompt]: Classification results with val_mammo-cbis: top1: 46.34	rocauc: 58.97	
[10/02 13:28:31 visual_prompt]: Training 54 / 100 epoch, with learning rate 2.6743911843603128
[10/02 13:34:57 visual_prompt]: Epoch 54 / 100: avg data time: 9.84e+00, avg batch time: 11.0078, average train loss: 4.2810
[10/02 13:35:42 visual_prompt]: Inference (val):avg data time: 2.59e-05, avg batch time: 0.7123, average loss: 0.7968
[10/02 13:35:42 visual_prompt]: Classification results with val_mammo-cbis: top1: 46.34	rocauc: 56.89	
[10/02 13:35:42 visual_prompt]: Training 55 / 100 epoch, with learning rate 2.5872487417562526
[10/02 13:42:09 visual_prompt]: Epoch 55 / 100: avg data time: 9.88e+00, avg batch time: 11.0473, average train loss: 1.0249
[10/02 13:42:55 visual_prompt]: Inference (val):avg data time: 2.57e-05, avg batch time: 0.7153, average loss: 2.0216
[10/02 13:42:55 visual_prompt]: Classification results with val_mammo-cbis: top1: 46.34	rocauc: 62.70	
[10/02 13:42:55 visual_prompt]: Training 56 / 100 epoch, with learning rate 2.5
[10/02 13:49:22 visual_prompt]: Epoch 56 / 100: avg data time: 9.88e+00, avg batch time: 11.0455, average train loss: 7.2845
[10/02 13:50:08 visual_prompt]: Inference (val):avg data time: 2.47e-05, avg batch time: 0.7128, average loss: 5.7257
[10/02 13:50:08 visual_prompt]: Classification results with val_mammo-cbis: top1: 53.66	rocauc: 50.48	
[10/02 13:50:08 visual_prompt]: Training 57 / 100 epoch, with learning rate 2.4127512582437483
[10/02 13:56:34 visual_prompt]: Epoch 57 / 100: avg data time: 9.86e+00, avg batch time: 11.0271, average train loss: 3.3006
[10/02 13:57:19 visual_prompt]: Inference (val):avg data time: 2.38e-05, avg batch time: 0.7155, average loss: 1.6693
[10/02 13:57:19 visual_prompt]: Classification results with val_mammo-cbis: top1: 46.34	rocauc: 47.06	
[10/02 13:57:19 visual_prompt]: Training 58 / 100 epoch, with learning rate 2.325608815639687
[10/02 14:03:50 visual_prompt]: Epoch 58 / 100: avg data time: 1.00e+01, avg batch time: 11.1689, average train loss: 1.4511
[10/02 14:04:36 visual_prompt]: Inference (val):avg data time: 2.76e-05, avg batch time: 0.7134, average loss: 0.6937
[10/02 14:04:36 visual_prompt]: Classification results with val_mammo-cbis: top1: 53.66	rocauc: 54.32	
[10/02 14:04:36 visual_prompt]: Training 59 / 100 epoch, with learning rate 2.2386788418308665
[10/02 14:11:04 visual_prompt]: Epoch 59 / 100: avg data time: 9.90e+00, avg batch time: 11.0658, average train loss: 1.4663
[10/02 14:11:49 visual_prompt]: Inference (val):avg data time: 2.12e-05, avg batch time: 0.7079, average loss: 2.6540
[10/02 14:11:49 visual_prompt]: Classification results with val_mammo-cbis: top1: 46.34	rocauc: 55.04	
[10/02 14:11:49 visual_prompt]: Training 60 / 100 epoch, with learning rate 2.1520672475998373
[10/02 14:18:15 visual_prompt]: Epoch 60 / 100: avg data time: 9.87e+00, avg batch time: 11.0315, average train loss: 1.1350
[10/02 14:19:01 visual_prompt]: Inference (val):avg data time: 2.50e-05, avg batch time: 0.7089, average loss: 1.1044
[10/02 14:19:01 visual_prompt]: Classification results with val_mammo-cbis: top1: 53.66	rocauc: 48.00	
[10/02 14:19:01 visual_prompt]: Training 61 / 100 epoch, with learning rate 2.0658795558326744
[10/02 14:25:29 visual_prompt]: Epoch 61 / 100: avg data time: 9.91e+00, avg batch time: 11.0804, average train loss: 1.1190
[10/02 14:26:15 visual_prompt]: Inference (val):avg data time: 2.47e-05, avg batch time: 0.7176, average loss: 0.6902
[10/02 14:26:15 visual_prompt]: Classification results with val_mammo-cbis: top1: 53.66	rocauc: 54.46	
[10/02 14:26:15 visual_prompt]: Training 62 / 100 epoch, with learning rate 1.980220772955602
[10/02 14:32:42 visual_prompt]: Epoch 62 / 100: avg data time: 9.88e+00, avg batch time: 11.0496, average train loss: 0.9881
[10/02 14:33:27 visual_prompt]: Inference (val):avg data time: 2.31e-05, avg batch time: 0.7094, average loss: 1.4515
[10/02 14:33:27 visual_prompt]: Classification results with val_mammo-cbis: top1: 53.66	rocauc: 52.04	
[10/02 14:33:27 visual_prompt]: Training 63 / 100 epoch, with learning rate 1.895195261000831
[10/02 14:39:54 visual_prompt]: Epoch 63 / 100: avg data time: 9.87e+00, avg batch time: 11.0312, average train loss: 1.6273
[10/02 14:40:39 visual_prompt]: Inference (val):avg data time: 2.38e-05, avg batch time: 0.7110, average loss: 1.5014
[10/02 14:40:39 visual_prompt]: Classification results with val_mammo-cbis: top1: 53.66	rocauc: 57.94	
[10/02 14:40:39 visual_prompt]: Training 64 / 100 epoch, with learning rate 1.8109066104575022
[10/02 14:47:05 visual_prompt]: Epoch 64 / 100: avg data time: 9.85e+00, avg batch time: 11.0158, average train loss: 1.0053
[10/02 14:47:51 visual_prompt]: Inference (val):avg data time: 2.81e-05, avg batch time: 0.7116, average loss: 0.9249
[10/02 14:47:51 visual_prompt]: Classification results with val_mammo-cbis: top1: 46.34	rocauc: 56.18	
[10/02 14:47:51 visual_prompt]: Training 65 / 100 epoch, with learning rate 1.7274575140626316
[10/02 14:54:18 visual_prompt]: Epoch 65 / 100: avg data time: 9.90e+00, avg batch time: 11.0618, average train loss: 0.8572
[10/02 14:55:04 visual_prompt]: Inference (val):avg data time: 2.59e-05, avg batch time: 0.7098, average loss: 0.7190
[10/02 14:55:04 visual_prompt]: Classification results with val_mammo-cbis: top1: 46.34	rocauc: 56.44	
[10/02 14:55:04 visual_prompt]: Training 66 / 100 epoch, with learning rate 1.6449496416858285
[10/02 15:01:29 visual_prompt]: Epoch 66 / 100: avg data time: 9.85e+00, avg batch time: 11.0187, average train loss: 0.7589
[10/02 15:02:15 visual_prompt]: Inference (val):avg data time: 2.40e-05, avg batch time: 0.7065, average loss: 0.7842
[10/02 15:02:15 visual_prompt]: Classification results with val_mammo-cbis: top1: 53.66	rocauc: 54.99	
[10/02 15:02:15 visual_prompt]: Training 67 / 100 epoch, with learning rate 1.5634835164602199
[10/02 15:08:39 visual_prompt]: Epoch 67 / 100: avg data time: 9.80e+00, avg batch time: 10.9663, average train loss: 1.1810
[10/02 15:09:25 visual_prompt]: Inference (val):avg data time: 2.18e-05, avg batch time: 0.7139, average loss: 1.0961
[10/02 15:09:25 visual_prompt]: Classification results with val_mammo-cbis: top1: 46.34	rocauc: 55.00	
[10/02 15:09:25 visual_prompt]: Training 68 / 100 epoch, with learning rate 1.4831583923104998
[10/02 15:15:51 visual_prompt]: Epoch 68 / 100: avg data time: 9.87e+00, avg batch time: 11.0389, average train loss: 1.3447
[10/02 15:16:37 visual_prompt]: Inference (val):avg data time: 2.44e-05, avg batch time: 0.7161, average loss: 1.3541
[10/02 15:16:37 visual_prompt]: Classification results with val_mammo-cbis: top1: 46.34	rocauc: 50.94	
[10/02 15:16:37 visual_prompt]: Training 69 / 100 epoch, with learning rate 1.4040721330273063
[10/02 15:23:02 visual_prompt]: Epoch 69 / 100: avg data time: 9.84e+00, avg batch time: 10.9971, average train loss: 1.1448
[10/02 15:23:48 visual_prompt]: Inference (val):avg data time: 2.25e-05, avg batch time: 0.7098, average loss: 0.9097
[10/02 15:23:48 visual_prompt]: Classification results with val_mammo-cbis: top1: 53.66	rocauc: 45.45	
[10/02 15:23:48 visual_prompt]: Training 70 / 100 epoch, with learning rate 1.3263210930352738
slurmstepd-ctit088: error: *** JOB 238455 ON ctit088 CANCELLED AT 2023-10-02T15:23:54 ***
