/bin/bash: /home/s1952889/miniconda3/envs/prompt/lib/libtinfo.so.6: no version information available (required by /bin/bash)
An exception occurred in telemetry logging.Disabling telemetry to prevent further exceptions.
Traceback (most recent call last):
  File "/home/s1952889/miniconda3/envs/prompt/lib/python3.11/site-packages/iopath/common/file_io.py", line 946, in __log_tmetry_keys
    handler.log_event()
  File "/home/s1952889/miniconda3/envs/prompt/lib/python3.11/site-packages/iopath/common/event_logger.py", line 97, in log_event
    del self._evt
        ^^^^^^^^^
AttributeError: 'NativePathHandler' object has no attribute '_evt'
Namespace(config_file='visual_prompt_tuning/configs/prompt/cub.yaml', train_type='prompt', opts=['MODEL.TYPE', 'vit', 'DATA.BATCH_SIZE', '32', 'MODEL.PROMPT.NUM_TOKENS', '50', 'MODEL.PROMPT.DEEP', 'True', 'MODEL.PROMPT.DROPOUT', '0.1', 'DATA.FEATURE', 'sup_vitb16_imagenet21k', 'DATA.IMGSIZE', '500', 'DATA.NAME', 'mammo-cbis', 'DATA.NUMBER_CLASSES', '2', 'DATA.CROP', 'False', 'MODEL.MODEL_ROOT', 'visual_prompt_tuning/model_root', 'DATA.DATAPATH', 'visual_prompt_tuning/data_path', 'OUTPUT_DIR', 'visual_prompt_tuning/output_dir', 'SOLVER.PATIENCE', '14', 'SOLVER.CRITERION', 'loss'])
[11/22 02:19:27 visual_prompt]: Rank of current process: 0. World size: 1
[11/22 02:19:28 visual_prompt]: Environment info:
-------------------  -------------------------------------------------
Python               3.11.5 (main, Sep 11 2023, 13:54:46) [GCC 11.2.0]
ENV_MODULE           <not set>
PyTorch              2.0.1+cu118
PyTorch Debug Build  False
CUDA available       True
CUDA ID              2
GPU 0                NVIDIA A40
Pillow               9.3.0
cv2                  4.8.0
-------------------  -------------------------------------------------
PyTorch built with:
  - GCC 9.3
  - C++ Version: 201703
  - Intel(R) oneAPI Math Kernel Library Version 2022.2-Product Build 20220804 for Intel(R) 64 architecture applications
  - Intel(R) MKL-DNN v2.7.3 (Git Hash 6dbeffbae1f23cbbeae17adb7b5b13f1f37c080e)
  - OpenMP 201511 (a.k.a. OpenMP 4.5)
  - LAPACK is enabled (usually provided by MKL)
  - NNPACK is enabled
  - CPU capability usage: AVX2
  - CUDA Runtime 11.8
  - NVCC architecture flags: -gencode;arch=compute_37,code=sm_37;-gencode;arch=compute_50,code=sm_50;-gencode;arch=compute_60,code=sm_60;-gencode;arch=compute_70,code=sm_70;-gencode;arch=compute_75,code=sm_75;-gencode;arch=compute_80,code=sm_80;-gencode;arch=compute_86,code=sm_86;-gencode;arch=compute_90,code=sm_90
  - CuDNN 8.7
  - Magma 2.6.1
  - Build settings: BLAS_INFO=mkl, BUILD_TYPE=Release, CUDA_VERSION=11.8, CUDNN_VERSION=8.7.0, CXX_COMPILER=/opt/rh/devtoolset-9/root/usr/bin/c++, CXX_FLAGS= -D_GLIBCXX_USE_CXX11_ABI=0 -fabi-version=11 -Wno-deprecated -fvisibility-inlines-hidden -DUSE_PTHREADPOOL -DNDEBUG -DUSE_KINETO -DLIBKINETO_NOROCTRACER -DUSE_FBGEMM -DUSE_QNNPACK -DUSE_PYTORCH_QNNPACK -DUSE_XNNPACK -DSYMBOLICATE_MOBILE_DEBUG_HANDLE -O2 -fPIC -Wall -Wextra -Werror=return-type -Werror=non-virtual-dtor -Werror=bool-operation -Wnarrowing -Wno-missing-field-initializers -Wno-type-limits -Wno-array-bounds -Wno-unknown-pragmas -Wunused-local-typedefs -Wno-unused-parameter -Wno-unused-function -Wno-unused-result -Wno-strict-overflow -Wno-strict-aliasing -Wno-error=deprecated-declarations -Wno-stringop-overflow -Wno-psabi -Wno-error=pedantic -Wno-error=redundant-decls -Wno-error=old-style-cast -fdiagnostics-color=always -faligned-new -Wno-unused-but-set-variable -Wno-maybe-uninitialized -fno-math-errno -fno-trapping-math -Werror=format -Werror=cast-function-type -Wno-stringop-overflow, LAPACK_INFO=mkl, PERF_WITH_AVX=1, PERF_WITH_AVX2=1, PERF_WITH_AVX512=1, TORCH_DISABLE_GPU_ASSERTS=ON, TORCH_VERSION=2.0.1, USE_CUDA=ON, USE_CUDNN=ON, USE_EXCEPTION_PTR=1, USE_GFLAGS=OFF, USE_GLOG=OFF, USE_MKL=ON, USE_MKLDNN=ON, USE_MPI=OFF, USE_NCCL=1, USE_NNPACK=ON, USE_OPENMP=ON, USE_ROCM=OFF, 

[11/22 02:19:28 visual_prompt]: Command line arguments: Namespace(config_file='visual_prompt_tuning/configs/prompt/cub.yaml', train_type='prompt', opts=['MODEL.TYPE', 'vit', 'DATA.BATCH_SIZE', '32', 'MODEL.PROMPT.NUM_TOKENS', '50', 'MODEL.PROMPT.DEEP', 'True', 'MODEL.PROMPT.DROPOUT', '0.1', 'DATA.FEATURE', 'sup_vitb16_imagenet21k', 'DATA.IMGSIZE', '500', 'DATA.NAME', 'mammo-cbis', 'DATA.NUMBER_CLASSES', '2', 'DATA.CROP', 'False', 'MODEL.MODEL_ROOT', 'visual_prompt_tuning/model_root', 'DATA.DATAPATH', 'visual_prompt_tuning/data_path', 'OUTPUT_DIR', 'visual_prompt_tuning/output_dir', 'SOLVER.PATIENCE', '14', 'SOLVER.CRITERION', 'loss'])
[11/22 02:19:28 visual_prompt]: Contents of args.config_file=visual_prompt_tuning/configs/prompt/cub.yaml:
_BASE_: "../base-prompt.yaml"
RUN_N_TIMES: 1
DATA:
  NAME: "CUB"
  DATAPATH: ""  #TODO: need to specify here
  NUMBER_CLASSES: 200
  MULTILABEL: False
MODEL:
  TYPE: "vit"
SOLVER:
  BASE_LR: 0.1
  WEIGHT_DECAY: 0.01
[11/22 02:19:28 visual_prompt]: Training with config:
[11/22 02:19:28 visual_prompt]: CfgNode({'DBG': False, 'OUTPUT_DIR': 'visual_prompt_tuning/output_dir/mammo-cbis/sup_vitb16_imagenet21k/prompt50/size500/val/seed0/lr50.0_wd0.01/patience14/run1', 'RUN_N_TIMES': 1, 'CUDNN_BENCHMARK': False, 'NUM_GPUS': 1, 'NUM_SHARDS': 1, 'SEED': 0, 'MODEL': CfgNode({'TRANSFER_TYPE': 'prompt', 'WEIGHT_PATH': '', 'SAVE_CKPT': False, 'MODEL_ROOT': 'visual_prompt_tuning/model_root', 'TYPE': 'vit', 'MLP_NUM': 0, 'LINEAR': CfgNode({'MLP_SIZES': [], 'DROPOUT': 0.1}), 'PROMPT': CfgNode({'NUM_TOKENS': 50, 'LOCATION': 'prepend', 'INITIATION': 'random', 'CLSEMB_FOLDER': '', 'CLSEMB_PATH': '', 'PROJECT': -1, 'DEEP': True, 'NUM_DEEP_LAYERS': None, 'REVERSE_DEEP': False, 'DEEP_SHARED': False, 'FORWARD_DEEP_NOEXPAND': False, 'VIT_POOL_TYPE': 'original', 'DROPOUT': 0.1, 'SAVE_FOR_EACH_EPOCH': False}), 'ADAPTER': CfgNode({'REDUCATION_FACTOR': 8, 'STYLE': 'Pfeiffer'})}), 'SOLVER': CfgNode({'LOSS': 'softmax', 'LOSS_ALPHA': 0.01, 'OPTIMIZER': 'sgd', 'MOMENTUM': 0.9, 'WEIGHT_DECAY': 0.01, 'WEIGHT_DECAY_BIAS': 0, 'PATIENCE': 14, 'CRITERION': 'loss', 'SCHEDULER': 'cosine', 'BASE_LR': 50.0, 'BIAS_MULTIPLIER': 1.0, 'WARMUP_EPOCH': 10, 'TOTAL_EPOCH': 100, 'LOG_EVERY_N': 100, 'DBG_TRAINABLE': False}), 'DATA': CfgNode({'NAME': 'mammo-cbis', 'DATAPATH': 'visual_prompt_tuning/data_path', 'FEATURE': 'sup_vitb16_imagenet21k', 'PERCENTAGE': 1.0, 'NUMBER_CLASSES': 2, 'MULTILABEL': False, 'CLASS_WEIGHTS_TYPE': 'none', 'IMGSIZE': 500, 'CROP': False, 'NO_TEST': False, 'BATCH_SIZE': 32, 'NUM_WORKERS': 4, 'PIN_MEMORY': True})})
[11/22 02:19:28 visual_prompt]: Loading training data...
[11/22 02:19:28 visual_prompt]: Constructing mammo-cbis dataset train...
[11/22 02:19:28 visual_prompt]: Loading validation data...
[11/22 02:19:28 visual_prompt]: Constructing mammo-cbis dataset val...
[11/22 02:19:28 visual_prompt]: Constructing models...
[INFO: vit.py:  342]: load_pretrained: resized variant: torch.Size([1, 197, 768]) to torch.Size([1, 962, 768])
load_pretrained: grid-size from 14 to 31
[11/22 02:19:32 visual_prompt]: Total Parameters: 86848514	 Gradient Parameters: 462338
[11/22 02:19:32 visual_prompt]: tuned percent:0.532
[11/22 02:19:32 visual_prompt]: Device used for model: 0
[11/22 02:19:32 visual_prompt]: Setting up Evaluator...
[11/22 02:19:32 visual_prompt]: Setting up Trainer...
[11/22 02:19:32 visual_prompt]: 	Setting up the optimizer...
[11/22 02:19:32 visual_prompt]: Training 1 / 100 epoch, with learning rate 0.0
[11/22 02:27:13 visual_prompt]: Epoch 1 / 100: avg data time: 5.13e+00, avg batch time: 6.5822, average train loss: 1.4863
[11/22 02:28:04 visual_prompt]: Inference (val):avg data time: 3.18e-05, avg batch time: 0.5800, average loss: 1.4553
[11/22 02:28:04 visual_prompt]: Classification results with val_mammo-cbis: top1: 54.88	rocauc: 43.60	
[11/22 02:28:04 visual_prompt]: Training 2 / 100 epoch, with learning rate 5.0
[11/22 02:35:30 visual_prompt]: Epoch 2 / 100: avg data time: 4.95e+00, avg batch time: 6.3813, average train loss: 23.4194
[11/22 02:36:21 visual_prompt]: Inference (val):avg data time: 3.11e-05, avg batch time: 0.5799, average loss: 5.9050
[11/22 02:36:21 visual_prompt]: Classification results with val_mammo-cbis: top1: 54.88	rocauc: 50.15	
[11/22 02:36:21 visual_prompt]: Training 3 / 100 epoch, with learning rate 10.0
[11/22 02:43:43 visual_prompt]: Epoch 3 / 100: avg data time: 4.88e+00, avg batch time: 6.3138, average train loss: 22.7559
[11/22 02:44:34 visual_prompt]: Inference (val):avg data time: 2.96e-05, avg batch time: 0.5806, average loss: 78.4539
[11/22 02:44:34 visual_prompt]: Classification results with val_mammo-cbis: top1: 47.15	rocauc: 47.22	
[11/22 02:44:34 visual_prompt]: Training 4 / 100 epoch, with learning rate 15.0
[11/22 02:51:57 visual_prompt]: Epoch 4 / 100: avg data time: 4.89e+00, avg batch time: 6.3241, average train loss: 31.9098
[11/22 02:52:48 visual_prompt]: Inference (val):avg data time: 3.01e-05, avg batch time: 0.5818, average loss: 36.0121
[11/22 02:52:48 visual_prompt]: Classification results with val_mammo-cbis: top1: 54.88	rocauc: 48.13	
[11/22 02:52:48 visual_prompt]: Training 5 / 100 epoch, with learning rate 20.0
[11/22 03:00:11 visual_prompt]: Epoch 5 / 100: avg data time: 4.91e+00, avg batch time: 6.3364, average train loss: 37.4111
[11/22 03:01:02 visual_prompt]: Inference (val):avg data time: 2.87e-05, avg batch time: 0.5772, average loss: 33.6763
[11/22 03:01:02 visual_prompt]: Classification results with val_mammo-cbis: top1: 54.88	rocauc: 50.87	
[11/22 03:01:02 visual_prompt]: Training 6 / 100 epoch, with learning rate 25.0
[11/22 03:08:27 visual_prompt]: Epoch 6 / 100: avg data time: 4.92e+00, avg batch time: 6.3519, average train loss: 80.9835
[11/22 03:09:18 visual_prompt]: Inference (val):avg data time: 2.70e-05, avg batch time: 0.5830, average loss: 70.5767
[11/22 03:09:18 visual_prompt]: Classification results with val_mammo-cbis: top1: 54.88	rocauc: 55.50	
[11/22 03:09:18 visual_prompt]: Training 7 / 100 epoch, with learning rate 30.0
[11/22 03:16:42 visual_prompt]: Epoch 7 / 100: avg data time: 4.91e+00, avg batch time: 6.3447, average train loss: 62.2236
[11/22 03:17:31 visual_prompt]: Inference (val):avg data time: 3.50e-05, avg batch time: 0.5797, average loss: 54.4756
[11/22 03:17:31 visual_prompt]: Classification results with val_mammo-cbis: top1: 54.88	rocauc: 57.78	
[11/22 03:17:31 visual_prompt]: Training 8 / 100 epoch, with learning rate 35.0
[11/22 03:24:56 visual_prompt]: Epoch 8 / 100: avg data time: 4.92e+00, avg batch time: 6.3438, average train loss: 130.3972
[11/22 03:25:46 visual_prompt]: Inference (val):avg data time: 3.36e-05, avg batch time: 0.5752, average loss: 173.7895
[11/22 03:25:46 visual_prompt]: Classification results with val_mammo-cbis: top1: 54.88	rocauc: 54.03	
[11/22 03:25:46 visual_prompt]: Training 9 / 100 epoch, with learning rate 40.0
[11/22 03:33:12 visual_prompt]: Epoch 9 / 100: avg data time: 4.94e+00, avg batch time: 6.3707, average train loss: 111.8224
[11/22 03:34:03 visual_prompt]: Inference (val):avg data time: 3.05e-05, avg batch time: 0.5772, average loss: 51.1531
[11/22 03:34:03 visual_prompt]: Classification results with val_mammo-cbis: top1: 54.88	rocauc: 41.05	
[11/22 03:34:03 visual_prompt]: Training 10 / 100 epoch, with learning rate 45.0
[11/22 03:41:23 visual_prompt]: Epoch 10 / 100: avg data time: 4.86e+00, avg batch time: 6.2863, average train loss: 105.2176
[11/22 03:42:14 visual_prompt]: Inference (val):avg data time: 2.77e-05, avg batch time: 0.5802, average loss: 31.9708
[11/22 03:42:14 visual_prompt]: Classification results with val_mammo-cbis: top1: 45.12	rocauc: 51.58	
[11/22 03:42:14 visual_prompt]: Training 11 / 100 epoch, with learning rate 50.0
[11/22 03:49:41 visual_prompt]: Epoch 11 / 100: avg data time: 4.96e+00, avg batch time: 6.3823, average train loss: 129.0567
[11/22 03:50:31 visual_prompt]: Inference (val):avg data time: 3.16e-05, avg batch time: 0.5796, average loss: 13.2878
[11/22 03:50:31 visual_prompt]: Classification results with val_mammo-cbis: top1: 54.88	rocauc: 52.27	
[11/22 03:50:32 visual_prompt]: Training 12 / 100 epoch, with learning rate 49.9847706754774
[11/22 03:57:55 visual_prompt]: Epoch 12 / 100: avg data time: 4.90e+00, avg batch time: 6.3278, average train loss: 208.1526
[11/22 03:58:45 visual_prompt]: Inference (val):avg data time: 3.12e-05, avg batch time: 0.5791, average loss: 183.8571
[11/22 03:58:45 visual_prompt]: Classification results with val_mammo-cbis: top1: 54.88	rocauc: 50.65	
[11/22 03:58:45 visual_prompt]: Training 13 / 100 epoch, with learning rate 49.939101256495604
[11/22 04:06:11 visual_prompt]: Epoch 13 / 100: avg data time: 4.93e+00, avg batch time: 6.3591, average train loss: 148.6304
[11/22 04:07:02 visual_prompt]: Inference (val):avg data time: 2.94e-05, avg batch time: 0.5802, average loss: 167.0876
[11/22 04:07:02 visual_prompt]: Classification results with val_mammo-cbis: top1: 54.88	rocauc: 44.63	
[11/22 04:07:02 visual_prompt]: Training 14 / 100 epoch, with learning rate 49.86304738420683
[11/22 04:14:25 visual_prompt]: Epoch 14 / 100: avg data time: 4.91e+00, avg batch time: 6.3381, average train loss: 112.9457
[11/22 04:15:16 visual_prompt]: Inference (val):avg data time: 3.01e-05, avg batch time: 0.5833, average loss: 180.0684
[11/22 04:15:16 visual_prompt]: Classification results with val_mammo-cbis: top1: 45.12	rocauc: 50.04	
[11/22 04:15:16 visual_prompt]: Training 15 / 100 epoch, with learning rate 49.75670171853926
[11/22 04:22:39 visual_prompt]: Epoch 15 / 100: avg data time: 4.91e+00, avg batch time: 6.3322, average train loss: 107.0701
[11/22 04:23:30 visual_prompt]: Inference (val):avg data time: 3.20e-05, avg batch time: 0.5799, average loss: 218.0983
[11/22 04:23:30 visual_prompt]: Classification results with val_mammo-cbis: top1: 45.53	rocauc: 50.02	
[11/22 04:23:30 visual_prompt]: Training 16 / 100 epoch, with learning rate 49.6201938253052
[11/22 04:30:56 visual_prompt]: Epoch 16 / 100: avg data time: 4.94e+00, avg batch time: 6.3627, average train loss: 157.8699
[11/22 04:31:47 visual_prompt]: Inference (val):avg data time: 3.18e-05, avg batch time: 0.5800, average loss: 6.8180
[11/22 04:31:47 visual_prompt]: Classification results with val_mammo-cbis: top1: 45.12	rocauc: 49.42	
[11/22 04:31:47 visual_prompt]: Best epoch 16: best metric: -6.818
[11/22 04:31:47 visual_prompt]: Training 17 / 100 epoch, with learning rate 49.45369001834514
[11/22 04:39:08 visual_prompt]: Epoch 17 / 100: avg data time: 4.88e+00, avg batch time: 6.3042, average train loss: 172.9522
[11/22 04:39:58 visual_prompt]: Inference (val):avg data time: 3.40e-05, avg batch time: 0.5792, average loss: 46.7653
[11/22 04:39:58 visual_prompt]: Classification results with val_mammo-cbis: top1: 45.12	rocauc: 53.43	
[11/22 04:39:58 visual_prompt]: Training 18 / 100 epoch, with learning rate 49.25739315689991
[11/22 04:47:23 visual_prompt]: Epoch 18 / 100: avg data time: 4.93e+00, avg batch time: 6.3557, average train loss: 134.8895
[11/22 04:48:14 visual_prompt]: Inference (val):avg data time: 3.31e-05, avg batch time: 0.5816, average loss: 44.4161
[11/22 04:48:14 visual_prompt]: Classification results with val_mammo-cbis: top1: 45.12	rocauc: 50.95	
[11/22 04:48:14 visual_prompt]: Training 19 / 100 epoch, with learning rate 49.03154239845797
[11/22 04:55:38 visual_prompt]: Epoch 19 / 100: avg data time: 4.92e+00, avg batch time: 6.3462, average train loss: 108.6106
[11/22 04:56:29 visual_prompt]: Inference (val):avg data time: 3.39e-05, avg batch time: 0.5825, average loss: 330.5166
[11/22 04:56:29 visual_prompt]: Classification results with val_mammo-cbis: top1: 54.88	rocauc: 55.82	
[11/22 04:56:29 visual_prompt]: Training 20 / 100 epoch, with learning rate 48.77641290737884
[11/22 05:03:55 visual_prompt]: Epoch 20 / 100: avg data time: 4.94e+00, avg batch time: 6.3661, average train loss: 141.1177
[11/22 05:04:45 visual_prompt]: Inference (val):avg data time: 3.25e-05, avg batch time: 0.5779, average loss: 192.2731
[11/22 05:04:45 visual_prompt]: Classification results with val_mammo-cbis: top1: 54.88	rocauc: 49.96	
[11/22 05:04:45 visual_prompt]: Training 21 / 100 epoch, with learning rate 48.49231551964771
[11/22 05:12:12 visual_prompt]: Epoch 21 / 100: avg data time: 4.95e+00, avg batch time: 6.3765, average train loss: 133.8192
[11/22 05:13:03 visual_prompt]: Inference (val):avg data time: 3.28e-05, avg batch time: 0.5815, average loss: 236.0819
[11/22 05:13:03 visual_prompt]: Classification results with val_mammo-cbis: top1: 45.12	rocauc: 51.05	
[11/22 05:13:03 visual_prompt]: Training 22 / 100 epoch, with learning rate 48.17959636416968
[11/22 05:20:27 visual_prompt]: Epoch 22 / 100: avg data time: 4.92e+00, avg batch time: 6.3453, average train loss: 166.6178
[11/22 05:21:18 visual_prompt]: Inference (val):avg data time: 3.57e-05, avg batch time: 0.5807, average loss: 36.2407
[11/22 05:21:18 visual_prompt]: Classification results with val_mammo-cbis: top1: 54.88	rocauc: 42.01	
[11/22 05:21:18 visual_prompt]: Training 23 / 100 epoch, with learning rate 47.83863644106502
[11/22 05:28:43 visual_prompt]: Epoch 23 / 100: avg data time: 4.94e+00, avg batch time: 6.3671, average train loss: 107.7752
[11/22 05:29:34 visual_prompt]: Inference (val):avg data time: 3.38e-05, avg batch time: 0.5801, average loss: 94.2358
[11/22 05:29:34 visual_prompt]: Classification results with val_mammo-cbis: top1: 54.47	rocauc: 48.56	
[11/22 05:29:34 visual_prompt]: Training 24 / 100 epoch, with learning rate 47.46985115747918
[11/22 05:36:59 visual_prompt]: Epoch 24 / 100: avg data time: 4.93e+00, avg batch time: 6.3543, average train loss: 116.4842
[11/22 05:37:49 visual_prompt]: Inference (val):avg data time: 2.92e-05, avg batch time: 0.5832, average loss: 106.7851
[11/22 05:37:49 visual_prompt]: Classification results with val_mammo-cbis: top1: 45.12	rocauc: 45.64	
[11/22 05:37:49 visual_prompt]: Training 25 / 100 epoch, with learning rate 47.073689821473174
[11/22 05:45:16 visual_prompt]: Epoch 25 / 100: avg data time: 4.95e+00, avg batch time: 6.3724, average train loss: 113.7748
[11/22 05:46:06 visual_prompt]: Inference (val):avg data time: 3.13e-05, avg batch time: 0.5867, average loss: 109.0722
[11/22 05:46:06 visual_prompt]: Classification results with val_mammo-cbis: top1: 54.88	rocauc: 51.17	
[11/22 05:46:06 visual_prompt]: Training 26 / 100 epoch, with learning rate 46.65063509461097
[11/22 05:53:28 visual_prompt]: Epoch 26 / 100: avg data time: 4.88e+00, avg batch time: 6.3012, average train loss: 146.5544
[11/22 05:54:18 visual_prompt]: Inference (val):avg data time: 3.49e-05, avg batch time: 0.5823, average loss: 21.7410
[11/22 05:54:18 visual_prompt]: Classification results with val_mammo-cbis: top1: 54.88	rocauc: 41.72	
[11/22 05:54:18 visual_prompt]: Training 27 / 100 epoch, with learning rate 46.20120240391065
[11/22 06:01:43 visual_prompt]: Epoch 27 / 100: avg data time: 4.93e+00, avg batch time: 6.3575, average train loss: 103.7777
[11/22 06:02:34 visual_prompt]: Inference (val):avg data time: 3.55e-05, avg batch time: 0.5811, average loss: 98.3964
[11/22 06:02:34 visual_prompt]: Classification results with val_mammo-cbis: top1: 54.88	rocauc: 50.96	
[11/22 06:02:34 visual_prompt]: Training 28 / 100 epoch, with learning rate 45.72593931387604
[11/22 06:10:01 visual_prompt]: Epoch 28 / 100: avg data time: 4.96e+00, avg batch time: 6.3802, average train loss: 91.9104
[11/22 06:10:52 visual_prompt]: Inference (val):avg data time: 2.96e-05, avg batch time: 0.5815, average loss: 96.4467
[11/22 06:10:52 visual_prompt]: Classification results with val_mammo-cbis: top1: 54.88	rocauc: 55.64	
[11/22 06:10:52 visual_prompt]: Training 29 / 100 epoch, with learning rate 45.22542485937369
[11/22 06:18:12 visual_prompt]: Epoch 29 / 100: avg data time: 4.86e+00, avg batch time: 6.2894, average train loss: 128.0840
[11/22 06:19:03 visual_prompt]: Inference (val):avg data time: 3.45e-05, avg batch time: 0.5806, average loss: 263.1504
[11/22 06:19:03 visual_prompt]: Classification results with val_mammo-cbis: top1: 54.88	rocauc: 50.34	
[11/22 06:19:03 visual_prompt]: Training 30 / 100 epoch, with learning rate 44.70026884016804
[11/22 06:26:30 visual_prompt]: Epoch 30 / 100: avg data time: 4.96e+00, avg batch time: 6.3845, average train loss: 124.3856
[11/22 06:27:21 visual_prompt]: Inference (val):avg data time: 3.15e-05, avg batch time: 0.5807, average loss: 35.3219
[11/22 06:27:21 visual_prompt]: Classification results with val_mammo-cbis: top1: 54.47	rocauc: 45.57	
[11/22 06:27:21 visual_prompt]: Stopping early.
[11/22 06:27:21 visual_prompt]: Rank of current process: 0. World size: 1
[11/22 06:27:21 visual_prompt]: Environment info:
-------------------  -------------------------------------------------
Python               3.11.5 (main, Sep 11 2023, 13:54:46) [GCC 11.2.0]
ENV_MODULE           <not set>
PyTorch              2.0.1+cu118
PyTorch Debug Build  False
CUDA available       True
CUDA ID              2
GPU 0                NVIDIA A40
Pillow               9.3.0
cv2                  4.8.0
-------------------  -------------------------------------------------
PyTorch built with:
  - GCC 9.3
  - C++ Version: 201703
  - Intel(R) oneAPI Math Kernel Library Version 2022.2-Product Build 20220804 for Intel(R) 64 architecture applications
  - Intel(R) MKL-DNN v2.7.3 (Git Hash 6dbeffbae1f23cbbeae17adb7b5b13f1f37c080e)
  - OpenMP 201511 (a.k.a. OpenMP 4.5)
  - LAPACK is enabled (usually provided by MKL)
  - NNPACK is enabled
  - CPU capability usage: AVX2
  - CUDA Runtime 11.8
  - NVCC architecture flags: -gencode;arch=compute_37,code=sm_37;-gencode;arch=compute_50,code=sm_50;-gencode;arch=compute_60,code=sm_60;-gencode;arch=compute_70,code=sm_70;-gencode;arch=compute_75,code=sm_75;-gencode;arch=compute_80,code=sm_80;-gencode;arch=compute_86,code=sm_86;-gencode;arch=compute_90,code=sm_90
  - CuDNN 8.7
  - Magma 2.6.1
  - Build settings: BLAS_INFO=mkl, BUILD_TYPE=Release, CUDA_VERSION=11.8, CUDNN_VERSION=8.7.0, CXX_COMPILER=/opt/rh/devtoolset-9/root/usr/bin/c++, CXX_FLAGS= -D_GLIBCXX_USE_CXX11_ABI=0 -fabi-version=11 -Wno-deprecated -fvisibility-inlines-hidden -DUSE_PTHREADPOOL -DNDEBUG -DUSE_KINETO -DLIBKINETO_NOROCTRACER -DUSE_FBGEMM -DUSE_QNNPACK -DUSE_PYTORCH_QNNPACK -DUSE_XNNPACK -DSYMBOLICATE_MOBILE_DEBUG_HANDLE -O2 -fPIC -Wall -Wextra -Werror=return-type -Werror=non-virtual-dtor -Werror=bool-operation -Wnarrowing -Wno-missing-field-initializers -Wno-type-limits -Wno-array-bounds -Wno-unknown-pragmas -Wunused-local-typedefs -Wno-unused-parameter -Wno-unused-function -Wno-unused-result -Wno-strict-overflow -Wno-strict-aliasing -Wno-error=deprecated-declarations -Wno-stringop-overflow -Wno-psabi -Wno-error=pedantic -Wno-error=redundant-decls -Wno-error=old-style-cast -fdiagnostics-color=always -faligned-new -Wno-unused-but-set-variable -Wno-maybe-uninitialized -fno-math-errno -fno-trapping-math -Werror=format -Werror=cast-function-type -Wno-stringop-overflow, LAPACK_INFO=mkl, PERF_WITH_AVX=1, PERF_WITH_AVX2=1, PERF_WITH_AVX512=1, TORCH_DISABLE_GPU_ASSERTS=ON, TORCH_VERSION=2.0.1, USE_CUDA=ON, USE_CUDNN=ON, USE_EXCEPTION_PTR=1, USE_GFLAGS=OFF, USE_GLOG=OFF, USE_MKL=ON, USE_MKLDNN=ON, USE_MPI=OFF, USE_NCCL=1, USE_NNPACK=ON, USE_OPENMP=ON, USE_ROCM=OFF, 

[11/22 06:27:21 visual_prompt]: Command line arguments: Namespace(config_file='visual_prompt_tuning/configs/prompt/cub.yaml', train_type='prompt', opts=['MODEL.TYPE', 'vit', 'DATA.BATCH_SIZE', '32', 'MODEL.PROMPT.NUM_TOKENS', '50', 'MODEL.PROMPT.DEEP', 'True', 'MODEL.PROMPT.DROPOUT', '0.1', 'DATA.FEATURE', 'sup_vitb16_imagenet21k', 'DATA.IMGSIZE', '500', 'DATA.NAME', 'mammo-cbis', 'DATA.NUMBER_CLASSES', '2', 'DATA.CROP', 'False', 'MODEL.MODEL_ROOT', 'visual_prompt_tuning/model_root', 'DATA.DATAPATH', 'visual_prompt_tuning/data_path', 'OUTPUT_DIR', 'visual_prompt_tuning/output_dir', 'SOLVER.PATIENCE', '14', 'SOLVER.CRITERION', 'loss'])
[11/22 06:27:21 visual_prompt]: Contents of args.config_file=visual_prompt_tuning/configs/prompt/cub.yaml:
_BASE_: "../base-prompt.yaml"
RUN_N_TIMES: 1
DATA:
  NAME: "CUB"
  DATAPATH: ""  #TODO: need to specify here
  NUMBER_CLASSES: 200
  MULTILABEL: False
MODEL:
  TYPE: "vit"
SOLVER:
  BASE_LR: 0.1
  WEIGHT_DECAY: 0.01
[11/22 06:27:21 visual_prompt]: Training with config:
[11/22 06:27:21 visual_prompt]: CfgNode({'DBG': False, 'OUTPUT_DIR': 'visual_prompt_tuning/output_dir/mammo-cbis/sup_vitb16_imagenet21k/prompt50/size500/val/seed0/lr50.0_wd0.001/patience14/run1', 'RUN_N_TIMES': 1, 'CUDNN_BENCHMARK': False, 'NUM_GPUS': 1, 'NUM_SHARDS': 1, 'SEED': 0, 'MODEL': CfgNode({'TRANSFER_TYPE': 'prompt', 'WEIGHT_PATH': '', 'SAVE_CKPT': False, 'MODEL_ROOT': 'visual_prompt_tuning/model_root', 'TYPE': 'vit', 'MLP_NUM': 0, 'LINEAR': CfgNode({'MLP_SIZES': [], 'DROPOUT': 0.1}), 'PROMPT': CfgNode({'NUM_TOKENS': 50, 'LOCATION': 'prepend', 'INITIATION': 'random', 'CLSEMB_FOLDER': '', 'CLSEMB_PATH': '', 'PROJECT': -1, 'DEEP': True, 'NUM_DEEP_LAYERS': None, 'REVERSE_DEEP': False, 'DEEP_SHARED': False, 'FORWARD_DEEP_NOEXPAND': False, 'VIT_POOL_TYPE': 'original', 'DROPOUT': 0.1, 'SAVE_FOR_EACH_EPOCH': False}), 'ADAPTER': CfgNode({'REDUCATION_FACTOR': 8, 'STYLE': 'Pfeiffer'})}), 'SOLVER': CfgNode({'LOSS': 'softmax', 'LOSS_ALPHA': 0.01, 'OPTIMIZER': 'sgd', 'MOMENTUM': 0.9, 'WEIGHT_DECAY': 0.001, 'WEIGHT_DECAY_BIAS': 0, 'PATIENCE': 14, 'CRITERION': 'loss', 'SCHEDULER': 'cosine', 'BASE_LR': 50.0, 'BIAS_MULTIPLIER': 1.0, 'WARMUP_EPOCH': 10, 'TOTAL_EPOCH': 100, 'LOG_EVERY_N': 100, 'DBG_TRAINABLE': False}), 'DATA': CfgNode({'NAME': 'mammo-cbis', 'DATAPATH': 'visual_prompt_tuning/data_path', 'FEATURE': 'sup_vitb16_imagenet21k', 'PERCENTAGE': 1.0, 'NUMBER_CLASSES': 2, 'MULTILABEL': False, 'CLASS_WEIGHTS_TYPE': 'none', 'IMGSIZE': 500, 'CROP': False, 'NO_TEST': False, 'BATCH_SIZE': 32, 'NUM_WORKERS': 4, 'PIN_MEMORY': True})})
[11/22 06:27:21 visual_prompt]: Loading training data...
[11/22 06:27:21 visual_prompt]: Constructing mammo-cbis dataset train...
[11/22 06:27:21 visual_prompt]: Loading validation data...
[11/22 06:27:21 visual_prompt]: Constructing mammo-cbis dataset val...
[11/22 06:27:21 visual_prompt]: Constructing models...
[INFO: vit.py:  342]: load_pretrained: resized variant: torch.Size([1, 197, 768]) to torch.Size([1, 962, 768])
load_pretrained: grid-size from 14 to 31
[11/22 06:27:24 visual_prompt]: Total Parameters: 86848514	 Gradient Parameters: 462338
[11/22 06:27:24 visual_prompt]: tuned percent:0.532
[11/22 06:27:24 visual_prompt]: Device used for model: 0
[11/22 06:27:24 visual_prompt]: Setting up Evaluator...
[11/22 06:27:24 visual_prompt]: Setting up Trainer...
[11/22 06:27:24 visual_prompt]: 	Setting up the optimizer...
[11/22 06:27:24 visual_prompt]: Training 1 / 100 epoch, with learning rate 0.0
[11/22 06:34:50 visual_prompt]: Epoch 1 / 100: avg data time: 4.94e+00, avg batch time: 6.3769, average train loss: 1.4863
[11/22 06:35:41 visual_prompt]: Inference (val):avg data time: 3.14e-05, avg batch time: 0.5820, average loss: 1.4553
[11/22 06:35:41 visual_prompt]: Classification results with val_mammo-cbis: top1: 54.88	rocauc: 43.60	
[11/22 06:35:41 visual_prompt]: Training 2 / 100 epoch, with learning rate 5.0
[11/22 06:43:09 visual_prompt]: Epoch 2 / 100: avg data time: 4.96e+00, avg batch time: 6.3942, average train loss: 29.6890
[11/22 06:43:59 visual_prompt]: Inference (val):avg data time: 3.24e-05, avg batch time: 0.5777, average loss: 4.8085
[11/22 06:43:59 visual_prompt]: Classification results with val_mammo-cbis: top1: 54.88	rocauc: 58.82	
[11/22 06:43:59 visual_prompt]: Training 3 / 100 epoch, with learning rate 10.0
[11/22 06:51:24 visual_prompt]: Epoch 3 / 100: avg data time: 4.92e+00, avg batch time: 6.3565, average train loss: 28.3773
[11/22 06:52:15 visual_prompt]: Inference (val):avg data time: 2.93e-05, avg batch time: 0.5810, average loss: 36.1099
[11/22 06:52:15 visual_prompt]: Classification results with val_mammo-cbis: top1: 45.12	rocauc: 56.14	
[11/22 06:52:15 visual_prompt]: Training 4 / 100 epoch, with learning rate 15.0
[11/22 06:59:41 visual_prompt]: Epoch 4 / 100: avg data time: 4.95e+00, avg batch time: 6.3799, average train loss: 28.7815
[11/22 07:00:32 visual_prompt]: Inference (val):avg data time: 3.18e-05, avg batch time: 0.5772, average loss: 28.0690
[11/22 07:00:32 visual_prompt]: Classification results with val_mammo-cbis: top1: 54.88	rocauc: 52.59	
[11/22 07:00:32 visual_prompt]: Training 5 / 100 epoch, with learning rate 20.0
[11/22 07:07:58 visual_prompt]: Epoch 5 / 100: avg data time: 4.93e+00, avg batch time: 6.3642, average train loss: 37.3561
[11/22 07:08:50 visual_prompt]: Inference (val):avg data time: 3.54e-05, avg batch time: 0.5860, average loss: 105.6275
[11/22 07:08:50 visual_prompt]: Classification results with val_mammo-cbis: top1: 54.88	rocauc: 54.50	
[11/22 07:08:50 visual_prompt]: Training 6 / 100 epoch, with learning rate 25.0
[11/22 07:16:25 visual_prompt]: Epoch 6 / 100: avg data time: 5.07e+00, avg batch time: 6.4983, average train loss: 49.8338
[11/22 07:17:16 visual_prompt]: Inference (val):avg data time: 3.04e-05, avg batch time: 0.5812, average loss: 79.5973
[11/22 07:17:16 visual_prompt]: Classification results with val_mammo-cbis: top1: 45.12	rocauc: 41.72	
[11/22 07:17:16 visual_prompt]: Training 7 / 100 epoch, with learning rate 30.0
[11/22 07:24:47 visual_prompt]: Epoch 7 / 100: avg data time: 5.01e+00, avg batch time: 6.4412, average train loss: 76.3471
[11/22 07:25:39 visual_prompt]: Inference (val):avg data time: 3.25e-05, avg batch time: 0.5795, average loss: 59.3471
[11/22 07:25:39 visual_prompt]: Classification results with val_mammo-cbis: top1: 54.88	rocauc: 53.57	
[11/22 07:25:39 visual_prompt]: Training 8 / 100 epoch, with learning rate 35.0
[11/22 07:33:11 visual_prompt]: Epoch 8 / 100: avg data time: 5.03e+00, avg batch time: 6.4630, average train loss: 121.1505
[11/22 07:34:03 visual_prompt]: Inference (val):avg data time: 2.26e-04, avg batch time: 0.5990, average loss: 242.3564
[11/22 07:34:03 visual_prompt]: Classification results with val_mammo-cbis: top1: 54.88	rocauc: 48.41	
[11/22 07:34:03 visual_prompt]: Training 9 / 100 epoch, with learning rate 40.0
[11/22 07:41:33 visual_prompt]: Epoch 9 / 100: avg data time: 5.01e+00, avg batch time: 6.4308, average train loss: 98.8507
[11/22 07:42:24 visual_prompt]: Inference (val):avg data time: 3.11e-05, avg batch time: 0.5808, average loss: 265.9323
[11/22 07:42:24 visual_prompt]: Classification results with val_mammo-cbis: top1: 54.88	rocauc: 46.62	
[11/22 07:42:24 visual_prompt]: Training 10 / 100 epoch, with learning rate 45.0
[11/22 07:49:55 visual_prompt]: Epoch 10 / 100: avg data time: 5.01e+00, avg batch time: 6.4332, average train loss: 108.4417
[11/22 07:50:46 visual_prompt]: Inference (val):avg data time: 3.10e-05, avg batch time: 0.5813, average loss: 25.7128
[11/22 07:50:46 visual_prompt]: Classification results with val_mammo-cbis: top1: 54.88	rocauc: 49.06	
[11/22 07:50:46 visual_prompt]: Training 11 / 100 epoch, with learning rate 50.0
[11/22 07:58:18 visual_prompt]: Epoch 11 / 100: avg data time: 5.03e+00, avg batch time: 6.4607, average train loss: 86.0772
[11/22 07:59:10 visual_prompt]: Inference (val):avg data time: 3.02e-05, avg batch time: 0.5798, average loss: 233.3680
[11/22 07:59:10 visual_prompt]: Classification results with val_mammo-cbis: top1: 54.88	rocauc: 45.84	
[11/22 07:59:10 visual_prompt]: Training 12 / 100 epoch, with learning rate 49.9847706754774
[11/22 08:06:40 visual_prompt]: Epoch 12 / 100: avg data time: 5.00e+00, avg batch time: 6.4257, average train loss: 125.8367
[11/22 08:07:32 visual_prompt]: Inference (val):avg data time: 3.21e-05, avg batch time: 0.5794, average loss: 3.7898
[11/22 08:07:32 visual_prompt]: Classification results with val_mammo-cbis: top1: 45.12	rocauc: 46.28	
[11/22 08:07:32 visual_prompt]: Best epoch 12: best metric: -3.790
[11/22 08:07:32 visual_prompt]: Training 13 / 100 epoch, with learning rate 49.939101256495604
[11/22 08:15:03 visual_prompt]: Epoch 13 / 100: avg data time: 5.02e+00, avg batch time: 6.4499, average train loss: 145.2245
[11/22 08:15:55 visual_prompt]: Inference (val):avg data time: 4.28e-04, avg batch time: 0.5767, average loss: 16.6351
[11/22 08:15:55 visual_prompt]: Classification results with val_mammo-cbis: top1: 54.88	rocauc: 54.75	
[11/22 08:15:55 visual_prompt]: Training 14 / 100 epoch, with learning rate 49.86304738420683
[11/22 08:23:26 visual_prompt]: Epoch 14 / 100: avg data time: 5.02e+00, avg batch time: 6.4499, average train loss: 130.2937
[11/22 08:24:18 visual_prompt]: Inference (val):avg data time: 3.47e-05, avg batch time: 0.5811, average loss: 52.4746
[11/22 08:24:18 visual_prompt]: Classification results with val_mammo-cbis: top1: 54.88	rocauc: 49.90	
[11/22 08:24:18 visual_prompt]: Training 15 / 100 epoch, with learning rate 49.75670171853926
[11/22 08:31:49 visual_prompt]: Epoch 15 / 100: avg data time: 5.01e+00, avg batch time: 6.4415, average train loss: 80.5654
[11/22 08:32:40 visual_prompt]: Inference (val):avg data time: 3.57e-05, avg batch time: 0.5769, average loss: 43.1324
[11/22 08:32:40 visual_prompt]: Classification results with val_mammo-cbis: top1: 54.88	rocauc: 55.08	
[11/22 08:32:40 visual_prompt]: Training 16 / 100 epoch, with learning rate 49.6201938253052
[11/22 08:40:11 visual_prompt]: Epoch 16 / 100: avg data time: 5.01e+00, avg batch time: 6.4347, average train loss: 106.6968
[11/22 08:41:02 visual_prompt]: Inference (val):avg data time: 3.51e-05, avg batch time: 0.5819, average loss: 337.7281
[11/22 08:41:02 visual_prompt]: Classification results with val_mammo-cbis: top1: 45.12	rocauc: 55.76	
[11/22 08:41:02 visual_prompt]: Training 17 / 100 epoch, with learning rate 49.45369001834514
[11/22 08:48:35 visual_prompt]: Epoch 17 / 100: avg data time: 5.03e+00, avg batch time: 6.4619, average train loss: 128.5729
[11/22 08:49:26 visual_prompt]: Inference (val):avg data time: 3.25e-05, avg batch time: 0.5775, average loss: 380.2673
[11/22 08:49:26 visual_prompt]: Classification results with val_mammo-cbis: top1: 54.88	rocauc: 47.12	
[11/22 08:49:26 visual_prompt]: Training 18 / 100 epoch, with learning rate 49.25739315689991
[11/22 08:56:58 visual_prompt]: Epoch 18 / 100: avg data time: 5.01e+00, avg batch time: 6.4453, average train loss: 109.7811
[11/22 08:57:49 visual_prompt]: Inference (val):avg data time: 3.37e-05, avg batch time: 0.5785, average loss: 17.9192
[11/22 08:57:49 visual_prompt]: Classification results with val_mammo-cbis: top1: 54.88	rocauc: 47.66	
[11/22 08:57:49 visual_prompt]: Training 19 / 100 epoch, with learning rate 49.03154239845797
[11/22 09:05:21 visual_prompt]: Epoch 19 / 100: avg data time: 5.02e+00, avg batch time: 6.4507, average train loss: 130.5409
[11/22 09:06:13 visual_prompt]: Inference (val):avg data time: 3.11e-05, avg batch time: 0.5799, average loss: 84.5841
[11/22 09:06:13 visual_prompt]: Classification results with val_mammo-cbis: top1: 54.88	rocauc: 59.71	
[11/22 09:06:13 visual_prompt]: Training 20 / 100 epoch, with learning rate 48.77641290737884
[11/22 09:13:45 visual_prompt]: Epoch 20 / 100: avg data time: 5.03e+00, avg batch time: 6.4658, average train loss: 92.9746
[11/22 09:14:37 visual_prompt]: Inference (val):avg data time: 3.07e-05, avg batch time: 0.5818, average loss: 141.7912
[11/22 09:14:37 visual_prompt]: Classification results with val_mammo-cbis: top1: 45.12	rocauc: 53.49	
[11/22 09:14:37 visual_prompt]: Training 21 / 100 epoch, with learning rate 48.49231551964771
[11/22 09:22:09 visual_prompt]: Epoch 21 / 100: avg data time: 5.04e+00, avg batch time: 6.4625, average train loss: 93.9640
[11/22 09:23:01 visual_prompt]: Inference (val):avg data time: 3.67e-05, avg batch time: 0.5814, average loss: 143.8580
[11/22 09:23:01 visual_prompt]: Classification results with val_mammo-cbis: top1: 54.88	rocauc: 56.35	
[11/22 09:23:01 visual_prompt]: Training 22 / 100 epoch, with learning rate 48.17959636416968
[11/22 09:30:32 visual_prompt]: Epoch 22 / 100: avg data time: 5.02e+00, avg batch time: 6.4522, average train loss: 108.6632
[11/22 09:31:24 visual_prompt]: Inference (val):avg data time: 3.62e-05, avg batch time: 0.5779, average loss: 164.8212
[11/22 09:31:24 visual_prompt]: Classification results with val_mammo-cbis: top1: 54.88	rocauc: 54.19	
[11/22 09:31:24 visual_prompt]: Training 23 / 100 epoch, with learning rate 47.83863644106502
[11/22 09:38:57 visual_prompt]: Epoch 23 / 100: avg data time: 5.04e+00, avg batch time: 6.4689, average train loss: 147.8838
[11/22 09:39:48 visual_prompt]: Inference (val):avg data time: 3.06e-05, avg batch time: 0.5801, average loss: 4.1596
[11/22 09:39:48 visual_prompt]: Classification results with val_mammo-cbis: top1: 54.88	rocauc: 35.92	
[11/22 09:39:48 visual_prompt]: Training 24 / 100 epoch, with learning rate 47.46985115747918
[11/22 09:47:19 visual_prompt]: Epoch 24 / 100: avg data time: 5.01e+00, avg batch time: 6.4378, average train loss: 131.2509
[11/22 09:48:11 visual_prompt]: Inference (val):avg data time: 3.04e-05, avg batch time: 0.5789, average loss: 268.7511
[11/22 09:48:11 visual_prompt]: Classification results with val_mammo-cbis: top1: 54.88	rocauc: 53.99	
[11/22 09:48:11 visual_prompt]: Training 25 / 100 epoch, with learning rate 47.073689821473174
[11/22 09:55:43 visual_prompt]: Epoch 25 / 100: avg data time: 5.04e+00, avg batch time: 6.4604, average train loss: 89.2651
[11/22 09:56:35 visual_prompt]: Inference (val):avg data time: 3.37e-05, avg batch time: 0.5785, average loss: 16.8490
[11/22 09:56:35 visual_prompt]: Classification results with val_mammo-cbis: top1: 45.12	rocauc: 44.50	
[11/22 09:56:35 visual_prompt]: Training 26 / 100 epoch, with learning rate 46.65063509461097
[11/22 10:04:06 visual_prompt]: Epoch 26 / 100: avg data time: 5.01e+00, avg batch time: 6.4392, average train loss: 109.7163
[11/22 10:04:57 visual_prompt]: Inference (val):avg data time: 3.20e-05, avg batch time: 0.5807, average loss: 135.4173
[11/22 10:04:57 visual_prompt]: Classification results with val_mammo-cbis: top1: 54.88	rocauc: 50.60	
[11/22 10:04:57 visual_prompt]: Stopping early.
[11/22 10:04:57 visual_prompt]: Rank of current process: 0. World size: 1
[11/22 10:04:57 visual_prompt]: Environment info:
-------------------  -------------------------------------------------
Python               3.11.5 (main, Sep 11 2023, 13:54:46) [GCC 11.2.0]
ENV_MODULE           <not set>
PyTorch              2.0.1+cu118
PyTorch Debug Build  False
CUDA available       True
CUDA ID              2
GPU 0                NVIDIA A40
Pillow               9.3.0
cv2                  4.8.0
-------------------  -------------------------------------------------
PyTorch built with:
  - GCC 9.3
  - C++ Version: 201703
  - Intel(R) oneAPI Math Kernel Library Version 2022.2-Product Build 20220804 for Intel(R) 64 architecture applications
  - Intel(R) MKL-DNN v2.7.3 (Git Hash 6dbeffbae1f23cbbeae17adb7b5b13f1f37c080e)
  - OpenMP 201511 (a.k.a. OpenMP 4.5)
  - LAPACK is enabled (usually provided by MKL)
  - NNPACK is enabled
  - CPU capability usage: AVX2
  - CUDA Runtime 11.8
  - NVCC architecture flags: -gencode;arch=compute_37,code=sm_37;-gencode;arch=compute_50,code=sm_50;-gencode;arch=compute_60,code=sm_60;-gencode;arch=compute_70,code=sm_70;-gencode;arch=compute_75,code=sm_75;-gencode;arch=compute_80,code=sm_80;-gencode;arch=compute_86,code=sm_86;-gencode;arch=compute_90,code=sm_90
  - CuDNN 8.7
  - Magma 2.6.1
  - Build settings: BLAS_INFO=mkl, BUILD_TYPE=Release, CUDA_VERSION=11.8, CUDNN_VERSION=8.7.0, CXX_COMPILER=/opt/rh/devtoolset-9/root/usr/bin/c++, CXX_FLAGS= -D_GLIBCXX_USE_CXX11_ABI=0 -fabi-version=11 -Wno-deprecated -fvisibility-inlines-hidden -DUSE_PTHREADPOOL -DNDEBUG -DUSE_KINETO -DLIBKINETO_NOROCTRACER -DUSE_FBGEMM -DUSE_QNNPACK -DUSE_PYTORCH_QNNPACK -DUSE_XNNPACK -DSYMBOLICATE_MOBILE_DEBUG_HANDLE -O2 -fPIC -Wall -Wextra -Werror=return-type -Werror=non-virtual-dtor -Werror=bool-operation -Wnarrowing -Wno-missing-field-initializers -Wno-type-limits -Wno-array-bounds -Wno-unknown-pragmas -Wunused-local-typedefs -Wno-unused-parameter -Wno-unused-function -Wno-unused-result -Wno-strict-overflow -Wno-strict-aliasing -Wno-error=deprecated-declarations -Wno-stringop-overflow -Wno-psabi -Wno-error=pedantic -Wno-error=redundant-decls -Wno-error=old-style-cast -fdiagnostics-color=always -faligned-new -Wno-unused-but-set-variable -Wno-maybe-uninitialized -fno-math-errno -fno-trapping-math -Werror=format -Werror=cast-function-type -Wno-stringop-overflow, LAPACK_INFO=mkl, PERF_WITH_AVX=1, PERF_WITH_AVX2=1, PERF_WITH_AVX512=1, TORCH_DISABLE_GPU_ASSERTS=ON, TORCH_VERSION=2.0.1, USE_CUDA=ON, USE_CUDNN=ON, USE_EXCEPTION_PTR=1, USE_GFLAGS=OFF, USE_GLOG=OFF, USE_MKL=ON, USE_MKLDNN=ON, USE_MPI=OFF, USE_NCCL=1, USE_NNPACK=ON, USE_OPENMP=ON, USE_ROCM=OFF, 

[11/22 10:04:57 visual_prompt]: Command line arguments: Namespace(config_file='visual_prompt_tuning/configs/prompt/cub.yaml', train_type='prompt', opts=['MODEL.TYPE', 'vit', 'DATA.BATCH_SIZE', '32', 'MODEL.PROMPT.NUM_TOKENS', '50', 'MODEL.PROMPT.DEEP', 'True', 'MODEL.PROMPT.DROPOUT', '0.1', 'DATA.FEATURE', 'sup_vitb16_imagenet21k', 'DATA.IMGSIZE', '500', 'DATA.NAME', 'mammo-cbis', 'DATA.NUMBER_CLASSES', '2', 'DATA.CROP', 'False', 'MODEL.MODEL_ROOT', 'visual_prompt_tuning/model_root', 'DATA.DATAPATH', 'visual_prompt_tuning/data_path', 'OUTPUT_DIR', 'visual_prompt_tuning/output_dir', 'SOLVER.PATIENCE', '14', 'SOLVER.CRITERION', 'loss'])
[11/22 10:04:57 visual_prompt]: Contents of args.config_file=visual_prompt_tuning/configs/prompt/cub.yaml:
_BASE_: "../base-prompt.yaml"
RUN_N_TIMES: 1
DATA:
  NAME: "CUB"
  DATAPATH: ""  #TODO: need to specify here
  NUMBER_CLASSES: 200
  MULTILABEL: False
MODEL:
  TYPE: "vit"
SOLVER:
  BASE_LR: 0.1
  WEIGHT_DECAY: 0.01
[11/22 10:04:57 visual_prompt]: Training with config:
[11/22 10:04:57 visual_prompt]: CfgNode({'DBG': False, 'OUTPUT_DIR': 'visual_prompt_tuning/output_dir/mammo-cbis/sup_vitb16_imagenet21k/prompt50/size500/val/seed0/lr50.0_wd0.0001/patience14/run1', 'RUN_N_TIMES': 1, 'CUDNN_BENCHMARK': False, 'NUM_GPUS': 1, 'NUM_SHARDS': 1, 'SEED': 0, 'MODEL': CfgNode({'TRANSFER_TYPE': 'prompt', 'WEIGHT_PATH': '', 'SAVE_CKPT': False, 'MODEL_ROOT': 'visual_prompt_tuning/model_root', 'TYPE': 'vit', 'MLP_NUM': 0, 'LINEAR': CfgNode({'MLP_SIZES': [], 'DROPOUT': 0.1}), 'PROMPT': CfgNode({'NUM_TOKENS': 50, 'LOCATION': 'prepend', 'INITIATION': 'random', 'CLSEMB_FOLDER': '', 'CLSEMB_PATH': '', 'PROJECT': -1, 'DEEP': True, 'NUM_DEEP_LAYERS': None, 'REVERSE_DEEP': False, 'DEEP_SHARED': False, 'FORWARD_DEEP_NOEXPAND': False, 'VIT_POOL_TYPE': 'original', 'DROPOUT': 0.1, 'SAVE_FOR_EACH_EPOCH': False}), 'ADAPTER': CfgNode({'REDUCATION_FACTOR': 8, 'STYLE': 'Pfeiffer'})}), 'SOLVER': CfgNode({'LOSS': 'softmax', 'LOSS_ALPHA': 0.01, 'OPTIMIZER': 'sgd', 'MOMENTUM': 0.9, 'WEIGHT_DECAY': 0.0001, 'WEIGHT_DECAY_BIAS': 0, 'PATIENCE': 14, 'CRITERION': 'loss', 'SCHEDULER': 'cosine', 'BASE_LR': 50.0, 'BIAS_MULTIPLIER': 1.0, 'WARMUP_EPOCH': 10, 'TOTAL_EPOCH': 100, 'LOG_EVERY_N': 100, 'DBG_TRAINABLE': False}), 'DATA': CfgNode({'NAME': 'mammo-cbis', 'DATAPATH': 'visual_prompt_tuning/data_path', 'FEATURE': 'sup_vitb16_imagenet21k', 'PERCENTAGE': 1.0, 'NUMBER_CLASSES': 2, 'MULTILABEL': False, 'CLASS_WEIGHTS_TYPE': 'none', 'IMGSIZE': 500, 'CROP': False, 'NO_TEST': False, 'BATCH_SIZE': 32, 'NUM_WORKERS': 4, 'PIN_MEMORY': True})})
[11/22 10:04:57 visual_prompt]: Loading training data...
[11/22 10:04:57 visual_prompt]: Constructing mammo-cbis dataset train...
[11/22 10:04:57 visual_prompt]: Loading validation data...
[11/22 10:04:57 visual_prompt]: Constructing mammo-cbis dataset val...
[11/22 10:04:57 visual_prompt]: Constructing models...
[INFO: vit.py:  342]: load_pretrained: resized variant: torch.Size([1, 197, 768]) to torch.Size([1, 962, 768])
load_pretrained: grid-size from 14 to 31
[11/22 10:05:00 visual_prompt]: Total Parameters: 86848514	 Gradient Parameters: 462338
[11/22 10:05:00 visual_prompt]: tuned percent:0.532
[11/22 10:05:00 visual_prompt]: Device used for model: 0
[11/22 10:05:00 visual_prompt]: Setting up Evaluator...
[11/22 10:05:00 visual_prompt]: Setting up Trainer...
[11/22 10:05:00 visual_prompt]: 	Setting up the optimizer...
[11/22 10:05:00 visual_prompt]: Training 1 / 100 epoch, with learning rate 0.0
[11/22 10:12:35 visual_prompt]: Epoch 1 / 100: avg data time: 5.05e+00, avg batch time: 6.4894, average train loss: 1.4863
[11/22 10:13:26 visual_prompt]: Inference (val):avg data time: 3.17e-05, avg batch time: 0.5828, average loss: 1.4553
[11/22 10:13:26 visual_prompt]: Classification results with val_mammo-cbis: top1: 54.88	rocauc: 43.60	
[11/22 10:13:26 visual_prompt]: Training 2 / 100 epoch, with learning rate 5.0
[11/22 10:21:01 visual_prompt]: Epoch 2 / 100: avg data time: 5.05e+00, avg batch time: 6.4892, average train loss: 20.3780
[11/22 10:21:52 visual_prompt]: Inference (val):avg data time: 3.23e-05, avg batch time: 0.5815, average loss: 5.1255
[11/22 10:21:52 visual_prompt]: Classification results with val_mammo-cbis: top1: 54.88	rocauc: 59.29	
[11/22 10:21:52 visual_prompt]: Training 3 / 100 epoch, with learning rate 10.0
[11/22 10:29:24 visual_prompt]: Epoch 3 / 100: avg data time: 5.02e+00, avg batch time: 6.4534, average train loss: 22.9462
[11/22 10:30:16 visual_prompt]: Inference (val):avg data time: 3.24e-05, avg batch time: 0.5838, average loss: 23.8554
[11/22 10:30:16 visual_prompt]: Classification results with val_mammo-cbis: top1: 45.12	rocauc: 59.59	
[11/22 10:30:16 visual_prompt]: Training 4 / 100 epoch, with learning rate 15.0
[11/22 10:37:49 visual_prompt]: Epoch 4 / 100: avg data time: 5.03e+00, avg batch time: 6.4723, average train loss: 30.8549
[11/22 10:38:40 visual_prompt]: Inference (val):avg data time: 3.05e-05, avg batch time: 0.5843, average loss: 40.9484
[11/22 10:38:40 visual_prompt]: Classification results with val_mammo-cbis: top1: 54.88	rocauc: 49.05	
[11/22 10:38:40 visual_prompt]: Training 5 / 100 epoch, with learning rate 20.0
[11/22 10:46:12 visual_prompt]: Epoch 5 / 100: avg data time: 5.01e+00, avg batch time: 6.4452, average train loss: 39.4185
[11/22 10:47:03 visual_prompt]: Inference (val):avg data time: 2.93e-05, avg batch time: 0.5758, average loss: 25.5446
[11/22 10:47:03 visual_prompt]: Classification results with val_mammo-cbis: top1: 54.88	rocauc: 54.95	
[11/22 10:47:03 visual_prompt]: Training 6 / 100 epoch, with learning rate 25.0
[11/22 10:54:36 visual_prompt]: Epoch 6 / 100: avg data time: 5.04e+00, avg batch time: 6.4655, average train loss: 55.9571
[11/22 10:55:27 visual_prompt]: Inference (val):avg data time: 3.59e-05, avg batch time: 0.5805, average loss: 104.3030
[11/22 10:55:27 visual_prompt]: Classification results with val_mammo-cbis: top1: 45.12	rocauc: 58.10	
[11/22 10:55:27 visual_prompt]: Training 7 / 100 epoch, with learning rate 30.0
[11/22 11:02:59 visual_prompt]: Epoch 7 / 100: avg data time: 5.01e+00, avg batch time: 6.4426, average train loss: 45.2455
[11/22 11:03:50 visual_prompt]: Inference (val):avg data time: 3.17e-05, avg batch time: 0.5808, average loss: 79.2160
[11/22 11:03:50 visual_prompt]: Classification results with val_mammo-cbis: top1: 54.88	rocauc: 55.91	
[11/22 11:03:50 visual_prompt]: Training 8 / 100 epoch, with learning rate 35.0
[11/22 11:11:43 visual_prompt]: Epoch 8 / 100: avg data time: 5.33e+00, avg batch time: 6.7567, average train loss: 65.1711
[11/22 11:12:36 visual_prompt]: Inference (val):avg data time: 3.28e-05, avg batch time: 0.5784, average loss: 14.0736
[11/22 11:12:36 visual_prompt]: Classification results with val_mammo-cbis: top1: 45.12	rocauc: 45.57	
[11/22 11:12:36 visual_prompt]: Training 9 / 100 epoch, with learning rate 40.0
[11/22 11:20:04 visual_prompt]: Epoch 9 / 100: avg data time: 4.98e+00, avg batch time: 6.4060, average train loss: 54.6180
[11/22 11:20:56 visual_prompt]: Inference (val):avg data time: 3.23e-05, avg batch time: 0.5774, average loss: 82.0216
[11/22 11:20:56 visual_prompt]: Classification results with val_mammo-cbis: top1: 54.88	rocauc: 56.68	
[11/22 11:20:56 visual_prompt]: Training 10 / 100 epoch, with learning rate 45.0
[11/22 11:28:24 visual_prompt]: Epoch 10 / 100: avg data time: 4.97e+00, avg batch time: 6.4006, average train loss: 86.8197
[11/22 11:29:15 visual_prompt]: Inference (val):avg data time: 3.26e-05, avg batch time: 0.5804, average loss: 59.5717
[11/22 11:29:15 visual_prompt]: Classification results with val_mammo-cbis: top1: 45.12	rocauc: 44.88	
[11/22 11:29:15 visual_prompt]: Training 11 / 100 epoch, with learning rate 50.0
[11/22 11:36:44 visual_prompt]: Epoch 11 / 100: avg data time: 4.98e+00, avg batch time: 6.4132, average train loss: 96.6974
[11/22 11:37:36 visual_prompt]: Inference (val):avg data time: 3.27e-05, avg batch time: 0.5820, average loss: 84.8839
[11/22 11:37:36 visual_prompt]: Classification results with val_mammo-cbis: top1: 54.88	rocauc: 51.14	
[11/22 11:37:36 visual_prompt]: Training 12 / 100 epoch, with learning rate 49.9847706754774
[11/22 11:45:04 visual_prompt]: Epoch 12 / 100: avg data time: 4.98e+00, avg batch time: 6.4018, average train loss: 110.2374
[11/22 11:45:55 visual_prompt]: Inference (val):avg data time: 3.41e-05, avg batch time: 0.5797, average loss: 40.7016
[11/22 11:45:55 visual_prompt]: Classification results with val_mammo-cbis: top1: 45.12	rocauc: 45.03	
[11/22 11:45:55 visual_prompt]: Best epoch 12: best metric: -40.702
[11/22 11:45:55 visual_prompt]: Training 13 / 100 epoch, with learning rate 49.939101256495604
[11/22 11:53:24 visual_prompt]: Epoch 13 / 100: avg data time: 4.99e+00, avg batch time: 6.4065, average train loss: 82.8512
[11/22 11:54:15 visual_prompt]: Inference (val):avg data time: 3.07e-05, avg batch time: 0.5792, average loss: 42.2964
[11/22 11:54:15 visual_prompt]: Classification results with val_mammo-cbis: top1: 54.88	rocauc: 50.54	
[11/22 11:54:15 visual_prompt]: Training 14 / 100 epoch, with learning rate 49.86304738420683
[11/22 12:01:45 visual_prompt]: Epoch 14 / 100: avg data time: 5.00e+00, avg batch time: 6.4216, average train loss: 186.6293
[11/22 12:02:36 visual_prompt]: Inference (val):avg data time: 3.34e-05, avg batch time: 0.5807, average loss: 151.4444
[11/22 12:02:36 visual_prompt]: Classification results with val_mammo-cbis: top1: 54.88	rocauc: 55.88	
[11/22 12:02:36 visual_prompt]: Training 15 / 100 epoch, with learning rate 49.75670171853926
[11/22 12:10:05 visual_prompt]: Epoch 15 / 100: avg data time: 4.99e+00, avg batch time: 6.4158, average train loss: 126.1228
[11/22 12:10:57 visual_prompt]: Inference (val):avg data time: 3.27e-05, avg batch time: 0.5810, average loss: 54.1846
[11/22 12:10:57 visual_prompt]: Classification results with val_mammo-cbis: top1: 54.88	rocauc: 43.20	
[11/22 12:10:57 visual_prompt]: Training 16 / 100 epoch, with learning rate 49.6201938253052
[11/22 12:18:27 visual_prompt]: Epoch 16 / 100: avg data time: 5.00e+00, avg batch time: 6.4274, average train loss: 77.2475
[11/22 12:19:18 visual_prompt]: Inference (val):avg data time: 3.07e-05, avg batch time: 0.5821, average loss: 147.1842
[11/22 12:19:18 visual_prompt]: Classification results with val_mammo-cbis: top1: 54.88	rocauc: 48.70	
[11/22 12:19:18 visual_prompt]: Training 17 / 100 epoch, with learning rate 49.45369001834514
[11/22 12:26:49 visual_prompt]: Epoch 17 / 100: avg data time: 5.00e+00, avg batch time: 6.4312, average train loss: 69.4608
[11/22 12:27:40 visual_prompt]: Inference (val):avg data time: 3.00e-05, avg batch time: 0.5807, average loss: 224.6104
[11/22 12:27:40 visual_prompt]: Classification results with val_mammo-cbis: top1: 54.88	rocauc: 48.21	
[11/22 12:27:40 visual_prompt]: Training 18 / 100 epoch, with learning rate 49.25739315689991
[11/22 12:35:09 visual_prompt]: Epoch 18 / 100: avg data time: 5.00e+00, avg batch time: 6.4201, average train loss: 107.6016
[11/22 12:36:01 visual_prompt]: Inference (val):avg data time: 3.30e-05, avg batch time: 0.5761, average loss: 28.3802
[11/22 12:36:01 visual_prompt]: Classification results with val_mammo-cbis: top1: 54.88	rocauc: 53.00	
[11/22 12:36:01 visual_prompt]: Best epoch 18: best metric: -28.380
[11/22 12:36:01 visual_prompt]: Training 19 / 100 epoch, with learning rate 49.03154239845797
[11/22 12:43:30 visual_prompt]: Epoch 19 / 100: avg data time: 4.99e+00, avg batch time: 6.4153, average train loss: 73.0924
[11/22 12:44:21 visual_prompt]: Inference (val):avg data time: 3.35e-05, avg batch time: 0.5791, average loss: 5.8467
[11/22 12:44:21 visual_prompt]: Classification results with val_mammo-cbis: top1: 45.12	rocauc: 48.44	
[11/22 12:44:21 visual_prompt]: Best epoch 19: best metric: -5.847
[11/22 12:44:21 visual_prompt]: Training 20 / 100 epoch, with learning rate 48.77641290737884
[11/22 12:51:52 visual_prompt]: Epoch 20 / 100: avg data time: 5.01e+00, avg batch time: 6.4408, average train loss: 92.2818
[11/22 12:52:44 visual_prompt]: Inference (val):avg data time: 3.30e-05, avg batch time: 0.5809, average loss: 147.1998
[11/22 12:52:44 visual_prompt]: Classification results with val_mammo-cbis: top1: 45.12	rocauc: 52.43	
[11/22 12:52:44 visual_prompt]: Training 21 / 100 epoch, with learning rate 48.49231551964771
[11/22 13:00:16 visual_prompt]: Epoch 21 / 100: avg data time: 5.03e+00, avg batch time: 6.4539, average train loss: 113.5255
[11/22 13:01:07 visual_prompt]: Inference (val):avg data time: 3.40e-05, avg batch time: 0.5840, average loss: 59.1547
[11/22 13:01:07 visual_prompt]: Classification results with val_mammo-cbis: top1: 54.88	rocauc: 56.86	
[11/22 13:01:07 visual_prompt]: Training 22 / 100 epoch, with learning rate 48.17959636416968
[11/22 13:08:38 visual_prompt]: Epoch 22 / 100: avg data time: 5.01e+00, avg batch time: 6.4362, average train loss: 91.3612
[11/22 13:09:30 visual_prompt]: Inference (val):avg data time: 3.35e-05, avg batch time: 0.5839, average loss: 10.5461
[11/22 13:09:30 visual_prompt]: Classification results with val_mammo-cbis: top1: 45.12	rocauc: 54.10	
[11/22 13:09:30 visual_prompt]: Training 23 / 100 epoch, with learning rate 47.83863644106502
[11/22 13:17:02 visual_prompt]: Epoch 23 / 100: avg data time: 5.04e+00, avg batch time: 6.4649, average train loss: 133.1470
[11/22 13:17:54 visual_prompt]: Inference (val):avg data time: 3.17e-05, avg batch time: 0.5800, average loss: 85.4615
[11/22 13:17:54 visual_prompt]: Classification results with val_mammo-cbis: top1: 45.12	rocauc: 51.47	
[11/22 13:17:54 visual_prompt]: Training 24 / 100 epoch, with learning rate 47.46985115747918
[11/22 13:25:24 visual_prompt]: Epoch 24 / 100: avg data time: 5.01e+00, avg batch time: 6.4300, average train loss: 80.1999
[11/22 13:26:15 visual_prompt]: Inference (val):avg data time: 3.01e-05, avg batch time: 0.5810, average loss: 3.8078
[11/22 13:26:15 visual_prompt]: Classification results with val_mammo-cbis: top1: 54.88	rocauc: 46.12	
[11/22 13:26:15 visual_prompt]: Best epoch 24: best metric: -3.808
[11/22 13:26:15 visual_prompt]: Training 25 / 100 epoch, with learning rate 47.073689821473174
[11/22 13:33:47 visual_prompt]: Epoch 25 / 100: avg data time: 5.02e+00, avg batch time: 6.4491, average train loss: 122.6318
[11/22 13:34:38 visual_prompt]: Inference (val):avg data time: 3.17e-05, avg batch time: 0.5826, average loss: 156.8054
[11/22 13:34:38 visual_prompt]: Classification results with val_mammo-cbis: top1: 54.88	rocauc: 57.67	
[11/22 13:34:38 visual_prompt]: Training 26 / 100 epoch, with learning rate 46.65063509461097
[11/22 13:42:09 visual_prompt]: Epoch 26 / 100: avg data time: 5.01e+00, avg batch time: 6.4325, average train loss: 93.7701
[11/22 13:43:00 visual_prompt]: Inference (val):avg data time: 3.35e-05, avg batch time: 0.5818, average loss: 10.4415
[11/22 13:43:00 visual_prompt]: Classification results with val_mammo-cbis: top1: 54.88	rocauc: 48.47	
[11/22 13:43:00 visual_prompt]: Training 27 / 100 epoch, with learning rate 46.20120240391065
[11/22 13:50:30 visual_prompt]: Epoch 27 / 100: avg data time: 5.00e+00, avg batch time: 6.4225, average train loss: 93.0354
[11/22 13:51:22 visual_prompt]: Inference (val):avg data time: 3.61e-05, avg batch time: 0.5847, average loss: 173.7292
[11/22 13:51:22 visual_prompt]: Classification results with val_mammo-cbis: top1: 54.88	rocauc: 46.06	
[11/22 13:51:22 visual_prompt]: Training 28 / 100 epoch, with learning rate 45.72593931387604
[11/22 13:58:54 visual_prompt]: Epoch 28 / 100: avg data time: 5.03e+00, avg batch time: 6.4656, average train loss: 98.3128
[11/22 13:59:46 visual_prompt]: Inference (val):avg data time: 3.41e-05, avg batch time: 0.5796, average loss: 115.2049
[11/22 13:59:46 visual_prompt]: Classification results with val_mammo-cbis: top1: 54.88	rocauc: 47.74	
[11/22 13:59:46 visual_prompt]: Training 29 / 100 epoch, with learning rate 45.22542485937369
[11/22 14:07:15 visual_prompt]: Epoch 29 / 100: avg data time: 5.00e+00, avg batch time: 6.4216, average train loss: 92.3197
[11/22 14:08:07 visual_prompt]: Inference (val):avg data time: 3.40e-05, avg batch time: 0.5801, average loss: 208.0735
[11/22 14:08:07 visual_prompt]: Classification results with val_mammo-cbis: top1: 54.88	rocauc: 55.10	
[11/22 14:08:07 visual_prompt]: Training 30 / 100 epoch, with learning rate 44.70026884016804
[11/22 14:15:38 visual_prompt]: Epoch 30 / 100: avg data time: 5.01e+00, avg batch time: 6.4364, average train loss: 117.8638
[11/22 14:16:29 visual_prompt]: Inference (val):avg data time: 3.62e-05, avg batch time: 0.5774, average loss: 151.8972
[11/22 14:16:29 visual_prompt]: Classification results with val_mammo-cbis: top1: 45.12	rocauc: 46.73	
[11/22 14:16:29 visual_prompt]: Training 31 / 100 epoch, with learning rate 44.15111107797445
[11/22 14:23:58 visual_prompt]: Epoch 31 / 100: avg data time: 4.99e+00, avg batch time: 6.4118, average train loss: 136.5047
[11/22 14:24:50 visual_prompt]: Inference (val):avg data time: 3.41e-05, avg batch time: 0.5857, average loss: 18.3430
[11/22 14:24:50 visual_prompt]: Classification results with val_mammo-cbis: top1: 54.88	rocauc: 48.27	
[11/22 14:24:50 visual_prompt]: Training 32 / 100 epoch, with learning rate 43.57862063693486
[11/22 14:32:21 visual_prompt]: Epoch 32 / 100: avg data time: 5.02e+00, avg batch time: 6.4433, average train loss: 64.2359
[11/22 14:33:12 visual_prompt]: Inference (val):avg data time: 3.33e-05, avg batch time: 0.5799, average loss: 106.8584
[11/22 14:33:12 visual_prompt]: Classification results with val_mammo-cbis: top1: 45.12	rocauc: 53.53	
[11/22 14:33:12 visual_prompt]: Training 33 / 100 epoch, with learning rate 42.98349500846628
[11/22 14:40:43 visual_prompt]: Epoch 33 / 100: avg data time: 5.01e+00, avg batch time: 6.4375, average train loss: 94.7470
[11/22 14:41:34 visual_prompt]: Inference (val):avg data time: 3.34e-05, avg batch time: 0.5824, average loss: 178.2198
[11/22 14:41:34 visual_prompt]: Classification results with val_mammo-cbis: top1: 54.88	rocauc: 51.42	
[11/22 14:41:34 visual_prompt]: Training 34 / 100 epoch, with learning rate 42.36645926147493
[11/22 14:49:04 visual_prompt]: Epoch 34 / 100: avg data time: 4.99e+00, avg batch time: 6.4184, average train loss: 105.6765
[11/22 14:49:55 visual_prompt]: Inference (val):avg data time: 3.34e-05, avg batch time: 0.5765, average loss: 11.9395
[11/22 14:49:55 visual_prompt]: Classification results with val_mammo-cbis: top1: 54.88	rocauc: 52.11	
[11/22 14:49:55 visual_prompt]: Training 35 / 100 epoch, with learning rate 41.72826515897145
[11/22 14:57:25 visual_prompt]: Epoch 35 / 100: avg data time: 5.00e+00, avg batch time: 6.4233, average train loss: 119.8641
[11/22 14:58:17 visual_prompt]: Inference (val):avg data time: 3.16e-05, avg batch time: 0.5812, average loss: 197.5336
[11/22 14:58:17 visual_prompt]: Classification results with val_mammo-cbis: top1: 54.88	rocauc: 62.46	
[11/22 14:58:17 visual_prompt]: Training 36 / 100 epoch, with learning rate 41.06969024216348
[11/22 15:05:48 visual_prompt]: Epoch 36 / 100: avg data time: 5.03e+00, avg batch time: 6.4500, average train loss: 78.3067
[11/22 15:06:40 visual_prompt]: Inference (val):avg data time: 3.35e-05, avg batch time: 0.5836, average loss: 3.5021
[11/22 15:06:40 visual_prompt]: Classification results with val_mammo-cbis: top1: 44.31	rocauc: 46.27	
[11/22 15:06:40 visual_prompt]: Best epoch 36: best metric: -3.502
[11/22 15:06:40 visual_prompt]: Training 37 / 100 epoch, with learning rate 40.391536883141455
[11/22 15:14:10 visual_prompt]: Epoch 37 / 100: avg data time: 5.01e+00, avg batch time: 6.4340, average train loss: 75.9535
[11/22 15:15:02 visual_prompt]: Inference (val):avg data time: 3.56e-05, avg batch time: 0.5829, average loss: 67.3251
[11/22 15:15:02 visual_prompt]: Classification results with val_mammo-cbis: top1: 54.88	rocauc: 57.24	
[11/22 15:15:02 visual_prompt]: Training 38 / 100 epoch, with learning rate 39.69463130731183
[11/22 15:22:32 visual_prompt]: Epoch 38 / 100: avg data time: 5.01e+00, avg batch time: 6.4379, average train loss: 48.9238
[11/22 15:23:24 visual_prompt]: Inference (val):avg data time: 3.04e-05, avg batch time: 0.5792, average loss: 80.9727
[11/22 15:23:24 visual_prompt]: Classification results with val_mammo-cbis: top1: 45.12	rocauc: 52.82	
[11/22 15:23:24 visual_prompt]: Training 39 / 100 epoch, with learning rate 38.97982258676867
[11/22 15:30:55 visual_prompt]: Epoch 39 / 100: avg data time: 5.01e+00, avg batch time: 6.4383, average train loss: 88.0498
[11/22 15:31:46 visual_prompt]: Inference (val):avg data time: 3.38e-05, avg batch time: 0.5789, average loss: 72.4487
[11/22 15:31:46 visual_prompt]: Classification results with val_mammo-cbis: top1: 45.12	rocauc: 44.85	
[11/22 15:31:46 visual_prompt]: Training 40 / 100 epoch, with learning rate 38.24798160583012
[11/22 15:39:16 visual_prompt]: Epoch 40 / 100: avg data time: 5.00e+00, avg batch time: 6.4276, average train loss: 58.7556
[11/22 15:40:07 visual_prompt]: Inference (val):avg data time: 3.48e-05, avg batch time: 0.5788, average loss: 11.0629
[11/22 15:40:07 visual_prompt]: Classification results with val_mammo-cbis: top1: 45.12	rocauc: 51.60	
[11/22 15:40:07 visual_prompt]: Training 41 / 100 epoch, with learning rate 37.5
[11/22 15:47:38 visual_prompt]: Epoch 41 / 100: avg data time: 5.00e+00, avg batch time: 6.4313, average train loss: 50.7774
[11/22 15:48:29 visual_prompt]: Inference (val):avg data time: 3.23e-05, avg batch time: 0.5785, average loss: 67.7956
[11/22 15:48:29 visual_prompt]: Classification results with val_mammo-cbis: top1: 54.88	rocauc: 51.24	
[11/22 15:48:29 visual_prompt]: Training 42 / 100 epoch, with learning rate 36.736789069647266
[11/22 15:55:59 visual_prompt]: Epoch 42 / 100: avg data time: 5.00e+00, avg batch time: 6.4207, average train loss: 83.1322
[11/22 15:56:50 visual_prompt]: Inference (val):avg data time: 3.34e-05, avg batch time: 0.5795, average loss: 175.8947
[11/22 15:56:50 visual_prompt]: Classification results with val_mammo-cbis: top1: 45.12	rocauc: 44.14	
[11/22 15:56:50 visual_prompt]: Training 43 / 100 epoch, with learning rate 35.959278669726935
[11/22 16:04:22 visual_prompt]: Epoch 43 / 100: avg data time: 5.03e+00, avg batch time: 6.4618, average train loss: 83.4012
[11/22 16:05:14 visual_prompt]: Inference (val):avg data time: 3.44e-05, avg batch time: 0.5827, average loss: 187.2698
[11/22 16:05:14 visual_prompt]: Classification results with val_mammo-cbis: top1: 45.12	rocauc: 48.43	
[11/22 16:05:14 visual_prompt]: Training 44 / 100 epoch, with learning rate 35.16841607689501
[11/22 16:12:46 visual_prompt]: Epoch 44 / 100: avg data time: 5.02e+00, avg batch time: 6.4511, average train loss: 70.3138
[11/22 16:13:37 visual_prompt]: Inference (val):avg data time: 3.17e-05, avg batch time: 0.5775, average loss: 100.1013
[11/22 16:13:37 visual_prompt]: Classification results with val_mammo-cbis: top1: 54.88	rocauc: 45.89	
[11/22 16:13:37 visual_prompt]: Training 45 / 100 epoch, with learning rate 34.365164835397806
[11/22 16:21:08 visual_prompt]: Epoch 45 / 100: avg data time: 5.02e+00, avg batch time: 6.4409, average train loss: 63.3193
[11/22 16:22:00 visual_prompt]: Inference (val):avg data time: 3.42e-05, avg batch time: 0.5829, average loss: 5.9979
[11/22 16:22:00 visual_prompt]: Classification results with val_mammo-cbis: top1: 54.88	rocauc: 50.27	
[11/22 16:22:00 visual_prompt]: Training 46 / 100 epoch, with learning rate 33.55050358314172
[11/22 16:29:30 visual_prompt]: Epoch 46 / 100: avg data time: 5.00e+00, avg batch time: 6.4316, average train loss: 57.3201
[11/22 16:30:21 visual_prompt]: Inference (val):avg data time: 3.07e-05, avg batch time: 0.5808, average loss: 44.7624
[11/22 16:30:21 visual_prompt]: Classification results with val_mammo-cbis: top1: 45.12	rocauc: 42.64	
[11/22 16:30:21 visual_prompt]: Training 47 / 100 epoch, with learning rate 32.72542485937369
[11/22 16:37:52 visual_prompt]: Epoch 47 / 100: avg data time: 5.01e+00, avg batch time: 6.4399, average train loss: 57.2510
[11/22 16:38:44 visual_prompt]: Inference (val):avg data time: 3.28e-05, avg batch time: 0.5837, average loss: 8.4430
[11/22 16:38:44 visual_prompt]: Classification results with val_mammo-cbis: top1: 54.88	rocauc: 60.11	
[11/22 16:38:44 visual_prompt]: Training 48 / 100 epoch, with learning rate 31.89093389542498
[11/22 16:46:15 visual_prompt]: Epoch 48 / 100: avg data time: 5.02e+00, avg batch time: 6.4484, average train loss: 52.1243
[11/22 16:47:07 visual_prompt]: Inference (val):avg data time: 3.56e-05, avg batch time: 0.5810, average loss: 52.3113
[11/22 16:47:07 visual_prompt]: Classification results with val_mammo-cbis: top1: 54.88	rocauc: 46.63	
[11/22 16:47:07 visual_prompt]: Training 49 / 100 epoch, with learning rate 31.04804738999169
[11/22 16:54:38 visual_prompt]: Epoch 49 / 100: avg data time: 5.01e+00, avg batch time: 6.4430, average train loss: 42.0767
[11/22 16:55:29 visual_prompt]: Inference (val):avg data time: 3.35e-05, avg batch time: 0.5819, average loss: 38.1934
[11/22 16:55:29 visual_prompt]: Classification results with val_mammo-cbis: top1: 54.88	rocauc: 52.29	
[11/22 16:55:29 visual_prompt]: Training 50 / 100 epoch, with learning rate 30.19779227044398
[11/22 17:03:19 visual_prompt]: Epoch 50 / 100: avg data time: 5.29e+00, avg batch time: 6.7135, average train loss: 97.6234
[11/22 17:04:13 visual_prompt]: Inference (val):avg data time: 3.50e-05, avg batch time: 0.5776, average loss: 148.9838
[11/22 17:04:13 visual_prompt]: Classification results with val_mammo-cbis: top1: 54.88	rocauc: 51.77	
[11/22 17:04:13 visual_prompt]: Stopping early.
[11/22 17:04:15 visual_prompt]: Rank of current process: 0. World size: 1
[11/22 17:04:15 visual_prompt]: Environment info:
-------------------  -------------------------------------------------
Python               3.11.5 (main, Sep 11 2023, 13:54:46) [GCC 11.2.0]
ENV_MODULE           <not set>
PyTorch              2.0.1+cu118
PyTorch Debug Build  False
CUDA available       True
CUDA ID              2
GPU 0                NVIDIA A40
Pillow               9.3.0
cv2                  4.8.0
-------------------  -------------------------------------------------
PyTorch built with:
  - GCC 9.3
  - C++ Version: 201703
  - Intel(R) oneAPI Math Kernel Library Version 2022.2-Product Build 20220804 for Intel(R) 64 architecture applications
  - Intel(R) MKL-DNN v2.7.3 (Git Hash 6dbeffbae1f23cbbeae17adb7b5b13f1f37c080e)
  - OpenMP 201511 (a.k.a. OpenMP 4.5)
  - LAPACK is enabled (usually provided by MKL)
  - NNPACK is enabled
  - CPU capability usage: AVX2
  - CUDA Runtime 11.8
  - NVCC architecture flags: -gencode;arch=compute_37,code=sm_37;-gencode;arch=compute_50,code=sm_50;-gencode;arch=compute_60,code=sm_60;-gencode;arch=compute_70,code=sm_70;-gencode;arch=compute_75,code=sm_75;-gencode;arch=compute_80,code=sm_80;-gencode;arch=compute_86,code=sm_86;-gencode;arch=compute_90,code=sm_90
  - CuDNN 8.7
  - Magma 2.6.1
  - Build settings: BLAS_INFO=mkl, BUILD_TYPE=Release, CUDA_VERSION=11.8, CUDNN_VERSION=8.7.0, CXX_COMPILER=/opt/rh/devtoolset-9/root/usr/bin/c++, CXX_FLAGS= -D_GLIBCXX_USE_CXX11_ABI=0 -fabi-version=11 -Wno-deprecated -fvisibility-inlines-hidden -DUSE_PTHREADPOOL -DNDEBUG -DUSE_KINETO -DLIBKINETO_NOROCTRACER -DUSE_FBGEMM -DUSE_QNNPACK -DUSE_PYTORCH_QNNPACK -DUSE_XNNPACK -DSYMBOLICATE_MOBILE_DEBUG_HANDLE -O2 -fPIC -Wall -Wextra -Werror=return-type -Werror=non-virtual-dtor -Werror=bool-operation -Wnarrowing -Wno-missing-field-initializers -Wno-type-limits -Wno-array-bounds -Wno-unknown-pragmas -Wunused-local-typedefs -Wno-unused-parameter -Wno-unused-function -Wno-unused-result -Wno-strict-overflow -Wno-strict-aliasing -Wno-error=deprecated-declarations -Wno-stringop-overflow -Wno-psabi -Wno-error=pedantic -Wno-error=redundant-decls -Wno-error=old-style-cast -fdiagnostics-color=always -faligned-new -Wno-unused-but-set-variable -Wno-maybe-uninitialized -fno-math-errno -fno-trapping-math -Werror=format -Werror=cast-function-type -Wno-stringop-overflow, LAPACK_INFO=mkl, PERF_WITH_AVX=1, PERF_WITH_AVX2=1, PERF_WITH_AVX512=1, TORCH_DISABLE_GPU_ASSERTS=ON, TORCH_VERSION=2.0.1, USE_CUDA=ON, USE_CUDNN=ON, USE_EXCEPTION_PTR=1, USE_GFLAGS=OFF, USE_GLOG=OFF, USE_MKL=ON, USE_MKLDNN=ON, USE_MPI=OFF, USE_NCCL=1, USE_NNPACK=ON, USE_OPENMP=ON, USE_ROCM=OFF, 

[11/22 17:04:15 visual_prompt]: Command line arguments: Namespace(config_file='visual_prompt_tuning/configs/prompt/cub.yaml', train_type='prompt', opts=['MODEL.TYPE', 'vit', 'DATA.BATCH_SIZE', '32', 'MODEL.PROMPT.NUM_TOKENS', '50', 'MODEL.PROMPT.DEEP', 'True', 'MODEL.PROMPT.DROPOUT', '0.1', 'DATA.FEATURE', 'sup_vitb16_imagenet21k', 'DATA.IMGSIZE', '500', 'DATA.NAME', 'mammo-cbis', 'DATA.NUMBER_CLASSES', '2', 'DATA.CROP', 'False', 'MODEL.MODEL_ROOT', 'visual_prompt_tuning/model_root', 'DATA.DATAPATH', 'visual_prompt_tuning/data_path', 'OUTPUT_DIR', 'visual_prompt_tuning/output_dir', 'SOLVER.PATIENCE', '14', 'SOLVER.CRITERION', 'loss'])
[11/22 17:04:15 visual_prompt]: Contents of args.config_file=visual_prompt_tuning/configs/prompt/cub.yaml:
_BASE_: "../base-prompt.yaml"
RUN_N_TIMES: 1
DATA:
  NAME: "CUB"
  DATAPATH: ""  #TODO: need to specify here
  NUMBER_CLASSES: 200
  MULTILABEL: False
MODEL:
  TYPE: "vit"
SOLVER:
  BASE_LR: 0.1
  WEIGHT_DECAY: 0.01
[11/22 17:04:15 visual_prompt]: Training with config:
[11/22 17:04:15 visual_prompt]: CfgNode({'DBG': False, 'OUTPUT_DIR': 'visual_prompt_tuning/output_dir/mammo-cbis/sup_vitb16_imagenet21k/prompt50/size500/val/seed0/lr50.0_wd0.0/patience14/run1', 'RUN_N_TIMES': 1, 'CUDNN_BENCHMARK': False, 'NUM_GPUS': 1, 'NUM_SHARDS': 1, 'SEED': 0, 'MODEL': CfgNode({'TRANSFER_TYPE': 'prompt', 'WEIGHT_PATH': '', 'SAVE_CKPT': False, 'MODEL_ROOT': 'visual_prompt_tuning/model_root', 'TYPE': 'vit', 'MLP_NUM': 0, 'LINEAR': CfgNode({'MLP_SIZES': [], 'DROPOUT': 0.1}), 'PROMPT': CfgNode({'NUM_TOKENS': 50, 'LOCATION': 'prepend', 'INITIATION': 'random', 'CLSEMB_FOLDER': '', 'CLSEMB_PATH': '', 'PROJECT': -1, 'DEEP': True, 'NUM_DEEP_LAYERS': None, 'REVERSE_DEEP': False, 'DEEP_SHARED': False, 'FORWARD_DEEP_NOEXPAND': False, 'VIT_POOL_TYPE': 'original', 'DROPOUT': 0.1, 'SAVE_FOR_EACH_EPOCH': False}), 'ADAPTER': CfgNode({'REDUCATION_FACTOR': 8, 'STYLE': 'Pfeiffer'})}), 'SOLVER': CfgNode({'LOSS': 'softmax', 'LOSS_ALPHA': 0.01, 'OPTIMIZER': 'sgd', 'MOMENTUM': 0.9, 'WEIGHT_DECAY': 0.0, 'WEIGHT_DECAY_BIAS': 0, 'PATIENCE': 14, 'CRITERION': 'loss', 'SCHEDULER': 'cosine', 'BASE_LR': 50.0, 'BIAS_MULTIPLIER': 1.0, 'WARMUP_EPOCH': 10, 'TOTAL_EPOCH': 100, 'LOG_EVERY_N': 100, 'DBG_TRAINABLE': False}), 'DATA': CfgNode({'NAME': 'mammo-cbis', 'DATAPATH': 'visual_prompt_tuning/data_path', 'FEATURE': 'sup_vitb16_imagenet21k', 'PERCENTAGE': 1.0, 'NUMBER_CLASSES': 2, 'MULTILABEL': False, 'CLASS_WEIGHTS_TYPE': 'none', 'IMGSIZE': 500, 'CROP': False, 'NO_TEST': False, 'BATCH_SIZE': 32, 'NUM_WORKERS': 4, 'PIN_MEMORY': True})})
[11/22 17:04:15 visual_prompt]: Loading training data...
[11/22 17:04:15 visual_prompt]: Constructing mammo-cbis dataset train...
[11/22 17:04:15 visual_prompt]: Loading validation data...
[11/22 17:04:15 visual_prompt]: Constructing mammo-cbis dataset val...
[11/22 17:04:15 visual_prompt]: Constructing models...
[INFO: vit.py:  342]: load_pretrained: resized variant: torch.Size([1, 197, 768]) to torch.Size([1, 962, 768])
load_pretrained: grid-size from 14 to 31
[11/22 17:04:18 visual_prompt]: Total Parameters: 86848514	 Gradient Parameters: 462338
[11/22 17:04:18 visual_prompt]: tuned percent:0.532
[11/22 17:04:18 visual_prompt]: Device used for model: 0
[11/22 17:04:18 visual_prompt]: Setting up Evaluator...
[11/22 17:04:18 visual_prompt]: Setting up Trainer...
[11/22 17:04:18 visual_prompt]: 	Setting up the optimizer...
[11/22 17:04:18 visual_prompt]: Training 1 / 100 epoch, with learning rate 0.0
[11/22 17:11:57 visual_prompt]: Epoch 1 / 100: avg data time: 5.12e+00, avg batch time: 6.5537, average train loss: 1.4863
[11/22 17:12:49 visual_prompt]: Inference (val):avg data time: 3.70e-05, avg batch time: 0.5780, average loss: 1.4553
[11/22 17:12:49 visual_prompt]: Classification results with val_mammo-cbis: top1: 54.88	rocauc: 43.60	
[11/22 17:12:49 visual_prompt]: Training 2 / 100 epoch, with learning rate 5.0
[11/22 17:20:19 visual_prompt]: Epoch 2 / 100: avg data time: 5.00e+00, avg batch time: 6.4324, average train loss: 18.7267
[11/22 17:21:11 visual_prompt]: Inference (val):avg data time: 3.35e-05, avg batch time: 0.5799, average loss: 23.8607
[11/22 17:21:11 visual_prompt]: Classification results with val_mammo-cbis: top1: 54.88	rocauc: 48.63	
[11/22 17:21:11 visual_prompt]: Training 3 / 100 epoch, with learning rate 10.0
[11/22 17:28:42 visual_prompt]: Epoch 3 / 100: avg data time: 5.02e+00, avg batch time: 6.4496, average train loss: 27.0763
