/bin/bash: /home/s1952889/miniconda3/envs/prompt/lib/libtinfo.so.6: no version information available (required by /bin/bash)
An exception occurred in telemetry logging.Disabling telemetry to prevent further exceptions.
Traceback (most recent call last):
  File "/home/s1952889/miniconda3/envs/prompt/lib/python3.11/site-packages/iopath/common/file_io.py", line 946, in __log_tmetry_keys
    handler.log_event()
  File "/home/s1952889/miniconda3/envs/prompt/lib/python3.11/site-packages/iopath/common/event_logger.py", line 97, in log_event
    del self._evt
        ^^^^^^^^^
AttributeError: 'NativePathHandler' object has no attribute '_evt'
Namespace(config_file='visual_prompt_tuning/configs/finetune/cub.yaml', train_type='finetune', opts=['MODEL.TYPE', 'vit', 'DATA.BATCH_SIZE', '32', 'MODEL.PROMPT.NUM_TOKENS', '50', 'MODEL.PROMPT.DEEP', 'True', 'MODEL.PROMPT.DROPOUT', '0.1', 'DATA.FEATURE', 'sup_vitb16_imagenet21k', 'DATA.IMGSIZE', '500', 'DATA.NAME', 'mammo-cbis', 'DATA.NUMBER_CLASSES', '2', 'DATA.CROP', 'False', 'MODEL.MODEL_ROOT', 'visual_prompt_tuning/model_root', 'DATA.DATAPATH', 'visual_prompt_tuning/data_path', 'OUTPUT_DIR', 'visual_prompt_tuning/output_dir', 'SOLVER.PATIENCE', '7', 'SOLVER.CRITERION', 'loss', 'RECORD_GPU_SNAPSHOT', 'True'])
[12/04 11:57:31 visual_prompt]: Rank of current process: 0. World size: 1
[12/04 11:57:33 visual_prompt]: Environment info:
-------------------  -------------------------------------------------
Python               3.11.5 (main, Sep 11 2023, 13:54:46) [GCC 11.2.0]
ENV_MODULE           <not set>
PyTorch              2.0.1+cu118
PyTorch Debug Build  False
CUDA available       True
CUDA ID              0
GPU 0                NVIDIA A40
Pillow               9.3.0
cv2                  4.8.0
-------------------  -------------------------------------------------
PyTorch built with:
  - GCC 9.3
  - C++ Version: 201703
  - Intel(R) oneAPI Math Kernel Library Version 2022.2-Product Build 20220804 for Intel(R) 64 architecture applications
  - Intel(R) MKL-DNN v2.7.3 (Git Hash 6dbeffbae1f23cbbeae17adb7b5b13f1f37c080e)
  - OpenMP 201511 (a.k.a. OpenMP 4.5)
  - LAPACK is enabled (usually provided by MKL)
  - NNPACK is enabled
  - CPU capability usage: AVX2
  - CUDA Runtime 11.8
  - NVCC architecture flags: -gencode;arch=compute_37,code=sm_37;-gencode;arch=compute_50,code=sm_50;-gencode;arch=compute_60,code=sm_60;-gencode;arch=compute_70,code=sm_70;-gencode;arch=compute_75,code=sm_75;-gencode;arch=compute_80,code=sm_80;-gencode;arch=compute_86,code=sm_86;-gencode;arch=compute_90,code=sm_90
  - CuDNN 8.7
  - Magma 2.6.1
  - Build settings: BLAS_INFO=mkl, BUILD_TYPE=Release, CUDA_VERSION=11.8, CUDNN_VERSION=8.7.0, CXX_COMPILER=/opt/rh/devtoolset-9/root/usr/bin/c++, CXX_FLAGS= -D_GLIBCXX_USE_CXX11_ABI=0 -fabi-version=11 -Wno-deprecated -fvisibility-inlines-hidden -DUSE_PTHREADPOOL -DNDEBUG -DUSE_KINETO -DLIBKINETO_NOROCTRACER -DUSE_FBGEMM -DUSE_QNNPACK -DUSE_PYTORCH_QNNPACK -DUSE_XNNPACK -DSYMBOLICATE_MOBILE_DEBUG_HANDLE -O2 -fPIC -Wall -Wextra -Werror=return-type -Werror=non-virtual-dtor -Werror=bool-operation -Wnarrowing -Wno-missing-field-initializers -Wno-type-limits -Wno-array-bounds -Wno-unknown-pragmas -Wunused-local-typedefs -Wno-unused-parameter -Wno-unused-function -Wno-unused-result -Wno-strict-overflow -Wno-strict-aliasing -Wno-error=deprecated-declarations -Wno-stringop-overflow -Wno-psabi -Wno-error=pedantic -Wno-error=redundant-decls -Wno-error=old-style-cast -fdiagnostics-color=always -faligned-new -Wno-unused-but-set-variable -Wno-maybe-uninitialized -fno-math-errno -fno-trapping-math -Werror=format -Werror=cast-function-type -Wno-stringop-overflow, LAPACK_INFO=mkl, PERF_WITH_AVX=1, PERF_WITH_AVX2=1, PERF_WITH_AVX512=1, TORCH_DISABLE_GPU_ASSERTS=ON, TORCH_VERSION=2.0.1, USE_CUDA=ON, USE_CUDNN=ON, USE_EXCEPTION_PTR=1, USE_GFLAGS=OFF, USE_GLOG=OFF, USE_MKL=ON, USE_MKLDNN=ON, USE_MPI=OFF, USE_NCCL=1, USE_NNPACK=ON, USE_OPENMP=ON, USE_ROCM=OFF, 

[12/04 11:57:33 visual_prompt]: Command line arguments: Namespace(config_file='visual_prompt_tuning/configs/finetune/cub.yaml', train_type='finetune', opts=['MODEL.TYPE', 'vit', 'DATA.BATCH_SIZE', '32', 'MODEL.PROMPT.NUM_TOKENS', '50', 'MODEL.PROMPT.DEEP', 'True', 'MODEL.PROMPT.DROPOUT', '0.1', 'DATA.FEATURE', 'sup_vitb16_imagenet21k', 'DATA.IMGSIZE', '500', 'DATA.NAME', 'mammo-cbis', 'DATA.NUMBER_CLASSES', '2', 'DATA.CROP', 'False', 'MODEL.MODEL_ROOT', 'visual_prompt_tuning/model_root', 'DATA.DATAPATH', 'visual_prompt_tuning/data_path', 'OUTPUT_DIR', 'visual_prompt_tuning/output_dir', 'SOLVER.PATIENCE', '7', 'SOLVER.CRITERION', 'loss', 'RECORD_GPU_SNAPSHOT', 'True'])
[12/04 11:57:33 visual_prompt]: Contents of args.config_file=visual_prompt_tuning/configs/finetune/cub.yaml:
_BASE_: "../base-finetune.yaml"
RUN_N_TIMES: 1
DATA:
  NAME: "CUB"
  DATAPATH: ""  #TODO: need to specify here
  NUMBER_CLASSES: 200
  MULTILABEL: False
  FEATURE: "imagenet_supervised"  # need to tune
MODEL:
  TYPE: "vit"
SOLVER:
  BASE_LR: 0.00375
  WEIGHT_DECAY: 0.01

[12/04 11:57:33 visual_prompt]: Training with config:
[12/04 11:57:33 visual_prompt]: CfgNode({'DBG': False, 'OUTPUT_DIR': 'visual_prompt_tuning/output_dir/mammo-cbis/sup_vitb16_imagenet21k/end2end/size500/val/seed0/lr0.001_wd0.001/patience7/run1', 'RUN_N_TIMES': 1, 'CUDNN_BENCHMARK': False, 'NUM_GPUS': 1, 'NUM_SHARDS': 1, 'SEED': 0, 'MODEL': CfgNode({'TRANSFER_TYPE': 'end2end', 'WEIGHT_PATH': '', 'SAVE_CKPT': False, 'MODEL_ROOT': 'visual_prompt_tuning/model_root', 'TYPE': 'vit', 'MLP_NUM': 0, 'LINEAR': CfgNode({'MLP_SIZES': [], 'DROPOUT': 0.1}), 'PROMPT': CfgNode({'NUM_TOKENS': 50, 'LOCATION': 'prepend', 'INITIATION': 'random', 'CLSEMB_FOLDER': '', 'CLSEMB_PATH': '', 'PROJECT': -1, 'DEEP': True, 'NUM_DEEP_LAYERS': None, 'REVERSE_DEEP': False, 'DEEP_SHARED': False, 'FORWARD_DEEP_NOEXPAND': False, 'VIT_POOL_TYPE': 'original', 'DROPOUT': 0.1, 'SAVE_FOR_EACH_EPOCH': False}), 'ADAPTER': CfgNode({'REDUCATION_FACTOR': 8, 'STYLE': 'Pfeiffer'})}), 'SOLVER': CfgNode({'LOSS': 'softmax', 'LOSS_ALPHA': 0.01, 'OPTIMIZER': 'adamw', 'MOMENTUM': 0.9, 'WEIGHT_DECAY': 0.001, 'WEIGHT_DECAY_BIAS': 0, 'PATIENCE': 7, 'CRITERION': 'loss', 'SCHEDULER': 'cosine', 'BASE_LR': 0.001, 'BIAS_MULTIPLIER': 1.0, 'WARMUP_EPOCH': 5, 'TOTAL_EPOCH': 100, 'LOG_EVERY_N': 100, 'DBG_TRAINABLE': False}), 'DATA': CfgNode({'NAME': 'mammo-cbis', 'DATAPATH': 'visual_prompt_tuning/data_path', 'FEATURE': 'sup_vitb16_imagenet21k', 'PERCENTAGE': 1.0, 'NUMBER_CLASSES': 2, 'MULTILABEL': False, 'CLASS_WEIGHTS_TYPE': 'none', 'IMGSIZE': 500, 'CROP': False, 'NO_TEST': False, 'BATCH_SIZE': 32, 'NUM_WORKERS': 8, 'PIN_MEMORY': True}), 'RECORD_GPU_SNAPSHOT': True})
[12/04 11:57:33 visual_prompt]: Loading training data...
[12/04 11:57:33 visual_prompt]: Constructing mammo-cbis dataset train...
[12/04 11:57:33 visual_prompt]: Loading validation data...
[12/04 11:57:33 visual_prompt]: Constructing mammo-cbis dataset val...
[12/04 11:57:33 visual_prompt]: Constructing models...
[INFO: vit.py:  342]: load_pretrained: resized variant: torch.Size([1, 197, 768]) to torch.Size([1, 962, 768])
load_pretrained: grid-size from 14 to 31
[12/04 11:57:35 visual_prompt]: Enable all parameters update during training
[12/04 11:57:35 visual_prompt]: Total Parameters: 86387714	 Gradient Parameters: 86387714
[12/04 11:57:35 visual_prompt]: tuned percent:100.000
[12/04 11:57:36 visual_prompt]: Device used for model: 0
[12/04 11:57:36 visual_prompt]: Setting up Evaluator...
[12/04 11:57:36 visual_prompt]: Setting up Trainer...
[12/04 11:57:36 visual_prompt]: 	Setting up the optimizer...
[12/04 11:57:36 visual_prompt]: Training 1 / 100 epoch, with learning rate 0.0
[12/04 12:12:14 visual_prompt]: Epoch 1 / 100: avg data time: 1.06e+01, avg batch time: 12.5398, average train loss: 7.2132
[12/04 12:13:58 visual_prompt]: Inference (val):avg data time: 3.74e-05, avg batch time: 0.5471, average loss: 6.3986
[12/04 12:13:58 visual_prompt]: Classification results with val_mammo-cbis: top1: 45.53	rocauc: 52.67	
[12/04 12:13:58 visual_prompt]: Training 2 / 100 epoch, with learning rate 0.0002
[12/04 12:27:49 visual_prompt]: Epoch 2 / 100: avg data time: 1.02e+01, avg batch time: 11.8664, average train loss: 2.0074
[12/04 12:29:35 visual_prompt]: Inference (val):avg data time: 9.75e-05, avg batch time: 0.5498, average loss: 0.7138
[12/04 12:29:35 visual_prompt]: Classification results with val_mammo-cbis: top1: 45.93	rocauc: 50.79	
[12/04 12:29:35 visual_prompt]: Training 3 / 100 epoch, with learning rate 0.0004
[12/04 12:43:29 visual_prompt]: Epoch 3 / 100: avg data time: 1.02e+01, avg batch time: 11.9066, average train loss: 0.7727
[12/04 12:45:02 visual_prompt]: Inference (val):avg data time: 7.32e-05, avg batch time: 0.5474, average loss: 0.7272
[12/04 12:45:02 visual_prompt]: Classification results with val_mammo-cbis: top1: 54.88	rocauc: 56.53	
[12/04 12:45:02 visual_prompt]: Training 4 / 100 epoch, with learning rate 0.0006
[12/04 12:58:48 visual_prompt]: Epoch 4 / 100: avg data time: 1.01e+01, avg batch time: 11.8049, average train loss: 0.7405
[12/04 13:00:26 visual_prompt]: Inference (val):avg data time: 7.79e-05, avg batch time: 0.5439, average loss: 0.7486
[12/04 13:00:26 visual_prompt]: Classification results with val_mammo-cbis: top1: 45.12	rocauc: 57.94	
[12/04 13:00:26 visual_prompt]: Training 5 / 100 epoch, with learning rate 0.0008
[12/04 13:14:08 visual_prompt]: Epoch 5 / 100: avg data time: 1.01e+01, avg batch time: 11.7323, average train loss: 0.7260
[12/04 13:15:47 visual_prompt]: Inference (val):avg data time: 6.92e-05, avg batch time: 0.5459, average loss: 0.7940
[12/04 13:15:47 visual_prompt]: Classification results with val_mammo-cbis: top1: 45.12	rocauc: 62.48	
[12/04 13:15:47 visual_prompt]: Training 6 / 100 epoch, with learning rate 0.001
[12/04 13:29:34 visual_prompt]: Epoch 6 / 100: avg data time: 1.02e+01, avg batch time: 11.8143, average train loss: 0.7216
[12/04 13:31:09 visual_prompt]: Inference (val):avg data time: 4.91e-05, avg batch time: 0.5452, average loss: 0.6775
[12/04 13:31:09 visual_prompt]: Classification results with val_mammo-cbis: top1: 60.98	rocauc: 63.53	
[12/04 13:31:09 visual_prompt]: Training 7 / 100 epoch, with learning rate 0.000999726628670463
[12/04 13:44:45 visual_prompt]: Epoch 7 / 100: avg data time: 9.99e+00, avg batch time: 11.6580, average train loss: 0.7670
[12/04 13:46:23 visual_prompt]: Inference (val):avg data time: 8.67e-05, avg batch time: 0.5458, average loss: 0.6700
[12/04 13:46:23 visual_prompt]: Classification results with val_mammo-cbis: top1: 58.13	rocauc: 62.36	
[12/04 13:46:23 visual_prompt]: Best epoch 7: best metric: -0.670
[12/04 13:46:23 visual_prompt]: Training 8 / 100 epoch, with learning rate 0.0009989068136093873
[12/04 14:00:10 visual_prompt]: Epoch 8 / 100: avg data time: 1.02e+01, avg batch time: 11.8121, average train loss: 0.7294
[12/04 14:01:48 visual_prompt]: Inference (val):avg data time: 1.00e-04, avg batch time: 0.5468, average loss: 0.7146
[12/04 14:01:49 visual_prompt]: Classification results with val_mammo-cbis: top1: 54.88	rocauc: 67.15	
[12/04 14:01:49 visual_prompt]: Training 9 / 100 epoch, with learning rate 0.0009975414512725057
[12/04 14:15:27 visual_prompt]: Epoch 9 / 100: avg data time: 1.00e+01, avg batch time: 11.6832, average train loss: 0.6935
[12/04 14:17:04 visual_prompt]: Inference (val):avg data time: 8.99e-05, avg batch time: 0.5432, average loss: 0.7519
[12/04 14:17:04 visual_prompt]: Classification results with val_mammo-cbis: top1: 58.13	rocauc: 66.37	
[12/04 14:17:04 visual_prompt]: Training 10 / 100 epoch, with learning rate 0.0009956320346634876
[12/04 14:30:47 visual_prompt]: Epoch 10 / 100: avg data time: 1.01e+01, avg batch time: 11.7603, average train loss: 0.7221
[12/04 14:32:21 visual_prompt]: Inference (val):avg data time: 7.23e-05, avg batch time: 0.5450, average loss: 0.6440
[12/04 14:32:21 visual_prompt]: Classification results with val_mammo-cbis: top1: 64.63	rocauc: 68.31	
[12/04 14:32:21 visual_prompt]: Best epoch 10: best metric: -0.644
[12/04 14:32:21 visual_prompt]: Training 11 / 100 epoch, with learning rate 0.0009931806517013613
[12/04 14:45:51 visual_prompt]: Epoch 11 / 100: avg data time: 9.90e+00, avg batch time: 11.5663, average train loss: 0.7445
[12/04 14:47:28 visual_prompt]: Inference (val):avg data time: 6.96e-05, avg batch time: 0.5464, average loss: 0.7977
[12/04 14:47:29 visual_prompt]: Classification results with val_mammo-cbis: top1: 54.88	rocauc: 67.60	
[12/04 14:47:29 visual_prompt]: Training 12 / 100 epoch, with learning rate 0.0009901899829374047
[12/04 15:01:29 visual_prompt]: Epoch 12 / 100: avg data time: 1.03e+01, avg batch time: 12.0080, average train loss: 0.6696
[12/04 15:03:15 visual_prompt]: Inference (val):avg data time: 7.44e-05, avg batch time: 0.5434, average loss: 0.8460
[12/04 15:03:15 visual_prompt]: Classification results with val_mammo-cbis: top1: 45.12	rocauc: 70.14	
[12/04 15:03:15 visual_prompt]: Training 13 / 100 epoch, with learning rate 0.000986663298624003
[12/04 15:17:01 visual_prompt]: Epoch 13 / 100: avg data time: 1.01e+01, avg batch time: 11.8079, average train loss: 0.6885
[12/04 15:18:38 visual_prompt]: Inference (val):avg data time: 2.99e-05, avg batch time: 0.5460, average loss: 0.6903
[12/04 15:18:38 visual_prompt]: Classification results with val_mammo-cbis: top1: 59.35	rocauc: 62.51	
[12/04 15:18:38 visual_prompt]: Training 14 / 100 epoch, with learning rate 0.0009826044551386743
[12/04 15:32:15 visual_prompt]: Epoch 14 / 100: avg data time: 1.00e+01, avg batch time: 11.6730, average train loss: 0.6794
[12/04 15:33:54 visual_prompt]: Inference (val):avg data time: 6.80e-05, avg batch time: 0.5454, average loss: 0.6655
[12/04 15:33:54 visual_prompt]: Classification results with val_mammo-cbis: top1: 60.98	rocauc: 67.66	
[12/04 15:33:54 visual_prompt]: Training 15 / 100 epoch, with learning rate 0.0009780178907671788
[12/04 15:47:41 visual_prompt]: Epoch 15 / 100: avg data time: 1.01e+01, avg batch time: 11.8122, average train loss: 0.7036
[12/04 15:49:22 visual_prompt]: Inference (val):avg data time: 6.04e-05, avg batch time: 0.5433, average loss: 0.7045
[12/04 15:49:22 visual_prompt]: Classification results with val_mammo-cbis: top1: 54.88	rocauc: 61.64	
[12/04 15:49:22 visual_prompt]: Training 16 / 100 epoch, with learning rate 0.0009729086208503173
[12/04 16:03:08 visual_prompt]: Epoch 16 / 100: avg data time: 1.01e+01, avg batch time: 11.8014, average train loss: 0.6227
[12/04 16:04:47 visual_prompt]: Inference (val):avg data time: 7.68e-05, avg batch time: 0.5461, average loss: 0.6669
[12/04 16:04:47 visual_prompt]: Classification results with val_mammo-cbis: top1: 61.38	rocauc: 66.13	
[12/04 16:04:47 visual_prompt]: Training 17 / 100 epoch, with learning rate 0.0009672822322997304
[12/04 16:18:18 visual_prompt]: Epoch 17 / 100: avg data time: 9.92e+00, avg batch time: 11.5804, average train loss: 0.6770
[12/04 16:19:59 visual_prompt]: Inference (val):avg data time: 2.52e-05, avg batch time: 0.5445, average loss: 0.6660
[12/04 16:19:59 visual_prompt]: Classification results with val_mammo-cbis: top1: 64.23	rocauc: 67.39	
[12/04 16:19:59 visual_prompt]: Stopping early.
[12/04 16:19:59 visual_prompt]: Rank of current process: 0. World size: 1
[12/04 16:19:59 visual_prompt]: Environment info:
-------------------  -------------------------------------------------
Python               3.11.5 (main, Sep 11 2023, 13:54:46) [GCC 11.2.0]
ENV_MODULE           <not set>
PyTorch              2.0.1+cu118
PyTorch Debug Build  False
CUDA available       True
CUDA ID              0
GPU 0                NVIDIA A40
Pillow               9.3.0
cv2                  4.8.0
-------------------  -------------------------------------------------
PyTorch built with:
  - GCC 9.3
  - C++ Version: 201703
  - Intel(R) oneAPI Math Kernel Library Version 2022.2-Product Build 20220804 for Intel(R) 64 architecture applications
  - Intel(R) MKL-DNN v2.7.3 (Git Hash 6dbeffbae1f23cbbeae17adb7b5b13f1f37c080e)
  - OpenMP 201511 (a.k.a. OpenMP 4.5)
  - LAPACK is enabled (usually provided by MKL)
  - NNPACK is enabled
  - CPU capability usage: AVX2
  - CUDA Runtime 11.8
  - NVCC architecture flags: -gencode;arch=compute_37,code=sm_37;-gencode;arch=compute_50,code=sm_50;-gencode;arch=compute_60,code=sm_60;-gencode;arch=compute_70,code=sm_70;-gencode;arch=compute_75,code=sm_75;-gencode;arch=compute_80,code=sm_80;-gencode;arch=compute_86,code=sm_86;-gencode;arch=compute_90,code=sm_90
  - CuDNN 8.7
  - Magma 2.6.1
  - Build settings: BLAS_INFO=mkl, BUILD_TYPE=Release, CUDA_VERSION=11.8, CUDNN_VERSION=8.7.0, CXX_COMPILER=/opt/rh/devtoolset-9/root/usr/bin/c++, CXX_FLAGS= -D_GLIBCXX_USE_CXX11_ABI=0 -fabi-version=11 -Wno-deprecated -fvisibility-inlines-hidden -DUSE_PTHREADPOOL -DNDEBUG -DUSE_KINETO -DLIBKINETO_NOROCTRACER -DUSE_FBGEMM -DUSE_QNNPACK -DUSE_PYTORCH_QNNPACK -DUSE_XNNPACK -DSYMBOLICATE_MOBILE_DEBUG_HANDLE -O2 -fPIC -Wall -Wextra -Werror=return-type -Werror=non-virtual-dtor -Werror=bool-operation -Wnarrowing -Wno-missing-field-initializers -Wno-type-limits -Wno-array-bounds -Wno-unknown-pragmas -Wunused-local-typedefs -Wno-unused-parameter -Wno-unused-function -Wno-unused-result -Wno-strict-overflow -Wno-strict-aliasing -Wno-error=deprecated-declarations -Wno-stringop-overflow -Wno-psabi -Wno-error=pedantic -Wno-error=redundant-decls -Wno-error=old-style-cast -fdiagnostics-color=always -faligned-new -Wno-unused-but-set-variable -Wno-maybe-uninitialized -fno-math-errno -fno-trapping-math -Werror=format -Werror=cast-function-type -Wno-stringop-overflow, LAPACK_INFO=mkl, PERF_WITH_AVX=1, PERF_WITH_AVX2=1, PERF_WITH_AVX512=1, TORCH_DISABLE_GPU_ASSERTS=ON, TORCH_VERSION=2.0.1, USE_CUDA=ON, USE_CUDNN=ON, USE_EXCEPTION_PTR=1, USE_GFLAGS=OFF, USE_GLOG=OFF, USE_MKL=ON, USE_MKLDNN=ON, USE_MPI=OFF, USE_NCCL=1, USE_NNPACK=ON, USE_OPENMP=ON, USE_ROCM=OFF, 

[12/04 16:19:59 visual_prompt]: Command line arguments: Namespace(config_file='visual_prompt_tuning/configs/finetune/cub.yaml', train_type='finetune', opts=['MODEL.TYPE', 'vit', 'DATA.BATCH_SIZE', '32', 'MODEL.PROMPT.NUM_TOKENS', '50', 'MODEL.PROMPT.DEEP', 'True', 'MODEL.PROMPT.DROPOUT', '0.1', 'DATA.FEATURE', 'sup_vitb16_imagenet21k', 'DATA.IMGSIZE', '500', 'DATA.NAME', 'mammo-cbis', 'DATA.NUMBER_CLASSES', '2', 'DATA.CROP', 'False', 'MODEL.MODEL_ROOT', 'visual_prompt_tuning/model_root', 'DATA.DATAPATH', 'visual_prompt_tuning/data_path', 'OUTPUT_DIR', 'visual_prompt_tuning/output_dir', 'SOLVER.PATIENCE', '7', 'SOLVER.CRITERION', 'loss', 'RECORD_GPU_SNAPSHOT', 'True'])
[12/04 16:19:59 visual_prompt]: Contents of args.config_file=visual_prompt_tuning/configs/finetune/cub.yaml:
_BASE_: "../base-finetune.yaml"
RUN_N_TIMES: 1
DATA:
  NAME: "CUB"
  DATAPATH: ""  #TODO: need to specify here
  NUMBER_CLASSES: 200
  MULTILABEL: False
  FEATURE: "imagenet_supervised"  # need to tune
MODEL:
  TYPE: "vit"
SOLVER:
  BASE_LR: 0.00375
  WEIGHT_DECAY: 0.01

[12/04 16:19:59 visual_prompt]: Training with config:
[12/04 16:19:59 visual_prompt]: CfgNode({'DBG': False, 'OUTPUT_DIR': 'visual_prompt_tuning/output_dir/mammo-cbis/sup_vitb16_imagenet21k/end2end/size500/val/seed0/lr0.001_wd0.0001/patience7/run1', 'RUN_N_TIMES': 1, 'CUDNN_BENCHMARK': False, 'NUM_GPUS': 1, 'NUM_SHARDS': 1, 'SEED': 0, 'MODEL': CfgNode({'TRANSFER_TYPE': 'end2end', 'WEIGHT_PATH': '', 'SAVE_CKPT': False, 'MODEL_ROOT': 'visual_prompt_tuning/model_root', 'TYPE': 'vit', 'MLP_NUM': 0, 'LINEAR': CfgNode({'MLP_SIZES': [], 'DROPOUT': 0.1}), 'PROMPT': CfgNode({'NUM_TOKENS': 50, 'LOCATION': 'prepend', 'INITIATION': 'random', 'CLSEMB_FOLDER': '', 'CLSEMB_PATH': '', 'PROJECT': -1, 'DEEP': True, 'NUM_DEEP_LAYERS': None, 'REVERSE_DEEP': False, 'DEEP_SHARED': False, 'FORWARD_DEEP_NOEXPAND': False, 'VIT_POOL_TYPE': 'original', 'DROPOUT': 0.1, 'SAVE_FOR_EACH_EPOCH': False}), 'ADAPTER': CfgNode({'REDUCATION_FACTOR': 8, 'STYLE': 'Pfeiffer'})}), 'SOLVER': CfgNode({'LOSS': 'softmax', 'LOSS_ALPHA': 0.01, 'OPTIMIZER': 'adamw', 'MOMENTUM': 0.9, 'WEIGHT_DECAY': 0.0001, 'WEIGHT_DECAY_BIAS': 0, 'PATIENCE': 7, 'CRITERION': 'loss', 'SCHEDULER': 'cosine', 'BASE_LR': 0.001, 'BIAS_MULTIPLIER': 1.0, 'WARMUP_EPOCH': 5, 'TOTAL_EPOCH': 100, 'LOG_EVERY_N': 100, 'DBG_TRAINABLE': False}), 'DATA': CfgNode({'NAME': 'mammo-cbis', 'DATAPATH': 'visual_prompt_tuning/data_path', 'FEATURE': 'sup_vitb16_imagenet21k', 'PERCENTAGE': 1.0, 'NUMBER_CLASSES': 2, 'MULTILABEL': False, 'CLASS_WEIGHTS_TYPE': 'none', 'IMGSIZE': 500, 'CROP': False, 'NO_TEST': False, 'BATCH_SIZE': 32, 'NUM_WORKERS': 8, 'PIN_MEMORY': True}), 'RECORD_GPU_SNAPSHOT': True})
[12/04 16:19:59 visual_prompt]: Loading training data...
[12/04 16:19:59 visual_prompt]: Constructing mammo-cbis dataset train...
[12/04 16:19:59 visual_prompt]: Loading validation data...
[12/04 16:19:59 visual_prompt]: Constructing mammo-cbis dataset val...
[12/04 16:19:59 visual_prompt]: Constructing models...
[INFO: vit.py:  342]: load_pretrained: resized variant: torch.Size([1, 197, 768]) to torch.Size([1, 962, 768])
load_pretrained: grid-size from 14 to 31
[12/04 16:20:01 visual_prompt]: Enable all parameters update during training
[12/04 16:20:01 visual_prompt]: Total Parameters: 86387714	 Gradient Parameters: 86387714
[12/04 16:20:01 visual_prompt]: tuned percent:100.000
[12/04 16:20:01 visual_prompt]: Device used for model: 0
[12/04 16:20:01 visual_prompt]: Setting up Evaluator...
[12/04 16:20:01 visual_prompt]: Setting up Trainer...
[12/04 16:20:01 visual_prompt]: 	Setting up the optimizer...
[12/04 16:20:02 visual_prompt]: Training 1 / 100 epoch, with learning rate 0.0
[12/04 16:33:30 visual_prompt]: Epoch 1 / 100: avg data time: 9.87e+00, avg batch time: 11.5370, average train loss: 7.2132
[12/04 16:35:06 visual_prompt]: Inference (val):avg data time: 8.12e-05, avg batch time: 0.5465, average loss: 6.3986
[12/04 16:35:06 visual_prompt]: Classification results with val_mammo-cbis: top1: 45.53	rocauc: 52.67	
[12/04 16:35:06 visual_prompt]: Training 2 / 100 epoch, with learning rate 0.0002
[12/04 16:48:36 visual_prompt]: Epoch 2 / 100: avg data time: 9.91e+00, avg batch time: 11.5693, average train loss: 2.0687
[12/04 16:50:14 visual_prompt]: Inference (val):avg data time: 6.89e-05, avg batch time: 0.5435, average loss: 0.7477
[12/04 16:50:14 visual_prompt]: Classification results with val_mammo-cbis: top1: 43.09	rocauc: 47.87	
[12/04 16:50:14 visual_prompt]: Training 3 / 100 epoch, with learning rate 0.0004
[12/04 17:03:34 visual_prompt]: Epoch 3 / 100: avg data time: 9.77e+00, avg batch time: 11.4327, average train loss: 0.7649
[12/04 17:05:07 visual_prompt]: Inference (val):avg data time: 5.78e-05, avg batch time: 0.5468, average loss: 0.7461
[12/04 17:05:07 visual_prompt]: Classification results with val_mammo-cbis: top1: 54.88	rocauc: 56.56	
[12/04 17:05:07 visual_prompt]: Training 4 / 100 epoch, with learning rate 0.0006
[12/04 17:18:30 visual_prompt]: Epoch 4 / 100: avg data time: 9.80e+00, avg batch time: 11.4592, average train loss: 0.7441
[12/04 17:20:07 visual_prompt]: Inference (val):avg data time: 5.08e-05, avg batch time: 0.5431, average loss: 0.7481
[12/04 17:20:07 visual_prompt]: Classification results with val_mammo-cbis: top1: 45.12	rocauc: 57.83	
[12/04 17:20:07 visual_prompt]: Training 5 / 100 epoch, with learning rate 0.0008
[12/04 17:33:26 visual_prompt]: Epoch 5 / 100: avg data time: 9.75e+00, avg batch time: 11.4143, average train loss: 0.7297
[12/04 17:35:01 visual_prompt]: Inference (val):avg data time: 3.12e-05, avg batch time: 0.5450, average loss: 0.7449
[12/04 17:35:01 visual_prompt]: Classification results with val_mammo-cbis: top1: 45.12	rocauc: 62.14	
[12/04 17:35:01 visual_prompt]: Training 6 / 100 epoch, with learning rate 0.001
[12/04 17:48:20 visual_prompt]: Epoch 6 / 100: avg data time: 9.75e+00, avg batch time: 11.4179, average train loss: 0.7174
[12/04 17:49:57 visual_prompt]: Inference (val):avg data time: 7.72e-05, avg batch time: 0.5456, average loss: 0.6772
[12/04 17:49:57 visual_prompt]: Classification results with val_mammo-cbis: top1: 60.57	rocauc: 62.15	
[12/04 17:49:57 visual_prompt]: Training 7 / 100 epoch, with learning rate 0.000999726628670463
[12/04 18:03:43 visual_prompt]: Epoch 7 / 100: avg data time: 1.02e+01, avg batch time: 11.8076, average train loss: 0.7722
[12/04 18:05:17 visual_prompt]: Inference (val):avg data time: 6.92e-05, avg batch time: 0.5473, average loss: 0.6700
[12/04 18:05:17 visual_prompt]: Classification results with val_mammo-cbis: top1: 57.72	rocauc: 61.92	
[12/04 18:05:17 visual_prompt]: Best epoch 7: best metric: -0.670
[12/04 18:05:17 visual_prompt]: Training 8 / 100 epoch, with learning rate 0.0009989068136093873
[12/04 18:18:37 visual_prompt]: Epoch 8 / 100: avg data time: 9.76e+00, avg batch time: 11.4173, average train loss: 0.7373
[12/04 18:20:11 visual_prompt]: Inference (val):avg data time: 6.87e-05, avg batch time: 0.5443, average loss: 0.7284
[12/04 18:20:11 visual_prompt]: Classification results with val_mammo-cbis: top1: 54.88	rocauc: 66.20	
[12/04 18:20:11 visual_prompt]: Training 9 / 100 epoch, with learning rate 0.0009975414512725057
[12/04 18:33:35 visual_prompt]: Epoch 9 / 100: avg data time: 9.82e+00, avg batch time: 11.4852, average train loss: 0.6980
[12/04 18:35:11 visual_prompt]: Inference (val):avg data time: 6.67e-05, avg batch time: 0.5452, average loss: 0.7774
[12/04 18:35:11 visual_prompt]: Classification results with val_mammo-cbis: top1: 55.28	rocauc: 65.74	
[12/04 18:35:11 visual_prompt]: Training 10 / 100 epoch, with learning rate 0.0009956320346634876
[12/04 18:48:27 visual_prompt]: Epoch 10 / 100: avg data time: 9.70e+00, avg batch time: 11.3671, average train loss: 0.7531
[12/04 18:50:03 visual_prompt]: Inference (val):avg data time: 6.46e-05, avg batch time: 0.5470, average loss: 0.6557
[12/04 18:50:03 visual_prompt]: Classification results with val_mammo-cbis: top1: 65.45	rocauc: 67.66	
[12/04 18:50:03 visual_prompt]: Best epoch 10: best metric: -0.656
[12/04 18:50:03 visual_prompt]: Training 11 / 100 epoch, with learning rate 0.0009931806517013613
[12/04 19:03:22 visual_prompt]: Epoch 11 / 100: avg data time: 9.74e+00, avg batch time: 11.3961, average train loss: 0.7992
[12/04 19:04:56 visual_prompt]: Inference (val):avg data time: 5.90e-05, avg batch time: 0.5478, average loss: 0.8049
[12/04 19:04:56 visual_prompt]: Classification results with val_mammo-cbis: top1: 55.28	rocauc: 67.21	
[12/04 19:04:56 visual_prompt]: Training 12 / 100 epoch, with learning rate 0.0009901899829374047
[12/04 19:18:15 visual_prompt]: Epoch 12 / 100: avg data time: 9.74e+00, avg batch time: 11.4041, average train loss: 0.6935
[12/04 19:19:51 visual_prompt]: Inference (val):avg data time: 7.27e-05, avg batch time: 0.5459, average loss: 0.8840
[12/04 19:19:51 visual_prompt]: Classification results with val_mammo-cbis: top1: 45.12	rocauc: 67.66	
[12/04 19:19:51 visual_prompt]: Training 13 / 100 epoch, with learning rate 0.000986663298624003
[12/04 19:33:07 visual_prompt]: Epoch 13 / 100: avg data time: 9.70e+00, avg batch time: 11.3633, average train loss: 0.6987
[12/04 19:34:44 visual_prompt]: Inference (val):avg data time: 6.03e-05, avg batch time: 0.5459, average loss: 0.6578
[12/04 19:34:44 visual_prompt]: Classification results with val_mammo-cbis: top1: 61.79	rocauc: 65.56	
[12/04 19:34:44 visual_prompt]: Training 14 / 100 epoch, with learning rate 0.0009826044551386743
[12/04 19:48:01 visual_prompt]: Epoch 14 / 100: avg data time: 9.72e+00, avg batch time: 11.3847, average train loss: 0.6799
[12/04 19:49:37 visual_prompt]: Inference (val):avg data time: 6.16e-05, avg batch time: 0.5459, average loss: 0.6685
[12/04 19:49:37 visual_prompt]: Classification results with val_mammo-cbis: top1: 60.16	rocauc: 71.00	
[12/04 19:49:37 visual_prompt]: Training 15 / 100 epoch, with learning rate 0.0009780178907671788
[12/04 20:02:56 visual_prompt]: Epoch 15 / 100: avg data time: 9.74e+00, avg batch time: 11.4083, average train loss: 0.7017
[12/04 20:04:33 visual_prompt]: Inference (val):avg data time: 5.71e-05, avg batch time: 0.5443, average loss: 0.6562
[12/04 20:04:33 visual_prompt]: Classification results with val_mammo-cbis: top1: 61.79	rocauc: 67.89	
[12/04 20:04:33 visual_prompt]: Training 16 / 100 epoch, with learning rate 0.0009729086208503173
[12/04 20:17:44 visual_prompt]: Epoch 16 / 100: avg data time: 9.64e+00, avg batch time: 11.2998, average train loss: 0.6310
[12/04 20:19:20 visual_prompt]: Inference (val):avg data time: 7.94e-05, avg batch time: 0.5489, average loss: 0.6712
[12/04 20:19:20 visual_prompt]: Classification results with val_mammo-cbis: top1: 59.35	rocauc: 64.71	
[12/04 20:19:20 visual_prompt]: Training 17 / 100 epoch, with learning rate 0.0009672822322997304
[12/04 20:32:37 visual_prompt]: Epoch 17 / 100: avg data time: 9.72e+00, avg batch time: 11.3776, average train loss: 0.6613
[12/04 20:34:13 visual_prompt]: Inference (val):avg data time: 6.51e-05, avg batch time: 0.5451, average loss: 0.6341
[12/04 20:34:13 visual_prompt]: Classification results with val_mammo-cbis: top1: 63.01	rocauc: 69.35	
[12/04 20:34:13 visual_prompt]: Best epoch 17: best metric: -0.634
[12/04 20:34:13 visual_prompt]: Training 18 / 100 epoch, with learning rate 0.0009611448774886924
[12/04 20:47:34 visual_prompt]: Epoch 18 / 100: avg data time: 9.76e+00, avg batch time: 11.4270, average train loss: 0.6615
[12/04 20:49:09 visual_prompt]: Inference (val):avg data time: 3.80e-05, avg batch time: 0.5458, average loss: 0.6426
[12/04 20:49:09 visual_prompt]: Classification results with val_mammo-cbis: top1: 61.38	rocauc: 67.58	
[12/04 20:49:09 visual_prompt]: Training 19 / 100 epoch, with learning rate 0.0009545032675245813
[12/04 21:02:27 visual_prompt]: Epoch 19 / 100: avg data time: 9.74e+00, avg batch time: 11.3974, average train loss: 0.6178
[12/04 21:04:04 visual_prompt]: Inference (val):avg data time: 5.33e-05, avg batch time: 0.5463, average loss: 0.6347
[12/04 21:04:04 visual_prompt]: Classification results with val_mammo-cbis: top1: 65.04	rocauc: 68.87	
[12/04 21:04:04 visual_prompt]: Training 20 / 100 epoch, with learning rate 0.0009473646649103818
[12/04 21:17:21 visual_prompt]: Epoch 20 / 100: avg data time: 9.72e+00, avg batch time: 11.3840, average train loss: 0.6326
[12/04 21:18:57 visual_prompt]: Inference (val):avg data time: 5.36e-05, avg batch time: 0.5455, average loss: 0.6618
[12/04 21:18:57 visual_prompt]: Classification results with val_mammo-cbis: top1: 63.82	rocauc: 68.22	
[12/04 21:18:57 visual_prompt]: Training 21 / 100 epoch, with learning rate 0.0009397368756032445
[12/04 21:32:16 visual_prompt]: Epoch 21 / 100: avg data time: 9.75e+00, avg batch time: 11.4139, average train loss: 0.6258
[12/04 21:33:51 visual_prompt]: Inference (val):avg data time: 2.69e-05, avg batch time: 0.5444, average loss: 0.6321
[12/04 21:33:51 visual_prompt]: Classification results with val_mammo-cbis: top1: 63.82	rocauc: 69.04	
[12/04 21:33:51 visual_prompt]: Best epoch 21: best metric: -0.632
[12/04 21:33:51 visual_prompt]: Training 22 / 100 epoch, with learning rate 0.000931628240478787
[12/04 21:47:06 visual_prompt]: Epoch 22 / 100: avg data time: 9.68e+00, avg batch time: 11.3431, average train loss: 0.6279
[12/04 21:48:41 visual_prompt]: Inference (val):avg data time: 6.19e-05, avg batch time: 0.5476, average loss: 0.7162
[12/04 21:48:41 visual_prompt]: Classification results with val_mammo-cbis: top1: 59.76	rocauc: 64.91	
[12/04 21:48:41 visual_prompt]: Training 23 / 100 epoch, with learning rate 0.0009230476262104677
[12/04 22:01:58 visual_prompt]: Epoch 23 / 100: avg data time: 9.71e+00, avg batch time: 11.3808, average train loss: 0.6019
[12/04 22:03:34 visual_prompt]: Inference (val):avg data time: 5.10e-05, avg batch time: 0.5462, average loss: 0.7605
[12/04 22:03:34 visual_prompt]: Classification results with val_mammo-cbis: top1: 58.94	rocauc: 68.79	
[12/04 22:03:34 visual_prompt]: Training 24 / 100 epoch, with learning rate 0.00091400441557401
[12/04 22:16:57 visual_prompt]: Epoch 24 / 100: avg data time: 9.81e+00, avg batch time: 11.4717, average train loss: 0.6297
[12/04 22:18:34 visual_prompt]: Inference (val):avg data time: 3.81e-05, avg batch time: 0.5479, average loss: 0.6907
[12/04 22:18:34 visual_prompt]: Classification results with val_mammo-cbis: top1: 61.38	rocauc: 66.80	
[12/04 22:18:34 visual_prompt]: Training 25 / 100 epoch, with learning rate 0.0009045084971874737
[12/04 22:31:51 visual_prompt]: Epoch 25 / 100: avg data time: 9.71e+00, avg batch time: 11.3778, average train loss: 0.6423
[12/04 22:33:27 visual_prompt]: Inference (val):avg data time: 5.70e-05, avg batch time: 0.5459, average loss: 0.6877
[12/04 22:33:27 visual_prompt]: Classification results with val_mammo-cbis: top1: 59.76	rocauc: 63.55	
[12/04 22:33:27 visual_prompt]: Training 26 / 100 epoch, with learning rate 0.0008945702546981969
[12/04 22:46:44 visual_prompt]: Epoch 26 / 100: avg data time: 9.71e+00, avg batch time: 11.3777, average train loss: 0.6055
[12/04 22:48:20 visual_prompt]: Inference (val):avg data time: 7.41e-05, avg batch time: 0.5436, average loss: 0.6815
[12/04 22:48:20 visual_prompt]: Classification results with val_mammo-cbis: top1: 58.54	rocauc: 65.23	
[12/04 22:48:20 visual_prompt]: Training 27 / 100 epoch, with learning rate 0.0008842005554284296
[12/04 23:01:40 visual_prompt]: Epoch 27 / 100: avg data time: 9.76e+00, avg batch time: 11.4287, average train loss: 0.6244
[12/04 23:03:15 visual_prompt]: Inference (val):avg data time: 5.49e-05, avg batch time: 0.5431, average loss: 0.7064
[12/04 23:03:15 visual_prompt]: Classification results with val_mammo-cbis: top1: 63.01	rocauc: 64.12	
[12/04 23:03:15 visual_prompt]: Training 28 / 100 epoch, with learning rate 0.000873410738492077
[12/04 23:16:27 visual_prompt]: Epoch 28 / 100: avg data time: 9.65e+00, avg batch time: 11.3126, average train loss: 0.5697
[12/04 23:17:58 visual_prompt]: Inference (val):avg data time: 6.62e-05, avg batch time: 0.5443, average loss: 0.8351
[12/04 23:17:58 visual_prompt]: Classification results with val_mammo-cbis: top1: 60.57	rocauc: 66.25	
[12/04 23:17:58 visual_prompt]: Stopping early.
[12/04 23:17:58 visual_prompt]: Rank of current process: 0. World size: 1
[12/04 23:17:58 visual_prompt]: Environment info:
-------------------  -------------------------------------------------
Python               3.11.5 (main, Sep 11 2023, 13:54:46) [GCC 11.2.0]
ENV_MODULE           <not set>
PyTorch              2.0.1+cu118
PyTorch Debug Build  False
CUDA available       True
CUDA ID              0
GPU 0                NVIDIA A40
Pillow               9.3.0
cv2                  4.8.0
-------------------  -------------------------------------------------
PyTorch built with:
  - GCC 9.3
  - C++ Version: 201703
  - Intel(R) oneAPI Math Kernel Library Version 2022.2-Product Build 20220804 for Intel(R) 64 architecture applications
  - Intel(R) MKL-DNN v2.7.3 (Git Hash 6dbeffbae1f23cbbeae17adb7b5b13f1f37c080e)
  - OpenMP 201511 (a.k.a. OpenMP 4.5)
  - LAPACK is enabled (usually provided by MKL)
  - NNPACK is enabled
  - CPU capability usage: AVX2
  - CUDA Runtime 11.8
  - NVCC architecture flags: -gencode;arch=compute_37,code=sm_37;-gencode;arch=compute_50,code=sm_50;-gencode;arch=compute_60,code=sm_60;-gencode;arch=compute_70,code=sm_70;-gencode;arch=compute_75,code=sm_75;-gencode;arch=compute_80,code=sm_80;-gencode;arch=compute_86,code=sm_86;-gencode;arch=compute_90,code=sm_90
  - CuDNN 8.7
  - Magma 2.6.1
  - Build settings: BLAS_INFO=mkl, BUILD_TYPE=Release, CUDA_VERSION=11.8, CUDNN_VERSION=8.7.0, CXX_COMPILER=/opt/rh/devtoolset-9/root/usr/bin/c++, CXX_FLAGS= -D_GLIBCXX_USE_CXX11_ABI=0 -fabi-version=11 -Wno-deprecated -fvisibility-inlines-hidden -DUSE_PTHREADPOOL -DNDEBUG -DUSE_KINETO -DLIBKINETO_NOROCTRACER -DUSE_FBGEMM -DUSE_QNNPACK -DUSE_PYTORCH_QNNPACK -DUSE_XNNPACK -DSYMBOLICATE_MOBILE_DEBUG_HANDLE -O2 -fPIC -Wall -Wextra -Werror=return-type -Werror=non-virtual-dtor -Werror=bool-operation -Wnarrowing -Wno-missing-field-initializers -Wno-type-limits -Wno-array-bounds -Wno-unknown-pragmas -Wunused-local-typedefs -Wno-unused-parameter -Wno-unused-function -Wno-unused-result -Wno-strict-overflow -Wno-strict-aliasing -Wno-error=deprecated-declarations -Wno-stringop-overflow -Wno-psabi -Wno-error=pedantic -Wno-error=redundant-decls -Wno-error=old-style-cast -fdiagnostics-color=always -faligned-new -Wno-unused-but-set-variable -Wno-maybe-uninitialized -fno-math-errno -fno-trapping-math -Werror=format -Werror=cast-function-type -Wno-stringop-overflow, LAPACK_INFO=mkl, PERF_WITH_AVX=1, PERF_WITH_AVX2=1, PERF_WITH_AVX512=1, TORCH_DISABLE_GPU_ASSERTS=ON, TORCH_VERSION=2.0.1, USE_CUDA=ON, USE_CUDNN=ON, USE_EXCEPTION_PTR=1, USE_GFLAGS=OFF, USE_GLOG=OFF, USE_MKL=ON, USE_MKLDNN=ON, USE_MPI=OFF, USE_NCCL=1, USE_NNPACK=ON, USE_OPENMP=ON, USE_ROCM=OFF, 

[12/04 23:17:58 visual_prompt]: Command line arguments: Namespace(config_file='visual_prompt_tuning/configs/finetune/cub.yaml', train_type='finetune', opts=['MODEL.TYPE', 'vit', 'DATA.BATCH_SIZE', '32', 'MODEL.PROMPT.NUM_TOKENS', '50', 'MODEL.PROMPT.DEEP', 'True', 'MODEL.PROMPT.DROPOUT', '0.1', 'DATA.FEATURE', 'sup_vitb16_imagenet21k', 'DATA.IMGSIZE', '500', 'DATA.NAME', 'mammo-cbis', 'DATA.NUMBER_CLASSES', '2', 'DATA.CROP', 'False', 'MODEL.MODEL_ROOT', 'visual_prompt_tuning/model_root', 'DATA.DATAPATH', 'visual_prompt_tuning/data_path', 'OUTPUT_DIR', 'visual_prompt_tuning/output_dir', 'SOLVER.PATIENCE', '7', 'SOLVER.CRITERION', 'loss', 'RECORD_GPU_SNAPSHOT', 'True'])
[12/04 23:17:58 visual_prompt]: Contents of args.config_file=visual_prompt_tuning/configs/finetune/cub.yaml:
_BASE_: "../base-finetune.yaml"
RUN_N_TIMES: 1
DATA:
  NAME: "CUB"
  DATAPATH: ""  #TODO: need to specify here
  NUMBER_CLASSES: 200
  MULTILABEL: False
  FEATURE: "imagenet_supervised"  # need to tune
MODEL:
  TYPE: "vit"
SOLVER:
  BASE_LR: 0.00375
  WEIGHT_DECAY: 0.01

[12/04 23:17:58 visual_prompt]: Training with config:
[12/04 23:17:58 visual_prompt]: CfgNode({'DBG': False, 'OUTPUT_DIR': 'visual_prompt_tuning/output_dir/mammo-cbis/sup_vitb16_imagenet21k/end2end/size500/val/seed0/lr0.001_wd0.0/patience7/run1', 'RUN_N_TIMES': 1, 'CUDNN_BENCHMARK': False, 'NUM_GPUS': 1, 'NUM_SHARDS': 1, 'SEED': 0, 'MODEL': CfgNode({'TRANSFER_TYPE': 'end2end', 'WEIGHT_PATH': '', 'SAVE_CKPT': False, 'MODEL_ROOT': 'visual_prompt_tuning/model_root', 'TYPE': 'vit', 'MLP_NUM': 0, 'LINEAR': CfgNode({'MLP_SIZES': [], 'DROPOUT': 0.1}), 'PROMPT': CfgNode({'NUM_TOKENS': 50, 'LOCATION': 'prepend', 'INITIATION': 'random', 'CLSEMB_FOLDER': '', 'CLSEMB_PATH': '', 'PROJECT': -1, 'DEEP': True, 'NUM_DEEP_LAYERS': None, 'REVERSE_DEEP': False, 'DEEP_SHARED': False, 'FORWARD_DEEP_NOEXPAND': False, 'VIT_POOL_TYPE': 'original', 'DROPOUT': 0.1, 'SAVE_FOR_EACH_EPOCH': False}), 'ADAPTER': CfgNode({'REDUCATION_FACTOR': 8, 'STYLE': 'Pfeiffer'})}), 'SOLVER': CfgNode({'LOSS': 'softmax', 'LOSS_ALPHA': 0.01, 'OPTIMIZER': 'adamw', 'MOMENTUM': 0.9, 'WEIGHT_DECAY': 0.0, 'WEIGHT_DECAY_BIAS': 0, 'PATIENCE': 7, 'CRITERION': 'loss', 'SCHEDULER': 'cosine', 'BASE_LR': 0.001, 'BIAS_MULTIPLIER': 1.0, 'WARMUP_EPOCH': 5, 'TOTAL_EPOCH': 100, 'LOG_EVERY_N': 100, 'DBG_TRAINABLE': False}), 'DATA': CfgNode({'NAME': 'mammo-cbis', 'DATAPATH': 'visual_prompt_tuning/data_path', 'FEATURE': 'sup_vitb16_imagenet21k', 'PERCENTAGE': 1.0, 'NUMBER_CLASSES': 2, 'MULTILABEL': False, 'CLASS_WEIGHTS_TYPE': 'none', 'IMGSIZE': 500, 'CROP': False, 'NO_TEST': False, 'BATCH_SIZE': 32, 'NUM_WORKERS': 8, 'PIN_MEMORY': True}), 'RECORD_GPU_SNAPSHOT': True})
[12/04 23:17:58 visual_prompt]: Loading training data...
[12/04 23:17:58 visual_prompt]: Constructing mammo-cbis dataset train...
[12/04 23:17:58 visual_prompt]: Loading validation data...
[12/04 23:17:58 visual_prompt]: Constructing mammo-cbis dataset val...
[12/04 23:17:59 visual_prompt]: Constructing models...
[INFO: vit.py:  342]: load_pretrained: resized variant: torch.Size([1, 197, 768]) to torch.Size([1, 962, 768])
load_pretrained: grid-size from 14 to 31
[12/04 23:18:01 visual_prompt]: Enable all parameters update during training
[12/04 23:18:01 visual_prompt]: Total Parameters: 86387714	 Gradient Parameters: 86387714
[12/04 23:18:01 visual_prompt]: tuned percent:100.000
[12/04 23:18:01 visual_prompt]: Device used for model: 0
[12/04 23:18:01 visual_prompt]: Setting up Evaluator...
[12/04 23:18:01 visual_prompt]: Setting up Trainer...
[12/04 23:18:01 visual_prompt]: 	Setting up the optimizer...
[12/04 23:18:01 visual_prompt]: Training 1 / 100 epoch, with learning rate 0.0
[12/04 23:31:12 visual_prompt]: Epoch 1 / 100: avg data time: 9.63e+00, avg batch time: 11.2872, average train loss: 7.2132
[12/04 23:32:48 visual_prompt]: Inference (val):avg data time: 7.09e-05, avg batch time: 0.5468, average loss: 6.3986
[12/04 23:32:49 visual_prompt]: Classification results with val_mammo-cbis: top1: 45.53	rocauc: 52.67	
[12/04 23:32:49 visual_prompt]: Training 2 / 100 epoch, with learning rate 0.0002
[12/04 23:45:53 visual_prompt]: Epoch 2 / 100: avg data time: 9.55e+00, avg batch time: 11.1953, average train loss: 3.2003
[12/04 23:47:29 visual_prompt]: Inference (val):avg data time: 7.28e-05, avg batch time: 0.5473, average loss: 0.8482
[12/04 23:47:29 visual_prompt]: Classification results with val_mammo-cbis: top1: 48.37	rocauc: 55.72	
[12/04 23:47:29 visual_prompt]: Training 3 / 100 epoch, with learning rate 0.0004
[12/05 00:00:45 visual_prompt]: Epoch 3 / 100: avg data time: 9.71e+00, avg batch time: 11.3613, average train loss: 0.8545
[12/05 00:02:21 visual_prompt]: Inference (val):avg data time: 9.21e-05, avg batch time: 0.5485, average loss: 0.8005
[12/05 00:02:21 visual_prompt]: Classification results with val_mammo-cbis: top1: 54.47	rocauc: 56.34	
[12/05 00:02:21 visual_prompt]: Training 4 / 100 epoch, with learning rate 0.0006
[12/05 00:15:33 visual_prompt]: Epoch 4 / 100: avg data time: 9.66e+00, avg batch time: 11.3115, average train loss: 0.8239
[12/05 00:17:08 visual_prompt]: Inference (val):avg data time: 8.27e-05, avg batch time: 0.5476, average loss: 0.7819
[12/05 00:17:08 visual_prompt]: Classification results with val_mammo-cbis: top1: 56.50	rocauc: 61.03	
[12/05 00:17:08 visual_prompt]: Training 5 / 100 epoch, with learning rate 0.0008
[12/05 00:30:15 visual_prompt]: Epoch 5 / 100: avg data time: 9.60e+00, avg batch time: 11.2404, average train loss: 0.7970
[12/05 00:31:49 visual_prompt]: Inference (val):avg data time: 3.19e-05, avg batch time: 0.5461, average loss: 0.6986
[12/05 00:31:49 visual_prompt]: Classification results with val_mammo-cbis: top1: 61.79	rocauc: 60.15	
[12/05 00:31:49 visual_prompt]: Training 6 / 100 epoch, with learning rate 0.001
[12/05 00:44:54 visual_prompt]: Epoch 6 / 100: avg data time: 9.55e+00, avg batch time: 11.2004, average train loss: 0.7243
[12/05 00:46:27 visual_prompt]: Inference (val):avg data time: 5.50e-05, avg batch time: 0.5502, average loss: 0.6424
[12/05 00:46:27 visual_prompt]: Classification results with val_mammo-cbis: top1: 64.23	rocauc: 64.62	
[12/05 00:46:27 visual_prompt]: Training 7 / 100 epoch, with learning rate 0.000999726628670463
[12/05 00:59:24 visual_prompt]: Epoch 7 / 100: avg data time: 9.45e+00, avg batch time: 11.0902, average train loss: 0.7092
[12/05 01:00:59 visual_prompt]: Inference (val):avg data time: 8.98e-05, avg batch time: 0.5472, average loss: 0.8989
[12/05 01:00:59 visual_prompt]: Classification results with val_mammo-cbis: top1: 54.88	rocauc: 61.49	
[12/05 01:00:59 visual_prompt]: Training 8 / 100 epoch, with learning rate 0.0009989068136093873
[12/05 01:14:13 visual_prompt]: Epoch 8 / 100: avg data time: 9.70e+00, avg batch time: 11.3384, average train loss: 0.7036
[12/05 01:15:57 visual_prompt]: Inference (val):avg data time: 5.71e-05, avg batch time: 0.5468, average loss: 0.7965
[12/05 01:15:57 visual_prompt]: Classification results with val_mammo-cbis: top1: 51.22	rocauc: 64.74	
[12/05 01:15:57 visual_prompt]: Training 9 / 100 epoch, with learning rate 0.0009975414512725057
[12/05 01:29:12 visual_prompt]: Epoch 9 / 100: avg data time: 9.71e+00, avg batch time: 11.3526, average train loss: 0.6829
[12/05 01:30:47 visual_prompt]: Inference (val):avg data time: 4.88e-05, avg batch time: 0.5459, average loss: 0.8186
[12/05 01:30:47 visual_prompt]: Classification results with val_mammo-cbis: top1: 52.85	rocauc: 65.15	
[12/05 01:30:47 visual_prompt]: Training 10 / 100 epoch, with learning rate 0.0009956320346634876
[12/05 01:43:48 visual_prompt]: Epoch 10 / 100: avg data time: 9.51e+00, avg batch time: 11.1590, average train loss: 0.7406
[12/05 01:45:23 visual_prompt]: Inference (val):avg data time: 5.19e-05, avg batch time: 0.5476, average loss: 0.6934
[12/05 01:45:23 visual_prompt]: Classification results with val_mammo-cbis: top1: 60.57	rocauc: 67.12	
[12/05 01:45:23 visual_prompt]: Training 11 / 100 epoch, with learning rate 0.0009931806517013613
[12/05 01:58:38 visual_prompt]: Epoch 11 / 100: avg data time: 9.70e+00, avg batch time: 11.3492, average train loss: 0.7099
[12/05 02:00:31 visual_prompt]: Inference (val):avg data time: 7.35e-05, avg batch time: 0.5484, average loss: 0.7623
[12/05 02:00:32 visual_prompt]: Classification results with val_mammo-cbis: top1: 58.13	rocauc: 65.99	
[12/05 02:00:32 visual_prompt]: Training 12 / 100 epoch, with learning rate 0.0009901899829374047
[12/05 02:14:40 visual_prompt]: Epoch 12 / 100: avg data time: 1.05e+01, avg batch time: 12.0934, average train loss: 0.6406
[12/05 02:16:06 visual_prompt]: Inference (val):avg data time: 7.28e-05, avg batch time: 0.5471, average loss: 1.0539
[12/05 02:16:06 visual_prompt]: Classification results with val_mammo-cbis: top1: 45.53	rocauc: 63.03	
[12/05 02:16:06 visual_prompt]: Training 13 / 100 epoch, with learning rate 0.000986663298624003
[12/05 02:29:26 visual_prompt]: Epoch 13 / 100: avg data time: 9.77e+00, avg batch time: 11.4164, average train loss: 0.6714
[12/05 02:30:59 visual_prompt]: Inference (val):avg data time: 7.00e-05, avg batch time: 0.5452, average loss: 0.6856
[12/05 02:30:59 visual_prompt]: Classification results with val_mammo-cbis: top1: 64.23	rocauc: 68.14	
[12/05 02:30:59 visual_prompt]: Stopping early.
[12/05 02:30:59 visual_prompt]: Rank of current process: 0. World size: 1
[12/05 02:30:59 visual_prompt]: Environment info:
-------------------  -------------------------------------------------
Python               3.11.5 (main, Sep 11 2023, 13:54:46) [GCC 11.2.0]
ENV_MODULE           <not set>
PyTorch              2.0.1+cu118
PyTorch Debug Build  False
CUDA available       True
CUDA ID              0
GPU 0                NVIDIA A40
Pillow               9.3.0
cv2                  4.8.0
-------------------  -------------------------------------------------
PyTorch built with:
  - GCC 9.3
  - C++ Version: 201703
  - Intel(R) oneAPI Math Kernel Library Version 2022.2-Product Build 20220804 for Intel(R) 64 architecture applications
  - Intel(R) MKL-DNN v2.7.3 (Git Hash 6dbeffbae1f23cbbeae17adb7b5b13f1f37c080e)
  - OpenMP 201511 (a.k.a. OpenMP 4.5)
  - LAPACK is enabled (usually provided by MKL)
  - NNPACK is enabled
  - CPU capability usage: AVX2
  - CUDA Runtime 11.8
  - NVCC architecture flags: -gencode;arch=compute_37,code=sm_37;-gencode;arch=compute_50,code=sm_50;-gencode;arch=compute_60,code=sm_60;-gencode;arch=compute_70,code=sm_70;-gencode;arch=compute_75,code=sm_75;-gencode;arch=compute_80,code=sm_80;-gencode;arch=compute_86,code=sm_86;-gencode;arch=compute_90,code=sm_90
  - CuDNN 8.7
  - Magma 2.6.1
  - Build settings: BLAS_INFO=mkl, BUILD_TYPE=Release, CUDA_VERSION=11.8, CUDNN_VERSION=8.7.0, CXX_COMPILER=/opt/rh/devtoolset-9/root/usr/bin/c++, CXX_FLAGS= -D_GLIBCXX_USE_CXX11_ABI=0 -fabi-version=11 -Wno-deprecated -fvisibility-inlines-hidden -DUSE_PTHREADPOOL -DNDEBUG -DUSE_KINETO -DLIBKINETO_NOROCTRACER -DUSE_FBGEMM -DUSE_QNNPACK -DUSE_PYTORCH_QNNPACK -DUSE_XNNPACK -DSYMBOLICATE_MOBILE_DEBUG_HANDLE -O2 -fPIC -Wall -Wextra -Werror=return-type -Werror=non-virtual-dtor -Werror=bool-operation -Wnarrowing -Wno-missing-field-initializers -Wno-type-limits -Wno-array-bounds -Wno-unknown-pragmas -Wunused-local-typedefs -Wno-unused-parameter -Wno-unused-function -Wno-unused-result -Wno-strict-overflow -Wno-strict-aliasing -Wno-error=deprecated-declarations -Wno-stringop-overflow -Wno-psabi -Wno-error=pedantic -Wno-error=redundant-decls -Wno-error=old-style-cast -fdiagnostics-color=always -faligned-new -Wno-unused-but-set-variable -Wno-maybe-uninitialized -fno-math-errno -fno-trapping-math -Werror=format -Werror=cast-function-type -Wno-stringop-overflow, LAPACK_INFO=mkl, PERF_WITH_AVX=1, PERF_WITH_AVX2=1, PERF_WITH_AVX512=1, TORCH_DISABLE_GPU_ASSERTS=ON, TORCH_VERSION=2.0.1, USE_CUDA=ON, USE_CUDNN=ON, USE_EXCEPTION_PTR=1, USE_GFLAGS=OFF, USE_GLOG=OFF, USE_MKL=ON, USE_MKLDNN=ON, USE_MPI=OFF, USE_NCCL=1, USE_NNPACK=ON, USE_OPENMP=ON, USE_ROCM=OFF, 

[12/05 02:30:59 visual_prompt]: Command line arguments: Namespace(config_file='visual_prompt_tuning/configs/finetune/cub.yaml', train_type='finetune', opts=['MODEL.TYPE', 'vit', 'DATA.BATCH_SIZE', '32', 'MODEL.PROMPT.NUM_TOKENS', '50', 'MODEL.PROMPT.DEEP', 'True', 'MODEL.PROMPT.DROPOUT', '0.1', 'DATA.FEATURE', 'sup_vitb16_imagenet21k', 'DATA.IMGSIZE', '500', 'DATA.NAME', 'mammo-cbis', 'DATA.NUMBER_CLASSES', '2', 'DATA.CROP', 'False', 'MODEL.MODEL_ROOT', 'visual_prompt_tuning/model_root', 'DATA.DATAPATH', 'visual_prompt_tuning/data_path', 'OUTPUT_DIR', 'visual_prompt_tuning/output_dir', 'SOLVER.PATIENCE', '7', 'SOLVER.CRITERION', 'loss', 'RECORD_GPU_SNAPSHOT', 'True'])
[12/05 02:30:59 visual_prompt]: Contents of args.config_file=visual_prompt_tuning/configs/finetune/cub.yaml:
_BASE_: "../base-finetune.yaml"
RUN_N_TIMES: 1
DATA:
  NAME: "CUB"
  DATAPATH: ""  #TODO: need to specify here
  NUMBER_CLASSES: 200
  MULTILABEL: False
  FEATURE: "imagenet_supervised"  # need to tune
MODEL:
  TYPE: "vit"
SOLVER:
  BASE_LR: 0.00375
  WEIGHT_DECAY: 0.01

[12/05 02:30:59 visual_prompt]: Training with config:
[12/05 02:30:59 visual_prompt]: CfgNode({'DBG': False, 'OUTPUT_DIR': 'visual_prompt_tuning/output_dir/mammo-cbis/sup_vitb16_imagenet21k/end2end/size500/val/seed0/lr0.0005_wd0.01/patience7/run1', 'RUN_N_TIMES': 1, 'CUDNN_BENCHMARK': False, 'NUM_GPUS': 1, 'NUM_SHARDS': 1, 'SEED': 0, 'MODEL': CfgNode({'TRANSFER_TYPE': 'end2end', 'WEIGHT_PATH': '', 'SAVE_CKPT': False, 'MODEL_ROOT': 'visual_prompt_tuning/model_root', 'TYPE': 'vit', 'MLP_NUM': 0, 'LINEAR': CfgNode({'MLP_SIZES': [], 'DROPOUT': 0.1}), 'PROMPT': CfgNode({'NUM_TOKENS': 50, 'LOCATION': 'prepend', 'INITIATION': 'random', 'CLSEMB_FOLDER': '', 'CLSEMB_PATH': '', 'PROJECT': -1, 'DEEP': True, 'NUM_DEEP_LAYERS': None, 'REVERSE_DEEP': False, 'DEEP_SHARED': False, 'FORWARD_DEEP_NOEXPAND': False, 'VIT_POOL_TYPE': 'original', 'DROPOUT': 0.1, 'SAVE_FOR_EACH_EPOCH': False}), 'ADAPTER': CfgNode({'REDUCATION_FACTOR': 8, 'STYLE': 'Pfeiffer'})}), 'SOLVER': CfgNode({'LOSS': 'softmax', 'LOSS_ALPHA': 0.01, 'OPTIMIZER': 'adamw', 'MOMENTUM': 0.9, 'WEIGHT_DECAY': 0.01, 'WEIGHT_DECAY_BIAS': 0, 'PATIENCE': 7, 'CRITERION': 'loss', 'SCHEDULER': 'cosine', 'BASE_LR': 0.0005, 'BIAS_MULTIPLIER': 1.0, 'WARMUP_EPOCH': 5, 'TOTAL_EPOCH': 100, 'LOG_EVERY_N': 100, 'DBG_TRAINABLE': False}), 'DATA': CfgNode({'NAME': 'mammo-cbis', 'DATAPATH': 'visual_prompt_tuning/data_path', 'FEATURE': 'sup_vitb16_imagenet21k', 'PERCENTAGE': 1.0, 'NUMBER_CLASSES': 2, 'MULTILABEL': False, 'CLASS_WEIGHTS_TYPE': 'none', 'IMGSIZE': 500, 'CROP': False, 'NO_TEST': False, 'BATCH_SIZE': 32, 'NUM_WORKERS': 8, 'PIN_MEMORY': True}), 'RECORD_GPU_SNAPSHOT': True})
[12/05 02:30:59 visual_prompt]: Loading training data...
[12/05 02:30:59 visual_prompt]: Constructing mammo-cbis dataset train...
[12/05 02:30:59 visual_prompt]: Loading validation data...
[12/05 02:30:59 visual_prompt]: Constructing mammo-cbis dataset val...
[12/05 02:30:59 visual_prompt]: Constructing models...
[INFO: vit.py:  342]: load_pretrained: resized variant: torch.Size([1, 197, 768]) to torch.Size([1, 962, 768])
load_pretrained: grid-size from 14 to 31
[12/05 02:31:03 visual_prompt]: Enable all parameters update during training
[12/05 02:31:03 visual_prompt]: Total Parameters: 86387714	 Gradient Parameters: 86387714
[12/05 02:31:03 visual_prompt]: tuned percent:100.000
[12/05 02:31:03 visual_prompt]: Device used for model: 0
[12/05 02:31:03 visual_prompt]: Setting up Evaluator...
[12/05 02:31:03 visual_prompt]: Setting up Trainer...
[12/05 02:31:03 visual_prompt]: 	Setting up the optimizer...
[12/05 02:31:03 visual_prompt]: Training 1 / 100 epoch, with learning rate 0.0
[12/05 02:44:16 visual_prompt]: Epoch 1 / 100: avg data time: 9.64e+00, avg batch time: 11.3119, average train loss: 7.2132
[12/05 02:45:52 visual_prompt]: Inference (val):avg data time: 7.04e-05, avg batch time: 0.5467, average loss: 6.3986
[12/05 02:45:52 visual_prompt]: Classification results with val_mammo-cbis: top1: 45.53	rocauc: 52.67	
[12/05 02:45:52 visual_prompt]: Training 2 / 100 epoch, with learning rate 0.0001
[12/05 02:59:01 visual_prompt]: Epoch 2 / 100: avg data time: 9.60e+00, avg batch time: 11.2634, average train loss: 1.6827
[12/05 03:00:38 visual_prompt]: Inference (val):avg data time: 8.32e-05, avg batch time: 0.5465, average loss: 0.7133
[12/05 03:00:38 visual_prompt]: Classification results with val_mammo-cbis: top1: 54.88	rocauc: 61.15	
[12/05 03:00:38 visual_prompt]: Training 3 / 100 epoch, with learning rate 0.0002
[12/05 03:13:56 visual_prompt]: Epoch 3 / 100: avg data time: 9.73e+00, avg batch time: 11.3911, average train loss: 0.8608
[12/05 03:15:26 visual_prompt]: Inference (val):avg data time: 2.79e-05, avg batch time: 0.5481, average loss: 0.8958
[12/05 03:15:26 visual_prompt]: Classification results with val_mammo-cbis: top1: 54.88	rocauc: 65.75	
[12/05 03:15:26 visual_prompt]: Training 4 / 100 epoch, with learning rate 0.0003
Traceback (most recent call last):
  File "/home/s1952889/final-project/implementation/visual_prompt_tuning/tune_cbis.py", line 114, in <module>
    main(args)
  File "/home/s1952889/final-project/implementation/visual_prompt_tuning/tune_cbis.py", line 98, in main
    explore_lrwd_range(args)
  File "/home/s1952889/final-project/implementation/visual_prompt_tuning/tune_cbis.py", line 94, in explore_lrwd_range
    train(cfg, args, test=False)
  File "/home/s1952889/final-project/implementation/visual_prompt_tuning/tune_cbis.py", line 42, in train
    trainer.train_classifier(train_loader, val_loader, test_loader)
  File "/home/s1952889/final-project/implementation/visual_prompt_tuning/src/engine/trainer.py", line 187, in train_classifier
    train_loss, _ = self.forward_one_batch(X, targets, True)
                    ^^^^^^^^^^^^^^^^^^^^^^^^^^^^^^^^^^^^^^^^
  File "/home/s1952889/final-project/implementation/visual_prompt_tuning/src/engine/trainer.py", line 120, in forward_one_batch
    loss.backward()
  File "/home/s1952889/miniconda3/envs/prompt/lib/python3.11/site-packages/torch/_tensor.py", line 487, in backward
    torch.autograd.backward(
  File "/home/s1952889/miniconda3/envs/prompt/lib/python3.11/site-packages/torch/autograd/__init__.py", line 200, in backward
    Variable._execution_engine.run_backward(  # Calls into the C++ engine to run the backward pass
torch.cuda.OutOfMemoryError: CUDA out of memory. Tried to allocate 1.32 GiB (GPU 0; 44.35 GiB total capacity; 40.46 GiB already allocated; 1.06 GiB free; 42.94 GiB reserved in total by PyTorch) If reserved memory is >> allocated memory try setting max_split_size_mb to avoid fragmentation.  See documentation for Memory Management and PYTORCH_CUDA_ALLOC_CONF
/bin/bash: /home/s1952889/miniconda3/envs/prompt/lib/libtinfo.so.6: no version information available (required by /bin/bash)
