/bin/bash: /home/s1952889/miniconda3/envs/prompt/lib/libtinfo.so.6: no version information available (required by /bin/bash)
An exception occurred in telemetry logging.Disabling telemetry to prevent further exceptions.
Traceback (most recent call last):
  File "/home/s1952889/miniconda3/envs/prompt/lib/python3.11/site-packages/iopath/common/file_io.py", line 946, in __log_tmetry_keys
    handler.log_event()
  File "/home/s1952889/miniconda3/envs/prompt/lib/python3.11/site-packages/iopath/common/event_logger.py", line 97, in log_event
    del self._evt
        ^^^^^^^^^
AttributeError: 'NativePathHandler' object has no attribute '_evt'
Namespace(config_file='visual_prompt_tuning/configs/prompt/cub.yaml', train_type='prompt', opts=['MODEL.TYPE', 'vit', 'DATA.BATCH_SIZE', '64', 'MODEL.PROMPT.NUM_TOKENS', '50', 'MODEL.PROMPT.DEEP', 'True', 'MODEL.PROMPT.DROPOUT', '0.1', 'DATA.FEATURE', 'sup_vitb16_imagenet21k', 'DATA.IMGSIZE', '200', 'DATA.NAME', 'mammo-cbis', 'DATA.NUMBER_CLASSES', '2', 'DATA.CROP', 'False', 'MODEL.MODEL_ROOT', 'visual_prompt_tuning/model_root', 'DATA.DATAPATH', 'visual_prompt_tuning/data_path', 'OUTPUT_DIR', 'visual_prompt_tuning/output_dir', 'SOLVER.PATIENCE', '21', 'SOLVER.CRITERION', 'loss', 'RECORD_GPU_SNAPSHOT', 'True'])
[12/03 15:28:03 visual_prompt]: Rank of current process: 0. World size: 1
[12/03 15:28:04 visual_prompt]: Environment info:
-------------------  -------------------------------------------------
Python               3.11.5 (main, Sep 11 2023, 13:54:46) [GCC 11.2.0]
ENV_MODULE           <not set>
PyTorch              2.0.1+cu118
PyTorch Debug Build  False
CUDA available       True
CUDA ID              2
GPU 0                NVIDIA A40
Pillow               9.3.0
cv2                  4.8.0
-------------------  -------------------------------------------------
PyTorch built with:
  - GCC 9.3
  - C++ Version: 201703
  - Intel(R) oneAPI Math Kernel Library Version 2022.2-Product Build 20220804 for Intel(R) 64 architecture applications
  - Intel(R) MKL-DNN v2.7.3 (Git Hash 6dbeffbae1f23cbbeae17adb7b5b13f1f37c080e)
  - OpenMP 201511 (a.k.a. OpenMP 4.5)
  - LAPACK is enabled (usually provided by MKL)
  - NNPACK is enabled
  - CPU capability usage: AVX2
  - CUDA Runtime 11.8
  - NVCC architecture flags: -gencode;arch=compute_37,code=sm_37;-gencode;arch=compute_50,code=sm_50;-gencode;arch=compute_60,code=sm_60;-gencode;arch=compute_70,code=sm_70;-gencode;arch=compute_75,code=sm_75;-gencode;arch=compute_80,code=sm_80;-gencode;arch=compute_86,code=sm_86;-gencode;arch=compute_90,code=sm_90
  - CuDNN 8.7
  - Magma 2.6.1
  - Build settings: BLAS_INFO=mkl, BUILD_TYPE=Release, CUDA_VERSION=11.8, CUDNN_VERSION=8.7.0, CXX_COMPILER=/opt/rh/devtoolset-9/root/usr/bin/c++, CXX_FLAGS= -D_GLIBCXX_USE_CXX11_ABI=0 -fabi-version=11 -Wno-deprecated -fvisibility-inlines-hidden -DUSE_PTHREADPOOL -DNDEBUG -DUSE_KINETO -DLIBKINETO_NOROCTRACER -DUSE_FBGEMM -DUSE_QNNPACK -DUSE_PYTORCH_QNNPACK -DUSE_XNNPACK -DSYMBOLICATE_MOBILE_DEBUG_HANDLE -O2 -fPIC -Wall -Wextra -Werror=return-type -Werror=non-virtual-dtor -Werror=bool-operation -Wnarrowing -Wno-missing-field-initializers -Wno-type-limits -Wno-array-bounds -Wno-unknown-pragmas -Wunused-local-typedefs -Wno-unused-parameter -Wno-unused-function -Wno-unused-result -Wno-strict-overflow -Wno-strict-aliasing -Wno-error=deprecated-declarations -Wno-stringop-overflow -Wno-psabi -Wno-error=pedantic -Wno-error=redundant-decls -Wno-error=old-style-cast -fdiagnostics-color=always -faligned-new -Wno-unused-but-set-variable -Wno-maybe-uninitialized -fno-math-errno -fno-trapping-math -Werror=format -Werror=cast-function-type -Wno-stringop-overflow, LAPACK_INFO=mkl, PERF_WITH_AVX=1, PERF_WITH_AVX2=1, PERF_WITH_AVX512=1, TORCH_DISABLE_GPU_ASSERTS=ON, TORCH_VERSION=2.0.1, USE_CUDA=ON, USE_CUDNN=ON, USE_EXCEPTION_PTR=1, USE_GFLAGS=OFF, USE_GLOG=OFF, USE_MKL=ON, USE_MKLDNN=ON, USE_MPI=OFF, USE_NCCL=1, USE_NNPACK=ON, USE_OPENMP=ON, USE_ROCM=OFF, 

[12/03 15:28:04 visual_prompt]: Command line arguments: Namespace(config_file='visual_prompt_tuning/configs/prompt/cub.yaml', train_type='prompt', opts=['MODEL.TYPE', 'vit', 'DATA.BATCH_SIZE', '64', 'MODEL.PROMPT.NUM_TOKENS', '50', 'MODEL.PROMPT.DEEP', 'True', 'MODEL.PROMPT.DROPOUT', '0.1', 'DATA.FEATURE', 'sup_vitb16_imagenet21k', 'DATA.IMGSIZE', '200', 'DATA.NAME', 'mammo-cbis', 'DATA.NUMBER_CLASSES', '2', 'DATA.CROP', 'False', 'MODEL.MODEL_ROOT', 'visual_prompt_tuning/model_root', 'DATA.DATAPATH', 'visual_prompt_tuning/data_path', 'OUTPUT_DIR', 'visual_prompt_tuning/output_dir', 'SOLVER.PATIENCE', '21', 'SOLVER.CRITERION', 'loss', 'RECORD_GPU_SNAPSHOT', 'True'])
[12/03 15:28:04 visual_prompt]: Contents of args.config_file=visual_prompt_tuning/configs/prompt/cub.yaml:
_BASE_: "../base-prompt.yaml"
RUN_N_TIMES: 1
DATA:
  NAME: "CUB"
  DATAPATH: ""  #TODO: need to specify here
  NUMBER_CLASSES: 200
  MULTILABEL: False
MODEL:
  TYPE: "vit"
SOLVER:
  BASE_LR: 0.1
  WEIGHT_DECAY: 0.01
[12/03 15:28:04 visual_prompt]: Training with config:
[12/03 15:28:04 visual_prompt]: CfgNode({'DBG': False, 'OUTPUT_DIR': 'visual_prompt_tuning/output_dir/mammo-cbis/sup_vitb16_imagenet21k/prompt50/size200/val/seed0/lr50.0_wd0.01/patience21/run1', 'RUN_N_TIMES': 1, 'CUDNN_BENCHMARK': False, 'NUM_GPUS': 1, 'NUM_SHARDS': 1, 'SEED': 0, 'MODEL': CfgNode({'TRANSFER_TYPE': 'prompt', 'WEIGHT_PATH': '', 'SAVE_CKPT': False, 'MODEL_ROOT': 'visual_prompt_tuning/model_root', 'TYPE': 'vit', 'MLP_NUM': 0, 'LINEAR': CfgNode({'MLP_SIZES': [], 'DROPOUT': 0.1}), 'PROMPT': CfgNode({'NUM_TOKENS': 50, 'LOCATION': 'prepend', 'INITIATION': 'random', 'CLSEMB_FOLDER': '', 'CLSEMB_PATH': '', 'PROJECT': -1, 'DEEP': True, 'NUM_DEEP_LAYERS': None, 'REVERSE_DEEP': False, 'DEEP_SHARED': False, 'FORWARD_DEEP_NOEXPAND': False, 'VIT_POOL_TYPE': 'original', 'DROPOUT': 0.1, 'SAVE_FOR_EACH_EPOCH': False}), 'ADAPTER': CfgNode({'REDUCATION_FACTOR': 8, 'STYLE': 'Pfeiffer'})}), 'SOLVER': CfgNode({'LOSS': 'softmax', 'LOSS_ALPHA': 0.01, 'OPTIMIZER': 'sgd', 'MOMENTUM': 0.9, 'WEIGHT_DECAY': 0.01, 'WEIGHT_DECAY_BIAS': 0, 'PATIENCE': 21, 'CRITERION': 'loss', 'SCHEDULER': 'cosine', 'BASE_LR': 50.0, 'BIAS_MULTIPLIER': 1.0, 'WARMUP_EPOCH': 10, 'TOTAL_EPOCH': 100, 'LOG_EVERY_N': 100, 'DBG_TRAINABLE': False}), 'DATA': CfgNode({'NAME': 'mammo-cbis', 'DATAPATH': 'visual_prompt_tuning/data_path', 'FEATURE': 'sup_vitb16_imagenet21k', 'PERCENTAGE': 1.0, 'NUMBER_CLASSES': 2, 'MULTILABEL': False, 'CLASS_WEIGHTS_TYPE': 'none', 'IMGSIZE': 200, 'CROP': False, 'NO_TEST': False, 'BATCH_SIZE': 64, 'NUM_WORKERS': 4, 'PIN_MEMORY': True}), 'RECORD_GPU_SNAPSHOT': True})
[12/03 15:28:04 visual_prompt]: Loading training data...
[12/03 15:28:04 visual_prompt]: Constructing mammo-cbis dataset train...
[12/03 15:28:05 visual_prompt]: Loading validation data...
[12/03 15:28:05 visual_prompt]: Constructing mammo-cbis dataset val...
[12/03 15:28:05 visual_prompt]: Constructing models...
[INFO: vit.py:  342]: load_pretrained: resized variant: torch.Size([1, 197, 768]) to torch.Size([1, 145, 768])
load_pretrained: grid-size from 14 to 12
[12/03 15:28:28 visual_prompt]: Total Parameters: 86221058	 Gradient Parameters: 462338
[12/03 15:28:28 visual_prompt]: tuned percent:0.536
[12/03 15:28:28 visual_prompt]: Device used for model: 0
[12/03 15:28:28 visual_prompt]: Setting up Evaluator...
[12/03 15:28:28 visual_prompt]: Setting up Trainer...
[12/03 15:28:28 visual_prompt]: 	Setting up the optimizer...
[12/03 15:28:28 visual_prompt]: Training 1 / 100 epoch, with learning rate 0.0
[12/03 15:43:07 visual_prompt]: Epoch 1 / 100: avg data time: 2.47e+01, avg batch time: 25.1046, average train loss: 1.4006
[12/03 15:44:37 visual_prompt]: Inference (val):avg data time: 2.99e-05, avg batch time: 0.1539, average loss: 1.2987
[12/03 15:44:37 visual_prompt]: Classification results with val_mammo-cbis: top1: 54.88	rocauc: 48.17	
[12/03 15:44:37 visual_prompt]: Training 2 / 100 epoch, with learning rate 5.0
[12/03 15:54:43 visual_prompt]: Epoch 2 / 100: avg data time: 1.70e+01, avg batch time: 17.3013, average train loss: 38.8544
[12/03 15:55:52 visual_prompt]: Inference (val):avg data time: 3.09e-05, avg batch time: 0.1556, average loss: 17.6618
[12/03 15:55:52 visual_prompt]: Classification results with val_mammo-cbis: top1: 45.12	rocauc: 46.15	
[12/03 15:55:52 visual_prompt]: Training 3 / 100 epoch, with learning rate 10.0
[12/03 16:05:58 visual_prompt]: Epoch 3 / 100: avg data time: 1.70e+01, avg batch time: 17.3175, average train loss: 15.0482
[12/03 16:07:07 visual_prompt]: Inference (val):avg data time: 2.86e-05, avg batch time: 0.1536, average loss: 22.0637
[12/03 16:07:07 visual_prompt]: Classification results with val_mammo-cbis: top1: 54.88	rocauc: 49.09	
[12/03 16:07:07 visual_prompt]: Training 4 / 100 epoch, with learning rate 15.0
[12/03 16:17:13 visual_prompt]: Epoch 4 / 100: avg data time: 1.70e+01, avg batch time: 17.3185, average train loss: 32.4390
[12/03 16:18:22 visual_prompt]: Inference (val):avg data time: 2.40e-05, avg batch time: 0.1547, average loss: 19.5226
[12/03 16:18:22 visual_prompt]: Classification results with val_mammo-cbis: top1: 54.88	rocauc: 50.86	
[12/03 16:18:22 visual_prompt]: Training 5 / 100 epoch, with learning rate 20.0
[12/03 16:28:27 visual_prompt]: Epoch 5 / 100: avg data time: 1.69e+01, avg batch time: 17.2977, average train loss: 49.5883
[12/03 16:29:36 visual_prompt]: Inference (val):avg data time: 2.67e-05, avg batch time: 0.1539, average loss: 36.9909
[12/03 16:29:36 visual_prompt]: Classification results with val_mammo-cbis: top1: 54.88	rocauc: 45.50	
[12/03 16:29:36 visual_prompt]: Training 6 / 100 epoch, with learning rate 25.0
[12/03 16:39:43 visual_prompt]: Epoch 6 / 100: avg data time: 1.70e+01, avg batch time: 17.3360, average train loss: 47.5241
[12/03 16:40:51 visual_prompt]: Inference (val):avg data time: 3.62e-05, avg batch time: 0.1553, average loss: 123.9785
[12/03 16:40:51 visual_prompt]: Classification results with val_mammo-cbis: top1: 54.88	rocauc: 46.33	
[12/03 16:40:51 visual_prompt]: Training 7 / 100 epoch, with learning rate 30.0
[12/03 16:50:59 visual_prompt]: Epoch 7 / 100: avg data time: 1.70e+01, avg batch time: 17.3527, average train loss: 59.3732
[12/03 16:52:08 visual_prompt]: Inference (val):avg data time: 3.61e-05, avg batch time: 0.1538, average loss: 86.1543
[12/03 16:52:08 visual_prompt]: Classification results with val_mammo-cbis: top1: 54.88	rocauc: 60.11	
[12/03 16:52:08 visual_prompt]: Training 8 / 100 epoch, with learning rate 35.0
[12/03 17:02:15 visual_prompt]: Epoch 8 / 100: avg data time: 1.70e+01, avg batch time: 17.3481, average train loss: 91.5518
[12/03 17:03:23 visual_prompt]: Inference (val):avg data time: 3.99e-05, avg batch time: 0.1544, average loss: 169.9701
[12/03 17:03:23 visual_prompt]: Classification results with val_mammo-cbis: top1: 45.12	rocauc: 50.32	
[12/03 17:03:23 visual_prompt]: Training 9 / 100 epoch, with learning rate 40.0
[12/03 17:13:31 visual_prompt]: Epoch 9 / 100: avg data time: 1.70e+01, avg batch time: 17.3453, average train loss: 108.9085
[12/03 17:14:39 visual_prompt]: Inference (val):avg data time: 3.50e-05, avg batch time: 0.1556, average loss: 25.6083
[12/03 17:14:39 visual_prompt]: Classification results with val_mammo-cbis: top1: 45.12	rocauc: 48.67	
[12/03 17:14:39 visual_prompt]: Training 10 / 100 epoch, with learning rate 45.0
[12/03 17:24:45 visual_prompt]: Epoch 10 / 100: avg data time: 1.70e+01, avg batch time: 17.3041, average train loss: 126.6833
[12/03 17:25:54 visual_prompt]: Inference (val):avg data time: 3.06e-05, avg batch time: 0.1542, average loss: 189.5743
[12/03 17:25:54 visual_prompt]: Classification results with val_mammo-cbis: top1: 54.88	rocauc: 59.85	
[12/03 17:25:54 visual_prompt]: Training 11 / 100 epoch, with learning rate 50.0
[12/03 17:36:00 visual_prompt]: Epoch 11 / 100: avg data time: 1.70e+01, avg batch time: 17.3154, average train loss: 124.0725
[12/03 17:37:09 visual_prompt]: Inference (val):avg data time: 3.05e-05, avg batch time: 0.1560, average loss: 147.6289
[12/03 17:37:09 visual_prompt]: Classification results with val_mammo-cbis: top1: 54.88	rocauc: 45.23	
[12/03 17:37:09 visual_prompt]: Training 12 / 100 epoch, with learning rate 49.9847706754774
[12/03 17:47:14 visual_prompt]: Epoch 12 / 100: avg data time: 1.69e+01, avg batch time: 17.2921, average train loss: 116.5936
[12/03 17:48:23 visual_prompt]: Inference (val):avg data time: 2.88e-05, avg batch time: 0.1535, average loss: 46.9757
[12/03 17:48:23 visual_prompt]: Classification results with val_mammo-cbis: top1: 54.88	rocauc: 47.85	
[12/03 17:48:23 visual_prompt]: Best epoch 12: best metric: -46.976
[12/03 17:48:23 visual_prompt]: Training 13 / 100 epoch, with learning rate 49.939101256495604
[12/03 17:58:27 visual_prompt]: Epoch 13 / 100: avg data time: 1.69e+01, avg batch time: 17.2754, average train loss: 176.0182
[12/03 17:59:36 visual_prompt]: Inference (val):avg data time: 3.59e-05, avg batch time: 0.1542, average loss: 7.2824
[12/03 17:59:36 visual_prompt]: Classification results with val_mammo-cbis: top1: 57.72	rocauc: 63.66	
[12/03 17:59:36 visual_prompt]: Best epoch 13: best metric: -7.282
[12/03 17:59:36 visual_prompt]: Training 14 / 100 epoch, with learning rate 49.86304738420683
[12/03 18:09:41 visual_prompt]: Epoch 14 / 100: avg data time: 1.69e+01, avg batch time: 17.2812, average train loss: 169.4078
[12/03 18:10:50 visual_prompt]: Inference (val):avg data time: 3.24e-05, avg batch time: 0.1535, average loss: 233.3345
[12/03 18:10:50 visual_prompt]: Classification results with val_mammo-cbis: top1: 45.12	rocauc: 47.57	
[12/03 18:10:50 visual_prompt]: Training 15 / 100 epoch, with learning rate 49.75670171853926
[12/03 18:20:57 visual_prompt]: Epoch 15 / 100: avg data time: 1.70e+01, avg batch time: 17.3512, average train loss: 166.6325
[12/03 18:22:06 visual_prompt]: Inference (val):avg data time: 3.27e-05, avg batch time: 0.1554, average loss: 40.4202
[12/03 18:22:06 visual_prompt]: Classification results with val_mammo-cbis: top1: 54.88	rocauc: 50.96	
[12/03 18:22:06 visual_prompt]: Training 16 / 100 epoch, with learning rate 49.6201938253052
[12/03 18:32:12 visual_prompt]: Epoch 16 / 100: avg data time: 1.69e+01, avg batch time: 17.2951, average train loss: 187.2400
[12/03 18:33:20 visual_prompt]: Inference (val):avg data time: 3.31e-05, avg batch time: 0.1569, average loss: 249.5590
[12/03 18:33:20 visual_prompt]: Classification results with val_mammo-cbis: top1: 54.88	rocauc: 49.05	
[12/03 18:33:20 visual_prompt]: Training 17 / 100 epoch, with learning rate 49.45369001834514
[12/03 18:43:26 visual_prompt]: Epoch 17 / 100: avg data time: 1.70e+01, avg batch time: 17.3054, average train loss: 152.7482
[12/03 18:44:35 visual_prompt]: Inference (val):avg data time: 3.81e-05, avg batch time: 0.1540, average loss: 19.6591
[12/03 18:44:35 visual_prompt]: Classification results with val_mammo-cbis: top1: 45.12	rocauc: 38.37	
[12/03 18:44:35 visual_prompt]: Training 18 / 100 epoch, with learning rate 49.25739315689991
[12/03 18:54:41 visual_prompt]: Epoch 18 / 100: avg data time: 1.70e+01, avg batch time: 17.3192, average train loss: 166.5243
[12/03 18:55:50 visual_prompt]: Inference (val):avg data time: 3.83e-05, avg batch time: 0.1542, average loss: 156.8853
[12/03 18:55:50 visual_prompt]: Classification results with val_mammo-cbis: top1: 54.88	rocauc: 43.56	
[12/03 18:55:50 visual_prompt]: Training 19 / 100 epoch, with learning rate 49.03154239845797
[12/03 19:05:56 visual_prompt]: Epoch 19 / 100: avg data time: 1.69e+01, avg batch time: 17.3002, average train loss: 113.6771
[12/03 19:07:04 visual_prompt]: Inference (val):avg data time: 3.23e-05, avg batch time: 0.1564, average loss: 252.9866
[12/03 19:07:04 visual_prompt]: Classification results with val_mammo-cbis: top1: 45.12	rocauc: 48.16	
[12/03 19:07:04 visual_prompt]: Training 20 / 100 epoch, with learning rate 48.77641290737884
[12/03 19:17:10 visual_prompt]: Epoch 20 / 100: avg data time: 1.70e+01, avg batch time: 17.3177, average train loss: 122.0360
[12/03 19:18:19 visual_prompt]: Inference (val):avg data time: 2.98e-05, avg batch time: 0.1559, average loss: 54.0103
[12/03 19:18:19 visual_prompt]: Classification results with val_mammo-cbis: top1: 45.12	rocauc: 39.41	
[12/03 19:18:19 visual_prompt]: Training 21 / 100 epoch, with learning rate 48.49231551964771
[12/03 19:28:26 visual_prompt]: Epoch 21 / 100: avg data time: 1.70e+01, avg batch time: 17.3316, average train loss: 128.1809
[12/03 19:29:35 visual_prompt]: Inference (val):avg data time: 3.97e-05, avg batch time: 0.1540, average loss: 19.3367
[12/03 19:29:35 visual_prompt]: Classification results with val_mammo-cbis: top1: 55.69	rocauc: 48.66	
[12/03 19:29:35 visual_prompt]: Training 22 / 100 epoch, with learning rate 48.17959636416968
[12/03 19:39:41 visual_prompt]: Epoch 22 / 100: avg data time: 1.70e+01, avg batch time: 17.3104, average train loss: 157.5015
[12/03 19:40:50 visual_prompt]: Inference (val):avg data time: 3.73e-05, avg batch time: 0.1542, average loss: 245.2502
[12/03 19:40:50 visual_prompt]: Classification results with val_mammo-cbis: top1: 45.12	rocauc: 51.83	
[12/03 19:40:50 visual_prompt]: Training 23 / 100 epoch, with learning rate 47.83863644106502
[12/03 19:50:56 visual_prompt]: Epoch 23 / 100: avg data time: 1.70e+01, avg batch time: 17.3110, average train loss: 175.6621
[12/03 19:52:05 visual_prompt]: Inference (val):avg data time: 3.23e-05, avg batch time: 0.1540, average loss: 269.9547
[12/03 19:52:05 visual_prompt]: Classification results with val_mammo-cbis: top1: 54.88	rocauc: 41.74	
[12/03 19:52:05 visual_prompt]: Training 24 / 100 epoch, with learning rate 47.46985115747918
[12/03 20:02:11 visual_prompt]: Epoch 24 / 100: avg data time: 1.70e+01, avg batch time: 17.3184, average train loss: 133.7211
[12/03 20:03:20 visual_prompt]: Inference (val):avg data time: 3.23e-05, avg batch time: 0.1559, average loss: 114.9269
[12/03 20:03:20 visual_prompt]: Classification results with val_mammo-cbis: top1: 45.12	rocauc: 47.40	
[12/03 20:03:20 visual_prompt]: Training 25 / 100 epoch, with learning rate 47.073689821473174
[12/03 20:13:28 visual_prompt]: Epoch 25 / 100: avg data time: 1.70e+01, avg batch time: 17.3545, average train loss: 138.7452
[12/03 20:14:36 visual_prompt]: Inference (val):avg data time: 3.21e-05, avg batch time: 0.1541, average loss: 99.9267
[12/03 20:14:36 visual_prompt]: Classification results with val_mammo-cbis: top1: 45.12	rocauc: 48.01	
[12/03 20:14:36 visual_prompt]: Training 26 / 100 epoch, with learning rate 46.65063509461097
[12/03 20:24:43 visual_prompt]: Epoch 26 / 100: avg data time: 1.70e+01, avg batch time: 17.3163, average train loss: 106.3788
[12/03 20:25:51 visual_prompt]: Inference (val):avg data time: 3.39e-05, avg batch time: 0.1539, average loss: 63.1781
[12/03 20:25:51 visual_prompt]: Classification results with val_mammo-cbis: top1: 45.12	rocauc: 48.47	
[12/03 20:25:51 visual_prompt]: Training 27 / 100 epoch, with learning rate 46.20120240391065
[12/03 20:35:59 visual_prompt]: Epoch 27 / 100: avg data time: 1.70e+01, avg batch time: 17.3465, average train loss: 94.4759
[12/03 20:37:08 visual_prompt]: Inference (val):avg data time: 3.06e-05, avg batch time: 0.1561, average loss: 85.6092
[12/03 20:37:08 visual_prompt]: Classification results with val_mammo-cbis: top1: 45.12	rocauc: 46.90	
[12/03 20:37:08 visual_prompt]: Training 28 / 100 epoch, with learning rate 45.72593931387604
