/bin/bash: /home/s1952889/miniconda3/envs/prompt/lib/libtinfo.so.6: no version information available (required by /bin/bash)
An exception occurred in telemetry logging.Disabling telemetry to prevent further exceptions.
Traceback (most recent call last):
  File "/home/s1952889/miniconda3/envs/prompt/lib/python3.11/site-packages/iopath/common/file_io.py", line 946, in __log_tmetry_keys
    handler.log_event()
  File "/home/s1952889/miniconda3/envs/prompt/lib/python3.11/site-packages/iopath/common/event_logger.py", line 97, in log_event
    del self._evt
        ^^^^^^^^^
AttributeError: 'NativePathHandler' object has no attribute '_evt'
Namespace(config_file='visual_prompt_tuning/configs/finetune/cub.yaml', train_type='finetune', opts=['MODEL.TYPE', 'vit', 'DATA.BATCH_SIZE', '32', 'MODEL.PROMPT.NUM_TOKENS', '50', 'MODEL.PROMPT.DEEP', 'True', 'MODEL.PROMPT.DROPOUT', '0.1', 'DATA.FEATURE', 'sup_vitb16_imagenet21k', 'DATA.IMGSIZE', '500', 'DATA.NAME', 'mammo-cbis', 'DATA.NUMBER_CLASSES', '2', 'DATA.CROP', 'False', 'MODEL.MODEL_ROOT', 'visual_prompt_tuning/model_root', 'DATA.DATAPATH', 'visual_prompt_tuning/data_path', 'OUTPUT_DIR', 'visual_prompt_tuning/output_dir', 'SOLVER.PATIENCE', '7', 'SOLVER.CRITERION', 'loss'])
[11/20 01:15:07 visual_prompt]: Rank of current process: 0. World size: 1
[11/20 01:15:07 visual_prompt]: Environment info:
-------------------  -------------------------------------------------
Python               3.11.5 (main, Sep 11 2023, 13:54:46) [GCC 11.2.0]
ENV_MODULE           <not set>
PyTorch              2.0.1+cu118
PyTorch Debug Build  False
CUDA available       True
CUDA ID              0
GPU 0                NVIDIA A40
Pillow               9.3.0
cv2                  4.8.0
-------------------  -------------------------------------------------
PyTorch built with:
  - GCC 9.3
  - C++ Version: 201703
  - Intel(R) oneAPI Math Kernel Library Version 2022.2-Product Build 20220804 for Intel(R) 64 architecture applications
  - Intel(R) MKL-DNN v2.7.3 (Git Hash 6dbeffbae1f23cbbeae17adb7b5b13f1f37c080e)
  - OpenMP 201511 (a.k.a. OpenMP 4.5)
  - LAPACK is enabled (usually provided by MKL)
  - NNPACK is enabled
  - CPU capability usage: AVX2
  - CUDA Runtime 11.8
  - NVCC architecture flags: -gencode;arch=compute_37,code=sm_37;-gencode;arch=compute_50,code=sm_50;-gencode;arch=compute_60,code=sm_60;-gencode;arch=compute_70,code=sm_70;-gencode;arch=compute_75,code=sm_75;-gencode;arch=compute_80,code=sm_80;-gencode;arch=compute_86,code=sm_86;-gencode;arch=compute_90,code=sm_90
  - CuDNN 8.7
  - Magma 2.6.1
  - Build settings: BLAS_INFO=mkl, BUILD_TYPE=Release, CUDA_VERSION=11.8, CUDNN_VERSION=8.7.0, CXX_COMPILER=/opt/rh/devtoolset-9/root/usr/bin/c++, CXX_FLAGS= -D_GLIBCXX_USE_CXX11_ABI=0 -fabi-version=11 -Wno-deprecated -fvisibility-inlines-hidden -DUSE_PTHREADPOOL -DNDEBUG -DUSE_KINETO -DLIBKINETO_NOROCTRACER -DUSE_FBGEMM -DUSE_QNNPACK -DUSE_PYTORCH_QNNPACK -DUSE_XNNPACK -DSYMBOLICATE_MOBILE_DEBUG_HANDLE -O2 -fPIC -Wall -Wextra -Werror=return-type -Werror=non-virtual-dtor -Werror=bool-operation -Wnarrowing -Wno-missing-field-initializers -Wno-type-limits -Wno-array-bounds -Wno-unknown-pragmas -Wunused-local-typedefs -Wno-unused-parameter -Wno-unused-function -Wno-unused-result -Wno-strict-overflow -Wno-strict-aliasing -Wno-error=deprecated-declarations -Wno-stringop-overflow -Wno-psabi -Wno-error=pedantic -Wno-error=redundant-decls -Wno-error=old-style-cast -fdiagnostics-color=always -faligned-new -Wno-unused-but-set-variable -Wno-maybe-uninitialized -fno-math-errno -fno-trapping-math -Werror=format -Werror=cast-function-type -Wno-stringop-overflow, LAPACK_INFO=mkl, PERF_WITH_AVX=1, PERF_WITH_AVX2=1, PERF_WITH_AVX512=1, TORCH_DISABLE_GPU_ASSERTS=ON, TORCH_VERSION=2.0.1, USE_CUDA=ON, USE_CUDNN=ON, USE_EXCEPTION_PTR=1, USE_GFLAGS=OFF, USE_GLOG=OFF, USE_MKL=ON, USE_MKLDNN=ON, USE_MPI=OFF, USE_NCCL=1, USE_NNPACK=ON, USE_OPENMP=ON, USE_ROCM=OFF, 

[11/20 01:15:07 visual_prompt]: Command line arguments: Namespace(config_file='visual_prompt_tuning/configs/finetune/cub.yaml', train_type='finetune', opts=['MODEL.TYPE', 'vit', 'DATA.BATCH_SIZE', '32', 'MODEL.PROMPT.NUM_TOKENS', '50', 'MODEL.PROMPT.DEEP', 'True', 'MODEL.PROMPT.DROPOUT', '0.1', 'DATA.FEATURE', 'sup_vitb16_imagenet21k', 'DATA.IMGSIZE', '500', 'DATA.NAME', 'mammo-cbis', 'DATA.NUMBER_CLASSES', '2', 'DATA.CROP', 'False', 'MODEL.MODEL_ROOT', 'visual_prompt_tuning/model_root', 'DATA.DATAPATH', 'visual_prompt_tuning/data_path', 'OUTPUT_DIR', 'visual_prompt_tuning/output_dir', 'SOLVER.PATIENCE', '7', 'SOLVER.CRITERION', 'loss'])
[11/20 01:15:07 visual_prompt]: Contents of args.config_file=visual_prompt_tuning/configs/finetune/cub.yaml:
_BASE_: "../base-finetune.yaml"
RUN_N_TIMES: 1
DATA:
  NAME: "CUB"
  DATAPATH: ""  #TODO: need to specify here
  NUMBER_CLASSES: 200
  MULTILABEL: False
  FEATURE: "imagenet_supervised"  # need to tune
MODEL:
  TYPE: "vit"
SOLVER:
  BASE_LR: 0.00375
  WEIGHT_DECAY: 0.01

[11/20 01:15:07 visual_prompt]: Training with config:
[11/20 01:15:07 visual_prompt]: CfgNode({'DBG': False, 'OUTPUT_DIR': 'visual_prompt_tuning/output_dir/mammo-cbis/sup_vitb16_imagenet21k/end2end/size500/val/seed0/lr0.005_wd0.01/patience7/run1', 'RUN_N_TIMES': 1, 'CUDNN_BENCHMARK': False, 'NUM_GPUS': 1, 'NUM_SHARDS': 1, 'SEED': 0, 'MODEL': CfgNode({'TRANSFER_TYPE': 'end2end', 'WEIGHT_PATH': '', 'SAVE_CKPT': False, 'MODEL_ROOT': 'visual_prompt_tuning/model_root', 'TYPE': 'vit', 'MLP_NUM': 0, 'LINEAR': CfgNode({'MLP_SIZES': [], 'DROPOUT': 0.1}), 'PROMPT': CfgNode({'NUM_TOKENS': 50, 'LOCATION': 'prepend', 'INITIATION': 'random', 'CLSEMB_FOLDER': '', 'CLSEMB_PATH': '', 'PROJECT': -1, 'DEEP': True, 'NUM_DEEP_LAYERS': None, 'REVERSE_DEEP': False, 'DEEP_SHARED': False, 'FORWARD_DEEP_NOEXPAND': False, 'VIT_POOL_TYPE': 'original', 'DROPOUT': 0.1, 'SAVE_FOR_EACH_EPOCH': False}), 'ADAPTER': CfgNode({'REDUCATION_FACTOR': 8, 'STYLE': 'Pfeiffer'})}), 'SOLVER': CfgNode({'LOSS': 'softmax', 'LOSS_ALPHA': 0.01, 'OPTIMIZER': 'adamw', 'MOMENTUM': 0.9, 'WEIGHT_DECAY': 0.01, 'WEIGHT_DECAY_BIAS': 0, 'PATIENCE': 7, 'CRITERION': 'loss', 'SCHEDULER': 'cosine', 'BASE_LR': 0.005, 'BIAS_MULTIPLIER': 1.0, 'WARMUP_EPOCH': 5, 'TOTAL_EPOCH': 100, 'LOG_EVERY_N': 100, 'DBG_TRAINABLE': False}), 'DATA': CfgNode({'NAME': 'mammo-cbis', 'DATAPATH': 'visual_prompt_tuning/data_path', 'FEATURE': 'sup_vitb16_imagenet21k', 'PERCENTAGE': 1.0, 'NUMBER_CLASSES': 2, 'MULTILABEL': False, 'CLASS_WEIGHTS_TYPE': 'none', 'IMGSIZE': 500, 'CROP': False, 'NO_TEST': False, 'BATCH_SIZE': 32, 'NUM_WORKERS': 8, 'PIN_MEMORY': True})})
[11/20 01:15:07 visual_prompt]: Loading training data...
[11/20 01:15:07 visual_prompt]: Constructing mammo-cbis dataset train...
[11/20 01:15:07 visual_prompt]: Loading validation data...
[11/20 01:15:07 visual_prompt]: Constructing mammo-cbis dataset val...
[11/20 01:15:07 visual_prompt]: Constructing models...
[INFO: vit.py:  342]: load_pretrained: resized variant: torch.Size([1, 197, 768]) to torch.Size([1, 962, 768])
load_pretrained: grid-size from 14 to 31
[11/20 01:15:09 visual_prompt]: Enable all parameters update during training
[11/20 01:15:09 visual_prompt]: Total Parameters: 86387714	 Gradient Parameters: 86387714
[11/20 01:15:09 visual_prompt]: tuned percent:100.000
[11/20 01:15:10 visual_prompt]: Device used for model: 0
[11/20 01:15:10 visual_prompt]: Setting up Evaluator...
[11/20 01:15:10 visual_prompt]: Setting up Trainer...
[11/20 01:15:10 visual_prompt]: 	Setting up the optimizer...
[11/20 01:15:10 visual_prompt]: Training 1 / 100 epoch, with learning rate 0.0
[11/20 01:22:40 visual_prompt]: Epoch 1 / 100: avg data time: 4.78e+00, avg batch time: 6.4363, average train loss: 7.2380
[11/20 01:23:33 visual_prompt]: Inference (val):avg data time: 2.21e-05, avg batch time: 0.5434, average loss: 6.4181
[11/20 01:23:33 visual_prompt]: Classification results with val_mammo-cbis: top1: 45.53	rocauc: 52.79	
[11/20 01:23:33 visual_prompt]: Training 2 / 100 epoch, with learning rate 0.001
[11/20 01:30:45 visual_prompt]: Epoch 2 / 100: avg data time: 4.54e+00, avg batch time: 6.1710, average train loss: 2.2189
[11/20 01:31:36 visual_prompt]: Inference (val):avg data time: 2.22e-05, avg batch time: 0.5402, average loss: 0.7758
[11/20 01:31:36 visual_prompt]: Classification results with val_mammo-cbis: top1: 45.12	rocauc: 56.26	
[11/20 01:31:36 visual_prompt]: Training 3 / 100 epoch, with learning rate 0.002
[11/20 01:38:57 visual_prompt]: Epoch 3 / 100: avg data time: 4.66e+00, avg batch time: 6.2868, average train loss: 1.2899
[11/20 01:39:49 visual_prompt]: Inference (val):avg data time: 2.02e-05, avg batch time: 0.5406, average loss: 0.7019
[11/20 01:39:49 visual_prompt]: Classification results with val_mammo-cbis: top1: 55.69	rocauc: 55.90	
[11/20 01:39:49 visual_prompt]: Training 4 / 100 epoch, with learning rate 0.003
[11/20 01:47:05 visual_prompt]: Epoch 4 / 100: avg data time: 4.59e+00, avg batch time: 6.2288, average train loss: 0.8270
[11/20 01:47:57 visual_prompt]: Inference (val):avg data time: 2.23e-05, avg batch time: 0.5411, average loss: 0.7828
[11/20 01:47:57 visual_prompt]: Classification results with val_mammo-cbis: top1: 54.88	rocauc: 56.52	
[11/20 01:47:57 visual_prompt]: Training 5 / 100 epoch, with learning rate 0.004
[11/20 01:55:15 visual_prompt]: Epoch 5 / 100: avg data time: 4.63e+00, avg batch time: 6.2585, average train loss: 0.8062
[11/20 01:56:07 visual_prompt]: Inference (val):avg data time: 2.33e-05, avg batch time: 0.5419, average loss: 0.6878
[11/20 01:56:07 visual_prompt]: Classification results with val_mammo-cbis: top1: 57.32	rocauc: 56.42	
[11/20 01:56:07 visual_prompt]: Training 6 / 100 epoch, with learning rate 0.005
[11/20 02:03:22 visual_prompt]: Epoch 6 / 100: avg data time: 4.58e+00, avg batch time: 6.2121, average train loss: 0.7921
[11/20 02:04:14 visual_prompt]: Inference (val):avg data time: 2.12e-05, avg batch time: 0.5412, average loss: 0.9163
[11/20 02:04:14 visual_prompt]: Classification results with val_mammo-cbis: top1: 54.88	rocauc: 57.02	
[11/20 02:04:14 visual_prompt]: Training 7 / 100 epoch, with learning rate 0.004998633143352315
[11/20 02:11:31 visual_prompt]: Epoch 7 / 100: avg data time: 4.61e+00, avg batch time: 6.2424, average train loss: 0.8314
[11/20 02:12:23 visual_prompt]: Inference (val):avg data time: 3.11e-05, avg batch time: 0.5390, average loss: 0.7703
[11/20 02:12:23 visual_prompt]: Classification results with val_mammo-cbis: top1: 54.88	rocauc: 56.05	
[11/20 02:12:23 visual_prompt]: Best epoch 7: best metric: -0.770
[11/20 02:12:23 visual_prompt]: Training 8 / 100 epoch, with learning rate 0.004994534068046936
[11/20 02:19:34 visual_prompt]: Epoch 8 / 100: avg data time: 4.53e+00, avg batch time: 6.1530, average train loss: 0.7522
[11/20 02:20:25 visual_prompt]: Inference (val):avg data time: 2.24e-05, avg batch time: 0.5415, average loss: 1.0781
[11/20 02:20:25 visual_prompt]: Classification results with val_mammo-cbis: top1: 45.12	rocauc: 57.03	
[11/20 02:20:25 visual_prompt]: Training 9 / 100 epoch, with learning rate 0.0049877072563625285
[11/20 02:27:42 visual_prompt]: Epoch 9 / 100: avg data time: 4.61e+00, avg batch time: 6.2416, average train loss: 0.8140
[11/20 02:28:35 visual_prompt]: Inference (val):avg data time: 2.07e-05, avg batch time: 0.5393, average loss: 0.7573
[11/20 02:28:35 visual_prompt]: Classification results with val_mammo-cbis: top1: 45.12	rocauc: 56.74	
[11/20 02:28:35 visual_prompt]: Best epoch 9: best metric: -0.757
[11/20 02:28:35 visual_prompt]: Training 10 / 100 epoch, with learning rate 0.004978160173317438
[11/20 02:35:51 visual_prompt]: Epoch 10 / 100: avg data time: 4.60e+00, avg batch time: 6.2327, average train loss: 0.8785
[11/20 02:36:43 visual_prompt]: Inference (val):avg data time: 2.32e-05, avg batch time: 0.5451, average loss: 0.6827
[11/20 02:36:43 visual_prompt]: Classification results with val_mammo-cbis: top1: 56.50	rocauc: 57.45	
[11/20 02:36:43 visual_prompt]: Best epoch 10: best metric: -0.683
[11/20 02:36:43 visual_prompt]: Training 11 / 100 epoch, with learning rate 0.004965903258506806
[11/20 02:43:57 visual_prompt]: Epoch 11 / 100: avg data time: 4.58e+00, avg batch time: 6.2062, average train loss: 0.7217
[11/20 02:44:49 visual_prompt]: Inference (val):avg data time: 2.13e-05, avg batch time: 0.5415, average loss: 0.7973
[11/20 02:44:49 visual_prompt]: Classification results with val_mammo-cbis: top1: 54.88	rocauc: 58.34	
[11/20 02:44:49 visual_prompt]: Training 12 / 100 epoch, with learning rate 0.004950949914687024
[11/20 02:52:04 visual_prompt]: Epoch 12 / 100: avg data time: 4.57e+00, avg batch time: 6.2101, average train loss: 0.7456
[11/20 02:52:56 visual_prompt]: Inference (val):avg data time: 2.01e-05, avg batch time: 0.5413, average loss: 1.1290
[11/20 02:52:56 visual_prompt]: Classification results with val_mammo-cbis: top1: 45.12	rocauc: 56.82	
[11/20 02:52:56 visual_prompt]: Training 13 / 100 epoch, with learning rate 0.0049333164931200145
[11/20 03:00:11 visual_prompt]: Epoch 13 / 100: avg data time: 4.59e+00, avg batch time: 6.2229, average train loss: 0.7775
[11/20 03:01:03 visual_prompt]: Inference (val):avg data time: 2.48e-05, avg batch time: 0.5409, average loss: 0.6973
[11/20 03:01:03 visual_prompt]: Classification results with val_mammo-cbis: top1: 58.13	rocauc: 56.33	
[11/20 03:01:03 visual_prompt]: Training 14 / 100 epoch, with learning rate 0.004913022275693372
[11/20 03:08:26 visual_prompt]: Epoch 14 / 100: avg data time: 4.69e+00, avg batch time: 6.3283, average train loss: 0.7130
[11/20 03:09:18 visual_prompt]: Inference (val):avg data time: 2.42e-05, avg batch time: 0.5423, average loss: 0.7010
[11/20 03:09:18 visual_prompt]: Classification results with val_mammo-cbis: top1: 56.10	rocauc: 57.55	
[11/20 03:09:18 visual_prompt]: Training 15 / 100 epoch, with learning rate 0.0048900894538358945
[11/20 03:16:35 visual_prompt]: Epoch 15 / 100: avg data time: 4.60e+00, avg batch time: 6.2390, average train loss: 0.7743
[11/20 03:17:26 visual_prompt]: Inference (val):avg data time: 2.24e-05, avg batch time: 0.5402, average loss: 0.7654
[11/20 03:17:26 visual_prompt]: Classification results with val_mammo-cbis: top1: 45.12	rocauc: 54.16	
[11/20 03:17:26 visual_prompt]: Training 16 / 100 epoch, with learning rate 0.004864543104251586
[11/20 03:24:40 visual_prompt]: Epoch 16 / 100: avg data time: 4.56e+00, avg batch time: 6.1878, average train loss: 0.7497
[11/20 03:25:31 visual_prompt]: Inference (val):avg data time: 2.25e-05, avg batch time: 0.5412, average loss: 0.6887
[11/20 03:25:31 visual_prompt]: Classification results with val_mammo-cbis: top1: 54.47	rocauc: 55.89	
[11/20 03:25:31 visual_prompt]: Training 17 / 100 epoch, with learning rate 0.004836411161498653
[11/20 03:32:50 visual_prompt]: Epoch 17 / 100: avg data time: 4.64e+00, avg batch time: 6.2718, average train loss: 0.7836
[11/20 03:33:42 visual_prompt]: Inference (val):avg data time: 2.24e-05, avg batch time: 0.5389, average loss: 0.8936
[11/20 03:33:42 visual_prompt]: Classification results with val_mammo-cbis: top1: 54.88	rocauc: 56.12	
[11/20 03:33:42 visual_prompt]: Stopping early.
[11/20 03:33:42 visual_prompt]: Rank of current process: 0. World size: 1
[11/20 03:33:42 visual_prompt]: Environment info:
-------------------  -------------------------------------------------
Python               3.11.5 (main, Sep 11 2023, 13:54:46) [GCC 11.2.0]
ENV_MODULE           <not set>
PyTorch              2.0.1+cu118
PyTorch Debug Build  False
CUDA available       True
CUDA ID              0
GPU 0                NVIDIA A40
Pillow               9.3.0
cv2                  4.8.0
-------------------  -------------------------------------------------
PyTorch built with:
  - GCC 9.3
  - C++ Version: 201703
  - Intel(R) oneAPI Math Kernel Library Version 2022.2-Product Build 20220804 for Intel(R) 64 architecture applications
  - Intel(R) MKL-DNN v2.7.3 (Git Hash 6dbeffbae1f23cbbeae17adb7b5b13f1f37c080e)
  - OpenMP 201511 (a.k.a. OpenMP 4.5)
  - LAPACK is enabled (usually provided by MKL)
  - NNPACK is enabled
  - CPU capability usage: AVX2
  - CUDA Runtime 11.8
  - NVCC architecture flags: -gencode;arch=compute_37,code=sm_37;-gencode;arch=compute_50,code=sm_50;-gencode;arch=compute_60,code=sm_60;-gencode;arch=compute_70,code=sm_70;-gencode;arch=compute_75,code=sm_75;-gencode;arch=compute_80,code=sm_80;-gencode;arch=compute_86,code=sm_86;-gencode;arch=compute_90,code=sm_90
  - CuDNN 8.7
  - Magma 2.6.1
  - Build settings: BLAS_INFO=mkl, BUILD_TYPE=Release, CUDA_VERSION=11.8, CUDNN_VERSION=8.7.0, CXX_COMPILER=/opt/rh/devtoolset-9/root/usr/bin/c++, CXX_FLAGS= -D_GLIBCXX_USE_CXX11_ABI=0 -fabi-version=11 -Wno-deprecated -fvisibility-inlines-hidden -DUSE_PTHREADPOOL -DNDEBUG -DUSE_KINETO -DLIBKINETO_NOROCTRACER -DUSE_FBGEMM -DUSE_QNNPACK -DUSE_PYTORCH_QNNPACK -DUSE_XNNPACK -DSYMBOLICATE_MOBILE_DEBUG_HANDLE -O2 -fPIC -Wall -Wextra -Werror=return-type -Werror=non-virtual-dtor -Werror=bool-operation -Wnarrowing -Wno-missing-field-initializers -Wno-type-limits -Wno-array-bounds -Wno-unknown-pragmas -Wunused-local-typedefs -Wno-unused-parameter -Wno-unused-function -Wno-unused-result -Wno-strict-overflow -Wno-strict-aliasing -Wno-error=deprecated-declarations -Wno-stringop-overflow -Wno-psabi -Wno-error=pedantic -Wno-error=redundant-decls -Wno-error=old-style-cast -fdiagnostics-color=always -faligned-new -Wno-unused-but-set-variable -Wno-maybe-uninitialized -fno-math-errno -fno-trapping-math -Werror=format -Werror=cast-function-type -Wno-stringop-overflow, LAPACK_INFO=mkl, PERF_WITH_AVX=1, PERF_WITH_AVX2=1, PERF_WITH_AVX512=1, TORCH_DISABLE_GPU_ASSERTS=ON, TORCH_VERSION=2.0.1, USE_CUDA=ON, USE_CUDNN=ON, USE_EXCEPTION_PTR=1, USE_GFLAGS=OFF, USE_GLOG=OFF, USE_MKL=ON, USE_MKLDNN=ON, USE_MPI=OFF, USE_NCCL=1, USE_NNPACK=ON, USE_OPENMP=ON, USE_ROCM=OFF, 

[11/20 03:33:42 visual_prompt]: Command line arguments: Namespace(config_file='visual_prompt_tuning/configs/finetune/cub.yaml', train_type='finetune', opts=['MODEL.TYPE', 'vit', 'DATA.BATCH_SIZE', '32', 'MODEL.PROMPT.NUM_TOKENS', '50', 'MODEL.PROMPT.DEEP', 'True', 'MODEL.PROMPT.DROPOUT', '0.1', 'DATA.FEATURE', 'sup_vitb16_imagenet21k', 'DATA.IMGSIZE', '500', 'DATA.NAME', 'mammo-cbis', 'DATA.NUMBER_CLASSES', '2', 'DATA.CROP', 'False', 'MODEL.MODEL_ROOT', 'visual_prompt_tuning/model_root', 'DATA.DATAPATH', 'visual_prompt_tuning/data_path', 'OUTPUT_DIR', 'visual_prompt_tuning/output_dir', 'SOLVER.PATIENCE', '7', 'SOLVER.CRITERION', 'loss'])
[11/20 03:33:42 visual_prompt]: Contents of args.config_file=visual_prompt_tuning/configs/finetune/cub.yaml:
_BASE_: "../base-finetune.yaml"
RUN_N_TIMES: 1
DATA:
  NAME: "CUB"
  DATAPATH: ""  #TODO: need to specify here
  NUMBER_CLASSES: 200
  MULTILABEL: False
  FEATURE: "imagenet_supervised"  # need to tune
MODEL:
  TYPE: "vit"
SOLVER:
  BASE_LR: 0.00375
  WEIGHT_DECAY: 0.01

[11/20 03:33:42 visual_prompt]: Training with config:
[11/20 03:33:42 visual_prompt]: CfgNode({'DBG': False, 'OUTPUT_DIR': 'visual_prompt_tuning/output_dir/mammo-cbis/sup_vitb16_imagenet21k/end2end/size500/val/seed0/lr0.005_wd0.001/patience7/run1', 'RUN_N_TIMES': 1, 'CUDNN_BENCHMARK': False, 'NUM_GPUS': 1, 'NUM_SHARDS': 1, 'SEED': 0, 'MODEL': CfgNode({'TRANSFER_TYPE': 'end2end', 'WEIGHT_PATH': '', 'SAVE_CKPT': False, 'MODEL_ROOT': 'visual_prompt_tuning/model_root', 'TYPE': 'vit', 'MLP_NUM': 0, 'LINEAR': CfgNode({'MLP_SIZES': [], 'DROPOUT': 0.1}), 'PROMPT': CfgNode({'NUM_TOKENS': 50, 'LOCATION': 'prepend', 'INITIATION': 'random', 'CLSEMB_FOLDER': '', 'CLSEMB_PATH': '', 'PROJECT': -1, 'DEEP': True, 'NUM_DEEP_LAYERS': None, 'REVERSE_DEEP': False, 'DEEP_SHARED': False, 'FORWARD_DEEP_NOEXPAND': False, 'VIT_POOL_TYPE': 'original', 'DROPOUT': 0.1, 'SAVE_FOR_EACH_EPOCH': False}), 'ADAPTER': CfgNode({'REDUCATION_FACTOR': 8, 'STYLE': 'Pfeiffer'})}), 'SOLVER': CfgNode({'LOSS': 'softmax', 'LOSS_ALPHA': 0.01, 'OPTIMIZER': 'adamw', 'MOMENTUM': 0.9, 'WEIGHT_DECAY': 0.001, 'WEIGHT_DECAY_BIAS': 0, 'PATIENCE': 7, 'CRITERION': 'loss', 'SCHEDULER': 'cosine', 'BASE_LR': 0.005, 'BIAS_MULTIPLIER': 1.0, 'WARMUP_EPOCH': 5, 'TOTAL_EPOCH': 100, 'LOG_EVERY_N': 100, 'DBG_TRAINABLE': False}), 'DATA': CfgNode({'NAME': 'mammo-cbis', 'DATAPATH': 'visual_prompt_tuning/data_path', 'FEATURE': 'sup_vitb16_imagenet21k', 'PERCENTAGE': 1.0, 'NUMBER_CLASSES': 2, 'MULTILABEL': False, 'CLASS_WEIGHTS_TYPE': 'none', 'IMGSIZE': 500, 'CROP': False, 'NO_TEST': False, 'BATCH_SIZE': 32, 'NUM_WORKERS': 8, 'PIN_MEMORY': True})})
[11/20 03:33:42 visual_prompt]: Loading training data...
[11/20 03:33:42 visual_prompt]: Constructing mammo-cbis dataset train...
[11/20 03:33:42 visual_prompt]: Loading validation data...
[11/20 03:33:42 visual_prompt]: Constructing mammo-cbis dataset val...
[11/20 03:33:42 visual_prompt]: Constructing models...
[INFO: vit.py:  342]: load_pretrained: resized variant: torch.Size([1, 197, 768]) to torch.Size([1, 962, 768])
load_pretrained: grid-size from 14 to 31
[11/20 03:33:44 visual_prompt]: Enable all parameters update during training
[11/20 03:33:44 visual_prompt]: Total Parameters: 86387714	 Gradient Parameters: 86387714
[11/20 03:33:44 visual_prompt]: tuned percent:100.000
[11/20 03:33:44 visual_prompt]: Device used for model: 0
[11/20 03:33:44 visual_prompt]: Setting up Evaluator...
[11/20 03:33:44 visual_prompt]: Setting up Trainer...
[11/20 03:33:44 visual_prompt]: 	Setting up the optimizer...
[11/20 03:33:44 visual_prompt]: Training 1 / 100 epoch, with learning rate 0.0
[11/20 03:40:52 visual_prompt]: Epoch 1 / 100: avg data time: 4.47e+00, avg batch time: 6.1035, average train loss: 7.2380
[11/20 03:41:42 visual_prompt]: Inference (val):avg data time: 1.85e-05, avg batch time: 0.5401, average loss: 6.4181
[11/20 03:41:42 visual_prompt]: Classification results with val_mammo-cbis: top1: 45.53	rocauc: 52.79	
[11/20 03:41:42 visual_prompt]: Training 2 / 100 epoch, with learning rate 0.001
[11/20 03:48:49 visual_prompt]: Epoch 2 / 100: avg data time: 4.46e+00, avg batch time: 6.0946, average train loss: 2.2198
[11/20 03:49:40 visual_prompt]: Inference (val):avg data time: 2.63e-05, avg batch time: 0.5401, average loss: 0.7733
[11/20 03:49:40 visual_prompt]: Classification results with val_mammo-cbis: top1: 45.12	rocauc: 56.26	
[11/20 03:49:40 visual_prompt]: Training 3 / 100 epoch, with learning rate 0.002
[11/20 03:56:50 visual_prompt]: Epoch 3 / 100: avg data time: 4.50e+00, avg batch time: 6.1373, average train loss: 1.2844
[11/20 03:57:40 visual_prompt]: Inference (val):avg data time: 2.01e-05, avg batch time: 0.5430, average loss: 0.6960
[11/20 03:57:40 visual_prompt]: Classification results with val_mammo-cbis: top1: 57.32	rocauc: 55.56	
[11/20 03:57:40 visual_prompt]: Training 4 / 100 epoch, with learning rate 0.003
[11/20 04:04:51 visual_prompt]: Epoch 4 / 100: avg data time: 4.51e+00, avg batch time: 6.1479, average train loss: 0.8299
[11/20 04:05:41 visual_prompt]: Inference (val):avg data time: 1.92e-05, avg batch time: 0.5387, average loss: 0.7865
[11/20 04:05:41 visual_prompt]: Classification results with val_mammo-cbis: top1: 54.88	rocauc: 56.21	
[11/20 04:05:41 visual_prompt]: Training 5 / 100 epoch, with learning rate 0.004
[11/20 04:12:48 visual_prompt]: Epoch 5 / 100: avg data time: 4.47e+00, avg batch time: 6.1006, average train loss: 0.8075
[11/20 04:13:39 visual_prompt]: Inference (val):avg data time: 2.13e-05, avg batch time: 0.5420, average loss: 0.6886
[11/20 04:13:39 visual_prompt]: Classification results with val_mammo-cbis: top1: 56.91	rocauc: 56.63	
[11/20 04:13:39 visual_prompt]: Training 6 / 100 epoch, with learning rate 0.005
[11/20 04:20:47 visual_prompt]: Epoch 6 / 100: avg data time: 4.49e+00, avg batch time: 6.1168, average train loss: 0.7945
[11/20 04:21:38 visual_prompt]: Inference (val):avg data time: 2.09e-05, avg batch time: 0.5403, average loss: 0.9532
[11/20 04:21:38 visual_prompt]: Classification results with val_mammo-cbis: top1: 54.88	rocauc: 57.17	
[11/20 04:21:38 visual_prompt]: Training 7 / 100 epoch, with learning rate 0.004998633143352315
[11/20 04:28:45 visual_prompt]: Epoch 7 / 100: avg data time: 4.47e+00, avg batch time: 6.1063, average train loss: 0.8172
[11/20 04:29:36 visual_prompt]: Inference (val):avg data time: 2.13e-05, avg batch time: 0.5410, average loss: 0.8104
[11/20 04:29:36 visual_prompt]: Classification results with val_mammo-cbis: top1: 54.88	rocauc: 56.24	
[11/20 04:29:36 visual_prompt]: Best epoch 7: best metric: -0.810
[11/20 04:29:36 visual_prompt]: Training 8 / 100 epoch, with learning rate 0.004994534068046936
[11/20 04:36:45 visual_prompt]: Epoch 8 / 100: avg data time: 4.50e+00, avg batch time: 6.1314, average train loss: 0.7652
[11/20 04:37:36 visual_prompt]: Inference (val):avg data time: 2.37e-05, avg batch time: 0.5427, average loss: 1.5497
[11/20 04:37:36 visual_prompt]: Classification results with val_mammo-cbis: top1: 45.12	rocauc: 56.99	
[11/20 04:37:36 visual_prompt]: Training 9 / 100 epoch, with learning rate 0.0049877072563625285
[11/20 04:44:44 visual_prompt]: Epoch 9 / 100: avg data time: 4.49e+00, avg batch time: 6.1183, average train loss: 0.8497
[11/20 04:45:35 visual_prompt]: Inference (val):avg data time: 2.25e-05, avg batch time: 0.5428, average loss: 0.7645
[11/20 04:45:35 visual_prompt]: Classification results with val_mammo-cbis: top1: 45.12	rocauc: 57.12	
[11/20 04:45:35 visual_prompt]: Best epoch 9: best metric: -0.765
[11/20 04:45:35 visual_prompt]: Training 10 / 100 epoch, with learning rate 0.004978160173317438
[11/20 04:52:43 visual_prompt]: Epoch 10 / 100: avg data time: 4.49e+00, avg batch time: 6.1234, average train loss: 0.8832
[11/20 04:53:34 visual_prompt]: Inference (val):avg data time: 2.23e-05, avg batch time: 0.5412, average loss: 0.6830
[11/20 04:53:34 visual_prompt]: Classification results with val_mammo-cbis: top1: 56.50	rocauc: 56.79	
[11/20 04:53:34 visual_prompt]: Best epoch 10: best metric: -0.683
[11/20 04:53:34 visual_prompt]: Training 11 / 100 epoch, with learning rate 0.004965903258506806
[11/20 05:00:43 visual_prompt]: Epoch 11 / 100: avg data time: 4.49e+00, avg batch time: 6.1246, average train loss: 0.7255
[11/20 05:01:33 visual_prompt]: Inference (val):avg data time: 2.05e-05, avg batch time: 0.5421, average loss: 0.7455
[11/20 05:01:33 visual_prompt]: Classification results with val_mammo-cbis: top1: 54.88	rocauc: 56.88	
[11/20 05:01:33 visual_prompt]: Training 12 / 100 epoch, with learning rate 0.004950949914687024
[11/20 05:08:41 visual_prompt]: Epoch 12 / 100: avg data time: 4.47e+00, avg batch time: 6.1066, average train loss: 0.7411
[11/20 05:09:31 visual_prompt]: Inference (val):avg data time: 2.21e-05, avg batch time: 0.5389, average loss: 1.1397
[11/20 05:09:31 visual_prompt]: Classification results with val_mammo-cbis: top1: 45.12	rocauc: 57.63	
[11/20 05:09:31 visual_prompt]: Training 13 / 100 epoch, with learning rate 0.0049333164931200145
[11/20 05:16:39 visual_prompt]: Epoch 13 / 100: avg data time: 4.48e+00, avg batch time: 6.1103, average train loss: 0.7757
[11/20 05:17:30 visual_prompt]: Inference (val):avg data time: 2.11e-05, avg batch time: 0.5413, average loss: 0.7050
[11/20 05:17:30 visual_prompt]: Classification results with val_mammo-cbis: top1: 54.88	rocauc: 56.25	
[11/20 05:17:30 visual_prompt]: Training 14 / 100 epoch, with learning rate 0.004913022275693372
[11/20 05:24:40 visual_prompt]: Epoch 14 / 100: avg data time: 4.51e+00, avg batch time: 6.1461, average train loss: 0.8791
[11/20 05:25:30 visual_prompt]: Inference (val):avg data time: 1.92e-05, avg batch time: 0.5409, average loss: 1.1701
[11/20 05:25:30 visual_prompt]: Classification results with val_mammo-cbis: top1: 54.88	rocauc: 57.90	
[11/20 05:25:30 visual_prompt]: Training 15 / 100 epoch, with learning rate 0.0048900894538358945
[11/20 05:32:38 visual_prompt]: Epoch 15 / 100: avg data time: 4.47e+00, avg batch time: 6.0994, average train loss: 0.7749
[11/20 05:33:28 visual_prompt]: Inference (val):avg data time: 2.46e-05, avg batch time: 0.5396, average loss: 0.9948
[11/20 05:33:28 visual_prompt]: Classification results with val_mammo-cbis: top1: 54.88	rocauc: 57.20	
[11/20 05:33:28 visual_prompt]: Training 16 / 100 epoch, with learning rate 0.004864543104251586
[11/20 05:40:35 visual_prompt]: Epoch 16 / 100: avg data time: 4.45e+00, avg batch time: 6.0938, average train loss: 0.8046
[11/20 05:41:25 visual_prompt]: Inference (val):avg data time: 2.24e-05, avg batch time: 0.5422, average loss: 0.7243
[11/20 05:41:25 visual_prompt]: Classification results with val_mammo-cbis: top1: 45.12	rocauc: 57.71	
[11/20 05:41:25 visual_prompt]: Training 17 / 100 epoch, with learning rate 0.004836411161498653
[11/20 05:48:35 visual_prompt]: Epoch 17 / 100: avg data time: 4.51e+00, avg batch time: 6.1378, average train loss: 0.7891
[11/20 05:49:25 visual_prompt]: Inference (val):avg data time: 1.96e-05, avg batch time: 0.5410, average loss: 0.8548
[11/20 05:49:25 visual_prompt]: Classification results with val_mammo-cbis: top1: 54.88	rocauc: 48.91	
[11/20 05:49:25 visual_prompt]: Stopping early.
[11/20 05:49:25 visual_prompt]: Rank of current process: 0. World size: 1
[11/20 05:49:25 visual_prompt]: Environment info:
-------------------  -------------------------------------------------
Python               3.11.5 (main, Sep 11 2023, 13:54:46) [GCC 11.2.0]
ENV_MODULE           <not set>
PyTorch              2.0.1+cu118
PyTorch Debug Build  False
CUDA available       True
CUDA ID              0
GPU 0                NVIDIA A40
Pillow               9.3.0
cv2                  4.8.0
-------------------  -------------------------------------------------
PyTorch built with:
  - GCC 9.3
  - C++ Version: 201703
  - Intel(R) oneAPI Math Kernel Library Version 2022.2-Product Build 20220804 for Intel(R) 64 architecture applications
  - Intel(R) MKL-DNN v2.7.3 (Git Hash 6dbeffbae1f23cbbeae17adb7b5b13f1f37c080e)
  - OpenMP 201511 (a.k.a. OpenMP 4.5)
  - LAPACK is enabled (usually provided by MKL)
  - NNPACK is enabled
  - CPU capability usage: AVX2
  - CUDA Runtime 11.8
  - NVCC architecture flags: -gencode;arch=compute_37,code=sm_37;-gencode;arch=compute_50,code=sm_50;-gencode;arch=compute_60,code=sm_60;-gencode;arch=compute_70,code=sm_70;-gencode;arch=compute_75,code=sm_75;-gencode;arch=compute_80,code=sm_80;-gencode;arch=compute_86,code=sm_86;-gencode;arch=compute_90,code=sm_90
  - CuDNN 8.7
  - Magma 2.6.1
  - Build settings: BLAS_INFO=mkl, BUILD_TYPE=Release, CUDA_VERSION=11.8, CUDNN_VERSION=8.7.0, CXX_COMPILER=/opt/rh/devtoolset-9/root/usr/bin/c++, CXX_FLAGS= -D_GLIBCXX_USE_CXX11_ABI=0 -fabi-version=11 -Wno-deprecated -fvisibility-inlines-hidden -DUSE_PTHREADPOOL -DNDEBUG -DUSE_KINETO -DLIBKINETO_NOROCTRACER -DUSE_FBGEMM -DUSE_QNNPACK -DUSE_PYTORCH_QNNPACK -DUSE_XNNPACK -DSYMBOLICATE_MOBILE_DEBUG_HANDLE -O2 -fPIC -Wall -Wextra -Werror=return-type -Werror=non-virtual-dtor -Werror=bool-operation -Wnarrowing -Wno-missing-field-initializers -Wno-type-limits -Wno-array-bounds -Wno-unknown-pragmas -Wunused-local-typedefs -Wno-unused-parameter -Wno-unused-function -Wno-unused-result -Wno-strict-overflow -Wno-strict-aliasing -Wno-error=deprecated-declarations -Wno-stringop-overflow -Wno-psabi -Wno-error=pedantic -Wno-error=redundant-decls -Wno-error=old-style-cast -fdiagnostics-color=always -faligned-new -Wno-unused-but-set-variable -Wno-maybe-uninitialized -fno-math-errno -fno-trapping-math -Werror=format -Werror=cast-function-type -Wno-stringop-overflow, LAPACK_INFO=mkl, PERF_WITH_AVX=1, PERF_WITH_AVX2=1, PERF_WITH_AVX512=1, TORCH_DISABLE_GPU_ASSERTS=ON, TORCH_VERSION=2.0.1, USE_CUDA=ON, USE_CUDNN=ON, USE_EXCEPTION_PTR=1, USE_GFLAGS=OFF, USE_GLOG=OFF, USE_MKL=ON, USE_MKLDNN=ON, USE_MPI=OFF, USE_NCCL=1, USE_NNPACK=ON, USE_OPENMP=ON, USE_ROCM=OFF, 

[11/20 05:49:25 visual_prompt]: Command line arguments: Namespace(config_file='visual_prompt_tuning/configs/finetune/cub.yaml', train_type='finetune', opts=['MODEL.TYPE', 'vit', 'DATA.BATCH_SIZE', '32', 'MODEL.PROMPT.NUM_TOKENS', '50', 'MODEL.PROMPT.DEEP', 'True', 'MODEL.PROMPT.DROPOUT', '0.1', 'DATA.FEATURE', 'sup_vitb16_imagenet21k', 'DATA.IMGSIZE', '500', 'DATA.NAME', 'mammo-cbis', 'DATA.NUMBER_CLASSES', '2', 'DATA.CROP', 'False', 'MODEL.MODEL_ROOT', 'visual_prompt_tuning/model_root', 'DATA.DATAPATH', 'visual_prompt_tuning/data_path', 'OUTPUT_DIR', 'visual_prompt_tuning/output_dir', 'SOLVER.PATIENCE', '7', 'SOLVER.CRITERION', 'loss'])
[11/20 05:49:25 visual_prompt]: Contents of args.config_file=visual_prompt_tuning/configs/finetune/cub.yaml:
_BASE_: "../base-finetune.yaml"
RUN_N_TIMES: 1
DATA:
  NAME: "CUB"
  DATAPATH: ""  #TODO: need to specify here
  NUMBER_CLASSES: 200
  MULTILABEL: False
  FEATURE: "imagenet_supervised"  # need to tune
MODEL:
  TYPE: "vit"
SOLVER:
  BASE_LR: 0.00375
  WEIGHT_DECAY: 0.01

[11/20 05:49:25 visual_prompt]: Training with config:
[11/20 05:49:25 visual_prompt]: CfgNode({'DBG': False, 'OUTPUT_DIR': 'visual_prompt_tuning/output_dir/mammo-cbis/sup_vitb16_imagenet21k/end2end/size500/val/seed0/lr0.005_wd0.0001/patience7/run1', 'RUN_N_TIMES': 1, 'CUDNN_BENCHMARK': False, 'NUM_GPUS': 1, 'NUM_SHARDS': 1, 'SEED': 0, 'MODEL': CfgNode({'TRANSFER_TYPE': 'end2end', 'WEIGHT_PATH': '', 'SAVE_CKPT': False, 'MODEL_ROOT': 'visual_prompt_tuning/model_root', 'TYPE': 'vit', 'MLP_NUM': 0, 'LINEAR': CfgNode({'MLP_SIZES': [], 'DROPOUT': 0.1}), 'PROMPT': CfgNode({'NUM_TOKENS': 50, 'LOCATION': 'prepend', 'INITIATION': 'random', 'CLSEMB_FOLDER': '', 'CLSEMB_PATH': '', 'PROJECT': -1, 'DEEP': True, 'NUM_DEEP_LAYERS': None, 'REVERSE_DEEP': False, 'DEEP_SHARED': False, 'FORWARD_DEEP_NOEXPAND': False, 'VIT_POOL_TYPE': 'original', 'DROPOUT': 0.1, 'SAVE_FOR_EACH_EPOCH': False}), 'ADAPTER': CfgNode({'REDUCATION_FACTOR': 8, 'STYLE': 'Pfeiffer'})}), 'SOLVER': CfgNode({'LOSS': 'softmax', 'LOSS_ALPHA': 0.01, 'OPTIMIZER': 'adamw', 'MOMENTUM': 0.9, 'WEIGHT_DECAY': 0.0001, 'WEIGHT_DECAY_BIAS': 0, 'PATIENCE': 7, 'CRITERION': 'loss', 'SCHEDULER': 'cosine', 'BASE_LR': 0.005, 'BIAS_MULTIPLIER': 1.0, 'WARMUP_EPOCH': 5, 'TOTAL_EPOCH': 100, 'LOG_EVERY_N': 100, 'DBG_TRAINABLE': False}), 'DATA': CfgNode({'NAME': 'mammo-cbis', 'DATAPATH': 'visual_prompt_tuning/data_path', 'FEATURE': 'sup_vitb16_imagenet21k', 'PERCENTAGE': 1.0, 'NUMBER_CLASSES': 2, 'MULTILABEL': False, 'CLASS_WEIGHTS_TYPE': 'none', 'IMGSIZE': 500, 'CROP': False, 'NO_TEST': False, 'BATCH_SIZE': 32, 'NUM_WORKERS': 8, 'PIN_MEMORY': True})})
[11/20 05:49:25 visual_prompt]: Loading training data...
[11/20 05:49:25 visual_prompt]: Constructing mammo-cbis dataset train...
[11/20 05:49:25 visual_prompt]: Loading validation data...
[11/20 05:49:25 visual_prompt]: Constructing mammo-cbis dataset val...
[11/20 05:49:26 visual_prompt]: Constructing models...
[INFO: vit.py:  342]: load_pretrained: resized variant: torch.Size([1, 197, 768]) to torch.Size([1, 962, 768])
load_pretrained: grid-size from 14 to 31
[11/20 05:49:27 visual_prompt]: Enable all parameters update during training
[11/20 05:49:27 visual_prompt]: Total Parameters: 86387714	 Gradient Parameters: 86387714
[11/20 05:49:27 visual_prompt]: tuned percent:100.000
[11/20 05:49:27 visual_prompt]: Device used for model: 0
[11/20 05:49:27 visual_prompt]: Setting up Evaluator...
[11/20 05:49:27 visual_prompt]: Setting up Trainer...
[11/20 05:49:27 visual_prompt]: 	Setting up the optimizer...
[11/20 05:49:27 visual_prompt]: Training 1 / 100 epoch, with learning rate 0.0
[11/20 05:56:33 visual_prompt]: Epoch 1 / 100: avg data time: 4.45e+00, avg batch time: 6.0841, average train loss: 7.2380
[11/20 05:57:24 visual_prompt]: Inference (val):avg data time: 2.32e-05, avg batch time: 0.5441, average loss: 6.4181
[11/20 05:57:24 visual_prompt]: Classification results with val_mammo-cbis: top1: 45.53	rocauc: 52.79	
[11/20 05:57:24 visual_prompt]: Training 2 / 100 epoch, with learning rate 0.001
[11/20 06:04:26 visual_prompt]: Epoch 2 / 100: avg data time: 4.39e+00, avg batch time: 6.0217, average train loss: 2.2196
[11/20 06:05:16 visual_prompt]: Inference (val):avg data time: 1.94e-05, avg batch time: 0.5411, average loss: 0.7716
[11/20 06:05:16 visual_prompt]: Classification results with val_mammo-cbis: top1: 45.12	rocauc: 56.56	
[11/20 06:05:16 visual_prompt]: Training 3 / 100 epoch, with learning rate 0.002
[11/20 06:12:24 visual_prompt]: Epoch 3 / 100: avg data time: 4.48e+00, avg batch time: 6.1145, average train loss: 1.2878
[11/20 06:13:15 visual_prompt]: Inference (val):avg data time: 2.05e-05, avg batch time: 0.5388, average loss: 0.7005
[11/20 06:13:15 visual_prompt]: Classification results with val_mammo-cbis: top1: 55.28	rocauc: 55.82	
[11/20 06:13:15 visual_prompt]: Training 4 / 100 epoch, with learning rate 0.003
[11/20 06:20:22 visual_prompt]: Epoch 4 / 100: avg data time: 4.48e+00, avg batch time: 6.1074, average train loss: 0.8262
[11/20 06:21:13 visual_prompt]: Inference (val):avg data time: 2.10e-05, avg batch time: 0.5404, average loss: 0.7930
[11/20 06:21:13 visual_prompt]: Classification results with val_mammo-cbis: top1: 54.88	rocauc: 55.92	
[11/20 06:21:13 visual_prompt]: Training 5 / 100 epoch, with learning rate 0.004
[11/20 06:28:21 visual_prompt]: Epoch 5 / 100: avg data time: 4.48e+00, avg batch time: 6.1134, average train loss: 0.8106
[11/20 06:29:11 visual_prompt]: Inference (val):avg data time: 2.25e-05, avg batch time: 0.5409, average loss: 0.6868
[11/20 06:29:11 visual_prompt]: Classification results with val_mammo-cbis: top1: 57.32	rocauc: 56.83	
[11/20 06:29:11 visual_prompt]: Training 6 / 100 epoch, with learning rate 0.005
[11/20 06:36:20 visual_prompt]: Epoch 6 / 100: avg data time: 4.47e+00, avg batch time: 6.1151, average train loss: 0.7947
[11/20 06:37:11 visual_prompt]: Inference (val):avg data time: 2.57e-05, avg batch time: 0.5468, average loss: 0.9469
[11/20 06:37:11 visual_prompt]: Classification results with val_mammo-cbis: top1: 54.88	rocauc: 57.15	
[11/20 06:37:11 visual_prompt]: Training 7 / 100 epoch, with learning rate 0.004998633143352315
[11/20 06:44:17 visual_prompt]: Epoch 7 / 100: avg data time: 4.45e+00, avg batch time: 6.0773, average train loss: 0.8189
[11/20 06:45:07 visual_prompt]: Inference (val):avg data time: 2.69e-05, avg batch time: 0.5429, average loss: 0.7826
[11/20 06:45:07 visual_prompt]: Classification results with val_mammo-cbis: top1: 54.47	rocauc: 56.28	
[11/20 06:45:07 visual_prompt]: Best epoch 7: best metric: -0.783
[11/20 06:45:07 visual_prompt]: Training 8 / 100 epoch, with learning rate 0.004994534068046936
[11/20 06:52:16 visual_prompt]: Epoch 8 / 100: avg data time: 4.49e+00, avg batch time: 6.1183, average train loss: 0.7468
[11/20 06:53:06 visual_prompt]: Inference (val):avg data time: 2.05e-05, avg batch time: 0.5405, average loss: 1.1479
[11/20 06:53:06 visual_prompt]: Classification results with val_mammo-cbis: top1: 45.12	rocauc: 58.59	
[11/20 06:53:06 visual_prompt]: Training 9 / 100 epoch, with learning rate 0.0049877072563625285
[11/20 07:00:14 visual_prompt]: Epoch 9 / 100: avg data time: 4.49e+00, avg batch time: 6.1164, average train loss: 0.8080
[11/20 07:01:05 visual_prompt]: Inference (val):avg data time: 1.99e-05, avg batch time: 0.5427, average loss: 0.8904
[11/20 07:01:05 visual_prompt]: Classification results with val_mammo-cbis: top1: 45.12	rocauc: 58.33	
[11/20 07:01:05 visual_prompt]: Training 10 / 100 epoch, with learning rate 0.004978160173317438
[11/20 07:08:12 visual_prompt]: Epoch 10 / 100: avg data time: 4.47e+00, avg batch time: 6.1045, average train loss: 0.9335
[11/20 07:09:03 visual_prompt]: Inference (val):avg data time: 2.15e-05, avg batch time: 0.5421, average loss: 0.7288
[11/20 07:09:03 visual_prompt]: Classification results with val_mammo-cbis: top1: 54.88	rocauc: 57.85	
[11/20 07:09:03 visual_prompt]: Best epoch 10: best metric: -0.729
[11/20 07:09:03 visual_prompt]: Training 11 / 100 epoch, with learning rate 0.004965903258506806
[11/20 07:16:10 visual_prompt]: Epoch 11 / 100: avg data time: 4.47e+00, avg batch time: 6.1029, average train loss: 0.7264
[11/20 07:17:00 visual_prompt]: Inference (val):avg data time: 2.24e-05, avg batch time: 0.5385, average loss: 0.7080
[11/20 07:17:00 visual_prompt]: Classification results with val_mammo-cbis: top1: 55.69	rocauc: 57.95	
[11/20 07:17:00 visual_prompt]: Best epoch 11: best metric: -0.708
[11/20 07:17:00 visual_prompt]: Training 12 / 100 epoch, with learning rate 0.004950949914687024
[11/20 07:24:08 visual_prompt]: Epoch 12 / 100: avg data time: 4.46e+00, avg batch time: 6.1011, average train loss: 0.7389
[11/20 07:24:57 visual_prompt]: Inference (val):avg data time: 2.54e-05, avg batch time: 0.5424, average loss: 1.1096
[11/20 07:24:57 visual_prompt]: Classification results with val_mammo-cbis: top1: 45.12	rocauc: 57.81	
[11/20 07:24:57 visual_prompt]: Training 13 / 100 epoch, with learning rate 0.0049333164931200145
[11/20 07:32:04 visual_prompt]: Epoch 13 / 100: avg data time: 4.45e+00, avg batch time: 6.0913, average train loss: 0.7879
[11/20 07:32:54 visual_prompt]: Inference (val):avg data time: 2.18e-05, avg batch time: 0.5390, average loss: 0.7315
[11/20 07:32:54 visual_prompt]: Classification results with val_mammo-cbis: top1: 56.10	rocauc: 57.48	
[11/20 07:32:54 visual_prompt]: Training 14 / 100 epoch, with learning rate 0.004913022275693372
[11/20 07:40:02 visual_prompt]: Epoch 14 / 100: avg data time: 4.49e+00, avg batch time: 6.1195, average train loss: 0.7123
[11/20 07:40:53 visual_prompt]: Inference (val):avg data time: 2.07e-05, avg batch time: 0.5410, average loss: 0.6909
[11/20 07:40:53 visual_prompt]: Classification results with val_mammo-cbis: top1: 57.72	rocauc: 58.50	
[11/20 07:40:53 visual_prompt]: Best epoch 14: best metric: -0.691
[11/20 07:40:53 visual_prompt]: Training 15 / 100 epoch, with learning rate 0.0048900894538358945
[11/20 07:47:59 visual_prompt]: Epoch 15 / 100: avg data time: 4.46e+00, avg batch time: 6.0907, average train loss: 0.7483
[11/20 07:48:50 visual_prompt]: Inference (val):avg data time: 2.28e-05, avg batch time: 0.5404, average loss: 0.7065
[11/20 07:48:50 visual_prompt]: Classification results with val_mammo-cbis: top1: 54.07	rocauc: 56.90	
[11/20 07:48:50 visual_prompt]: Training 16 / 100 epoch, with learning rate 0.004864543104251586
[11/20 07:55:56 visual_prompt]: Epoch 16 / 100: avg data time: 4.45e+00, avg batch time: 6.0825, average train loss: 0.7635
[11/20 07:56:46 visual_prompt]: Inference (val):avg data time: 2.56e-05, avg batch time: 0.5409, average loss: 0.6833
[11/20 07:56:46 visual_prompt]: Classification results with val_mammo-cbis: top1: 56.91	rocauc: 57.31	
[11/20 07:56:46 visual_prompt]: Best epoch 16: best metric: -0.683
[11/20 07:56:46 visual_prompt]: Training 17 / 100 epoch, with learning rate 0.004836411161498653
[11/20 08:03:55 visual_prompt]: Epoch 17 / 100: avg data time: 4.49e+00, avg batch time: 6.1186, average train loss: 0.7584
[11/20 08:04:45 visual_prompt]: Inference (val):avg data time: 2.28e-05, avg batch time: 0.5390, average loss: 0.7805
[11/20 08:04:45 visual_prompt]: Classification results with val_mammo-cbis: top1: 54.88	rocauc: 58.97	
[11/20 08:04:45 visual_prompt]: Training 18 / 100 epoch, with learning rate 0.004805724387443462
[11/20 08:11:52 visual_prompt]: Epoch 18 / 100: avg data time: 4.47e+00, avg batch time: 6.0941, average train loss: 0.7336
[11/20 08:12:43 visual_prompt]: Inference (val):avg data time: 2.19e-05, avg batch time: 0.5405, average loss: 0.8020
[11/20 08:12:43 visual_prompt]: Classification results with val_mammo-cbis: top1: 45.12	rocauc: 58.23	
[11/20 08:12:43 visual_prompt]: Training 19 / 100 epoch, with learning rate 0.004772516337622906
[11/20 08:19:52 visual_prompt]: Epoch 19 / 100: avg data time: 4.50e+00, avg batch time: 6.1318, average train loss: 0.7324
[11/20 08:20:43 visual_prompt]: Inference (val):avg data time: 2.33e-05, avg batch time: 0.5409, average loss: 0.7765
[11/20 08:20:43 visual_prompt]: Classification results with val_mammo-cbis: top1: 45.12	rocauc: 56.69	
[11/20 08:20:43 visual_prompt]: Training 20 / 100 epoch, with learning rate 0.004736823324551909
[11/20 08:27:52 visual_prompt]: Epoch 20 / 100: avg data time: 4.48e+00, avg batch time: 6.1254, average train loss: 0.7576
[11/20 08:28:41 visual_prompt]: Inference (val):avg data time: 2.06e-05, avg batch time: 0.5389, average loss: 0.6915
[11/20 08:28:41 visual_prompt]: Classification results with val_mammo-cbis: top1: 59.76	rocauc: 58.86	
[11/20 08:28:41 visual_prompt]: Training 21 / 100 epoch, with learning rate 0.004698684378016222
[11/20 08:35:46 visual_prompt]: Epoch 21 / 100: avg data time: 4.43e+00, avg batch time: 6.0566, average train loss: 0.6926
[11/20 08:36:36 visual_prompt]: Inference (val):avg data time: 2.06e-05, avg batch time: 0.5418, average loss: 0.6873
[11/20 08:36:36 visual_prompt]: Classification results with val_mammo-cbis: top1: 54.88	rocauc: 57.27	
[11/20 08:36:36 visual_prompt]: Training 22 / 100 epoch, with learning rate 0.004658141202393935
[11/20 08:43:43 visual_prompt]: Epoch 22 / 100: avg data time: 4.46e+00, avg batch time: 6.0984, average train loss: 0.7202
[11/20 08:44:33 visual_prompt]: Inference (val):avg data time: 2.24e-05, avg batch time: 0.5436, average loss: 0.7382
[11/20 08:44:33 visual_prompt]: Classification results with val_mammo-cbis: top1: 45.12	rocauc: 58.82	
[11/20 08:44:33 visual_prompt]: Training 23 / 100 epoch, with learning rate 0.004615238131052338
[11/20 08:51:39 visual_prompt]: Epoch 23 / 100: avg data time: 4.45e+00, avg batch time: 6.0785, average train loss: 0.6957
[11/20 08:52:29 visual_prompt]: Inference (val):avg data time: 2.29e-05, avg batch time: 0.5395, average loss: 0.8772
[11/20 08:52:29 visual_prompt]: Classification results with val_mammo-cbis: top1: 54.88	rocauc: 59.16	
[11/20 08:52:29 visual_prompt]: Stopping early.
[11/20 08:52:29 visual_prompt]: Rank of current process: 0. World size: 1
[11/20 08:52:29 visual_prompt]: Environment info:
-------------------  -------------------------------------------------
Python               3.11.5 (main, Sep 11 2023, 13:54:46) [GCC 11.2.0]
ENV_MODULE           <not set>
PyTorch              2.0.1+cu118
PyTorch Debug Build  False
CUDA available       True
CUDA ID              0
GPU 0                NVIDIA A40
Pillow               9.3.0
cv2                  4.8.0
-------------------  -------------------------------------------------
PyTorch built with:
  - GCC 9.3
  - C++ Version: 201703
  - Intel(R) oneAPI Math Kernel Library Version 2022.2-Product Build 20220804 for Intel(R) 64 architecture applications
  - Intel(R) MKL-DNN v2.7.3 (Git Hash 6dbeffbae1f23cbbeae17adb7b5b13f1f37c080e)
  - OpenMP 201511 (a.k.a. OpenMP 4.5)
  - LAPACK is enabled (usually provided by MKL)
  - NNPACK is enabled
  - CPU capability usage: AVX2
  - CUDA Runtime 11.8
  - NVCC architecture flags: -gencode;arch=compute_37,code=sm_37;-gencode;arch=compute_50,code=sm_50;-gencode;arch=compute_60,code=sm_60;-gencode;arch=compute_70,code=sm_70;-gencode;arch=compute_75,code=sm_75;-gencode;arch=compute_80,code=sm_80;-gencode;arch=compute_86,code=sm_86;-gencode;arch=compute_90,code=sm_90
  - CuDNN 8.7
  - Magma 2.6.1
  - Build settings: BLAS_INFO=mkl, BUILD_TYPE=Release, CUDA_VERSION=11.8, CUDNN_VERSION=8.7.0, CXX_COMPILER=/opt/rh/devtoolset-9/root/usr/bin/c++, CXX_FLAGS= -D_GLIBCXX_USE_CXX11_ABI=0 -fabi-version=11 -Wno-deprecated -fvisibility-inlines-hidden -DUSE_PTHREADPOOL -DNDEBUG -DUSE_KINETO -DLIBKINETO_NOROCTRACER -DUSE_FBGEMM -DUSE_QNNPACK -DUSE_PYTORCH_QNNPACK -DUSE_XNNPACK -DSYMBOLICATE_MOBILE_DEBUG_HANDLE -O2 -fPIC -Wall -Wextra -Werror=return-type -Werror=non-virtual-dtor -Werror=bool-operation -Wnarrowing -Wno-missing-field-initializers -Wno-type-limits -Wno-array-bounds -Wno-unknown-pragmas -Wunused-local-typedefs -Wno-unused-parameter -Wno-unused-function -Wno-unused-result -Wno-strict-overflow -Wno-strict-aliasing -Wno-error=deprecated-declarations -Wno-stringop-overflow -Wno-psabi -Wno-error=pedantic -Wno-error=redundant-decls -Wno-error=old-style-cast -fdiagnostics-color=always -faligned-new -Wno-unused-but-set-variable -Wno-maybe-uninitialized -fno-math-errno -fno-trapping-math -Werror=format -Werror=cast-function-type -Wno-stringop-overflow, LAPACK_INFO=mkl, PERF_WITH_AVX=1, PERF_WITH_AVX2=1, PERF_WITH_AVX512=1, TORCH_DISABLE_GPU_ASSERTS=ON, TORCH_VERSION=2.0.1, USE_CUDA=ON, USE_CUDNN=ON, USE_EXCEPTION_PTR=1, USE_GFLAGS=OFF, USE_GLOG=OFF, USE_MKL=ON, USE_MKLDNN=ON, USE_MPI=OFF, USE_NCCL=1, USE_NNPACK=ON, USE_OPENMP=ON, USE_ROCM=OFF, 

[11/20 08:52:29 visual_prompt]: Command line arguments: Namespace(config_file='visual_prompt_tuning/configs/finetune/cub.yaml', train_type='finetune', opts=['MODEL.TYPE', 'vit', 'DATA.BATCH_SIZE', '32', 'MODEL.PROMPT.NUM_TOKENS', '50', 'MODEL.PROMPT.DEEP', 'True', 'MODEL.PROMPT.DROPOUT', '0.1', 'DATA.FEATURE', 'sup_vitb16_imagenet21k', 'DATA.IMGSIZE', '500', 'DATA.NAME', 'mammo-cbis', 'DATA.NUMBER_CLASSES', '2', 'DATA.CROP', 'False', 'MODEL.MODEL_ROOT', 'visual_prompt_tuning/model_root', 'DATA.DATAPATH', 'visual_prompt_tuning/data_path', 'OUTPUT_DIR', 'visual_prompt_tuning/output_dir', 'SOLVER.PATIENCE', '7', 'SOLVER.CRITERION', 'loss'])
[11/20 08:52:29 visual_prompt]: Contents of args.config_file=visual_prompt_tuning/configs/finetune/cub.yaml:
_BASE_: "../base-finetune.yaml"
RUN_N_TIMES: 1
DATA:
  NAME: "CUB"
  DATAPATH: ""  #TODO: need to specify here
  NUMBER_CLASSES: 200
  MULTILABEL: False
  FEATURE: "imagenet_supervised"  # need to tune
MODEL:
  TYPE: "vit"
SOLVER:
  BASE_LR: 0.00375
  WEIGHT_DECAY: 0.01

[11/20 08:52:29 visual_prompt]: Training with config:
[11/20 08:52:29 visual_prompt]: CfgNode({'DBG': False, 'OUTPUT_DIR': 'visual_prompt_tuning/output_dir/mammo-cbis/sup_vitb16_imagenet21k/end2end/size500/val/seed0/lr0.005_wd0.0/patience7/run1', 'RUN_N_TIMES': 1, 'CUDNN_BENCHMARK': False, 'NUM_GPUS': 1, 'NUM_SHARDS': 1, 'SEED': 0, 'MODEL': CfgNode({'TRANSFER_TYPE': 'end2end', 'WEIGHT_PATH': '', 'SAVE_CKPT': False, 'MODEL_ROOT': 'visual_prompt_tuning/model_root', 'TYPE': 'vit', 'MLP_NUM': 0, 'LINEAR': CfgNode({'MLP_SIZES': [], 'DROPOUT': 0.1}), 'PROMPT': CfgNode({'NUM_TOKENS': 50, 'LOCATION': 'prepend', 'INITIATION': 'random', 'CLSEMB_FOLDER': '', 'CLSEMB_PATH': '', 'PROJECT': -1, 'DEEP': True, 'NUM_DEEP_LAYERS': None, 'REVERSE_DEEP': False, 'DEEP_SHARED': False, 'FORWARD_DEEP_NOEXPAND': False, 'VIT_POOL_TYPE': 'original', 'DROPOUT': 0.1, 'SAVE_FOR_EACH_EPOCH': False}), 'ADAPTER': CfgNode({'REDUCATION_FACTOR': 8, 'STYLE': 'Pfeiffer'})}), 'SOLVER': CfgNode({'LOSS': 'softmax', 'LOSS_ALPHA': 0.01, 'OPTIMIZER': 'adamw', 'MOMENTUM': 0.9, 'WEIGHT_DECAY': 0.0, 'WEIGHT_DECAY_BIAS': 0, 'PATIENCE': 7, 'CRITERION': 'loss', 'SCHEDULER': 'cosine', 'BASE_LR': 0.005, 'BIAS_MULTIPLIER': 1.0, 'WARMUP_EPOCH': 5, 'TOTAL_EPOCH': 100, 'LOG_EVERY_N': 100, 'DBG_TRAINABLE': False}), 'DATA': CfgNode({'NAME': 'mammo-cbis', 'DATAPATH': 'visual_prompt_tuning/data_path', 'FEATURE': 'sup_vitb16_imagenet21k', 'PERCENTAGE': 1.0, 'NUMBER_CLASSES': 2, 'MULTILABEL': False, 'CLASS_WEIGHTS_TYPE': 'none', 'IMGSIZE': 500, 'CROP': False, 'NO_TEST': False, 'BATCH_SIZE': 32, 'NUM_WORKERS': 8, 'PIN_MEMORY': True})})
[11/20 08:52:29 visual_prompt]: Loading training data...
[11/20 08:52:29 visual_prompt]: Constructing mammo-cbis dataset train...
[11/20 08:52:29 visual_prompt]: Loading validation data...
[11/20 08:52:29 visual_prompt]: Constructing mammo-cbis dataset val...
[11/20 08:52:29 visual_prompt]: Constructing models...
[INFO: vit.py:  342]: load_pretrained: resized variant: torch.Size([1, 197, 768]) to torch.Size([1, 962, 768])
load_pretrained: grid-size from 14 to 31
[11/20 08:52:31 visual_prompt]: Enable all parameters update during training
[11/20 08:52:31 visual_prompt]: Total Parameters: 86387714	 Gradient Parameters: 86387714
[11/20 08:52:31 visual_prompt]: tuned percent:100.000
[11/20 08:52:31 visual_prompt]: Device used for model: 0
[11/20 08:52:31 visual_prompt]: Setting up Evaluator...
[11/20 08:52:31 visual_prompt]: Setting up Trainer...
[11/20 08:52:31 visual_prompt]: 	Setting up the optimizer...
[11/20 08:52:31 visual_prompt]: Training 1 / 100 epoch, with learning rate 0.0
[11/20 08:59:38 visual_prompt]: Epoch 1 / 100: avg data time: 4.47e+00, avg batch time: 6.0972, average train loss: 7.2380
[11/20 09:00:29 visual_prompt]: Inference (val):avg data time: 2.46e-05, avg batch time: 0.5436, average loss: 6.4181
[11/20 09:00:29 visual_prompt]: Classification results with val_mammo-cbis: top1: 45.53	rocauc: 52.79	
[11/20 09:00:29 visual_prompt]: Training 2 / 100 epoch, with learning rate 0.001
[11/20 09:07:36 visual_prompt]: Epoch 2 / 100: avg data time: 4.46e+00, avg batch time: 6.0927, average train loss: 6.1562
[11/20 09:08:26 visual_prompt]: Inference (val):avg data time: 2.26e-05, avg batch time: 0.5436, average loss: 0.7175
[11/20 09:08:26 visual_prompt]: Classification results with val_mammo-cbis: top1: 56.91	rocauc: 53.62	
[11/20 09:08:26 visual_prompt]: Training 3 / 100 epoch, with learning rate 0.002
[11/20 09:15:35 visual_prompt]: Epoch 3 / 100: avg data time: 4.50e+00, avg batch time: 6.1249, average train loss: 1.0617
[11/20 09:16:26 visual_prompt]: Inference (val):avg data time: 2.16e-05, avg batch time: 0.5426, average loss: 0.7295
[11/20 09:16:26 visual_prompt]: Classification results with val_mammo-cbis: top1: 49.19	rocauc: 56.07	
[11/20 09:16:26 visual_prompt]: Training 4 / 100 epoch, with learning rate 0.003
[11/20 09:23:35 visual_prompt]: Epoch 4 / 100: avg data time: 4.51e+00, avg batch time: 6.1331, average train loss: 0.8020
[11/20 09:24:26 visual_prompt]: Inference (val):avg data time: 2.34e-05, avg batch time: 0.5435, average loss: 1.0316
[11/20 09:24:26 visual_prompt]: Classification results with val_mammo-cbis: top1: 54.88	rocauc: 57.94	
[11/20 09:24:26 visual_prompt]: Training 5 / 100 epoch, with learning rate 0.004
[11/20 09:31:33 visual_prompt]: Epoch 5 / 100: avg data time: 4.48e+00, avg batch time: 6.1048, average train loss: 0.9345
[11/20 09:32:24 visual_prompt]: Inference (val):avg data time: 2.18e-05, avg batch time: 0.5396, average loss: 1.1744
[11/20 09:32:24 visual_prompt]: Classification results with val_mammo-cbis: top1: 54.88	rocauc: 58.55	
[11/20 09:32:24 visual_prompt]: Training 6 / 100 epoch, with learning rate 0.005
[11/20 09:39:28 visual_prompt]: Epoch 6 / 100: avg data time: 4.43e+00, avg batch time: 6.0584, average train loss: 1.0874
[11/20 09:40:19 visual_prompt]: Inference (val):avg data time: 2.64e-05, avg batch time: 0.5412, average loss: 2.0872
[11/20 09:40:19 visual_prompt]: Classification results with val_mammo-cbis: top1: 54.88	rocauc: 56.90	
[11/20 09:40:19 visual_prompt]: Training 7 / 100 epoch, with learning rate 0.004998633143352315
[11/20 09:47:21 visual_prompt]: Epoch 7 / 100: avg data time: 4.40e+00, avg batch time: 6.0348, average train loss: 1.2996
[11/20 09:48:12 visual_prompt]: Inference (val):avg data time: 2.39e-05, avg batch time: 0.5401, average loss: 1.0743
[11/20 09:48:12 visual_prompt]: Classification results with val_mammo-cbis: top1: 54.88	rocauc: 53.71	
[11/20 09:48:12 visual_prompt]: Best epoch 7: best metric: -1.074
[11/20 09:48:12 visual_prompt]: Training 8 / 100 epoch, with learning rate 0.004994534068046936
[11/20 09:55:20 visual_prompt]: Epoch 8 / 100: avg data time: 4.49e+00, avg batch time: 6.1123, average train loss: 0.9402
[11/20 09:56:11 visual_prompt]: Inference (val):avg data time: 2.76e-05, avg batch time: 0.5417, average loss: 0.9639
[11/20 09:56:11 visual_prompt]: Classification results with val_mammo-cbis: top1: 45.12	rocauc: 53.97	
[11/20 09:56:11 visual_prompt]: Best epoch 8: best metric: -0.964
[11/20 09:56:11 visual_prompt]: Training 9 / 100 epoch, with learning rate 0.0049877072563625285
[11/20 10:03:21 visual_prompt]: Epoch 9 / 100: avg data time: 4.51e+00, avg batch time: 6.1386, average train loss: 1.0765
[11/20 10:04:11 visual_prompt]: Inference (val):avg data time: 2.61e-05, avg batch time: 0.5411, average loss: 2.7905
[11/20 10:04:11 visual_prompt]: Classification results with val_mammo-cbis: top1: 45.12	rocauc: 54.61	
[11/20 10:04:11 visual_prompt]: Training 10 / 100 epoch, with learning rate 0.004978160173317438
[11/20 10:11:20 visual_prompt]: Epoch 10 / 100: avg data time: 4.50e+00, avg batch time: 6.1250, average train loss: 1.6142
[11/20 10:12:11 visual_prompt]: Inference (val):avg data time: 2.25e-05, avg batch time: 0.5409, average loss: 0.7072
[11/20 10:12:11 visual_prompt]: Classification results with val_mammo-cbis: top1: 56.91	rocauc: 54.51	
[11/20 10:12:11 visual_prompt]: Best epoch 10: best metric: -0.707
[11/20 10:12:11 visual_prompt]: Training 11 / 100 epoch, with learning rate 0.004965903258506806
[11/20 10:19:19 visual_prompt]: Epoch 11 / 100: avg data time: 4.48e+00, avg batch time: 6.1096, average train loss: 0.9747
[11/20 10:20:09 visual_prompt]: Inference (val):avg data time: 2.12e-05, avg batch time: 0.5438, average loss: 1.9947
[11/20 10:20:09 visual_prompt]: Classification results with val_mammo-cbis: top1: 54.88	rocauc: 55.21	
[11/20 10:20:09 visual_prompt]: Training 12 / 100 epoch, with learning rate 0.004950949914687024
[11/20 10:27:18 visual_prompt]: Epoch 12 / 100: avg data time: 4.49e+00, avg batch time: 6.1262, average train loss: 1.1358
[11/20 10:28:09 visual_prompt]: Inference (val):avg data time: 2.28e-05, avg batch time: 0.5414, average loss: 1.8890
[11/20 10:28:09 visual_prompt]: Classification results with val_mammo-cbis: top1: 45.12	rocauc: 55.06	
[11/20 10:28:09 visual_prompt]: Training 13 / 100 epoch, with learning rate 0.0049333164931200145
[11/20 10:35:16 visual_prompt]: Epoch 13 / 100: avg data time: 4.47e+00, avg batch time: 6.1022, average train loss: 1.2607
[11/20 10:36:07 visual_prompt]: Inference (val):avg data time: 2.03e-05, avg batch time: 0.5398, average loss: 0.7105
[11/20 10:36:07 visual_prompt]: Classification results with val_mammo-cbis: top1: 55.28	rocauc: 55.62	
[11/20 10:36:07 visual_prompt]: Training 14 / 100 epoch, with learning rate 0.004913022275693372
[11/20 10:43:16 visual_prompt]: Epoch 14 / 100: avg data time: 4.49e+00, avg batch time: 6.1292, average train loss: 0.8948
[11/20 10:44:07 visual_prompt]: Inference (val):avg data time: 2.14e-05, avg batch time: 0.5426, average loss: 1.9441
[11/20 10:44:07 visual_prompt]: Classification results with val_mammo-cbis: top1: 54.88	rocauc: 57.22	
[11/20 10:44:07 visual_prompt]: Training 15 / 100 epoch, with learning rate 0.0048900894538358945
[11/20 10:51:15 visual_prompt]: Epoch 15 / 100: avg data time: 4.47e+00, avg batch time: 6.1100, average train loss: 0.9315
[11/20 10:52:05 visual_prompt]: Inference (val):avg data time: 2.32e-05, avg batch time: 0.5381, average loss: 0.6950
[11/20 10:52:05 visual_prompt]: Classification results with val_mammo-cbis: top1: 57.32	rocauc: 56.32	
[11/20 10:52:05 visual_prompt]: Best epoch 15: best metric: -0.695
[11/20 10:52:05 visual_prompt]: Training 16 / 100 epoch, with learning rate 0.004864543104251586
[11/20 10:59:12 visual_prompt]: Epoch 16 / 100: avg data time: 4.46e+00, avg batch time: 6.0895, average train loss: 0.7480
[11/20 11:00:02 visual_prompt]: Inference (val):avg data time: 2.33e-05, avg batch time: 0.5416, average loss: 0.7200
[11/20 11:00:02 visual_prompt]: Classification results with val_mammo-cbis: top1: 53.66	rocauc: 56.07	
[11/20 11:00:02 visual_prompt]: Training 17 / 100 epoch, with learning rate 0.004836411161498653
[11/20 11:07:12 visual_prompt]: Epoch 17 / 100: avg data time: 4.52e+00, avg batch time: 6.1451, average train loss: 0.9642
[11/20 11:08:03 visual_prompt]: Inference (val):avg data time: 2.26e-05, avg batch time: 0.5417, average loss: 0.7433
[11/20 11:08:03 visual_prompt]: Classification results with val_mammo-cbis: top1: 54.88	rocauc: 56.83	
[11/20 11:08:03 visual_prompt]: Training 18 / 100 epoch, with learning rate 0.004805724387443462
[11/20 11:15:11 visual_prompt]: Epoch 18 / 100: avg data time: 4.48e+00, avg batch time: 6.1116, average train loss: 0.9216
[11/20 11:16:02 visual_prompt]: Inference (val):avg data time: 1.80e-04, avg batch time: 0.5466, average loss: 2.2458
[11/20 11:16:02 visual_prompt]: Classification results with val_mammo-cbis: top1: 45.12	rocauc: 56.20	
[11/20 11:16:02 visual_prompt]: Training 19 / 100 epoch, with learning rate 0.004772516337622906
[11/20 11:23:11 visual_prompt]: Epoch 19 / 100: avg data time: 4.50e+00, avg batch time: 6.1260, average train loss: 1.0275
[11/20 11:24:02 visual_prompt]: Inference (val):avg data time: 2.40e-05, avg batch time: 0.5416, average loss: 0.8264
[11/20 11:24:02 visual_prompt]: Classification results with val_mammo-cbis: top1: 45.12	rocauc: 58.45	
[11/20 11:24:02 visual_prompt]: Training 20 / 100 epoch, with learning rate 0.004736823324551909
[11/20 11:31:11 visual_prompt]: Epoch 20 / 100: avg data time: 4.51e+00, avg batch time: 6.1337, average train loss: 0.8188
[11/20 11:32:02 visual_prompt]: Inference (val):avg data time: 2.15e-05, avg batch time: 0.5390, average loss: 0.6962
[11/20 11:32:02 visual_prompt]: Classification results with val_mammo-cbis: top1: 54.07	rocauc: 58.88	
[11/20 11:32:02 visual_prompt]: Training 21 / 100 epoch, with learning rate 0.004698684378016222
[11/20 11:39:11 visual_prompt]: Epoch 21 / 100: avg data time: 4.50e+00, avg batch time: 6.1181, average train loss: 0.8381
[11/20 11:40:01 visual_prompt]: Inference (val):avg data time: 2.31e-05, avg batch time: 0.5439, average loss: 1.3830
[11/20 11:40:01 visual_prompt]: Classification results with val_mammo-cbis: top1: 54.88	rocauc: 59.50	
[11/20 11:40:01 visual_prompt]: Training 22 / 100 epoch, with learning rate 0.004658141202393935
[11/20 11:47:07 visual_prompt]: Epoch 22 / 100: avg data time: 4.46e+00, avg batch time: 6.0852, average train loss: 0.8883
[11/20 11:47:58 visual_prompt]: Inference (val):avg data time: 2.63e-05, avg batch time: 0.5392, average loss: 0.7569
[11/20 11:47:58 visual_prompt]: Classification results with val_mammo-cbis: top1: 45.12	rocauc: 61.27	
[11/20 11:47:58 visual_prompt]: Stopping early.
[11/20 11:47:58 visual_prompt]: Rank of current process: 0. World size: 1
[11/20 11:47:58 visual_prompt]: Environment info:
-------------------  -------------------------------------------------
Python               3.11.5 (main, Sep 11 2023, 13:54:46) [GCC 11.2.0]
ENV_MODULE           <not set>
PyTorch              2.0.1+cu118
PyTorch Debug Build  False
CUDA available       True
CUDA ID              0
GPU 0                NVIDIA A40
Pillow               9.3.0
cv2                  4.8.0
-------------------  -------------------------------------------------
PyTorch built with:
  - GCC 9.3
  - C++ Version: 201703
  - Intel(R) oneAPI Math Kernel Library Version 2022.2-Product Build 20220804 for Intel(R) 64 architecture applications
  - Intel(R) MKL-DNN v2.7.3 (Git Hash 6dbeffbae1f23cbbeae17adb7b5b13f1f37c080e)
  - OpenMP 201511 (a.k.a. OpenMP 4.5)
  - LAPACK is enabled (usually provided by MKL)
  - NNPACK is enabled
  - CPU capability usage: AVX2
  - CUDA Runtime 11.8
  - NVCC architecture flags: -gencode;arch=compute_37,code=sm_37;-gencode;arch=compute_50,code=sm_50;-gencode;arch=compute_60,code=sm_60;-gencode;arch=compute_70,code=sm_70;-gencode;arch=compute_75,code=sm_75;-gencode;arch=compute_80,code=sm_80;-gencode;arch=compute_86,code=sm_86;-gencode;arch=compute_90,code=sm_90
  - CuDNN 8.7
  - Magma 2.6.1
  - Build settings: BLAS_INFO=mkl, BUILD_TYPE=Release, CUDA_VERSION=11.8, CUDNN_VERSION=8.7.0, CXX_COMPILER=/opt/rh/devtoolset-9/root/usr/bin/c++, CXX_FLAGS= -D_GLIBCXX_USE_CXX11_ABI=0 -fabi-version=11 -Wno-deprecated -fvisibility-inlines-hidden -DUSE_PTHREADPOOL -DNDEBUG -DUSE_KINETO -DLIBKINETO_NOROCTRACER -DUSE_FBGEMM -DUSE_QNNPACK -DUSE_PYTORCH_QNNPACK -DUSE_XNNPACK -DSYMBOLICATE_MOBILE_DEBUG_HANDLE -O2 -fPIC -Wall -Wextra -Werror=return-type -Werror=non-virtual-dtor -Werror=bool-operation -Wnarrowing -Wno-missing-field-initializers -Wno-type-limits -Wno-array-bounds -Wno-unknown-pragmas -Wunused-local-typedefs -Wno-unused-parameter -Wno-unused-function -Wno-unused-result -Wno-strict-overflow -Wno-strict-aliasing -Wno-error=deprecated-declarations -Wno-stringop-overflow -Wno-psabi -Wno-error=pedantic -Wno-error=redundant-decls -Wno-error=old-style-cast -fdiagnostics-color=always -faligned-new -Wno-unused-but-set-variable -Wno-maybe-uninitialized -fno-math-errno -fno-trapping-math -Werror=format -Werror=cast-function-type -Wno-stringop-overflow, LAPACK_INFO=mkl, PERF_WITH_AVX=1, PERF_WITH_AVX2=1, PERF_WITH_AVX512=1, TORCH_DISABLE_GPU_ASSERTS=ON, TORCH_VERSION=2.0.1, USE_CUDA=ON, USE_CUDNN=ON, USE_EXCEPTION_PTR=1, USE_GFLAGS=OFF, USE_GLOG=OFF, USE_MKL=ON, USE_MKLDNN=ON, USE_MPI=OFF, USE_NCCL=1, USE_NNPACK=ON, USE_OPENMP=ON, USE_ROCM=OFF, 

[11/20 11:47:58 visual_prompt]: Command line arguments: Namespace(config_file='visual_prompt_tuning/configs/finetune/cub.yaml', train_type='finetune', opts=['MODEL.TYPE', 'vit', 'DATA.BATCH_SIZE', '32', 'MODEL.PROMPT.NUM_TOKENS', '50', 'MODEL.PROMPT.DEEP', 'True', 'MODEL.PROMPT.DROPOUT', '0.1', 'DATA.FEATURE', 'sup_vitb16_imagenet21k', 'DATA.IMGSIZE', '500', 'DATA.NAME', 'mammo-cbis', 'DATA.NUMBER_CLASSES', '2', 'DATA.CROP', 'False', 'MODEL.MODEL_ROOT', 'visual_prompt_tuning/model_root', 'DATA.DATAPATH', 'visual_prompt_tuning/data_path', 'OUTPUT_DIR', 'visual_prompt_tuning/output_dir', 'SOLVER.PATIENCE', '7', 'SOLVER.CRITERION', 'loss'])
[11/20 11:47:58 visual_prompt]: Contents of args.config_file=visual_prompt_tuning/configs/finetune/cub.yaml:
_BASE_: "../base-finetune.yaml"
RUN_N_TIMES: 1
DATA:
  NAME: "CUB"
  DATAPATH: ""  #TODO: need to specify here
  NUMBER_CLASSES: 200
  MULTILABEL: False
  FEATURE: "imagenet_supervised"  # need to tune
MODEL:
  TYPE: "vit"
SOLVER:
  BASE_LR: 0.00375
  WEIGHT_DECAY: 0.01

[11/20 11:47:58 visual_prompt]: Training with config:
[11/20 11:47:58 visual_prompt]: CfgNode({'DBG': False, 'OUTPUT_DIR': 'visual_prompt_tuning/output_dir/mammo-cbis/sup_vitb16_imagenet21k/end2end/size500/val/seed0/lr0.001_wd0.01/patience7/run1', 'RUN_N_TIMES': 1, 'CUDNN_BENCHMARK': False, 'NUM_GPUS': 1, 'NUM_SHARDS': 1, 'SEED': 0, 'MODEL': CfgNode({'TRANSFER_TYPE': 'end2end', 'WEIGHT_PATH': '', 'SAVE_CKPT': False, 'MODEL_ROOT': 'visual_prompt_tuning/model_root', 'TYPE': 'vit', 'MLP_NUM': 0, 'LINEAR': CfgNode({'MLP_SIZES': [], 'DROPOUT': 0.1}), 'PROMPT': CfgNode({'NUM_TOKENS': 50, 'LOCATION': 'prepend', 'INITIATION': 'random', 'CLSEMB_FOLDER': '', 'CLSEMB_PATH': '', 'PROJECT': -1, 'DEEP': True, 'NUM_DEEP_LAYERS': None, 'REVERSE_DEEP': False, 'DEEP_SHARED': False, 'FORWARD_DEEP_NOEXPAND': False, 'VIT_POOL_TYPE': 'original', 'DROPOUT': 0.1, 'SAVE_FOR_EACH_EPOCH': False}), 'ADAPTER': CfgNode({'REDUCATION_FACTOR': 8, 'STYLE': 'Pfeiffer'})}), 'SOLVER': CfgNode({'LOSS': 'softmax', 'LOSS_ALPHA': 0.01, 'OPTIMIZER': 'adamw', 'MOMENTUM': 0.9, 'WEIGHT_DECAY': 0.01, 'WEIGHT_DECAY_BIAS': 0, 'PATIENCE': 7, 'CRITERION': 'loss', 'SCHEDULER': 'cosine', 'BASE_LR': 0.001, 'BIAS_MULTIPLIER': 1.0, 'WARMUP_EPOCH': 5, 'TOTAL_EPOCH': 100, 'LOG_EVERY_N': 100, 'DBG_TRAINABLE': False}), 'DATA': CfgNode({'NAME': 'mammo-cbis', 'DATAPATH': 'visual_prompt_tuning/data_path', 'FEATURE': 'sup_vitb16_imagenet21k', 'PERCENTAGE': 1.0, 'NUMBER_CLASSES': 2, 'MULTILABEL': False, 'CLASS_WEIGHTS_TYPE': 'none', 'IMGSIZE': 500, 'CROP': False, 'NO_TEST': False, 'BATCH_SIZE': 32, 'NUM_WORKERS': 8, 'PIN_MEMORY': True})})
[11/20 11:47:58 visual_prompt]: Loading training data...
[11/20 11:47:58 visual_prompt]: Constructing mammo-cbis dataset train...
[11/20 11:47:58 visual_prompt]: Loading validation data...
[11/20 11:47:58 visual_prompt]: Constructing mammo-cbis dataset val...
[11/20 11:47:58 visual_prompt]: Constructing models...
[INFO: vit.py:  342]: load_pretrained: resized variant: torch.Size([1, 197, 768]) to torch.Size([1, 962, 768])
load_pretrained: grid-size from 14 to 31
[11/20 11:48:00 visual_prompt]: Enable all parameters update during training
[11/20 11:48:00 visual_prompt]: Total Parameters: 86387714	 Gradient Parameters: 86387714
[11/20 11:48:00 visual_prompt]: tuned percent:100.000
[11/20 11:48:00 visual_prompt]: Device used for model: 0
[11/20 11:48:00 visual_prompt]: Setting up Evaluator...
[11/20 11:48:00 visual_prompt]: Setting up Trainer...
[11/20 11:48:00 visual_prompt]: 	Setting up the optimizer...
[11/20 11:48:00 visual_prompt]: Training 1 / 100 epoch, with learning rate 0.0
Traceback (most recent call last):
  File "/home/s1952889/final-project/implementation/visual_prompt_tuning/tune_cbis.py", line 99, in <module>
    main(args)
  File "/home/s1952889/final-project/implementation/visual_prompt_tuning/tune_cbis.py", line 83, in main
    explore_lrwd_range(args)
  File "/home/s1952889/final-project/implementation/visual_prompt_tuning/tune_cbis.py", line 79, in explore_lrwd_range
    train(cfg, args, test=False)
  File "/home/s1952889/final-project/implementation/visual_prompt_tuning/tune_cbis.py", line 44, in train
    trainer.train_classifier(train_loader, val_loader, test_loader)
  File "/home/s1952889/final-project/implementation/visual_prompt_tuning/src/engine/trainer.py", line 187, in train_classifier
    train_loss, _ = self.forward_one_batch(X, targets, True)
                    ^^^^^^^^^^^^^^^^^^^^^^^^^^^^^^^^^^^^^^^^
  File "/home/s1952889/final-project/implementation/visual_prompt_tuning/src/engine/trainer.py", line 120, in forward_one_batch
    loss.backward()
  File "/home/s1952889/miniconda3/envs/prompt/lib/python3.11/site-packages/torch/_tensor.py", line 487, in backward
    torch.autograd.backward(
  File "/home/s1952889/miniconda3/envs/prompt/lib/python3.11/site-packages/torch/autograd/__init__.py", line 200, in backward
    Variable._execution_engine.run_backward(  # Calls into the C++ engine to run the backward pass
torch.cuda.OutOfMemoryError: CUDA out of memory. Tried to allocate 1.32 GiB (GPU 0; 44.35 GiB total capacity; 41.11 GiB already allocated; 966.75 MiB free; 43.06 GiB reserved in total by PyTorch) If reserved memory is >> allocated memory try setting max_split_size_mb to avoid fragmentation.  See documentation for Memory Management and PYTORCH_CUDA_ALLOC_CONF
/bin/bash: /home/s1952889/miniconda3/envs/prompt/lib/libtinfo.so.6: no version information available (required by /bin/bash)
