/bin/bash: /home/s1952889/miniconda3/envs/prompt/lib/libtinfo.so.6: no version information available (required by /bin/bash)
An exception occurred in telemetry logging.Disabling telemetry to prevent further exceptions.
Traceback (most recent call last):
  File "/home/s1952889/miniconda3/envs/prompt/lib/python3.11/site-packages/iopath/common/file_io.py", line 946, in __log_tmetry_keys
    handler.log_event()
  File "/home/s1952889/miniconda3/envs/prompt/lib/python3.11/site-packages/iopath/common/event_logger.py", line 97, in log_event
    del self._evt
        ^^^^^^^^^
AttributeError: 'NativePathHandler' object has no attribute '_evt'
Namespace(config_file='visual_prompt_tuning/configs/prompt/cub.yaml', train_type='prompt', opts=['MODEL.TYPE', 'vit', 'DATA.BATCH_SIZE', '4', 'MODEL.PROMPT.NUM_TOKENS', '50', 'MODEL.PROMPT.DEEP', 'True', 'MODEL.PROMPT.DROPOUT', '0.1', 'DATA.FEATURE', 'sup_vitb16_imagenet21k', 'DATA.IMGSIZE', '800', 'DATA.NAME', 'mammo-cbis', 'DATA.NUMBER_CLASSES', '2', 'DATA.CROP', 'False', 'MODEL.MODEL_ROOT', 'visual_prompt_tuning/model_root', 'DATA.DATAPATH', 'visual_prompt_tuning/data_path', 'OUTPUT_DIR', 'visual_prompt_tuning/output_dir', 'SOLVER.PATIENCE', '14', 'SOLVER.CRITERION', 'loss'])
[11/22 07:06:40 visual_prompt]: Rank of current process: 0. World size: 1
[11/22 07:06:42 visual_prompt]: Environment info:
-------------------  -------------------------------------------------
Python               3.11.5 (main, Sep 11 2023, 13:54:46) [GCC 11.2.0]
ENV_MODULE           <not set>
PyTorch              2.0.1+cu118
PyTorch Debug Build  False
CUDA available       True
CUDA ID              3
GPU 0                NVIDIA A40
Pillow               9.3.0
cv2                  4.8.0
-------------------  -------------------------------------------------
PyTorch built with:
  - GCC 9.3
  - C++ Version: 201703
  - Intel(R) oneAPI Math Kernel Library Version 2022.2-Product Build 20220804 for Intel(R) 64 architecture applications
  - Intel(R) MKL-DNN v2.7.3 (Git Hash 6dbeffbae1f23cbbeae17adb7b5b13f1f37c080e)
  - OpenMP 201511 (a.k.a. OpenMP 4.5)
  - LAPACK is enabled (usually provided by MKL)
  - NNPACK is enabled
  - CPU capability usage: AVX2
  - CUDA Runtime 11.8
  - NVCC architecture flags: -gencode;arch=compute_37,code=sm_37;-gencode;arch=compute_50,code=sm_50;-gencode;arch=compute_60,code=sm_60;-gencode;arch=compute_70,code=sm_70;-gencode;arch=compute_75,code=sm_75;-gencode;arch=compute_80,code=sm_80;-gencode;arch=compute_86,code=sm_86;-gencode;arch=compute_90,code=sm_90
  - CuDNN 8.7
  - Magma 2.6.1
  - Build settings: BLAS_INFO=mkl, BUILD_TYPE=Release, CUDA_VERSION=11.8, CUDNN_VERSION=8.7.0, CXX_COMPILER=/opt/rh/devtoolset-9/root/usr/bin/c++, CXX_FLAGS= -D_GLIBCXX_USE_CXX11_ABI=0 -fabi-version=11 -Wno-deprecated -fvisibility-inlines-hidden -DUSE_PTHREADPOOL -DNDEBUG -DUSE_KINETO -DLIBKINETO_NOROCTRACER -DUSE_FBGEMM -DUSE_QNNPACK -DUSE_PYTORCH_QNNPACK -DUSE_XNNPACK -DSYMBOLICATE_MOBILE_DEBUG_HANDLE -O2 -fPIC -Wall -Wextra -Werror=return-type -Werror=non-virtual-dtor -Werror=bool-operation -Wnarrowing -Wno-missing-field-initializers -Wno-type-limits -Wno-array-bounds -Wno-unknown-pragmas -Wunused-local-typedefs -Wno-unused-parameter -Wno-unused-function -Wno-unused-result -Wno-strict-overflow -Wno-strict-aliasing -Wno-error=deprecated-declarations -Wno-stringop-overflow -Wno-psabi -Wno-error=pedantic -Wno-error=redundant-decls -Wno-error=old-style-cast -fdiagnostics-color=always -faligned-new -Wno-unused-but-set-variable -Wno-maybe-uninitialized -fno-math-errno -fno-trapping-math -Werror=format -Werror=cast-function-type -Wno-stringop-overflow, LAPACK_INFO=mkl, PERF_WITH_AVX=1, PERF_WITH_AVX2=1, PERF_WITH_AVX512=1, TORCH_DISABLE_GPU_ASSERTS=ON, TORCH_VERSION=2.0.1, USE_CUDA=ON, USE_CUDNN=ON, USE_EXCEPTION_PTR=1, USE_GFLAGS=OFF, USE_GLOG=OFF, USE_MKL=ON, USE_MKLDNN=ON, USE_MPI=OFF, USE_NCCL=1, USE_NNPACK=ON, USE_OPENMP=ON, USE_ROCM=OFF, 

[11/22 07:06:42 visual_prompt]: Command line arguments: Namespace(config_file='visual_prompt_tuning/configs/prompt/cub.yaml', train_type='prompt', opts=['MODEL.TYPE', 'vit', 'DATA.BATCH_SIZE', '4', 'MODEL.PROMPT.NUM_TOKENS', '50', 'MODEL.PROMPT.DEEP', 'True', 'MODEL.PROMPT.DROPOUT', '0.1', 'DATA.FEATURE', 'sup_vitb16_imagenet21k', 'DATA.IMGSIZE', '800', 'DATA.NAME', 'mammo-cbis', 'DATA.NUMBER_CLASSES', '2', 'DATA.CROP', 'False', 'MODEL.MODEL_ROOT', 'visual_prompt_tuning/model_root', 'DATA.DATAPATH', 'visual_prompt_tuning/data_path', 'OUTPUT_DIR', 'visual_prompt_tuning/output_dir', 'SOLVER.PATIENCE', '14', 'SOLVER.CRITERION', 'loss'])
[11/22 07:06:42 visual_prompt]: Contents of args.config_file=visual_prompt_tuning/configs/prompt/cub.yaml:
_BASE_: "../base-prompt.yaml"
RUN_N_TIMES: 1
DATA:
  NAME: "CUB"
  DATAPATH: ""  #TODO: need to specify here
  NUMBER_CLASSES: 200
  MULTILABEL: False
MODEL:
  TYPE: "vit"
SOLVER:
  BASE_LR: 0.1
  WEIGHT_DECAY: 0.01
[11/22 07:06:42 visual_prompt]: Training with config:
[11/22 07:06:42 visual_prompt]: CfgNode({'DBG': False, 'OUTPUT_DIR': 'visual_prompt_tuning/output_dir/mammo-cbis/sup_vitb16_imagenet21k/prompt50/size800/val/seed0/lr50.0_wd0.01/patience14/run1', 'RUN_N_TIMES': 1, 'CUDNN_BENCHMARK': False, 'NUM_GPUS': 1, 'NUM_SHARDS': 1, 'SEED': 0, 'MODEL': CfgNode({'TRANSFER_TYPE': 'prompt', 'WEIGHT_PATH': '', 'SAVE_CKPT': False, 'MODEL_ROOT': 'visual_prompt_tuning/model_root', 'TYPE': 'vit', 'MLP_NUM': 0, 'LINEAR': CfgNode({'MLP_SIZES': [], 'DROPOUT': 0.1}), 'PROMPT': CfgNode({'NUM_TOKENS': 50, 'LOCATION': 'prepend', 'INITIATION': 'random', 'CLSEMB_FOLDER': '', 'CLSEMB_PATH': '', 'PROJECT': -1, 'DEEP': True, 'NUM_DEEP_LAYERS': None, 'REVERSE_DEEP': False, 'DEEP_SHARED': False, 'FORWARD_DEEP_NOEXPAND': False, 'VIT_POOL_TYPE': 'original', 'DROPOUT': 0.1, 'SAVE_FOR_EACH_EPOCH': False}), 'ADAPTER': CfgNode({'REDUCATION_FACTOR': 8, 'STYLE': 'Pfeiffer'})}), 'SOLVER': CfgNode({'LOSS': 'softmax', 'LOSS_ALPHA': 0.01, 'OPTIMIZER': 'sgd', 'MOMENTUM': 0.9, 'WEIGHT_DECAY': 0.01, 'WEIGHT_DECAY_BIAS': 0, 'PATIENCE': 14, 'CRITERION': 'loss', 'SCHEDULER': 'cosine', 'BASE_LR': 50.0, 'BIAS_MULTIPLIER': 1.0, 'WARMUP_EPOCH': 10, 'TOTAL_EPOCH': 100, 'LOG_EVERY_N': 100, 'DBG_TRAINABLE': False}), 'DATA': CfgNode({'NAME': 'mammo-cbis', 'DATAPATH': 'visual_prompt_tuning/data_path', 'FEATURE': 'sup_vitb16_imagenet21k', 'PERCENTAGE': 1.0, 'NUMBER_CLASSES': 2, 'MULTILABEL': False, 'CLASS_WEIGHTS_TYPE': 'none', 'IMGSIZE': 800, 'CROP': False, 'NO_TEST': False, 'BATCH_SIZE': 4, 'NUM_WORKERS': 4, 'PIN_MEMORY': True})})
[11/22 07:06:42 visual_prompt]: Loading training data...
[11/22 07:06:42 visual_prompt]: Constructing mammo-cbis dataset train...
[11/22 07:06:42 visual_prompt]: Loading validation data...
[11/22 07:06:42 visual_prompt]: Constructing mammo-cbis dataset val...
[11/22 07:06:42 visual_prompt]: Constructing models...
[INFO: vit.py:  342]: load_pretrained: resized variant: torch.Size([1, 197, 768]) to torch.Size([1, 2501, 768])
load_pretrained: grid-size from 14 to 50
[11/22 07:06:45 visual_prompt]: Total Parameters: 88030466	 Gradient Parameters: 462338
[11/22 07:06:45 visual_prompt]: tuned percent:0.525
[11/22 07:06:46 visual_prompt]: Device used for model: 0
[11/22 07:06:46 visual_prompt]: Setting up Evaluator...
[11/22 07:06:46 visual_prompt]: Setting up Trainer...
[11/22 07:06:46 visual_prompt]: 	Setting up the optimizer...
[11/22 07:06:46 visual_prompt]: Training 1 / 100 epoch, with learning rate 0.0
[11/22 07:08:34 visual_prompt]: 	Training 100/553. train loss: 2.1087,	0.8211 s / batch. (data: 1.05e-02). ETA=12:35:26, max mem: 20.9 GB 
[11/22 07:10:15 visual_prompt]: 	Training 200/553. train loss: 1.3578,	0.8198 s / batch. (data: 2.98e-04). ETA=12:32:52, max mem: 20.9 GB 
[11/22 07:12:01 visual_prompt]: 	Training 300/553. train loss: 1.3905,	1.8280 s / batch. (data: 9.86e-01). ETA=1 day, 3:55:40, max mem: 20.9 GB 
[11/22 07:13:40 visual_prompt]: 	Training 400/553. train loss: 0.0383,	0.8078 s / batch. (data: 3.24e-04). ETA=12:19:08, max mem: 20.9 GB 
[11/22 07:15:24 visual_prompt]: 	Training 500/553. train loss: 0.9538,	0.8321 s / batch. (data: 3.88e-04). ETA=12:39:56, max mem: 20.9 GB 
[11/22 07:16:17 visual_prompt]: Epoch 1 / 100: avg data time: 2.07e-01, avg batch time: 1.0340, average train loss: 1.5403
[11/22 07:17:15 visual_prompt]: Inference (val):avg data time: 3.80e-05, avg batch time: 0.3061, average loss: 1.5201
[11/22 07:17:15 visual_prompt]: Classification results with val_mammo-cbis: top1: 54.88	rocauc: 48.08	
[11/22 07:17:15 visual_prompt]: Training 2 / 100 epoch, with learning rate 5.0
[11/22 07:18:59 visual_prompt]: 	Training 100/553. train loss: 11.0660,	1.3324 s / batch. (data: 5.28e-01). ETA=20:13:33, max mem: 20.9 GB 
[11/22 07:20:40 visual_prompt]: 	Training 200/553. train loss: 0.0000,	1.6047 s / batch. (data: 7.93e-01). ETA=1 day, 0:18:49, max mem: 20.9 GB 
[11/22 07:22:23 visual_prompt]: 	Training 300/553. train loss: 16.4932,	1.1150 s / batch. (data: 3.05e-01). ETA=16:51:47, max mem: 20.9 GB 
[11/22 07:24:03 visual_prompt]: 	Training 400/553. train loss: 6.3848,	0.8317 s / batch. (data: 7.95e-03). ETA=12:33:22, max mem: 20.9 GB 
[11/22 07:25:45 visual_prompt]: 	Training 500/553. train loss: 1.8677,	0.8109 s / batch. (data: 3.03e-04). ETA=12:13:09, max mem: 20.9 GB 
[11/22 07:26:36 visual_prompt]: Epoch 2 / 100: avg data time: 1.92e-01, avg batch time: 1.0150, average train loss: 14.2649
[11/22 07:27:34 visual_prompt]: Inference (val):avg data time: 2.57e-04, avg batch time: 0.3064, average loss: 67.7520
[11/22 07:27:34 visual_prompt]: Classification results with val_mammo-cbis: top1: 54.88	rocauc: 47.35	
[11/22 07:27:34 visual_prompt]: Training 3 / 100 epoch, with learning rate 10.0
[11/22 07:29:17 visual_prompt]: 	Training 100/553. train loss: 36.6844,	0.8192 s / batch. (data: 5.46e-03). ETA=12:18:32, max mem: 20.9 GB 
[11/22 07:31:00 visual_prompt]: 	Training 200/553. train loss: 39.5236,	1.2974 s / batch. (data: 4.97e-01). ETA=19:27:34, max mem: 20.9 GB 
[11/22 07:32:40 visual_prompt]: 	Training 300/553. train loss: 87.4285,	0.8277 s / batch. (data: 7.89e-03). ETA=12:23:28, max mem: 20.9 GB 
[11/22 07:34:23 visual_prompt]: 	Training 400/553. train loss: 14.2160,	0.8214 s / batch. (data: 6.28e-04). ETA=12:16:24, max mem: 20.9 GB 
[11/22 07:36:05 visual_prompt]: 	Training 500/553. train loss: 37.0757,	1.4476 s / batch. (data: 6.22e-01). ETA=21:35:27, max mem: 20.9 GB 
[11/22 07:36:57 visual_prompt]: Epoch 3 / 100: avg data time: 1.96e-01, avg batch time: 1.0175, average train loss: 39.4319
[11/22 07:37:54 visual_prompt]: Inference (val):avg data time: 3.66e-05, avg batch time: 0.3058, average loss: 28.8792
[11/22 07:37:54 visual_prompt]: Classification results with val_mammo-cbis: top1: 45.12	rocauc: 48.40	
[11/22 07:37:54 visual_prompt]: Training 4 / 100 epoch, with learning rate 15.0
[11/22 07:39:40 visual_prompt]: 	Training 100/553. train loss: 151.6634,	0.8074 s / batch. (data: 3.15e-04). ETA=12:00:26, max mem: 20.9 GB 
[11/22 07:41:21 visual_prompt]: 	Training 200/553. train loss: 0.4510,	0.9396 s / batch. (data: 1.11e-01). ETA=13:56:53, max mem: 20.9 GB 
[11/22 07:43:02 visual_prompt]: 	Training 300/553. train loss: 7.5754,	1.3916 s / batch. (data: 5.61e-01). ETA=20:37:09, max mem: 20.9 GB 
[11/22 07:44:40 visual_prompt]: 	Training 400/553. train loss: 67.7845,	1.3809 s / batch. (data: 5.75e-01). ETA=20:25:20, max mem: 20.9 GB 
[11/22 07:46:22 visual_prompt]: 	Training 500/553. train loss: 0.0000,	3.5183 s / batch. (data: 2.72e+00). ETA=2 days, 3:56:06, max mem: 20.9 GB 
[11/22 07:47:16 visual_prompt]: Epoch 4 / 100: avg data time: 1.96e-01, avg batch time: 1.0156, average train loss: 53.2946
[11/22 07:48:13 visual_prompt]: Inference (val):avg data time: 3.57e-05, avg batch time: 0.3086, average loss: 34.9306
[11/22 07:48:13 visual_prompt]: Classification results with val_mammo-cbis: top1: 54.88	rocauc: 53.06	
[11/22 07:48:13 visual_prompt]: Training 5 / 100 epoch, with learning rate 20.0
[11/22 07:49:57 visual_prompt]: 	Training 100/553. train loss: 0.0000,	0.8172 s / batch. (data: 7.97e-03). ETA=12:01:42, max mem: 20.9 GB 
[11/22 07:51:37 visual_prompt]: 	Training 200/553. train loss: 35.7910,	1.2476 s / batch. (data: 4.25e-01). ETA=18:19:44, max mem: 20.9 GB 
[11/22 07:53:20 visual_prompt]: 	Training 300/553. train loss: 13.4560,	0.8405 s / batch. (data: 7.91e-04). ETA=12:19:27, max mem: 20.9 GB 
[11/22 07:55:00 visual_prompt]: 	Training 400/553. train loss: 74.0575,	0.8459 s / batch. (data: 3.35e-02). ETA=12:22:47, max mem: 20.9 GB 
[11/22 07:56:42 visual_prompt]: 	Training 500/553. train loss: 51.1401,	0.8080 s / batch. (data: 7.93e-03). ETA=11:48:09, max mem: 20.9 GB 
[11/22 07:57:35 visual_prompt]: Epoch 5 / 100: avg data time: 1.98e-01, avg batch time: 1.0157, average train loss: 70.3916
[11/22 07:58:33 visual_prompt]: Inference (val):avg data time: 1.54e-04, avg batch time: 0.3089, average loss: 43.8182
[11/22 07:58:33 visual_prompt]: Classification results with val_mammo-cbis: top1: 54.88	rocauc: 41.23	
[11/22 07:58:33 visual_prompt]: Training 6 / 100 epoch, with learning rate 25.0
[11/22 08:00:19 visual_prompt]: 	Training 100/553. train loss: 363.2985,	0.8197 s / batch. (data: 8.24e-04). ETA=11:56:19, max mem: 20.9 GB 
[11/22 08:01:59 visual_prompt]: 	Training 200/553. train loss: 621.9333,	0.8298 s / batch. (data: 1.20e-02). ETA=12:03:49, max mem: 20.9 GB 
[11/22 08:03:38 visual_prompt]: 	Training 300/553. train loss: 82.2972,	0.8281 s / batch. (data: 3.52e-04). ETA=12:00:55, max mem: 20.9 GB 
[11/22 08:05:23 visual_prompt]: 	Training 400/553. train loss: 33.9150,	0.8382 s / batch. (data: 5.45e-03). ETA=12:08:19, max mem: 20.9 GB 
[11/22 08:07:02 visual_prompt]: 	Training 500/553. train loss: 96.2137,	0.8267 s / batch. (data: 1.20e-02). ETA=11:56:58, max mem: 20.9 GB 
[11/22 08:07:55 visual_prompt]: Epoch 6 / 100: avg data time: 1.98e-01, avg batch time: 1.0157, average train loss: 103.8233
[11/22 08:08:52 visual_prompt]: Inference (val):avg data time: 3.73e-05, avg batch time: 0.3060, average loss: 91.2159
[11/22 08:08:52 visual_prompt]: Classification results with val_mammo-cbis: top1: 54.88	rocauc: 48.52	
[11/22 08:08:52 visual_prompt]: Training 7 / 100 epoch, with learning rate 30.0
[11/22 08:10:35 visual_prompt]: 	Training 100/553. train loss: 0.0000,	0.8177 s / batch. (data: 8.99e-03). ETA=11:47:01, max mem: 20.9 GB 
[11/22 08:12:15 visual_prompt]: 	Training 200/553. train loss: 64.2342,	0.8063 s / batch. (data: 3.13e-04). ETA=11:35:50, max mem: 20.9 GB 
[11/22 08:14:00 visual_prompt]: 	Training 300/553. train loss: 5.0139,	2.0817 s / batch. (data: 1.27e+00). ETA=1 day, 5:53:07, max mem: 20.9 GB 
[11/22 08:15:41 visual_prompt]: 	Training 400/553. train loss: 52.8119,	1.9040 s / batch. (data: 1.10e+00). ETA=1 day, 3:16:52, max mem: 20.9 GB 
[11/22 08:17:20 visual_prompt]: 	Training 500/553. train loss: 68.9438,	0.8048 s / batch. (data: 3.12e-04). ETA=11:30:33, max mem: 20.9 GB 
[11/22 08:18:12 visual_prompt]: Epoch 7 / 100: avg data time: 1.95e-01, avg batch time: 1.0123, average train loss: 96.4033
[11/22 08:19:10 visual_prompt]: Inference (val):avg data time: 1.50e-04, avg batch time: 0.3072, average loss: 174.5468
[11/22 08:19:10 visual_prompt]: Classification results with val_mammo-cbis: top1: 54.88	rocauc: 58.70	
[11/22 08:19:10 visual_prompt]: Training 8 / 100 epoch, with learning rate 35.0
[11/22 08:20:53 visual_prompt]: 	Training 100/553. train loss: 53.3281,	0.8104 s / batch. (data: 3.42e-04). ETA=11:33:18, max mem: 20.9 GB 
[11/22 08:22:36 visual_prompt]: 	Training 200/553. train loss: 583.0183,	0.8132 s / batch. (data: 5.42e-03). ETA=11:34:20, max mem: 20.9 GB 
[11/22 08:24:18 visual_prompt]: 	Training 300/553. train loss: 62.8790,	0.8302 s / batch. (data: 1.47e-02). ETA=11:47:26, max mem: 20.9 GB 
[11/22 08:25:58 visual_prompt]: 	Training 400/553. train loss: 97.0186,	1.0120 s / batch. (data: 1.74e-01). ETA=14:20:40, max mem: 20.9 GB 
[11/22 08:27:40 visual_prompt]: 	Training 500/553. train loss: 524.1109,	1.4920 s / batch. (data: 6.66e-01). ETA=21:06:25, max mem: 20.9 GB 
[11/22 08:28:33 visual_prompt]: Epoch 8 / 100: avg data time: 2.00e-01, avg batch time: 1.0177, average train loss: 112.1865
[11/22 08:29:30 visual_prompt]: Inference (val):avg data time: 3.73e-05, avg batch time: 0.3051, average loss: 16.1529
[11/22 08:29:30 visual_prompt]: Classification results with val_mammo-cbis: top1: 54.88	rocauc: 46.73	
[11/22 08:29:30 visual_prompt]: Training 9 / 100 epoch, with learning rate 40.0
[11/22 08:31:15 visual_prompt]: 	Training 100/553. train loss: 0.3753,	0.8390 s / batch. (data: 2.86e-04). ETA=11:50:00, max mem: 20.9 GB 
[11/22 08:32:55 visual_prompt]: 	Training 200/553. train loss: 171.0539,	0.8109 s / batch. (data: 2.84e-04). ETA=11:24:53, max mem: 20.9 GB 
[11/22 08:34:37 visual_prompt]: 	Training 300/553. train loss: 55.7412,	1.8638 s / batch. (data: 1.06e+00). ETA=1 day, 2:11:05, max mem: 20.9 GB 
[11/22 08:36:19 visual_prompt]: 	Training 400/553. train loss: 35.6600,	0.8205 s / batch. (data: 3.58e-04). ETA=11:30:15, max mem: 20.9 GB 
[11/22 08:38:00 visual_prompt]: 	Training 500/553. train loss: 203.6946,	0.9899 s / batch. (data: 1.77e-01). ETA=13:51:08, max mem: 20.9 GB 
[11/22 08:38:52 visual_prompt]: Epoch 9 / 100: avg data time: 1.97e-01, avg batch time: 1.0151, average train loss: 156.6385
[11/22 08:39:50 visual_prompt]: Inference (val):avg data time: 3.69e-05, avg batch time: 0.3072, average loss: 34.7765
[11/22 08:39:50 visual_prompt]: Classification results with val_mammo-cbis: top1: 54.88	rocauc: 48.50	
[11/22 08:39:50 visual_prompt]: Training 10 / 100 epoch, with learning rate 45.0
[11/22 08:41:37 visual_prompt]: 	Training 100/553. train loss: 35.8805,	0.8155 s / batch. (data: 3.00e-04). ETA=11:22:37, max mem: 20.9 GB 
[11/22 08:43:16 visual_prompt]: 	Training 200/553. train loss: 283.7655,	0.8181 s / batch. (data: 1.14e-02). ETA=11:23:25, max mem: 20.9 GB 
[11/22 08:44:58 visual_prompt]: 	Training 300/553. train loss: 90.8150,	2.0540 s / batch. (data: 1.24e+00). ETA=1 day, 4:32:28, max mem: 20.9 GB 
[11/22 08:46:37 visual_prompt]: 	Training 400/553. train loss: 170.0476,	0.8115 s / batch. (data: 5.44e-03). ETA=11:15:11, max mem: 20.9 GB 
[11/22 08:48:19 visual_prompt]: 	Training 500/553. train loss: 16.0459,	1.0708 s / batch. (data: 2.47e-01). ETA=14:49:11, max mem: 20.9 GB 
[11/22 08:49:12 visual_prompt]: Epoch 10 / 100: avg data time: 1.99e-01, avg batch time: 1.0172, average train loss: 156.2801
[11/22 08:50:10 visual_prompt]: Inference (val):avg data time: 3.64e-05, avg batch time: 0.3083, average loss: 7.4814
[11/22 08:50:10 visual_prompt]: Classification results with val_mammo-cbis: top1: 50.00	rocauc: 57.60	
[11/22 08:50:10 visual_prompt]: Training 11 / 100 epoch, with learning rate 50.0
[11/22 08:51:56 visual_prompt]: 	Training 100/553. train loss: 436.6214,	0.7999 s / batch. (data: 4.27e-04). ETA=11:02:13, max mem: 20.9 GB 
[11/22 08:53:40 visual_prompt]: 	Training 200/553. train loss: 283.7959,	0.8535 s / batch. (data: 1.05e-02). ETA=11:45:09, max mem: 20.9 GB 
[11/22 08:55:21 visual_prompt]: 	Training 300/553. train loss: 7.6936,	2.1890 s / batch. (data: 1.38e+00). ETA=1 day, 6:04:48, max mem: 20.9 GB 
[11/22 08:57:01 visual_prompt]: 	Training 400/553. train loss: 61.5182,	0.8215 s / batch. (data: 3.16e-04). ETA=11:15:58, max mem: 20.9 GB 
[11/22 08:58:40 visual_prompt]: 	Training 500/553. train loss: 224.7789,	0.8160 s / batch. (data: 3.11e-04). ETA=11:10:04, max mem: 20.9 GB 
[11/22 08:59:33 visual_prompt]: Epoch 11 / 100: avg data time: 1.98e-01, avg batch time: 1.0171, average train loss: 171.8130
[11/22 09:00:31 visual_prompt]: Inference (val):avg data time: 1.46e-04, avg batch time: 0.3074, average loss: 178.9753
[11/22 09:00:31 visual_prompt]: Classification results with val_mammo-cbis: top1: 45.12	rocauc: 50.97	
[11/22 09:00:31 visual_prompt]: Training 12 / 100 epoch, with learning rate 49.9847706754774
[11/22 09:02:20 visual_prompt]: 	Training 100/553. train loss: 185.6118,	0.9185 s / batch. (data: 1.15e-01). ETA=12:31:53, max mem: 20.9 GB 
[11/22 09:04:02 visual_prompt]: 	Training 200/553. train loss: 41.3509,	0.7972 s / batch. (data: 2.89e-04). ETA=10:51:16, max mem: 20.9 GB 
[11/22 09:05:41 visual_prompt]: 	Training 300/553. train loss: 61.1303,	0.8280 s / batch. (data: 3.19e-04). ETA=11:15:03, max mem: 20.9 GB 
[11/22 09:07:23 visual_prompt]: 	Training 400/553. train loss: 41.7388,	0.8136 s / batch. (data: 2.88e-04). ETA=11:01:59, max mem: 20.9 GB 
[11/22 09:09:04 visual_prompt]: 	Training 500/553. train loss: 0.0000,	0.8290 s / batch. (data: 1.05e-02). ETA=11:13:08, max mem: 20.9 GB 
[11/22 09:09:56 visual_prompt]: Epoch 12 / 100: avg data time: 2.04e-01, avg batch time: 1.0211, average train loss: 194.8883
[11/22 09:10:54 visual_prompt]: Inference (val):avg data time: 3.65e-05, avg batch time: 0.3051, average loss: 327.9139
[11/22 09:10:54 visual_prompt]: Classification results with val_mammo-cbis: top1: 45.12	rocauc: 55.36	
[11/22 09:10:54 visual_prompt]: Training 13 / 100 epoch, with learning rate 49.939101256495604
[11/22 09:12:40 visual_prompt]: 	Training 100/553. train loss: 219.3569,	0.8316 s / batch. (data: 3.05e-04). ETA=11:13:05, max mem: 20.9 GB 
[11/22 09:14:17 visual_prompt]: 	Training 200/553. train loss: 397.0056,	0.8135 s / batch. (data: 5.44e-03). ETA=10:57:05, max mem: 20.9 GB 
[11/22 09:15:59 visual_prompt]: 	Training 300/553. train loss: 206.8777,	1.7480 s / batch. (data: 9.25e-01). ETA=23:29:00, max mem: 20.9 GB 
[11/22 09:17:39 visual_prompt]: 	Training 400/553. train loss: 107.5091,	0.8033 s / batch. (data: 3.29e-04). ETA=10:46:11, max mem: 20.9 GB 
[11/22 09:19:21 visual_prompt]: 	Training 500/553. train loss: 72.6317,	0.8280 s / batch. (data: 7.95e-03). ETA=11:04:41, max mem: 20.9 GB 
[11/22 09:20:14 visual_prompt]: Epoch 13 / 100: avg data time: 1.95e-01, avg batch time: 1.0128, average train loss: 154.9497
[11/22 09:21:11 visual_prompt]: Inference (val):avg data time: 3.67e-05, avg batch time: 0.3066, average loss: 150.0563
[11/22 09:21:11 visual_prompt]: Classification results with val_mammo-cbis: top1: 54.88	rocauc: 50.86	
[11/22 09:21:11 visual_prompt]: Best epoch 13: best metric: -150.056
[11/22 09:21:11 visual_prompt]: Training 14 / 100 epoch, with learning rate 49.86304738420683
[11/22 09:22:57 visual_prompt]: 	Training 100/553. train loss: 67.0006,	0.8200 s / batch. (data: 3.01e-04). ETA=10:56:07, max mem: 20.9 GB 
[11/22 09:24:37 visual_prompt]: 	Training 200/553. train loss: 235.3682,	1.2591 s / batch. (data: 4.36e-01). ETA=16:45:25, max mem: 20.9 GB 
[11/22 09:26:18 visual_prompt]: 	Training 300/553. train loss: 105.3834,	0.8640 s / batch. (data: 3.08e-04). ETA=11:28:28, max mem: 20.9 GB 
[11/22 09:27:58 visual_prompt]: 	Training 400/553. train loss: 222.6599,	0.8062 s / batch. (data: 3.04e-04). ETA=10:41:02, max mem: 20.9 GB 
[11/22 09:29:41 visual_prompt]: 	Training 500/553. train loss: 442.3081,	0.8200 s / batch. (data: 2.84e-04). ETA=10:50:41, max mem: 20.9 GB 
[11/22 09:30:32 visual_prompt]: Epoch 14 / 100: avg data time: 1.95e-01, avg batch time: 1.0146, average train loss: 190.7561
[11/22 09:31:30 visual_prompt]: Inference (val):avg data time: 3.74e-05, avg batch time: 0.3086, average loss: 204.7610
[11/22 09:31:30 visual_prompt]: Classification results with val_mammo-cbis: top1: 54.88	rocauc: 56.46	
[11/22 09:31:30 visual_prompt]: Training 15 / 100 epoch, with learning rate 49.75670171853926
[11/22 09:33:15 visual_prompt]: 	Training 100/553. train loss: 86.5963,	0.8072 s / batch. (data: 8.66e-03). ETA=10:38:28, max mem: 20.9 GB 
[11/22 09:34:55 visual_prompt]: 	Training 200/553. train loss: 0.0000,	0.8280 s / batch. (data: 7.98e-03). ETA=10:53:33, max mem: 20.9 GB 
[11/22 09:36:38 visual_prompt]: 	Training 300/553. train loss: 107.6311,	0.8560 s / batch. (data: 2.95e-04). ETA=11:14:13, max mem: 20.9 GB 
[11/22 09:38:16 visual_prompt]: 	Training 400/553. train loss: 29.8066,	1.3574 s / batch. (data: 5.56e-01). ETA=17:46:54, max mem: 20.9 GB 
[11/22 09:39:58 visual_prompt]: 	Training 500/553. train loss: 232.2905,	0.8265 s / batch. (data: 5.43e-03). ETA=10:48:14, max mem: 20.9 GB 
[11/22 09:40:51 visual_prompt]: Epoch 15 / 100: avg data time: 1.97e-01, avg batch time: 1.0137, average train loss: 186.5540
[11/22 09:41:48 visual_prompt]: Inference (val):avg data time: 8.64e-05, avg batch time: 0.3069, average loss: 120.4946
[11/22 09:41:48 visual_prompt]: Classification results with val_mammo-cbis: top1: 54.88	rocauc: 60.99	
[11/22 09:41:48 visual_prompt]: Best epoch 15: best metric: -120.495
[11/22 09:41:48 visual_prompt]: Training 16 / 100 epoch, with learning rate 49.6201938253052
[11/22 09:43:32 visual_prompt]: 	Training 100/553. train loss: 43.8713,	0.8391 s / batch. (data: 1.05e-02). ETA=10:55:58, max mem: 20.9 GB 
[11/22 09:45:12 visual_prompt]: 	Training 200/553. train loss: 317.8667,	0.8024 s / batch. (data: 2.93e-04). ETA=10:25:55, max mem: 20.9 GB 
[11/22 09:46:54 visual_prompt]: 	Training 300/553. train loss: 10.5811,	0.8294 s / batch. (data: 1.06e-02). ETA=10:45:38, max mem: 20.9 GB 
[11/22 09:48:35 visual_prompt]: 	Training 400/553. train loss: 195.0448,	0.8151 s / batch. (data: 1.56e-02). ETA=10:33:06, max mem: 20.9 GB 
[11/22 09:50:15 visual_prompt]: 	Training 500/553. train loss: 188.4037,	1.5390 s / batch. (data: 7.12e-01). ETA=19:52:49, max mem: 20.9 GB 
[11/22 09:51:08 visual_prompt]: Epoch 16 / 100: avg data time: 1.96e-01, avg batch time: 1.0124, average train loss: 190.2302
[11/22 09:52:06 visual_prompt]: Inference (val):avg data time: 3.54e-05, avg batch time: 0.3076, average loss: 2.1358
[11/22 09:52:06 visual_prompt]: Classification results with val_mammo-cbis: top1: 54.47	rocauc: 52.24	
[11/22 09:52:06 visual_prompt]: Best epoch 16: best metric: -2.136
[11/22 09:52:06 visual_prompt]: Training 17 / 100 epoch, with learning rate 49.45369001834514
[11/22 09:53:50 visual_prompt]: 	Training 100/553. train loss: 243.7455,	0.8250 s / batch. (data: 5.84e-03). ETA=10:37:19, max mem: 20.9 GB 
[11/22 09:55:32 visual_prompt]: 	Training 200/553. train loss: 0.0000,	0.8240 s / batch. (data: 2.84e-04). ETA=10:35:12, max mem: 20.9 GB 
[11/22 09:57:12 visual_prompt]: 	Training 300/553. train loss: 380.4587,	0.8214 s / batch. (data: 3.02e-04). ETA=10:31:48, max mem: 20.9 GB 
[11/22 09:58:53 visual_prompt]: 	Training 400/553. train loss: 251.5679,	1.0160 s / batch. (data: 2.04e-01). ETA=12:59:48, max mem: 20.9 GB 
[11/22 10:00:32 visual_prompt]: 	Training 500/553. train loss: 26.9485,	1.2040 s / batch. (data: 3.66e-01). ETA=15:22:07, max mem: 20.9 GB 
[11/22 10:01:26 visual_prompt]: Epoch 17 / 100: avg data time: 1.95e-01, avg batch time: 1.0124, average train loss: 160.8307
[11/22 10:02:23 visual_prompt]: Inference (val):avg data time: 3.63e-05, avg batch time: 0.3063, average loss: 67.9313
[11/22 10:02:23 visual_prompt]: Classification results with val_mammo-cbis: top1: 54.88	rocauc: 51.46	
[11/22 10:02:23 visual_prompt]: Training 18 / 100 epoch, with learning rate 49.25739315689991
[11/22 10:04:09 visual_prompt]: 	Training 100/553. train loss: 337.4742,	0.8070 s / batch. (data: 5.41e-03). ETA=10:16:01, max mem: 20.9 GB 
[11/22 10:05:52 visual_prompt]: 	Training 200/553. train loss: 31.8491,	0.8088 s / batch. (data: 3.04e-04). ETA=10:16:02, max mem: 20.9 GB 
[11/22 10:07:34 visual_prompt]: 	Training 300/553. train loss: 227.8670,	0.8229 s / batch. (data: 7.95e-03). ETA=10:25:25, max mem: 20.9 GB 
[11/22 10:09:15 visual_prompt]: 	Training 400/553. train loss: 127.6485,	0.8327 s / batch. (data: 2.99e-04). ETA=10:31:28, max mem: 20.9 GB 
[11/22 10:10:54 visual_prompt]: 	Training 500/553. train loss: 38.8039,	0.8321 s / batch. (data: 2.80e-04). ETA=10:29:36, max mem: 20.9 GB 
[11/22 10:11:46 visual_prompt]: Epoch 18 / 100: avg data time: 1.99e-01, avg batch time: 1.0171, average train loss: 172.3706
[11/22 10:12:43 visual_prompt]: Inference (val):avg data time: 3.32e-04, avg batch time: 0.3060, average loss: 23.0419
[11/22 10:12:43 visual_prompt]: Classification results with val_mammo-cbis: top1: 54.88	rocauc: 50.30	
[11/22 10:12:43 visual_prompt]: Training 19 / 100 epoch, with learning rate 49.03154239845797
[11/22 10:14:28 visual_prompt]: 	Training 100/553. train loss: 30.3725,	1.3474 s / batch. (data: 5.50e-01). ETA=16:56:03, max mem: 20.9 GB 
[11/22 10:16:10 visual_prompt]: 	Training 200/553. train loss: 76.1996,	0.8320 s / batch. (data: 2.96e-04). ETA=10:26:02, max mem: 20.9 GB 
[11/22 10:17:51 visual_prompt]: 	Training 300/553. train loss: 526.4801,	0.8320 s / batch. (data: 3.11e-04). ETA=10:24:36, max mem: 20.9 GB 
[11/22 10:19:34 visual_prompt]: 	Training 400/553. train loss: 0.0000,	0.8316 s / batch. (data: 9.29e-04). ETA=10:22:57, max mem: 20.9 GB 
[11/22 10:21:12 visual_prompt]: 	Training 500/553. train loss: 9.3277,	0.8160 s / batch. (data: 3.12e-04). ETA=10:09:53, max mem: 20.9 GB 
[11/22 10:22:05 visual_prompt]: Epoch 19 / 100: avg data time: 1.96e-01, avg batch time: 1.0154, average train loss: 195.7430
[11/22 10:23:02 visual_prompt]: Inference (val):avg data time: 3.77e-05, avg batch time: 0.3066, average loss: 76.6227
[11/22 10:23:02 visual_prompt]: Classification results with val_mammo-cbis: top1: 54.88	rocauc: 50.08	
[11/22 10:23:02 visual_prompt]: Training 20 / 100 epoch, with learning rate 48.77641290737884
[11/22 10:24:46 visual_prompt]: 	Training 100/553. train loss: 0.0000,	0.8114 s / batch. (data: 5.44e-03). ETA=10:04:23, max mem: 20.9 GB 
[11/22 10:26:28 visual_prompt]: 	Training 200/553. train loss: 80.9129,	0.8228 s / batch. (data: 5.44e-03). ETA=10:11:29, max mem: 20.9 GB 
[11/22 10:28:09 visual_prompt]: 	Training 300/553. train loss: 117.1381,	0.8210 s / batch. (data: 4.65e-04). ETA=10:08:49, max mem: 20.9 GB 
[11/22 10:29:50 visual_prompt]: 	Training 400/553. train loss: 17.3723,	0.8080 s / batch. (data: 3.14e-04). ETA=9:57:49, max mem: 20.9 GB 
[11/22 10:31:29 visual_prompt]: 	Training 500/553. train loss: 100.9234,	0.8109 s / batch. (data: 3.11e-04). ETA=9:58:37, max mem: 20.9 GB 
[11/22 10:32:24 visual_prompt]: Epoch 20 / 100: avg data time: 1.96e-01, avg batch time: 1.0145, average train loss: 160.8579
[11/22 10:33:22 visual_prompt]: Inference (val):avg data time: 6.22e-05, avg batch time: 0.3128, average loss: 58.2357
[11/22 10:33:22 visual_prompt]: Classification results with val_mammo-cbis: top1: 45.12	rocauc: 52.21	
[11/22 10:33:22 visual_prompt]: Training 21 / 100 epoch, with learning rate 48.49231551964771
[11/22 10:35:08 visual_prompt]: 	Training 100/553. train loss: 113.3547,	0.8120 s / batch. (data: 3.45e-04). ETA=9:57:21, max mem: 20.9 GB 
[11/22 10:36:50 visual_prompt]: 	Training 200/553. train loss: 94.7154,	1.1881 s / batch. (data: 2.96e-02). ETA=14:32:05, max mem: 20.9 GB 
[11/22 10:38:31 visual_prompt]: 	Training 300/553. train loss: 420.3132,	1.1972 s / batch. (data: 3.72e-01). ETA=14:36:46, max mem: 20.9 GB 
[11/22 10:40:11 visual_prompt]: 	Training 400/553. train loss: 258.5422,	0.8254 s / batch. (data: 3.81e-04). ETA=10:03:04, max mem: 20.9 GB 
[11/22 10:41:53 visual_prompt]: 	Training 500/553. train loss: 24.6469,	0.8126 s / batch. (data: 3.11e-04). ETA=9:52:24, max mem: 20.9 GB 
[11/22 10:42:44 visual_prompt]: Epoch 21 / 100: avg data time: 1.99e-01, avg batch time: 1.0169, average train loss: 152.4561
[11/22 10:43:42 visual_prompt]: Inference (val):avg data time: 1.49e-04, avg batch time: 0.3114, average loss: 8.9101
[11/22 10:43:42 visual_prompt]: Classification results with val_mammo-cbis: top1: 54.88	rocauc: 47.52	
[11/22 10:43:42 visual_prompt]: Training 22 / 100 epoch, with learning rate 48.17959636416968
[11/22 10:45:27 visual_prompt]: 	Training 100/553. train loss: 76.3283,	0.8111 s / batch. (data: 2.54e-04). ETA=9:49:11, max mem: 20.9 GB 
[11/22 10:47:08 visual_prompt]: 	Training 200/553. train loss: 141.7162,	0.8000 s / batch. (data: 2.98e-04). ETA=9:39:49, max mem: 20.9 GB 
[11/22 10:48:47 visual_prompt]: 	Training 300/553. train loss: 0.0000,	0.8194 s / batch. (data: 1.06e-02). ETA=9:52:31, max mem: 20.9 GB 
[11/22 10:50:28 visual_prompt]: 	Training 400/553. train loss: 18.4423,	0.8320 s / batch. (data: 2.89e-04). ETA=10:00:14, max mem: 20.9 GB 
[11/22 10:52:09 visual_prompt]: 	Training 500/553. train loss: 34.7550,	0.8240 s / batch. (data: 3.01e-04). ETA=9:53:06, max mem: 20.9 GB 
[11/22 10:53:03 visual_prompt]: Epoch 22 / 100: avg data time: 1.96e-01, avg batch time: 1.0140, average train loss: 170.8602
[11/22 10:54:02 visual_prompt]: Inference (val):avg data time: 1.54e-04, avg batch time: 0.3087, average loss: 246.9585
[11/22 10:54:02 visual_prompt]: Classification results with val_mammo-cbis: top1: 54.88	rocauc: 56.10	
[11/22 10:54:02 visual_prompt]: Training 23 / 100 epoch, with learning rate 47.83863644106502
[11/22 10:55:47 visual_prompt]: 	Training 100/553. train loss: 186.1240,	0.8160 s / batch. (data: 2.96e-04). ETA=9:45:15, max mem: 20.9 GB 
[11/22 10:57:29 visual_prompt]: 	Training 200/553. train loss: 272.6903,	0.8518 s / batch. (data: 4.50e-02). ETA=10:09:30, max mem: 20.9 GB 
[11/22 10:59:12 visual_prompt]: 	Training 300/553. train loss: 47.7774,	0.8459 s / batch. (data: 1.62e-02). ETA=10:03:54, max mem: 20.9 GB 
[11/22 11:00:51 visual_prompt]: 	Training 400/553. train loss: 123.1810,	0.8240 s / batch. (data: 8.38e-04). ETA=9:46:53, max mem: 20.9 GB 
[11/22 11:02:30 visual_prompt]: 	Training 500/553. train loss: 0.0000,	0.8400 s / batch. (data: 1.60e-02). ETA=9:56:53, max mem: 20.9 GB 
[11/22 11:03:23 visual_prompt]: Epoch 23 / 100: avg data time: 1.97e-01, avg batch time: 1.0144, average train loss: 160.6898
[11/22 11:04:20 visual_prompt]: Inference (val):avg data time: 3.73e-05, avg batch time: 0.3071, average loss: 47.8060
[11/22 11:04:20 visual_prompt]: Classification results with val_mammo-cbis: top1: 45.12	rocauc: 57.12	
[11/22 11:04:20 visual_prompt]: Training 24 / 100 epoch, with learning rate 47.46985115747918
[11/22 11:06:17 visual_prompt]: 	Training 100/553. train loss: 14.8031,	0.8303 s / batch. (data: 3.29e-04). ETA=9:47:50, max mem: 20.9 GB 
[11/22 11:08:00 visual_prompt]: 	Training 200/553. train loss: 150.9551,	0.8225 s / batch. (data: 7.94e-03). ETA=9:40:59, max mem: 20.9 GB 
[11/22 11:09:43 visual_prompt]: 	Training 300/553. train loss: 100.0307,	0.9840 s / batch. (data: 1.74e-01). ETA=11:33:23, max mem: 20.9 GB 
[11/22 11:11:24 visual_prompt]: 	Training 400/553. train loss: 40.2626,	0.8360 s / batch. (data: 3.03e-04). ETA=9:47:42, max mem: 20.9 GB 
[11/22 11:13:07 visual_prompt]: 	Training 500/553. train loss: 169.1389,	0.7993 s / batch. (data: 3.39e-04). ETA=9:20:37, max mem: 20.9 GB 
[11/22 11:13:59 visual_prompt]: Epoch 24 / 100: avg data time: 2.28e-01, avg batch time: 1.0470, average train loss: 156.1355
[11/22 11:14:57 visual_prompt]: Inference (val):avg data time: 3.85e-05, avg batch time: 0.3071, average loss: 125.1586
[11/22 11:14:57 visual_prompt]: Classification results with val_mammo-cbis: top1: 54.88	rocauc: 46.33	
[11/22 11:14:57 visual_prompt]: Training 25 / 100 epoch, with learning rate 47.073689821473174
[11/22 11:16:44 visual_prompt]: 	Training 100/553. train loss: 52.7218,	0.8263 s / batch. (data: 3.24e-04). ETA=9:37:24, max mem: 20.9 GB 
[11/22 11:18:21 visual_prompt]: 	Training 200/553. train loss: 223.0438,	0.8439 s / batch. (data: 2.07e-02). ETA=9:48:19, max mem: 20.9 GB 
[11/22 11:20:01 visual_prompt]: 	Training 300/553. train loss: 104.7876,	0.8219 s / batch. (data: 3.12e-04). ETA=9:31:34, max mem: 20.9 GB 
[11/22 11:21:41 visual_prompt]: 	Training 400/553. train loss: 683.1397,	1.3708 s / batch. (data: 5.66e-01). ETA=15:51:03, max mem: 20.9 GB 
[11/22 11:23:22 visual_prompt]: 	Training 500/553. train loss: 55.3867,	1.5480 s / batch. (data: 7.20e-01). ETA=17:51:27, max mem: 20.9 GB 
[11/22 11:24:15 visual_prompt]: Epoch 25 / 100: avg data time: 1.91e-01, avg batch time: 1.0088, average train loss: 164.1294
[11/22 11:25:12 visual_prompt]: Inference (val):avg data time: 3.39e-05, avg batch time: 0.3071, average loss: 7.3253
[11/22 11:25:12 visual_prompt]: Classification results with val_mammo-cbis: top1: 45.12	rocauc: 47.97	
[11/22 11:25:12 visual_prompt]: Training 26 / 100 epoch, with learning rate 46.65063509461097
[11/22 11:26:56 visual_prompt]: 	Training 100/553. train loss: 129.7458,	0.8000 s / batch. (data: 3.80e-04). ETA=9:11:38, max mem: 20.9 GB 
[11/22 11:28:37 visual_prompt]: 	Training 200/553. train loss: 1.3798,	1.8307 s / batch. (data: 1.01e+00). ETA=20:59:20, max mem: 20.9 GB 
[11/22 11:30:19 visual_prompt]: 	Training 300/553. train loss: 7.9059,	0.8280 s / batch. (data: 7.39e-04). ETA=9:28:12, max mem: 20.9 GB 
[11/22 11:31:58 visual_prompt]: 	Training 400/553. train loss: 55.3619,	0.8265 s / batch. (data: 2.92e-04). ETA=9:25:47, max mem: 20.9 GB 
[11/22 11:33:36 visual_prompt]: 	Training 500/553. train loss: 29.2409,	0.8519 s / batch. (data: 1.19e-02). ETA=9:41:46, max mem: 20.9 GB 
[11/22 11:34:29 visual_prompt]: Epoch 26 / 100: avg data time: 1.89e-01, avg batch time: 1.0064, average train loss: 145.6865
[11/22 11:35:26 visual_prompt]: Inference (val):avg data time: 3.58e-05, avg batch time: 0.3071, average loss: 113.1753
[11/22 11:35:26 visual_prompt]: Classification results with val_mammo-cbis: top1: 45.12	rocauc: 56.51	
[11/22 11:35:26 visual_prompt]: Training 27 / 100 epoch, with learning rate 46.20120240391065
[11/22 11:37:11 visual_prompt]: 	Training 100/553. train loss: 7.8318,	0.8327 s / batch. (data: 5.44e-03). ETA=9:26:31, max mem: 20.9 GB 
[11/22 11:38:50 visual_prompt]: 	Training 200/553. train loss: 111.5258,	1.5315 s / batch. (data: 7.05e-01). ETA=17:19:26, max mem: 20.9 GB 
[11/22 11:40:31 visual_prompt]: 	Training 300/553. train loss: 89.1500,	0.8053 s / batch. (data: 8.33e-03). ETA=9:05:11, max mem: 20.9 GB 
[11/22 11:42:13 visual_prompt]: 	Training 400/553. train loss: 120.9062,	0.8167 s / batch. (data: 1.05e-03). ETA=9:11:33, max mem: 20.9 GB 
[11/22 11:43:53 visual_prompt]: 	Training 500/553. train loss: 298.4228,	0.8421 s / batch. (data: 1.05e-02). ETA=9:27:18, max mem: 20.9 GB 
[11/22 11:44:44 visual_prompt]: Epoch 27 / 100: avg data time: 1.91e-01, avg batch time: 1.0083, average train loss: 150.7523
[11/22 11:45:41 visual_prompt]: Inference (val):avg data time: 3.68e-05, avg batch time: 0.3058, average loss: 162.6716
[11/22 11:45:41 visual_prompt]: Classification results with val_mammo-cbis: top1: 45.12	rocauc: 50.07	
[11/22 11:45:41 visual_prompt]: Training 28 / 100 epoch, with learning rate 45.72593931387604
[11/22 11:47:24 visual_prompt]: 	Training 100/553. train loss: 0.0000,	0.8320 s / batch. (data: 3.25e-04). ETA=9:18:23, max mem: 20.9 GB 
[11/22 11:49:05 visual_prompt]: 	Training 200/553. train loss: 48.0571,	0.9086 s / batch. (data: 8.96e-02). ETA=10:08:16, max mem: 20.9 GB 
[11/22 11:50:47 visual_prompt]: 	Training 300/553. train loss: 1.7146,	1.5486 s / batch. (data: 7.42e-01). ETA=17:14:11, max mem: 20.9 GB 
[11/22 11:52:26 visual_prompt]: 	Training 400/553. train loss: 7.2133,	0.8219 s / batch. (data: 2.00e-03). ETA=9:07:28, max mem: 20.9 GB 
[11/22 11:54:04 visual_prompt]: 	Training 500/553. train loss: 0.0000,	0.8343 s / batch. (data: 1.03e-02). ETA=9:14:22, max mem: 20.9 GB 
[11/22 11:54:57 visual_prompt]: Epoch 28 / 100: avg data time: 1.88e-01, avg batch time: 1.0061, average train loss: 158.9682
[11/22 11:55:55 visual_prompt]: Inference (val):avg data time: 3.57e-05, avg batch time: 0.3069, average loss: 344.8593
[11/22 11:55:55 visual_prompt]: Classification results with val_mammo-cbis: top1: 45.12	rocauc: 50.29	
[11/22 11:55:55 visual_prompt]: Training 29 / 100 epoch, with learning rate 45.22542485937369
[11/22 11:57:45 visual_prompt]: 	Training 100/553. train loss: 0.0000,	0.8005 s / batch. (data: 3.85e-04). ETA=8:49:51, max mem: 20.9 GB 
[11/22 11:59:25 visual_prompt]: 	Training 200/553. train loss: 63.6507,	1.8440 s / batch. (data: 1.02e+00). ETA=20:17:32, max mem: 20.9 GB 
[11/22 12:01:04 visual_prompt]: 	Training 300/553. train loss: 61.6685,	0.8332 s / batch. (data: 3.02e-04). ETA=9:08:45, max mem: 20.9 GB 
[11/22 12:02:41 visual_prompt]: 	Training 400/553. train loss: 166.5122,	1.0060 s / batch. (data: 1.72e-01). ETA=11:00:51, max mem: 20.9 GB 
[11/22 12:04:22 visual_prompt]: 	Training 500/553. train loss: 145.6787,	0.8240 s / batch. (data: 3.04e-04). ETA=8:59:56, max mem: 20.9 GB 
[11/22 12:05:15 visual_prompt]: Epoch 29 / 100: avg data time: 1.94e-01, avg batch time: 1.0122, average train loss: 138.1748
[11/22 12:06:12 visual_prompt]: Inference (val):avg data time: 3.83e-05, avg batch time: 0.3063, average loss: 183.6311
[11/22 12:06:12 visual_prompt]: Classification results with val_mammo-cbis: top1: 54.88	rocauc: 43.50	
[11/22 12:06:12 visual_prompt]: Training 30 / 100 epoch, with learning rate 44.70026884016804
[11/22 12:07:54 visual_prompt]: 	Training 100/553. train loss: 19.7214,	0.8160 s / batch. (data: 3.35e-03). ETA=8:52:36, max mem: 20.9 GB 
[11/22 12:09:36 visual_prompt]: 	Training 200/553. train loss: 509.7855,	0.8185 s / batch. (data: 3.07e-04). ETA=8:52:51, max mem: 20.9 GB 
[11/22 12:11:15 visual_prompt]: 	Training 300/553. train loss: 0.0000,	1.3143 s / batch. (data: 5.10e-01). ETA=14:13:27, max mem: 20.9 GB 
[11/22 12:12:57 visual_prompt]: 	Training 400/553. train loss: 28.2085,	1.2800 s / batch. (data: 4.61e-01). ETA=13:49:03, max mem: 20.9 GB 
[11/22 12:14:38 visual_prompt]: 	Training 500/553. train loss: 231.7779,	1.5640 s / batch. (data: 7.33e-01). ETA=16:50:24, max mem: 20.9 GB 
[11/22 12:15:31 visual_prompt]: Epoch 30 / 100: avg data time: 1.94e-01, avg batch time: 1.0113, average train loss: 124.2348
[11/22 12:16:29 visual_prompt]: Inference (val):avg data time: 3.45e-05, avg batch time: 0.3063, average loss: 68.2561
[11/22 12:16:29 visual_prompt]: Classification results with val_mammo-cbis: top1: 54.88	rocauc: 56.27	
[11/22 12:16:29 visual_prompt]: Stopping early.
[11/22 12:16:29 visual_prompt]: Rank of current process: 0. World size: 1
[11/22 12:16:29 visual_prompt]: Environment info:
-------------------  -------------------------------------------------
Python               3.11.5 (main, Sep 11 2023, 13:54:46) [GCC 11.2.0]
ENV_MODULE           <not set>
PyTorch              2.0.1+cu118
PyTorch Debug Build  False
CUDA available       True
CUDA ID              3
GPU 0                NVIDIA A40
Pillow               9.3.0
cv2                  4.8.0
-------------------  -------------------------------------------------
PyTorch built with:
  - GCC 9.3
  - C++ Version: 201703
  - Intel(R) oneAPI Math Kernel Library Version 2022.2-Product Build 20220804 for Intel(R) 64 architecture applications
  - Intel(R) MKL-DNN v2.7.3 (Git Hash 6dbeffbae1f23cbbeae17adb7b5b13f1f37c080e)
  - OpenMP 201511 (a.k.a. OpenMP 4.5)
  - LAPACK is enabled (usually provided by MKL)
  - NNPACK is enabled
  - CPU capability usage: AVX2
  - CUDA Runtime 11.8
  - NVCC architecture flags: -gencode;arch=compute_37,code=sm_37;-gencode;arch=compute_50,code=sm_50;-gencode;arch=compute_60,code=sm_60;-gencode;arch=compute_70,code=sm_70;-gencode;arch=compute_75,code=sm_75;-gencode;arch=compute_80,code=sm_80;-gencode;arch=compute_86,code=sm_86;-gencode;arch=compute_90,code=sm_90
  - CuDNN 8.7
  - Magma 2.6.1
  - Build settings: BLAS_INFO=mkl, BUILD_TYPE=Release, CUDA_VERSION=11.8, CUDNN_VERSION=8.7.0, CXX_COMPILER=/opt/rh/devtoolset-9/root/usr/bin/c++, CXX_FLAGS= -D_GLIBCXX_USE_CXX11_ABI=0 -fabi-version=11 -Wno-deprecated -fvisibility-inlines-hidden -DUSE_PTHREADPOOL -DNDEBUG -DUSE_KINETO -DLIBKINETO_NOROCTRACER -DUSE_FBGEMM -DUSE_QNNPACK -DUSE_PYTORCH_QNNPACK -DUSE_XNNPACK -DSYMBOLICATE_MOBILE_DEBUG_HANDLE -O2 -fPIC -Wall -Wextra -Werror=return-type -Werror=non-virtual-dtor -Werror=bool-operation -Wnarrowing -Wno-missing-field-initializers -Wno-type-limits -Wno-array-bounds -Wno-unknown-pragmas -Wunused-local-typedefs -Wno-unused-parameter -Wno-unused-function -Wno-unused-result -Wno-strict-overflow -Wno-strict-aliasing -Wno-error=deprecated-declarations -Wno-stringop-overflow -Wno-psabi -Wno-error=pedantic -Wno-error=redundant-decls -Wno-error=old-style-cast -fdiagnostics-color=always -faligned-new -Wno-unused-but-set-variable -Wno-maybe-uninitialized -fno-math-errno -fno-trapping-math -Werror=format -Werror=cast-function-type -Wno-stringop-overflow, LAPACK_INFO=mkl, PERF_WITH_AVX=1, PERF_WITH_AVX2=1, PERF_WITH_AVX512=1, TORCH_DISABLE_GPU_ASSERTS=ON, TORCH_VERSION=2.0.1, USE_CUDA=ON, USE_CUDNN=ON, USE_EXCEPTION_PTR=1, USE_GFLAGS=OFF, USE_GLOG=OFF, USE_MKL=ON, USE_MKLDNN=ON, USE_MPI=OFF, USE_NCCL=1, USE_NNPACK=ON, USE_OPENMP=ON, USE_ROCM=OFF, 

[11/22 12:16:29 visual_prompt]: Command line arguments: Namespace(config_file='visual_prompt_tuning/configs/prompt/cub.yaml', train_type='prompt', opts=['MODEL.TYPE', 'vit', 'DATA.BATCH_SIZE', '4', 'MODEL.PROMPT.NUM_TOKENS', '50', 'MODEL.PROMPT.DEEP', 'True', 'MODEL.PROMPT.DROPOUT', '0.1', 'DATA.FEATURE', 'sup_vitb16_imagenet21k', 'DATA.IMGSIZE', '800', 'DATA.NAME', 'mammo-cbis', 'DATA.NUMBER_CLASSES', '2', 'DATA.CROP', 'False', 'MODEL.MODEL_ROOT', 'visual_prompt_tuning/model_root', 'DATA.DATAPATH', 'visual_prompt_tuning/data_path', 'OUTPUT_DIR', 'visual_prompt_tuning/output_dir', 'SOLVER.PATIENCE', '14', 'SOLVER.CRITERION', 'loss'])
[11/22 12:16:29 visual_prompt]: Contents of args.config_file=visual_prompt_tuning/configs/prompt/cub.yaml:
_BASE_: "../base-prompt.yaml"
RUN_N_TIMES: 1
DATA:
  NAME: "CUB"
  DATAPATH: ""  #TODO: need to specify here
  NUMBER_CLASSES: 200
  MULTILABEL: False
MODEL:
  TYPE: "vit"
SOLVER:
  BASE_LR: 0.1
  WEIGHT_DECAY: 0.01
[11/22 12:16:29 visual_prompt]: Training with config:
[11/22 12:16:29 visual_prompt]: CfgNode({'DBG': False, 'OUTPUT_DIR': 'visual_prompt_tuning/output_dir/mammo-cbis/sup_vitb16_imagenet21k/prompt50/size800/val/seed0/lr50.0_wd0.001/patience14/run1', 'RUN_N_TIMES': 1, 'CUDNN_BENCHMARK': False, 'NUM_GPUS': 1, 'NUM_SHARDS': 1, 'SEED': 0, 'MODEL': CfgNode({'TRANSFER_TYPE': 'prompt', 'WEIGHT_PATH': '', 'SAVE_CKPT': False, 'MODEL_ROOT': 'visual_prompt_tuning/model_root', 'TYPE': 'vit', 'MLP_NUM': 0, 'LINEAR': CfgNode({'MLP_SIZES': [], 'DROPOUT': 0.1}), 'PROMPT': CfgNode({'NUM_TOKENS': 50, 'LOCATION': 'prepend', 'INITIATION': 'random', 'CLSEMB_FOLDER': '', 'CLSEMB_PATH': '', 'PROJECT': -1, 'DEEP': True, 'NUM_DEEP_LAYERS': None, 'REVERSE_DEEP': False, 'DEEP_SHARED': False, 'FORWARD_DEEP_NOEXPAND': False, 'VIT_POOL_TYPE': 'original', 'DROPOUT': 0.1, 'SAVE_FOR_EACH_EPOCH': False}), 'ADAPTER': CfgNode({'REDUCATION_FACTOR': 8, 'STYLE': 'Pfeiffer'})}), 'SOLVER': CfgNode({'LOSS': 'softmax', 'LOSS_ALPHA': 0.01, 'OPTIMIZER': 'sgd', 'MOMENTUM': 0.9, 'WEIGHT_DECAY': 0.001, 'WEIGHT_DECAY_BIAS': 0, 'PATIENCE': 14, 'CRITERION': 'loss', 'SCHEDULER': 'cosine', 'BASE_LR': 50.0, 'BIAS_MULTIPLIER': 1.0, 'WARMUP_EPOCH': 10, 'TOTAL_EPOCH': 100, 'LOG_EVERY_N': 100, 'DBG_TRAINABLE': False}), 'DATA': CfgNode({'NAME': 'mammo-cbis', 'DATAPATH': 'visual_prompt_tuning/data_path', 'FEATURE': 'sup_vitb16_imagenet21k', 'PERCENTAGE': 1.0, 'NUMBER_CLASSES': 2, 'MULTILABEL': False, 'CLASS_WEIGHTS_TYPE': 'none', 'IMGSIZE': 800, 'CROP': False, 'NO_TEST': False, 'BATCH_SIZE': 4, 'NUM_WORKERS': 4, 'PIN_MEMORY': True})})
[11/22 12:16:29 visual_prompt]: Loading training data...
[11/22 12:16:29 visual_prompt]: Constructing mammo-cbis dataset train...
[11/22 12:16:29 visual_prompt]: Loading validation data...
[11/22 12:16:29 visual_prompt]: Constructing mammo-cbis dataset val...
[11/22 12:16:29 visual_prompt]: Constructing models...
[INFO: vit.py:  342]: load_pretrained: resized variant: torch.Size([1, 197, 768]) to torch.Size([1, 2501, 768])
load_pretrained: grid-size from 14 to 50
[11/22 12:16:32 visual_prompt]: Total Parameters: 88030466	 Gradient Parameters: 462338
[11/22 12:16:32 visual_prompt]: tuned percent:0.525
[11/22 12:16:32 visual_prompt]: Device used for model: 0
[11/22 12:16:32 visual_prompt]: Setting up Evaluator...
[11/22 12:16:32 visual_prompt]: Setting up Trainer...
[11/22 12:16:32 visual_prompt]: 	Setting up the optimizer...
[11/22 12:16:32 visual_prompt]: Training 1 / 100 epoch, with learning rate 0.0
[11/22 12:18:17 visual_prompt]: 	Training 100/553. train loss: 2.1087,	0.8294 s / batch. (data: 9.39e-03). ETA=12:43:05, max mem: 20.9 GB 
[11/22 12:19:56 visual_prompt]: 	Training 200/553. train loss: 1.3578,	0.8302 s / batch. (data: 5.49e-03). ETA=12:42:23, max mem: 20.9 GB 
[11/22 12:21:40 visual_prompt]: 	Training 300/553. train loss: 1.3905,	2.4423 s / batch. (data: 1.64e+00). ETA=1 day, 13:18:48, max mem: 20.9 GB 
[11/22 12:23:18 visual_prompt]: 	Training 400/553. train loss: 0.0383,	0.8068 s / batch. (data: 3.38e-04). ETA=12:18:12, max mem: 20.9 GB 
[11/22 12:25:02 visual_prompt]: 	Training 500/553. train loss: 0.9538,	0.8200 s / batch. (data: 7.93e-03). ETA=12:28:55, max mem: 20.9 GB 
[11/22 12:25:55 visual_prompt]: Epoch 1 / 100: avg data time: 1.95e-01, avg batch time: 1.0186, average train loss: 1.5403
[11/22 12:26:53 visual_prompt]: Inference (val):avg data time: 3.49e-05, avg batch time: 0.3072, average loss: 1.5201
[11/22 12:26:53 visual_prompt]: Classification results with val_mammo-cbis: top1: 54.88	rocauc: 48.08	
[11/22 12:26:53 visual_prompt]: Training 2 / 100 epoch, with learning rate 5.0
[11/22 12:28:38 visual_prompt]: 	Training 100/553. train loss: 10.6743,	0.8223 s / batch. (data: 2.96e-04). ETA=12:28:58, max mem: 20.9 GB 
[11/22 12:30:18 visual_prompt]: 	Training 200/553. train loss: 0.0000,	0.8566 s / batch. (data: 2.07e-02). ETA=12:58:46, max mem: 20.9 GB 
[11/22 12:32:01 visual_prompt]: 	Training 300/553. train loss: 0.8119,	1.1607 s / batch. (data: 3.42e-01). ETA=17:33:16, max mem: 20.9 GB 
[11/22 12:33:41 visual_prompt]: 	Training 400/553. train loss: 11.9164,	0.8297 s / batch. (data: 3.04e-04). ETA=12:31:31, max mem: 20.9 GB 
[11/22 12:35:23 visual_prompt]: 	Training 500/553. train loss: 8.2818,	0.8259 s / batch. (data: 3.10e-04). ETA=12:26:40, max mem: 20.9 GB 
[11/22 12:36:15 visual_prompt]: Epoch 2 / 100: avg data time: 1.92e-01, avg batch time: 1.0151, average train loss: 15.2291
[11/22 12:37:12 visual_prompt]: Inference (val):avg data time: 3.72e-05, avg batch time: 0.3086, average loss: 15.8872
[11/22 12:37:12 visual_prompt]: Classification results with val_mammo-cbis: top1: 54.88	rocauc: 59.27	
[11/22 12:37:12 visual_prompt]: Training 3 / 100 epoch, with learning rate 10.0
[11/22 12:38:56 visual_prompt]: 	Training 100/553. train loss: 37.7481,	0.8381 s / batch. (data: 3.19e-04). ETA=12:35:37, max mem: 20.9 GB 
[11/22 12:40:38 visual_prompt]: 	Training 200/553. train loss: 27.9482,	1.1033 s / batch. (data: 2.78e-01). ETA=16:32:53, max mem: 20.9 GB 
[11/22 12:42:19 visual_prompt]: 	Training 300/553. train loss: 10.3654,	0.8480 s / batch. (data: 3.06e-04). ETA=12:41:42, max mem: 20.9 GB 
[11/22 12:44:00 visual_prompt]: 	Training 400/553. train loss: 96.2913,	0.8520 s / batch. (data: 5.42e-03). ETA=12:43:51, max mem: 20.9 GB 
[11/22 12:45:42 visual_prompt]: 	Training 500/553. train loss: 67.0479,	1.3640 s / batch. (data: 5.25e-01). ETA=20:20:38, max mem: 20.9 GB 
[11/22 12:46:33 visual_prompt]: Epoch 3 / 100: avg data time: 1.92e-01, avg batch time: 1.0135, average train loss: 40.2478
[11/22 12:47:31 visual_prompt]: Inference (val):avg data time: 1.55e-04, avg batch time: 0.3088, average loss: 14.2773
[11/22 12:47:31 visual_prompt]: Classification results with val_mammo-cbis: top1: 45.12	rocauc: 53.73	
[11/22 12:47:31 visual_prompt]: Training 4 / 100 epoch, with learning rate 15.0
[11/22 12:49:17 visual_prompt]: 	Training 100/553. train loss: 16.8942,	0.8188 s / batch. (data: 7.94e-03). ETA=12:10:37, max mem: 20.9 GB 
[11/22 12:50:59 visual_prompt]: 	Training 200/553. train loss: 4.3071,	0.8297 s / batch. (data: 3.66e-04). ETA=12:19:01, max mem: 20.9 GB 
[11/22 12:52:40 visual_prompt]: 	Training 300/553. train loss: 86.3309,	1.4037 s / batch. (data: 5.76e-01). ETA=20:47:53, max mem: 20.9 GB 
[11/22 12:54:17 visual_prompt]: 	Training 400/553. train loss: 79.9603,	1.6160 s / batch. (data: 7.86e-01). ETA=23:53:55, max mem: 20.9 GB 
[11/22 12:56:00 visual_prompt]: 	Training 500/553. train loss: 0.0007,	3.5676 s / batch. (data: 2.76e+00). ETA=2 days, 4:39:44, max mem: 20.9 GB 
[11/22 12:56:54 visual_prompt]: Epoch 4 / 100: avg data time: 1.99e-01, avg batch time: 1.0178, average train loss: 63.0865
[11/22 12:57:52 visual_prompt]: Inference (val):avg data time: 3.37e-04, avg batch time: 0.3050, average loss: 14.3394
[11/22 12:57:52 visual_prompt]: Classification results with val_mammo-cbis: top1: 54.88	rocauc: 45.73	
[11/22 12:57:52 visual_prompt]: Training 5 / 100 epoch, with learning rate 20.0
[11/22 12:59:35 visual_prompt]: 	Training 100/553. train loss: 0.0000,	0.8120 s / batch. (data: 3.05e-04). ETA=11:57:04, max mem: 20.9 GB 
[11/22 13:01:17 visual_prompt]: 	Training 200/553. train loss: 38.8275,	1.4666 s / batch. (data: 6.67e-01). ETA=21:32:47, max mem: 20.9 GB 
[11/22 13:02:59 visual_prompt]: 	Training 300/553. train loss: 151.9556,	0.8278 s / batch. (data: 2.95e-04). ETA=12:08:18, max mem: 20.9 GB 
[11/22 13:04:39 visual_prompt]: 	Training 400/553. train loss: 228.9831,	0.8320 s / batch. (data: 5.41e-03). ETA=12:10:36, max mem: 20.9 GB 
[11/22 13:06:20 visual_prompt]: 	Training 500/553. train loss: 162.6530,	0.8518 s / batch. (data: 4.02e-04). ETA=12:26:36, max mem: 20.9 GB 
[11/22 13:07:13 visual_prompt]: Epoch 5 / 100: avg data time: 1.95e-01, avg batch time: 1.0149, average train loss: 59.6810
[11/22 13:08:11 visual_prompt]: Inference (val):avg data time: 4.43e-05, avg batch time: 0.3067, average loss: 53.9044
[11/22 13:08:11 visual_prompt]: Classification results with val_mammo-cbis: top1: 54.88	rocauc: 54.30	
[11/22 13:08:11 visual_prompt]: Training 6 / 100 epoch, with learning rate 25.0
[11/22 13:09:57 visual_prompt]: 	Training 100/553. train loss: 39.3588,	0.8200 s / batch. (data: 2.49e-04). ETA=11:56:37, max mem: 20.9 GB 
[11/22 13:11:38 visual_prompt]: 	Training 200/553. train loss: 64.8807,	0.8429 s / batch. (data: 1.89e-02). ETA=12:15:13, max mem: 20.9 GB 
[11/22 13:13:17 visual_prompt]: 	Training 300/553. train loss: 19.3553,	0.8320 s / batch. (data: 1.19e-02). ETA=12:04:18, max mem: 20.9 GB 
[11/22 13:15:03 visual_prompt]: 	Training 400/553. train loss: 41.5402,	0.8280 s / batch. (data: 1.19e-02). ETA=11:59:26, max mem: 20.9 GB 
[11/22 13:16:42 visual_prompt]: 	Training 500/553. train loss: 67.3078,	0.8494 s / batch. (data: 9.34e-03). ETA=12:16:40, max mem: 20.9 GB 
[11/22 13:17:34 visual_prompt]: Epoch 6 / 100: avg data time: 1.98e-01, avg batch time: 1.0182, average train loss: 76.6691
[11/22 13:18:32 visual_prompt]: Inference (val):avg data time: 3.89e-05, avg batch time: 0.3057, average loss: 44.6269
[11/22 13:18:32 visual_prompt]: Classification results with val_mammo-cbis: top1: 45.12	rocauc: 44.56	
[11/22 13:18:32 visual_prompt]: Training 7 / 100 epoch, with learning rate 30.0
[11/22 13:20:15 visual_prompt]: 	Training 100/553. train loss: 801.0915,	0.8537 s / batch. (data: 1.33e-03). ETA=12:18:10, max mem: 20.9 GB 
[11/22 13:21:56 visual_prompt]: 	Training 200/553. train loss: 8.7732,	0.8404 s / batch. (data: 5.45e-03). ETA=12:05:19, max mem: 20.9 GB 
[11/22 13:23:41 visual_prompt]: 	Training 300/553. train loss: 77.1621,	2.0592 s / batch. (data: 1.25e+00). ETA=1 day, 5:33:44, max mem: 20.9 GB 
[11/22 13:25:21 visual_prompt]: 	Training 400/553. train loss: 87.9645,	2.1062 s / batch. (data: 1.29e+00). ETA=1 day, 6:10:40, max mem: 20.9 GB 
[11/22 13:27:01 visual_prompt]: 	Training 500/553. train loss: 22.3223,	0.8160 s / batch. (data: 3.15e-04). ETA=11:40:09, max mem: 20.9 GB 
[11/22 13:27:52 visual_prompt]: Epoch 7 / 100: avg data time: 1.94e-01, avg batch time: 1.0126, average train loss: 118.3119
[11/22 13:28:50 visual_prompt]: Inference (val):avg data time: 3.91e-05, avg batch time: 0.3060, average loss: 200.2819
[11/22 13:28:50 visual_prompt]: Classification results with val_mammo-cbis: top1: 54.88	rocauc: 50.85	
[11/22 13:28:50 visual_prompt]: Training 8 / 100 epoch, with learning rate 35.0
[11/22 13:30:33 visual_prompt]: 	Training 100/553. train loss: 38.9741,	0.8118 s / batch. (data: 3.28e-04). ETA=11:34:30, max mem: 20.9 GB 
[11/22 13:32:16 visual_prompt]: 	Training 200/553. train loss: 10.0451,	0.8333 s / batch. (data: 5.54e-03). ETA=11:51:29, max mem: 20.9 GB 
[11/22 13:33:57 visual_prompt]: 	Training 300/553. train loss: 94.3741,	0.8280 s / batch. (data: 1.20e-02). ETA=11:45:33, max mem: 20.9 GB 
[11/22 13:35:38 visual_prompt]: 	Training 400/553. train loss: 1.2774,	0.9144 s / batch. (data: 1.07e-01). ETA=12:57:41, max mem: 20.9 GB 
[11/22 13:37:20 visual_prompt]: 	Training 500/553. train loss: 130.4558,	1.3800 s / batch. (data: 5.29e-01). ETA=19:31:20, max mem: 20.9 GB 
[11/22 13:38:13 visual_prompt]: Epoch 8 / 100: avg data time: 2.00e-01, avg batch time: 1.0181, average train loss: 105.7661
[11/22 13:39:11 visual_prompt]: Inference (val):avg data time: 3.55e-05, avg batch time: 0.3049, average loss: 36.9941
[11/22 13:39:11 visual_prompt]: Classification results with val_mammo-cbis: top1: 45.12	rocauc: 53.93	
[11/22 13:39:11 visual_prompt]: Training 9 / 100 epoch, with learning rate 40.0
[11/22 13:40:56 visual_prompt]: 	Training 100/553. train loss: 0.0000,	0.8678 s / batch. (data: 1.18e-02). ETA=12:14:24, max mem: 20.9 GB 
[11/22 13:42:36 visual_prompt]: 	Training 200/553. train loss: 0.3531,	0.8158 s / batch. (data: 3.02e-04). ETA=11:28:59, max mem: 20.9 GB 
[11/22 13:44:17 visual_prompt]: 	Training 300/553. train loss: 52.0310,	1.5774 s / batch. (data: 7.67e-01). ETA=22:09:40, max mem: 20.9 GB 
[11/22 13:46:00 visual_prompt]: 	Training 400/553. train loss: 45.0630,	0.8380 s / batch. (data: 5.54e-03). ETA=11:44:57, max mem: 20.9 GB 
[11/22 13:47:41 visual_prompt]: 	Training 500/553. train loss: 277.6619,	0.9987 s / batch. (data: 1.76e-01). ETA=13:58:32, max mem: 20.9 GB 
[11/22 13:48:33 visual_prompt]: Epoch 9 / 100: avg data time: 1.97e-01, avg batch time: 1.0154, average train loss: 126.2693
[11/22 13:49:31 visual_prompt]: Inference (val):avg data time: 2.06e-04, avg batch time: 0.3076, average loss: 152.5892
[11/22 13:49:31 visual_prompt]: Classification results with val_mammo-cbis: top1: 54.88	rocauc: 53.18	
[11/22 13:49:31 visual_prompt]: Training 10 / 100 epoch, with learning rate 45.0
[11/22 13:51:19 visual_prompt]: 	Training 100/553. train loss: 187.3826,	0.8020 s / batch. (data: 2.94e-04). ETA=11:11:16, max mem: 20.9 GB 
[11/22 13:52:58 visual_prompt]: 	Training 200/553. train loss: 37.7419,	0.8560 s / batch. (data: 3.26e-04). ETA=11:55:05, max mem: 20.9 GB 
[11/22 13:54:38 visual_prompt]: 	Training 300/553. train loss: 90.5083,	2.8120 s / batch. (data: 1.98e+00). ETA=1 day, 15:04:23, max mem: 20.9 GB 
[11/22 13:56:17 visual_prompt]: 	Training 400/553. train loss: 265.5869,	0.8312 s / batch. (data: 5.52e-03). ETA=11:31:36, max mem: 20.9 GB 
[11/22 13:58:00 visual_prompt]: 	Training 500/553. train loss: 52.3765,	1.1851 s / batch. (data: 3.62e-01). ETA=16:24:05, max mem: 20.9 GB 
[11/22 13:58:54 visual_prompt]: Epoch 10 / 100: avg data time: 1.99e-01, avg batch time: 1.0181, average train loss: 146.8459
[11/22 13:59:51 visual_prompt]: Inference (val):avg data time: 3.73e-05, avg batch time: 0.3067, average loss: 202.4706
[11/22 13:59:51 visual_prompt]: Classification results with val_mammo-cbis: top1: 45.12	rocauc: 53.96	
[11/22 13:59:51 visual_prompt]: Training 11 / 100 epoch, with learning rate 50.0
[11/22 14:01:38 visual_prompt]: 	Training 100/553. train loss: 170.1281,	0.8079 s / batch. (data: 3.03e-04). ETA=11:08:48, max mem: 20.9 GB 
[11/22 14:03:21 visual_prompt]: 	Training 200/553. train loss: 0.0000,	0.8139 s / batch. (data: 2.99e-04). ETA=11:12:23, max mem: 20.9 GB 
[11/22 14:05:00 visual_prompt]: 	Training 300/553. train loss: 0.0000,	2.1040 s / batch. (data: 1.28e+00). ETA=1 day, 4:54:44, max mem: 20.9 GB 
[11/22 14:06:40 visual_prompt]: 	Training 400/553. train loss: 144.2417,	0.8280 s / batch. (data: 5.37e-03). ETA=11:21:17, max mem: 20.9 GB 
[11/22 14:08:19 visual_prompt]: 	Training 500/553. train loss: 227.5852,	0.8195 s / batch. (data: 5.47e-03). ETA=11:12:59, max mem: 20.9 GB 
[11/22 14:09:11 visual_prompt]: Epoch 11 / 100: avg data time: 1.93e-01, avg batch time: 1.0114, average train loss: 167.5750
[11/22 14:10:09 visual_prompt]: Inference (val):avg data time: 3.57e-05, avg batch time: 0.3071, average loss: 24.0446
[11/22 14:10:09 visual_prompt]: Classification results with val_mammo-cbis: top1: 54.88	rocauc: 50.40	
[11/22 14:10:09 visual_prompt]: Training 12 / 100 epoch, with learning rate 49.9847706754774
[11/22 14:11:55 visual_prompt]: 	Training 100/553. train loss: 120.9846,	1.1723 s / batch. (data: 3.51e-01). ETA=15:59:42, max mem: 20.9 GB 
[11/22 14:13:37 visual_prompt]: 	Training 200/553. train loss: 51.3779,	1.3800 s / batch. (data: 5.57e-01). ETA=18:47:23, max mem: 20.9 GB 
[11/22 14:15:17 visual_prompt]: 	Training 300/553. train loss: 18.5274,	0.8400 s / batch. (data: 3.89e-04). ETA=11:24:50, max mem: 20.9 GB 
[11/22 14:16:57 visual_prompt]: 	Training 400/553. train loss: 151.8916,	0.8103 s / batch. (data: 3.06e-04). ETA=10:59:14, max mem: 20.9 GB 
[11/22 14:18:38 visual_prompt]: 	Training 500/553. train loss: 212.2830,	0.8240 s / batch. (data: 7.95e-03). ETA=11:09:03, max mem: 20.9 GB 
[11/22 14:19:29 visual_prompt]: Epoch 12 / 100: avg data time: 1.95e-01, avg batch time: 1.0136, average train loss: 174.7716
[11/22 14:20:27 visual_prompt]: Inference (val):avg data time: 3.67e-05, avg batch time: 0.3061, average loss: 324.7250
[11/22 14:20:27 visual_prompt]: Classification results with val_mammo-cbis: top1: 45.12	rocauc: 43.69	
[11/22 14:20:27 visual_prompt]: Training 13 / 100 epoch, with learning rate 49.939101256495604
[11/22 14:22:13 visual_prompt]: 	Training 100/553. train loss: 46.6780,	0.8480 s / batch. (data: 3.20e-04). ETA=11:26:22, max mem: 20.9 GB 
[11/22 14:23:51 visual_prompt]: 	Training 200/553. train loss: 108.3145,	0.8240 s / batch. (data: 5.27e-04). ETA=11:05:32, max mem: 20.9 GB 
[11/22 14:25:33 visual_prompt]: 	Training 300/553. train loss: 56.2402,	1.8480 s / batch. (data: 1.05e+00). ETA=1 day, 0:49:36, max mem: 20.9 GB 
[11/22 14:27:13 visual_prompt]: 	Training 400/553. train loss: 401.1780,	0.8240 s / batch. (data: 1.20e-02). ETA=11:02:49, max mem: 20.9 GB 
[11/22 14:28:55 visual_prompt]: 	Training 500/553. train loss: 278.3896,	0.8054 s / batch. (data: 2.89e-04). ETA=10:46:29, max mem: 20.9 GB 
[11/22 14:29:48 visual_prompt]: Epoch 13 / 100: avg data time: 1.94e-01, avg batch time: 1.0127, average train loss: 174.0920
[11/22 14:30:45 visual_prompt]: Inference (val):avg data time: 3.52e-05, avg batch time: 0.3069, average loss: 44.2031
[11/22 14:30:45 visual_prompt]: Classification results with val_mammo-cbis: top1: 47.15	rocauc: 50.94	
[11/22 14:30:45 visual_prompt]: Training 14 / 100 epoch, with learning rate 49.86304738420683
[11/22 14:32:31 visual_prompt]: 	Training 100/553. train loss: 1101.5603,	0.8266 s / batch. (data: 2.27e-02). ETA=11:01:25, max mem: 20.9 GB 
[11/22 14:34:12 visual_prompt]: 	Training 200/553. train loss: 0.0000,	1.4513 s / batch. (data: 6.26e-01). ETA=19:18:52, max mem: 20.9 GB 
[11/22 14:35:53 visual_prompt]: 	Training 300/553. train loss: 54.3812,	0.8398 s / batch. (data: 5.45e-03). ETA=11:09:13, max mem: 20.9 GB 
[11/22 14:37:33 visual_prompt]: 	Training 400/553. train loss: 266.3464,	0.8094 s / batch. (data: 3.13e-04). ETA=10:43:35, max mem: 20.9 GB 
[11/22 14:39:14 visual_prompt]: 	Training 500/553. train loss: 163.6314,	0.8080 s / batch. (data: 2.67e-04). ETA=10:41:10, max mem: 20.9 GB 
[11/22 14:40:06 visual_prompt]: Epoch 14 / 100: avg data time: 1.95e-01, avg batch time: 1.0141, average train loss: 158.8360
[11/22 14:41:04 visual_prompt]: Inference (val):avg data time: 3.76e-05, avg batch time: 0.3070, average loss: 98.8413
[11/22 14:41:04 visual_prompt]: Classification results with val_mammo-cbis: top1: 54.88	rocauc: 45.20	
[11/22 14:41:04 visual_prompt]: Training 15 / 100 epoch, with learning rate 49.75670171853926
[11/22 14:42:49 visual_prompt]: 	Training 100/553. train loss: 106.0826,	1.5520 s / batch. (data: 7.35e-01). ETA=20:27:33, max mem: 20.9 GB 
[11/22 14:44:28 visual_prompt]: 	Training 200/553. train loss: 797.1801,	0.8238 s / batch. (data: 5.51e-03). ETA=10:50:13, max mem: 20.9 GB 
[11/22 14:46:10 visual_prompt]: 	Training 300/553. train loss: 390.2479,	0.8320 s / batch. (data: 2.72e-04). ETA=10:55:18, max mem: 20.9 GB 
[11/22 14:47:49 visual_prompt]: 	Training 400/553. train loss: 66.4679,	1.1760 s / batch. (data: 3.35e-01). ETA=15:24:17, max mem: 20.9 GB 
[11/22 14:49:31 visual_prompt]: 	Training 500/553. train loss: 56.4750,	0.8188 s / batch. (data: 5.45e-03). ETA=10:42:13, max mem: 20.9 GB 
[11/22 14:50:23 visual_prompt]: Epoch 15 / 100: avg data time: 1.93e-01, avg batch time: 1.0110, average train loss: 165.2661
[11/22 14:51:21 visual_prompt]: Inference (val):avg data time: 3.73e-05, avg batch time: 0.3060, average loss: 518.4259
[11/22 14:51:21 visual_prompt]: Classification results with val_mammo-cbis: top1: 54.88	rocauc: 43.15	
[11/22 14:51:21 visual_prompt]: Training 16 / 100 epoch, with learning rate 49.6201938253052
[11/22 14:53:05 visual_prompt]: 	Training 100/553. train loss: 103.7124,	0.8040 s / batch. (data: 3.09e-04). ETA=10:28:31, max mem: 20.9 GB 
[11/22 14:54:46 visual_prompt]: 	Training 200/553. train loss: 263.4484,	0.8098 s / batch. (data: 3.07e-04). ETA=10:31:44, max mem: 20.9 GB 
[11/22 14:56:27 visual_prompt]: 	Training 300/553. train loss: 192.0815,	0.8159 s / batch. (data: 2.97e-04). ETA=10:35:06, max mem: 20.9 GB 
[11/22 14:58:08 visual_prompt]: 	Training 400/553. train loss: 154.5278,	0.8178 s / batch. (data: 2.99e-04). ETA=10:35:12, max mem: 20.9 GB 
[11/22 14:59:48 visual_prompt]: 	Training 500/553. train loss: 77.0727,	1.1738 s / batch. (data: 3.75e-01). ETA=15:09:49, max mem: 20.9 GB 
[11/22 15:00:41 visual_prompt]: Epoch 16 / 100: avg data time: 1.95e-01, avg batch time: 1.0126, average train loss: 160.8979
[11/22 15:01:39 visual_prompt]: Inference (val):avg data time: 3.73e-05, avg batch time: 0.3070, average loss: 42.0164
[11/22 15:01:39 visual_prompt]: Classification results with val_mammo-cbis: top1: 45.53	rocauc: 51.17	
[11/22 15:01:39 visual_prompt]: Training 17 / 100 epoch, with learning rate 49.45369001834514
[11/22 15:03:24 visual_prompt]: 	Training 100/553. train loss: 53.9767,	0.8160 s / batch. (data: 2.95e-04). ETA=10:30:22, max mem: 20.9 GB 
[11/22 15:05:06 visual_prompt]: 	Training 200/553. train loss: 253.7905,	0.8163 s / batch. (data: 2.95e-04). ETA=10:29:16, max mem: 20.9 GB 
[11/22 15:06:46 visual_prompt]: 	Training 300/553. train loss: 176.7908,	0.8311 s / batch. (data: 5.42e-03). ETA=10:39:15, max mem: 20.9 GB 
[11/22 15:08:26 visual_prompt]: 	Training 400/553. train loss: 53.5881,	0.8120 s / batch. (data: 3.38e-04). ETA=10:23:13, max mem: 20.9 GB 
[11/22 15:10:06 visual_prompt]: 	Training 500/553. train loss: 101.5773,	1.7708 s / batch. (data: 9.41e-01). ETA=22:36:11, max mem: 20.9 GB 
[11/22 15:11:00 visual_prompt]: Epoch 17 / 100: avg data time: 1.97e-01, avg batch time: 1.0146, average train loss: 177.7189
[11/22 15:11:58 visual_prompt]: Inference (val):avg data time: 3.60e-05, avg batch time: 0.3072, average loss: 180.0793
[11/22 15:11:58 visual_prompt]: Classification results with val_mammo-cbis: top1: 45.12	rocauc: 54.05	
[11/22 15:11:58 visual_prompt]: Training 18 / 100 epoch, with learning rate 49.25739315689991
[11/22 15:13:43 visual_prompt]: 	Training 100/553. train loss: 42.3787,	0.8341 s / batch. (data: 3.03e-04). ETA=10:36:38, max mem: 20.9 GB 
[11/22 15:15:27 visual_prompt]: 	Training 200/553. train loss: 41.7151,	0.8240 s / batch. (data: 8.74e-04). ETA=10:27:34, max mem: 20.9 GB 
[11/22 15:17:08 visual_prompt]: 	Training 300/553. train loss: 76.5457,	0.8208 s / batch. (data: 2.06e-02). ETA=10:23:46, max mem: 20.9 GB 
[11/22 15:18:48 visual_prompt]: 	Training 400/553. train loss: 110.9185,	0.8008 s / batch. (data: 3.14e-04). ETA=10:07:13, max mem: 20.9 GB 
[11/22 15:20:28 visual_prompt]: 	Training 500/553. train loss: 114.4731,	0.8120 s / batch. (data: 3.21e-04). ETA=10:14:25, max mem: 20.9 GB 
[11/22 15:21:19 visual_prompt]: Epoch 18 / 100: avg data time: 1.96e-01, avg batch time: 1.0143, average train loss: 154.6931
[11/22 15:22:17 visual_prompt]: Inference (val):avg data time: 5.96e-04, avg batch time: 0.3072, average loss: 218.2068
[11/22 15:22:17 visual_prompt]: Classification results with val_mammo-cbis: top1: 54.88	rocauc: 45.01	
[11/22 15:22:17 visual_prompt]: Training 19 / 100 epoch, with learning rate 49.03154239845797
[11/22 15:24:01 visual_prompt]: 	Training 100/553. train loss: 100.4358,	0.8126 s / batch. (data: 2.72e-04). ETA=10:12:45, max mem: 20.9 GB 
[11/22 15:25:43 visual_prompt]: 	Training 200/553. train loss: 326.8077,	0.8105 s / batch. (data: 2.60e-04). ETA=10:09:52, max mem: 20.9 GB 
[11/22 15:27:24 visual_prompt]: 	Training 300/553. train loss: 0.0000,	0.8191 s / batch. (data: 3.19e-04). ETA=10:14:55, max mem: 20.9 GB 
[11/22 15:29:06 visual_prompt]: 	Training 400/553. train loss: 211.2019,	0.8191 s / batch. (data: 5.40e-03). ETA=10:13:33, max mem: 20.9 GB 
[11/22 15:30:42 visual_prompt]: 	Training 500/553. train loss: 568.7255,	0.8339 s / batch. (data: 2.06e-02). ETA=10:23:16, max mem: 20.9 GB 
[11/22 15:31:35 visual_prompt]: Epoch 19 / 100: avg data time: 1.92e-01, avg batch time: 1.0095, average train loss: 181.0746
[11/22 15:32:33 visual_prompt]: Inference (val):avg data time: 3.88e-05, avg batch time: 0.3068, average loss: 410.1010
[11/22 15:32:33 visual_prompt]: Classification results with val_mammo-cbis: top1: 54.88	rocauc: 36.76	
[11/22 15:32:33 visual_prompt]: Training 20 / 100 epoch, with learning rate 48.77641290737884
[11/22 15:34:17 visual_prompt]: 	Training 100/553. train loss: 10.1556,	0.8397 s / batch. (data: 2.37e-02). ETA=10:25:30, max mem: 20.9 GB 
[11/22 15:35:58 visual_prompt]: 	Training 200/553. train loss: 81.5022,	0.8222 s / batch. (data: 4.69e-04). ETA=10:11:05, max mem: 20.9 GB 
[11/22 15:37:39 visual_prompt]: 	Training 300/553. train loss: 175.6327,	0.8320 s / batch. (data: 7.56e-04). ETA=10:16:57, max mem: 20.9 GB 
[11/22 15:39:20 visual_prompt]: 	Training 400/553. train loss: 416.4282,	0.8419 s / batch. (data: 2.06e-02). ETA=10:22:53, max mem: 20.9 GB 
[11/22 15:41:00 visual_prompt]: 	Training 500/553. train loss: 294.9010,	0.8200 s / batch. (data: 3.08e-04). ETA=10:05:21, max mem: 20.9 GB 
[11/22 15:41:54 visual_prompt]: Epoch 20 / 100: avg data time: 1.95e-01, avg batch time: 1.0138, average train loss: 159.3108
[11/22 15:42:51 visual_prompt]: Inference (val):avg data time: 3.60e-05, avg batch time: 0.3069, average loss: 33.0233
[11/22 15:42:51 visual_prompt]: Classification results with val_mammo-cbis: top1: 54.88	rocauc: 55.73	
[11/22 15:42:51 visual_prompt]: Training 21 / 100 epoch, with learning rate 48.49231551964771
[11/22 15:44:39 visual_prompt]: 	Training 100/553. train loss: 51.4833,	0.8080 s / batch. (data: 3.16e-04). ETA=9:54:26, max mem: 20.9 GB 
[11/22 15:46:19 visual_prompt]: 	Training 200/553. train loss: 244.3890,	0.8140 s / batch. (data: 5.41e-03). ETA=9:57:26, max mem: 20.9 GB 
[11/22 15:48:00 visual_prompt]: 	Training 300/553. train loss: 32.4769,	1.1280 s / batch. (data: 2.99e-01). ETA=13:46:03, max mem: 20.9 GB 
[11/22 15:49:40 visual_prompt]: 	Training 400/553. train loss: 14.3152,	0.8480 s / batch. (data: 3.01e-04). ETA=10:19:36, max mem: 20.9 GB 
[11/22 15:51:22 visual_prompt]: 	Training 500/553. train loss: 38.1298,	0.8160 s / batch. (data: 2.84e-04). ETA=9:54:52, max mem: 20.9 GB 
[11/22 15:52:14 visual_prompt]: Epoch 21 / 100: avg data time: 1.98e-01, avg batch time: 1.0164, average train loss: 169.9309
[11/22 15:53:11 visual_prompt]: Inference (val):avg data time: 3.83e-05, avg batch time: 0.3061, average loss: 123.6120
[11/22 15:53:11 visual_prompt]: Classification results with val_mammo-cbis: top1: 54.88	rocauc: 50.34	
[11/22 15:53:11 visual_prompt]: Training 22 / 100 epoch, with learning rate 48.17959636416968
[11/22 15:54:56 visual_prompt]: 	Training 100/553. train loss: 72.6496,	0.8560 s / batch. (data: 2.94e-04). ETA=10:21:50, max mem: 20.9 GB 
[11/22 15:56:36 visual_prompt]: 	Training 200/553. train loss: 85.5240,	0.8191 s / batch. (data: 5.42e-03). ETA=9:53:39, max mem: 20.9 GB 
[11/22 15:58:15 visual_prompt]: 	Training 300/553. train loss: 0.0000,	0.8063 s / batch. (data: 1.05e-02). ETA=9:43:03, max mem: 20.9 GB 
[11/22 15:59:57 visual_prompt]: 	Training 400/553. train loss: 131.4046,	0.8275 s / batch. (data: 3.11e-04). ETA=9:56:58, max mem: 20.9 GB 
[11/22 16:01:38 visual_prompt]: 	Training 500/553. train loss: 29.0696,	0.8270 s / batch. (data: 3.00e-04). ETA=9:55:15, max mem: 20.9 GB 
[11/22 16:02:33 visual_prompt]: Epoch 22 / 100: avg data time: 1.96e-01, avg batch time: 1.0146, average train loss: 160.6525
[11/22 16:03:31 visual_prompt]: Inference (val):avg data time: 3.70e-05, avg batch time: 0.3073, average loss: 23.9632
[11/22 16:03:31 visual_prompt]: Classification results with val_mammo-cbis: top1: 54.88	rocauc: 45.20	
[11/22 16:03:31 visual_prompt]: Best epoch 22: best metric: -23.963
[11/22 16:03:31 visual_prompt]: Training 23 / 100 epoch, with learning rate 47.83863644106502
[11/22 16:05:16 visual_prompt]: 	Training 100/553. train loss: 80.6201,	0.8676 s / batch. (data: 1.15e-02). ETA=10:22:14, max mem: 20.9 GB 
[11/22 16:06:58 visual_prompt]: 	Training 200/553. train loss: 155.8318,	0.8363 s / batch. (data: 5.47e-03). ETA=9:58:25, max mem: 20.9 GB 
[11/22 16:08:41 visual_prompt]: 	Training 300/553. train loss: 79.0297,	0.8221 s / batch. (data: 5.43e-03). ETA=9:46:55, max mem: 20.9 GB 
[11/22 16:10:20 visual_prompt]: 	Training 400/553. train loss: 192.9761,	0.8404 s / batch. (data: 1.06e-02). ETA=9:58:32, max mem: 20.9 GB 
[11/22 16:11:59 visual_prompt]: 	Training 500/553. train loss: 0.0000,	0.8130 s / batch. (data: 2.96e-04). ETA=9:37:39, max mem: 20.9 GB 
[11/22 16:12:51 visual_prompt]: Epoch 23 / 100: avg data time: 1.95e-01, avg batch time: 1.0130, average train loss: 154.6760
[11/22 16:13:49 visual_prompt]: Inference (val):avg data time: 3.55e-05, avg batch time: 0.3071, average loss: 340.3469
[11/22 16:13:49 visual_prompt]: Classification results with val_mammo-cbis: top1: 54.88	rocauc: 45.29	
[11/22 16:13:49 visual_prompt]: Training 24 / 100 epoch, with learning rate 47.46985115747918
[11/22 16:15:31 visual_prompt]: 	Training 100/553. train loss: 2.7256,	0.8240 s / batch. (data: 3.00e-04). ETA=9:43:25, max mem: 20.9 GB 
[11/22 16:17:12 visual_prompt]: 	Training 200/553. train loss: 166.2729,	0.8106 s / batch. (data: 3.04e-04). ETA=9:32:32, max mem: 20.9 GB 
[11/22 16:18:53 visual_prompt]: 	Training 300/553. train loss: 232.3090,	0.9594 s / batch. (data: 1.47e-01). ETA=11:16:04, max mem: 20.9 GB 
[11/22 16:20:34 visual_prompt]: 	Training 400/553. train loss: 35.5179,	0.8403 s / batch. (data: 1.05e-02). ETA=9:50:44, max mem: 20.9 GB 
[11/22 16:22:16 visual_prompt]: 	Training 500/553. train loss: 125.8313,	0.8243 s / batch. (data: 1.06e-02). ETA=9:38:06, max mem: 20.9 GB 
[11/22 16:23:10 visual_prompt]: Epoch 24 / 100: avg data time: 1.96e-01, avg batch time: 1.0139, average train loss: 161.9279
[11/22 16:24:08 visual_prompt]: Inference (val):avg data time: 3.90e-05, avg batch time: 0.3060, average loss: 42.9661
[11/22 16:24:08 visual_prompt]: Classification results with val_mammo-cbis: top1: 54.88	rocauc: 52.48	
[11/22 16:24:08 visual_prompt]: Training 25 / 100 epoch, with learning rate 47.073689821473174
[11/22 16:25:55 visual_prompt]: 	Training 100/553. train loss: 334.7375,	0.8181 s / batch. (data: 3.05e-04). ETA=9:31:40, max mem: 20.9 GB 
[11/22 16:27:34 visual_prompt]: 	Training 200/553. train loss: 7.2485,	1.4571 s / batch. (data: 6.35e-01). ETA=16:55:48, max mem: 20.9 GB 
[11/22 16:29:14 visual_prompt]: 	Training 300/553. train loss: 403.8047,	1.4830 s / batch. (data: 6.64e-01). ETA=17:11:24, max mem: 20.9 GB 
[11/22 16:30:55 visual_prompt]: 	Training 400/553. train loss: 52.0730,	1.2640 s / batch. (data: 4.56e-01). ETA=14:36:58, max mem: 20.9 GB 
[11/22 16:32:36 visual_prompt]: 	Training 500/553. train loss: 298.8242,	1.5120 s / batch. (data: 6.90e-01). ETA=17:26:31, max mem: 20.9 GB 
[11/22 16:33:28 visual_prompt]: Epoch 25 / 100: avg data time: 1.95e-01, avg batch time: 1.0135, average train loss: 149.2566
[11/22 16:34:26 visual_prompt]: Inference (val):avg data time: 3.80e-05, avg batch time: 0.3082, average loss: 127.0611
[11/22 16:34:26 visual_prompt]: Classification results with val_mammo-cbis: top1: 54.88	rocauc: 51.03	
[11/22 16:34:26 visual_prompt]: Training 26 / 100 epoch, with learning rate 46.65063509461097
[11/22 16:36:11 visual_prompt]: 	Training 100/553. train loss: 256.6980,	0.8080 s / batch. (data: 2.98e-04). ETA=9:17:10, max mem: 20.9 GB 
[11/22 16:37:53 visual_prompt]: 	Training 200/553. train loss: 16.0175,	1.8005 s / batch. (data: 9.92e-01). ETA=20:38:35, max mem: 20.9 GB 
[11/22 16:39:36 visual_prompt]: 	Training 300/553. train loss: 0.0000,	0.8462 s / batch. (data: 1.14e-02). ETA=9:40:42, max mem: 20.9 GB 
[11/22 16:41:16 visual_prompt]: 	Training 400/553. train loss: 180.0629,	0.8248 s / batch. (data: 3.98e-04). ETA=9:24:38, max mem: 20.9 GB 
[11/22 16:42:55 visual_prompt]: 	Training 500/553. train loss: 32.3860,	0.8280 s / batch. (data: 2.90e-04). ETA=9:25:28, max mem: 20.9 GB 
[11/22 16:43:48 visual_prompt]: Epoch 26 / 100: avg data time: 1.97e-01, avg batch time: 1.0146, average train loss: 159.3604
[11/22 16:44:45 visual_prompt]: Inference (val):avg data time: 2.18e-04, avg batch time: 0.3081, average loss: 10.0895
[11/22 16:44:45 visual_prompt]: Classification results with val_mammo-cbis: top1: 52.44	rocauc: 55.72	
[11/22 16:44:45 visual_prompt]: Best epoch 26: best metric: -10.089
[11/22 16:44:45 visual_prompt]: Training 27 / 100 epoch, with learning rate 46.20120240391065
[11/22 16:46:31 visual_prompt]: 	Training 100/553. train loss: 340.0575,	0.8200 s / batch. (data: 2.85e-04). ETA=9:17:54, max mem: 20.9 GB 
[11/22 16:48:10 visual_prompt]: 	Training 200/553. train loss: 360.8433,	1.3840 s / batch. (data: 5.65e-01). ETA=15:39:19, max mem: 20.9 GB 
[11/22 16:49:52 visual_prompt]: 	Training 300/553. train loss: 7.3428,	0.8148 s / batch. (data: 3.08e-04). ETA=9:11:39, max mem: 20.9 GB 
[11/22 16:51:34 visual_prompt]: 	Training 400/553. train loss: 24.9038,	0.8319 s / batch. (data: 2.19e-02). ETA=9:21:49, max mem: 20.9 GB 
[11/22 16:53:16 visual_prompt]: 	Training 500/553. train loss: 30.3918,	0.8320 s / batch. (data: 1.02e-03). ETA=9:20:32, max mem: 20.9 GB 
[11/22 16:54:06 visual_prompt]: Epoch 27 / 100: avg data time: 1.95e-01, avg batch time: 1.0137, average train loss: 136.9341
[11/22 16:55:04 visual_prompt]: Inference (val):avg data time: 3.66e-04, avg batch time: 0.3072, average loss: 98.2299
[11/22 16:55:04 visual_prompt]: Classification results with val_mammo-cbis: top1: 54.88	rocauc: 50.05	
[11/22 16:55:04 visual_prompt]: Training 28 / 100 epoch, with learning rate 45.72593931387604
[11/22 16:56:48 visual_prompt]: 	Training 100/553. train loss: 128.2742,	1.5868 s / batch. (data: 7.73e-01). ETA=17:44:57, max mem: 20.9 GB 
[11/22 16:58:30 visual_prompt]: 	Training 200/553. train loss: 186.6500,	0.8201 s / batch. (data: 9.16e-03). ETA=9:09:02, max mem: 20.9 GB 
[11/22 17:00:21 visual_prompt]: 	Training 300/553. train loss: 20.4521,	1.7412 s / batch. (data: 9.38e-01). ETA=19:22:47, max mem: 20.9 GB 
[11/22 17:02:07 visual_prompt]: 	Training 400/553. train loss: 116.6639,	0.8184 s / batch. (data: 7.97e-03). ETA=9:05:10, max mem: 20.9 GB 
[11/22 17:03:48 visual_prompt]: 	Training 500/553. train loss: 0.0000,	0.8200 s / batch. (data: 8.05e-04). ETA=9:04:52, max mem: 20.9 GB 
[11/22 17:04:41 visual_prompt]: Epoch 28 / 100: avg data time: 2.26e-01, avg batch time: 1.0438, average train loss: 154.5328
[11/22 17:05:39 visual_prompt]: Inference (val):avg data time: 3.86e-05, avg batch time: 0.3052, average loss: 47.1506
[11/22 17:05:39 visual_prompt]: Classification results with val_mammo-cbis: top1: 54.88	rocauc: 55.10	
[11/22 17:05:39 visual_prompt]: Training 29 / 100 epoch, with learning rate 45.22542485937369
[11/22 17:07:30 visual_prompt]: 	Training 100/553. train loss: 0.0000,	0.8120 s / batch. (data: 2.98e-04). ETA=8:57:28, max mem: 20.9 GB 
[11/22 17:09:14 visual_prompt]: 	Training 200/553. train loss: 33.9879,	2.1977 s / batch. (data: 1.39e+00). ETA=1 day, 0:11:05, max mem: 20.9 GB 
[11/22 17:10:53 visual_prompt]: 	Training 300/553. train loss: 181.5701,	0.8160 s / batch. (data: 3.08e-04). ETA=8:57:25, max mem: 20.9 GB 
[11/22 17:12:31 visual_prompt]: 	Training 400/553. train loss: 188.7184,	1.3195 s / batch. (data: 4.95e-01). ETA=14:26:50, max mem: 20.9 GB 
[11/22 17:14:11 visual_prompt]: 	Training 500/553. train loss: 131.5021,	0.8240 s / batch. (data: 3.34e-04). ETA=8:59:56, max mem: 20.9 GB 
[11/22 17:15:03 visual_prompt]: Epoch 29 / 100: avg data time: 2.03e-01, avg batch time: 1.0202, average train loss: 165.1326
[11/22 17:16:01 visual_prompt]: Inference (val):avg data time: 3.42e-05, avg batch time: 0.3075, average loss: 137.0830
[11/22 17:16:01 visual_prompt]: Classification results with val_mammo-cbis: top1: 54.88	rocauc: 44.47	
[11/22 17:16:01 visual_prompt]: Training 30 / 100 epoch, with learning rate 44.70026884016804
[11/22 17:17:44 visual_prompt]: 	Training 100/553. train loss: 137.3621,	0.8280 s / batch. (data: 7.93e-03). ETA=9:00:26, max mem: 20.9 GB 
[11/22 17:19:26 visual_prompt]: 	Training 200/553. train loss: 293.8915,	0.8143 s / batch. (data: 2.86e-04). ETA=8:50:09, max mem: 20.9 GB 
[11/22 17:21:06 visual_prompt]: 	Training 300/553. train loss: 0.0000,	1.4214 s / batch. (data: 6.15e-01). ETA=15:23:02, max mem: 20.9 GB 
[11/22 17:22:48 visual_prompt]: 	Training 400/553. train loss: 48.6005,	1.2573 s / batch. (data: 4.40e-01). ETA=13:34:23, max mem: 20.9 GB 
[11/22 17:24:28 visual_prompt]: 	Training 500/553. train loss: 15.0019,	1.5844 s / batch. (data: 7.31e-01). ETA=17:03:37, max mem: 20.9 GB 
[11/22 17:25:22 visual_prompt]: Epoch 30 / 100: avg data time: 1.95e-01, avg batch time: 1.0141, average train loss: 152.4408
[11/22 17:26:20 visual_prompt]: Inference (val):avg data time: 3.46e-05, avg batch time: 0.3068, average loss: 126.2633
[11/22 17:26:20 visual_prompt]: Classification results with val_mammo-cbis: top1: 45.12	rocauc: 60.01	
[11/22 17:26:20 visual_prompt]: Training 31 / 100 epoch, with learning rate 44.15111107797445
[11/22 17:28:07 visual_prompt]: 	Training 100/553. train loss: 115.0993,	0.8173 s / batch. (data: 1.05e-02). ETA=8:45:54, max mem: 20.9 GB 
