/bin/bash: /home/s1952889/miniconda3/envs/prompt/lib/libtinfo.so.6: no version information available (required by /bin/bash)
01/14 15:01:03 - mmengine - INFO - 
------------------------------------------------------------
System environment:
    sys.platform: linux
    Python: 3.10.13 (main, Sep 11 2023, 13:44:35) [GCC 11.2.0]
    CUDA available: True
    numpy_random_seed: 1477867265
    GPU 0: NVIDIA A40
    CUDA_HOME: None
    GCC: gcc (Ubuntu 9.4.0-1ubuntu1~20.04.2) 9.4.0
    PyTorch: 2.0.0
    PyTorch compiling details: PyTorch built with:
  - GCC 9.3
  - C++ Version: 201703
  - Intel(R) oneAPI Math Kernel Library Version 2023.1-Product Build 20230303 for Intel(R) 64 architecture applications
  - Intel(R) MKL-DNN v2.7.3 (Git Hash 6dbeffbae1f23cbbeae17adb7b5b13f1f37c080e)
  - OpenMP 201511 (a.k.a. OpenMP 4.5)
  - LAPACK is enabled (usually provided by MKL)
  - NNPACK is enabled
  - CPU capability usage: AVX2
  - CUDA Runtime 11.8
  - NVCC architecture flags: -gencode;arch=compute_37,code=sm_37;-gencode;arch=compute_50,code=sm_50;-gencode;arch=compute_60,code=sm_60;-gencode;arch=compute_61,code=sm_61;-gencode;arch=compute_70,code=sm_70;-gencode;arch=compute_75,code=sm_75;-gencode;arch=compute_80,code=sm_80;-gencode;arch=compute_86,code=sm_86;-gencode;arch=compute_90,code=sm_90;-gencode;arch=compute_37,code=compute_37
  - CuDNN 8.7
  - Magma 2.6.1
  - Build settings: BLAS_INFO=mkl, BUILD_TYPE=Release, CUDA_VERSION=11.8, CUDNN_VERSION=8.7.0, CXX_COMPILER=/opt/rh/devtoolset-9/root/usr/bin/c++, CXX_FLAGS= -D_GLIBCXX_USE_CXX11_ABI=0 -fabi-version=11 -Wno-deprecated -fvisibility-inlines-hidden -DUSE_PTHREADPOOL -DNDEBUG -DUSE_KINETO -DLIBKINETO_NOROCTRACER -DUSE_FBGEMM -DUSE_QNNPACK -DUSE_PYTORCH_QNNPACK -DUSE_XNNPACK -DSYMBOLICATE_MOBILE_DEBUG_HANDLE -O2 -fPIC -Wall -Wextra -Werror=return-type -Werror=non-virtual-dtor -Werror=bool-operation -Wnarrowing -Wno-missing-field-initializers -Wno-type-limits -Wno-array-bounds -Wno-unknown-pragmas -Wunused-local-typedefs -Wno-unused-parameter -Wno-unused-function -Wno-unused-result -Wno-strict-overflow -Wno-strict-aliasing -Wno-error=deprecated-declarations -Wno-stringop-overflow -Wno-psabi -Wno-error=pedantic -Wno-error=redundant-decls -Wno-error=old-style-cast -fdiagnostics-color=always -faligned-new -Wno-unused-but-set-variable -Wno-maybe-uninitialized -fno-math-errno -fno-trapping-math -Werror=format -Werror=cast-function-type -Wno-stringop-overflow, LAPACK_INFO=mkl, PERF_WITH_AVX=1, PERF_WITH_AVX2=1, PERF_WITH_AVX512=1, TORCH_DISABLE_GPU_ASSERTS=ON, TORCH_VERSION=2.0.0, USE_CUDA=ON, USE_CUDNN=ON, USE_EXCEPTION_PTR=1, USE_GFLAGS=OFF, USE_GLOG=OFF, USE_MKL=ON, USE_MKLDNN=ON, USE_MPI=OFF, USE_NCCL=ON, USE_NNPACK=ON, USE_OPENMP=ON, USE_ROCM=OFF, 

    TorchVision: 0.15.0
    OpenCV: 4.8.1
    MMEngine: 0.9.1

Runtime environment:
    cudnn_benchmark: True
    mp_cfg: {'mp_start_method': 'fork', 'opencv_num_threads': 0}
    dist_cfg: {'backend': 'nccl'}
    seed: 1477867265
    Distributed launcher: none
    Distributed training: False
    GPU number: 1
------------------------------------------------------------

01/14 15:01:03 - mmengine - INFO - Config:
backbone_norm_cfg = dict(eps=1e-06, requires_grad=True, type='LN')
crop_size = (
    512,
    512,
)
data_preprocessor = dict(
    bgr_to_rgb=True,
    mean=[
        123.675,
        116.28,
        103.53,
    ],
    pad_val=0,
    seg_pad_val=255,
    size=(
        512,
        512,
    ),
    std=[
        58.395,
        57.12,
        57.375,
    ],
    type='SegDataPreProcessor')
data_root = 'data/cbis/cbis-linked'
dataset_type = 'CBISBinaryDataset'
default_hooks = dict(
    checkpoint=dict(
        by_epoch=False,
        interval=16000,
        max_keep_ckpts=2,
        type='CheckpointHook'),
    logger=dict(interval=50, log_metric_by_epoch=False, type='LoggerHook'),
    param_scheduler=dict(type='ParamSchedulerHook'),
    sampler_seed=dict(type='DistSamplerSeedHook'),
    timer=dict(type='IterTimerHook'),
    visualization=dict(type='SegVisualizationHook'))
default_scope = 'mmseg'
env_cfg = dict(
    cudnn_benchmark=True,
    dist_cfg=dict(backend='nccl'),
    mp_cfg=dict(mp_start_method='fork', opencv_num_threads=0))
launcher = 'none'
load_from = None
log_level = 'INFO'
log_processor = dict(by_epoch=False)
model = dict(
    auxiliary_head=[],
    backbone=dict(
        drop_rate=0.0,
        embed_dims=1024,
        img_size=(
            512,
            512,
        ),
        in_channels=3,
        init_cfg=dict(
            checkpoint='pretrain/vit_large_p16.pth', type='Pretrained'),
        interpolate_mode='bilinear',
        norm_cfg=dict(eps=1e-06, requires_grad=True, type='LN'),
        num_heads=16,
        num_layers=24,
        out_indices=(
            9,
            14,
            19,
            23,
        ),
        patch_size=16,
        prompt_cfg=dict(
            depth=24,
            dropout=0.1,
            init='random',
            length=50,
            location='prepend',
            shared=False),
        type='PromptedVisionTransformer',
        with_cls_token=True),
    data_preprocessor=dict(
        bgr_to_rgb=True,
        mean=[
            123.675,
            116.28,
            103.53,
        ],
        pad_val=0,
        seg_pad_val=255,
        size=(
            512,
            512,
        ),
        std=[
            58.395,
            57.12,
            57.375,
        ],
        type='SegDataPreProcessor'),
    decode_head=dict(
        align_corners=False,
        channels=256,
        dropout_ratio=0,
        in_channels=1024,
        in_index=3,
        kernel_size=3,
        loss_decode=dict(
            class_weight=[
                0.04,
                1.96,
            ],
            loss_weight=1.0,
            type='CrossEntropyLoss',
            use_sigmoid=False),
        norm_cfg=dict(requires_grad=True, type='SyncBN'),
        num_classes=2,
        num_convs=4,
        type='SETRUPHead',
        up_scale=2),
    pretrained=None,
    test_cfg=dict(mode='whole'),
    train_cfg=dict(),
    type='EncoderDecoder')
norm_cfg = dict(requires_grad=True, type='SyncBN')
num_classes = 2
optim_wrapper = dict(
    clip_grad=None,
    optimizer=dict(lr=0.0005, momentum=0.9, type='SGD', weight_decay=0.001),
    paramwise_cfg=dict(custom_keys=dict(head=dict(lr_mult=1.0))),
    type='OptimWrapper')
optimizer = dict(lr=0.0005, momentum=0.9, type='SGD', weight_decay=0.001)
param_scheduler = [
    dict(
        begin=0,
        by_epoch=False,
        end=160000,
        eta_min=0.0001,
        power=0.9,
        type='PolyLR'),
]
record_gpu_snapshot = True
resume = False
test_cfg = dict(type='TestLoop')
test_dataloader = dict(
    batch_size=1,
    dataset=dict(
        data_prefix=dict(
            img_path='images/test', seg_map_path='annotations_binary/test'),
        data_root='data/cbis/cbis-linked',
        pipeline=[
            dict(type='LoadImageFromFile'),
            dict(keep_ratio=True, scale=(
                512,
                512,
            ), type='Resize'),
            dict(reduce_zero_label=False, type='LoadAnnotations'),
            dict(type='PackSegInputs'),
        ],
        type='CBISBinaryDataset'),
    num_workers=4,
    persistent_workers=True,
    sampler=dict(shuffle=False, type='DefaultSampler'))
test_evaluator = dict(
    iou_metrics=[
        'mIoU',
    ], type='IoUMetric')
test_pipeline = [
    dict(type='LoadImageFromFile'),
    dict(keep_ratio=True, scale=(
        512,
        512,
    ), type='Resize'),
    dict(reduce_zero_label=False, type='LoadAnnotations'),
    dict(type='PackSegInputs'),
]
train_cfg = dict(
    max_iters=160000, type='IterBasedTrainLoop', val_interval=16000)
train_dataloader = dict(
    batch_size=4,
    dataset=dict(
        data_prefix=dict(
            img_path='images/train', seg_map_path='annotations_binary/train'),
        data_root='data/cbis/cbis-linked',
        pipeline=[
            dict(type='LoadImageFromFile'),
            dict(reduce_zero_label=False, type='LoadAnnotations'),
            dict(keep_ratio=True, scale=(
                512,
                512,
            ), type='Resize'),
            dict(prob=0.5, type='RandomFlip'),
            dict(type='PackSegInputs'),
        ],
        type='CBISBinaryDataset'),
    num_workers=4,
    persistent_workers=True,
    sampler=dict(shuffle=True, type='InfiniteSampler'))
train_pipeline = [
    dict(type='LoadImageFromFile'),
    dict(reduce_zero_label=False, type='LoadAnnotations'),
    dict(keep_ratio=True, scale=(
        512,
        512,
    ), type='Resize'),
    dict(prob=0.5, type='RandomFlip'),
    dict(type='PackSegInputs'),
]
tta_model = dict(type='SegTTAModel')
tta_pipeline = None
val_cfg = dict(type='ValLoop')
val_dataloader = dict(
    batch_size=1,
    dataset=dict(
        data_prefix=dict(
            img_path='images/val', seg_map_path='annotations_binary/val'),
        data_root='data/cbis/cbis-linked',
        pipeline=[
            dict(type='LoadImageFromFile'),
            dict(keep_ratio=True, scale=(
                512,
                512,
            ), type='Resize'),
            dict(reduce_zero_label=False, type='LoadAnnotations'),
            dict(type='PackSegInputs'),
        ],
        type='CBISBinaryDataset'),
    num_workers=4,
    persistent_workers=True,
    sampler=dict(shuffle=False, type='DefaultSampler'))
val_evaluator = dict(
    iou_metrics=[
        'mIoU',
    ], type='IoUMetric')
val_pipeline = [
    dict(type='LoadImageFromFile'),
    dict(keep_ratio=True, scale=(
        512,
        512,
    ), type='Resize'),
    dict(reduce_zero_label=False, type='LoadAnnotations'),
    dict(type='PackSegInputs'),
]
vis_backends = [
    dict(type='LocalVisBackend'),
]
visualizer = dict(
    name='visualizer',
    type='SegLocalVisualizer',
    vis_backends=[
        dict(type='LocalVisBackend'),
    ])
work_dir = './work_dirs/setrvpt_vit-l_pup_8xb2-160k_cbis-ddsm-binary-512x512'

/home/s1952889/final-project/implementation/mmsegmentation/mmseg/models/decode_heads/decode_head.py:120: UserWarning: For binary segmentation, we suggest using`out_channels = 1` to define the outputchannels of segmentor, and use `threshold`to convert `seg_logits` into a predictionapplying a threshold
  warnings.warn('For binary segmentation, we suggest using'
/home/s1952889/final-project/implementation/mmsegmentation/mmseg/models/builder.py:36: UserWarning: ``build_loss`` would be deprecated soon, please use ``mmseg.registry.MODELS.build()`` 
  warnings.warn('``build_loss`` would be deprecated soon, please use '
/home/s1952889/final-project/implementation/mmsegmentation/mmseg/models/losses/cross_entropy_loss.py:253: UserWarning: Default ``avg_non_ignore`` is False, if you would like to ignore the certain label and average loss over non-ignore labels, which is the same with PyTorch official cross_entropy, set ``avg_non_ignore=True``.
  warnings.warn(
01/14 15:01:20 - mmengine - INFO - Total parameters: 309508610
01/14 15:01:20 - mmengine - INFO - Trainable parameters: 5362178
01/14 15:01:20 - mmengine - INFO - Distributed training is not used, all SyncBatchNorm (SyncBN) layers in the model will be automatically reverted to BatchNormXd layers if they are used.
/home/s1952889/final-project/implementation/mmsegmentation/mmseg/engine/hooks/visualization_hook.py:61: UserWarning: The draw is False, it means that the hook for visualization will not take effect. The results will NOT be visualized or stored.
  warnings.warn('The draw is False, it means that the '
01/14 15:01:21 - mmengine - INFO - Hooks will be executed in the following order:
before_run:
(VERY_HIGH   ) RuntimeInfoHook                    
(BELOW_NORMAL) LoggerHook                         
 -------------------- 
before_train:
(VERY_HIGH   ) RuntimeInfoHook                    
(NORMAL      ) IterTimerHook                      
(VERY_LOW    ) CheckpointHook                     
 -------------------- 
before_train_epoch:
(VERY_HIGH   ) RuntimeInfoHook                    
(NORMAL      ) IterTimerHook                      
(NORMAL      ) DistSamplerSeedHook                
 -------------------- 
before_train_iter:
(VERY_HIGH   ) RuntimeInfoHook                    
(NORMAL      ) IterTimerHook                      
 -------------------- 
after_train_iter:
(VERY_HIGH   ) RuntimeInfoHook                    
(NORMAL      ) IterTimerHook                      
(NORMAL      ) SegVisualizationHook               
(BELOW_NORMAL) LoggerHook                         
(LOW         ) ParamSchedulerHook                 
(VERY_LOW    ) CheckpointHook                     
 -------------------- 
after_train_epoch:
(NORMAL      ) IterTimerHook                      
(LOW         ) ParamSchedulerHook                 
(VERY_LOW    ) CheckpointHook                     
 -------------------- 
before_val:
(VERY_HIGH   ) RuntimeInfoHook                    
 -------------------- 
before_val_epoch:
(NORMAL      ) IterTimerHook                      
 -------------------- 
before_val_iter:
(NORMAL      ) IterTimerHook                      
 -------------------- 
after_val_iter:
(NORMAL      ) IterTimerHook                      
(NORMAL      ) SegVisualizationHook               
(BELOW_NORMAL) LoggerHook                         
 -------------------- 
after_val_epoch:
(VERY_HIGH   ) RuntimeInfoHook                    
(NORMAL      ) IterTimerHook                      
(BELOW_NORMAL) LoggerHook                         
(LOW         ) ParamSchedulerHook                 
(VERY_LOW    ) CheckpointHook                     
 -------------------- 
after_val:
(VERY_HIGH   ) RuntimeInfoHook                    
 -------------------- 
after_train:
(VERY_HIGH   ) RuntimeInfoHook                    
(VERY_LOW    ) CheckpointHook                     
 -------------------- 
before_test:
(VERY_HIGH   ) RuntimeInfoHook                    
 -------------------- 
before_test_epoch:
(NORMAL      ) IterTimerHook                      
 -------------------- 
before_test_iter:
(NORMAL      ) IterTimerHook                      
 -------------------- 
after_test_iter:
(NORMAL      ) IterTimerHook                      
(NORMAL      ) SegVisualizationHook               
(BELOW_NORMAL) LoggerHook                         
 -------------------- 
after_test_epoch:
(VERY_HIGH   ) RuntimeInfoHook                    
(NORMAL      ) IterTimerHook                      
(BELOW_NORMAL) LoggerHook                         
 -------------------- 
after_test:
(VERY_HIGH   ) RuntimeInfoHook                    
 -------------------- 
after_run:
(BELOW_NORMAL) LoggerHook                         
 -------------------- 
/home/s1952889/final-project/implementation/mmsegmentation/mmseg/datasets/transforms/loading.py:83: UserWarning: `reduce_zero_label` will be deprecated, if you would like to ignore the zero label, please set `reduce_zero_label=True` when dataset initialized
  warnings.warn('`reduce_zero_label` will be deprecated, '
01/14 15:01:23 - mmengine - INFO - paramwise_options -- decode_head.conv_seg.weight:lr=0.0005
01/14 15:01:23 - mmengine - INFO - paramwise_options -- decode_head.conv_seg.weight:weight_decay=0.001
01/14 15:01:23 - mmengine - INFO - paramwise_options -- decode_head.conv_seg.weight:lr_mult=1.0
01/14 15:01:23 - mmengine - INFO - paramwise_options -- decode_head.conv_seg.bias:lr=0.0005
01/14 15:01:23 - mmengine - INFO - paramwise_options -- decode_head.conv_seg.bias:weight_decay=0.001
01/14 15:01:23 - mmengine - INFO - paramwise_options -- decode_head.conv_seg.bias:lr_mult=1.0
01/14 15:01:23 - mmengine - INFO - paramwise_options -- decode_head.norm.weight:lr=0.0005
01/14 15:01:23 - mmengine - INFO - paramwise_options -- decode_head.norm.weight:weight_decay=0.001
01/14 15:01:23 - mmengine - INFO - paramwise_options -- decode_head.norm.weight:lr_mult=1.0
01/14 15:01:23 - mmengine - INFO - paramwise_options -- decode_head.norm.bias:lr=0.0005
01/14 15:01:23 - mmengine - INFO - paramwise_options -- decode_head.norm.bias:weight_decay=0.001
01/14 15:01:23 - mmengine - INFO - paramwise_options -- decode_head.norm.bias:lr_mult=1.0
01/14 15:01:23 - mmengine - INFO - paramwise_options -- decode_head.up_convs.0.0.conv.weight:lr=0.0005
01/14 15:01:23 - mmengine - INFO - paramwise_options -- decode_head.up_convs.0.0.conv.weight:weight_decay=0.001
01/14 15:01:23 - mmengine - INFO - paramwise_options -- decode_head.up_convs.0.0.conv.weight:lr_mult=1.0
01/14 15:01:23 - mmengine - INFO - paramwise_options -- decode_head.up_convs.0.0.bn.weight:lr=0.0005
01/14 15:01:23 - mmengine - INFO - paramwise_options -- decode_head.up_convs.0.0.bn.weight:weight_decay=0.001
01/14 15:01:23 - mmengine - INFO - paramwise_options -- decode_head.up_convs.0.0.bn.weight:lr_mult=1.0
01/14 15:01:23 - mmengine - INFO - paramwise_options -- decode_head.up_convs.0.0.bn.bias:lr=0.0005
01/14 15:01:23 - mmengine - INFO - paramwise_options -- decode_head.up_convs.0.0.bn.bias:weight_decay=0.001
01/14 15:01:23 - mmengine - INFO - paramwise_options -- decode_head.up_convs.0.0.bn.bias:lr_mult=1.0
01/14 15:01:23 - mmengine - INFO - paramwise_options -- decode_head.up_convs.1.0.conv.weight:lr=0.0005
01/14 15:01:23 - mmengine - INFO - paramwise_options -- decode_head.up_convs.1.0.conv.weight:weight_decay=0.001
01/14 15:01:23 - mmengine - INFO - paramwise_options -- decode_head.up_convs.1.0.conv.weight:lr_mult=1.0
01/14 15:01:23 - mmengine - INFO - paramwise_options -- decode_head.up_convs.1.0.bn.weight:lr=0.0005
01/14 15:01:23 - mmengine - INFO - paramwise_options -- decode_head.up_convs.1.0.bn.weight:weight_decay=0.001
01/14 15:01:23 - mmengine - INFO - paramwise_options -- decode_head.up_convs.1.0.bn.weight:lr_mult=1.0
01/14 15:01:23 - mmengine - INFO - paramwise_options -- decode_head.up_convs.1.0.bn.bias:lr=0.0005
01/14 15:01:23 - mmengine - INFO - paramwise_options -- decode_head.up_convs.1.0.bn.bias:weight_decay=0.001
01/14 15:01:23 - mmengine - INFO - paramwise_options -- decode_head.up_convs.1.0.bn.bias:lr_mult=1.0
01/14 15:01:23 - mmengine - INFO - paramwise_options -- decode_head.up_convs.2.0.conv.weight:lr=0.0005
01/14 15:01:23 - mmengine - INFO - paramwise_options -- decode_head.up_convs.2.0.conv.weight:weight_decay=0.001
01/14 15:01:23 - mmengine - INFO - paramwise_options -- decode_head.up_convs.2.0.conv.weight:lr_mult=1.0
01/14 15:01:23 - mmengine - INFO - paramwise_options -- decode_head.up_convs.2.0.bn.weight:lr=0.0005
01/14 15:01:23 - mmengine - INFO - paramwise_options -- decode_head.up_convs.2.0.bn.weight:weight_decay=0.001
01/14 15:01:23 - mmengine - INFO - paramwise_options -- decode_head.up_convs.2.0.bn.weight:lr_mult=1.0
01/14 15:01:23 - mmengine - INFO - paramwise_options -- decode_head.up_convs.2.0.bn.bias:lr=0.0005
01/14 15:01:23 - mmengine - INFO - paramwise_options -- decode_head.up_convs.2.0.bn.bias:weight_decay=0.001
01/14 15:01:23 - mmengine - INFO - paramwise_options -- decode_head.up_convs.2.0.bn.bias:lr_mult=1.0
01/14 15:01:23 - mmengine - INFO - paramwise_options -- decode_head.up_convs.3.0.conv.weight:lr=0.0005
01/14 15:01:23 - mmengine - INFO - paramwise_options -- decode_head.up_convs.3.0.conv.weight:weight_decay=0.001
01/14 15:01:23 - mmengine - INFO - paramwise_options -- decode_head.up_convs.3.0.conv.weight:lr_mult=1.0
01/14 15:01:23 - mmengine - INFO - paramwise_options -- decode_head.up_convs.3.0.bn.weight:lr=0.0005
01/14 15:01:23 - mmengine - INFO - paramwise_options -- decode_head.up_convs.3.0.bn.weight:weight_decay=0.001
01/14 15:01:23 - mmengine - INFO - paramwise_options -- decode_head.up_convs.3.0.bn.weight:lr_mult=1.0
01/14 15:01:23 - mmengine - INFO - paramwise_options -- decode_head.up_convs.3.0.bn.bias:lr=0.0005
01/14 15:01:23 - mmengine - INFO - paramwise_options -- decode_head.up_convs.3.0.bn.bias:weight_decay=0.001
01/14 15:01:23 - mmengine - INFO - paramwise_options -- decode_head.up_convs.3.0.bn.bias:lr_mult=1.0
01/14 15:01:23 - mmengine - WARNING - The prefix is not set in metric class IoUMetric.
Loads checkpoint by local backend from path: pretrain/vit_large_p16.pth
Resize the pos_embed shape from torch.Size([1, 577, 1024]) to torch.Size([1, 1025, 1024])
The model and loaded state dict do not match exactly

unexpected key in source state_dict: ln1.bias, ln1.weight, patch_embed.projection.bias

missing keys in source state_dict: prompt_embeddings

01/14 15:01:38 - mmengine - WARNING - "FileClient" will be deprecated in future. Please use io functions in https://mmengine.readthedocs.io/en/latest/api/fileio.html#file-io
01/14 15:01:38 - mmengine - WARNING - "HardDiskBackend" is the alias of "LocalBackend" and the former will be deprecated in future.
01/14 15:01:38 - mmengine - INFO - Checkpoints will be saved to /home/s1952889/final-project/implementation/mmsegmentation/work_dirs/setrvpt_vit-l_pup_8xb2-160k_cbis-ddsm-binary-512x512/20240114_150055.
01/14 15:02:22 - mmengine - INFO - Iter(train) [    50/160000]  base_lr: 4.9989e-04 lr: 4.9989e-04  eta: 1 day, 14:30:39  time: 0.8349  data_time: 0.0084  memory: 20910  loss: 0.5022  decode.loss_ce: 0.5022  decode.acc_seg: 76.2037
01/14 15:03:04 - mmengine - INFO - Iter(train) [   100/160000]  base_lr: 4.9978e-04 lr: 4.9978e-04  eta: 1 day, 13:51:28  time: 0.8401  data_time: 0.0091  memory: 19671  loss: 0.4788  decode.loss_ce: 0.4788  decode.acc_seg: 83.5216
01/14 15:03:46 - mmengine - INFO - Iter(train) [   150/160000]  base_lr: 4.9966e-04 lr: 4.9966e-04  eta: 1 day, 13:39:40  time: 0.8398  data_time: 0.0075  memory: 19672  loss: 0.4040  decode.loss_ce: 0.4040  decode.acc_seg: 84.1730
01/14 15:04:28 - mmengine - INFO - Iter(train) [   200/160000]  base_lr: 4.9955e-04 lr: 4.9955e-04  eta: 1 day, 13:33:37  time: 0.8397  data_time: 0.0076  memory: 19671  loss: 0.3618  decode.loss_ce: 0.3618  decode.acc_seg: 88.2281
01/14 15:05:10 - mmengine - INFO - Iter(train) [   250/160000]  base_lr: 4.9944e-04 lr: 4.9944e-04  eta: 1 day, 13:29:54  time: 0.8416  data_time: 0.0074  memory: 19672  loss: 0.3923  decode.loss_ce: 0.3923  decode.acc_seg: 88.4847
01/14 15:05:52 - mmengine - INFO - Iter(train) [   300/160000]  base_lr: 4.9933e-04 lr: 4.9933e-04  eta: 1 day, 13:27:21  time: 0.8412  data_time: 0.0076  memory: 19671  loss: 0.4470  decode.loss_ce: 0.4470  decode.acc_seg: 84.2112
01/14 15:06:34 - mmengine - INFO - Iter(train) [   350/160000]  base_lr: 4.9921e-04 lr: 4.9921e-04  eta: 1 day, 13:25:17  time: 0.8403  data_time: 0.0074  memory: 19671  loss: 0.3654  decode.loss_ce: 0.3654  decode.acc_seg: 80.2686
01/14 15:07:16 - mmengine - INFO - Iter(train) [   400/160000]  base_lr: 4.9910e-04 lr: 4.9910e-04  eta: 1 day, 13:23:34  time: 0.8417  data_time: 0.0074  memory: 19671  loss: 0.3766  decode.loss_ce: 0.3766  decode.acc_seg: 83.1018
01/14 15:07:58 - mmengine - INFO - Iter(train) [   450/160000]  base_lr: 4.9899e-04 lr: 4.9899e-04  eta: 1 day, 13:22:14  time: 0.8424  data_time: 0.0072  memory: 19671  loss: 0.3692  decode.loss_ce: 0.3692  decode.acc_seg: 90.9586
01/14 15:08:40 - mmengine - INFO - Iter(train) [   500/160000]  base_lr: 4.9888e-04 lr: 4.9888e-04  eta: 1 day, 13:21:15  time: 0.8419  data_time: 0.0074  memory: 19672  loss: 0.3089  decode.loss_ce: 0.3089  decode.acc_seg: 89.6023
01/14 15:09:22 - mmengine - INFO - Iter(train) [   550/160000]  base_lr: 4.9876e-04 lr: 4.9876e-04  eta: 1 day, 13:20:28  time: 0.8430  data_time: 0.0080  memory: 19671  loss: 0.4329  decode.loss_ce: 0.4329  decode.acc_seg: 85.5955
01/14 15:09:25 - mmengine - INFO - Exp name: setrvpt_vit-l_pup_8xb2-160k_cbis-ddsm-binary-512x512_20240114_150055
01/14 15:10:04 - mmengine - INFO - Iter(train) [   600/160000]  base_lr: 4.9865e-04 lr: 4.9865e-04  eta: 1 day, 13:19:45  time: 0.8435  data_time: 0.0081  memory: 19671  loss: 0.4149  decode.loss_ce: 0.4149  decode.acc_seg: 84.6849
01/14 15:10:46 - mmengine - INFO - Iter(train) [   650/160000]  base_lr: 4.9854e-04 lr: 4.9854e-04  eta: 1 day, 13:19:00  time: 0.8436  data_time: 0.0081  memory: 19671  loss: 0.3567  decode.loss_ce: 0.3567  decode.acc_seg: 84.9593
01/14 15:11:29 - mmengine - INFO - Iter(train) [   700/160000]  base_lr: 4.9843e-04 lr: 4.9843e-04  eta: 1 day, 13:18:16  time: 0.8427  data_time: 0.0078  memory: 19672  loss: 0.3613  decode.loss_ce: 0.3613  decode.acc_seg: 79.8331
01/14 15:12:11 - mmengine - INFO - Iter(train) [   750/160000]  base_lr: 4.9831e-04 lr: 4.9831e-04  eta: 1 day, 13:17:30  time: 0.8433  data_time: 0.0078  memory: 19671  loss: 0.3720  decode.loss_ce: 0.3720  decode.acc_seg: 79.8372
01/14 15:12:53 - mmengine - INFO - Iter(train) [   800/160000]  base_lr: 4.9820e-04 lr: 4.9820e-04  eta: 1 day, 13:16:45  time: 0.8423  data_time: 0.0078  memory: 19672  loss: 0.3673  decode.loss_ce: 0.3673  decode.acc_seg: 83.0839
01/14 15:13:35 - mmengine - INFO - Iter(train) [   850/160000]  base_lr: 4.9809e-04 lr: 4.9809e-04  eta: 1 day, 13:16:01  time: 0.8422  data_time: 0.0080  memory: 19671  loss: 0.3271  decode.loss_ce: 0.3271  decode.acc_seg: 87.2538
01/14 15:14:17 - mmengine - INFO - Iter(train) [   900/160000]  base_lr: 4.9798e-04 lr: 4.9798e-04  eta: 1 day, 13:15:16  time: 0.8425  data_time: 0.0079  memory: 19671  loss: 0.3246  decode.loss_ce: 0.3246  decode.acc_seg: 87.8485
01/14 15:14:59 - mmengine - INFO - Iter(train) [   950/160000]  base_lr: 4.9786e-04 lr: 4.9786e-04  eta: 1 day, 13:14:32  time: 0.8425  data_time: 0.0080  memory: 19672  loss: 0.3579  decode.loss_ce: 0.3579  decode.acc_seg: 84.9144
01/14 15:15:41 - mmengine - INFO - Exp name: setrvpt_vit-l_pup_8xb2-160k_cbis-ddsm-binary-512x512_20240114_150055
01/14 15:15:41 - mmengine - INFO - Iter(train) [  1000/160000]  base_lr: 4.9775e-04 lr: 4.9775e-04  eta: 1 day, 13:13:48  time: 0.8424  data_time: 0.0079  memory: 19671  loss: 0.3233  decode.loss_ce: 0.3233  decode.acc_seg: 82.4114
01/14 15:16:24 - mmengine - INFO - Iter(train) [  1050/160000]  base_lr: 4.9764e-04 lr: 4.9764e-04  eta: 1 day, 13:13:07  time: 0.8426  data_time: 0.0079  memory: 19672  loss: 0.3778  decode.loss_ce: 0.3778  decode.acc_seg: 88.1229
01/14 15:17:06 - mmengine - INFO - Iter(train) [  1100/160000]  base_lr: 4.9753e-04 lr: 4.9753e-04  eta: 1 day, 13:12:22  time: 0.8433  data_time: 0.0079  memory: 19671  loss: 0.4079  decode.loss_ce: 0.4079  decode.acc_seg: 80.6212
01/14 15:17:48 - mmengine - INFO - Iter(train) [  1150/160000]  base_lr: 4.9741e-04 lr: 4.9741e-04  eta: 1 day, 13:11:37  time: 0.8425  data_time: 0.0077  memory: 19672  loss: 0.3928  decode.loss_ce: 0.3928  decode.acc_seg: 86.6260
01/14 15:18:30 - mmengine - INFO - Iter(train) [  1200/160000]  base_lr: 4.9730e-04 lr: 4.9730e-04  eta: 1 day, 13:10:55  time: 0.8431  data_time: 0.0081  memory: 19671  loss: 0.3990  decode.loss_ce: 0.3990  decode.acc_seg: 85.8845
01/14 15:19:12 - mmengine - INFO - Iter(train) [  1250/160000]  base_lr: 4.9719e-04 lr: 4.9719e-04  eta: 1 day, 13:10:10  time: 0.8426  data_time: 0.0080  memory: 19671  loss: 0.3370  decode.loss_ce: 0.3370  decode.acc_seg: 88.8960
01/14 15:19:54 - mmengine - INFO - Iter(train) [  1300/160000]  base_lr: 4.9708e-04 lr: 4.9708e-04  eta: 1 day, 13:09:27  time: 0.8426  data_time: 0.0079  memory: 19672  loss: 0.2914  decode.loss_ce: 0.2914  decode.acc_seg: 90.1931
01/14 15:20:36 - mmengine - INFO - Iter(train) [  1350/160000]  base_lr: 4.9696e-04 lr: 4.9696e-04  eta: 1 day, 13:08:42  time: 0.8419  data_time: 0.0081  memory: 19671  loss: 0.4019  decode.loss_ce: 0.4019  decode.acc_seg: 81.1225
01/14 15:21:18 - mmengine - INFO - Iter(train) [  1400/160000]  base_lr: 4.9685e-04 lr: 4.9685e-04  eta: 1 day, 13:07:56  time: 0.8427  data_time: 0.0079  memory: 19671  loss: 0.3440  decode.loss_ce: 0.3440  decode.acc_seg: 89.5402
01/14 15:22:01 - mmengine - INFO - Iter(train) [  1450/160000]  base_lr: 4.9674e-04 lr: 4.9674e-04  eta: 1 day, 13:07:11  time: 0.8415  data_time: 0.0078  memory: 19672  loss: 0.3696  decode.loss_ce: 0.3696  decode.acc_seg: 80.2883
01/14 15:22:43 - mmengine - INFO - Iter(train) [  1500/160000]  base_lr: 4.9663e-04 lr: 4.9663e-04  eta: 1 day, 13:06:25  time: 0.8417  data_time: 0.0079  memory: 19672  loss: 0.3386  decode.loss_ce: 0.3386  decode.acc_seg: 86.1988
01/14 15:23:25 - mmengine - INFO - Iter(train) [  1550/160000]  base_lr: 4.9651e-04 lr: 4.9651e-04  eta: 1 day, 13:05:43  time: 0.8425  data_time: 0.0078  memory: 19672  loss: 0.3086  decode.loss_ce: 0.3086  decode.acc_seg: 80.0314
01/14 15:24:07 - mmengine - INFO - Iter(train) [  1600/160000]  base_lr: 4.9640e-04 lr: 4.9640e-04  eta: 1 day, 13:04:58  time: 0.8427  data_time: 0.0079  memory: 19672  loss: 0.3523  decode.loss_ce: 0.3523  decode.acc_seg: 83.4967
01/14 15:24:49 - mmengine - INFO - Iter(train) [  1650/160000]  base_lr: 4.9629e-04 lr: 4.9629e-04  eta: 1 day, 13:04:15  time: 0.8423  data_time: 0.0078  memory: 19671  loss: 0.3721  decode.loss_ce: 0.3721  decode.acc_seg: 86.2614
01/14 15:25:31 - mmengine - INFO - Iter(train) [  1700/160000]  base_lr: 4.9618e-04 lr: 4.9618e-04  eta: 1 day, 13:03:32  time: 0.8426  data_time: 0.0078  memory: 19671  loss: 0.3796  decode.loss_ce: 0.3796  decode.acc_seg: 82.1860
01/14 15:26:13 - mmengine - INFO - Iter(train) [  1750/160000]  base_lr: 4.9606e-04 lr: 4.9606e-04  eta: 1 day, 13:02:47  time: 0.8422  data_time: 0.0081  memory: 19671  loss: 0.3738  decode.loss_ce: 0.3738  decode.acc_seg: 90.7127
01/14 15:26:55 - mmengine - INFO - Iter(train) [  1800/160000]  base_lr: 4.9595e-04 lr: 4.9595e-04  eta: 1 day, 13:01:59  time: 0.8413  data_time: 0.0079  memory: 19672  loss: 0.3747  decode.loss_ce: 0.3747  decode.acc_seg: 86.0305
01/14 15:27:37 - mmengine - INFO - Iter(train) [  1850/160000]  base_lr: 4.9584e-04 lr: 4.9584e-04  eta: 1 day, 13:01:13  time: 0.8419  data_time: 0.0080  memory: 19671  loss: 0.3617  decode.loss_ce: 0.3617  decode.acc_seg: 75.5837
01/14 15:28:20 - mmengine - INFO - Iter(train) [  1900/160000]  base_lr: 4.9572e-04 lr: 4.9572e-04  eta: 1 day, 13:00:27  time: 0.8410  data_time: 0.0078  memory: 19671  loss: 0.3959  decode.loss_ce: 0.3959  decode.acc_seg: 79.9904
01/14 15:29:02 - mmengine - INFO - Iter(train) [  1950/160000]  base_lr: 4.9561e-04 lr: 4.9561e-04  eta: 1 day, 12:59:41  time: 0.8415  data_time: 0.0078  memory: 19671  loss: 0.3883  decode.loss_ce: 0.3883  decode.acc_seg: 84.0108
01/14 15:29:44 - mmengine - INFO - Exp name: setrvpt_vit-l_pup_8xb2-160k_cbis-ddsm-binary-512x512_20240114_150055
01/14 15:29:44 - mmengine - INFO - Iter(train) [  2000/160000]  base_lr: 4.9550e-04 lr: 4.9550e-04  eta: 1 day, 12:58:55  time: 0.8415  data_time: 0.0079  memory: 19672  loss: 0.3693  decode.loss_ce: 0.3693  decode.acc_seg: 88.5545
01/14 15:30:26 - mmengine - INFO - Iter(train) [  2050/160000]  base_lr: 4.9539e-04 lr: 4.9539e-04  eta: 1 day, 12:58:08  time: 0.8417  data_time: 0.0079  memory: 19671  loss: 0.3409  decode.loss_ce: 0.3409  decode.acc_seg: 76.4192
01/14 15:31:08 - mmengine - INFO - Iter(train) [  2100/160000]  base_lr: 4.9527e-04 lr: 4.9527e-04  eta: 1 day, 12:57:21  time: 0.8417  data_time: 0.0073  memory: 19671  loss: 0.3524  decode.loss_ce: 0.3524  decode.acc_seg: 84.4482
01/14 15:31:50 - mmengine - INFO - Iter(train) [  2150/160000]  base_lr: 4.9516e-04 lr: 4.9516e-04  eta: 1 day, 12:56:33  time: 0.8406  data_time: 0.0074  memory: 19672  loss: 0.3855  decode.loss_ce: 0.3855  decode.acc_seg: 84.3544
01/14 15:32:32 - mmengine - INFO - Iter(train) [  2200/160000]  base_lr: 4.9505e-04 lr: 4.9505e-04  eta: 1 day, 12:55:46  time: 0.8406  data_time: 0.0074  memory: 19671  loss: 0.3927  decode.loss_ce: 0.3927  decode.acc_seg: 81.5549
01/14 15:33:14 - mmengine - INFO - Iter(train) [  2250/160000]  base_lr: 4.9494e-04 lr: 4.9494e-04  eta: 1 day, 12:54:59  time: 0.8410  data_time: 0.0073  memory: 19671  loss: 0.3194  decode.loss_ce: 0.3194  decode.acc_seg: 83.1581
