/bin/bash: /home/s1952889/miniconda3/envs/prompt/lib/libtinfo.so.6: no version information available (required by /bin/bash)
10/23 13:14:02 - mmengine - INFO - 
------------------------------------------------------------
System environment:
    sys.platform: linux
    Python: 3.10.13 (main, Sep 11 2023, 13:44:35) [GCC 11.2.0]
    CUDA available: True
    numpy_random_seed: 2222236
    GPU 0,1,2,3: NVIDIA A100-PCIE-40GB
    CUDA_HOME: None
    GCC: gcc (Ubuntu 9.4.0-1ubuntu1~20.04.2) 9.4.0
    PyTorch: 2.0.0
    PyTorch compiling details: PyTorch built with:
  - GCC 9.3
  - C++ Version: 201703
  - Intel(R) oneAPI Math Kernel Library Version 2023.1-Product Build 20230303 for Intel(R) 64 architecture applications
  - Intel(R) MKL-DNN v2.7.3 (Git Hash 6dbeffbae1f23cbbeae17adb7b5b13f1f37c080e)
  - OpenMP 201511 (a.k.a. OpenMP 4.5)
  - LAPACK is enabled (usually provided by MKL)
  - NNPACK is enabled
  - CPU capability usage: AVX2
  - CUDA Runtime 11.8
  - NVCC architecture flags: -gencode;arch=compute_37,code=sm_37;-gencode;arch=compute_50,code=sm_50;-gencode;arch=compute_60,code=sm_60;-gencode;arch=compute_61,code=sm_61;-gencode;arch=compute_70,code=sm_70;-gencode;arch=compute_75,code=sm_75;-gencode;arch=compute_80,code=sm_80;-gencode;arch=compute_86,code=sm_86;-gencode;arch=compute_90,code=sm_90;-gencode;arch=compute_37,code=compute_37
  - CuDNN 8.7
  - Magma 2.6.1
  - Build settings: BLAS_INFO=mkl, BUILD_TYPE=Release, CUDA_VERSION=11.8, CUDNN_VERSION=8.7.0, CXX_COMPILER=/opt/rh/devtoolset-9/root/usr/bin/c++, CXX_FLAGS= -D_GLIBCXX_USE_CXX11_ABI=0 -fabi-version=11 -Wno-deprecated -fvisibility-inlines-hidden -DUSE_PTHREADPOOL -DNDEBUG -DUSE_KINETO -DLIBKINETO_NOROCTRACER -DUSE_FBGEMM -DUSE_QNNPACK -DUSE_PYTORCH_QNNPACK -DUSE_XNNPACK -DSYMBOLICATE_MOBILE_DEBUG_HANDLE -O2 -fPIC -Wall -Wextra -Werror=return-type -Werror=non-virtual-dtor -Werror=bool-operation -Wnarrowing -Wno-missing-field-initializers -Wno-type-limits -Wno-array-bounds -Wno-unknown-pragmas -Wunused-local-typedefs -Wno-unused-parameter -Wno-unused-function -Wno-unused-result -Wno-strict-overflow -Wno-strict-aliasing -Wno-error=deprecated-declarations -Wno-stringop-overflow -Wno-psabi -Wno-error=pedantic -Wno-error=redundant-decls -Wno-error=old-style-cast -fdiagnostics-color=always -faligned-new -Wno-unused-but-set-variable -Wno-maybe-uninitialized -fno-math-errno -fno-trapping-math -Werror=format -Werror=cast-function-type -Wno-stringop-overflow, LAPACK_INFO=mkl, PERF_WITH_AVX=1, PERF_WITH_AVX2=1, PERF_WITH_AVX512=1, TORCH_DISABLE_GPU_ASSERTS=ON, TORCH_VERSION=2.0.0, USE_CUDA=ON, USE_CUDNN=ON, USE_EXCEPTION_PTR=1, USE_GFLAGS=OFF, USE_GLOG=OFF, USE_MKL=ON, USE_MKLDNN=ON, USE_MPI=OFF, USE_NCCL=ON, USE_NNPACK=ON, USE_OPENMP=ON, USE_ROCM=OFF, 

    TorchVision: 0.15.0
    OpenCV: 4.8.1
    MMEngine: 0.9.0

Runtime environment:
    cudnn_benchmark: True
    mp_cfg: {'mp_start_method': 'fork', 'opencv_num_threads': 0}
    dist_cfg: {'backend': 'nccl'}
    seed: 2222236
    Distributed launcher: none
    Distributed training: False
    GPU number: 1
------------------------------------------------------------

10/23 13:14:03 - mmengine - INFO - Config:
backbone_norm_cfg = dict(eps=1e-06, requires_grad=True, type='LN')
crop_size = (
    512,
    512,
)
data_preprocessor = dict(
    bgr_to_rgb=True,
    mean=[
        123.675,
        116.28,
        103.53,
    ],
    pad_val=0,
    seg_pad_val=255,
    size=(
        512,
        512,
    ),
    std=[
        58.395,
        57.12,
        57.375,
    ],
    type='SegDataPreProcessor')
data_root = 'data/ade/ADEChallengeData2016'
dataset_type = 'ADE20KDataset'
default_hooks = dict(
    checkpoint=dict(by_epoch=False, interval=16000, type='CheckpointHook'),
    logger=dict(interval=50, log_metric_by_epoch=False, type='LoggerHook'),
    param_scheduler=dict(type='ParamSchedulerHook'),
    sampler_seed=dict(type='DistSamplerSeedHook'),
    timer=dict(type='IterTimerHook'),
    visualization=dict(type='SegVisualizationHook'))
default_scope = 'mmseg'
env_cfg = dict(
    cudnn_benchmark=True,
    dist_cfg=dict(backend='nccl'),
    mp_cfg=dict(mp_start_method='fork', opencv_num_threads=0))
img_ratios = [
    0.5,
    0.75,
    1.0,
    1.25,
    1.5,
    1.75,
]
launcher = 'none'
load_from = None
log_level = 'INFO'
log_processor = dict(by_epoch=False)
model = dict(
    auxiliary_head=[
        dict(
            act_cfg=dict(type='ReLU'),
            align_corners=False,
            channels=256,
            dropout_ratio=0,
            in_channels=1024,
            in_index=0,
            kernel_size=3,
            loss_decode=dict(
                loss_weight=0.4, type='CrossEntropyLoss', use_sigmoid=False),
            norm_cfg=dict(requires_grad=True, type='SyncBN'),
            num_classes=150,
            num_convs=2,
            type='SETRUPHead'),
        dict(
            act_cfg=dict(type='ReLU'),
            align_corners=False,
            channels=256,
            dropout_ratio=0,
            in_channels=1024,
            in_index=1,
            kernel_size=3,
            loss_decode=dict(
                loss_weight=0.4, type='CrossEntropyLoss', use_sigmoid=False),
            norm_cfg=dict(requires_grad=True, type='SyncBN'),
            num_classes=150,
            num_convs=2,
            type='SETRUPHead'),
        dict(
            act_cfg=dict(type='ReLU'),
            align_corners=False,
            channels=256,
            dropout_ratio=0,
            in_channels=1024,
            in_index=2,
            kernel_size=3,
            loss_decode=dict(
                loss_weight=0.4, type='CrossEntropyLoss', use_sigmoid=False),
            norm_cfg=dict(requires_grad=True, type='SyncBN'),
            num_classes=150,
            num_convs=2,
            type='SETRUPHead'),
    ],
    backbone=dict(
        drop_rate=0.0,
        embed_dims=1024,
        img_size=(
            512,
            512,
        ),
        in_channels=3,
        init_cfg=dict(
            checkpoint='pretrain/vit_large_p16.pth', type='Pretrained'),
        interpolate_mode='bilinear',
        norm_cfg=dict(eps=1e-06, requires_grad=True, type='LN'),
        num_heads=16,
        num_layers=24,
        out_indices=(
            9,
            14,
            19,
            23,
        ),
        patch_size=16,
        type='VisionTransformer',
        with_cls_token=True),
    data_preprocessor=dict(
        bgr_to_rgb=True,
        mean=[
            123.675,
            116.28,
            103.53,
        ],
        pad_val=0,
        seg_pad_val=255,
        size=(
            512,
            512,
        ),
        std=[
            58.395,
            57.12,
            57.375,
        ],
        type='SegDataPreProcessor'),
    decode_head=dict(
        align_corners=False,
        channels=256,
        dropout_ratio=0,
        in_channels=1024,
        in_index=3,
        kernel_size=3,
        loss_decode=dict(
            loss_weight=1.0, type='CrossEntropyLoss', use_sigmoid=False),
        norm_cfg=dict(requires_grad=True, type='SyncBN'),
        num_classes=150,
        num_convs=4,
        type='SETRUPHead',
        up_scale=2),
    pretrained=None,
    test_cfg=dict(crop_size=(
        512,
        512,
    ), mode='slide', stride=(
        341,
        341,
    )),
    train_cfg=dict(),
    type='EncoderDecoder')
norm_cfg = dict(requires_grad=True, type='SyncBN')
optim_wrapper = dict(
    clip_grad=None,
    optimizer=dict(lr=0.001, momentum=0.9, type='SGD', weight_decay=0.0),
    paramwise_cfg=dict(custom_keys=dict(head=dict(lr_mult=10.0))),
    type='OptimWrapper')
optimizer = dict(lr=0.001, momentum=0.9, type='SGD', weight_decay=0.0)
param_scheduler = [
    dict(
        begin=0,
        by_epoch=False,
        end=160000,
        eta_min=0.0001,
        power=0.9,
        type='PolyLR'),
]
resume = False
test_cfg = dict(type='TestLoop')
test_dataloader = dict(
    batch_size=1,
    dataset=dict(
        data_prefix=dict(
            img_path='images/validation',
            seg_map_path='annotations/validation'),
        data_root='data/ade/ADEChallengeData2016',
        pipeline=[
            dict(type='LoadImageFromFile'),
            dict(keep_ratio=True, scale=(
                2048,
                512,
            ), type='Resize'),
            dict(reduce_zero_label=True, type='LoadAnnotations'),
            dict(type='PackSegInputs'),
        ],
        type='ADE20KDataset'),
    num_workers=4,
    persistent_workers=True,
    sampler=dict(shuffle=False, type='DefaultSampler'))
test_evaluator = dict(
    iou_metrics=[
        'mIoU',
    ], type='IoUMetric')
test_pipeline = [
    dict(type='LoadImageFromFile'),
    dict(keep_ratio=True, scale=(
        2048,
        512,
    ), type='Resize'),
    dict(reduce_zero_label=True, type='LoadAnnotations'),
    dict(type='PackSegInputs'),
]
train_cfg = dict(
    max_iters=160000, type='IterBasedTrainLoop', val_interval=16000)
train_dataloader = dict(
    batch_size=4,
    dataset=dict(
        data_prefix=dict(
            img_path='images/training', seg_map_path='annotations/training'),
        data_root='data/ade/ADEChallengeData2016',
        pipeline=[
            dict(type='LoadImageFromFile'),
            dict(reduce_zero_label=True, type='LoadAnnotations'),
            dict(
                keep_ratio=True,
                ratio_range=(
                    0.5,
                    2.0,
                ),
                scale=(
                    2048,
                    512,
                ),
                type='RandomResize'),
            dict(
                cat_max_ratio=0.75, crop_size=(
                    512,
                    512,
                ), type='RandomCrop'),
            dict(prob=0.5, type='RandomFlip'),
            dict(type='PhotoMetricDistortion'),
            dict(type='PackSegInputs'),
        ],
        type='ADE20KDataset'),
    num_workers=4,
    persistent_workers=True,
    sampler=dict(shuffle=True, type='InfiniteSampler'))
train_pipeline = [
    dict(type='LoadImageFromFile'),
    dict(reduce_zero_label=True, type='LoadAnnotations'),
    dict(
        keep_ratio=True,
        ratio_range=(
            0.5,
            2.0,
        ),
        scale=(
            2048,
            512,
        ),
        type='RandomResize'),
    dict(cat_max_ratio=0.75, crop_size=(
        512,
        512,
    ), type='RandomCrop'),
    dict(prob=0.5, type='RandomFlip'),
    dict(type='PhotoMetricDistortion'),
    dict(type='PackSegInputs'),
]
tta_model = dict(type='SegTTAModel')
tta_pipeline = [
    dict(backend_args=None, type='LoadImageFromFile'),
    dict(
        transforms=[
            [
                dict(keep_ratio=True, scale_factor=0.5, type='Resize'),
                dict(keep_ratio=True, scale_factor=0.75, type='Resize'),
                dict(keep_ratio=True, scale_factor=1.0, type='Resize'),
                dict(keep_ratio=True, scale_factor=1.25, type='Resize'),
                dict(keep_ratio=True, scale_factor=1.5, type='Resize'),
                dict(keep_ratio=True, scale_factor=1.75, type='Resize'),
            ],
            [
                dict(direction='horizontal', prob=0.0, type='RandomFlip'),
                dict(direction='horizontal', prob=1.0, type='RandomFlip'),
            ],
            [
                dict(type='LoadAnnotations'),
            ],
            [
                dict(type='PackSegInputs'),
            ],
        ],
        type='TestTimeAug'),
]
val_cfg = dict(type='ValLoop')
val_dataloader = dict(
    batch_size=1,
    dataset=dict(
        data_prefix=dict(
            img_path='images/validation',
            seg_map_path='annotations/validation'),
        data_root='data/ade/ADEChallengeData2016',
        pipeline=[
            dict(type='LoadImageFromFile'),
            dict(keep_ratio=True, scale=(
                2048,
                512,
            ), type='Resize'),
            dict(reduce_zero_label=True, type='LoadAnnotations'),
            dict(type='PackSegInputs'),
        ],
        type='ADE20KDataset'),
    num_workers=4,
    persistent_workers=True,
    sampler=dict(shuffle=False, type='DefaultSampler'))
val_evaluator = dict(
    iou_metrics=[
        'mIoU',
    ], type='IoUMetric')
vis_backends = [
    dict(type='LocalVisBackend'),
]
visualizer = dict(
    name='visualizer',
    type='SegLocalVisualizer',
    vis_backends=[
        dict(type='LocalVisBackend'),
    ])
work_dir = './work_dirs/setr_vit-l_pup_8xb2-160k_ade20k-512x512'

/home/s1952889/final-project/implementation/mmsegmentation/mmseg/models/builder.py:36: UserWarning: ``build_loss`` would be deprecated soon, please use ``mmseg.registry.MODELS.build()`` 
  warnings.warn('``build_loss`` would be deprecated soon, please use '
/home/s1952889/final-project/implementation/mmsegmentation/mmseg/models/losses/cross_entropy_loss.py:249: UserWarning: Default ``avg_non_ignore`` is False, if you would like to ignore the certain label and average loss over non-ignore labels, which is the same with PyTorch official cross_entropy, set ``avg_non_ignore=True``.
  warnings.warn(
10/23 13:14:21 - mmengine - INFO - Distributed training is not used, all SyncBatchNorm (SyncBN) layers in the model will be automatically reverted to BatchNormXd layers if they are used.
/home/s1952889/final-project/implementation/mmsegmentation/mmseg/engine/hooks/visualization_hook.py:61: UserWarning: The draw is False, it means that the hook for visualization will not take effect. The results will NOT be visualized or stored.
  warnings.warn('The draw is False, it means that the '
10/23 13:14:21 - mmengine - INFO - Hooks will be executed in the following order:
before_run:
(VERY_HIGH   ) RuntimeInfoHook                    
(BELOW_NORMAL) LoggerHook                         
 -------------------- 
before_train:
(VERY_HIGH   ) RuntimeInfoHook                    
(NORMAL      ) IterTimerHook                      
(VERY_LOW    ) CheckpointHook                     
 -------------------- 
before_train_epoch:
(VERY_HIGH   ) RuntimeInfoHook                    
(NORMAL      ) IterTimerHook                      
(NORMAL      ) DistSamplerSeedHook                
 -------------------- 
before_train_iter:
(VERY_HIGH   ) RuntimeInfoHook                    
(NORMAL      ) IterTimerHook                      
 -------------------- 
after_train_iter:
(VERY_HIGH   ) RuntimeInfoHook                    
(NORMAL      ) IterTimerHook                      
(NORMAL      ) SegVisualizationHook               
(BELOW_NORMAL) LoggerHook                         
(LOW         ) ParamSchedulerHook                 
(VERY_LOW    ) CheckpointHook                     
 -------------------- 
after_train_epoch:
(NORMAL      ) IterTimerHook                      
(LOW         ) ParamSchedulerHook                 
(VERY_LOW    ) CheckpointHook                     
 -------------------- 
before_val:
(VERY_HIGH   ) RuntimeInfoHook                    
 -------------------- 
before_val_epoch:
(NORMAL      ) IterTimerHook                      
 -------------------- 
before_val_iter:
(NORMAL      ) IterTimerHook                      
 -------------------- 
after_val_iter:
(NORMAL      ) IterTimerHook                      
(NORMAL      ) SegVisualizationHook               
(BELOW_NORMAL) LoggerHook                         
 -------------------- 
after_val_epoch:
(VERY_HIGH   ) RuntimeInfoHook                    
(NORMAL      ) IterTimerHook                      
(BELOW_NORMAL) LoggerHook                         
(LOW         ) ParamSchedulerHook                 
(VERY_LOW    ) CheckpointHook                     
 -------------------- 
after_val:
(VERY_HIGH   ) RuntimeInfoHook                    
 -------------------- 
after_train:
(VERY_HIGH   ) RuntimeInfoHook                    
(VERY_LOW    ) CheckpointHook                     
 -------------------- 
before_test:
(VERY_HIGH   ) RuntimeInfoHook                    
 -------------------- 
before_test_epoch:
(NORMAL      ) IterTimerHook                      
 -------------------- 
before_test_iter:
(NORMAL      ) IterTimerHook                      
 -------------------- 
after_test_iter:
(NORMAL      ) IterTimerHook                      
(NORMAL      ) SegVisualizationHook               
(BELOW_NORMAL) LoggerHook                         
 -------------------- 
after_test_epoch:
(VERY_HIGH   ) RuntimeInfoHook                    
(NORMAL      ) IterTimerHook                      
(BELOW_NORMAL) LoggerHook                         
 -------------------- 
after_test:
(VERY_HIGH   ) RuntimeInfoHook                    
 -------------------- 
after_run:
(BELOW_NORMAL) LoggerHook                         
 -------------------- 
/home/s1952889/final-project/implementation/mmsegmentation/mmseg/datasets/transforms/loading.py:83: UserWarning: `reduce_zero_label` will be deprecated, if you would like to ignore the zero label, please set `reduce_zero_label=True` when dataset initialized
  warnings.warn('`reduce_zero_label` will be deprecated, '
10/23 13:14:27 - mmengine - INFO - paramwise_options -- decode_head.conv_seg.weight:lr=0.01
10/23 13:14:27 - mmengine - INFO - paramwise_options -- decode_head.conv_seg.weight:weight_decay=0.0
10/23 13:14:27 - mmengine - INFO - paramwise_options -- decode_head.conv_seg.weight:lr_mult=10.0
10/23 13:14:27 - mmengine - INFO - paramwise_options -- decode_head.conv_seg.bias:lr=0.01
10/23 13:14:27 - mmengine - INFO - paramwise_options -- decode_head.conv_seg.bias:weight_decay=0.0
10/23 13:14:27 - mmengine - INFO - paramwise_options -- decode_head.conv_seg.bias:lr_mult=10.0
10/23 13:14:27 - mmengine - INFO - paramwise_options -- decode_head.norm.weight:lr=0.01
10/23 13:14:27 - mmengine - INFO - paramwise_options -- decode_head.norm.weight:weight_decay=0.0
10/23 13:14:27 - mmengine - INFO - paramwise_options -- decode_head.norm.weight:lr_mult=10.0
10/23 13:14:27 - mmengine - INFO - paramwise_options -- decode_head.norm.bias:lr=0.01
10/23 13:14:27 - mmengine - INFO - paramwise_options -- decode_head.norm.bias:weight_decay=0.0
10/23 13:14:27 - mmengine - INFO - paramwise_options -- decode_head.norm.bias:lr_mult=10.0
10/23 13:14:27 - mmengine - INFO - paramwise_options -- decode_head.up_convs.0.0.conv.weight:lr=0.01
10/23 13:14:27 - mmengine - INFO - paramwise_options -- decode_head.up_convs.0.0.conv.weight:weight_decay=0.0
10/23 13:14:27 - mmengine - INFO - paramwise_options -- decode_head.up_convs.0.0.conv.weight:lr_mult=10.0
10/23 13:14:27 - mmengine - INFO - paramwise_options -- decode_head.up_convs.0.0.bn.weight:lr=0.01
10/23 13:14:27 - mmengine - INFO - paramwise_options -- decode_head.up_convs.0.0.bn.weight:weight_decay=0.0
10/23 13:14:27 - mmengine - INFO - paramwise_options -- decode_head.up_convs.0.0.bn.weight:lr_mult=10.0
10/23 13:14:27 - mmengine - INFO - paramwise_options -- decode_head.up_convs.0.0.bn.bias:lr=0.01
10/23 13:14:27 - mmengine - INFO - paramwise_options -- decode_head.up_convs.0.0.bn.bias:weight_decay=0.0
10/23 13:14:27 - mmengine - INFO - paramwise_options -- decode_head.up_convs.0.0.bn.bias:lr_mult=10.0
10/23 13:14:27 - mmengine - INFO - paramwise_options -- decode_head.up_convs.1.0.conv.weight:lr=0.01
10/23 13:14:27 - mmengine - INFO - paramwise_options -- decode_head.up_convs.1.0.conv.weight:weight_decay=0.0
10/23 13:14:27 - mmengine - INFO - paramwise_options -- decode_head.up_convs.1.0.conv.weight:lr_mult=10.0
10/23 13:14:27 - mmengine - INFO - paramwise_options -- decode_head.up_convs.1.0.bn.weight:lr=0.01
10/23 13:14:27 - mmengine - INFO - paramwise_options -- decode_head.up_convs.1.0.bn.weight:weight_decay=0.0
10/23 13:14:27 - mmengine - INFO - paramwise_options -- decode_head.up_convs.1.0.bn.weight:lr_mult=10.0
10/23 13:14:27 - mmengine - INFO - paramwise_options -- decode_head.up_convs.1.0.bn.bias:lr=0.01
10/23 13:14:27 - mmengine - INFO - paramwise_options -- decode_head.up_convs.1.0.bn.bias:weight_decay=0.0
10/23 13:14:27 - mmengine - INFO - paramwise_options -- decode_head.up_convs.1.0.bn.bias:lr_mult=10.0
10/23 13:14:27 - mmengine - INFO - paramwise_options -- decode_head.up_convs.2.0.conv.weight:lr=0.01
10/23 13:14:27 - mmengine - INFO - paramwise_options -- decode_head.up_convs.2.0.conv.weight:weight_decay=0.0
10/23 13:14:27 - mmengine - INFO - paramwise_options -- decode_head.up_convs.2.0.conv.weight:lr_mult=10.0
10/23 13:14:27 - mmengine - INFO - paramwise_options -- decode_head.up_convs.2.0.bn.weight:lr=0.01
10/23 13:14:27 - mmengine - INFO - paramwise_options -- decode_head.up_convs.2.0.bn.weight:weight_decay=0.0
10/23 13:14:27 - mmengine - INFO - paramwise_options -- decode_head.up_convs.2.0.bn.weight:lr_mult=10.0
10/23 13:14:27 - mmengine - INFO - paramwise_options -- decode_head.up_convs.2.0.bn.bias:lr=0.01
10/23 13:14:27 - mmengine - INFO - paramwise_options -- decode_head.up_convs.2.0.bn.bias:weight_decay=0.0
10/23 13:14:27 - mmengine - INFO - paramwise_options -- decode_head.up_convs.2.0.bn.bias:lr_mult=10.0
10/23 13:14:27 - mmengine - INFO - paramwise_options -- decode_head.up_convs.3.0.conv.weight:lr=0.01
10/23 13:14:27 - mmengine - INFO - paramwise_options -- decode_head.up_convs.3.0.conv.weight:weight_decay=0.0
10/23 13:14:27 - mmengine - INFO - paramwise_options -- decode_head.up_convs.3.0.conv.weight:lr_mult=10.0
10/23 13:14:27 - mmengine - INFO - paramwise_options -- decode_head.up_convs.3.0.bn.weight:lr=0.01
10/23 13:14:27 - mmengine - INFO - paramwise_options -- decode_head.up_convs.3.0.bn.weight:weight_decay=0.0
10/23 13:14:27 - mmengine - INFO - paramwise_options -- decode_head.up_convs.3.0.bn.weight:lr_mult=10.0
10/23 13:14:27 - mmengine - INFO - paramwise_options -- decode_head.up_convs.3.0.bn.bias:lr=0.01
10/23 13:14:27 - mmengine - INFO - paramwise_options -- decode_head.up_convs.3.0.bn.bias:weight_decay=0.0
10/23 13:14:27 - mmengine - INFO - paramwise_options -- decode_head.up_convs.3.0.bn.bias:lr_mult=10.0
10/23 13:14:27 - mmengine - INFO - paramwise_options -- auxiliary_head.0.conv_seg.weight:lr=0.01
10/23 13:14:27 - mmengine - INFO - paramwise_options -- auxiliary_head.0.conv_seg.weight:weight_decay=0.0
10/23 13:14:27 - mmengine - INFO - paramwise_options -- auxiliary_head.0.conv_seg.weight:lr_mult=10.0
10/23 13:14:27 - mmengine - INFO - paramwise_options -- auxiliary_head.0.conv_seg.bias:lr=0.01
10/23 13:14:27 - mmengine - INFO - paramwise_options -- auxiliary_head.0.conv_seg.bias:weight_decay=0.0
10/23 13:14:27 - mmengine - INFO - paramwise_options -- auxiliary_head.0.conv_seg.bias:lr_mult=10.0
10/23 13:14:27 - mmengine - INFO - paramwise_options -- auxiliary_head.0.norm.weight:lr=0.01
10/23 13:14:27 - mmengine - INFO - paramwise_options -- auxiliary_head.0.norm.weight:weight_decay=0.0
10/23 13:14:27 - mmengine - INFO - paramwise_options -- auxiliary_head.0.norm.weight:lr_mult=10.0
10/23 13:14:27 - mmengine - INFO - paramwise_options -- auxiliary_head.0.norm.bias:lr=0.01
10/23 13:14:27 - mmengine - INFO - paramwise_options -- auxiliary_head.0.norm.bias:weight_decay=0.0
10/23 13:14:27 - mmengine - INFO - paramwise_options -- auxiliary_head.0.norm.bias:lr_mult=10.0
10/23 13:14:27 - mmengine - INFO - paramwise_options -- auxiliary_head.0.up_convs.0.0.conv.weight:lr=0.01
10/23 13:14:27 - mmengine - INFO - paramwise_options -- auxiliary_head.0.up_convs.0.0.conv.weight:weight_decay=0.0
10/23 13:14:27 - mmengine - INFO - paramwise_options -- auxiliary_head.0.up_convs.0.0.conv.weight:lr_mult=10.0
10/23 13:14:27 - mmengine - INFO - paramwise_options -- auxiliary_head.0.up_convs.0.0.bn.weight:lr=0.01
10/23 13:14:27 - mmengine - INFO - paramwise_options -- auxiliary_head.0.up_convs.0.0.bn.weight:weight_decay=0.0
10/23 13:14:27 - mmengine - INFO - paramwise_options -- auxiliary_head.0.up_convs.0.0.bn.weight:lr_mult=10.0
10/23 13:14:27 - mmengine - INFO - paramwise_options -- auxiliary_head.0.up_convs.0.0.bn.bias:lr=0.01
10/23 13:14:27 - mmengine - INFO - paramwise_options -- auxiliary_head.0.up_convs.0.0.bn.bias:weight_decay=0.0
10/23 13:14:27 - mmengine - INFO - paramwise_options -- auxiliary_head.0.up_convs.0.0.bn.bias:lr_mult=10.0
10/23 13:14:27 - mmengine - INFO - paramwise_options -- auxiliary_head.0.up_convs.1.0.conv.weight:lr=0.01
10/23 13:14:27 - mmengine - INFO - paramwise_options -- auxiliary_head.0.up_convs.1.0.conv.weight:weight_decay=0.0
10/23 13:14:27 - mmengine - INFO - paramwise_options -- auxiliary_head.0.up_convs.1.0.conv.weight:lr_mult=10.0
10/23 13:14:27 - mmengine - INFO - paramwise_options -- auxiliary_head.0.up_convs.1.0.bn.weight:lr=0.01
10/23 13:14:27 - mmengine - INFO - paramwise_options -- auxiliary_head.0.up_convs.1.0.bn.weight:weight_decay=0.0
10/23 13:14:27 - mmengine - INFO - paramwise_options -- auxiliary_head.0.up_convs.1.0.bn.weight:lr_mult=10.0
10/23 13:14:27 - mmengine - INFO - paramwise_options -- auxiliary_head.0.up_convs.1.0.bn.bias:lr=0.01
10/23 13:14:27 - mmengine - INFO - paramwise_options -- auxiliary_head.0.up_convs.1.0.bn.bias:weight_decay=0.0
10/23 13:14:27 - mmengine - INFO - paramwise_options -- auxiliary_head.0.up_convs.1.0.bn.bias:lr_mult=10.0
10/23 13:14:27 - mmengine - INFO - paramwise_options -- auxiliary_head.1.conv_seg.weight:lr=0.01
10/23 13:14:27 - mmengine - INFO - paramwise_options -- auxiliary_head.1.conv_seg.weight:weight_decay=0.0
10/23 13:14:27 - mmengine - INFO - paramwise_options -- auxiliary_head.1.conv_seg.weight:lr_mult=10.0
10/23 13:14:27 - mmengine - INFO - paramwise_options -- auxiliary_head.1.conv_seg.bias:lr=0.01
10/23 13:14:27 - mmengine - INFO - paramwise_options -- auxiliary_head.1.conv_seg.bias:weight_decay=0.0
10/23 13:14:27 - mmengine - INFO - paramwise_options -- auxiliary_head.1.conv_seg.bias:lr_mult=10.0
10/23 13:14:27 - mmengine - INFO - paramwise_options -- auxiliary_head.1.norm.weight:lr=0.01
10/23 13:14:27 - mmengine - INFO - paramwise_options -- auxiliary_head.1.norm.weight:weight_decay=0.0
10/23 13:14:27 - mmengine - INFO - paramwise_options -- auxiliary_head.1.norm.weight:lr_mult=10.0
10/23 13:14:27 - mmengine - INFO - paramwise_options -- auxiliary_head.1.norm.bias:lr=0.01
10/23 13:14:27 - mmengine - INFO - paramwise_options -- auxiliary_head.1.norm.bias:weight_decay=0.0
10/23 13:14:27 - mmengine - INFO - paramwise_options -- auxiliary_head.1.norm.bias:lr_mult=10.0
10/23 13:14:27 - mmengine - INFO - paramwise_options -- auxiliary_head.1.up_convs.0.0.conv.weight:lr=0.01
10/23 13:14:27 - mmengine - INFO - paramwise_options -- auxiliary_head.1.up_convs.0.0.conv.weight:weight_decay=0.0
10/23 13:14:27 - mmengine - INFO - paramwise_options -- auxiliary_head.1.up_convs.0.0.conv.weight:lr_mult=10.0
10/23 13:14:27 - mmengine - INFO - paramwise_options -- auxiliary_head.1.up_convs.0.0.bn.weight:lr=0.01
10/23 13:14:27 - mmengine - INFO - paramwise_options -- auxiliary_head.1.up_convs.0.0.bn.weight:weight_decay=0.0
10/23 13:14:27 - mmengine - INFO - paramwise_options -- auxiliary_head.1.up_convs.0.0.bn.weight:lr_mult=10.0
10/23 13:14:27 - mmengine - INFO - paramwise_options -- auxiliary_head.1.up_convs.0.0.bn.bias:lr=0.01
10/23 13:14:27 - mmengine - INFO - paramwise_options -- auxiliary_head.1.up_convs.0.0.bn.bias:weight_decay=0.0
10/23 13:14:27 - mmengine - INFO - paramwise_options -- auxiliary_head.1.up_convs.0.0.bn.bias:lr_mult=10.0
10/23 13:14:27 - mmengine - INFO - paramwise_options -- auxiliary_head.1.up_convs.1.0.conv.weight:lr=0.01
10/23 13:14:27 - mmengine - INFO - paramwise_options -- auxiliary_head.1.up_convs.1.0.conv.weight:weight_decay=0.0
10/23 13:14:27 - mmengine - INFO - paramwise_options -- auxiliary_head.1.up_convs.1.0.conv.weight:lr_mult=10.0
10/23 13:14:27 - mmengine - INFO - paramwise_options -- auxiliary_head.1.up_convs.1.0.bn.weight:lr=0.01
10/23 13:14:27 - mmengine - INFO - paramwise_options -- auxiliary_head.1.up_convs.1.0.bn.weight:weight_decay=0.0
10/23 13:14:27 - mmengine - INFO - paramwise_options -- auxiliary_head.1.up_convs.1.0.bn.weight:lr_mult=10.0
10/23 13:14:27 - mmengine - INFO - paramwise_options -- auxiliary_head.1.up_convs.1.0.bn.bias:lr=0.01
10/23 13:14:27 - mmengine - INFO - paramwise_options -- auxiliary_head.1.up_convs.1.0.bn.bias:weight_decay=0.0
10/23 13:14:27 - mmengine - INFO - paramwise_options -- auxiliary_head.1.up_convs.1.0.bn.bias:lr_mult=10.0
10/23 13:14:27 - mmengine - INFO - paramwise_options -- auxiliary_head.2.conv_seg.weight:lr=0.01
10/23 13:14:27 - mmengine - INFO - paramwise_options -- auxiliary_head.2.conv_seg.weight:weight_decay=0.0
10/23 13:14:27 - mmengine - INFO - paramwise_options -- auxiliary_head.2.conv_seg.weight:lr_mult=10.0
10/23 13:14:27 - mmengine - INFO - paramwise_options -- auxiliary_head.2.conv_seg.bias:lr=0.01
10/23 13:14:27 - mmengine - INFO - paramwise_options -- auxiliary_head.2.conv_seg.bias:weight_decay=0.0
10/23 13:14:27 - mmengine - INFO - paramwise_options -- auxiliary_head.2.conv_seg.bias:lr_mult=10.0
10/23 13:14:27 - mmengine - INFO - paramwise_options -- auxiliary_head.2.norm.weight:lr=0.01
10/23 13:14:27 - mmengine - INFO - paramwise_options -- auxiliary_head.2.norm.weight:weight_decay=0.0
10/23 13:14:27 - mmengine - INFO - paramwise_options -- auxiliary_head.2.norm.weight:lr_mult=10.0
10/23 13:14:27 - mmengine - INFO - paramwise_options -- auxiliary_head.2.norm.bias:lr=0.01
10/23 13:14:27 - mmengine - INFO - paramwise_options -- auxiliary_head.2.norm.bias:weight_decay=0.0
10/23 13:14:27 - mmengine - INFO - paramwise_options -- auxiliary_head.2.norm.bias:lr_mult=10.0
10/23 13:14:27 - mmengine - INFO - paramwise_options -- auxiliary_head.2.up_convs.0.0.conv.weight:lr=0.01
10/23 13:14:27 - mmengine - INFO - paramwise_options -- auxiliary_head.2.up_convs.0.0.conv.weight:weight_decay=0.0
10/23 13:14:27 - mmengine - INFO - paramwise_options -- auxiliary_head.2.up_convs.0.0.conv.weight:lr_mult=10.0
10/23 13:14:27 - mmengine - INFO - paramwise_options -- auxiliary_head.2.up_convs.0.0.bn.weight:lr=0.01
10/23 13:14:27 - mmengine - INFO - paramwise_options -- auxiliary_head.2.up_convs.0.0.bn.weight:weight_decay=0.0
10/23 13:14:27 - mmengine - INFO - paramwise_options -- auxiliary_head.2.up_convs.0.0.bn.weight:lr_mult=10.0
10/23 13:14:27 - mmengine - INFO - paramwise_options -- auxiliary_head.2.up_convs.0.0.bn.bias:lr=0.01
10/23 13:14:27 - mmengine - INFO - paramwise_options -- auxiliary_head.2.up_convs.0.0.bn.bias:weight_decay=0.0
10/23 13:14:27 - mmengine - INFO - paramwise_options -- auxiliary_head.2.up_convs.0.0.bn.bias:lr_mult=10.0
10/23 13:14:27 - mmengine - INFO - paramwise_options -- auxiliary_head.2.up_convs.1.0.conv.weight:lr=0.01
10/23 13:14:27 - mmengine - INFO - paramwise_options -- auxiliary_head.2.up_convs.1.0.conv.weight:weight_decay=0.0
10/23 13:14:27 - mmengine - INFO - paramwise_options -- auxiliary_head.2.up_convs.1.0.conv.weight:lr_mult=10.0
10/23 13:14:27 - mmengine - INFO - paramwise_options -- auxiliary_head.2.up_convs.1.0.bn.weight:lr=0.01
10/23 13:14:27 - mmengine - INFO - paramwise_options -- auxiliary_head.2.up_convs.1.0.bn.weight:weight_decay=0.0
10/23 13:14:27 - mmengine - INFO - paramwise_options -- auxiliary_head.2.up_convs.1.0.bn.weight:lr_mult=10.0
10/23 13:14:27 - mmengine - INFO - paramwise_options -- auxiliary_head.2.up_convs.1.0.bn.bias:lr=0.01
10/23 13:14:27 - mmengine - INFO - paramwise_options -- auxiliary_head.2.up_convs.1.0.bn.bias:weight_decay=0.0
10/23 13:14:27 - mmengine - INFO - paramwise_options -- auxiliary_head.2.up_convs.1.0.bn.bias:lr_mult=10.0
10/23 13:14:28 - mmengine - WARNING - The prefix is not set in metric class IoUMetric.
Loads checkpoint by local backend from path: pretrain/vit_large_p16.pth
Resize the pos_embed shape from torch.Size([1, 577, 1024]) to torch.Size([1, 1025, 1024])
The model and loaded state dict do not match exactly

unexpected key in source state_dict: ln1.bias, ln1.weight, patch_embed.projection.bias

10/23 13:14:45 - mmengine - WARNING - "FileClient" will be deprecated in future. Please use io functions in https://mmengine.readthedocs.io/en/latest/api/fileio.html#file-io
10/23 13:14:45 - mmengine - WARNING - "HardDiskBackend" is the alias of "LocalBackend" and the former will be deprecated in future.
10/23 13:14:45 - mmengine - INFO - Checkpoints will be saved to /home/s1952889/final-project/implementation/mmsegmentation/work_dirs/setr_vit-l_pup_8xb2-160k_ade20k-512x512.
10/23 13:15:46 - mmengine - INFO - Iter(train) [    50/160000]  base_lr: 9.9975e-04 lr: 9.9975e-04  eta: 2 days, 6:50:58  time: 0.9591  data_time: 0.0079  memory: 29271  loss: 5.7328  decode.loss_ce: 2.5242  decode.acc_seg: 30.7794  aux_0.loss_ce: 1.0964  aux_0.acc_seg: 24.9107  aux_1.loss_ce: 1.0471  aux_1.acc_seg: 31.2920  aux_2.loss_ce: 1.0652  aux_2.acc_seg: 27.2534
10/23 13:16:35 - mmengine - INFO - Iter(train) [   100/160000]  base_lr: 9.9950e-04 lr: 9.9950e-04  eta: 2 days, 0:46:19  time: 0.9619  data_time: 0.0079  memory: 26468  loss: 5.8956  decode.loss_ce: 2.6237  decode.acc_seg: 35.6070  aux_0.loss_ce: 1.1120  aux_0.acc_seg: 42.6664  aux_1.loss_ce: 1.0772  aux_1.acc_seg: 43.3996  aux_2.loss_ce: 1.0827  aux_2.acc_seg: 42.3489
10/23 13:17:23 - mmengine - INFO - Iter(train) [   150/160000]  base_lr: 9.9925e-04 lr: 9.9925e-04  eta: 1 day, 22:42:23  time: 0.9579  data_time: 0.0076  memory: 26468  loss: 4.7574  decode.loss_ce: 2.0968  decode.acc_seg: 32.3850  aux_0.loss_ce: 0.9199  aux_0.acc_seg: 14.3771  aux_1.loss_ce: 0.8598  aux_1.acc_seg: 23.4053  aux_2.loss_ce: 0.8808  aux_2.acc_seg: 24.6576
10/23 13:18:10 - mmengine - INFO - Iter(train) [   200/160000]  base_lr: 9.9899e-04 lr: 9.9899e-04  eta: 1 day, 21:39:07  time: 0.9547  data_time: 0.0077  memory: 26468  loss: 4.1188  decode.loss_ce: 1.8403  decode.acc_seg: 51.5155  aux_0.loss_ce: 0.8089  aux_0.acc_seg: 43.3045  aux_1.loss_ce: 0.7342  aux_1.acc_seg: 49.9616  aux_2.loss_ce: 0.7354  aux_2.acc_seg: 47.8935
10/23 13:18:58 - mmengine - INFO - Iter(train) [   250/160000]  base_lr: 9.9874e-04 lr: 9.9874e-04  eta: 1 day, 20:57:39  time: 0.9501  data_time: 0.0077  memory: 26468  loss: 3.8642  decode.loss_ce: 1.7122  decode.acc_seg: 34.6969  aux_0.loss_ce: 0.7679  aux_0.acc_seg: 28.8912  aux_1.loss_ce: 0.6913  aux_1.acc_seg: 36.4421  aux_2.loss_ce: 0.6928  aux_2.acc_seg: 34.0596
10/23 13:19:46 - mmengine - INFO - Iter(train) [   300/160000]  base_lr: 9.9849e-04 lr: 9.9849e-04  eta: 1 day, 20:28:49  time: 0.9494  data_time: 0.0075  memory: 26468  loss: 4.3979  decode.loss_ce: 1.9507  decode.acc_seg: 65.2297  aux_0.loss_ce: 0.8982  aux_0.acc_seg: 54.7858  aux_1.loss_ce: 0.7702  aux_1.acc_seg: 67.2278  aux_2.loss_ce: 0.7788  aux_2.acc_seg: 67.6697
10/23 13:20:33 - mmengine - INFO - Iter(train) [   350/160000]  base_lr: 9.9823e-04 lr: 9.9823e-04  eta: 1 day, 20:07:58  time: 0.9501  data_time: 0.0074  memory: 26468  loss: 4.2082  decode.loss_ce: 1.8433  decode.acc_seg: 67.8130  aux_0.loss_ce: 0.8279  aux_0.acc_seg: 66.1092  aux_1.loss_ce: 0.7638  aux_1.acc_seg: 71.9813  aux_2.loss_ce: 0.7731  aux_2.acc_seg: 71.4192
10/23 13:21:21 - mmengine - INFO - Iter(train) [   400/160000]  base_lr: 9.9798e-04 lr: 9.9798e-04  eta: 1 day, 19:51:58  time: 0.9500  data_time: 0.0075  memory: 26468  loss: 3.9920  decode.loss_ce: 1.7963  decode.acc_seg: 32.5343  aux_0.loss_ce: 0.7604  aux_0.acc_seg: 28.1360  aux_1.loss_ce: 0.7208  aux_1.acc_seg: 35.1573  aux_2.loss_ce: 0.7145  aux_2.acc_seg: 39.6053
10/23 13:22:08 - mmengine - INFO - Iter(train) [   450/160000]  base_lr: 9.9773e-04 lr: 9.9773e-04  eta: 1 day, 19:39:22  time: 0.9489  data_time: 0.0074  memory: 26468  loss: 3.2852  decode.loss_ce: 1.4583  decode.acc_seg: 55.9067  aux_0.loss_ce: 0.6720  aux_0.acc_seg: 53.3010  aux_1.loss_ce: 0.5739  aux_1.acc_seg: 69.8186  aux_2.loss_ce: 0.5810  aux_2.acc_seg: 64.7531
10/23 13:22:56 - mmengine - INFO - Iter(train) [   500/160000]  base_lr: 9.9747e-04 lr: 9.9747e-04  eta: 1 day, 19:29:13  time: 0.9492  data_time: 0.0077  memory: 26468  loss: 4.2307  decode.loss_ce: 1.8812  decode.acc_seg: 54.7357  aux_0.loss_ce: 0.8170  aux_0.acc_seg: 55.3166  aux_1.loss_ce: 0.7601  aux_1.acc_seg: 58.0914  aux_2.loss_ce: 0.7724  aux_2.acc_seg: 57.4902
10/23 13:23:43 - mmengine - INFO - Iter(train) [   550/160000]  base_lr: 9.9722e-04 lr: 9.9722e-04  eta: 1 day, 19:20:39  time: 0.9497  data_time: 0.0076  memory: 26468  loss: 3.3583  decode.loss_ce: 1.4611  decode.acc_seg: 78.0491  aux_0.loss_ce: 0.6912  aux_0.acc_seg: 80.3144  aux_1.loss_ce: 0.6003  aux_1.acc_seg: 81.0815  aux_2.loss_ce: 0.6056  aux_2.acc_seg: 81.9191
10/23 13:24:30 - mmengine - INFO - Iter(train) [   600/160000]  base_lr: 9.9697e-04 lr: 9.9697e-04  eta: 1 day, 19:13:21  time: 0.9495  data_time: 0.0076  memory: 26468  loss: 3.8377  decode.loss_ce: 1.6821  decode.acc_seg: 33.4497  aux_0.loss_ce: 0.7600  aux_0.acc_seg: 34.2497  aux_1.loss_ce: 0.7076  aux_1.acc_seg: 35.7917  aux_2.loss_ce: 0.6881  aux_2.acc_seg: 39.2378
10/23 13:25:18 - mmengine - INFO - Iter(train) [   650/160000]  base_lr: 9.9671e-04 lr: 9.9671e-04  eta: 1 day, 19:07:09  time: 0.9491  data_time: 0.0077  memory: 26468  loss: 3.1703  decode.loss_ce: 1.4442  decode.acc_seg: 59.6605  aux_0.loss_ce: 0.6234  aux_0.acc_seg: 64.3414  aux_1.loss_ce: 0.5555  aux_1.acc_seg: 64.2036  aux_2.loss_ce: 0.5472  aux_2.acc_seg: 64.0599
10/23 13:26:05 - mmengine - INFO - Iter(train) [   700/160000]  base_lr: 9.9646e-04 lr: 9.9646e-04  eta: 1 day, 19:01:42  time: 0.9505  data_time: 0.0077  memory: 26468  loss: 3.1258  decode.loss_ce: 1.3865  decode.acc_seg: 75.6496  aux_0.loss_ce: 0.6384  aux_0.acc_seg: 68.9034  aux_1.loss_ce: 0.5571  aux_1.acc_seg: 75.9140  aux_2.loss_ce: 0.5438  aux_2.acc_seg: 77.1807
10/23 13:26:53 - mmengine - INFO - Iter(train) [   750/160000]  base_lr: 9.9621e-04 lr: 9.9621e-04  eta: 1 day, 18:56:48  time: 0.9497  data_time: 0.0076  memory: 26468  loss: 2.8539  decode.loss_ce: 1.2485  decode.acc_seg: 54.2494  aux_0.loss_ce: 0.5939  aux_0.acc_seg: 44.0483  aux_1.loss_ce: 0.5118  aux_1.acc_seg: 52.4663  aux_2.loss_ce: 0.4998  aux_2.acc_seg: 52.7147
10/23 13:27:40 - mmengine - INFO - Iter(train) [   800/160000]  base_lr: 9.9595e-04 lr: 9.9595e-04  eta: 1 day, 18:52:34  time: 0.9491  data_time: 0.0076  memory: 26468  loss: 2.9508  decode.loss_ce: 1.3270  decode.acc_seg: 76.7807  aux_0.loss_ce: 0.5969  aux_0.acc_seg: 76.2618  aux_1.loss_ce: 0.5181  aux_1.acc_seg: 76.8202  aux_2.loss_ce: 0.5088  aux_2.acc_seg: 79.2355
10/23 13:28:28 - mmengine - INFO - Iter(train) [   850/160000]  base_lr: 9.9570e-04 lr: 9.9570e-04  eta: 1 day, 18:48:36  time: 0.9481  data_time: 0.0076  memory: 26468  loss: 2.9305  decode.loss_ce: 1.2785  decode.acc_seg: 69.7831  aux_0.loss_ce: 0.6047  aux_0.acc_seg: 64.4267  aux_1.loss_ce: 0.5212  aux_1.acc_seg: 69.5725  aux_2.loss_ce: 0.5262  aux_2.acc_seg: 71.1648
10/23 13:29:15 - mmengine - INFO - Iter(train) [   900/160000]  base_lr: 9.9545e-04 lr: 9.9545e-04  eta: 1 day, 18:44:59  time: 0.9501  data_time: 0.0076  memory: 26468  loss: 3.8414  decode.loss_ce: 1.7065  decode.acc_seg: 36.4296  aux_0.loss_ce: 0.7539  aux_0.acc_seg: 24.9203  aux_1.loss_ce: 0.6915  aux_1.acc_seg: 36.7361  aux_2.loss_ce: 0.6895  aux_2.acc_seg: 38.0315
10/23 13:30:03 - mmengine - INFO - Iter(train) [   950/160000]  base_lr: 9.9519e-04 lr: 9.9519e-04  eta: 1 day, 18:41:47  time: 0.9488  data_time: 0.0077  memory: 26468  loss: 2.5224  decode.loss_ce: 1.1058  decode.acc_seg: 58.4943  aux_0.loss_ce: 0.5159  aux_0.acc_seg: 67.4262  aux_1.loss_ce: 0.4482  aux_1.acc_seg: 65.3901  aux_2.loss_ce: 0.4525  aux_2.acc_seg: 63.2958
10/23 13:30:50 - mmengine - INFO - Exp name: setr_vit-l_pup_8xb2-160k_ade20k-512x512_20231023_131353
10/23 13:30:50 - mmengine - INFO - Iter(train) [  1000/160000]  base_lr: 9.9494e-04 lr: 9.9494e-04  eta: 1 day, 18:38:46  time: 0.9489  data_time: 0.0077  memory: 26468  loss: 2.2447  decode.loss_ce: 0.9750  decode.acc_seg: 82.5624  aux_0.loss_ce: 0.4681  aux_0.acc_seg: 74.8448  aux_1.loss_ce: 0.4041  aux_1.acc_seg: 80.6651  aux_2.loss_ce: 0.3975  aux_2.acc_seg: 82.9895
10/23 13:31:38 - mmengine - INFO - Iter(train) [  1050/160000]  base_lr: 9.9469e-04 lr: 9.9469e-04  eta: 1 day, 18:35:56  time: 0.9506  data_time: 0.0075  memory: 26468  loss: 3.1550  decode.loss_ce: 1.3786  decode.acc_seg: 57.4472  aux_0.loss_ce: 0.6674  aux_0.acc_seg: 53.8681  aux_1.loss_ce: 0.5609  aux_1.acc_seg: 55.5986  aux_2.loss_ce: 0.5480  aux_2.acc_seg: 59.2350
10/23 13:32:25 - mmengine - INFO - Iter(train) [  1100/160000]  base_lr: 9.9443e-04 lr: 9.9443e-04  eta: 1 day, 18:33:16  time: 0.9495  data_time: 0.0075  memory: 26468  loss: 2.1782  decode.loss_ce: 0.9402  decode.acc_seg: 75.5039  aux_0.loss_ce: 0.4694  aux_0.acc_seg: 65.8227  aux_1.loss_ce: 0.3879  aux_1.acc_seg: 72.4487  aux_2.loss_ce: 0.3807  aux_2.acc_seg: 72.3216
10/23 13:33:13 - mmengine - INFO - Iter(train) [  1150/160000]  base_lr: 9.9418e-04 lr: 9.9418e-04  eta: 1 day, 18:30:46  time: 0.9490  data_time: 0.0076  memory: 26468  loss: 2.9669  decode.loss_ce: 1.3222  decode.acc_seg: 76.6557  aux_0.loss_ce: 0.6063  aux_0.acc_seg: 73.1218  aux_1.loss_ce: 0.5270  aux_1.acc_seg: 74.2028  aux_2.loss_ce: 0.5113  aux_2.acc_seg: 78.0297
10/23 13:34:00 - mmengine - INFO - Iter(train) [  1200/160000]  base_lr: 9.9393e-04 lr: 9.9393e-04  eta: 1 day, 18:28:26  time: 0.9504  data_time: 0.0077  memory: 26468  loss: 3.1793  decode.loss_ce: 1.4108  decode.acc_seg: 63.9680  aux_0.loss_ce: 0.6536  aux_0.acc_seg: 62.1435  aux_1.loss_ce: 0.5604  aux_1.acc_seg: 72.5681  aux_2.loss_ce: 0.5546  aux_2.acc_seg: 67.4684
10/23 13:34:48 - mmengine - INFO - Iter(train) [  1250/160000]  base_lr: 9.9367e-04 lr: 9.9367e-04  eta: 1 day, 18:26:10  time: 0.9494  data_time: 0.0076  memory: 26468  loss: 2.9649  decode.loss_ce: 1.2829  decode.acc_seg: 60.7958  aux_0.loss_ce: 0.6460  aux_0.acc_seg: 50.1836  aux_1.loss_ce: 0.5238  aux_1.acc_seg: 53.3795  aux_2.loss_ce: 0.5122  aux_2.acc_seg: 56.4257
10/23 13:35:35 - mmengine - INFO - Iter(train) [  1300/160000]  base_lr: 9.9342e-04 lr: 9.9342e-04  eta: 1 day, 18:24:03  time: 0.9489  data_time: 0.0076  memory: 26468  loss: 2.2033  decode.loss_ce: 0.9737  decode.acc_seg: 61.1445  aux_0.loss_ce: 0.4523  aux_0.acc_seg: 38.5336  aux_1.loss_ce: 0.3955  aux_1.acc_seg: 50.6284  aux_2.loss_ce: 0.3818  aux_2.acc_seg: 53.6385
10/23 13:36:23 - mmengine - INFO - Iter(train) [  1350/160000]  base_lr: 9.9317e-04 lr: 9.9317e-04  eta: 1 day, 18:22:01  time: 0.9489  data_time: 0.0076  memory: 26468  loss: 2.5779  decode.loss_ce: 1.1369  decode.acc_seg: 81.6817  aux_0.loss_ce: 0.5237  aux_0.acc_seg: 80.3580  aux_1.loss_ce: 0.4576  aux_1.acc_seg: 85.3095  aux_2.loss_ce: 0.4599  aux_2.acc_seg: 83.9160
10/23 13:37:10 - mmengine - INFO - Iter(train) [  1400/160000]  base_lr: 9.9291e-04 lr: 9.9291e-04  eta: 1 day, 18:20:04  time: 0.9497  data_time: 0.0076  memory: 26468  loss: 3.0151  decode.loss_ce: 1.3382  decode.acc_seg: 62.1439  aux_0.loss_ce: 0.6190  aux_0.acc_seg: 59.9179  aux_1.loss_ce: 0.5298  aux_1.acc_seg: 64.8316  aux_2.loss_ce: 0.5281  aux_2.acc_seg: 64.4079
10/23 13:37:59 - mmengine - INFO - Iter(train) [  1450/160000]  base_lr: 9.9266e-04 lr: 9.9266e-04  eta: 1 day, 18:21:32  time: 0.9492  data_time: 0.0074  memory: 26468  loss: 2.7896  decode.loss_ce: 1.2258  decode.acc_seg: 48.5595  aux_0.loss_ce: 0.5685  aux_0.acc_seg: 41.3081  aux_1.loss_ce: 0.5031  aux_1.acc_seg: 38.1796  aux_2.loss_ce: 0.4922  aux_2.acc_seg: 38.5116
10/23 13:38:47 - mmengine - INFO - Iter(train) [  1500/160000]  base_lr: 9.9241e-04 lr: 9.9241e-04  eta: 1 day, 18:19:40  time: 0.9489  data_time: 0.0077  memory: 26468  loss: 3.1915  decode.loss_ce: 1.3974  decode.acc_seg: 70.5442  aux_0.loss_ce: 0.6518  aux_0.acc_seg: 71.7894  aux_1.loss_ce: 0.5768  aux_1.acc_seg: 73.6086  aux_2.loss_ce: 0.5655  aux_2.acc_seg: 72.2196
10/23 13:39:34 - mmengine - INFO - Iter(train) [  1550/160000]  base_lr: 9.9215e-04 lr: 9.9215e-04  eta: 1 day, 18:17:49  time: 0.9480  data_time: 0.0075  memory: 26468  loss: 2.3465  decode.loss_ce: 1.0420  decode.acc_seg: 66.1349  aux_0.loss_ce: 0.4814  aux_0.acc_seg: 65.1308  aux_1.loss_ce: 0.4183  aux_1.acc_seg: 68.0896  aux_2.loss_ce: 0.4048  aux_2.acc_seg: 67.2048
10/23 13:40:23 - mmengine - INFO - Iter(train) [  1600/160000]  base_lr: 9.9190e-04 lr: 9.9190e-04  eta: 1 day, 18:17:30  time: 0.9497  data_time: 0.0077  memory: 26468  loss: 2.5455  decode.loss_ce: 1.1482  decode.acc_seg: 57.3152  aux_0.loss_ce: 0.5316  aux_0.acc_seg: 58.4691  aux_1.loss_ce: 0.4389  aux_1.acc_seg: 67.3469  aux_2.loss_ce: 0.4268  aux_2.acc_seg: 67.5024
10/23 13:41:10 - mmengine - INFO - Iter(train) [  1650/160000]  base_lr: 9.9165e-04 lr: 9.9165e-04  eta: 1 day, 18:15:45  time: 0.9489  data_time: 0.0076  memory: 26468  loss: 2.7215  decode.loss_ce: 1.2368  decode.acc_seg: 57.7796  aux_0.loss_ce: 0.5624  aux_0.acc_seg: 56.4369  aux_1.loss_ce: 0.4692  aux_1.acc_seg: 61.6652  aux_2.loss_ce: 0.4531  aux_2.acc_seg: 62.5136
10/23 13:41:58 - mmengine - INFO - Iter(train) [  1700/160000]  base_lr: 9.9139e-04 lr: 9.9139e-04  eta: 1 day, 18:14:03  time: 0.9490  data_time: 0.0076  memory: 26468  loss: 2.5147  decode.loss_ce: 1.0720  decode.acc_seg: 65.8278  aux_0.loss_ce: 0.5527  aux_0.acc_seg: 51.6925  aux_1.loss_ce: 0.4517  aux_1.acc_seg: 66.3651  aux_2.loss_ce: 0.4384  aux_2.acc_seg: 66.5705
10/23 13:42:45 - mmengine - INFO - Iter(train) [  1750/160000]  base_lr: 9.9114e-04 lr: 9.9114e-04  eta: 1 day, 18:12:23  time: 0.9493  data_time: 0.0075  memory: 26468  loss: 2.5202  decode.loss_ce: 1.1087  decode.acc_seg: 62.9879  aux_0.loss_ce: 0.5244  aux_0.acc_seg: 61.0200  aux_1.loss_ce: 0.4482  aux_1.acc_seg: 59.2148  aux_2.loss_ce: 0.4389  aux_2.acc_seg: 59.3752
10/23 13:43:32 - mmengine - INFO - Iter(train) [  1800/160000]  base_lr: 9.9089e-04 lr: 9.9089e-04  eta: 1 day, 18:10:46  time: 0.9488  data_time: 0.0076  memory: 26468  loss: 2.9774  decode.loss_ce: 1.3059  decode.acc_seg: 76.5512  aux_0.loss_ce: 0.6203  aux_0.acc_seg: 73.6484  aux_1.loss_ce: 0.5296  aux_1.acc_seg: 77.5860  aux_2.loss_ce: 0.5216  aux_2.acc_seg: 77.5579
10/23 13:44:20 - mmengine - INFO - Iter(train) [  1850/160000]  base_lr: 9.9063e-04 lr: 9.9063e-04  eta: 1 day, 18:09:14  time: 0.9488  data_time: 0.0075  memory: 26468  loss: 2.1809  decode.loss_ce: 0.9691  decode.acc_seg: 66.8647  aux_0.loss_ce: 0.4364  aux_0.acc_seg: 69.3687  aux_1.loss_ce: 0.3889  aux_1.acc_seg: 69.4672  aux_2.loss_ce: 0.3865  aux_2.acc_seg: 69.2196
10/23 13:45:07 - mmengine - INFO - Iter(train) [  1900/160000]  base_lr: 9.9038e-04 lr: 9.9038e-04  eta: 1 day, 18:07:45  time: 0.9504  data_time: 0.0075  memory: 26468  loss: 2.4456  decode.loss_ce: 1.0924  decode.acc_seg: 71.7260  aux_0.loss_ce: 0.4992  aux_0.acc_seg: 73.3224  aux_1.loss_ce: 0.4298  aux_1.acc_seg: 74.0351  aux_2.loss_ce: 0.4241  aux_2.acc_seg: 73.4987
10/23 13:45:55 - mmengine - INFO - Iter(train) [  1950/160000]  base_lr: 9.9013e-04 lr: 9.9013e-04  eta: 1 day, 18:06:17  time: 0.9495  data_time: 0.0076  memory: 26468  loss: 2.3984  decode.loss_ce: 1.0623  decode.acc_seg: 76.0969  aux_0.loss_ce: 0.4900  aux_0.acc_seg: 76.5416  aux_1.loss_ce: 0.4348  aux_1.acc_seg: 74.6875  aux_2.loss_ce: 0.4114  aux_2.acc_seg: 75.6539
10/23 13:46:42 - mmengine - INFO - Exp name: setr_vit-l_pup_8xb2-160k_ade20k-512x512_20231023_131353
10/23 13:46:42 - mmengine - INFO - Iter(train) [  2000/160000]  base_lr: 9.8987e-04 lr: 9.8987e-04  eta: 1 day, 18:04:51  time: 0.9488  data_time: 0.0076  memory: 26468  loss: 2.4204  decode.loss_ce: 1.0433  decode.acc_seg: 67.5403  aux_0.loss_ce: 0.5193  aux_0.acc_seg: 54.0718  aux_1.loss_ce: 0.4327  aux_1.acc_seg: 66.8439  aux_2.loss_ce: 0.4251  aux_2.acc_seg: 66.7734
10/23 13:47:30 - mmengine - INFO - Iter(train) [  2050/160000]  base_lr: 9.8962e-04 lr: 9.8962e-04  eta: 1 day, 18:03:26  time: 0.9485  data_time: 0.0075  memory: 26468  loss: 2.0220  decode.loss_ce: 0.8663  decode.acc_seg: 83.9816  aux_0.loss_ce: 0.4452  aux_0.acc_seg: 74.4077  aux_1.loss_ce: 0.3581  aux_1.acc_seg: 80.4518  aux_2.loss_ce: 0.3524  aux_2.acc_seg: 83.4550
10/23 13:48:17 - mmengine - INFO - Iter(train) [  2100/160000]  base_lr: 9.8937e-04 lr: 9.8937e-04  eta: 1 day, 18:02:03  time: 0.9495  data_time: 0.0076  memory: 26468  loss: 2.7772  decode.loss_ce: 1.2239  decode.acc_seg: 55.6860  aux_0.loss_ce: 0.5785  aux_0.acc_seg: 57.8766  aux_1.loss_ce: 0.4970  aux_1.acc_seg: 58.1645  aux_2.loss_ce: 0.4778  aux_2.acc_seg: 60.9166
10/23 13:49:05 - mmengine - INFO - Iter(train) [  2150/160000]  base_lr: 9.8911e-04 lr: 9.8911e-04  eta: 1 day, 18:00:43  time: 0.9487  data_time: 0.0078  memory: 26468  loss: 2.1021  decode.loss_ce: 0.9155  decode.acc_seg: 83.0279  aux_0.loss_ce: 0.4402  aux_0.acc_seg: 77.2519  aux_1.loss_ce: 0.3798  aux_1.acc_seg: 73.5846  aux_2.loss_ce: 0.3665  aux_2.acc_seg: 75.7837
10/23 13:49:52 - mmengine - INFO - Iter(train) [  2200/160000]  base_lr: 9.8886e-04 lr: 9.8886e-04  eta: 1 day, 17:59:26  time: 0.9490  data_time: 0.0079  memory: 26468  loss: 1.8286  decode.loss_ce: 0.8054  decode.acc_seg: 82.6383  aux_0.loss_ce: 0.3799  aux_0.acc_seg: 75.4571  aux_1.loss_ce: 0.3272  aux_1.acc_seg: 79.4951  aux_2.loss_ce: 0.3161  aux_2.acc_seg: 81.7074
10/23 13:50:40 - mmengine - INFO - Iter(train) [  2250/160000]  base_lr: 9.8861e-04 lr: 9.8861e-04  eta: 1 day, 17:58:08  time: 0.9500  data_time: 0.0076  memory: 26468  loss: 1.9260  decode.loss_ce: 0.8277  decode.acc_seg: 76.4619  aux_0.loss_ce: 0.4213  aux_0.acc_seg: 71.5912  aux_1.loss_ce: 0.3466  aux_1.acc_seg: 73.9244  aux_2.loss_ce: 0.3303  aux_2.acc_seg: 74.2902
10/23 13:51:27 - mmengine - INFO - Iter(train) [  2300/160000]  base_lr: 9.8835e-04 lr: 9.8835e-04  eta: 1 day, 17:56:51  time: 0.9492  data_time: 0.0076  memory: 26468  loss: 2.8024  decode.loss_ce: 1.2339  decode.acc_seg: 81.9798  aux_0.loss_ce: 0.5760  aux_0.acc_seg: 80.0058  aux_1.loss_ce: 0.4946  aux_1.acc_seg: 83.1959  aux_2.loss_ce: 0.4980  aux_2.acc_seg: 82.3205
10/23 13:52:15 - mmengine - INFO - Iter(train) [  2350/160000]  base_lr: 9.8810e-04 lr: 9.8810e-04  eta: 1 day, 17:55:37  time: 0.9487  data_time: 0.0076  memory: 26468  loss: 2.1353  decode.loss_ce: 0.8991  decode.acc_seg: 67.6347  aux_0.loss_ce: 0.4889  aux_0.acc_seg: 66.0387  aux_1.loss_ce: 0.3837  aux_1.acc_seg: 65.3453  aux_2.loss_ce: 0.3636  aux_2.acc_seg: 67.0666
10/23 13:53:02 - mmengine - INFO - Iter(train) [  2400/160000]  base_lr: 9.8785e-04 lr: 9.8785e-04  eta: 1 day, 17:54:22  time: 0.9489  data_time: 0.0076  memory: 26468  loss: 2.3127  decode.loss_ce: 0.9941  decode.acc_seg: 70.1947  aux_0.loss_ce: 0.5068  aux_0.acc_seg: 64.1719  aux_1.loss_ce: 0.4163  aux_1.acc_seg: 73.6801  aux_2.loss_ce: 0.3956  aux_2.acc_seg: 76.0133
10/23 13:53:50 - mmengine - INFO - Iter(train) [  2450/160000]  base_lr: 9.8759e-04 lr: 9.8759e-04  eta: 1 day, 17:53:10  time: 0.9493  data_time: 0.0076  memory: 26468  loss: 2.1094  decode.loss_ce: 0.9333  decode.acc_seg: 65.4048  aux_0.loss_ce: 0.4438  aux_0.acc_seg: 65.6784  aux_1.loss_ce: 0.3741  aux_1.acc_seg: 67.0633  aux_2.loss_ce: 0.3581  aux_2.acc_seg: 65.3576
slurmstepd-ctit089: error: *** JOB 242828 ON ctit089 CANCELLED AT 2023-10-23T13:54:37 ***
/bin/bash: /home/s1952889/miniconda3/envs/prompt/lib/libtinfo.so.6: no version information available (required by /bin/bash)
