2023/12/04 13:24:15 - mmengine - INFO - 
------------------------------------------------------------
System environment:
    sys.platform: linux
    Python: 3.10.13 (main, Sep 11 2023, 13:44:35) [GCC 11.2.0]
    CUDA available: True
    numpy_random_seed: 2103910659
    GPU 0: NVIDIA GeForce RTX 4050 Laptop GPU
    CUDA_HOME: /opt/cuda
    NVCC: Cuda compilation tools, release 12.2, V12.2.140
    GCC: gcc (GCC) 13.2.1 20230801
    PyTorch: 2.0.0
    PyTorch compiling details: PyTorch built with:
  - GCC 9.3
  - C++ Version: 201703
  - Intel(R) oneAPI Math Kernel Library Version 2023.1-Product Build 20230303 for Intel(R) 64 architecture applications
  - Intel(R) MKL-DNN v2.7.3 (Git Hash 6dbeffbae1f23cbbeae17adb7b5b13f1f37c080e)
  - OpenMP 201511 (a.k.a. OpenMP 4.5)
  - LAPACK is enabled (usually provided by MKL)
  - NNPACK is enabled
  - CPU capability usage: AVX2
  - CUDA Runtime 11.8
  - NVCC architecture flags: -gencode;arch=compute_37,code=sm_37;-gencode;arch=compute_50,code=sm_50;-gencode;arch=compute_60,code=sm_60;-gencode;arch=compute_61,code=sm_61;-gencode;arch=compute_70,code=sm_70;-gencode;arch=compute_75,code=sm_75;-gencode;arch=compute_80,code=sm_80;-gencode;arch=compute_86,code=sm_86;-gencode;arch=compute_90,code=sm_90;-gencode;arch=compute_37,code=compute_37
  - CuDNN 8.7
  - Magma 2.6.1
  - Build settings: BLAS_INFO=mkl, BUILD_TYPE=Release, CUDA_VERSION=11.8, CUDNN_VERSION=8.7.0, CXX_COMPILER=/opt/rh/devtoolset-9/root/usr/bin/c++, CXX_FLAGS= -D_GLIBCXX_USE_CXX11_ABI=0 -fabi-version=11 -Wno-deprecated -fvisibility-inlines-hidden -DUSE_PTHREADPOOL -DNDEBUG -DUSE_KINETO -DLIBKINETO_NOROCTRACER -DUSE_FBGEMM -DUSE_QNNPACK -DUSE_PYTORCH_QNNPACK -DUSE_XNNPACK -DSYMBOLICATE_MOBILE_DEBUG_HANDLE -O2 -fPIC -Wall -Wextra -Werror=return-type -Werror=non-virtual-dtor -Werror=bool-operation -Wnarrowing -Wno-missing-field-initializers -Wno-type-limits -Wno-array-bounds -Wno-unknown-pragmas -Wunused-local-typedefs -Wno-unused-parameter -Wno-unused-function -Wno-unused-result -Wno-strict-overflow -Wno-strict-aliasing -Wno-error=deprecated-declarations -Wno-stringop-overflow -Wno-psabi -Wno-error=pedantic -Wno-error=redundant-decls -Wno-error=old-style-cast -fdiagnostics-color=always -faligned-new -Wno-unused-but-set-variable -Wno-maybe-uninitialized -fno-math-errno -fno-trapping-math -Werror=format -Werror=cast-function-type -Wno-stringop-overflow, LAPACK_INFO=mkl, PERF_WITH_AVX=1, PERF_WITH_AVX2=1, PERF_WITH_AVX512=1, TORCH_DISABLE_GPU_ASSERTS=ON, TORCH_VERSION=2.0.0, USE_CUDA=ON, USE_CUDNN=ON, USE_EXCEPTION_PTR=1, USE_GFLAGS=OFF, USE_GLOG=OFF, USE_MKL=ON, USE_MKLDNN=ON, USE_MPI=OFF, USE_NCCL=ON, USE_NNPACK=ON, USE_OPENMP=ON, USE_ROCM=OFF, 

    TorchVision: 0.15.0
    OpenCV: 4.8.1
    MMEngine: 0.9.1

Runtime environment:
    cudnn_benchmark: True
    mp_cfg: {'mp_start_method': 'fork', 'opencv_num_threads': 0}
    dist_cfg: {'backend': 'nccl'}
    seed: 2103910659
    Distributed launcher: none
    Distributed training: False
    GPU number: 1
------------------------------------------------------------

2023/12/04 13:24:15 - mmengine - INFO - Config:
backbone_norm_cfg = dict(eps=1e-06, requires_grad=True, type='LN')
crop_size = (
    512,
    512,
)
data_preprocessor = dict(
    bgr_to_rgb=True,
    mean=[
        123.675,
        116.28,
        103.53,
    ],
    pad_val=0,
    seg_pad_val=255,
    size=(
        512,
        512,
    ),
    std=[
        58.395,
        57.12,
        57.375,
    ],
    type='SegDataPreProcessor')
data_root = 'data/ade/ADEChallengeData2016'
dataset_type = 'ADE20KDataset'
default_hooks = dict(
    checkpoint=dict(by_epoch=False, interval=16000, type='CheckpointHook'),
    logger=dict(interval=50, log_metric_by_epoch=False, type='LoggerHook'),
    param_scheduler=dict(type='ParamSchedulerHook'),
    sampler_seed=dict(type='DistSamplerSeedHook'),
    timer=dict(type='IterTimerHook'),
    visualization=dict(type='SegVisualizationHook'))
default_scope = 'mmseg'
env_cfg = dict(
    cudnn_benchmark=True,
    dist_cfg=dict(backend='nccl'),
    mp_cfg=dict(mp_start_method='fork', opencv_num_threads=0))
img_ratios = [
    0.5,
    0.75,
    1.0,
    1.25,
    1.5,
    1.75,
]
launcher = 'none'
load_from = 'work_dirs/setr_vit-l_pup_8xb2-160k_ade20k-512x512/iter_160000.pth'
log_level = 'INFO'
log_processor = dict(by_epoch=False)
model = dict(
    auxiliary_head=[
        dict(
            act_cfg=dict(type='ReLU'),
            align_corners=False,
            channels=256,
            dropout_ratio=0,
            in_channels=1024,
            in_index=0,
            kernel_size=3,
            loss_decode=dict(
                loss_weight=0.4, type='CrossEntropyLoss', use_sigmoid=False),
            norm_cfg=dict(requires_grad=True, type='SyncBN'),
            num_classes=150,
            num_convs=2,
            type='SETRUPHead'),
        dict(
            act_cfg=dict(type='ReLU'),
            align_corners=False,
            channels=256,
            dropout_ratio=0,
            in_channels=1024,
            in_index=1,
            kernel_size=3,
            loss_decode=dict(
                loss_weight=0.4, type='CrossEntropyLoss', use_sigmoid=False),
            norm_cfg=dict(requires_grad=True, type='SyncBN'),
            num_classes=150,
            num_convs=2,
            type='SETRUPHead'),
        dict(
            act_cfg=dict(type='ReLU'),
            align_corners=False,
            channels=256,
            dropout_ratio=0,
            in_channels=1024,
            in_index=2,
            kernel_size=3,
            loss_decode=dict(
                loss_weight=0.4, type='CrossEntropyLoss', use_sigmoid=False),
            norm_cfg=dict(requires_grad=True, type='SyncBN'),
            num_classes=150,
            num_convs=2,
            type='SETRUPHead'),
    ],
    backbone=dict(
        drop_rate=0.0,
        embed_dims=1024,
        img_size=(
            512,
            512,
        ),
        in_channels=3,
        init_cfg=dict(
            checkpoint='pretrain/vit_large_p16.pth', type='Pretrained'),
        interpolate_mode='bilinear',
        norm_cfg=dict(eps=1e-06, requires_grad=True, type='LN'),
        num_heads=16,
        num_layers=24,
        out_indices=(
            9,
            14,
            19,
            23,
        ),
        patch_size=16,
        type='VisionTransformer',
        with_cls_token=True),
    data_preprocessor=dict(
        bgr_to_rgb=True,
        mean=[
            123.675,
            116.28,
            103.53,
        ],
        pad_val=0,
        seg_pad_val=255,
        size=(
            512,
            512,
        ),
        std=[
            58.395,
            57.12,
            57.375,
        ],
        type='SegDataPreProcessor'),
    decode_head=dict(
        align_corners=False,
        channels=256,
        dropout_ratio=0,
        in_channels=1024,
        in_index=3,
        kernel_size=3,
        loss_decode=dict(
            loss_weight=1.0, type='CrossEntropyLoss', use_sigmoid=False),
        norm_cfg=dict(requires_grad=True, type='SyncBN'),
        num_classes=150,
        num_convs=4,
        type='SETRUPHead',
        up_scale=2),
    pretrained=None,
    test_cfg=dict(crop_size=(
        512,
        512,
    ), mode='slide', stride=(
        341,
        341,
    )),
    train_cfg=dict(),
    type='EncoderDecoder')
norm_cfg = dict(requires_grad=True, type='SyncBN')
optim_wrapper = dict(
    clip_grad=None,
    optimizer=dict(lr=0.001, momentum=0.9, type='SGD', weight_decay=0.0),
    paramwise_cfg=dict(custom_keys=dict(head=dict(lr_mult=10.0))),
    type='OptimWrapper')
optimizer = dict(lr=0.001, momentum=0.9, type='SGD', weight_decay=0.0)
param_scheduler = [
    dict(
        begin=0,
        by_epoch=False,
        end=160000,
        eta_min=0.0001,
        power=0.9,
        type='PolyLR'),
]
record_gpu_snapshot = False
resume = False
test_cfg = dict(type='TestLoop')
test_dataloader = dict(
    batch_size=1,
    dataset=dict(
        data_prefix=dict(
            img_path='images/validation',
            seg_map_path='annotations/validation'),
        data_root='data/ade/ADEChallengeData2016',
        pipeline=[
            dict(type='LoadImageFromFile'),
            dict(keep_ratio=True, scale=(
                2048,
                512,
            ), type='Resize'),
            dict(reduce_zero_label=True, type='LoadAnnotations'),
            dict(type='PackSegInputs'),
        ],
        type='ADE20KDataset'),
    num_workers=4,
    persistent_workers=True,
    sampler=dict(shuffle=False, type='DefaultSampler'))
test_evaluator = dict(
    iou_metrics=[
        'mIoU',
    ], type='IoUMetric')
test_pipeline = [
    dict(type='LoadImageFromFile'),
    dict(keep_ratio=True, scale=(
        2048,
        512,
    ), type='Resize'),
    dict(reduce_zero_label=True, type='LoadAnnotations'),
    dict(type='PackSegInputs'),
]
train_cfg = dict(
    max_iters=160000, type='IterBasedTrainLoop', val_interval=16000)
train_dataloader = dict(
    batch_size=2,
    dataset=dict(
        data_prefix=dict(
            img_path='images/training', seg_map_path='annotations/training'),
        data_root='data/ade/ADEChallengeData2016',
        pipeline=[
            dict(type='LoadImageFromFile'),
            dict(reduce_zero_label=True, type='LoadAnnotations'),
            dict(
                keep_ratio=True,
                ratio_range=(
                    0.5,
                    2.0,
                ),
                scale=(
                    2048,
                    512,
                ),
                type='RandomResize'),
            dict(
                cat_max_ratio=0.75, crop_size=(
                    512,
                    512,
                ), type='RandomCrop'),
            dict(prob=0.5, type='RandomFlip'),
            dict(type='PhotoMetricDistortion'),
            dict(type='PackSegInputs'),
        ],
        type='ADE20KDataset'),
    num_workers=4,
    persistent_workers=True,
    sampler=dict(shuffle=True, type='InfiniteSampler'))
train_pipeline = [
    dict(type='LoadImageFromFile'),
    dict(reduce_zero_label=True, type='LoadAnnotations'),
    dict(
        keep_ratio=True,
        ratio_range=(
            0.5,
            2.0,
        ),
        scale=(
            2048,
            512,
        ),
        type='RandomResize'),
    dict(cat_max_ratio=0.75, crop_size=(
        512,
        512,
    ), type='RandomCrop'),
    dict(prob=0.5, type='RandomFlip'),
    dict(type='PhotoMetricDistortion'),
    dict(type='PackSegInputs'),
]
tta_model = dict(type='SegTTAModel')
tta_pipeline = [
    dict(backend_args=None, type='LoadImageFromFile'),
    dict(
        transforms=[
            [
                dict(keep_ratio=True, scale_factor=0.5, type='Resize'),
                dict(keep_ratio=True, scale_factor=0.75, type='Resize'),
                dict(keep_ratio=True, scale_factor=1.0, type='Resize'),
                dict(keep_ratio=True, scale_factor=1.25, type='Resize'),
                dict(keep_ratio=True, scale_factor=1.5, type='Resize'),
                dict(keep_ratio=True, scale_factor=1.75, type='Resize'),
            ],
            [
                dict(direction='horizontal', prob=0.0, type='RandomFlip'),
                dict(direction='horizontal', prob=1.0, type='RandomFlip'),
            ],
            [
                dict(type='LoadAnnotations'),
            ],
            [
                dict(type='PackSegInputs'),
            ],
        ],
        type='TestTimeAug'),
]
val_cfg = dict(type='ValLoop')
val_dataloader = dict(
    batch_size=1,
    dataset=dict(
        data_prefix=dict(
            img_path='images/validation',
            seg_map_path='annotations/validation'),
        data_root='data/ade/ADEChallengeData2016',
        pipeline=[
            dict(type='LoadImageFromFile'),
            dict(keep_ratio=True, scale=(
                2048,
                512,
            ), type='Resize'),
            dict(reduce_zero_label=True, type='LoadAnnotations'),
            dict(type='PackSegInputs'),
        ],
        type='ADE20KDataset'),
    num_workers=4,
    persistent_workers=True,
    sampler=dict(shuffle=False, type='DefaultSampler'))
val_evaluator = dict(
    iou_metrics=[
        'mIoU',
    ], type='IoUMetric')
vis_backends = [
    dict(type='LocalVisBackend'),
]
visualizer = dict(
    name='visualizer',
    type='SegLocalVisualizer',
    vis_backends=[
        dict(type='LocalVisBackend'),
    ])
work_dir = './work_dirs/setr_vit-l_pup_8xb2-160k_ade20k-512x512'

2023/12/04 13:24:18 - mmengine - INFO - Total parameters: 317290072
2023/12/04 13:24:18 - mmengine - INFO - Trainable parameters: 317290072
2023/12/04 13:24:18 - mmengine - INFO - Distributed training is not used, all SyncBatchNorm (SyncBN) layers in the model will be automatically reverted to BatchNormXd layers if they are used.
2023/12/04 13:24:18 - mmengine - INFO - Hooks will be executed in the following order:
before_run:
(VERY_HIGH   ) RuntimeInfoHook                    
(BELOW_NORMAL) LoggerHook                         
 -------------------- 
before_train:
(VERY_HIGH   ) RuntimeInfoHook                    
(NORMAL      ) IterTimerHook                      
(VERY_LOW    ) CheckpointHook                     
 -------------------- 
before_train_epoch:
(VERY_HIGH   ) RuntimeInfoHook                    
(NORMAL      ) IterTimerHook                      
(NORMAL      ) DistSamplerSeedHook                
 -------------------- 
before_train_iter:
(VERY_HIGH   ) RuntimeInfoHook                    
(NORMAL      ) IterTimerHook                      
 -------------------- 
after_train_iter:
(VERY_HIGH   ) RuntimeInfoHook                    
(NORMAL      ) IterTimerHook                      
(NORMAL      ) SegVisualizationHook               
(BELOW_NORMAL) LoggerHook                         
(LOW         ) ParamSchedulerHook                 
(VERY_LOW    ) CheckpointHook                     
 -------------------- 
after_train_epoch:
(NORMAL      ) IterTimerHook                      
(LOW         ) ParamSchedulerHook                 
(VERY_LOW    ) CheckpointHook                     
 -------------------- 
before_val:
(VERY_HIGH   ) RuntimeInfoHook                    
 -------------------- 
before_val_epoch:
(NORMAL      ) IterTimerHook                      
 -------------------- 
before_val_iter:
(NORMAL      ) IterTimerHook                      
 -------------------- 
after_val_iter:
(NORMAL      ) IterTimerHook                      
(NORMAL      ) SegVisualizationHook               
(BELOW_NORMAL) LoggerHook                         
 -------------------- 
after_val_epoch:
(VERY_HIGH   ) RuntimeInfoHook                    
(NORMAL      ) IterTimerHook                      
(BELOW_NORMAL) LoggerHook                         
(LOW         ) ParamSchedulerHook                 
(VERY_LOW    ) CheckpointHook                     
 -------------------- 
after_val:
(VERY_HIGH   ) RuntimeInfoHook                    
 -------------------- 
after_train:
(VERY_HIGH   ) RuntimeInfoHook                    
(VERY_LOW    ) CheckpointHook                     
 -------------------- 
before_test:
(VERY_HIGH   ) RuntimeInfoHook                    
 -------------------- 
before_test_epoch:
(NORMAL      ) IterTimerHook                      
 -------------------- 
before_test_iter:
(NORMAL      ) IterTimerHook                      
 -------------------- 
after_test_iter:
(NORMAL      ) IterTimerHook                      
(NORMAL      ) SegVisualizationHook               
(BELOW_NORMAL) LoggerHook                         
 -------------------- 
after_test_epoch:
(VERY_HIGH   ) RuntimeInfoHook                    
(NORMAL      ) IterTimerHook                      
(BELOW_NORMAL) LoggerHook                         
 -------------------- 
after_test:
(VERY_HIGH   ) RuntimeInfoHook                    
 -------------------- 
after_run:
(BELOW_NORMAL) LoggerHook                         
 -------------------- 
2023/12/04 13:24:19 - mmengine - WARNING - The prefix is not set in metric class IoUMetric.
2023/12/04 13:24:20 - mmengine - INFO - Load checkpoint from work_dirs/setr_vit-l_pup_8xb2-160k_ade20k-512x512/iter_160000.pth
2023/12/04 13:24:40 - mmengine - INFO - Iter(test) [  50/2000]    eta: 0:12:35  time: 0.3836  data_time: 0.0012  memory: 2258  
2023/12/04 13:24:58 - mmengine - INFO - Iter(test) [ 100/2000]    eta: 0:11:48  time: 0.3678  data_time: 0.0009  memory: 2073  
2023/12/04 13:25:14 - mmengine - INFO - Iter(test) [ 150/2000]    eta: 0:11:06  time: 0.3519  data_time: 0.0010  memory: 2032  
2023/12/04 13:25:33 - mmengine - INFO - Iter(test) [ 200/2000]    eta: 0:10:50  time: 0.3679  data_time: 0.0009  memory: 2135  
2023/12/04 13:25:49 - mmengine - INFO - Iter(test) [ 250/2000]    eta: 0:10:21  time: 0.3498  data_time: 0.0009  memory: 2170  
2023/12/04 13:26:06 - mmengine - INFO - Iter(test) [ 300/2000]    eta: 0:10:01  time: 0.3698  data_time: 0.0010  memory: 2068  
2023/12/04 13:26:24 - mmengine - INFO - Iter(test) [ 350/2000]    eta: 0:09:43  time: 0.3314  data_time: 0.0011  memory: 2067  
2023/12/04 13:26:42 - mmengine - INFO - Iter(test) [ 400/2000]    eta: 0:09:25  time: 0.3691  data_time: 0.0009  memory: 2070  
2023/12/04 13:26:57 - mmengine - INFO - Iter(test) [ 450/2000]    eta: 0:08:58  time: 0.3313  data_time: 0.0009  memory: 2028  
2023/12/04 13:27:14 - mmengine - INFO - Iter(test) [ 500/2000]    eta: 0:08:41  time: 0.3354  data_time: 0.0010  memory: 2031  
2023/12/04 13:27:32 - mmengine - INFO - Iter(test) [ 550/2000]    eta: 0:08:26  time: 0.3882  data_time: 0.0011  memory: 2065  
2023/12/04 13:27:50 - mmengine - INFO - Iter(test) [ 600/2000]    eta: 0:08:08  time: 0.3727  data_time: 0.0025  memory: 2070  
2023/12/04 13:28:07 - mmengine - INFO - Iter(test) [ 650/2000]    eta: 0:07:50  time: 0.3522  data_time: 0.0011  memory: 2084  
2023/12/04 13:28:26 - mmengine - INFO - Iter(test) [ 700/2000]    eta: 0:07:36  time: 0.3717  data_time: 0.0011  memory: 2081  
2023/12/04 13:28:44 - mmengine - INFO - Iter(test) [ 750/2000]    eta: 0:07:19  time: 0.3696  data_time: 0.0010  memory: 2091  
2023/12/04 13:29:00 - mmengine - INFO - Iter(test) [ 800/2000]    eta: 0:06:59  time: 0.3706  data_time: 0.0010  memory: 2033  
2023/12/04 13:29:18 - mmengine - INFO - Iter(test) [ 850/2000]    eta: 0:06:43  time: 0.3708  data_time: 0.0013  memory: 2026  
2023/12/04 13:29:33 - mmengine - INFO - Iter(test) [ 900/2000]    eta: 0:06:22  time: 0.2948  data_time: 0.0011  memory: 2046  
2023/12/04 13:29:51 - mmengine - INFO - Iter(test) [ 950/2000]    eta: 0:06:05  time: 0.3329  data_time: 0.0012  memory: 2062  
2023/12/04 13:30:08 - mmengine - INFO - Iter(test) [1000/2000]    eta: 0:05:47  time: 0.3340  data_time: 0.0014  memory: 2063  
2023/12/04 13:30:26 - mmengine - INFO - Iter(test) [1050/2000]    eta: 0:05:31  time: 0.3889  data_time: 0.0017  memory: 2093  
2023/12/04 13:30:44 - mmengine - INFO - Iter(test) [1100/2000]    eta: 0:05:14  time: 0.3358  data_time: 0.0013  memory: 2055  
2023/12/04 13:31:01 - mmengine - INFO - Iter(test) [1150/2000]    eta: 0:04:56  time: 0.3509  data_time: 0.0011  memory: 2050  
2023/12/04 13:31:19 - mmengine - INFO - Iter(test) [1200/2000]    eta: 0:04:39  time: 0.3325  data_time: 0.0011  memory: 2877  
2023/12/04 13:31:35 - mmengine - INFO - Iter(test) [1250/2000]    eta: 0:04:20  time: 0.3328  data_time: 0.0012  memory: 2042  
2023/12/04 13:31:50 - mmengine - INFO - Iter(test) [1300/2000]    eta: 0:04:02  time: 0.3515  data_time: 0.0013  memory: 2027  
2023/12/04 13:32:07 - mmengine - INFO - Iter(test) [1350/2000]    eta: 0:03:44  time: 0.3144  data_time: 0.0011  memory: 2027  
2023/12/04 13:32:24 - mmengine - INFO - Iter(test) [1400/2000]    eta: 0:03:27  time: 0.3692  data_time: 0.0012  memory: 2062  
2023/12/04 13:32:40 - mmengine - INFO - Iter(test) [1450/2000]    eta: 0:03:09  time: 0.3691  data_time: 0.0012  memory: 2062  
2023/12/04 13:32:57 - mmengine - INFO - Iter(test) [1500/2000]    eta: 0:02:52  time: 0.3137  data_time: 0.0011  memory: 2026  
2023/12/04 13:33:14 - mmengine - INFO - Iter(test) [1550/2000]    eta: 0:02:35  time: 0.3517  data_time: 0.0012  memory: 2056  
2023/12/04 13:33:31 - mmengine - INFO - Iter(test) [1600/2000]    eta: 0:02:17  time: 0.3512  data_time: 0.0012  memory: 2024  
2023/12/04 13:33:47 - mmengine - INFO - Iter(test) [1650/2000]    eta: 0:02:00  time: 0.2958  data_time: 0.0010  memory: 2140  
2023/12/04 13:34:05 - mmengine - INFO - Iter(test) [1700/2000]    eta: 0:01:43  time: 0.3517  data_time: 0.0011  memory: 2060  
2023/12/04 13:34:23 - mmengine - INFO - Iter(test) [1750/2000]    eta: 0:01:26  time: 0.3326  data_time: 0.0011  memory: 2065  
2023/12/04 13:34:39 - mmengine - INFO - Iter(test) [1800/2000]    eta: 0:01:08  time: 0.3699  data_time: 0.0011  memory: 2034  
2023/12/04 13:34:58 - mmengine - INFO - Iter(test) [1850/2000]    eta: 0:00:51  time: 0.3706  data_time: 0.0012  memory: 1999  
2023/12/04 13:35:13 - mmengine - INFO - Iter(test) [1900/2000]    eta: 0:00:34  time: 0.3152  data_time: 0.0012  memory: 2081  
2023/12/04 13:35:31 - mmengine - INFO - Iter(test) [1950/2000]    eta: 0:00:17  time: 0.3328  data_time: 0.0011  memory: 2162  
2023/12/04 13:35:47 - mmengine - INFO - Iter(test) [2000/2000]    eta: 0:00:00  time: 0.3143  data_time: 0.0009  memory: 2086  
2023/12/04 13:35:47 - mmengine - INFO - per class results:
2023/12/04 13:35:47 - mmengine - INFO - 
+---------------------+-------+-------+
|        Class        |  IoU  |  Acc  |
+---------------------+-------+-------+
|         wall        | 76.28 | 87.58 |
|       building      | 83.34 | 93.21 |
|         sky         | 93.64 | 96.63 |
|        floor        | 80.44 | 88.82 |
|         tree        | 74.64 | 87.55 |
|       ceiling       | 82.47 | 90.86 |
|         road        | 83.05 | 89.38 |
|         bed         | 87.26 | 95.03 |
|      windowpane     | 59.54 | 75.16 |
|        grass        | 66.26 | 79.42 |
|       cabinet       | 58.67 | 71.14 |
|       sidewalk      | 62.35 | 77.18 |
|        person       | 77.79 | 90.23 |
|        earth        | 38.99 | 53.63 |
|         door        | 47.38 | 63.02 |
|        table        | 55.76 | 73.59 |
|       mountain      |  56.0 | 69.79 |
|        plant        | 51.16 | 60.48 |
|       curtain       | 71.87 | 85.55 |
|        chair        | 52.31 | 67.55 |
|         car         | 81.91 | 92.66 |
|        water        | 48.94 | 59.17 |
|       painting      | 68.97 | 82.27 |
|         sofa        | 63.19 | 77.56 |
|        shelf        | 41.98 | 59.72 |
|        house        | 53.14 | 67.21 |
|         sea         | 59.01 | 79.47 |
|        mirror       | 62.27 | 71.73 |
|         rug         | 64.67 | 75.31 |
|        field        | 29.71 | 56.23 |
|       armchair      | 40.92 | 64.16 |
|         seat        | 64.06 | 82.82 |
|        fence        | 45.31 | 63.01 |
|         desk        | 45.44 | 66.89 |
|         rock        | 48.84 | 74.64 |
|       wardrobe      | 47.25 | 68.27 |
|         lamp        | 50.91 | 63.78 |
|       bathtub       | 79.48 | 86.83 |
|       railing       | 33.92 |  48.3 |
|       cushion       | 54.61 | 69.04 |
|         base        | 29.38 | 48.54 |
|         box         | 23.86 | 32.97 |
|        column       | 41.47 | 52.56 |
|      signboard      | 31.96 | 42.48 |
|   chest of drawers  |  38.8 | 54.46 |
|       counter       | 36.25 | 43.82 |
|         sand        | 40.95 | 66.38 |
|         sink        | 63.51 | 70.07 |
|      skyscraper     | 55.22 | 67.49 |
|      fireplace      | 70.35 | 87.98 |
|     refrigerator    | 65.06 | 79.22 |
|      grandstand     | 48.89 | 81.72 |
|         path        | 25.26 |  34.6 |
|        stairs       | 27.17 | 36.33 |
|        runway       | 70.08 | 91.97 |
|         case        | 56.17 | 72.31 |
|      pool table     | 88.34 | 97.01 |
|        pillow       | 50.59 | 58.01 |
|     screen door     | 59.58 |  65.9 |
|       stairway      | 27.85 | 37.31 |
|        river        | 15.69 | 34.14 |
|        bridge       | 55.89 | 77.43 |
|       bookcase      | 34.93 | 53.03 |
|        blind        | 44.35 | 51.95 |
|     coffee table    | 56.65 |  77.1 |
|        toilet       | 75.64 | 90.64 |
|        flower       | 29.67 | 45.11 |
|         book        | 43.21 |  60.3 |
|         hill        |  7.25 |  13.7 |
|        bench        | 44.57 | 52.88 |
|      countertop     | 50.46 | 70.56 |
|        stove        | 64.28 | 74.94 |
|         palm        | 50.38 | 68.24 |
|    kitchen island   | 40.02 | 74.78 |
|       computer      | 56.25 | 71.82 |
|     swivel chair    | 42.83 | 63.58 |
|         boat        | 52.95 | 80.32 |
|         bar         | 51.63 |  67.9 |
|    arcade machine   | 77.66 | 86.62 |
|        hovel        | 40.15 | 60.69 |
|         bus         | 82.77 | 92.12 |
|        towel        |  59.8 |  77.5 |
|        light        | 42.37 | 48.79 |
|        truck        | 19.46 | 28.43 |
|        tower        | 26.03 | 35.75 |
|      chandelier     | 60.56 | 79.06 |
|        awning       | 24.79 | 28.92 |
|     streetlight     | 14.71 | 18.08 |
|        booth        | 38.57 |  40.1 |
| television receiver | 63.65 | 74.93 |
|       airplane      | 53.79 | 63.35 |
|      dirt track     |  7.13 | 19.63 |
|       apparel       | 31.45 | 42.49 |
|         pole        | 11.77 | 13.85 |
|         land        |  1.66 |  3.71 |
|      bannister      |  6.28 |  9.33 |
|      escalator      | 49.61 | 77.48 |
|       ottoman       | 41.83 | 58.44 |
|        bottle       | 34.19 | 59.04 |
|        buffet       | 51.73 | 69.01 |
|        poster       | 30.15 | 39.15 |
|        stage        | 15.66 | 34.63 |
|         van         | 36.43 | 43.11 |
|         ship        | 52.51 | 65.89 |
|       fountain      | 47.13 | 51.08 |
|    conveyer belt    | 72.37 | 93.15 |
|        canopy       | 35.65 | 47.39 |
|        washer       | 72.17 | 76.47 |
|      plaything      | 17.02 | 24.33 |
|    swimming pool    | 53.71 | 81.84 |
|        stool        | 27.73 | 39.75 |
|        barrel       | 50.67 | 63.95 |
|        basket       | 24.44 |  30.4 |
|      waterfall      | 64.06 | 76.54 |
|         tent        | 91.96 | 99.29 |
|         bag         |  5.62 |  6.28 |
|       minibike      | 65.48 | 78.01 |
|        cradle       | 61.21 | 83.48 |
|         oven        | 39.24 | 56.22 |
|         ball        | 31.83 |  33.8 |
|         food        | 49.68 | 62.95 |
|         step        | 12.42 | 14.92 |
|         tank        | 47.76 | 52.72 |
|      trade name     | 22.48 | 24.85 |
|      microwave      | 76.08 | 87.46 |
|         pot         | 38.89 | 43.79 |
|        animal       | 57.07 | 58.59 |
|       bicycle       | 52.69 | 72.24 |
|         lake        | 39.78 | 81.54 |
|      dishwasher     | 42.81 | 62.06 |
|        screen       | 64.37 | 88.34 |
|       blanket       | 10.26 | 11.57 |
|      sculpture      | 48.34 | 61.52 |
|         hood        | 51.96 | 62.15 |
|        sconce       |  22.9 | 27.68 |
|         vase        |  25.4 | 34.06 |
|    traffic light    | 18.77 | 28.26 |
|         tray        |  1.84 |  3.31 |
|        ashcan       |  29.0 | 39.14 |
|         fan         | 50.66 | 63.92 |
|         pier        | 36.61 | 53.78 |
|      crt screen     |  1.09 |  1.52 |
|        plate        | 47.78 | 58.97 |
|       monitor       | 36.33 | 74.87 |
|    bulletin board   | 35.68 | 45.05 |
|        shower       |  1.09 |  3.99 |
|       radiator      | 54.09 | 61.74 |
|        glass        |  6.83 |  7.1  |
|        clock        | 16.31 | 17.59 |
|         flag        | 56.16 | 60.81 |
+---------------------+-------+-------+
2023/12/04 13:35:47 - mmengine - INFO - Iter(test) [2000/2000]    aAcc: 82.2000  mIoU: 46.6800  mAcc: 59.5500  data_time: 0.0012  time: 0.3434
