2024/01/14 13:44:23 - mmengine - INFO - 
------------------------------------------------------------
System environment:
    sys.platform: linux
    Python: 3.10.13 (main, Sep 11 2023, 13:44:35) [GCC 11.2.0]
    CUDA available: True
    numpy_random_seed: 1067695431
    GPU 0: NVIDIA A40
    CUDA_HOME: None
    GCC: gcc (Ubuntu 9.4.0-1ubuntu1~20.04.2) 9.4.0
    PyTorch: 2.0.0
    PyTorch compiling details: PyTorch built with:
  - GCC 9.3
  - C++ Version: 201703
  - Intel(R) oneAPI Math Kernel Library Version 2023.1-Product Build 20230303 for Intel(R) 64 architecture applications
  - Intel(R) MKL-DNN v2.7.3 (Git Hash 6dbeffbae1f23cbbeae17adb7b5b13f1f37c080e)
  - OpenMP 201511 (a.k.a. OpenMP 4.5)
  - LAPACK is enabled (usually provided by MKL)
  - NNPACK is enabled
  - CPU capability usage: AVX2
  - CUDA Runtime 11.8
  - NVCC architecture flags: -gencode;arch=compute_37,code=sm_37;-gencode;arch=compute_50,code=sm_50;-gencode;arch=compute_60,code=sm_60;-gencode;arch=compute_61,code=sm_61;-gencode;arch=compute_70,code=sm_70;-gencode;arch=compute_75,code=sm_75;-gencode;arch=compute_80,code=sm_80;-gencode;arch=compute_86,code=sm_86;-gencode;arch=compute_90,code=sm_90;-gencode;arch=compute_37,code=compute_37
  - CuDNN 8.7
  - Magma 2.6.1
  - Build settings: BLAS_INFO=mkl, BUILD_TYPE=Release, CUDA_VERSION=11.8, CUDNN_VERSION=8.7.0, CXX_COMPILER=/opt/rh/devtoolset-9/root/usr/bin/c++, CXX_FLAGS= -D_GLIBCXX_USE_CXX11_ABI=0 -fabi-version=11 -Wno-deprecated -fvisibility-inlines-hidden -DUSE_PTHREADPOOL -DNDEBUG -DUSE_KINETO -DLIBKINETO_NOROCTRACER -DUSE_FBGEMM -DUSE_QNNPACK -DUSE_PYTORCH_QNNPACK -DUSE_XNNPACK -DSYMBOLICATE_MOBILE_DEBUG_HANDLE -O2 -fPIC -Wall -Wextra -Werror=return-type -Werror=non-virtual-dtor -Werror=bool-operation -Wnarrowing -Wno-missing-field-initializers -Wno-type-limits -Wno-array-bounds -Wno-unknown-pragmas -Wunused-local-typedefs -Wno-unused-parameter -Wno-unused-function -Wno-unused-result -Wno-strict-overflow -Wno-strict-aliasing -Wno-error=deprecated-declarations -Wno-stringop-overflow -Wno-psabi -Wno-error=pedantic -Wno-error=redundant-decls -Wno-error=old-style-cast -fdiagnostics-color=always -faligned-new -Wno-unused-but-set-variable -Wno-maybe-uninitialized -fno-math-errno -fno-trapping-math -Werror=format -Werror=cast-function-type -Wno-stringop-overflow, LAPACK_INFO=mkl, PERF_WITH_AVX=1, PERF_WITH_AVX2=1, PERF_WITH_AVX512=1, TORCH_DISABLE_GPU_ASSERTS=ON, TORCH_VERSION=2.0.0, USE_CUDA=ON, USE_CUDNN=ON, USE_EXCEPTION_PTR=1, USE_GFLAGS=OFF, USE_GLOG=OFF, USE_MKL=ON, USE_MKLDNN=ON, USE_MPI=OFF, USE_NCCL=ON, USE_NNPACK=ON, USE_OPENMP=ON, USE_ROCM=OFF, 

    TorchVision: 0.15.0
    OpenCV: 4.8.1
    MMEngine: 0.9.1

Runtime environment:
    cudnn_benchmark: True
    mp_cfg: {'mp_start_method': 'fork', 'opencv_num_threads': 0}
    dist_cfg: {'backend': 'nccl'}
    seed: 1067695431
    Distributed launcher: none
    Distributed training: False
    GPU number: 1
------------------------------------------------------------

2024/01/14 13:44:24 - mmengine - INFO - Config:
backbone_norm_cfg = dict(eps=1e-06, requires_grad=True, type='LN')
crop_size = (
    512,
    512,
)
data_preprocessor = dict(
    bgr_to_rgb=True,
    mean=[
        123.675,
        116.28,
        103.53,
    ],
    pad_val=0,
    seg_pad_val=255,
    size=(
        512,
        512,
    ),
    std=[
        58.395,
        57.12,
        57.375,
    ],
    type='SegDataPreProcessor')
data_root = 'data/cbis/cbis-linked'
dataset_type = 'CBISBinaryDataset'
default_hooks = dict(
    checkpoint=dict(
        by_epoch=False,
        interval=16000,
        max_keep_ckpts=2,
        type='CheckpointHook'),
    logger=dict(interval=50, log_metric_by_epoch=False, type='LoggerHook'),
    param_scheduler=dict(type='ParamSchedulerHook'),
    sampler_seed=dict(type='DistSamplerSeedHook'),
    timer=dict(type='IterTimerHook'),
    visualization=dict(type='SegVisualizationHook'))
default_scope = 'mmseg'
env_cfg = dict(
    cudnn_benchmark=True,
    dist_cfg=dict(backend='nccl'),
    mp_cfg=dict(mp_start_method='fork', opencv_num_threads=0))
launcher = 'none'
load_from = None
log_level = 'INFO'
log_processor = dict(by_epoch=False)
model = dict(
    auxiliary_head=[],
    backbone=dict(
        drop_rate=0.0,
        embed_dims=1024,
        img_size=(
            512,
            512,
        ),
        in_channels=3,
        init_cfg=dict(
            checkpoint='pretrain/vit_large_p16.pth', type='Pretrained'),
        interpolate_mode='bilinear',
        norm_cfg=dict(eps=1e-06, requires_grad=True, type='LN'),
        num_heads=16,
        num_layers=24,
        out_indices=(
            9,
            14,
            19,
            23,
        ),
        patch_size=16,
        prompt_cfg=dict(
            depth=24,
            dropout=0.1,
            init='random',
            length=50,
            location='prepend',
            shared=False),
        type='PromptedVisionTransformer',
        with_cls_token=True),
    data_preprocessor=dict(
        bgr_to_rgb=True,
        mean=[
            123.675,
            116.28,
            103.53,
        ],
        pad_val=0,
        seg_pad_val=255,
        size=(
            512,
            512,
        ),
        std=[
            58.395,
            57.12,
            57.375,
        ],
        type='SegDataPreProcessor'),
    decode_head=dict(
        align_corners=False,
        channels=256,
        dropout_ratio=0,
        in_channels=1024,
        in_index=3,
        kernel_size=3,
        loss_decode=dict(
            class_weight=[
                0.04,
                1.96,
            ],
            loss_weight=1.0,
            type='CrossEntropyLoss',
            use_sigmoid=False),
        norm_cfg=dict(requires_grad=True, type='SyncBN'),
        num_classes=2,
        num_convs=4,
        type='SETRUPHead',
        up_scale=2),
    pretrained=None,
    test_cfg=dict(mode='whole'),
    train_cfg=dict(),
    type='EncoderDecoder')
norm_cfg = dict(requires_grad=True, type='SyncBN')
num_classes = 2
optim_wrapper = dict(
    clip_grad=None,
    optimizer=dict(lr=0.001, momentum=0.9, type='SGD', weight_decay=0.001),
    paramwise_cfg=dict(custom_keys=dict(head=dict(lr_mult=1.0))),
    type='OptimWrapper')
optimizer = dict(lr=0.001, momentum=0.9, type='SGD', weight_decay=0.001)
param_scheduler = [
    dict(
        begin=0,
        by_epoch=False,
        end=160000,
        eta_min=0.0001,
        power=0.9,
        type='PolyLR'),
]
record_gpu_snapshot = True
resume = False
test_cfg = dict(type='TestLoop')
test_dataloader = dict(
    batch_size=1,
    dataset=dict(
        data_prefix=dict(
            img_path='images/test', seg_map_path='annotations_binary/test'),
        data_root='data/cbis/cbis-linked',
        pipeline=[
            dict(type='LoadImageFromFile'),
            dict(keep_ratio=True, scale=(
                512,
                512,
            ), type='Resize'),
            dict(reduce_zero_label=False, type='LoadAnnotations'),
            dict(type='PackSegInputs'),
        ],
        type='CBISBinaryDataset'),
    num_workers=4,
    persistent_workers=True,
    sampler=dict(shuffle=False, type='DefaultSampler'))
test_evaluator = dict(
    iou_metrics=[
        'mIoU',
    ], type='IoUMetric')
test_pipeline = [
    dict(type='LoadImageFromFile'),
    dict(keep_ratio=True, scale=(
        512,
        512,
    ), type='Resize'),
    dict(reduce_zero_label=False, type='LoadAnnotations'),
    dict(type='PackSegInputs'),
]
train_cfg = dict(
    max_iters=160000, type='IterBasedTrainLoop', val_interval=16000)
train_dataloader = dict(
    batch_size=4,
    dataset=dict(
        data_prefix=dict(
            img_path='images/train', seg_map_path='annotations_binary/train'),
        data_root='data/cbis/cbis-linked',
        pipeline=[
            dict(type='LoadImageFromFile'),
            dict(reduce_zero_label=False, type='LoadAnnotations'),
            dict(keep_ratio=True, scale=(
                512,
                512,
            ), type='Resize'),
            dict(prob=0.5, type='RandomFlip'),
            dict(type='PackSegInputs'),
        ],
        type='CBISBinaryDataset'),
    num_workers=4,
    persistent_workers=True,
    sampler=dict(shuffle=True, type='InfiniteSampler'))
train_pipeline = [
    dict(type='LoadImageFromFile'),
    dict(reduce_zero_label=False, type='LoadAnnotations'),
    dict(keep_ratio=True, scale=(
        512,
        512,
    ), type='Resize'),
    dict(prob=0.5, type='RandomFlip'),
    dict(type='PackSegInputs'),
]
tta_model = dict(type='SegTTAModel')
tta_pipeline = None
val_cfg = dict(type='ValLoop')
val_dataloader = dict(
    batch_size=1,
    dataset=dict(
        data_prefix=dict(
            img_path='images/val', seg_map_path='annotations_binary/val'),
        data_root='data/cbis/cbis-linked',
        pipeline=[
            dict(type='LoadImageFromFile'),
            dict(keep_ratio=True, scale=(
                512,
                512,
            ), type='Resize'),
            dict(reduce_zero_label=False, type='LoadAnnotations'),
            dict(type='PackSegInputs'),
        ],
        type='CBISBinaryDataset'),
    num_workers=4,
    persistent_workers=True,
    sampler=dict(shuffle=False, type='DefaultSampler'))
val_evaluator = dict(
    iou_metrics=[
        'mIoU',
    ], type='IoUMetric')
val_pipeline = [
    dict(type='LoadImageFromFile'),
    dict(keep_ratio=True, scale=(
        512,
        512,
    ), type='Resize'),
    dict(reduce_zero_label=False, type='LoadAnnotations'),
    dict(type='PackSegInputs'),
]
vis_backends = [
    dict(type='LocalVisBackend'),
]
visualizer = dict(
    name='visualizer',
    type='SegLocalVisualizer',
    vis_backends=[
        dict(type='LocalVisBackend'),
    ])
work_dir = './work_dirs/setrvpt_vit-l_pup_8xb2-160k_cbis-ddsm-binary-512x512'

2024/01/14 13:44:43 - mmengine - INFO - Total parameters: 309508610
2024/01/14 13:44:43 - mmengine - INFO - Trainable parameters: 5362178
2024/01/14 13:44:44 - mmengine - INFO - Distributed training is not used, all SyncBatchNorm (SyncBN) layers in the model will be automatically reverted to BatchNormXd layers if they are used.
2024/01/14 13:44:44 - mmengine - INFO - Hooks will be executed in the following order:
before_run:
(VERY_HIGH   ) RuntimeInfoHook                    
(BELOW_NORMAL) LoggerHook                         
 -------------------- 
before_train:
(VERY_HIGH   ) RuntimeInfoHook                    
(NORMAL      ) IterTimerHook                      
(VERY_LOW    ) CheckpointHook                     
 -------------------- 
before_train_epoch:
(VERY_HIGH   ) RuntimeInfoHook                    
(NORMAL      ) IterTimerHook                      
(NORMAL      ) DistSamplerSeedHook                
 -------------------- 
before_train_iter:
(VERY_HIGH   ) RuntimeInfoHook                    
(NORMAL      ) IterTimerHook                      
 -------------------- 
after_train_iter:
(VERY_HIGH   ) RuntimeInfoHook                    
(NORMAL      ) IterTimerHook                      
(NORMAL      ) SegVisualizationHook               
(BELOW_NORMAL) LoggerHook                         
(LOW         ) ParamSchedulerHook                 
(VERY_LOW    ) CheckpointHook                     
 -------------------- 
after_train_epoch:
(NORMAL      ) IterTimerHook                      
(LOW         ) ParamSchedulerHook                 
(VERY_LOW    ) CheckpointHook                     
 -------------------- 
before_val:
(VERY_HIGH   ) RuntimeInfoHook                    
 -------------------- 
before_val_epoch:
(NORMAL      ) IterTimerHook                      
 -------------------- 
before_val_iter:
(NORMAL      ) IterTimerHook                      
 -------------------- 
after_val_iter:
(NORMAL      ) IterTimerHook                      
(NORMAL      ) SegVisualizationHook               
(BELOW_NORMAL) LoggerHook                         
 -------------------- 
after_val_epoch:
(VERY_HIGH   ) RuntimeInfoHook                    
(NORMAL      ) IterTimerHook                      
(BELOW_NORMAL) LoggerHook                         
(LOW         ) ParamSchedulerHook                 
(VERY_LOW    ) CheckpointHook                     
 -------------------- 
after_val:
(VERY_HIGH   ) RuntimeInfoHook                    
 -------------------- 
after_train:
(VERY_HIGH   ) RuntimeInfoHook                    
(VERY_LOW    ) CheckpointHook                     
 -------------------- 
before_test:
(VERY_HIGH   ) RuntimeInfoHook                    
 -------------------- 
before_test_epoch:
(NORMAL      ) IterTimerHook                      
 -------------------- 
before_test_iter:
(NORMAL      ) IterTimerHook                      
 -------------------- 
after_test_iter:
(NORMAL      ) IterTimerHook                      
(NORMAL      ) SegVisualizationHook               
(BELOW_NORMAL) LoggerHook                         
 -------------------- 
after_test_epoch:
(VERY_HIGH   ) RuntimeInfoHook                    
(NORMAL      ) IterTimerHook                      
(BELOW_NORMAL) LoggerHook                         
 -------------------- 
after_test:
(VERY_HIGH   ) RuntimeInfoHook                    
 -------------------- 
after_run:
(BELOW_NORMAL) LoggerHook                         
 -------------------- 
2024/01/14 13:44:46 - mmengine - INFO - paramwise_options -- decode_head.conv_seg.weight:lr=0.001
2024/01/14 13:44:46 - mmengine - INFO - paramwise_options -- decode_head.conv_seg.weight:weight_decay=0.001
2024/01/14 13:44:46 - mmengine - INFO - paramwise_options -- decode_head.conv_seg.weight:lr_mult=1.0
2024/01/14 13:44:46 - mmengine - INFO - paramwise_options -- decode_head.conv_seg.bias:lr=0.001
2024/01/14 13:44:46 - mmengine - INFO - paramwise_options -- decode_head.conv_seg.bias:weight_decay=0.001
2024/01/14 13:44:46 - mmengine - INFO - paramwise_options -- decode_head.conv_seg.bias:lr_mult=1.0
2024/01/14 13:44:46 - mmengine - INFO - paramwise_options -- decode_head.norm.weight:lr=0.001
2024/01/14 13:44:46 - mmengine - INFO - paramwise_options -- decode_head.norm.weight:weight_decay=0.001
2024/01/14 13:44:46 - mmengine - INFO - paramwise_options -- decode_head.norm.weight:lr_mult=1.0
2024/01/14 13:44:46 - mmengine - INFO - paramwise_options -- decode_head.norm.bias:lr=0.001
2024/01/14 13:44:46 - mmengine - INFO - paramwise_options -- decode_head.norm.bias:weight_decay=0.001
2024/01/14 13:44:46 - mmengine - INFO - paramwise_options -- decode_head.norm.bias:lr_mult=1.0
2024/01/14 13:44:46 - mmengine - INFO - paramwise_options -- decode_head.up_convs.0.0.conv.weight:lr=0.001
2024/01/14 13:44:46 - mmengine - INFO - paramwise_options -- decode_head.up_convs.0.0.conv.weight:weight_decay=0.001
2024/01/14 13:44:46 - mmengine - INFO - paramwise_options -- decode_head.up_convs.0.0.conv.weight:lr_mult=1.0
2024/01/14 13:44:46 - mmengine - INFO - paramwise_options -- decode_head.up_convs.0.0.bn.weight:lr=0.001
2024/01/14 13:44:46 - mmengine - INFO - paramwise_options -- decode_head.up_convs.0.0.bn.weight:weight_decay=0.001
2024/01/14 13:44:46 - mmengine - INFO - paramwise_options -- decode_head.up_convs.0.0.bn.weight:lr_mult=1.0
2024/01/14 13:44:46 - mmengine - INFO - paramwise_options -- decode_head.up_convs.0.0.bn.bias:lr=0.001
2024/01/14 13:44:46 - mmengine - INFO - paramwise_options -- decode_head.up_convs.0.0.bn.bias:weight_decay=0.001
2024/01/14 13:44:46 - mmengine - INFO - paramwise_options -- decode_head.up_convs.0.0.bn.bias:lr_mult=1.0
2024/01/14 13:44:46 - mmengine - INFO - paramwise_options -- decode_head.up_convs.1.0.conv.weight:lr=0.001
2024/01/14 13:44:46 - mmengine - INFO - paramwise_options -- decode_head.up_convs.1.0.conv.weight:weight_decay=0.001
2024/01/14 13:44:46 - mmengine - INFO - paramwise_options -- decode_head.up_convs.1.0.conv.weight:lr_mult=1.0
2024/01/14 13:44:46 - mmengine - INFO - paramwise_options -- decode_head.up_convs.1.0.bn.weight:lr=0.001
2024/01/14 13:44:46 - mmengine - INFO - paramwise_options -- decode_head.up_convs.1.0.bn.weight:weight_decay=0.001
2024/01/14 13:44:46 - mmengine - INFO - paramwise_options -- decode_head.up_convs.1.0.bn.weight:lr_mult=1.0
2024/01/14 13:44:46 - mmengine - INFO - paramwise_options -- decode_head.up_convs.1.0.bn.bias:lr=0.001
2024/01/14 13:44:46 - mmengine - INFO - paramwise_options -- decode_head.up_convs.1.0.bn.bias:weight_decay=0.001
2024/01/14 13:44:46 - mmengine - INFO - paramwise_options -- decode_head.up_convs.1.0.bn.bias:lr_mult=1.0
2024/01/14 13:44:46 - mmengine - INFO - paramwise_options -- decode_head.up_convs.2.0.conv.weight:lr=0.001
2024/01/14 13:44:46 - mmengine - INFO - paramwise_options -- decode_head.up_convs.2.0.conv.weight:weight_decay=0.001
2024/01/14 13:44:46 - mmengine - INFO - paramwise_options -- decode_head.up_convs.2.0.conv.weight:lr_mult=1.0
2024/01/14 13:44:46 - mmengine - INFO - paramwise_options -- decode_head.up_convs.2.0.bn.weight:lr=0.001
2024/01/14 13:44:46 - mmengine - INFO - paramwise_options -- decode_head.up_convs.2.0.bn.weight:weight_decay=0.001
2024/01/14 13:44:46 - mmengine - INFO - paramwise_options -- decode_head.up_convs.2.0.bn.weight:lr_mult=1.0
2024/01/14 13:44:46 - mmengine - INFO - paramwise_options -- decode_head.up_convs.2.0.bn.bias:lr=0.001
2024/01/14 13:44:46 - mmengine - INFO - paramwise_options -- decode_head.up_convs.2.0.bn.bias:weight_decay=0.001
2024/01/14 13:44:46 - mmengine - INFO - paramwise_options -- decode_head.up_convs.2.0.bn.bias:lr_mult=1.0
2024/01/14 13:44:46 - mmengine - INFO - paramwise_options -- decode_head.up_convs.3.0.conv.weight:lr=0.001
2024/01/14 13:44:46 - mmengine - INFO - paramwise_options -- decode_head.up_convs.3.0.conv.weight:weight_decay=0.001
2024/01/14 13:44:46 - mmengine - INFO - paramwise_options -- decode_head.up_convs.3.0.conv.weight:lr_mult=1.0
2024/01/14 13:44:46 - mmengine - INFO - paramwise_options -- decode_head.up_convs.3.0.bn.weight:lr=0.001
2024/01/14 13:44:46 - mmengine - INFO - paramwise_options -- decode_head.up_convs.3.0.bn.weight:weight_decay=0.001
2024/01/14 13:44:46 - mmengine - INFO - paramwise_options -- decode_head.up_convs.3.0.bn.weight:lr_mult=1.0
2024/01/14 13:44:46 - mmengine - INFO - paramwise_options -- decode_head.up_convs.3.0.bn.bias:lr=0.001
2024/01/14 13:44:46 - mmengine - INFO - paramwise_options -- decode_head.up_convs.3.0.bn.bias:weight_decay=0.001
2024/01/14 13:44:46 - mmengine - INFO - paramwise_options -- decode_head.up_convs.3.0.bn.bias:lr_mult=1.0
2024/01/14 13:44:48 - mmengine - WARNING - The prefix is not set in metric class IoUMetric.
Name of parameter - Initialization information

backbone.cls_token - torch.Size([1, 1, 1024]): 
Initialized by user-defined `init_weights` in PromptedVisionTransformer  

backbone.pos_embed - torch.Size([1, 1025, 1024]): 
Initialized by user-defined `init_weights` in PromptedVisionTransformer  

backbone.prompt_embeddings - torch.Size([24, 50, 1024]): 
The value is the same before and after calling `init_weights` of EncoderDecoder  

backbone.patch_embed.projection.weight - torch.Size([1024, 3, 16, 16]): 
Initialized by user-defined `init_weights` in PromptedVisionTransformer  

backbone.layers.0.ln1.weight - torch.Size([1024]): 
Initialized by user-defined `init_weights` in PromptedVisionTransformer  

backbone.layers.0.ln1.bias - torch.Size([1024]): 
Initialized by user-defined `init_weights` in PromptedVisionTransformer  

backbone.layers.0.attn.attn.in_proj_weight - torch.Size([3072, 1024]): 
Initialized by user-defined `init_weights` in PromptedVisionTransformer  

backbone.layers.0.attn.attn.in_proj_bias - torch.Size([3072]): 
Initialized by user-defined `init_weights` in PromptedVisionTransformer  

backbone.layers.0.attn.attn.out_proj.weight - torch.Size([1024, 1024]): 
Initialized by user-defined `init_weights` in PromptedVisionTransformer  

backbone.layers.0.attn.attn.out_proj.bias - torch.Size([1024]): 
Initialized by user-defined `init_weights` in PromptedVisionTransformer  

backbone.layers.0.ln2.weight - torch.Size([1024]): 
Initialized by user-defined `init_weights` in PromptedVisionTransformer  

backbone.layers.0.ln2.bias - torch.Size([1024]): 
Initialized by user-defined `init_weights` in PromptedVisionTransformer  

backbone.layers.0.ffn.layers.0.0.weight - torch.Size([4096, 1024]): 
Initialized by user-defined `init_weights` in PromptedVisionTransformer  

backbone.layers.0.ffn.layers.0.0.bias - torch.Size([4096]): 
Initialized by user-defined `init_weights` in PromptedVisionTransformer  

backbone.layers.0.ffn.layers.1.weight - torch.Size([1024, 4096]): 
Initialized by user-defined `init_weights` in PromptedVisionTransformer  

backbone.layers.0.ffn.layers.1.bias - torch.Size([1024]): 
Initialized by user-defined `init_weights` in PromptedVisionTransformer  

backbone.layers.1.ln1.weight - torch.Size([1024]): 
Initialized by user-defined `init_weights` in PromptedVisionTransformer  

backbone.layers.1.ln1.bias - torch.Size([1024]): 
Initialized by user-defined `init_weights` in PromptedVisionTransformer  

backbone.layers.1.attn.attn.in_proj_weight - torch.Size([3072, 1024]): 
Initialized by user-defined `init_weights` in PromptedVisionTransformer  

backbone.layers.1.attn.attn.in_proj_bias - torch.Size([3072]): 
Initialized by user-defined `init_weights` in PromptedVisionTransformer  

backbone.layers.1.attn.attn.out_proj.weight - torch.Size([1024, 1024]): 
Initialized by user-defined `init_weights` in PromptedVisionTransformer  

backbone.layers.1.attn.attn.out_proj.bias - torch.Size([1024]): 
Initialized by user-defined `init_weights` in PromptedVisionTransformer  

backbone.layers.1.ln2.weight - torch.Size([1024]): 
Initialized by user-defined `init_weights` in PromptedVisionTransformer  

backbone.layers.1.ln2.bias - torch.Size([1024]): 
Initialized by user-defined `init_weights` in PromptedVisionTransformer  

backbone.layers.1.ffn.layers.0.0.weight - torch.Size([4096, 1024]): 
Initialized by user-defined `init_weights` in PromptedVisionTransformer  

backbone.layers.1.ffn.layers.0.0.bias - torch.Size([4096]): 
Initialized by user-defined `init_weights` in PromptedVisionTransformer  

backbone.layers.1.ffn.layers.1.weight - torch.Size([1024, 4096]): 
Initialized by user-defined `init_weights` in PromptedVisionTransformer  

backbone.layers.1.ffn.layers.1.bias - torch.Size([1024]): 
Initialized by user-defined `init_weights` in PromptedVisionTransformer  

backbone.layers.2.ln1.weight - torch.Size([1024]): 
Initialized by user-defined `init_weights` in PromptedVisionTransformer  

backbone.layers.2.ln1.bias - torch.Size([1024]): 
Initialized by user-defined `init_weights` in PromptedVisionTransformer  

backbone.layers.2.attn.attn.in_proj_weight - torch.Size([3072, 1024]): 
Initialized by user-defined `init_weights` in PromptedVisionTransformer  

backbone.layers.2.attn.attn.in_proj_bias - torch.Size([3072]): 
Initialized by user-defined `init_weights` in PromptedVisionTransformer  

backbone.layers.2.attn.attn.out_proj.weight - torch.Size([1024, 1024]): 
Initialized by user-defined `init_weights` in PromptedVisionTransformer  

backbone.layers.2.attn.attn.out_proj.bias - torch.Size([1024]): 
Initialized by user-defined `init_weights` in PromptedVisionTransformer  

backbone.layers.2.ln2.weight - torch.Size([1024]): 
Initialized by user-defined `init_weights` in PromptedVisionTransformer  

backbone.layers.2.ln2.bias - torch.Size([1024]): 
Initialized by user-defined `init_weights` in PromptedVisionTransformer  

backbone.layers.2.ffn.layers.0.0.weight - torch.Size([4096, 1024]): 
Initialized by user-defined `init_weights` in PromptedVisionTransformer  

backbone.layers.2.ffn.layers.0.0.bias - torch.Size([4096]): 
Initialized by user-defined `init_weights` in PromptedVisionTransformer  

backbone.layers.2.ffn.layers.1.weight - torch.Size([1024, 4096]): 
Initialized by user-defined `init_weights` in PromptedVisionTransformer  

backbone.layers.2.ffn.layers.1.bias - torch.Size([1024]): 
Initialized by user-defined `init_weights` in PromptedVisionTransformer  

backbone.layers.3.ln1.weight - torch.Size([1024]): 
Initialized by user-defined `init_weights` in PromptedVisionTransformer  

backbone.layers.3.ln1.bias - torch.Size([1024]): 
Initialized by user-defined `init_weights` in PromptedVisionTransformer  

backbone.layers.3.attn.attn.in_proj_weight - torch.Size([3072, 1024]): 
Initialized by user-defined `init_weights` in PromptedVisionTransformer  

backbone.layers.3.attn.attn.in_proj_bias - torch.Size([3072]): 
Initialized by user-defined `init_weights` in PromptedVisionTransformer  

backbone.layers.3.attn.attn.out_proj.weight - torch.Size([1024, 1024]): 
Initialized by user-defined `init_weights` in PromptedVisionTransformer  

backbone.layers.3.attn.attn.out_proj.bias - torch.Size([1024]): 
Initialized by user-defined `init_weights` in PromptedVisionTransformer  

backbone.layers.3.ln2.weight - torch.Size([1024]): 
Initialized by user-defined `init_weights` in PromptedVisionTransformer  

backbone.layers.3.ln2.bias - torch.Size([1024]): 
Initialized by user-defined `init_weights` in PromptedVisionTransformer  

backbone.layers.3.ffn.layers.0.0.weight - torch.Size([4096, 1024]): 
Initialized by user-defined `init_weights` in PromptedVisionTransformer  

backbone.layers.3.ffn.layers.0.0.bias - torch.Size([4096]): 
Initialized by user-defined `init_weights` in PromptedVisionTransformer  

backbone.layers.3.ffn.layers.1.weight - torch.Size([1024, 4096]): 
Initialized by user-defined `init_weights` in PromptedVisionTransformer  

backbone.layers.3.ffn.layers.1.bias - torch.Size([1024]): 
Initialized by user-defined `init_weights` in PromptedVisionTransformer  

backbone.layers.4.ln1.weight - torch.Size([1024]): 
Initialized by user-defined `init_weights` in PromptedVisionTransformer  

backbone.layers.4.ln1.bias - torch.Size([1024]): 
Initialized by user-defined `init_weights` in PromptedVisionTransformer  

backbone.layers.4.attn.attn.in_proj_weight - torch.Size([3072, 1024]): 
Initialized by user-defined `init_weights` in PromptedVisionTransformer  

backbone.layers.4.attn.attn.in_proj_bias - torch.Size([3072]): 
Initialized by user-defined `init_weights` in PromptedVisionTransformer  

backbone.layers.4.attn.attn.out_proj.weight - torch.Size([1024, 1024]): 
Initialized by user-defined `init_weights` in PromptedVisionTransformer  

backbone.layers.4.attn.attn.out_proj.bias - torch.Size([1024]): 
Initialized by user-defined `init_weights` in PromptedVisionTransformer  

backbone.layers.4.ln2.weight - torch.Size([1024]): 
Initialized by user-defined `init_weights` in PromptedVisionTransformer  

backbone.layers.4.ln2.bias - torch.Size([1024]): 
Initialized by user-defined `init_weights` in PromptedVisionTransformer  

backbone.layers.4.ffn.layers.0.0.weight - torch.Size([4096, 1024]): 
Initialized by user-defined `init_weights` in PromptedVisionTransformer  

backbone.layers.4.ffn.layers.0.0.bias - torch.Size([4096]): 
Initialized by user-defined `init_weights` in PromptedVisionTransformer  

backbone.layers.4.ffn.layers.1.weight - torch.Size([1024, 4096]): 
Initialized by user-defined `init_weights` in PromptedVisionTransformer  

backbone.layers.4.ffn.layers.1.bias - torch.Size([1024]): 
Initialized by user-defined `init_weights` in PromptedVisionTransformer  

backbone.layers.5.ln1.weight - torch.Size([1024]): 
Initialized by user-defined `init_weights` in PromptedVisionTransformer  

backbone.layers.5.ln1.bias - torch.Size([1024]): 
Initialized by user-defined `init_weights` in PromptedVisionTransformer  

backbone.layers.5.attn.attn.in_proj_weight - torch.Size([3072, 1024]): 
Initialized by user-defined `init_weights` in PromptedVisionTransformer  

backbone.layers.5.attn.attn.in_proj_bias - torch.Size([3072]): 
Initialized by user-defined `init_weights` in PromptedVisionTransformer  

backbone.layers.5.attn.attn.out_proj.weight - torch.Size([1024, 1024]): 
Initialized by user-defined `init_weights` in PromptedVisionTransformer  

backbone.layers.5.attn.attn.out_proj.bias - torch.Size([1024]): 
Initialized by user-defined `init_weights` in PromptedVisionTransformer  

backbone.layers.5.ln2.weight - torch.Size([1024]): 
Initialized by user-defined `init_weights` in PromptedVisionTransformer  

backbone.layers.5.ln2.bias - torch.Size([1024]): 
Initialized by user-defined `init_weights` in PromptedVisionTransformer  

backbone.layers.5.ffn.layers.0.0.weight - torch.Size([4096, 1024]): 
Initialized by user-defined `init_weights` in PromptedVisionTransformer  

backbone.layers.5.ffn.layers.0.0.bias - torch.Size([4096]): 
Initialized by user-defined `init_weights` in PromptedVisionTransformer  

backbone.layers.5.ffn.layers.1.weight - torch.Size([1024, 4096]): 
Initialized by user-defined `init_weights` in PromptedVisionTransformer  

backbone.layers.5.ffn.layers.1.bias - torch.Size([1024]): 
Initialized by user-defined `init_weights` in PromptedVisionTransformer  

backbone.layers.6.ln1.weight - torch.Size([1024]): 
Initialized by user-defined `init_weights` in PromptedVisionTransformer  

backbone.layers.6.ln1.bias - torch.Size([1024]): 
Initialized by user-defined `init_weights` in PromptedVisionTransformer  

backbone.layers.6.attn.attn.in_proj_weight - torch.Size([3072, 1024]): 
Initialized by user-defined `init_weights` in PromptedVisionTransformer  

backbone.layers.6.attn.attn.in_proj_bias - torch.Size([3072]): 
Initialized by user-defined `init_weights` in PromptedVisionTransformer  

backbone.layers.6.attn.attn.out_proj.weight - torch.Size([1024, 1024]): 
Initialized by user-defined `init_weights` in PromptedVisionTransformer  

backbone.layers.6.attn.attn.out_proj.bias - torch.Size([1024]): 
Initialized by user-defined `init_weights` in PromptedVisionTransformer  

backbone.layers.6.ln2.weight - torch.Size([1024]): 
Initialized by user-defined `init_weights` in PromptedVisionTransformer  

backbone.layers.6.ln2.bias - torch.Size([1024]): 
Initialized by user-defined `init_weights` in PromptedVisionTransformer  

backbone.layers.6.ffn.layers.0.0.weight - torch.Size([4096, 1024]): 
Initialized by user-defined `init_weights` in PromptedVisionTransformer  

backbone.layers.6.ffn.layers.0.0.bias - torch.Size([4096]): 
Initialized by user-defined `init_weights` in PromptedVisionTransformer  

backbone.layers.6.ffn.layers.1.weight - torch.Size([1024, 4096]): 
Initialized by user-defined `init_weights` in PromptedVisionTransformer  

backbone.layers.6.ffn.layers.1.bias - torch.Size([1024]): 
Initialized by user-defined `init_weights` in PromptedVisionTransformer  

backbone.layers.7.ln1.weight - torch.Size([1024]): 
Initialized by user-defined `init_weights` in PromptedVisionTransformer  

backbone.layers.7.ln1.bias - torch.Size([1024]): 
Initialized by user-defined `init_weights` in PromptedVisionTransformer  

backbone.layers.7.attn.attn.in_proj_weight - torch.Size([3072, 1024]): 
Initialized by user-defined `init_weights` in PromptedVisionTransformer  

backbone.layers.7.attn.attn.in_proj_bias - torch.Size([3072]): 
Initialized by user-defined `init_weights` in PromptedVisionTransformer  

backbone.layers.7.attn.attn.out_proj.weight - torch.Size([1024, 1024]): 
Initialized by user-defined `init_weights` in PromptedVisionTransformer  

backbone.layers.7.attn.attn.out_proj.bias - torch.Size([1024]): 
Initialized by user-defined `init_weights` in PromptedVisionTransformer  

backbone.layers.7.ln2.weight - torch.Size([1024]): 
Initialized by user-defined `init_weights` in PromptedVisionTransformer  

backbone.layers.7.ln2.bias - torch.Size([1024]): 
Initialized by user-defined `init_weights` in PromptedVisionTransformer  

backbone.layers.7.ffn.layers.0.0.weight - torch.Size([4096, 1024]): 
Initialized by user-defined `init_weights` in PromptedVisionTransformer  

backbone.layers.7.ffn.layers.0.0.bias - torch.Size([4096]): 
Initialized by user-defined `init_weights` in PromptedVisionTransformer  

backbone.layers.7.ffn.layers.1.weight - torch.Size([1024, 4096]): 
Initialized by user-defined `init_weights` in PromptedVisionTransformer  

backbone.layers.7.ffn.layers.1.bias - torch.Size([1024]): 
Initialized by user-defined `init_weights` in PromptedVisionTransformer  

backbone.layers.8.ln1.weight - torch.Size([1024]): 
Initialized by user-defined `init_weights` in PromptedVisionTransformer  

backbone.layers.8.ln1.bias - torch.Size([1024]): 
Initialized by user-defined `init_weights` in PromptedVisionTransformer  

backbone.layers.8.attn.attn.in_proj_weight - torch.Size([3072, 1024]): 
Initialized by user-defined `init_weights` in PromptedVisionTransformer  

backbone.layers.8.attn.attn.in_proj_bias - torch.Size([3072]): 
Initialized by user-defined `init_weights` in PromptedVisionTransformer  

backbone.layers.8.attn.attn.out_proj.weight - torch.Size([1024, 1024]): 
Initialized by user-defined `init_weights` in PromptedVisionTransformer  

backbone.layers.8.attn.attn.out_proj.bias - torch.Size([1024]): 
Initialized by user-defined `init_weights` in PromptedVisionTransformer  

backbone.layers.8.ln2.weight - torch.Size([1024]): 
Initialized by user-defined `init_weights` in PromptedVisionTransformer  

backbone.layers.8.ln2.bias - torch.Size([1024]): 
Initialized by user-defined `init_weights` in PromptedVisionTransformer  

backbone.layers.8.ffn.layers.0.0.weight - torch.Size([4096, 1024]): 
Initialized by user-defined `init_weights` in PromptedVisionTransformer  

backbone.layers.8.ffn.layers.0.0.bias - torch.Size([4096]): 
Initialized by user-defined `init_weights` in PromptedVisionTransformer  

backbone.layers.8.ffn.layers.1.weight - torch.Size([1024, 4096]): 
Initialized by user-defined `init_weights` in PromptedVisionTransformer  

backbone.layers.8.ffn.layers.1.bias - torch.Size([1024]): 
Initialized by user-defined `init_weights` in PromptedVisionTransformer  

backbone.layers.9.ln1.weight - torch.Size([1024]): 
Initialized by user-defined `init_weights` in PromptedVisionTransformer  

backbone.layers.9.ln1.bias - torch.Size([1024]): 
Initialized by user-defined `init_weights` in PromptedVisionTransformer  

backbone.layers.9.attn.attn.in_proj_weight - torch.Size([3072, 1024]): 
Initialized by user-defined `init_weights` in PromptedVisionTransformer  

backbone.layers.9.attn.attn.in_proj_bias - torch.Size([3072]): 
Initialized by user-defined `init_weights` in PromptedVisionTransformer  

backbone.layers.9.attn.attn.out_proj.weight - torch.Size([1024, 1024]): 
Initialized by user-defined `init_weights` in PromptedVisionTransformer  

backbone.layers.9.attn.attn.out_proj.bias - torch.Size([1024]): 
Initialized by user-defined `init_weights` in PromptedVisionTransformer  

backbone.layers.9.ln2.weight - torch.Size([1024]): 
Initialized by user-defined `init_weights` in PromptedVisionTransformer  

backbone.layers.9.ln2.bias - torch.Size([1024]): 
Initialized by user-defined `init_weights` in PromptedVisionTransformer  

backbone.layers.9.ffn.layers.0.0.weight - torch.Size([4096, 1024]): 
Initialized by user-defined `init_weights` in PromptedVisionTransformer  

backbone.layers.9.ffn.layers.0.0.bias - torch.Size([4096]): 
Initialized by user-defined `init_weights` in PromptedVisionTransformer  

backbone.layers.9.ffn.layers.1.weight - torch.Size([1024, 4096]): 
Initialized by user-defined `init_weights` in PromptedVisionTransformer  

backbone.layers.9.ffn.layers.1.bias - torch.Size([1024]): 
Initialized by user-defined `init_weights` in PromptedVisionTransformer  

backbone.layers.10.ln1.weight - torch.Size([1024]): 
Initialized by user-defined `init_weights` in PromptedVisionTransformer  

backbone.layers.10.ln1.bias - torch.Size([1024]): 
Initialized by user-defined `init_weights` in PromptedVisionTransformer  

backbone.layers.10.attn.attn.in_proj_weight - torch.Size([3072, 1024]): 
Initialized by user-defined `init_weights` in PromptedVisionTransformer  

backbone.layers.10.attn.attn.in_proj_bias - torch.Size([3072]): 
Initialized by user-defined `init_weights` in PromptedVisionTransformer  

backbone.layers.10.attn.attn.out_proj.weight - torch.Size([1024, 1024]): 
Initialized by user-defined `init_weights` in PromptedVisionTransformer  

backbone.layers.10.attn.attn.out_proj.bias - torch.Size([1024]): 
Initialized by user-defined `init_weights` in PromptedVisionTransformer  

backbone.layers.10.ln2.weight - torch.Size([1024]): 
Initialized by user-defined `init_weights` in PromptedVisionTransformer  

backbone.layers.10.ln2.bias - torch.Size([1024]): 
Initialized by user-defined `init_weights` in PromptedVisionTransformer  

backbone.layers.10.ffn.layers.0.0.weight - torch.Size([4096, 1024]): 
Initialized by user-defined `init_weights` in PromptedVisionTransformer  

backbone.layers.10.ffn.layers.0.0.bias - torch.Size([4096]): 
Initialized by user-defined `init_weights` in PromptedVisionTransformer  

backbone.layers.10.ffn.layers.1.weight - torch.Size([1024, 4096]): 
Initialized by user-defined `init_weights` in PromptedVisionTransformer  

backbone.layers.10.ffn.layers.1.bias - torch.Size([1024]): 
Initialized by user-defined `init_weights` in PromptedVisionTransformer  

backbone.layers.11.ln1.weight - torch.Size([1024]): 
Initialized by user-defined `init_weights` in PromptedVisionTransformer  

backbone.layers.11.ln1.bias - torch.Size([1024]): 
Initialized by user-defined `init_weights` in PromptedVisionTransformer  

backbone.layers.11.attn.attn.in_proj_weight - torch.Size([3072, 1024]): 
Initialized by user-defined `init_weights` in PromptedVisionTransformer  

backbone.layers.11.attn.attn.in_proj_bias - torch.Size([3072]): 
Initialized by user-defined `init_weights` in PromptedVisionTransformer  

backbone.layers.11.attn.attn.out_proj.weight - torch.Size([1024, 1024]): 
Initialized by user-defined `init_weights` in PromptedVisionTransformer  

backbone.layers.11.attn.attn.out_proj.bias - torch.Size([1024]): 
Initialized by user-defined `init_weights` in PromptedVisionTransformer  

backbone.layers.11.ln2.weight - torch.Size([1024]): 
Initialized by user-defined `init_weights` in PromptedVisionTransformer  

backbone.layers.11.ln2.bias - torch.Size([1024]): 
Initialized by user-defined `init_weights` in PromptedVisionTransformer  

backbone.layers.11.ffn.layers.0.0.weight - torch.Size([4096, 1024]): 
Initialized by user-defined `init_weights` in PromptedVisionTransformer  

backbone.layers.11.ffn.layers.0.0.bias - torch.Size([4096]): 
Initialized by user-defined `init_weights` in PromptedVisionTransformer  

backbone.layers.11.ffn.layers.1.weight - torch.Size([1024, 4096]): 
Initialized by user-defined `init_weights` in PromptedVisionTransformer  

backbone.layers.11.ffn.layers.1.bias - torch.Size([1024]): 
Initialized by user-defined `init_weights` in PromptedVisionTransformer  

backbone.layers.12.ln1.weight - torch.Size([1024]): 
Initialized by user-defined `init_weights` in PromptedVisionTransformer  

backbone.layers.12.ln1.bias - torch.Size([1024]): 
Initialized by user-defined `init_weights` in PromptedVisionTransformer  

backbone.layers.12.attn.attn.in_proj_weight - torch.Size([3072, 1024]): 
Initialized by user-defined `init_weights` in PromptedVisionTransformer  

backbone.layers.12.attn.attn.in_proj_bias - torch.Size([3072]): 
Initialized by user-defined `init_weights` in PromptedVisionTransformer  

backbone.layers.12.attn.attn.out_proj.weight - torch.Size([1024, 1024]): 
Initialized by user-defined `init_weights` in PromptedVisionTransformer  

backbone.layers.12.attn.attn.out_proj.bias - torch.Size([1024]): 
Initialized by user-defined `init_weights` in PromptedVisionTransformer  

backbone.layers.12.ln2.weight - torch.Size([1024]): 
Initialized by user-defined `init_weights` in PromptedVisionTransformer  

backbone.layers.12.ln2.bias - torch.Size([1024]): 
Initialized by user-defined `init_weights` in PromptedVisionTransformer  

backbone.layers.12.ffn.layers.0.0.weight - torch.Size([4096, 1024]): 
Initialized by user-defined `init_weights` in PromptedVisionTransformer  

backbone.layers.12.ffn.layers.0.0.bias - torch.Size([4096]): 
Initialized by user-defined `init_weights` in PromptedVisionTransformer  

backbone.layers.12.ffn.layers.1.weight - torch.Size([1024, 4096]): 
Initialized by user-defined `init_weights` in PromptedVisionTransformer  

backbone.layers.12.ffn.layers.1.bias - torch.Size([1024]): 
Initialized by user-defined `init_weights` in PromptedVisionTransformer  

backbone.layers.13.ln1.weight - torch.Size([1024]): 
Initialized by user-defined `init_weights` in PromptedVisionTransformer  

backbone.layers.13.ln1.bias - torch.Size([1024]): 
Initialized by user-defined `init_weights` in PromptedVisionTransformer  

backbone.layers.13.attn.attn.in_proj_weight - torch.Size([3072, 1024]): 
Initialized by user-defined `init_weights` in PromptedVisionTransformer  

backbone.layers.13.attn.attn.in_proj_bias - torch.Size([3072]): 
Initialized by user-defined `init_weights` in PromptedVisionTransformer  

backbone.layers.13.attn.attn.out_proj.weight - torch.Size([1024, 1024]): 
Initialized by user-defined `init_weights` in PromptedVisionTransformer  

backbone.layers.13.attn.attn.out_proj.bias - torch.Size([1024]): 
Initialized by user-defined `init_weights` in PromptedVisionTransformer  

backbone.layers.13.ln2.weight - torch.Size([1024]): 
Initialized by user-defined `init_weights` in PromptedVisionTransformer  

backbone.layers.13.ln2.bias - torch.Size([1024]): 
Initialized by user-defined `init_weights` in PromptedVisionTransformer  

backbone.layers.13.ffn.layers.0.0.weight - torch.Size([4096, 1024]): 
Initialized by user-defined `init_weights` in PromptedVisionTransformer  

backbone.layers.13.ffn.layers.0.0.bias - torch.Size([4096]): 
Initialized by user-defined `init_weights` in PromptedVisionTransformer  

backbone.layers.13.ffn.layers.1.weight - torch.Size([1024, 4096]): 
Initialized by user-defined `init_weights` in PromptedVisionTransformer  

backbone.layers.13.ffn.layers.1.bias - torch.Size([1024]): 
Initialized by user-defined `init_weights` in PromptedVisionTransformer  

backbone.layers.14.ln1.weight - torch.Size([1024]): 
Initialized by user-defined `init_weights` in PromptedVisionTransformer  

backbone.layers.14.ln1.bias - torch.Size([1024]): 
Initialized by user-defined `init_weights` in PromptedVisionTransformer  

backbone.layers.14.attn.attn.in_proj_weight - torch.Size([3072, 1024]): 
Initialized by user-defined `init_weights` in PromptedVisionTransformer  

backbone.layers.14.attn.attn.in_proj_bias - torch.Size([3072]): 
Initialized by user-defined `init_weights` in PromptedVisionTransformer  

backbone.layers.14.attn.attn.out_proj.weight - torch.Size([1024, 1024]): 
Initialized by user-defined `init_weights` in PromptedVisionTransformer  

backbone.layers.14.attn.attn.out_proj.bias - torch.Size([1024]): 
Initialized by user-defined `init_weights` in PromptedVisionTransformer  

backbone.layers.14.ln2.weight - torch.Size([1024]): 
Initialized by user-defined `init_weights` in PromptedVisionTransformer  

backbone.layers.14.ln2.bias - torch.Size([1024]): 
Initialized by user-defined `init_weights` in PromptedVisionTransformer  

backbone.layers.14.ffn.layers.0.0.weight - torch.Size([4096, 1024]): 
Initialized by user-defined `init_weights` in PromptedVisionTransformer  

backbone.layers.14.ffn.layers.0.0.bias - torch.Size([4096]): 
Initialized by user-defined `init_weights` in PromptedVisionTransformer  

backbone.layers.14.ffn.layers.1.weight - torch.Size([1024, 4096]): 
Initialized by user-defined `init_weights` in PromptedVisionTransformer  

backbone.layers.14.ffn.layers.1.bias - torch.Size([1024]): 
Initialized by user-defined `init_weights` in PromptedVisionTransformer  

backbone.layers.15.ln1.weight - torch.Size([1024]): 
Initialized by user-defined `init_weights` in PromptedVisionTransformer  

backbone.layers.15.ln1.bias - torch.Size([1024]): 
Initialized by user-defined `init_weights` in PromptedVisionTransformer  

backbone.layers.15.attn.attn.in_proj_weight - torch.Size([3072, 1024]): 
Initialized by user-defined `init_weights` in PromptedVisionTransformer  

backbone.layers.15.attn.attn.in_proj_bias - torch.Size([3072]): 
Initialized by user-defined `init_weights` in PromptedVisionTransformer  

backbone.layers.15.attn.attn.out_proj.weight - torch.Size([1024, 1024]): 
Initialized by user-defined `init_weights` in PromptedVisionTransformer  

backbone.layers.15.attn.attn.out_proj.bias - torch.Size([1024]): 
Initialized by user-defined `init_weights` in PromptedVisionTransformer  

backbone.layers.15.ln2.weight - torch.Size([1024]): 
Initialized by user-defined `init_weights` in PromptedVisionTransformer  

backbone.layers.15.ln2.bias - torch.Size([1024]): 
Initialized by user-defined `init_weights` in PromptedVisionTransformer  

backbone.layers.15.ffn.layers.0.0.weight - torch.Size([4096, 1024]): 
Initialized by user-defined `init_weights` in PromptedVisionTransformer  

backbone.layers.15.ffn.layers.0.0.bias - torch.Size([4096]): 
Initialized by user-defined `init_weights` in PromptedVisionTransformer  

backbone.layers.15.ffn.layers.1.weight - torch.Size([1024, 4096]): 
Initialized by user-defined `init_weights` in PromptedVisionTransformer  

backbone.layers.15.ffn.layers.1.bias - torch.Size([1024]): 
Initialized by user-defined `init_weights` in PromptedVisionTransformer  

backbone.layers.16.ln1.weight - torch.Size([1024]): 
Initialized by user-defined `init_weights` in PromptedVisionTransformer  

backbone.layers.16.ln1.bias - torch.Size([1024]): 
Initialized by user-defined `init_weights` in PromptedVisionTransformer  

backbone.layers.16.attn.attn.in_proj_weight - torch.Size([3072, 1024]): 
Initialized by user-defined `init_weights` in PromptedVisionTransformer  

backbone.layers.16.attn.attn.in_proj_bias - torch.Size([3072]): 
Initialized by user-defined `init_weights` in PromptedVisionTransformer  

backbone.layers.16.attn.attn.out_proj.weight - torch.Size([1024, 1024]): 
Initialized by user-defined `init_weights` in PromptedVisionTransformer  

backbone.layers.16.attn.attn.out_proj.bias - torch.Size([1024]): 
Initialized by user-defined `init_weights` in PromptedVisionTransformer  

backbone.layers.16.ln2.weight - torch.Size([1024]): 
Initialized by user-defined `init_weights` in PromptedVisionTransformer  

backbone.layers.16.ln2.bias - torch.Size([1024]): 
Initialized by user-defined `init_weights` in PromptedVisionTransformer  

backbone.layers.16.ffn.layers.0.0.weight - torch.Size([4096, 1024]): 
Initialized by user-defined `init_weights` in PromptedVisionTransformer  

backbone.layers.16.ffn.layers.0.0.bias - torch.Size([4096]): 
Initialized by user-defined `init_weights` in PromptedVisionTransformer  

backbone.layers.16.ffn.layers.1.weight - torch.Size([1024, 4096]): 
Initialized by user-defined `init_weights` in PromptedVisionTransformer  

backbone.layers.16.ffn.layers.1.bias - torch.Size([1024]): 
Initialized by user-defined `init_weights` in PromptedVisionTransformer  

backbone.layers.17.ln1.weight - torch.Size([1024]): 
Initialized by user-defined `init_weights` in PromptedVisionTransformer  

backbone.layers.17.ln1.bias - torch.Size([1024]): 
Initialized by user-defined `init_weights` in PromptedVisionTransformer  

backbone.layers.17.attn.attn.in_proj_weight - torch.Size([3072, 1024]): 
Initialized by user-defined `init_weights` in PromptedVisionTransformer  

backbone.layers.17.attn.attn.in_proj_bias - torch.Size([3072]): 
Initialized by user-defined `init_weights` in PromptedVisionTransformer  

backbone.layers.17.attn.attn.out_proj.weight - torch.Size([1024, 1024]): 
Initialized by user-defined `init_weights` in PromptedVisionTransformer  

backbone.layers.17.attn.attn.out_proj.bias - torch.Size([1024]): 
Initialized by user-defined `init_weights` in PromptedVisionTransformer  

backbone.layers.17.ln2.weight - torch.Size([1024]): 
Initialized by user-defined `init_weights` in PromptedVisionTransformer  

backbone.layers.17.ln2.bias - torch.Size([1024]): 
Initialized by user-defined `init_weights` in PromptedVisionTransformer  

backbone.layers.17.ffn.layers.0.0.weight - torch.Size([4096, 1024]): 
Initialized by user-defined `init_weights` in PromptedVisionTransformer  

backbone.layers.17.ffn.layers.0.0.bias - torch.Size([4096]): 
Initialized by user-defined `init_weights` in PromptedVisionTransformer  

backbone.layers.17.ffn.layers.1.weight - torch.Size([1024, 4096]): 
Initialized by user-defined `init_weights` in PromptedVisionTransformer  

backbone.layers.17.ffn.layers.1.bias - torch.Size([1024]): 
Initialized by user-defined `init_weights` in PromptedVisionTransformer  

backbone.layers.18.ln1.weight - torch.Size([1024]): 
Initialized by user-defined `init_weights` in PromptedVisionTransformer  

backbone.layers.18.ln1.bias - torch.Size([1024]): 
Initialized by user-defined `init_weights` in PromptedVisionTransformer  

backbone.layers.18.attn.attn.in_proj_weight - torch.Size([3072, 1024]): 
Initialized by user-defined `init_weights` in PromptedVisionTransformer  

backbone.layers.18.attn.attn.in_proj_bias - torch.Size([3072]): 
Initialized by user-defined `init_weights` in PromptedVisionTransformer  

backbone.layers.18.attn.attn.out_proj.weight - torch.Size([1024, 1024]): 
Initialized by user-defined `init_weights` in PromptedVisionTransformer  

backbone.layers.18.attn.attn.out_proj.bias - torch.Size([1024]): 
Initialized by user-defined `init_weights` in PromptedVisionTransformer  

backbone.layers.18.ln2.weight - torch.Size([1024]): 
Initialized by user-defined `init_weights` in PromptedVisionTransformer  

backbone.layers.18.ln2.bias - torch.Size([1024]): 
Initialized by user-defined `init_weights` in PromptedVisionTransformer  

backbone.layers.18.ffn.layers.0.0.weight - torch.Size([4096, 1024]): 
Initialized by user-defined `init_weights` in PromptedVisionTransformer  

backbone.layers.18.ffn.layers.0.0.bias - torch.Size([4096]): 
Initialized by user-defined `init_weights` in PromptedVisionTransformer  

backbone.layers.18.ffn.layers.1.weight - torch.Size([1024, 4096]): 
Initialized by user-defined `init_weights` in PromptedVisionTransformer  

backbone.layers.18.ffn.layers.1.bias - torch.Size([1024]): 
Initialized by user-defined `init_weights` in PromptedVisionTransformer  

backbone.layers.19.ln1.weight - torch.Size([1024]): 
Initialized by user-defined `init_weights` in PromptedVisionTransformer  

backbone.layers.19.ln1.bias - torch.Size([1024]): 
Initialized by user-defined `init_weights` in PromptedVisionTransformer  

backbone.layers.19.attn.attn.in_proj_weight - torch.Size([3072, 1024]): 
Initialized by user-defined `init_weights` in PromptedVisionTransformer  

backbone.layers.19.attn.attn.in_proj_bias - torch.Size([3072]): 
Initialized by user-defined `init_weights` in PromptedVisionTransformer  

backbone.layers.19.attn.attn.out_proj.weight - torch.Size([1024, 1024]): 
Initialized by user-defined `init_weights` in PromptedVisionTransformer  

backbone.layers.19.attn.attn.out_proj.bias - torch.Size([1024]): 
Initialized by user-defined `init_weights` in PromptedVisionTransformer  

backbone.layers.19.ln2.weight - torch.Size([1024]): 
Initialized by user-defined `init_weights` in PromptedVisionTransformer  

backbone.layers.19.ln2.bias - torch.Size([1024]): 
Initialized by user-defined `init_weights` in PromptedVisionTransformer  

backbone.layers.19.ffn.layers.0.0.weight - torch.Size([4096, 1024]): 
Initialized by user-defined `init_weights` in PromptedVisionTransformer  

backbone.layers.19.ffn.layers.0.0.bias - torch.Size([4096]): 
Initialized by user-defined `init_weights` in PromptedVisionTransformer  

backbone.layers.19.ffn.layers.1.weight - torch.Size([1024, 4096]): 
Initialized by user-defined `init_weights` in PromptedVisionTransformer  

backbone.layers.19.ffn.layers.1.bias - torch.Size([1024]): 
Initialized by user-defined `init_weights` in PromptedVisionTransformer  

backbone.layers.20.ln1.weight - torch.Size([1024]): 
Initialized by user-defined `init_weights` in PromptedVisionTransformer  

backbone.layers.20.ln1.bias - torch.Size([1024]): 
Initialized by user-defined `init_weights` in PromptedVisionTransformer  

backbone.layers.20.attn.attn.in_proj_weight - torch.Size([3072, 1024]): 
Initialized by user-defined `init_weights` in PromptedVisionTransformer  

backbone.layers.20.attn.attn.in_proj_bias - torch.Size([3072]): 
Initialized by user-defined `init_weights` in PromptedVisionTransformer  

backbone.layers.20.attn.attn.out_proj.weight - torch.Size([1024, 1024]): 
Initialized by user-defined `init_weights` in PromptedVisionTransformer  

backbone.layers.20.attn.attn.out_proj.bias - torch.Size([1024]): 
Initialized by user-defined `init_weights` in PromptedVisionTransformer  

backbone.layers.20.ln2.weight - torch.Size([1024]): 
Initialized by user-defined `init_weights` in PromptedVisionTransformer  

backbone.layers.20.ln2.bias - torch.Size([1024]): 
Initialized by user-defined `init_weights` in PromptedVisionTransformer  

backbone.layers.20.ffn.layers.0.0.weight - torch.Size([4096, 1024]): 
Initialized by user-defined `init_weights` in PromptedVisionTransformer  

backbone.layers.20.ffn.layers.0.0.bias - torch.Size([4096]): 
Initialized by user-defined `init_weights` in PromptedVisionTransformer  

backbone.layers.20.ffn.layers.1.weight - torch.Size([1024, 4096]): 
Initialized by user-defined `init_weights` in PromptedVisionTransformer  

backbone.layers.20.ffn.layers.1.bias - torch.Size([1024]): 
Initialized by user-defined `init_weights` in PromptedVisionTransformer  

backbone.layers.21.ln1.weight - torch.Size([1024]): 
Initialized by user-defined `init_weights` in PromptedVisionTransformer  

backbone.layers.21.ln1.bias - torch.Size([1024]): 
Initialized by user-defined `init_weights` in PromptedVisionTransformer  

backbone.layers.21.attn.attn.in_proj_weight - torch.Size([3072, 1024]): 
Initialized by user-defined `init_weights` in PromptedVisionTransformer  

backbone.layers.21.attn.attn.in_proj_bias - torch.Size([3072]): 
Initialized by user-defined `init_weights` in PromptedVisionTransformer  

backbone.layers.21.attn.attn.out_proj.weight - torch.Size([1024, 1024]): 
Initialized by user-defined `init_weights` in PromptedVisionTransformer  

backbone.layers.21.attn.attn.out_proj.bias - torch.Size([1024]): 
Initialized by user-defined `init_weights` in PromptedVisionTransformer  

backbone.layers.21.ln2.weight - torch.Size([1024]): 
Initialized by user-defined `init_weights` in PromptedVisionTransformer  

backbone.layers.21.ln2.bias - torch.Size([1024]): 
Initialized by user-defined `init_weights` in PromptedVisionTransformer  

backbone.layers.21.ffn.layers.0.0.weight - torch.Size([4096, 1024]): 
Initialized by user-defined `init_weights` in PromptedVisionTransformer  

backbone.layers.21.ffn.layers.0.0.bias - torch.Size([4096]): 
Initialized by user-defined `init_weights` in PromptedVisionTransformer  

backbone.layers.21.ffn.layers.1.weight - torch.Size([1024, 4096]): 
Initialized by user-defined `init_weights` in PromptedVisionTransformer  

backbone.layers.21.ffn.layers.1.bias - torch.Size([1024]): 
Initialized by user-defined `init_weights` in PromptedVisionTransformer  

backbone.layers.22.ln1.weight - torch.Size([1024]): 
Initialized by user-defined `init_weights` in PromptedVisionTransformer  

backbone.layers.22.ln1.bias - torch.Size([1024]): 
Initialized by user-defined `init_weights` in PromptedVisionTransformer  

backbone.layers.22.attn.attn.in_proj_weight - torch.Size([3072, 1024]): 
Initialized by user-defined `init_weights` in PromptedVisionTransformer  

backbone.layers.22.attn.attn.in_proj_bias - torch.Size([3072]): 
Initialized by user-defined `init_weights` in PromptedVisionTransformer  

backbone.layers.22.attn.attn.out_proj.weight - torch.Size([1024, 1024]): 
Initialized by user-defined `init_weights` in PromptedVisionTransformer  

backbone.layers.22.attn.attn.out_proj.bias - torch.Size([1024]): 
Initialized by user-defined `init_weights` in PromptedVisionTransformer  

backbone.layers.22.ln2.weight - torch.Size([1024]): 
Initialized by user-defined `init_weights` in PromptedVisionTransformer  

backbone.layers.22.ln2.bias - torch.Size([1024]): 
Initialized by user-defined `init_weights` in PromptedVisionTransformer  

backbone.layers.22.ffn.layers.0.0.weight - torch.Size([4096, 1024]): 
Initialized by user-defined `init_weights` in PromptedVisionTransformer  

backbone.layers.22.ffn.layers.0.0.bias - torch.Size([4096]): 
Initialized by user-defined `init_weights` in PromptedVisionTransformer  

backbone.layers.22.ffn.layers.1.weight - torch.Size([1024, 4096]): 
Initialized by user-defined `init_weights` in PromptedVisionTransformer  

backbone.layers.22.ffn.layers.1.bias - torch.Size([1024]): 
Initialized by user-defined `init_weights` in PromptedVisionTransformer  

backbone.layers.23.ln1.weight - torch.Size([1024]): 
Initialized by user-defined `init_weights` in PromptedVisionTransformer  

backbone.layers.23.ln1.bias - torch.Size([1024]): 
Initialized by user-defined `init_weights` in PromptedVisionTransformer  

backbone.layers.23.attn.attn.in_proj_weight - torch.Size([3072, 1024]): 
Initialized by user-defined `init_weights` in PromptedVisionTransformer  

backbone.layers.23.attn.attn.in_proj_bias - torch.Size([3072]): 
Initialized by user-defined `init_weights` in PromptedVisionTransformer  

backbone.layers.23.attn.attn.out_proj.weight - torch.Size([1024, 1024]): 
Initialized by user-defined `init_weights` in PromptedVisionTransformer  

backbone.layers.23.attn.attn.out_proj.bias - torch.Size([1024]): 
Initialized by user-defined `init_weights` in PromptedVisionTransformer  

backbone.layers.23.ln2.weight - torch.Size([1024]): 
Initialized by user-defined `init_weights` in PromptedVisionTransformer  

backbone.layers.23.ln2.bias - torch.Size([1024]): 
Initialized by user-defined `init_weights` in PromptedVisionTransformer  

backbone.layers.23.ffn.layers.0.0.weight - torch.Size([4096, 1024]): 
Initialized by user-defined `init_weights` in PromptedVisionTransformer  

backbone.layers.23.ffn.layers.0.0.bias - torch.Size([4096]): 
Initialized by user-defined `init_weights` in PromptedVisionTransformer  

backbone.layers.23.ffn.layers.1.weight - torch.Size([1024, 4096]): 
Initialized by user-defined `init_weights` in PromptedVisionTransformer  

backbone.layers.23.ffn.layers.1.bias - torch.Size([1024]): 
Initialized by user-defined `init_weights` in PromptedVisionTransformer  

decode_head.conv_seg.weight - torch.Size([2, 256, 1, 1]): 
NormalInit: mean=0, std=0.01, bias=0 

decode_head.conv_seg.bias - torch.Size([2]): 
NormalInit: mean=0, std=0.01, bias=0 

decode_head.norm.weight - torch.Size([1024]): 
The value is the same before and after calling `init_weights` of EncoderDecoder  

decode_head.norm.bias - torch.Size([1024]): 
The value is the same before and after calling `init_weights` of EncoderDecoder  

decode_head.up_convs.0.0.conv.weight - torch.Size([256, 1024, 3, 3]): 
The value is the same before and after calling `init_weights` of EncoderDecoder  

decode_head.up_convs.0.0.bn.weight - torch.Size([256]): 
The value is the same before and after calling `init_weights` of EncoderDecoder  

decode_head.up_convs.0.0.bn.bias - torch.Size([256]): 
The value is the same before and after calling `init_weights` of EncoderDecoder  

decode_head.up_convs.1.0.conv.weight - torch.Size([256, 256, 3, 3]): 
The value is the same before and after calling `init_weights` of EncoderDecoder  

decode_head.up_convs.1.0.bn.weight - torch.Size([256]): 
The value is the same before and after calling `init_weights` of EncoderDecoder  

decode_head.up_convs.1.0.bn.bias - torch.Size([256]): 
The value is the same before and after calling `init_weights` of EncoderDecoder  

decode_head.up_convs.2.0.conv.weight - torch.Size([256, 256, 3, 3]): 
The value is the same before and after calling `init_weights` of EncoderDecoder  

decode_head.up_convs.2.0.bn.weight - torch.Size([256]): 
The value is the same before and after calling `init_weights` of EncoderDecoder  

decode_head.up_convs.2.0.bn.bias - torch.Size([256]): 
The value is the same before and after calling `init_weights` of EncoderDecoder  

decode_head.up_convs.3.0.conv.weight - torch.Size([256, 256, 3, 3]): 
The value is the same before and after calling `init_weights` of EncoderDecoder  

decode_head.up_convs.3.0.bn.weight - torch.Size([256]): 
The value is the same before and after calling `init_weights` of EncoderDecoder  

decode_head.up_convs.3.0.bn.bias - torch.Size([256]): 
The value is the same before and after calling `init_weights` of EncoderDecoder  
2024/01/14 13:45:07 - mmengine - WARNING - "FileClient" will be deprecated in future. Please use io functions in https://mmengine.readthedocs.io/en/latest/api/fileio.html#file-io
2024/01/14 13:45:07 - mmengine - WARNING - "HardDiskBackend" is the alias of "LocalBackend" and the former will be deprecated in future.
2024/01/14 13:45:07 - mmengine - INFO - Checkpoints will be saved to /home/s1952889/final-project/implementation/mmsegmentation/work_dirs/setrvpt_vit-l_pup_8xb2-160k_cbis-ddsm-binary-512x512/20240114_134412.
2024/01/14 13:45:52 - mmengine - INFO - Iter(train) [    50/160000]  base_lr: 9.9975e-04 lr: 9.9975e-04  eta: 1 day, 16:14:09  time: 0.8368  data_time: 0.0081  memory: 20909  loss: 0.4990  decode.loss_ce: 0.4990  decode.acc_seg: 75.2836
2024/01/14 13:46:34 - mmengine - INFO - Iter(train) [   100/160000]  base_lr: 9.9950e-04 lr: 9.9950e-04  eta: 1 day, 14:49:27  time: 0.8466  data_time: 0.0082  memory: 19671  loss: 0.4743  decode.loss_ce: 0.4743  decode.acc_seg: 88.6493
2024/01/14 13:47:16 - mmengine - INFO - Iter(train) [   150/160000]  base_lr: 9.9925e-04 lr: 9.9925e-04  eta: 1 day, 14:26:46  time: 0.8511  data_time: 0.0078  memory: 19671  loss: 0.4588  decode.loss_ce: 0.4588  decode.acc_seg: 78.1388
2024/01/14 13:47:59 - mmengine - INFO - Iter(train) [   200/160000]  base_lr: 9.9899e-04 lr: 9.9899e-04  eta: 1 day, 14:17:32  time: 0.8530  data_time: 0.0076  memory: 19671  loss: 0.4092  decode.loss_ce: 0.4092  decode.acc_seg: 85.3864
2024/01/14 13:48:42 - mmengine - INFO - Iter(train) [   250/160000]  base_lr: 9.9874e-04 lr: 9.9874e-04  eta: 1 day, 14:12:46  time: 0.8560  data_time: 0.0078  memory: 19671  loss: 0.4261  decode.loss_ce: 0.4261  decode.acc_seg: 77.3851
2024/01/14 13:49:25 - mmengine - INFO - Iter(train) [   300/160000]  base_lr: 9.9849e-04 lr: 9.9849e-04  eta: 1 day, 14:10:05  time: 0.8577  data_time: 0.0080  memory: 19671  loss: 0.3703  decode.loss_ce: 0.3703  decode.acc_seg: 86.3133
2024/01/14 13:50:08 - mmengine - INFO - Iter(train) [   350/160000]  base_lr: 9.9823e-04 lr: 9.9823e-04  eta: 1 day, 14:08:21  time: 0.8577  data_time: 0.0076  memory: 19671  loss: 0.4073  decode.loss_ce: 0.4073  decode.acc_seg: 90.0616
2024/01/14 13:50:50 - mmengine - INFO - Iter(train) [   400/160000]  base_lr: 9.9798e-04 lr: 9.9798e-04  eta: 1 day, 14:07:01  time: 0.8581  data_time: 0.0078  memory: 19672  loss: 0.3564  decode.loss_ce: 0.3564  decode.acc_seg: 85.4758
2024/01/14 13:51:33 - mmengine - INFO - Iter(train) [   450/160000]  base_lr: 9.9773e-04 lr: 9.9773e-04  eta: 1 day, 14:05:56  time: 0.8582  data_time: 0.0082  memory: 19672  loss: 0.3789  decode.loss_ce: 0.3789  decode.acc_seg: 79.9213
2024/01/14 13:52:16 - mmengine - INFO - Iter(train) [   500/160000]  base_lr: 9.9747e-04 lr: 9.9747e-04  eta: 1 day, 14:05:01  time: 0.8584  data_time: 0.0077  memory: 19671  loss: 0.4182  decode.loss_ce: 0.4182  decode.acc_seg: 74.7088
2024/01/14 13:52:59 - mmengine - INFO - Iter(train) [   550/160000]  base_lr: 9.9722e-04 lr: 9.9722e-04  eta: 1 day, 14:04:15  time: 0.8582  data_time: 0.0075  memory: 19672  loss: 0.3714  decode.loss_ce: 0.3714  decode.acc_seg: 84.2349
2024/01/14 13:53:02 - mmengine - INFO - Exp name: setrvpt_vit-l_pup_8xb2-160k_cbis-ddsm-binary-512x512_20240114_134412
2024/01/14 13:53:42 - mmengine - INFO - Iter(train) [   600/160000]  base_lr: 9.9697e-04 lr: 9.9697e-04  eta: 1 day, 14:03:31  time: 0.8588  data_time: 0.0077  memory: 19671  loss: 0.3720  decode.loss_ce: 0.3720  decode.acc_seg: 91.5961
2024/01/14 13:54:25 - mmengine - INFO - Iter(train) [   650/160000]  base_lr: 9.9671e-04 lr: 9.9671e-04  eta: 1 day, 14:02:43  time: 0.8598  data_time: 0.0079  memory: 19671  loss: 0.3723  decode.loss_ce: 0.3723  decode.acc_seg: 80.2138
2024/01/14 13:55:08 - mmengine - INFO - Iter(train) [   700/160000]  base_lr: 9.9646e-04 lr: 9.9646e-04  eta: 1 day, 14:02:02  time: 0.8596  data_time: 0.0079  memory: 19671  loss: 0.4563  decode.loss_ce: 0.4563  decode.acc_seg: 79.3038
2024/01/14 13:55:51 - mmengine - INFO - Iter(train) [   750/160000]  base_lr: 9.9621e-04 lr: 9.9621e-04  eta: 1 day, 14:01:17  time: 0.8595  data_time: 0.0079  memory: 19671  loss: 0.3416  decode.loss_ce: 0.3416  decode.acc_seg: 86.3872
2024/01/14 13:56:34 - mmengine - INFO - Iter(train) [   800/160000]  base_lr: 9.9595e-04 lr: 9.9595e-04  eta: 1 day, 14:00:36  time: 0.8595  data_time: 0.0077  memory: 19671  loss: 0.4137  decode.loss_ce: 0.4137  decode.acc_seg: 70.2853
2024/01/14 13:57:17 - mmengine - INFO - Iter(train) [   850/160000]  base_lr: 9.9570e-04 lr: 9.9570e-04  eta: 1 day, 13:59:54  time: 0.8595  data_time: 0.0077  memory: 19672  loss: 0.3391  decode.loss_ce: 0.3391  decode.acc_seg: 87.3537
2024/01/14 13:58:00 - mmengine - INFO - Iter(train) [   900/160000]  base_lr: 9.9545e-04 lr: 9.9545e-04  eta: 1 day, 13:59:13  time: 0.8599  data_time: 0.0078  memory: 19671  loss: 0.3244  decode.loss_ce: 0.3244  decode.acc_seg: 89.5298
2024/01/14 13:58:43 - mmengine - INFO - Iter(train) [   950/160000]  base_lr: 9.9519e-04 lr: 9.9519e-04  eta: 1 day, 13:58:32  time: 0.8596  data_time: 0.0077  memory: 19671  loss: 0.3330  decode.loss_ce: 0.3330  decode.acc_seg: 86.5503
2024/01/14 13:59:26 - mmengine - INFO - Exp name: setrvpt_vit-l_pup_8xb2-160k_cbis-ddsm-binary-512x512_20240114_134412
2024/01/14 13:59:26 - mmengine - INFO - Iter(train) [  1000/160000]  base_lr: 9.9494e-04 lr: 9.9494e-04  eta: 1 day, 13:57:50  time: 0.8599  data_time: 0.0078  memory: 19671  loss: 0.3857  decode.loss_ce: 0.3857  decode.acc_seg: 88.3192
2024/01/14 14:00:09 - mmengine - INFO - Iter(train) [  1050/160000]  base_lr: 9.9469e-04 lr: 9.9469e-04  eta: 1 day, 13:57:08  time: 0.8597  data_time: 0.0078  memory: 19671  loss: 0.3123  decode.loss_ce: 0.3123  decode.acc_seg: 84.6071
2024/01/14 14:00:52 - mmengine - INFO - Iter(train) [  1100/160000]  base_lr: 9.9443e-04 lr: 9.9443e-04  eta: 1 day, 13:56:26  time: 0.8598  data_time: 0.0078  memory: 19671  loss: 0.4435  decode.loss_ce: 0.4435  decode.acc_seg: 74.7742
2024/01/14 14:01:35 - mmengine - INFO - Iter(train) [  1150/160000]  base_lr: 9.9418e-04 lr: 9.9418e-04  eta: 1 day, 13:55:44  time: 0.8596  data_time: 0.0076  memory: 19671  loss: 0.3397  decode.loss_ce: 0.3397  decode.acc_seg: 89.1471
2024/01/14 14:02:18 - mmengine - INFO - Iter(train) [  1200/160000]  base_lr: 9.9393e-04 lr: 9.9393e-04  eta: 1 day, 13:55:02  time: 0.8595  data_time: 0.0078  memory: 19671  loss: 0.3614  decode.loss_ce: 0.3614  decode.acc_seg: 85.9939
2024/01/14 14:03:01 - mmengine - INFO - Iter(train) [  1250/160000]  base_lr: 9.9367e-04 lr: 9.9367e-04  eta: 1 day, 13:54:14  time: 0.8593  data_time: 0.0077  memory: 19671  loss: 0.4370  decode.loss_ce: 0.4370  decode.acc_seg: 82.5535
2024/01/14 14:03:44 - mmengine - INFO - Iter(train) [  1300/160000]  base_lr: 9.9342e-04 lr: 9.9342e-04  eta: 1 day, 13:53:28  time: 0.8595  data_time: 0.0078  memory: 19671  loss: 0.3475  decode.loss_ce: 0.3475  decode.acc_seg: 80.6012
2024/01/14 14:04:27 - mmengine - INFO - Iter(train) [  1350/160000]  base_lr: 9.9317e-04 lr: 9.9317e-04  eta: 1 day, 13:52:44  time: 0.8595  data_time: 0.0078  memory: 19671  loss: 0.3727  decode.loss_ce: 0.3727  decode.acc_seg: 92.3302
2024/01/14 14:05:10 - mmengine - INFO - Iter(train) [  1400/160000]  base_lr: 9.9291e-04 lr: 9.9291e-04  eta: 1 day, 13:52:02  time: 0.8600  data_time: 0.0082  memory: 19671  loss: 0.3429  decode.loss_ce: 0.3429  decode.acc_seg: 87.8626
2024/01/14 14:05:53 - mmengine - INFO - Iter(train) [  1450/160000]  base_lr: 9.9266e-04 lr: 9.9266e-04  eta: 1 day, 13:51:20  time: 0.8597  data_time: 0.0084  memory: 19671  loss: 0.2823  decode.loss_ce: 0.2823  decode.acc_seg: 79.4826
2024/01/14 14:06:36 - mmengine - INFO - Iter(train) [  1500/160000]  base_lr: 9.9241e-04 lr: 9.9241e-04  eta: 1 day, 13:50:38  time: 0.8597  data_time: 0.0085  memory: 19671  loss: 0.3285  decode.loss_ce: 0.3285  decode.acc_seg: 84.1147
2024/01/14 14:07:19 - mmengine - INFO - Iter(train) [  1550/160000]  base_lr: 9.9215e-04 lr: 9.9215e-04  eta: 1 day, 13:49:56  time: 0.8597  data_time: 0.0084  memory: 19671  loss: 0.3338  decode.loss_ce: 0.3338  decode.acc_seg: 80.6582
2024/01/14 14:08:02 - mmengine - INFO - Iter(train) [  1600/160000]  base_lr: 9.9190e-04 lr: 9.9190e-04  eta: 1 day, 13:49:16  time: 0.8598  data_time: 0.0086  memory: 19672  loss: 0.3571  decode.loss_ce: 0.3571  decode.acc_seg: 79.7234
2024/01/14 14:08:45 - mmengine - INFO - Iter(train) [  1650/160000]  base_lr: 9.9165e-04 lr: 9.9165e-04  eta: 1 day, 13:48:34  time: 0.8597  data_time: 0.0084  memory: 19671  loss: 0.4424  decode.loss_ce: 0.4424  decode.acc_seg: 87.8436
2024/01/14 14:09:28 - mmengine - INFO - Iter(train) [  1700/160000]  base_lr: 9.9139e-04 lr: 9.9139e-04  eta: 1 day, 13:47:53  time: 0.8599  data_time: 0.0087  memory: 19671  loss: 0.3018  decode.loss_ce: 0.3018  decode.acc_seg: 89.7807
2024/01/14 14:10:11 - mmengine - INFO - Iter(train) [  1750/160000]  base_lr: 9.9114e-04 lr: 9.9114e-04  eta: 1 day, 13:47:13  time: 0.8598  data_time: 0.0086  memory: 19671  loss: 0.3025  decode.loss_ce: 0.3025  decode.acc_seg: 89.0331
2024/01/14 14:10:54 - mmengine - INFO - Iter(train) [  1800/160000]  base_lr: 9.9089e-04 lr: 9.9089e-04  eta: 1 day, 13:46:30  time: 0.8599  data_time: 0.0085  memory: 19672  loss: 0.3273  decode.loss_ce: 0.3273  decode.acc_seg: 84.4863
2024/01/14 14:11:37 - mmengine - INFO - Iter(train) [  1850/160000]  base_lr: 9.9063e-04 lr: 9.9063e-04  eta: 1 day, 13:45:48  time: 0.8598  data_time: 0.0085  memory: 19671  loss: 0.3363  decode.loss_ce: 0.3363  decode.acc_seg: 86.7350
2024/01/14 14:12:20 - mmengine - INFO - Iter(train) [  1900/160000]  base_lr: 9.9038e-04 lr: 9.9038e-04  eta: 1 day, 13:45:08  time: 0.8610  data_time: 0.0086  memory: 19671  loss: 0.3251  decode.loss_ce: 0.3251  decode.acc_seg: 86.9109
2024/01/14 14:13:03 - mmengine - INFO - Iter(train) [  1950/160000]  base_lr: 9.9013e-04 lr: 9.9013e-04  eta: 1 day, 13:44:26  time: 0.8598  data_time: 0.0087  memory: 19672  loss: 0.3363  decode.loss_ce: 0.3363  decode.acc_seg: 90.0398
2024/01/14 14:13:46 - mmengine - INFO - Exp name: setrvpt_vit-l_pup_8xb2-160k_cbis-ddsm-binary-512x512_20240114_134412
2024/01/14 14:13:46 - mmengine - INFO - Iter(train) [  2000/160000]  base_lr: 9.8987e-04 lr: 9.8987e-04  eta: 1 day, 13:43:46  time: 0.8600  data_time: 0.0087  memory: 19672  loss: 0.2956  decode.loss_ce: 0.2956  decode.acc_seg: 82.8913
2024/01/14 14:14:29 - mmengine - INFO - Iter(train) [  2050/160000]  base_lr: 9.8962e-04 lr: 9.8962e-04  eta: 1 day, 13:43:05  time: 0.8597  data_time: 0.0085  memory: 19672  loss: 0.3249  decode.loss_ce: 0.3249  decode.acc_seg: 86.0673
2024/01/14 14:15:12 - mmengine - INFO - Iter(train) [  2100/160000]  base_lr: 9.8937e-04 lr: 9.8937e-04  eta: 1 day, 13:42:23  time: 0.8604  data_time: 0.0084  memory: 19671  loss: 0.3747  decode.loss_ce: 0.3747  decode.acc_seg: 81.8985
2024/01/14 14:15:55 - mmengine - INFO - Iter(train) [  2150/160000]  base_lr: 9.8911e-04 lr: 9.8911e-04  eta: 1 day, 13:41:41  time: 0.8596  data_time: 0.0085  memory: 19672  loss: 0.3454  decode.loss_ce: 0.3454  decode.acc_seg: 82.6092
2024/01/14 14:16:38 - mmengine - INFO - Iter(train) [  2200/160000]  base_lr: 9.8886e-04 lr: 9.8886e-04  eta: 1 day, 13:40:59  time: 0.8607  data_time: 0.0086  memory: 19671  loss: 0.3374  decode.loss_ce: 0.3374  decode.acc_seg: 88.2183
2024/01/14 14:17:21 - mmengine - INFO - Iter(train) [  2250/160000]  base_lr: 9.8861e-04 lr: 9.8861e-04  eta: 1 day, 13:40:19  time: 0.8607  data_time: 0.0087  memory: 19671  loss: 0.3513  decode.loss_ce: 0.3513  decode.acc_seg: 93.2309
2024/01/14 14:18:04 - mmengine - INFO - Iter(train) [  2300/160000]  base_lr: 9.8835e-04 lr: 9.8835e-04  eta: 1 day, 13:39:36  time: 0.8597  data_time: 0.0084  memory: 19672  loss: 0.2878  decode.loss_ce: 0.2878  decode.acc_seg: 91.7290
2024/01/14 14:18:47 - mmengine - INFO - Iter(train) [  2350/160000]  base_lr: 9.8810e-04 lr: 9.8810e-04  eta: 1 day, 13:38:53  time: 0.8596  data_time: 0.0086  memory: 19671  loss: 0.3327  decode.loss_ce: 0.3327  decode.acc_seg: 78.7078
2024/01/14 14:19:30 - mmengine - INFO - Iter(train) [  2400/160000]  base_lr: 9.8785e-04 lr: 9.8785e-04  eta: 1 day, 13:38:11  time: 0.8599  data_time: 0.0084  memory: 19671  loss: 0.3518  decode.loss_ce: 0.3518  decode.acc_seg: 78.5769
2024/01/14 14:20:13 - mmengine - INFO - Iter(train) [  2450/160000]  base_lr: 9.8759e-04 lr: 9.8759e-04  eta: 1 day, 13:37:28  time: 0.8598  data_time: 0.0084  memory: 19671  loss: 0.3289  decode.loss_ce: 0.3289  decode.acc_seg: 85.4799
2024/01/14 14:20:56 - mmengine - INFO - Iter(train) [  2500/160000]  base_lr: 9.8734e-04 lr: 9.8734e-04  eta: 1 day, 13:36:48  time: 0.8604  data_time: 0.0084  memory: 19671  loss: 0.3881  decode.loss_ce: 0.3881  decode.acc_seg: 77.7323
2024/01/14 14:21:39 - mmengine - INFO - Iter(train) [  2550/160000]  base_lr: 9.8709e-04 lr: 9.8709e-04  eta: 1 day, 13:36:06  time: 0.8596  data_time: 0.0085  memory: 19671  loss: 0.3992  decode.loss_ce: 0.3992  decode.acc_seg: 87.0073
2024/01/14 14:22:22 - mmengine - INFO - Iter(train) [  2600/160000]  base_lr: 9.8683e-04 lr: 9.8683e-04  eta: 1 day, 13:35:24  time: 0.8597  data_time: 0.0084  memory: 19671  loss: 0.3469  decode.loss_ce: 0.3469  decode.acc_seg: 84.3939
2024/01/14 14:23:05 - mmengine - INFO - Iter(train) [  2650/160000]  base_lr: 9.8658e-04 lr: 9.8658e-04  eta: 1 day, 13:34:41  time: 0.8597  data_time: 0.0086  memory: 19671  loss: 0.2976  decode.loss_ce: 0.2976  decode.acc_seg: 87.2337
2024/01/14 14:23:48 - mmengine - INFO - Iter(train) [  2700/160000]  base_lr: 9.8632e-04 lr: 9.8632e-04  eta: 1 day, 13:33:59  time: 0.8597  data_time: 0.0084  memory: 19671  loss: 0.3113  decode.loss_ce: 0.3113  decode.acc_seg: 83.8301
2024/01/14 14:24:31 - mmengine - INFO - Iter(train) [  2750/160000]  base_lr: 9.8607e-04 lr: 9.8607e-04  eta: 1 day, 13:33:17  time: 0.8607  data_time: 0.0082  memory: 19671  loss: 0.3801  decode.loss_ce: 0.3801  decode.acc_seg: 87.0808
2024/01/14 14:25:14 - mmengine - INFO - Iter(train) [  2800/160000]  base_lr: 9.8582e-04 lr: 9.8582e-04  eta: 1 day, 13:32:35  time: 0.8597  data_time: 0.0086  memory: 19672  loss: 0.3237  decode.loss_ce: 0.3237  decode.acc_seg: 88.7235
2024/01/14 14:25:57 - mmengine - INFO - Iter(train) [  2850/160000]  base_lr: 9.8556e-04 lr: 9.8556e-04  eta: 1 day, 13:31:54  time: 0.8617  data_time: 0.0098  memory: 19671  loss: 0.3116  decode.loss_ce: 0.3116  decode.acc_seg: 89.5274
2024/01/14 14:26:40 - mmengine - INFO - Iter(train) [  2900/160000]  base_lr: 9.8531e-04 lr: 9.8531e-04  eta: 1 day, 13:31:12  time: 0.8597  data_time: 0.0080  memory: 19671  loss: 0.2674  decode.loss_ce: 0.2674  decode.acc_seg: 92.6864
2024/01/14 14:27:23 - mmengine - INFO - Iter(train) [  2950/160000]  base_lr: 9.8506e-04 lr: 9.8506e-04  eta: 1 day, 13:30:29  time: 0.8597  data_time: 0.0077  memory: 19671  loss: 0.2797  decode.loss_ce: 0.2797  decode.acc_seg: 78.7658
2024/01/14 14:28:06 - mmengine - INFO - Exp name: setrvpt_vit-l_pup_8xb2-160k_cbis-ddsm-binary-512x512_20240114_134412
2024/01/14 14:28:06 - mmengine - INFO - Iter(train) [  3000/160000]  base_lr: 9.8480e-04 lr: 9.8480e-04  eta: 1 day, 13:29:46  time: 0.8597  data_time: 0.0076  memory: 19671  loss: 0.2947  decode.loss_ce: 0.2947  decode.acc_seg: 86.0462
2024/01/14 14:28:49 - mmengine - INFO - Iter(train) [  3050/160000]  base_lr: 9.8455e-04 lr: 9.8455e-04  eta: 1 day, 13:29:03  time: 0.8597  data_time: 0.0076  memory: 19671  loss: 0.3479  decode.loss_ce: 0.3479  decode.acc_seg: 83.9984
2024/01/14 14:29:32 - mmengine - INFO - Iter(train) [  3100/160000]  base_lr: 9.8430e-04 lr: 9.8430e-04  eta: 1 day, 13:28:19  time: 0.8597  data_time: 0.0076  memory: 19671  loss: 0.3257  decode.loss_ce: 0.3257  decode.acc_seg: 83.5434
2024/01/14 14:30:15 - mmengine - INFO - Iter(train) [  3150/160000]  base_lr: 9.8404e-04 lr: 9.8404e-04  eta: 1 day, 13:27:36  time: 0.8596  data_time: 0.0078  memory: 19671  loss: 0.3078  decode.loss_ce: 0.3078  decode.acc_seg: 88.1185
2024/01/14 14:30:58 - mmengine - INFO - Iter(train) [  3200/160000]  base_lr: 9.8379e-04 lr: 9.8379e-04  eta: 1 day, 13:26:53  time: 0.8598  data_time: 0.0078  memory: 19671  loss: 0.3407  decode.loss_ce: 0.3407  decode.acc_seg: 80.3715
2024/01/14 14:31:41 - mmengine - INFO - Iter(train) [  3250/160000]  base_lr: 9.8354e-04 lr: 9.8354e-04  eta: 1 day, 13:26:10  time: 0.8595  data_time: 0.0077  memory: 19671  loss: 0.3445  decode.loss_ce: 0.3445  decode.acc_seg: 80.6002
2024/01/14 14:32:24 - mmengine - INFO - Iter(train) [  3300/160000]  base_lr: 9.8328e-04 lr: 9.8328e-04  eta: 1 day, 13:25:27  time: 0.8598  data_time: 0.0076  memory: 19671  loss: 0.2905  decode.loss_ce: 0.2905  decode.acc_seg: 88.6676
2024/01/14 14:33:07 - mmengine - INFO - Iter(train) [  3350/160000]  base_lr: 9.8303e-04 lr: 9.8303e-04  eta: 1 day, 13:24:44  time: 0.8597  data_time: 0.0076  memory: 19671  loss: 0.2717  decode.loss_ce: 0.2717  decode.acc_seg: 90.6233
2024/01/14 14:33:50 - mmengine - INFO - Iter(train) [  3400/160000]  base_lr: 9.8277e-04 lr: 9.8277e-04  eta: 1 day, 13:24:01  time: 0.8597  data_time: 0.0078  memory: 19671  loss: 0.2566  decode.loss_ce: 0.2566  decode.acc_seg: 86.2142
2024/01/14 14:34:33 - mmengine - INFO - Iter(train) [  3450/160000]  base_lr: 9.8252e-04 lr: 9.8252e-04  eta: 1 day, 13:23:17  time: 0.8595  data_time: 0.0077  memory: 19671  loss: 0.2128  decode.loss_ce: 0.2128  decode.acc_seg: 91.9645
2024/01/14 14:35:16 - mmengine - INFO - Iter(train) [  3500/160000]  base_lr: 9.8227e-04 lr: 9.8227e-04  eta: 1 day, 13:22:34  time: 0.8598  data_time: 0.0078  memory: 19671  loss: 0.3813  decode.loss_ce: 0.3813  decode.acc_seg: 90.6262
2024/01/14 14:35:59 - mmengine - INFO - Iter(train) [  3550/160000]  base_lr: 9.8201e-04 lr: 9.8201e-04  eta: 1 day, 13:21:51  time: 0.8593  data_time: 0.0079  memory: 19671  loss: 0.2836  decode.loss_ce: 0.2836  decode.acc_seg: 93.0705
2024/01/14 14:36:42 - mmengine - INFO - Iter(train) [  3600/160000]  base_lr: 9.8176e-04 lr: 9.8176e-04  eta: 1 day, 13:21:08  time: 0.8597  data_time: 0.0078  memory: 19671  loss: 0.2718  decode.loss_ce: 0.2718  decode.acc_seg: 84.0451
2024/01/14 14:37:25 - mmengine - INFO - Iter(train) [  3650/160000]  base_lr: 9.8151e-04 lr: 9.8151e-04  eta: 1 day, 13:20:25  time: 0.8597  data_time: 0.0077  memory: 19671  loss: 0.3054  decode.loss_ce: 0.3054  decode.acc_seg: 91.7307
2024/01/14 14:38:08 - mmengine - INFO - Iter(train) [  3700/160000]  base_lr: 9.8125e-04 lr: 9.8125e-04  eta: 1 day, 13:19:42  time: 0.8597  data_time: 0.0081  memory: 19671  loss: 0.2998  decode.loss_ce: 0.2998  decode.acc_seg: 85.8506
2024/01/14 14:38:51 - mmengine - INFO - Iter(train) [  3750/160000]  base_lr: 9.8100e-04 lr: 9.8100e-04  eta: 1 day, 13:18:59  time: 0.8599  data_time: 0.0079  memory: 19671  loss: 0.3027  decode.loss_ce: 0.3027  decode.acc_seg: 93.1050
2024/01/14 14:39:34 - mmengine - INFO - Iter(train) [  3800/160000]  base_lr: 9.8074e-04 lr: 9.8074e-04  eta: 1 day, 13:18:16  time: 0.8596  data_time: 0.0079  memory: 19671  loss: 0.3312  decode.loss_ce: 0.3312  decode.acc_seg: 84.9756
2024/01/14 14:40:17 - mmengine - INFO - Iter(train) [  3850/160000]  base_lr: 9.8049e-04 lr: 9.8049e-04  eta: 1 day, 13:17:32  time: 0.8597  data_time: 0.0079  memory: 19671  loss: 0.2460  decode.loss_ce: 0.2460  decode.acc_seg: 92.9203
2024/01/14 14:41:00 - mmengine - INFO - Iter(train) [  3900/160000]  base_lr: 9.8024e-04 lr: 9.8024e-04  eta: 1 day, 13:16:49  time: 0.8597  data_time: 0.0078  memory: 19671  loss: 0.2246  decode.loss_ce: 0.2246  decode.acc_seg: 92.8286
2024/01/14 14:41:43 - mmengine - INFO - Iter(train) [  3950/160000]  base_lr: 9.7998e-04 lr: 9.7998e-04  eta: 1 day, 13:16:06  time: 0.8596  data_time: 0.0077  memory: 19671  loss: 0.2468  decode.loss_ce: 0.2468  decode.acc_seg: 89.3190
2024/01/14 14:42:26 - mmengine - INFO - Exp name: setrvpt_vit-l_pup_8xb2-160k_cbis-ddsm-binary-512x512_20240114_134412
2024/01/14 14:42:26 - mmengine - INFO - Iter(train) [  4000/160000]  base_lr: 9.7973e-04 lr: 9.7973e-04  eta: 1 day, 13:15:23  time: 0.8596  data_time: 0.0075  memory: 19671  loss: 0.2661  decode.loss_ce: 0.2661  decode.acc_seg: 89.2395
2024/01/14 14:43:09 - mmengine - INFO - Iter(train) [  4050/160000]  base_lr: 9.7948e-04 lr: 9.7948e-04  eta: 1 day, 13:14:42  time: 0.8597  data_time: 0.0086  memory: 19671  loss: 0.3245  decode.loss_ce: 0.3245  decode.acc_seg: 87.7772
2024/01/14 14:43:52 - mmengine - INFO - Iter(train) [  4100/160000]  base_lr: 9.7922e-04 lr: 9.7922e-04  eta: 1 day, 13:13:59  time: 0.8603  data_time: 0.0083  memory: 19671  loss: 0.2533  decode.loss_ce: 0.2533  decode.acc_seg: 89.1528
2024/01/14 14:44:35 - mmengine - INFO - Iter(train) [  4150/160000]  base_lr: 9.7897e-04 lr: 9.7897e-04  eta: 1 day, 13:13:17  time: 0.8605  data_time: 0.0085  memory: 19671  loss: 0.2612  decode.loss_ce: 0.2612  decode.acc_seg: 85.3737
2024/01/14 14:45:18 - mmengine - INFO - Iter(train) [  4200/160000]  base_lr: 9.7871e-04 lr: 9.7871e-04  eta: 1 day, 13:12:34  time: 0.8592  data_time: 0.0080  memory: 19672  loss: 0.2467  decode.loss_ce: 0.2467  decode.acc_seg: 83.6470
2024/01/14 14:46:01 - mmengine - INFO - Iter(train) [  4250/160000]  base_lr: 9.7846e-04 lr: 9.7846e-04  eta: 1 day, 13:11:52  time: 0.8598  data_time: 0.0083  memory: 19671  loss: 0.2948  decode.loss_ce: 0.2948  decode.acc_seg: 85.1360
2024/01/14 14:46:44 - mmengine - INFO - Iter(train) [  4300/160000]  base_lr: 9.7821e-04 lr: 9.7821e-04  eta: 1 day, 13:11:09  time: 0.8599  data_time: 0.0083  memory: 19671  loss: 0.2699  decode.loss_ce: 0.2699  decode.acc_seg: 85.7481
2024/01/14 14:47:27 - mmengine - INFO - Iter(train) [  4350/160000]  base_lr: 9.7795e-04 lr: 9.7795e-04  eta: 1 day, 13:10:27  time: 0.8596  data_time: 0.0079  memory: 19671  loss: 0.2614  decode.loss_ce: 0.2614  decode.acc_seg: 91.9411
2024/01/14 14:48:10 - mmengine - INFO - Iter(train) [  4400/160000]  base_lr: 9.7770e-04 lr: 9.7770e-04  eta: 1 day, 13:09:44  time: 0.8600  data_time: 0.0084  memory: 19671  loss: 0.3229  decode.loss_ce: 0.3229  decode.acc_seg: 80.2937
2024/01/14 14:48:53 - mmengine - INFO - Iter(train) [  4450/160000]  base_lr: 9.7745e-04 lr: 9.7745e-04  eta: 1 day, 13:09:02  time: 0.8611  data_time: 0.0088  memory: 19671  loss: 0.2562  decode.loss_ce: 0.2562  decode.acc_seg: 90.5206
2024/01/14 14:49:36 - mmengine - INFO - Iter(train) [  4500/160000]  base_lr: 9.7719e-04 lr: 9.7719e-04  eta: 1 day, 13:08:19  time: 0.8596  data_time: 0.0078  memory: 19671  loss: 0.2322  decode.loss_ce: 0.2322  decode.acc_seg: 83.6992
2024/01/14 14:50:19 - mmengine - INFO - Iter(train) [  4550/160000]  base_lr: 9.7694e-04 lr: 9.7694e-04  eta: 1 day, 13:07:36  time: 0.8596  data_time: 0.0078  memory: 19671  loss: 0.2374  decode.loss_ce: 0.2374  decode.acc_seg: 94.1708
2024/01/14 14:51:02 - mmengine - INFO - Iter(train) [  4600/160000]  base_lr: 9.7668e-04 lr: 9.7668e-04  eta: 1 day, 13:06:53  time: 0.8596  data_time: 0.0077  memory: 19671  loss: 0.3031  decode.loss_ce: 0.3031  decode.acc_seg: 85.8904
2024/01/14 14:51:45 - mmengine - INFO - Iter(train) [  4650/160000]  base_lr: 9.7643e-04 lr: 9.7643e-04  eta: 1 day, 13:06:10  time: 0.8597  data_time: 0.0076  memory: 19672  loss: 0.2549  decode.loss_ce: 0.2549  decode.acc_seg: 89.8824
2024/01/14 14:52:28 - mmengine - INFO - Iter(train) [  4700/160000]  base_lr: 9.7618e-04 lr: 9.7618e-04  eta: 1 day, 13:05:27  time: 0.8597  data_time: 0.0077  memory: 19671  loss: 0.2886  decode.loss_ce: 0.2886  decode.acc_seg: 92.1525
2024/01/14 14:53:11 - mmengine - INFO - Iter(train) [  4750/160000]  base_lr: 9.7592e-04 lr: 9.7592e-04  eta: 1 day, 13:04:44  time: 0.8604  data_time: 0.0087  memory: 19671  loss: 0.2575  decode.loss_ce: 0.2575  decode.acc_seg: 88.4557
2024/01/14 14:53:54 - mmengine - INFO - Iter(train) [  4800/160000]  base_lr: 9.7567e-04 lr: 9.7567e-04  eta: 1 day, 13:04:04  time: 0.8608  data_time: 0.0087  memory: 19671  loss: 0.2788  decode.loss_ce: 0.2788  decode.acc_seg: 85.6164
2024/01/14 14:54:37 - mmengine - INFO - Iter(train) [  4850/160000]  base_lr: 9.7541e-04 lr: 9.7541e-04  eta: 1 day, 13:03:21  time: 0.8601  data_time: 0.0085  memory: 19671  loss: 0.2646  decode.loss_ce: 0.2646  decode.acc_seg: 86.7637
2024/01/14 14:55:20 - mmengine - INFO - Iter(train) [  4900/160000]  base_lr: 9.7516e-04 lr: 9.7516e-04  eta: 1 day, 13:02:39  time: 0.8610  data_time: 0.0086  memory: 19671  loss: 0.1956  decode.loss_ce: 0.1956  decode.acc_seg: 93.8137
2024/01/14 14:56:03 - mmengine - INFO - Iter(train) [  4950/160000]  base_lr: 9.7491e-04 lr: 9.7491e-04  eta: 1 day, 13:01:57  time: 0.8599  data_time: 0.0085  memory: 19671  loss: 0.2538  decode.loss_ce: 0.2538  decode.acc_seg: 92.4235
2024/01/14 14:56:46 - mmengine - INFO - Exp name: setrvpt_vit-l_pup_8xb2-160k_cbis-ddsm-binary-512x512_20240114_134412
2024/01/14 14:56:46 - mmengine - INFO - Iter(train) [  5000/160000]  base_lr: 9.7465e-04 lr: 9.7465e-04  eta: 1 day, 13:01:14  time: 0.8597  data_time: 0.0086  memory: 19671  loss: 0.2207  decode.loss_ce: 0.2207  decode.acc_seg: 94.8324
2024/01/14 14:57:29 - mmengine - INFO - Iter(train) [  5050/160000]  base_lr: 9.7440e-04 lr: 9.7440e-04  eta: 1 day, 13:00:31  time: 0.8597  data_time: 0.0086  memory: 19671  loss: 0.2868  decode.loss_ce: 0.2868  decode.acc_seg: 84.2823
2024/01/14 14:58:12 - mmengine - INFO - Iter(train) [  5100/160000]  base_lr: 9.7414e-04 lr: 9.7414e-04  eta: 1 day, 12:59:49  time: 0.8605  data_time: 0.0085  memory: 19671  loss: 0.2228  decode.loss_ce: 0.2228  decode.acc_seg: 92.5040
2024/01/14 14:58:55 - mmengine - INFO - Iter(train) [  5150/160000]  base_lr: 9.7389e-04 lr: 9.7389e-04  eta: 1 day, 12:59:06  time: 0.8598  data_time: 0.0084  memory: 19671  loss: 0.2226  decode.loss_ce: 0.2226  decode.acc_seg: 92.7276
2024/01/14 14:59:38 - mmengine - INFO - Iter(train) [  5200/160000]  base_lr: 9.7364e-04 lr: 9.7364e-04  eta: 1 day, 12:58:24  time: 0.8602  data_time: 0.0080  memory: 19671  loss: 0.2240  decode.loss_ce: 0.2240  decode.acc_seg: 89.6607
2024/01/14 15:00:21 - mmengine - INFO - Iter(train) [  5250/160000]  base_lr: 9.7338e-04 lr: 9.7338e-04  eta: 1 day, 12:57:42  time: 0.8595  data_time: 0.0083  memory: 19671  loss: 0.2571  decode.loss_ce: 0.2571  decode.acc_seg: 90.3289
2024/01/14 15:01:04 - mmengine - INFO - Iter(train) [  5300/160000]  base_lr: 9.7313e-04 lr: 9.7313e-04  eta: 1 day, 12:56:59  time: 0.8612  data_time: 0.0091  memory: 19671  loss: 0.2594  decode.loss_ce: 0.2594  decode.acc_seg: 89.3536
2024/01/14 15:01:47 - mmengine - INFO - Iter(train) [  5350/160000]  base_lr: 9.7287e-04 lr: 9.7287e-04  eta: 1 day, 12:56:17  time: 0.8606  data_time: 0.0086  memory: 19671  loss: 0.2887  decode.loss_ce: 0.2887  decode.acc_seg: 92.6241
2024/01/14 15:02:30 - mmengine - INFO - Iter(train) [  5400/160000]  base_lr: 9.7262e-04 lr: 9.7262e-04  eta: 1 day, 12:55:34  time: 0.8602  data_time: 0.0085  memory: 19671  loss: 0.3135  decode.loss_ce: 0.3135  decode.acc_seg: 87.2365
2024/01/14 15:03:13 - mmengine - INFO - Iter(train) [  5450/160000]  base_lr: 9.7237e-04 lr: 9.7237e-04  eta: 1 day, 12:54:53  time: 0.8609  data_time: 0.0085  memory: 19671  loss: 0.2101  decode.loss_ce: 0.2101  decode.acc_seg: 88.8589
2024/01/14 15:03:56 - mmengine - INFO - Iter(train) [  5500/160000]  base_lr: 9.7211e-04 lr: 9.7211e-04  eta: 1 day, 12:54:11  time: 0.8605  data_time: 0.0084  memory: 19672  loss: 0.2343  decode.loss_ce: 0.2343  decode.acc_seg: 82.0627
2024/01/14 15:04:39 - mmengine - INFO - Iter(train) [  5550/160000]  base_lr: 9.7186e-04 lr: 9.7186e-04  eta: 1 day, 12:53:29  time: 0.8605  data_time: 0.0082  memory: 19671  loss: 0.2152  decode.loss_ce: 0.2152  decode.acc_seg: 92.0422
2024/01/14 15:05:22 - mmengine - INFO - Iter(train) [  5600/160000]  base_lr: 9.7160e-04 lr: 9.7160e-04  eta: 1 day, 12:52:47  time: 0.8598  data_time: 0.0084  memory: 19672  loss: 0.2359  decode.loss_ce: 0.2359  decode.acc_seg: 86.9206
2024/01/14 15:06:05 - mmengine - INFO - Iter(train) [  5650/160000]  base_lr: 9.7135e-04 lr: 9.7135e-04  eta: 1 day, 12:52:04  time: 0.8599  data_time: 0.0086  memory: 19672  loss: 0.1909  decode.loss_ce: 0.1909  decode.acc_seg: 89.5589
2024/01/14 15:06:48 - mmengine - INFO - Iter(train) [  5700/160000]  base_lr: 9.7110e-04 lr: 9.7110e-04  eta: 1 day, 12:51:22  time: 0.8597  data_time: 0.0086  memory: 19672  loss: 0.1977  decode.loss_ce: 0.1977  decode.acc_seg: 91.4324
2024/01/14 15:07:31 - mmengine - INFO - Iter(train) [  5750/160000]  base_lr: 9.7084e-04 lr: 9.7084e-04  eta: 1 day, 12:50:39  time: 0.8599  data_time: 0.0083  memory: 19671  loss: 0.2551  decode.loss_ce: 0.2551  decode.acc_seg: 84.8153
2024/01/14 15:08:14 - mmengine - INFO - Iter(train) [  5800/160000]  base_lr: 9.7059e-04 lr: 9.7059e-04  eta: 1 day, 12:49:56  time: 0.8600  data_time: 0.0079  memory: 19671  loss: 0.2010  decode.loss_ce: 0.2010  decode.acc_seg: 90.5703
2024/01/14 15:08:57 - mmengine - INFO - Iter(train) [  5850/160000]  base_lr: 9.7033e-04 lr: 9.7033e-04  eta: 1 day, 12:49:13  time: 0.8596  data_time: 0.0079  memory: 19671  loss: 0.2003  decode.loss_ce: 0.2003  decode.acc_seg: 90.2038
2024/01/14 15:09:40 - mmengine - INFO - Iter(train) [  5900/160000]  base_lr: 9.7008e-04 lr: 9.7008e-04  eta: 1 day, 12:48:30  time: 0.8597  data_time: 0.0082  memory: 19671  loss: 0.2096  decode.loss_ce: 0.2096  decode.acc_seg: 94.1394
2024/01/14 15:10:23 - mmengine - INFO - Iter(train) [  5950/160000]  base_lr: 9.6983e-04 lr: 9.6983e-04  eta: 1 day, 12:47:47  time: 0.8604  data_time: 0.0084  memory: 19671  loss: 0.2036  decode.loss_ce: 0.2036  decode.acc_seg: 91.1985
2024/01/14 15:11:06 - mmengine - INFO - Exp name: setrvpt_vit-l_pup_8xb2-160k_cbis-ddsm-binary-512x512_20240114_134412
2024/01/14 15:11:06 - mmengine - INFO - Iter(train) [  6000/160000]  base_lr: 9.6957e-04 lr: 9.6957e-04  eta: 1 day, 12:47:05  time: 0.8600  data_time: 0.0087  memory: 19672  loss: 0.1754  decode.loss_ce: 0.1754  decode.acc_seg: 92.5034
2024/01/14 15:11:49 - mmengine - INFO - Iter(train) [  6050/160000]  base_lr: 9.6932e-04 lr: 9.6932e-04  eta: 1 day, 12:46:23  time: 0.8597  data_time: 0.0087  memory: 19672  loss: 0.1900  decode.loss_ce: 0.1900  decode.acc_seg: 92.9004
2024/01/14 15:12:32 - mmengine - INFO - Iter(train) [  6100/160000]  base_lr: 9.6906e-04 lr: 9.6906e-04  eta: 1 day, 12:45:39  time: 0.8597  data_time: 0.0086  memory: 19671  loss: 0.2037  decode.loss_ce: 0.2037  decode.acc_seg: 93.3343
2024/01/14 15:13:15 - mmengine - INFO - Iter(train) [  6150/160000]  base_lr: 9.6881e-04 lr: 9.6881e-04  eta: 1 day, 12:44:56  time: 0.8598  data_time: 0.0084  memory: 19671  loss: 0.1538  decode.loss_ce: 0.1538  decode.acc_seg: 94.9526
2024/01/14 15:13:58 - mmengine - INFO - Iter(train) [  6200/160000]  base_lr: 9.6856e-04 lr: 9.6856e-04  eta: 1 day, 12:44:13  time: 0.8603  data_time: 0.0084  memory: 19671  loss: 0.2450  decode.loss_ce: 0.2450  decode.acc_seg: 92.2059
2024/01/14 15:14:41 - mmengine - INFO - Iter(train) [  6250/160000]  base_lr: 9.6830e-04 lr: 9.6830e-04  eta: 1 day, 12:43:30  time: 0.8609  data_time: 0.0088  memory: 19672  loss: 0.1786  decode.loss_ce: 0.1786  decode.acc_seg: 89.3240
2024/01/14 15:15:24 - mmengine - INFO - Iter(train) [  6300/160000]  base_lr: 9.6805e-04 lr: 9.6805e-04  eta: 1 day, 12:42:47  time: 0.8596  data_time: 0.0084  memory: 19671  loss: 0.2084  decode.loss_ce: 0.2084  decode.acc_seg: 91.4698
2024/01/14 15:16:07 - mmengine - INFO - Iter(train) [  6350/160000]  base_lr: 9.6779e-04 lr: 9.6779e-04  eta: 1 day, 12:42:04  time: 0.8596  data_time: 0.0085  memory: 19671  loss: 0.2054  decode.loss_ce: 0.2054  decode.acc_seg: 92.3593
2024/01/14 15:16:50 - mmengine - INFO - Iter(train) [  6400/160000]  base_lr: 9.6754e-04 lr: 9.6754e-04  eta: 1 day, 12:41:21  time: 0.8599  data_time: 0.0085  memory: 19671  loss: 0.2054  decode.loss_ce: 0.2054  decode.acc_seg: 91.1356
2024/01/14 15:17:33 - mmengine - INFO - Iter(train) [  6450/160000]  base_lr: 9.6728e-04 lr: 9.6728e-04  eta: 1 day, 12:40:39  time: 0.8596  data_time: 0.0086  memory: 19671  loss: 0.2068  decode.loss_ce: 0.2068  decode.acc_seg: 88.3897
2024/01/14 15:18:16 - mmengine - INFO - Iter(train) [  6500/160000]  base_lr: 9.6703e-04 lr: 9.6703e-04  eta: 1 day, 12:39:56  time: 0.8615  data_time: 0.0090  memory: 19671  loss: 0.1824  decode.loss_ce: 0.1824  decode.acc_seg: 94.1447
2024/01/14 15:19:00 - mmengine - INFO - Iter(train) [  6550/160000]  base_lr: 9.6678e-04 lr: 9.6678e-04  eta: 1 day, 12:39:25  time: 0.8599  data_time: 0.0084  memory: 19671  loss: 0.2071  decode.loss_ce: 0.2071  decode.acc_seg: 91.3036
2024/01/14 15:19:43 - mmengine - INFO - Iter(train) [  6600/160000]  base_lr: 9.6652e-04 lr: 9.6652e-04  eta: 1 day, 12:38:42  time: 0.8600  data_time: 0.0082  memory: 19671  loss: 0.2196  decode.loss_ce: 0.2196  decode.acc_seg: 89.1383
2024/01/14 15:20:26 - mmengine - INFO - Iter(train) [  6650/160000]  base_lr: 9.6627e-04 lr: 9.6627e-04  eta: 1 day, 12:37:59  time: 0.8596  data_time: 0.0077  memory: 19671  loss: 0.1785  decode.loss_ce: 0.1785  decode.acc_seg: 96.3127
2024/01/14 15:21:09 - mmengine - INFO - Iter(train) [  6700/160000]  base_lr: 9.6601e-04 lr: 9.6601e-04  eta: 1 day, 12:37:16  time: 0.8596  data_time: 0.0077  memory: 19671  loss: 0.1904  decode.loss_ce: 0.1904  decode.acc_seg: 86.2662
2024/01/14 15:21:52 - mmengine - INFO - Iter(train) [  6750/160000]  base_lr: 9.6576e-04 lr: 9.6576e-04  eta: 1 day, 12:36:33  time: 0.8596  data_time: 0.0081  memory: 19671  loss: 0.1703  decode.loss_ce: 0.1703  decode.acc_seg: 94.8784
2024/01/14 15:22:35 - mmengine - INFO - Iter(train) [  6800/160000]  base_lr: 9.6551e-04 lr: 9.6551e-04  eta: 1 day, 12:35:49  time: 0.8597  data_time: 0.0083  memory: 19671  loss: 0.1619  decode.loss_ce: 0.1619  decode.acc_seg: 89.2105
2024/01/14 15:23:18 - mmengine - INFO - Iter(train) [  6850/160000]  base_lr: 9.6525e-04 lr: 9.6525e-04  eta: 1 day, 12:35:07  time: 0.8609  data_time: 0.0086  memory: 19671  loss: 0.1889  decode.loss_ce: 0.1889  decode.acc_seg: 92.5415
2024/01/14 15:24:01 - mmengine - INFO - Iter(train) [  6900/160000]  base_lr: 9.6500e-04 lr: 9.6500e-04  eta: 1 day, 12:34:24  time: 0.8601  data_time: 0.0085  memory: 19672  loss: 0.1790  decode.loss_ce: 0.1790  decode.acc_seg: 93.3710
2024/01/14 15:24:44 - mmengine - INFO - Iter(train) [  6950/160000]  base_lr: 9.6474e-04 lr: 9.6474e-04  eta: 1 day, 12:33:42  time: 0.8600  data_time: 0.0082  memory: 19671  loss: 0.2139  decode.loss_ce: 0.2139  decode.acc_seg: 91.6302
2024/01/14 15:25:27 - mmengine - INFO - Exp name: setrvpt_vit-l_pup_8xb2-160k_cbis-ddsm-binary-512x512_20240114_134412
2024/01/14 15:25:27 - mmengine - INFO - Iter(train) [  7000/160000]  base_lr: 9.6449e-04 lr: 9.6449e-04  eta: 1 day, 12:32:58  time: 0.8593  data_time: 0.0077  memory: 19672  loss: 0.1650  decode.loss_ce: 0.1650  decode.acc_seg: 90.3128
2024/01/14 15:26:10 - mmengine - INFO - Iter(train) [  7050/160000]  base_lr: 9.6423e-04 lr: 9.6423e-04  eta: 1 day, 12:32:17  time: 0.8597  data_time: 0.0076  memory: 19671  loss: 0.2075  decode.loss_ce: 0.2075  decode.acc_seg: 89.2825
2024/01/14 15:26:53 - mmengine - INFO - Iter(train) [  7100/160000]  base_lr: 9.6398e-04 lr: 9.6398e-04  eta: 1 day, 12:31:34  time: 0.8601  data_time: 0.0088  memory: 19672  loss: 0.1940  decode.loss_ce: 0.1940  decode.acc_seg: 93.1060
2024/01/14 15:27:36 - mmengine - INFO - Iter(train) [  7150/160000]  base_lr: 9.6373e-04 lr: 9.6373e-04  eta: 1 day, 12:30:51  time: 0.8598  data_time: 0.0086  memory: 19671  loss: 0.1647  decode.loss_ce: 0.1647  decode.acc_seg: 94.9531
2024/01/14 15:28:19 - mmengine - INFO - Iter(train) [  7200/160000]  base_lr: 9.6347e-04 lr: 9.6347e-04  eta: 1 day, 12:30:08  time: 0.8595  data_time: 0.0081  memory: 19672  loss: 0.1725  decode.loss_ce: 0.1725  decode.acc_seg: 93.3377
2024/01/14 15:29:02 - mmengine - INFO - Iter(train) [  7250/160000]  base_lr: 9.6322e-04 lr: 9.6322e-04  eta: 1 day, 12:29:25  time: 0.8599  data_time: 0.0085  memory: 19672  loss: 0.1439  decode.loss_ce: 0.1439  decode.acc_seg: 96.2925
2024/01/14 15:29:45 - mmengine - INFO - Iter(train) [  7300/160000]  base_lr: 9.6296e-04 lr: 9.6296e-04  eta: 1 day, 12:28:42  time: 0.8597  data_time: 0.0084  memory: 19672  loss: 0.2540  decode.loss_ce: 0.2540  decode.acc_seg: 88.9787
2024/01/14 15:30:28 - mmengine - INFO - Iter(train) [  7350/160000]  base_lr: 9.6271e-04 lr: 9.6271e-04  eta: 1 day, 12:28:00  time: 0.8600  data_time: 0.0082  memory: 19671  loss: 0.1717  decode.loss_ce: 0.1717  decode.acc_seg: 95.2329
2024/01/14 15:31:11 - mmengine - INFO - Iter(train) [  7400/160000]  base_lr: 9.6245e-04 lr: 9.6245e-04  eta: 1 day, 12:27:17  time: 0.8611  data_time: 0.0084  memory: 19671  loss: 0.1899  decode.loss_ce: 0.1899  decode.acc_seg: 94.6156
2024/01/14 15:31:54 - mmengine - INFO - Iter(train) [  7450/160000]  base_lr: 9.6220e-04 lr: 9.6220e-04  eta: 1 day, 12:26:34  time: 0.8598  data_time: 0.0080  memory: 19671  loss: 0.1848  decode.loss_ce: 0.1848  decode.acc_seg: 94.3091
2024/01/14 15:32:37 - mmengine - INFO - Iter(train) [  7500/160000]  base_lr: 9.6195e-04 lr: 9.6195e-04  eta: 1 day, 12:25:52  time: 0.8601  data_time: 0.0086  memory: 19671  loss: 0.1944  decode.loss_ce: 0.1944  decode.acc_seg: 93.7378
