2023/11/19 21:02:24 - mmengine - INFO - 
------------------------------------------------------------
System environment:
    sys.platform: linux
    Python: 3.10.13 (main, Sep 11 2023, 13:44:35) [GCC 11.2.0]
    CUDA available: True
    numpy_random_seed: 611050197
    GPU 0: NVIDIA A40
    CUDA_HOME: None
    GCC: gcc (Ubuntu 9.4.0-1ubuntu1~20.04.2) 9.4.0
    PyTorch: 2.0.0
    PyTorch compiling details: PyTorch built with:
  - GCC 9.3
  - C++ Version: 201703
  - Intel(R) oneAPI Math Kernel Library Version 2023.1-Product Build 20230303 for Intel(R) 64 architecture applications
  - Intel(R) MKL-DNN v2.7.3 (Git Hash 6dbeffbae1f23cbbeae17adb7b5b13f1f37c080e)
  - OpenMP 201511 (a.k.a. OpenMP 4.5)
  - LAPACK is enabled (usually provided by MKL)
  - NNPACK is enabled
  - CPU capability usage: AVX2
  - CUDA Runtime 11.8
  - NVCC architecture flags: -gencode;arch=compute_37,code=sm_37;-gencode;arch=compute_50,code=sm_50;-gencode;arch=compute_60,code=sm_60;-gencode;arch=compute_61,code=sm_61;-gencode;arch=compute_70,code=sm_70;-gencode;arch=compute_75,code=sm_75;-gencode;arch=compute_80,code=sm_80;-gencode;arch=compute_86,code=sm_86;-gencode;arch=compute_90,code=sm_90;-gencode;arch=compute_37,code=compute_37
  - CuDNN 8.7
  - Magma 2.6.1
  - Build settings: BLAS_INFO=mkl, BUILD_TYPE=Release, CUDA_VERSION=11.8, CUDNN_VERSION=8.7.0, CXX_COMPILER=/opt/rh/devtoolset-9/root/usr/bin/c++, CXX_FLAGS= -D_GLIBCXX_USE_CXX11_ABI=0 -fabi-version=11 -Wno-deprecated -fvisibility-inlines-hidden -DUSE_PTHREADPOOL -DNDEBUG -DUSE_KINETO -DLIBKINETO_NOROCTRACER -DUSE_FBGEMM -DUSE_QNNPACK -DUSE_PYTORCH_QNNPACK -DUSE_XNNPACK -DSYMBOLICATE_MOBILE_DEBUG_HANDLE -O2 -fPIC -Wall -Wextra -Werror=return-type -Werror=non-virtual-dtor -Werror=bool-operation -Wnarrowing -Wno-missing-field-initializers -Wno-type-limits -Wno-array-bounds -Wno-unknown-pragmas -Wunused-local-typedefs -Wno-unused-parameter -Wno-unused-function -Wno-unused-result -Wno-strict-overflow -Wno-strict-aliasing -Wno-error=deprecated-declarations -Wno-stringop-overflow -Wno-psabi -Wno-error=pedantic -Wno-error=redundant-decls -Wno-error=old-style-cast -fdiagnostics-color=always -faligned-new -Wno-unused-but-set-variable -Wno-maybe-uninitialized -fno-math-errno -fno-trapping-math -Werror=format -Werror=cast-function-type -Wno-stringop-overflow, LAPACK_INFO=mkl, PERF_WITH_AVX=1, PERF_WITH_AVX2=1, PERF_WITH_AVX512=1, TORCH_DISABLE_GPU_ASSERTS=ON, TORCH_VERSION=2.0.0, USE_CUDA=ON, USE_CUDNN=ON, USE_EXCEPTION_PTR=1, USE_GFLAGS=OFF, USE_GLOG=OFF, USE_MKL=ON, USE_MKLDNN=ON, USE_MPI=OFF, USE_NCCL=ON, USE_NNPACK=ON, USE_OPENMP=ON, USE_ROCM=OFF, 

    TorchVision: 0.15.0
    OpenCV: 4.8.1
    MMEngine: 0.9.0

Runtime environment:
    cudnn_benchmark: True
    mp_cfg: {'mp_start_method': 'fork', 'opencv_num_threads': 0}
    dist_cfg: {'backend': 'nccl'}
    seed: 611050197
    Distributed launcher: none
    Distributed training: False
    GPU number: 1
------------------------------------------------------------

2023/11/19 21:02:25 - mmengine - INFO - Config:
backbone_norm_cfg = dict(eps=1e-06, requires_grad=True, type='LN')
crop_size = (
    512,
    512,
)
data_preprocessor = dict(
    bgr_to_rgb=True,
    mean=[
        123.675,
        116.28,
        103.53,
    ],
    pad_val=0,
    seg_pad_val=255,
    size=(
        512,
        512,
    ),
    std=[
        58.395,
        57.12,
        57.375,
    ],
    type='SegDataPreProcessor')
data_root = 'data/ade/ADEChallengeData2016'
dataset_type = 'ADE20KDataset'
default_hooks = dict(
    checkpoint=dict(by_epoch=False, interval=16000, type='CheckpointHook'),
    logger=dict(interval=50, log_metric_by_epoch=False, type='LoggerHook'),
    param_scheduler=dict(type='ParamSchedulerHook'),
    sampler_seed=dict(type='DistSamplerSeedHook'),
    timer=dict(type='IterTimerHook'),
    visualization=dict(type='SegVisualizationHook'))
default_scope = 'mmseg'
env_cfg = dict(
    cudnn_benchmark=True,
    dist_cfg=dict(backend='nccl'),
    mp_cfg=dict(mp_start_method='fork', opencv_num_threads=0))
img_ratios = [
    0.5,
    0.75,
    1.0,
    1.25,
    1.5,
    1.75,
]
launcher = 'none'
load_from = None
log_level = 'INFO'
log_processor = dict(by_epoch=False)
model = dict(
    auxiliary_head=[
        dict(
            act_cfg=dict(type='ReLU'),
            align_corners=False,
            channels=256,
            dropout_ratio=0,
            in_channels=1024,
            in_index=0,
            kernel_size=3,
            loss_decode=dict(
                loss_weight=0.4, type='CrossEntropyLoss', use_sigmoid=False),
            norm_cfg=dict(requires_grad=True, type='SyncBN'),
            num_classes=150,
            num_convs=2,
            type='SETRUPHead'),
        dict(
            act_cfg=dict(type='ReLU'),
            align_corners=False,
            channels=256,
            dropout_ratio=0,
            in_channels=1024,
            in_index=1,
            kernel_size=3,
            loss_decode=dict(
                loss_weight=0.4, type='CrossEntropyLoss', use_sigmoid=False),
            norm_cfg=dict(requires_grad=True, type='SyncBN'),
            num_classes=150,
            num_convs=2,
            type='SETRUPHead'),
        dict(
            act_cfg=dict(type='ReLU'),
            align_corners=False,
            channels=256,
            dropout_ratio=0,
            in_channels=1024,
            in_index=2,
            kernel_size=3,
            loss_decode=dict(
                loss_weight=0.4, type='CrossEntropyLoss', use_sigmoid=False),
            norm_cfg=dict(requires_grad=True, type='SyncBN'),
            num_classes=150,
            num_convs=2,
            type='SETRUPHead'),
    ],
    backbone=dict(
        drop_rate=0.0,
        embed_dims=1024,
        img_size=(
            512,
            512,
        ),
        in_channels=3,
        init_cfg=dict(
            checkpoint='pretrain/vit_large_p16.pth', type='Pretrained'),
        interpolate_mode='bilinear',
        norm_cfg=dict(eps=1e-06, requires_grad=True, type='LN'),
        num_heads=16,
        num_layers=24,
        out_indices=(
            9,
            14,
            19,
            23,
        ),
        patch_size=16,
        type='VisionTransformer',
        with_cls_token=True),
    data_preprocessor=dict(
        bgr_to_rgb=True,
        mean=[
            123.675,
            116.28,
            103.53,
        ],
        pad_val=0,
        seg_pad_val=255,
        size=(
            512,
            512,
        ),
        std=[
            58.395,
            57.12,
            57.375,
        ],
        type='SegDataPreProcessor'),
    decode_head=dict(
        align_corners=False,
        channels=256,
        dropout_ratio=0,
        in_channels=1024,
        in_index=3,
        kernel_size=3,
        loss_decode=dict(
            loss_weight=1.0, type='CrossEntropyLoss', use_sigmoid=False),
        norm_cfg=dict(requires_grad=True, type='SyncBN'),
        num_classes=150,
        num_convs=4,
        type='SETRUPHead',
        up_scale=2),
    pretrained=None,
    test_cfg=dict(crop_size=(
        512,
        512,
    ), mode='slide', stride=(
        341,
        341,
    )),
    train_cfg=dict(),
    type='EncoderDecoder')
norm_cfg = dict(requires_grad=True, type='SyncBN')
optim_wrapper = dict(
    clip_grad=None,
    optimizer=dict(lr=0.001, momentum=0.9, type='SGD', weight_decay=0.0),
    paramwise_cfg=dict(custom_keys=dict(head=dict(lr_mult=10.0))),
    type='OptimWrapper')
optimizer = dict(lr=0.001, momentum=0.9, type='SGD', weight_decay=0.0)
param_scheduler = [
    dict(
        begin=0,
        by_epoch=False,
        end=160000,
        eta_min=0.0001,
        power=0.9,
        type='PolyLR'),
]
resume = False
test_cfg = dict(type='TestLoop')
test_dataloader = dict(
    batch_size=1,
    dataset=dict(
        data_prefix=dict(
            img_path='images/validation',
            seg_map_path='annotations/validation'),
        data_root='data/ade/ADEChallengeData2016',
        pipeline=[
            dict(type='LoadImageFromFile'),
            dict(keep_ratio=True, scale=(
                2048,
                512,
            ), type='Resize'),
            dict(reduce_zero_label=True, type='LoadAnnotations'),
            dict(type='PackSegInputs'),
        ],
        type='ADE20KDataset'),
    num_workers=4,
    persistent_workers=True,
    sampler=dict(shuffle=False, type='DefaultSampler'))
test_evaluator = dict(
    iou_metrics=[
        'mIoU',
    ], type='IoUMetric')
test_pipeline = [
    dict(type='LoadImageFromFile'),
    dict(keep_ratio=True, scale=(
        2048,
        512,
    ), type='Resize'),
    dict(reduce_zero_label=True, type='LoadAnnotations'),
    dict(type='PackSegInputs'),
]
train_cfg = dict(
    max_iters=160000, type='IterBasedTrainLoop', val_interval=16000)
train_dataloader = dict(
    batch_size=4,
    dataset=dict(
        data_prefix=dict(
            img_path='images/training', seg_map_path='annotations/training'),
        data_root='data/ade/ADEChallengeData2016',
        pipeline=[
            dict(type='LoadImageFromFile'),
            dict(reduce_zero_label=True, type='LoadAnnotations'),
            dict(
                keep_ratio=True,
                ratio_range=(
                    0.5,
                    2.0,
                ),
                scale=(
                    2048,
                    512,
                ),
                type='RandomResize'),
            dict(
                cat_max_ratio=0.75, crop_size=(
                    512,
                    512,
                ), type='RandomCrop'),
            dict(prob=0.5, type='RandomFlip'),
            dict(type='PhotoMetricDistortion'),
            dict(type='PackSegInputs'),
        ],
        type='ADE20KDataset'),
    num_workers=8,
    persistent_workers=True,
    sampler=dict(shuffle=True, type='InfiniteSampler'))
train_pipeline = [
    dict(type='LoadImageFromFile'),
    dict(reduce_zero_label=True, type='LoadAnnotations'),
    dict(
        keep_ratio=True,
        ratio_range=(
            0.5,
            2.0,
        ),
        scale=(
            2048,
            512,
        ),
        type='RandomResize'),
    dict(cat_max_ratio=0.75, crop_size=(
        512,
        512,
    ), type='RandomCrop'),
    dict(prob=0.5, type='RandomFlip'),
    dict(type='PhotoMetricDistortion'),
    dict(type='PackSegInputs'),
]
tta_model = dict(type='SegTTAModel')
tta_pipeline = [
    dict(backend_args=None, type='LoadImageFromFile'),
    dict(
        transforms=[
            [
                dict(keep_ratio=True, scale_factor=0.5, type='Resize'),
                dict(keep_ratio=True, scale_factor=0.75, type='Resize'),
                dict(keep_ratio=True, scale_factor=1.0, type='Resize'),
                dict(keep_ratio=True, scale_factor=1.25, type='Resize'),
                dict(keep_ratio=True, scale_factor=1.5, type='Resize'),
                dict(keep_ratio=True, scale_factor=1.75, type='Resize'),
            ],
            [
                dict(direction='horizontal', prob=0.0, type='RandomFlip'),
                dict(direction='horizontal', prob=1.0, type='RandomFlip'),
            ],
            [
                dict(type='LoadAnnotations'),
            ],
            [
                dict(type='PackSegInputs'),
            ],
        ],
        type='TestTimeAug'),
]
val_cfg = dict(type='ValLoop')
val_dataloader = dict(
    batch_size=1,
    dataset=dict(
        data_prefix=dict(
            img_path='images/validation',
            seg_map_path='annotations/validation'),
        data_root='data/ade/ADEChallengeData2016',
        pipeline=[
            dict(type='LoadImageFromFile'),
            dict(keep_ratio=True, scale=(
                2048,
                512,
            ), type='Resize'),
            dict(reduce_zero_label=True, type='LoadAnnotations'),
            dict(type='PackSegInputs'),
        ],
        type='ADE20KDataset'),
    num_workers=4,
    persistent_workers=True,
    sampler=dict(shuffle=False, type='DefaultSampler'))
val_evaluator = dict(
    iou_metrics=[
        'mIoU',
    ], type='IoUMetric')
vis_backends = [
    dict(type='LocalVisBackend'),
]
visualizer = dict(
    name='visualizer',
    type='SegLocalVisualizer',
    vis_backends=[
        dict(type='LocalVisBackend'),
    ])
work_dir = './work_dirs/setr_vit-l_pup_8xb2-160k_ade20k-512x512'

2023/11/19 21:02:30 - mmengine - INFO - Distributed training is not used, all SyncBatchNorm (SyncBN) layers in the model will be automatically reverted to BatchNormXd layers if they are used.
2023/11/19 21:02:30 - mmengine - INFO - Hooks will be executed in the following order:
before_run:
(VERY_HIGH   ) RuntimeInfoHook                    
(BELOW_NORMAL) LoggerHook                         
 -------------------- 
before_train:
(VERY_HIGH   ) RuntimeInfoHook                    
(NORMAL      ) IterTimerHook                      
(VERY_LOW    ) CheckpointHook                     
 -------------------- 
before_train_epoch:
(VERY_HIGH   ) RuntimeInfoHook                    
(NORMAL      ) IterTimerHook                      
(NORMAL      ) DistSamplerSeedHook                
 -------------------- 
before_train_iter:
(VERY_HIGH   ) RuntimeInfoHook                    
(NORMAL      ) IterTimerHook                      
 -------------------- 
after_train_iter:
(VERY_HIGH   ) RuntimeInfoHook                    
(NORMAL      ) IterTimerHook                      
(NORMAL      ) SegVisualizationHook               
(BELOW_NORMAL) LoggerHook                         
(LOW         ) ParamSchedulerHook                 
(VERY_LOW    ) CheckpointHook                     
 -------------------- 
after_train_epoch:
(NORMAL      ) IterTimerHook                      
(LOW         ) ParamSchedulerHook                 
(VERY_LOW    ) CheckpointHook                     
 -------------------- 
before_val:
(VERY_HIGH   ) RuntimeInfoHook                    
 -------------------- 
before_val_epoch:
(NORMAL      ) IterTimerHook                      
 -------------------- 
before_val_iter:
(NORMAL      ) IterTimerHook                      
 -------------------- 
after_val_iter:
(NORMAL      ) IterTimerHook                      
(NORMAL      ) SegVisualizationHook               
(BELOW_NORMAL) LoggerHook                         
 -------------------- 
after_val_epoch:
(VERY_HIGH   ) RuntimeInfoHook                    
(NORMAL      ) IterTimerHook                      
(BELOW_NORMAL) LoggerHook                         
(LOW         ) ParamSchedulerHook                 
(VERY_LOW    ) CheckpointHook                     
 -------------------- 
after_val:
(VERY_HIGH   ) RuntimeInfoHook                    
 -------------------- 
after_train:
(VERY_HIGH   ) RuntimeInfoHook                    
(VERY_LOW    ) CheckpointHook                     
 -------------------- 
before_test:
(VERY_HIGH   ) RuntimeInfoHook                    
 -------------------- 
before_test_epoch:
(NORMAL      ) IterTimerHook                      
 -------------------- 
before_test_iter:
(NORMAL      ) IterTimerHook                      
 -------------------- 
after_test_iter:
(NORMAL      ) IterTimerHook                      
(NORMAL      ) SegVisualizationHook               
(BELOW_NORMAL) LoggerHook                         
 -------------------- 
after_test_epoch:
(VERY_HIGH   ) RuntimeInfoHook                    
(NORMAL      ) IterTimerHook                      
(BELOW_NORMAL) LoggerHook                         
 -------------------- 
after_test:
(VERY_HIGH   ) RuntimeInfoHook                    
 -------------------- 
after_run:
(BELOW_NORMAL) LoggerHook                         
 -------------------- 
2023/11/19 21:02:33 - mmengine - INFO - paramwise_options -- decode_head.conv_seg.weight:lr=0.01
2023/11/19 21:02:33 - mmengine - INFO - paramwise_options -- decode_head.conv_seg.weight:weight_decay=0.0
2023/11/19 21:02:33 - mmengine - INFO - paramwise_options -- decode_head.conv_seg.weight:lr_mult=10.0
2023/11/19 21:02:33 - mmengine - INFO - paramwise_options -- decode_head.conv_seg.bias:lr=0.01
2023/11/19 21:02:33 - mmengine - INFO - paramwise_options -- decode_head.conv_seg.bias:weight_decay=0.0
2023/11/19 21:02:33 - mmengine - INFO - paramwise_options -- decode_head.conv_seg.bias:lr_mult=10.0
2023/11/19 21:02:33 - mmengine - INFO - paramwise_options -- decode_head.norm.weight:lr=0.01
2023/11/19 21:02:33 - mmengine - INFO - paramwise_options -- decode_head.norm.weight:weight_decay=0.0
2023/11/19 21:02:33 - mmengine - INFO - paramwise_options -- decode_head.norm.weight:lr_mult=10.0
2023/11/19 21:02:33 - mmengine - INFO - paramwise_options -- decode_head.norm.bias:lr=0.01
2023/11/19 21:02:33 - mmengine - INFO - paramwise_options -- decode_head.norm.bias:weight_decay=0.0
2023/11/19 21:02:33 - mmengine - INFO - paramwise_options -- decode_head.norm.bias:lr_mult=10.0
2023/11/19 21:02:33 - mmengine - INFO - paramwise_options -- decode_head.up_convs.0.0.conv.weight:lr=0.01
2023/11/19 21:02:33 - mmengine - INFO - paramwise_options -- decode_head.up_convs.0.0.conv.weight:weight_decay=0.0
2023/11/19 21:02:33 - mmengine - INFO - paramwise_options -- decode_head.up_convs.0.0.conv.weight:lr_mult=10.0
2023/11/19 21:02:33 - mmengine - INFO - paramwise_options -- decode_head.up_convs.0.0.bn.weight:lr=0.01
2023/11/19 21:02:33 - mmengine - INFO - paramwise_options -- decode_head.up_convs.0.0.bn.weight:weight_decay=0.0
2023/11/19 21:02:33 - mmengine - INFO - paramwise_options -- decode_head.up_convs.0.0.bn.weight:lr_mult=10.0
2023/11/19 21:02:33 - mmengine - INFO - paramwise_options -- decode_head.up_convs.0.0.bn.bias:lr=0.01
2023/11/19 21:02:33 - mmengine - INFO - paramwise_options -- decode_head.up_convs.0.0.bn.bias:weight_decay=0.0
2023/11/19 21:02:33 - mmengine - INFO - paramwise_options -- decode_head.up_convs.0.0.bn.bias:lr_mult=10.0
2023/11/19 21:02:33 - mmengine - INFO - paramwise_options -- decode_head.up_convs.1.0.conv.weight:lr=0.01
2023/11/19 21:02:33 - mmengine - INFO - paramwise_options -- decode_head.up_convs.1.0.conv.weight:weight_decay=0.0
2023/11/19 21:02:33 - mmengine - INFO - paramwise_options -- decode_head.up_convs.1.0.conv.weight:lr_mult=10.0
2023/11/19 21:02:33 - mmengine - INFO - paramwise_options -- decode_head.up_convs.1.0.bn.weight:lr=0.01
2023/11/19 21:02:33 - mmengine - INFO - paramwise_options -- decode_head.up_convs.1.0.bn.weight:weight_decay=0.0
2023/11/19 21:02:33 - mmengine - INFO - paramwise_options -- decode_head.up_convs.1.0.bn.weight:lr_mult=10.0
2023/11/19 21:02:33 - mmengine - INFO - paramwise_options -- decode_head.up_convs.1.0.bn.bias:lr=0.01
2023/11/19 21:02:33 - mmengine - INFO - paramwise_options -- decode_head.up_convs.1.0.bn.bias:weight_decay=0.0
2023/11/19 21:02:33 - mmengine - INFO - paramwise_options -- decode_head.up_convs.1.0.bn.bias:lr_mult=10.0
2023/11/19 21:02:33 - mmengine - INFO - paramwise_options -- decode_head.up_convs.2.0.conv.weight:lr=0.01
2023/11/19 21:02:33 - mmengine - INFO - paramwise_options -- decode_head.up_convs.2.0.conv.weight:weight_decay=0.0
2023/11/19 21:02:33 - mmengine - INFO - paramwise_options -- decode_head.up_convs.2.0.conv.weight:lr_mult=10.0
2023/11/19 21:02:33 - mmengine - INFO - paramwise_options -- decode_head.up_convs.2.0.bn.weight:lr=0.01
2023/11/19 21:02:33 - mmengine - INFO - paramwise_options -- decode_head.up_convs.2.0.bn.weight:weight_decay=0.0
2023/11/19 21:02:33 - mmengine - INFO - paramwise_options -- decode_head.up_convs.2.0.bn.weight:lr_mult=10.0
2023/11/19 21:02:33 - mmengine - INFO - paramwise_options -- decode_head.up_convs.2.0.bn.bias:lr=0.01
2023/11/19 21:02:33 - mmengine - INFO - paramwise_options -- decode_head.up_convs.2.0.bn.bias:weight_decay=0.0
2023/11/19 21:02:33 - mmengine - INFO - paramwise_options -- decode_head.up_convs.2.0.bn.bias:lr_mult=10.0
2023/11/19 21:02:33 - mmengine - INFO - paramwise_options -- decode_head.up_convs.3.0.conv.weight:lr=0.01
2023/11/19 21:02:33 - mmengine - INFO - paramwise_options -- decode_head.up_convs.3.0.conv.weight:weight_decay=0.0
2023/11/19 21:02:33 - mmengine - INFO - paramwise_options -- decode_head.up_convs.3.0.conv.weight:lr_mult=10.0
2023/11/19 21:02:33 - mmengine - INFO - paramwise_options -- decode_head.up_convs.3.0.bn.weight:lr=0.01
2023/11/19 21:02:33 - mmengine - INFO - paramwise_options -- decode_head.up_convs.3.0.bn.weight:weight_decay=0.0
2023/11/19 21:02:33 - mmengine - INFO - paramwise_options -- decode_head.up_convs.3.0.bn.weight:lr_mult=10.0
2023/11/19 21:02:33 - mmengine - INFO - paramwise_options -- decode_head.up_convs.3.0.bn.bias:lr=0.01
2023/11/19 21:02:33 - mmengine - INFO - paramwise_options -- decode_head.up_convs.3.0.bn.bias:weight_decay=0.0
2023/11/19 21:02:33 - mmengine - INFO - paramwise_options -- decode_head.up_convs.3.0.bn.bias:lr_mult=10.0
2023/11/19 21:02:33 - mmengine - INFO - paramwise_options -- auxiliary_head.0.conv_seg.weight:lr=0.01
2023/11/19 21:02:33 - mmengine - INFO - paramwise_options -- auxiliary_head.0.conv_seg.weight:weight_decay=0.0
2023/11/19 21:02:33 - mmengine - INFO - paramwise_options -- auxiliary_head.0.conv_seg.weight:lr_mult=10.0
2023/11/19 21:02:33 - mmengine - INFO - paramwise_options -- auxiliary_head.0.conv_seg.bias:lr=0.01
2023/11/19 21:02:33 - mmengine - INFO - paramwise_options -- auxiliary_head.0.conv_seg.bias:weight_decay=0.0
2023/11/19 21:02:33 - mmengine - INFO - paramwise_options -- auxiliary_head.0.conv_seg.bias:lr_mult=10.0
2023/11/19 21:02:33 - mmengine - INFO - paramwise_options -- auxiliary_head.0.norm.weight:lr=0.01
2023/11/19 21:02:33 - mmengine - INFO - paramwise_options -- auxiliary_head.0.norm.weight:weight_decay=0.0
2023/11/19 21:02:33 - mmengine - INFO - paramwise_options -- auxiliary_head.0.norm.weight:lr_mult=10.0
2023/11/19 21:02:33 - mmengine - INFO - paramwise_options -- auxiliary_head.0.norm.bias:lr=0.01
2023/11/19 21:02:33 - mmengine - INFO - paramwise_options -- auxiliary_head.0.norm.bias:weight_decay=0.0
2023/11/19 21:02:33 - mmengine - INFO - paramwise_options -- auxiliary_head.0.norm.bias:lr_mult=10.0
2023/11/19 21:02:33 - mmengine - INFO - paramwise_options -- auxiliary_head.0.up_convs.0.0.conv.weight:lr=0.01
2023/11/19 21:02:33 - mmengine - INFO - paramwise_options -- auxiliary_head.0.up_convs.0.0.conv.weight:weight_decay=0.0
2023/11/19 21:02:33 - mmengine - INFO - paramwise_options -- auxiliary_head.0.up_convs.0.0.conv.weight:lr_mult=10.0
2023/11/19 21:02:33 - mmengine - INFO - paramwise_options -- auxiliary_head.0.up_convs.0.0.bn.weight:lr=0.01
2023/11/19 21:02:33 - mmengine - INFO - paramwise_options -- auxiliary_head.0.up_convs.0.0.bn.weight:weight_decay=0.0
2023/11/19 21:02:33 - mmengine - INFO - paramwise_options -- auxiliary_head.0.up_convs.0.0.bn.weight:lr_mult=10.0
2023/11/19 21:02:33 - mmengine - INFO - paramwise_options -- auxiliary_head.0.up_convs.0.0.bn.bias:lr=0.01
2023/11/19 21:02:33 - mmengine - INFO - paramwise_options -- auxiliary_head.0.up_convs.0.0.bn.bias:weight_decay=0.0
2023/11/19 21:02:33 - mmengine - INFO - paramwise_options -- auxiliary_head.0.up_convs.0.0.bn.bias:lr_mult=10.0
2023/11/19 21:02:33 - mmengine - INFO - paramwise_options -- auxiliary_head.0.up_convs.1.0.conv.weight:lr=0.01
2023/11/19 21:02:33 - mmengine - INFO - paramwise_options -- auxiliary_head.0.up_convs.1.0.conv.weight:weight_decay=0.0
2023/11/19 21:02:33 - mmengine - INFO - paramwise_options -- auxiliary_head.0.up_convs.1.0.conv.weight:lr_mult=10.0
2023/11/19 21:02:33 - mmengine - INFO - paramwise_options -- auxiliary_head.0.up_convs.1.0.bn.weight:lr=0.01
2023/11/19 21:02:33 - mmengine - INFO - paramwise_options -- auxiliary_head.0.up_convs.1.0.bn.weight:weight_decay=0.0
2023/11/19 21:02:33 - mmengine - INFO - paramwise_options -- auxiliary_head.0.up_convs.1.0.bn.weight:lr_mult=10.0
2023/11/19 21:02:33 - mmengine - INFO - paramwise_options -- auxiliary_head.0.up_convs.1.0.bn.bias:lr=0.01
2023/11/19 21:02:33 - mmengine - INFO - paramwise_options -- auxiliary_head.0.up_convs.1.0.bn.bias:weight_decay=0.0
2023/11/19 21:02:33 - mmengine - INFO - paramwise_options -- auxiliary_head.0.up_convs.1.0.bn.bias:lr_mult=10.0
2023/11/19 21:02:33 - mmengine - INFO - paramwise_options -- auxiliary_head.1.conv_seg.weight:lr=0.01
2023/11/19 21:02:33 - mmengine - INFO - paramwise_options -- auxiliary_head.1.conv_seg.weight:weight_decay=0.0
2023/11/19 21:02:33 - mmengine - INFO - paramwise_options -- auxiliary_head.1.conv_seg.weight:lr_mult=10.0
2023/11/19 21:02:33 - mmengine - INFO - paramwise_options -- auxiliary_head.1.conv_seg.bias:lr=0.01
2023/11/19 21:02:33 - mmengine - INFO - paramwise_options -- auxiliary_head.1.conv_seg.bias:weight_decay=0.0
2023/11/19 21:02:33 - mmengine - INFO - paramwise_options -- auxiliary_head.1.conv_seg.bias:lr_mult=10.0
2023/11/19 21:02:33 - mmengine - INFO - paramwise_options -- auxiliary_head.1.norm.weight:lr=0.01
2023/11/19 21:02:33 - mmengine - INFO - paramwise_options -- auxiliary_head.1.norm.weight:weight_decay=0.0
2023/11/19 21:02:33 - mmengine - INFO - paramwise_options -- auxiliary_head.1.norm.weight:lr_mult=10.0
2023/11/19 21:02:33 - mmengine - INFO - paramwise_options -- auxiliary_head.1.norm.bias:lr=0.01
2023/11/19 21:02:33 - mmengine - INFO - paramwise_options -- auxiliary_head.1.norm.bias:weight_decay=0.0
2023/11/19 21:02:33 - mmengine - INFO - paramwise_options -- auxiliary_head.1.norm.bias:lr_mult=10.0
2023/11/19 21:02:33 - mmengine - INFO - paramwise_options -- auxiliary_head.1.up_convs.0.0.conv.weight:lr=0.01
2023/11/19 21:02:33 - mmengine - INFO - paramwise_options -- auxiliary_head.1.up_convs.0.0.conv.weight:weight_decay=0.0
2023/11/19 21:02:33 - mmengine - INFO - paramwise_options -- auxiliary_head.1.up_convs.0.0.conv.weight:lr_mult=10.0
2023/11/19 21:02:33 - mmengine - INFO - paramwise_options -- auxiliary_head.1.up_convs.0.0.bn.weight:lr=0.01
2023/11/19 21:02:33 - mmengine - INFO - paramwise_options -- auxiliary_head.1.up_convs.0.0.bn.weight:weight_decay=0.0
2023/11/19 21:02:33 - mmengine - INFO - paramwise_options -- auxiliary_head.1.up_convs.0.0.bn.weight:lr_mult=10.0
2023/11/19 21:02:33 - mmengine - INFO - paramwise_options -- auxiliary_head.1.up_convs.0.0.bn.bias:lr=0.01
2023/11/19 21:02:33 - mmengine - INFO - paramwise_options -- auxiliary_head.1.up_convs.0.0.bn.bias:weight_decay=0.0
2023/11/19 21:02:33 - mmengine - INFO - paramwise_options -- auxiliary_head.1.up_convs.0.0.bn.bias:lr_mult=10.0
2023/11/19 21:02:33 - mmengine - INFO - paramwise_options -- auxiliary_head.1.up_convs.1.0.conv.weight:lr=0.01
2023/11/19 21:02:33 - mmengine - INFO - paramwise_options -- auxiliary_head.1.up_convs.1.0.conv.weight:weight_decay=0.0
2023/11/19 21:02:33 - mmengine - INFO - paramwise_options -- auxiliary_head.1.up_convs.1.0.conv.weight:lr_mult=10.0
2023/11/19 21:02:33 - mmengine - INFO - paramwise_options -- auxiliary_head.1.up_convs.1.0.bn.weight:lr=0.01
2023/11/19 21:02:33 - mmengine - INFO - paramwise_options -- auxiliary_head.1.up_convs.1.0.bn.weight:weight_decay=0.0
2023/11/19 21:02:33 - mmengine - INFO - paramwise_options -- auxiliary_head.1.up_convs.1.0.bn.weight:lr_mult=10.0
2023/11/19 21:02:33 - mmengine - INFO - paramwise_options -- auxiliary_head.1.up_convs.1.0.bn.bias:lr=0.01
2023/11/19 21:02:33 - mmengine - INFO - paramwise_options -- auxiliary_head.1.up_convs.1.0.bn.bias:weight_decay=0.0
2023/11/19 21:02:33 - mmengine - INFO - paramwise_options -- auxiliary_head.1.up_convs.1.0.bn.bias:lr_mult=10.0
2023/11/19 21:02:33 - mmengine - INFO - paramwise_options -- auxiliary_head.2.conv_seg.weight:lr=0.01
2023/11/19 21:02:33 - mmengine - INFO - paramwise_options -- auxiliary_head.2.conv_seg.weight:weight_decay=0.0
2023/11/19 21:02:33 - mmengine - INFO - paramwise_options -- auxiliary_head.2.conv_seg.weight:lr_mult=10.0
2023/11/19 21:02:33 - mmengine - INFO - paramwise_options -- auxiliary_head.2.conv_seg.bias:lr=0.01
2023/11/19 21:02:33 - mmengine - INFO - paramwise_options -- auxiliary_head.2.conv_seg.bias:weight_decay=0.0
2023/11/19 21:02:33 - mmengine - INFO - paramwise_options -- auxiliary_head.2.conv_seg.bias:lr_mult=10.0
2023/11/19 21:02:33 - mmengine - INFO - paramwise_options -- auxiliary_head.2.norm.weight:lr=0.01
2023/11/19 21:02:33 - mmengine - INFO - paramwise_options -- auxiliary_head.2.norm.weight:weight_decay=0.0
2023/11/19 21:02:33 - mmengine - INFO - paramwise_options -- auxiliary_head.2.norm.weight:lr_mult=10.0
2023/11/19 21:02:33 - mmengine - INFO - paramwise_options -- auxiliary_head.2.norm.bias:lr=0.01
2023/11/19 21:02:33 - mmengine - INFO - paramwise_options -- auxiliary_head.2.norm.bias:weight_decay=0.0
2023/11/19 21:02:33 - mmengine - INFO - paramwise_options -- auxiliary_head.2.norm.bias:lr_mult=10.0
2023/11/19 21:02:33 - mmengine - INFO - paramwise_options -- auxiliary_head.2.up_convs.0.0.conv.weight:lr=0.01
2023/11/19 21:02:33 - mmengine - INFO - paramwise_options -- auxiliary_head.2.up_convs.0.0.conv.weight:weight_decay=0.0
2023/11/19 21:02:33 - mmengine - INFO - paramwise_options -- auxiliary_head.2.up_convs.0.0.conv.weight:lr_mult=10.0
2023/11/19 21:02:33 - mmengine - INFO - paramwise_options -- auxiliary_head.2.up_convs.0.0.bn.weight:lr=0.01
2023/11/19 21:02:33 - mmengine - INFO - paramwise_options -- auxiliary_head.2.up_convs.0.0.bn.weight:weight_decay=0.0
2023/11/19 21:02:33 - mmengine - INFO - paramwise_options -- auxiliary_head.2.up_convs.0.0.bn.weight:lr_mult=10.0
2023/11/19 21:02:33 - mmengine - INFO - paramwise_options -- auxiliary_head.2.up_convs.0.0.bn.bias:lr=0.01
2023/11/19 21:02:33 - mmengine - INFO - paramwise_options -- auxiliary_head.2.up_convs.0.0.bn.bias:weight_decay=0.0
2023/11/19 21:02:33 - mmengine - INFO - paramwise_options -- auxiliary_head.2.up_convs.0.0.bn.bias:lr_mult=10.0
2023/11/19 21:02:33 - mmengine - INFO - paramwise_options -- auxiliary_head.2.up_convs.1.0.conv.weight:lr=0.01
2023/11/19 21:02:33 - mmengine - INFO - paramwise_options -- auxiliary_head.2.up_convs.1.0.conv.weight:weight_decay=0.0
2023/11/19 21:02:33 - mmengine - INFO - paramwise_options -- auxiliary_head.2.up_convs.1.0.conv.weight:lr_mult=10.0
2023/11/19 21:02:33 - mmengine - INFO - paramwise_options -- auxiliary_head.2.up_convs.1.0.bn.weight:lr=0.01
2023/11/19 21:02:33 - mmengine - INFO - paramwise_options -- auxiliary_head.2.up_convs.1.0.bn.weight:weight_decay=0.0
2023/11/19 21:02:33 - mmengine - INFO - paramwise_options -- auxiliary_head.2.up_convs.1.0.bn.weight:lr_mult=10.0
2023/11/19 21:02:33 - mmengine - INFO - paramwise_options -- auxiliary_head.2.up_convs.1.0.bn.bias:lr=0.01
2023/11/19 21:02:33 - mmengine - INFO - paramwise_options -- auxiliary_head.2.up_convs.1.0.bn.bias:weight_decay=0.0
2023/11/19 21:02:33 - mmengine - INFO - paramwise_options -- auxiliary_head.2.up_convs.1.0.bn.bias:lr_mult=10.0
2023/11/19 21:02:33 - mmengine - WARNING - The prefix is not set in metric class IoUMetric.
Name of parameter - Initialization information

backbone.cls_token - torch.Size([1, 1, 1024]): 
Initialized by user-defined `init_weights` in VisionTransformer  

backbone.pos_embed - torch.Size([1, 1025, 1024]): 
Initialized by user-defined `init_weights` in VisionTransformer  

backbone.patch_embed.projection.weight - torch.Size([1024, 3, 16, 16]): 
Initialized by user-defined `init_weights` in VisionTransformer  

backbone.layers.0.ln1.weight - torch.Size([1024]): 
Initialized by user-defined `init_weights` in VisionTransformer  

backbone.layers.0.ln1.bias - torch.Size([1024]): 
Initialized by user-defined `init_weights` in VisionTransformer  

backbone.layers.0.attn.attn.in_proj_weight - torch.Size([3072, 1024]): 
Initialized by user-defined `init_weights` in VisionTransformer  

backbone.layers.0.attn.attn.in_proj_bias - torch.Size([3072]): 
Initialized by user-defined `init_weights` in VisionTransformer  

backbone.layers.0.attn.attn.out_proj.weight - torch.Size([1024, 1024]): 
Initialized by user-defined `init_weights` in VisionTransformer  

backbone.layers.0.attn.attn.out_proj.bias - torch.Size([1024]): 
Initialized by user-defined `init_weights` in VisionTransformer  

backbone.layers.0.ln2.weight - torch.Size([1024]): 
Initialized by user-defined `init_weights` in VisionTransformer  

backbone.layers.0.ln2.bias - torch.Size([1024]): 
Initialized by user-defined `init_weights` in VisionTransformer  

backbone.layers.0.ffn.layers.0.0.weight - torch.Size([4096, 1024]): 
Initialized by user-defined `init_weights` in VisionTransformer  

backbone.layers.0.ffn.layers.0.0.bias - torch.Size([4096]): 
Initialized by user-defined `init_weights` in VisionTransformer  

backbone.layers.0.ffn.layers.1.weight - torch.Size([1024, 4096]): 
Initialized by user-defined `init_weights` in VisionTransformer  

backbone.layers.0.ffn.layers.1.bias - torch.Size([1024]): 
Initialized by user-defined `init_weights` in VisionTransformer  

backbone.layers.1.ln1.weight - torch.Size([1024]): 
Initialized by user-defined `init_weights` in VisionTransformer  

backbone.layers.1.ln1.bias - torch.Size([1024]): 
Initialized by user-defined `init_weights` in VisionTransformer  

backbone.layers.1.attn.attn.in_proj_weight - torch.Size([3072, 1024]): 
Initialized by user-defined `init_weights` in VisionTransformer  

backbone.layers.1.attn.attn.in_proj_bias - torch.Size([3072]): 
Initialized by user-defined `init_weights` in VisionTransformer  

backbone.layers.1.attn.attn.out_proj.weight - torch.Size([1024, 1024]): 
Initialized by user-defined `init_weights` in VisionTransformer  

backbone.layers.1.attn.attn.out_proj.bias - torch.Size([1024]): 
Initialized by user-defined `init_weights` in VisionTransformer  

backbone.layers.1.ln2.weight - torch.Size([1024]): 
Initialized by user-defined `init_weights` in VisionTransformer  

backbone.layers.1.ln2.bias - torch.Size([1024]): 
Initialized by user-defined `init_weights` in VisionTransformer  

backbone.layers.1.ffn.layers.0.0.weight - torch.Size([4096, 1024]): 
Initialized by user-defined `init_weights` in VisionTransformer  

backbone.layers.1.ffn.layers.0.0.bias - torch.Size([4096]): 
Initialized by user-defined `init_weights` in VisionTransformer  

backbone.layers.1.ffn.layers.1.weight - torch.Size([1024, 4096]): 
Initialized by user-defined `init_weights` in VisionTransformer  

backbone.layers.1.ffn.layers.1.bias - torch.Size([1024]): 
Initialized by user-defined `init_weights` in VisionTransformer  

backbone.layers.2.ln1.weight - torch.Size([1024]): 
Initialized by user-defined `init_weights` in VisionTransformer  

backbone.layers.2.ln1.bias - torch.Size([1024]): 
Initialized by user-defined `init_weights` in VisionTransformer  

backbone.layers.2.attn.attn.in_proj_weight - torch.Size([3072, 1024]): 
Initialized by user-defined `init_weights` in VisionTransformer  

backbone.layers.2.attn.attn.in_proj_bias - torch.Size([3072]): 
Initialized by user-defined `init_weights` in VisionTransformer  

backbone.layers.2.attn.attn.out_proj.weight - torch.Size([1024, 1024]): 
Initialized by user-defined `init_weights` in VisionTransformer  

backbone.layers.2.attn.attn.out_proj.bias - torch.Size([1024]): 
Initialized by user-defined `init_weights` in VisionTransformer  

backbone.layers.2.ln2.weight - torch.Size([1024]): 
Initialized by user-defined `init_weights` in VisionTransformer  

backbone.layers.2.ln2.bias - torch.Size([1024]): 
Initialized by user-defined `init_weights` in VisionTransformer  

backbone.layers.2.ffn.layers.0.0.weight - torch.Size([4096, 1024]): 
Initialized by user-defined `init_weights` in VisionTransformer  

backbone.layers.2.ffn.layers.0.0.bias - torch.Size([4096]): 
Initialized by user-defined `init_weights` in VisionTransformer  

backbone.layers.2.ffn.layers.1.weight - torch.Size([1024, 4096]): 
Initialized by user-defined `init_weights` in VisionTransformer  

backbone.layers.2.ffn.layers.1.bias - torch.Size([1024]): 
Initialized by user-defined `init_weights` in VisionTransformer  

backbone.layers.3.ln1.weight - torch.Size([1024]): 
Initialized by user-defined `init_weights` in VisionTransformer  

backbone.layers.3.ln1.bias - torch.Size([1024]): 
Initialized by user-defined `init_weights` in VisionTransformer  

backbone.layers.3.attn.attn.in_proj_weight - torch.Size([3072, 1024]): 
Initialized by user-defined `init_weights` in VisionTransformer  

backbone.layers.3.attn.attn.in_proj_bias - torch.Size([3072]): 
Initialized by user-defined `init_weights` in VisionTransformer  

backbone.layers.3.attn.attn.out_proj.weight - torch.Size([1024, 1024]): 
Initialized by user-defined `init_weights` in VisionTransformer  

backbone.layers.3.attn.attn.out_proj.bias - torch.Size([1024]): 
Initialized by user-defined `init_weights` in VisionTransformer  

backbone.layers.3.ln2.weight - torch.Size([1024]): 
Initialized by user-defined `init_weights` in VisionTransformer  

backbone.layers.3.ln2.bias - torch.Size([1024]): 
Initialized by user-defined `init_weights` in VisionTransformer  

backbone.layers.3.ffn.layers.0.0.weight - torch.Size([4096, 1024]): 
Initialized by user-defined `init_weights` in VisionTransformer  

backbone.layers.3.ffn.layers.0.0.bias - torch.Size([4096]): 
Initialized by user-defined `init_weights` in VisionTransformer  

backbone.layers.3.ffn.layers.1.weight - torch.Size([1024, 4096]): 
Initialized by user-defined `init_weights` in VisionTransformer  

backbone.layers.3.ffn.layers.1.bias - torch.Size([1024]): 
Initialized by user-defined `init_weights` in VisionTransformer  

backbone.layers.4.ln1.weight - torch.Size([1024]): 
Initialized by user-defined `init_weights` in VisionTransformer  

backbone.layers.4.ln1.bias - torch.Size([1024]): 
Initialized by user-defined `init_weights` in VisionTransformer  

backbone.layers.4.attn.attn.in_proj_weight - torch.Size([3072, 1024]): 
Initialized by user-defined `init_weights` in VisionTransformer  

backbone.layers.4.attn.attn.in_proj_bias - torch.Size([3072]): 
Initialized by user-defined `init_weights` in VisionTransformer  

backbone.layers.4.attn.attn.out_proj.weight - torch.Size([1024, 1024]): 
Initialized by user-defined `init_weights` in VisionTransformer  

backbone.layers.4.attn.attn.out_proj.bias - torch.Size([1024]): 
Initialized by user-defined `init_weights` in VisionTransformer  

backbone.layers.4.ln2.weight - torch.Size([1024]): 
Initialized by user-defined `init_weights` in VisionTransformer  

backbone.layers.4.ln2.bias - torch.Size([1024]): 
Initialized by user-defined `init_weights` in VisionTransformer  

backbone.layers.4.ffn.layers.0.0.weight - torch.Size([4096, 1024]): 
Initialized by user-defined `init_weights` in VisionTransformer  

backbone.layers.4.ffn.layers.0.0.bias - torch.Size([4096]): 
Initialized by user-defined `init_weights` in VisionTransformer  

backbone.layers.4.ffn.layers.1.weight - torch.Size([1024, 4096]): 
Initialized by user-defined `init_weights` in VisionTransformer  

backbone.layers.4.ffn.layers.1.bias - torch.Size([1024]): 
Initialized by user-defined `init_weights` in VisionTransformer  

backbone.layers.5.ln1.weight - torch.Size([1024]): 
Initialized by user-defined `init_weights` in VisionTransformer  

backbone.layers.5.ln1.bias - torch.Size([1024]): 
Initialized by user-defined `init_weights` in VisionTransformer  

backbone.layers.5.attn.attn.in_proj_weight - torch.Size([3072, 1024]): 
Initialized by user-defined `init_weights` in VisionTransformer  

backbone.layers.5.attn.attn.in_proj_bias - torch.Size([3072]): 
Initialized by user-defined `init_weights` in VisionTransformer  

backbone.layers.5.attn.attn.out_proj.weight - torch.Size([1024, 1024]): 
Initialized by user-defined `init_weights` in VisionTransformer  

backbone.layers.5.attn.attn.out_proj.bias - torch.Size([1024]): 
Initialized by user-defined `init_weights` in VisionTransformer  

backbone.layers.5.ln2.weight - torch.Size([1024]): 
Initialized by user-defined `init_weights` in VisionTransformer  

backbone.layers.5.ln2.bias - torch.Size([1024]): 
Initialized by user-defined `init_weights` in VisionTransformer  

backbone.layers.5.ffn.layers.0.0.weight - torch.Size([4096, 1024]): 
Initialized by user-defined `init_weights` in VisionTransformer  

backbone.layers.5.ffn.layers.0.0.bias - torch.Size([4096]): 
Initialized by user-defined `init_weights` in VisionTransformer  

backbone.layers.5.ffn.layers.1.weight - torch.Size([1024, 4096]): 
Initialized by user-defined `init_weights` in VisionTransformer  

backbone.layers.5.ffn.layers.1.bias - torch.Size([1024]): 
Initialized by user-defined `init_weights` in VisionTransformer  

backbone.layers.6.ln1.weight - torch.Size([1024]): 
Initialized by user-defined `init_weights` in VisionTransformer  

backbone.layers.6.ln1.bias - torch.Size([1024]): 
Initialized by user-defined `init_weights` in VisionTransformer  

backbone.layers.6.attn.attn.in_proj_weight - torch.Size([3072, 1024]): 
Initialized by user-defined `init_weights` in VisionTransformer  

backbone.layers.6.attn.attn.in_proj_bias - torch.Size([3072]): 
Initialized by user-defined `init_weights` in VisionTransformer  

backbone.layers.6.attn.attn.out_proj.weight - torch.Size([1024, 1024]): 
Initialized by user-defined `init_weights` in VisionTransformer  

backbone.layers.6.attn.attn.out_proj.bias - torch.Size([1024]): 
Initialized by user-defined `init_weights` in VisionTransformer  

backbone.layers.6.ln2.weight - torch.Size([1024]): 
Initialized by user-defined `init_weights` in VisionTransformer  

backbone.layers.6.ln2.bias - torch.Size([1024]): 
Initialized by user-defined `init_weights` in VisionTransformer  

backbone.layers.6.ffn.layers.0.0.weight - torch.Size([4096, 1024]): 
Initialized by user-defined `init_weights` in VisionTransformer  

backbone.layers.6.ffn.layers.0.0.bias - torch.Size([4096]): 
Initialized by user-defined `init_weights` in VisionTransformer  

backbone.layers.6.ffn.layers.1.weight - torch.Size([1024, 4096]): 
Initialized by user-defined `init_weights` in VisionTransformer  

backbone.layers.6.ffn.layers.1.bias - torch.Size([1024]): 
Initialized by user-defined `init_weights` in VisionTransformer  

backbone.layers.7.ln1.weight - torch.Size([1024]): 
Initialized by user-defined `init_weights` in VisionTransformer  

backbone.layers.7.ln1.bias - torch.Size([1024]): 
Initialized by user-defined `init_weights` in VisionTransformer  

backbone.layers.7.attn.attn.in_proj_weight - torch.Size([3072, 1024]): 
Initialized by user-defined `init_weights` in VisionTransformer  

backbone.layers.7.attn.attn.in_proj_bias - torch.Size([3072]): 
Initialized by user-defined `init_weights` in VisionTransformer  

backbone.layers.7.attn.attn.out_proj.weight - torch.Size([1024, 1024]): 
Initialized by user-defined `init_weights` in VisionTransformer  

backbone.layers.7.attn.attn.out_proj.bias - torch.Size([1024]): 
Initialized by user-defined `init_weights` in VisionTransformer  

backbone.layers.7.ln2.weight - torch.Size([1024]): 
Initialized by user-defined `init_weights` in VisionTransformer  

backbone.layers.7.ln2.bias - torch.Size([1024]): 
Initialized by user-defined `init_weights` in VisionTransformer  

backbone.layers.7.ffn.layers.0.0.weight - torch.Size([4096, 1024]): 
Initialized by user-defined `init_weights` in VisionTransformer  

backbone.layers.7.ffn.layers.0.0.bias - torch.Size([4096]): 
Initialized by user-defined `init_weights` in VisionTransformer  

backbone.layers.7.ffn.layers.1.weight - torch.Size([1024, 4096]): 
Initialized by user-defined `init_weights` in VisionTransformer  

backbone.layers.7.ffn.layers.1.bias - torch.Size([1024]): 
Initialized by user-defined `init_weights` in VisionTransformer  

backbone.layers.8.ln1.weight - torch.Size([1024]): 
Initialized by user-defined `init_weights` in VisionTransformer  

backbone.layers.8.ln1.bias - torch.Size([1024]): 
Initialized by user-defined `init_weights` in VisionTransformer  

backbone.layers.8.attn.attn.in_proj_weight - torch.Size([3072, 1024]): 
Initialized by user-defined `init_weights` in VisionTransformer  

backbone.layers.8.attn.attn.in_proj_bias - torch.Size([3072]): 
Initialized by user-defined `init_weights` in VisionTransformer  

backbone.layers.8.attn.attn.out_proj.weight - torch.Size([1024, 1024]): 
Initialized by user-defined `init_weights` in VisionTransformer  

backbone.layers.8.attn.attn.out_proj.bias - torch.Size([1024]): 
Initialized by user-defined `init_weights` in VisionTransformer  

backbone.layers.8.ln2.weight - torch.Size([1024]): 
Initialized by user-defined `init_weights` in VisionTransformer  

backbone.layers.8.ln2.bias - torch.Size([1024]): 
Initialized by user-defined `init_weights` in VisionTransformer  

backbone.layers.8.ffn.layers.0.0.weight - torch.Size([4096, 1024]): 
Initialized by user-defined `init_weights` in VisionTransformer  

backbone.layers.8.ffn.layers.0.0.bias - torch.Size([4096]): 
Initialized by user-defined `init_weights` in VisionTransformer  

backbone.layers.8.ffn.layers.1.weight - torch.Size([1024, 4096]): 
Initialized by user-defined `init_weights` in VisionTransformer  

backbone.layers.8.ffn.layers.1.bias - torch.Size([1024]): 
Initialized by user-defined `init_weights` in VisionTransformer  

backbone.layers.9.ln1.weight - torch.Size([1024]): 
Initialized by user-defined `init_weights` in VisionTransformer  

backbone.layers.9.ln1.bias - torch.Size([1024]): 
Initialized by user-defined `init_weights` in VisionTransformer  

backbone.layers.9.attn.attn.in_proj_weight - torch.Size([3072, 1024]): 
Initialized by user-defined `init_weights` in VisionTransformer  

backbone.layers.9.attn.attn.in_proj_bias - torch.Size([3072]): 
Initialized by user-defined `init_weights` in VisionTransformer  

backbone.layers.9.attn.attn.out_proj.weight - torch.Size([1024, 1024]): 
Initialized by user-defined `init_weights` in VisionTransformer  

backbone.layers.9.attn.attn.out_proj.bias - torch.Size([1024]): 
Initialized by user-defined `init_weights` in VisionTransformer  

backbone.layers.9.ln2.weight - torch.Size([1024]): 
Initialized by user-defined `init_weights` in VisionTransformer  

backbone.layers.9.ln2.bias - torch.Size([1024]): 
Initialized by user-defined `init_weights` in VisionTransformer  

backbone.layers.9.ffn.layers.0.0.weight - torch.Size([4096, 1024]): 
Initialized by user-defined `init_weights` in VisionTransformer  

backbone.layers.9.ffn.layers.0.0.bias - torch.Size([4096]): 
Initialized by user-defined `init_weights` in VisionTransformer  

backbone.layers.9.ffn.layers.1.weight - torch.Size([1024, 4096]): 
Initialized by user-defined `init_weights` in VisionTransformer  

backbone.layers.9.ffn.layers.1.bias - torch.Size([1024]): 
Initialized by user-defined `init_weights` in VisionTransformer  

backbone.layers.10.ln1.weight - torch.Size([1024]): 
Initialized by user-defined `init_weights` in VisionTransformer  

backbone.layers.10.ln1.bias - torch.Size([1024]): 
Initialized by user-defined `init_weights` in VisionTransformer  

backbone.layers.10.attn.attn.in_proj_weight - torch.Size([3072, 1024]): 
Initialized by user-defined `init_weights` in VisionTransformer  

backbone.layers.10.attn.attn.in_proj_bias - torch.Size([3072]): 
Initialized by user-defined `init_weights` in VisionTransformer  

backbone.layers.10.attn.attn.out_proj.weight - torch.Size([1024, 1024]): 
Initialized by user-defined `init_weights` in VisionTransformer  

backbone.layers.10.attn.attn.out_proj.bias - torch.Size([1024]): 
Initialized by user-defined `init_weights` in VisionTransformer  

backbone.layers.10.ln2.weight - torch.Size([1024]): 
Initialized by user-defined `init_weights` in VisionTransformer  

backbone.layers.10.ln2.bias - torch.Size([1024]): 
Initialized by user-defined `init_weights` in VisionTransformer  

backbone.layers.10.ffn.layers.0.0.weight - torch.Size([4096, 1024]): 
Initialized by user-defined `init_weights` in VisionTransformer  

backbone.layers.10.ffn.layers.0.0.bias - torch.Size([4096]): 
Initialized by user-defined `init_weights` in VisionTransformer  

backbone.layers.10.ffn.layers.1.weight - torch.Size([1024, 4096]): 
Initialized by user-defined `init_weights` in VisionTransformer  

backbone.layers.10.ffn.layers.1.bias - torch.Size([1024]): 
Initialized by user-defined `init_weights` in VisionTransformer  

backbone.layers.11.ln1.weight - torch.Size([1024]): 
Initialized by user-defined `init_weights` in VisionTransformer  

backbone.layers.11.ln1.bias - torch.Size([1024]): 
Initialized by user-defined `init_weights` in VisionTransformer  

backbone.layers.11.attn.attn.in_proj_weight - torch.Size([3072, 1024]): 
Initialized by user-defined `init_weights` in VisionTransformer  

backbone.layers.11.attn.attn.in_proj_bias - torch.Size([3072]): 
Initialized by user-defined `init_weights` in VisionTransformer  

backbone.layers.11.attn.attn.out_proj.weight - torch.Size([1024, 1024]): 
Initialized by user-defined `init_weights` in VisionTransformer  

backbone.layers.11.attn.attn.out_proj.bias - torch.Size([1024]): 
Initialized by user-defined `init_weights` in VisionTransformer  

backbone.layers.11.ln2.weight - torch.Size([1024]): 
Initialized by user-defined `init_weights` in VisionTransformer  

backbone.layers.11.ln2.bias - torch.Size([1024]): 
Initialized by user-defined `init_weights` in VisionTransformer  

backbone.layers.11.ffn.layers.0.0.weight - torch.Size([4096, 1024]): 
Initialized by user-defined `init_weights` in VisionTransformer  

backbone.layers.11.ffn.layers.0.0.bias - torch.Size([4096]): 
Initialized by user-defined `init_weights` in VisionTransformer  

backbone.layers.11.ffn.layers.1.weight - torch.Size([1024, 4096]): 
Initialized by user-defined `init_weights` in VisionTransformer  

backbone.layers.11.ffn.layers.1.bias - torch.Size([1024]): 
Initialized by user-defined `init_weights` in VisionTransformer  

backbone.layers.12.ln1.weight - torch.Size([1024]): 
Initialized by user-defined `init_weights` in VisionTransformer  

backbone.layers.12.ln1.bias - torch.Size([1024]): 
Initialized by user-defined `init_weights` in VisionTransformer  

backbone.layers.12.attn.attn.in_proj_weight - torch.Size([3072, 1024]): 
Initialized by user-defined `init_weights` in VisionTransformer  

backbone.layers.12.attn.attn.in_proj_bias - torch.Size([3072]): 
Initialized by user-defined `init_weights` in VisionTransformer  

backbone.layers.12.attn.attn.out_proj.weight - torch.Size([1024, 1024]): 
Initialized by user-defined `init_weights` in VisionTransformer  

backbone.layers.12.attn.attn.out_proj.bias - torch.Size([1024]): 
Initialized by user-defined `init_weights` in VisionTransformer  

backbone.layers.12.ln2.weight - torch.Size([1024]): 
Initialized by user-defined `init_weights` in VisionTransformer  

backbone.layers.12.ln2.bias - torch.Size([1024]): 
Initialized by user-defined `init_weights` in VisionTransformer  

backbone.layers.12.ffn.layers.0.0.weight - torch.Size([4096, 1024]): 
Initialized by user-defined `init_weights` in VisionTransformer  

backbone.layers.12.ffn.layers.0.0.bias - torch.Size([4096]): 
Initialized by user-defined `init_weights` in VisionTransformer  

backbone.layers.12.ffn.layers.1.weight - torch.Size([1024, 4096]): 
Initialized by user-defined `init_weights` in VisionTransformer  

backbone.layers.12.ffn.layers.1.bias - torch.Size([1024]): 
Initialized by user-defined `init_weights` in VisionTransformer  

backbone.layers.13.ln1.weight - torch.Size([1024]): 
Initialized by user-defined `init_weights` in VisionTransformer  

backbone.layers.13.ln1.bias - torch.Size([1024]): 
Initialized by user-defined `init_weights` in VisionTransformer  

backbone.layers.13.attn.attn.in_proj_weight - torch.Size([3072, 1024]): 
Initialized by user-defined `init_weights` in VisionTransformer  

backbone.layers.13.attn.attn.in_proj_bias - torch.Size([3072]): 
Initialized by user-defined `init_weights` in VisionTransformer  

backbone.layers.13.attn.attn.out_proj.weight - torch.Size([1024, 1024]): 
Initialized by user-defined `init_weights` in VisionTransformer  

backbone.layers.13.attn.attn.out_proj.bias - torch.Size([1024]): 
Initialized by user-defined `init_weights` in VisionTransformer  

backbone.layers.13.ln2.weight - torch.Size([1024]): 
Initialized by user-defined `init_weights` in VisionTransformer  

backbone.layers.13.ln2.bias - torch.Size([1024]): 
Initialized by user-defined `init_weights` in VisionTransformer  

backbone.layers.13.ffn.layers.0.0.weight - torch.Size([4096, 1024]): 
Initialized by user-defined `init_weights` in VisionTransformer  

backbone.layers.13.ffn.layers.0.0.bias - torch.Size([4096]): 
Initialized by user-defined `init_weights` in VisionTransformer  

backbone.layers.13.ffn.layers.1.weight - torch.Size([1024, 4096]): 
Initialized by user-defined `init_weights` in VisionTransformer  

backbone.layers.13.ffn.layers.1.bias - torch.Size([1024]): 
Initialized by user-defined `init_weights` in VisionTransformer  

backbone.layers.14.ln1.weight - torch.Size([1024]): 
Initialized by user-defined `init_weights` in VisionTransformer  

backbone.layers.14.ln1.bias - torch.Size([1024]): 
Initialized by user-defined `init_weights` in VisionTransformer  

backbone.layers.14.attn.attn.in_proj_weight - torch.Size([3072, 1024]): 
Initialized by user-defined `init_weights` in VisionTransformer  

backbone.layers.14.attn.attn.in_proj_bias - torch.Size([3072]): 
Initialized by user-defined `init_weights` in VisionTransformer  

backbone.layers.14.attn.attn.out_proj.weight - torch.Size([1024, 1024]): 
Initialized by user-defined `init_weights` in VisionTransformer  

backbone.layers.14.attn.attn.out_proj.bias - torch.Size([1024]): 
Initialized by user-defined `init_weights` in VisionTransformer  

backbone.layers.14.ln2.weight - torch.Size([1024]): 
Initialized by user-defined `init_weights` in VisionTransformer  

backbone.layers.14.ln2.bias - torch.Size([1024]): 
Initialized by user-defined `init_weights` in VisionTransformer  

backbone.layers.14.ffn.layers.0.0.weight - torch.Size([4096, 1024]): 
Initialized by user-defined `init_weights` in VisionTransformer  

backbone.layers.14.ffn.layers.0.0.bias - torch.Size([4096]): 
Initialized by user-defined `init_weights` in VisionTransformer  

backbone.layers.14.ffn.layers.1.weight - torch.Size([1024, 4096]): 
Initialized by user-defined `init_weights` in VisionTransformer  

backbone.layers.14.ffn.layers.1.bias - torch.Size([1024]): 
Initialized by user-defined `init_weights` in VisionTransformer  

backbone.layers.15.ln1.weight - torch.Size([1024]): 
Initialized by user-defined `init_weights` in VisionTransformer  

backbone.layers.15.ln1.bias - torch.Size([1024]): 
Initialized by user-defined `init_weights` in VisionTransformer  

backbone.layers.15.attn.attn.in_proj_weight - torch.Size([3072, 1024]): 
Initialized by user-defined `init_weights` in VisionTransformer  

backbone.layers.15.attn.attn.in_proj_bias - torch.Size([3072]): 
Initialized by user-defined `init_weights` in VisionTransformer  

backbone.layers.15.attn.attn.out_proj.weight - torch.Size([1024, 1024]): 
Initialized by user-defined `init_weights` in VisionTransformer  

backbone.layers.15.attn.attn.out_proj.bias - torch.Size([1024]): 
Initialized by user-defined `init_weights` in VisionTransformer  

backbone.layers.15.ln2.weight - torch.Size([1024]): 
Initialized by user-defined `init_weights` in VisionTransformer  

backbone.layers.15.ln2.bias - torch.Size([1024]): 
Initialized by user-defined `init_weights` in VisionTransformer  

backbone.layers.15.ffn.layers.0.0.weight - torch.Size([4096, 1024]): 
Initialized by user-defined `init_weights` in VisionTransformer  

backbone.layers.15.ffn.layers.0.0.bias - torch.Size([4096]): 
Initialized by user-defined `init_weights` in VisionTransformer  

backbone.layers.15.ffn.layers.1.weight - torch.Size([1024, 4096]): 
Initialized by user-defined `init_weights` in VisionTransformer  

backbone.layers.15.ffn.layers.1.bias - torch.Size([1024]): 
Initialized by user-defined `init_weights` in VisionTransformer  

backbone.layers.16.ln1.weight - torch.Size([1024]): 
Initialized by user-defined `init_weights` in VisionTransformer  

backbone.layers.16.ln1.bias - torch.Size([1024]): 
Initialized by user-defined `init_weights` in VisionTransformer  

backbone.layers.16.attn.attn.in_proj_weight - torch.Size([3072, 1024]): 
Initialized by user-defined `init_weights` in VisionTransformer  

backbone.layers.16.attn.attn.in_proj_bias - torch.Size([3072]): 
Initialized by user-defined `init_weights` in VisionTransformer  

backbone.layers.16.attn.attn.out_proj.weight - torch.Size([1024, 1024]): 
Initialized by user-defined `init_weights` in VisionTransformer  

backbone.layers.16.attn.attn.out_proj.bias - torch.Size([1024]): 
Initialized by user-defined `init_weights` in VisionTransformer  

backbone.layers.16.ln2.weight - torch.Size([1024]): 
Initialized by user-defined `init_weights` in VisionTransformer  

backbone.layers.16.ln2.bias - torch.Size([1024]): 
Initialized by user-defined `init_weights` in VisionTransformer  

backbone.layers.16.ffn.layers.0.0.weight - torch.Size([4096, 1024]): 
Initialized by user-defined `init_weights` in VisionTransformer  

backbone.layers.16.ffn.layers.0.0.bias - torch.Size([4096]): 
Initialized by user-defined `init_weights` in VisionTransformer  

backbone.layers.16.ffn.layers.1.weight - torch.Size([1024, 4096]): 
Initialized by user-defined `init_weights` in VisionTransformer  

backbone.layers.16.ffn.layers.1.bias - torch.Size([1024]): 
Initialized by user-defined `init_weights` in VisionTransformer  

backbone.layers.17.ln1.weight - torch.Size([1024]): 
Initialized by user-defined `init_weights` in VisionTransformer  

backbone.layers.17.ln1.bias - torch.Size([1024]): 
Initialized by user-defined `init_weights` in VisionTransformer  

backbone.layers.17.attn.attn.in_proj_weight - torch.Size([3072, 1024]): 
Initialized by user-defined `init_weights` in VisionTransformer  

backbone.layers.17.attn.attn.in_proj_bias - torch.Size([3072]): 
Initialized by user-defined `init_weights` in VisionTransformer  

backbone.layers.17.attn.attn.out_proj.weight - torch.Size([1024, 1024]): 
Initialized by user-defined `init_weights` in VisionTransformer  

backbone.layers.17.attn.attn.out_proj.bias - torch.Size([1024]): 
Initialized by user-defined `init_weights` in VisionTransformer  

backbone.layers.17.ln2.weight - torch.Size([1024]): 
Initialized by user-defined `init_weights` in VisionTransformer  

backbone.layers.17.ln2.bias - torch.Size([1024]): 
Initialized by user-defined `init_weights` in VisionTransformer  

backbone.layers.17.ffn.layers.0.0.weight - torch.Size([4096, 1024]): 
Initialized by user-defined `init_weights` in VisionTransformer  

backbone.layers.17.ffn.layers.0.0.bias - torch.Size([4096]): 
Initialized by user-defined `init_weights` in VisionTransformer  

backbone.layers.17.ffn.layers.1.weight - torch.Size([1024, 4096]): 
Initialized by user-defined `init_weights` in VisionTransformer  

backbone.layers.17.ffn.layers.1.bias - torch.Size([1024]): 
Initialized by user-defined `init_weights` in VisionTransformer  

backbone.layers.18.ln1.weight - torch.Size([1024]): 
Initialized by user-defined `init_weights` in VisionTransformer  

backbone.layers.18.ln1.bias - torch.Size([1024]): 
Initialized by user-defined `init_weights` in VisionTransformer  

backbone.layers.18.attn.attn.in_proj_weight - torch.Size([3072, 1024]): 
Initialized by user-defined `init_weights` in VisionTransformer  

backbone.layers.18.attn.attn.in_proj_bias - torch.Size([3072]): 
Initialized by user-defined `init_weights` in VisionTransformer  

backbone.layers.18.attn.attn.out_proj.weight - torch.Size([1024, 1024]): 
Initialized by user-defined `init_weights` in VisionTransformer  

backbone.layers.18.attn.attn.out_proj.bias - torch.Size([1024]): 
Initialized by user-defined `init_weights` in VisionTransformer  

backbone.layers.18.ln2.weight - torch.Size([1024]): 
Initialized by user-defined `init_weights` in VisionTransformer  

backbone.layers.18.ln2.bias - torch.Size([1024]): 
Initialized by user-defined `init_weights` in VisionTransformer  

backbone.layers.18.ffn.layers.0.0.weight - torch.Size([4096, 1024]): 
Initialized by user-defined `init_weights` in VisionTransformer  

backbone.layers.18.ffn.layers.0.0.bias - torch.Size([4096]): 
Initialized by user-defined `init_weights` in VisionTransformer  

backbone.layers.18.ffn.layers.1.weight - torch.Size([1024, 4096]): 
Initialized by user-defined `init_weights` in VisionTransformer  

backbone.layers.18.ffn.layers.1.bias - torch.Size([1024]): 
Initialized by user-defined `init_weights` in VisionTransformer  

backbone.layers.19.ln1.weight - torch.Size([1024]): 
Initialized by user-defined `init_weights` in VisionTransformer  

backbone.layers.19.ln1.bias - torch.Size([1024]): 
Initialized by user-defined `init_weights` in VisionTransformer  

backbone.layers.19.attn.attn.in_proj_weight - torch.Size([3072, 1024]): 
Initialized by user-defined `init_weights` in VisionTransformer  

backbone.layers.19.attn.attn.in_proj_bias - torch.Size([3072]): 
Initialized by user-defined `init_weights` in VisionTransformer  

backbone.layers.19.attn.attn.out_proj.weight - torch.Size([1024, 1024]): 
Initialized by user-defined `init_weights` in VisionTransformer  

backbone.layers.19.attn.attn.out_proj.bias - torch.Size([1024]): 
Initialized by user-defined `init_weights` in VisionTransformer  

backbone.layers.19.ln2.weight - torch.Size([1024]): 
Initialized by user-defined `init_weights` in VisionTransformer  

backbone.layers.19.ln2.bias - torch.Size([1024]): 
Initialized by user-defined `init_weights` in VisionTransformer  

backbone.layers.19.ffn.layers.0.0.weight - torch.Size([4096, 1024]): 
Initialized by user-defined `init_weights` in VisionTransformer  

backbone.layers.19.ffn.layers.0.0.bias - torch.Size([4096]): 
Initialized by user-defined `init_weights` in VisionTransformer  

backbone.layers.19.ffn.layers.1.weight - torch.Size([1024, 4096]): 
Initialized by user-defined `init_weights` in VisionTransformer  

backbone.layers.19.ffn.layers.1.bias - torch.Size([1024]): 
Initialized by user-defined `init_weights` in VisionTransformer  

backbone.layers.20.ln1.weight - torch.Size([1024]): 
Initialized by user-defined `init_weights` in VisionTransformer  

backbone.layers.20.ln1.bias - torch.Size([1024]): 
Initialized by user-defined `init_weights` in VisionTransformer  

backbone.layers.20.attn.attn.in_proj_weight - torch.Size([3072, 1024]): 
Initialized by user-defined `init_weights` in VisionTransformer  

backbone.layers.20.attn.attn.in_proj_bias - torch.Size([3072]): 
Initialized by user-defined `init_weights` in VisionTransformer  

backbone.layers.20.attn.attn.out_proj.weight - torch.Size([1024, 1024]): 
Initialized by user-defined `init_weights` in VisionTransformer  

backbone.layers.20.attn.attn.out_proj.bias - torch.Size([1024]): 
Initialized by user-defined `init_weights` in VisionTransformer  

backbone.layers.20.ln2.weight - torch.Size([1024]): 
Initialized by user-defined `init_weights` in VisionTransformer  

backbone.layers.20.ln2.bias - torch.Size([1024]): 
Initialized by user-defined `init_weights` in VisionTransformer  

backbone.layers.20.ffn.layers.0.0.weight - torch.Size([4096, 1024]): 
Initialized by user-defined `init_weights` in VisionTransformer  

backbone.layers.20.ffn.layers.0.0.bias - torch.Size([4096]): 
Initialized by user-defined `init_weights` in VisionTransformer  

backbone.layers.20.ffn.layers.1.weight - torch.Size([1024, 4096]): 
Initialized by user-defined `init_weights` in VisionTransformer  

backbone.layers.20.ffn.layers.1.bias - torch.Size([1024]): 
Initialized by user-defined `init_weights` in VisionTransformer  

backbone.layers.21.ln1.weight - torch.Size([1024]): 
Initialized by user-defined `init_weights` in VisionTransformer  

backbone.layers.21.ln1.bias - torch.Size([1024]): 
Initialized by user-defined `init_weights` in VisionTransformer  

backbone.layers.21.attn.attn.in_proj_weight - torch.Size([3072, 1024]): 
Initialized by user-defined `init_weights` in VisionTransformer  

backbone.layers.21.attn.attn.in_proj_bias - torch.Size([3072]): 
Initialized by user-defined `init_weights` in VisionTransformer  

backbone.layers.21.attn.attn.out_proj.weight - torch.Size([1024, 1024]): 
Initialized by user-defined `init_weights` in VisionTransformer  

backbone.layers.21.attn.attn.out_proj.bias - torch.Size([1024]): 
Initialized by user-defined `init_weights` in VisionTransformer  

backbone.layers.21.ln2.weight - torch.Size([1024]): 
Initialized by user-defined `init_weights` in VisionTransformer  

backbone.layers.21.ln2.bias - torch.Size([1024]): 
Initialized by user-defined `init_weights` in VisionTransformer  

backbone.layers.21.ffn.layers.0.0.weight - torch.Size([4096, 1024]): 
Initialized by user-defined `init_weights` in VisionTransformer  

backbone.layers.21.ffn.layers.0.0.bias - torch.Size([4096]): 
Initialized by user-defined `init_weights` in VisionTransformer  

backbone.layers.21.ffn.layers.1.weight - torch.Size([1024, 4096]): 
Initialized by user-defined `init_weights` in VisionTransformer  

backbone.layers.21.ffn.layers.1.bias - torch.Size([1024]): 
Initialized by user-defined `init_weights` in VisionTransformer  

backbone.layers.22.ln1.weight - torch.Size([1024]): 
Initialized by user-defined `init_weights` in VisionTransformer  

backbone.layers.22.ln1.bias - torch.Size([1024]): 
Initialized by user-defined `init_weights` in VisionTransformer  

backbone.layers.22.attn.attn.in_proj_weight - torch.Size([3072, 1024]): 
Initialized by user-defined `init_weights` in VisionTransformer  

backbone.layers.22.attn.attn.in_proj_bias - torch.Size([3072]): 
Initialized by user-defined `init_weights` in VisionTransformer  

backbone.layers.22.attn.attn.out_proj.weight - torch.Size([1024, 1024]): 
Initialized by user-defined `init_weights` in VisionTransformer  

backbone.layers.22.attn.attn.out_proj.bias - torch.Size([1024]): 
Initialized by user-defined `init_weights` in VisionTransformer  

backbone.layers.22.ln2.weight - torch.Size([1024]): 
Initialized by user-defined `init_weights` in VisionTransformer  

backbone.layers.22.ln2.bias - torch.Size([1024]): 
Initialized by user-defined `init_weights` in VisionTransformer  

backbone.layers.22.ffn.layers.0.0.weight - torch.Size([4096, 1024]): 
Initialized by user-defined `init_weights` in VisionTransformer  

backbone.layers.22.ffn.layers.0.0.bias - torch.Size([4096]): 
Initialized by user-defined `init_weights` in VisionTransformer  

backbone.layers.22.ffn.layers.1.weight - torch.Size([1024, 4096]): 
Initialized by user-defined `init_weights` in VisionTransformer  

backbone.layers.22.ffn.layers.1.bias - torch.Size([1024]): 
Initialized by user-defined `init_weights` in VisionTransformer  

backbone.layers.23.ln1.weight - torch.Size([1024]): 
Initialized by user-defined `init_weights` in VisionTransformer  

backbone.layers.23.ln1.bias - torch.Size([1024]): 
Initialized by user-defined `init_weights` in VisionTransformer  

backbone.layers.23.attn.attn.in_proj_weight - torch.Size([3072, 1024]): 
Initialized by user-defined `init_weights` in VisionTransformer  

backbone.layers.23.attn.attn.in_proj_bias - torch.Size([3072]): 
Initialized by user-defined `init_weights` in VisionTransformer  

backbone.layers.23.attn.attn.out_proj.weight - torch.Size([1024, 1024]): 
Initialized by user-defined `init_weights` in VisionTransformer  

backbone.layers.23.attn.attn.out_proj.bias - torch.Size([1024]): 
Initialized by user-defined `init_weights` in VisionTransformer  

backbone.layers.23.ln2.weight - torch.Size([1024]): 
Initialized by user-defined `init_weights` in VisionTransformer  

backbone.layers.23.ln2.bias - torch.Size([1024]): 
Initialized by user-defined `init_weights` in VisionTransformer  

backbone.layers.23.ffn.layers.0.0.weight - torch.Size([4096, 1024]): 
Initialized by user-defined `init_weights` in VisionTransformer  

backbone.layers.23.ffn.layers.0.0.bias - torch.Size([4096]): 
Initialized by user-defined `init_weights` in VisionTransformer  

backbone.layers.23.ffn.layers.1.weight - torch.Size([1024, 4096]): 
Initialized by user-defined `init_weights` in VisionTransformer  

backbone.layers.23.ffn.layers.1.bias - torch.Size([1024]): 
Initialized by user-defined `init_weights` in VisionTransformer  

decode_head.conv_seg.weight - torch.Size([150, 256, 1, 1]): 
NormalInit: mean=0, std=0.01, bias=0 

decode_head.conv_seg.bias - torch.Size([150]): 
NormalInit: mean=0, std=0.01, bias=0 

decode_head.norm.weight - torch.Size([1024]): 
The value is the same before and after calling `init_weights` of EncoderDecoder  

decode_head.norm.bias - torch.Size([1024]): 
The value is the same before and after calling `init_weights` of EncoderDecoder  

decode_head.up_convs.0.0.conv.weight - torch.Size([256, 1024, 3, 3]): 
The value is the same before and after calling `init_weights` of EncoderDecoder  

decode_head.up_convs.0.0.bn.weight - torch.Size([256]): 
The value is the same before and after calling `init_weights` of EncoderDecoder  

decode_head.up_convs.0.0.bn.bias - torch.Size([256]): 
The value is the same before and after calling `init_weights` of EncoderDecoder  

decode_head.up_convs.1.0.conv.weight - torch.Size([256, 256, 3, 3]): 
The value is the same before and after calling `init_weights` of EncoderDecoder  

decode_head.up_convs.1.0.bn.weight - torch.Size([256]): 
The value is the same before and after calling `init_weights` of EncoderDecoder  

decode_head.up_convs.1.0.bn.bias - torch.Size([256]): 
The value is the same before and after calling `init_weights` of EncoderDecoder  

decode_head.up_convs.2.0.conv.weight - torch.Size([256, 256, 3, 3]): 
The value is the same before and after calling `init_weights` of EncoderDecoder  

decode_head.up_convs.2.0.bn.weight - torch.Size([256]): 
The value is the same before and after calling `init_weights` of EncoderDecoder  

decode_head.up_convs.2.0.bn.bias - torch.Size([256]): 
The value is the same before and after calling `init_weights` of EncoderDecoder  

decode_head.up_convs.3.0.conv.weight - torch.Size([256, 256, 3, 3]): 
The value is the same before and after calling `init_weights` of EncoderDecoder  

decode_head.up_convs.3.0.bn.weight - torch.Size([256]): 
The value is the same before and after calling `init_weights` of EncoderDecoder  

decode_head.up_convs.3.0.bn.bias - torch.Size([256]): 
The value is the same before and after calling `init_weights` of EncoderDecoder  

auxiliary_head.0.conv_seg.weight - torch.Size([150, 256, 1, 1]): 
The value is the same before and after calling `init_weights` of EncoderDecoder  

auxiliary_head.0.conv_seg.bias - torch.Size([150]): 
The value is the same before and after calling `init_weights` of EncoderDecoder  

auxiliary_head.0.norm.weight - torch.Size([1024]): 
The value is the same before and after calling `init_weights` of EncoderDecoder  

auxiliary_head.0.norm.bias - torch.Size([1024]): 
The value is the same before and after calling `init_weights` of EncoderDecoder  

auxiliary_head.0.up_convs.0.0.conv.weight - torch.Size([256, 1024, 3, 3]): 
The value is the same before and after calling `init_weights` of EncoderDecoder  

auxiliary_head.0.up_convs.0.0.bn.weight - torch.Size([256]): 
The value is the same before and after calling `init_weights` of EncoderDecoder  

auxiliary_head.0.up_convs.0.0.bn.bias - torch.Size([256]): 
The value is the same before and after calling `init_weights` of EncoderDecoder  

auxiliary_head.0.up_convs.1.0.conv.weight - torch.Size([256, 256, 3, 3]): 
The value is the same before and after calling `init_weights` of EncoderDecoder  

auxiliary_head.0.up_convs.1.0.bn.weight - torch.Size([256]): 
The value is the same before and after calling `init_weights` of EncoderDecoder  

auxiliary_head.0.up_convs.1.0.bn.bias - torch.Size([256]): 
The value is the same before and after calling `init_weights` of EncoderDecoder  

auxiliary_head.1.conv_seg.weight - torch.Size([150, 256, 1, 1]): 
The value is the same before and after calling `init_weights` of EncoderDecoder  

auxiliary_head.1.conv_seg.bias - torch.Size([150]): 
The value is the same before and after calling `init_weights` of EncoderDecoder  

auxiliary_head.1.norm.weight - torch.Size([1024]): 
The value is the same before and after calling `init_weights` of EncoderDecoder  

auxiliary_head.1.norm.bias - torch.Size([1024]): 
The value is the same before and after calling `init_weights` of EncoderDecoder  

auxiliary_head.1.up_convs.0.0.conv.weight - torch.Size([256, 1024, 3, 3]): 
The value is the same before and after calling `init_weights` of EncoderDecoder  

auxiliary_head.1.up_convs.0.0.bn.weight - torch.Size([256]): 
The value is the same before and after calling `init_weights` of EncoderDecoder  

auxiliary_head.1.up_convs.0.0.bn.bias - torch.Size([256]): 
The value is the same before and after calling `init_weights` of EncoderDecoder  

auxiliary_head.1.up_convs.1.0.conv.weight - torch.Size([256, 256, 3, 3]): 
The value is the same before and after calling `init_weights` of EncoderDecoder  

auxiliary_head.1.up_convs.1.0.bn.weight - torch.Size([256]): 
The value is the same before and after calling `init_weights` of EncoderDecoder  

auxiliary_head.1.up_convs.1.0.bn.bias - torch.Size([256]): 
The value is the same before and after calling `init_weights` of EncoderDecoder  

auxiliary_head.2.conv_seg.weight - torch.Size([150, 256, 1, 1]): 
The value is the same before and after calling `init_weights` of EncoderDecoder  

auxiliary_head.2.conv_seg.bias - torch.Size([150]): 
The value is the same before and after calling `init_weights` of EncoderDecoder  

auxiliary_head.2.norm.weight - torch.Size([1024]): 
The value is the same before and after calling `init_weights` of EncoderDecoder  

auxiliary_head.2.norm.bias - torch.Size([1024]): 
The value is the same before and after calling `init_weights` of EncoderDecoder  

auxiliary_head.2.up_convs.0.0.conv.weight - torch.Size([256, 1024, 3, 3]): 
The value is the same before and after calling `init_weights` of EncoderDecoder  

auxiliary_head.2.up_convs.0.0.bn.weight - torch.Size([256]): 
The value is the same before and after calling `init_weights` of EncoderDecoder  

auxiliary_head.2.up_convs.0.0.bn.bias - torch.Size([256]): 
The value is the same before and after calling `init_weights` of EncoderDecoder  

auxiliary_head.2.up_convs.1.0.conv.weight - torch.Size([256, 256, 3, 3]): 
The value is the same before and after calling `init_weights` of EncoderDecoder  

auxiliary_head.2.up_convs.1.0.bn.weight - torch.Size([256]): 
The value is the same before and after calling `init_weights` of EncoderDecoder  

auxiliary_head.2.up_convs.1.0.bn.bias - torch.Size([256]): 
The value is the same before and after calling `init_weights` of EncoderDecoder  
2023/11/19 21:02:36 - mmengine - WARNING - "FileClient" will be deprecated in future. Please use io functions in https://mmengine.readthedocs.io/en/latest/api/fileio.html#file-io
2023/11/19 21:02:36 - mmengine - WARNING - "HardDiskBackend" is the alias of "LocalBackend" and the former will be deprecated in future.
2023/11/19 21:02:36 - mmengine - INFO - Checkpoints will be saved to /home/s1952889/final-project/implementation/mmsegmentation/work_dirs/setr_vit-l_pup_8xb2-160k_ade20k-512x512.
2023/11/19 21:03:36 - mmengine - INFO - Iter(train) [    50/160000]  base_lr: 9.9975e-04 lr: 9.9975e-04  eta: 2 days, 5:18:30  time: 1.1359  data_time: 0.0088  memory: 26461  loss: 6.1874  decode.loss_ce: 2.7715  decode.acc_seg: 39.7077  aux_0.loss_ce: 1.1558  aux_0.acc_seg: 33.2031  aux_1.loss_ce: 1.1401  aux_1.acc_seg: 39.6679  aux_2.loss_ce: 1.1200  aux_2.acc_seg: 37.1455
2023/11/19 21:04:33 - mmengine - INFO - Iter(train) [   100/160000]  base_lr: 9.9950e-04 lr: 9.9950e-04  eta: 2 days, 3:58:50  time: 1.1426  data_time: 0.0088  memory: 26460  loss: 5.2789  decode.loss_ce: 2.3230  decode.acc_seg: 37.4283  aux_0.loss_ce: 1.0022  aux_0.acc_seg: 38.4790  aux_1.loss_ce: 0.9744  aux_1.acc_seg: 39.6366  aux_2.loss_ce: 0.9794  aux_2.acc_seg: 38.7624
2023/11/19 21:05:31 - mmengine - INFO - Iter(train) [   150/160000]  base_lr: 9.9925e-04 lr: 9.9925e-04  eta: 2 days, 3:35:17  time: 1.1448  data_time: 0.0085  memory: 26461  loss: 4.8803  decode.loss_ce: 2.1732  decode.acc_seg: 49.1359  aux_0.loss_ce: 0.9155  aux_0.acc_seg: 48.8389  aux_1.loss_ce: 0.8870  aux_1.acc_seg: 53.1068  aux_2.loss_ce: 0.9046  aux_2.acc_seg: 52.9980
2023/11/19 21:06:28 - mmengine - INFO - Iter(train) [   200/160000]  base_lr: 9.9899e-04 lr: 9.9899e-04  eta: 2 days, 3:25:04  time: 1.1474  data_time: 0.0088  memory: 26461  loss: 4.2507  decode.loss_ce: 1.8551  decode.acc_seg: 53.9902  aux_0.loss_ce: 0.8398  aux_0.acc_seg: 43.1948  aux_1.loss_ce: 0.7626  aux_1.acc_seg: 51.9672  aux_2.loss_ce: 0.7932  aux_2.acc_seg: 49.9985
