2023/11/21 00:02:08 - mmengine - INFO - 
------------------------------------------------------------
System environment:
    sys.platform: linux
    Python: 3.10.13 (main, Sep 11 2023, 13:44:35) [GCC 11.2.0]
    CUDA available: True
    numpy_random_seed: 107511559
    GPU 0: NVIDIA GeForce RTX 4050 Laptop GPU
    CUDA_HOME: /opt/cuda
    NVCC: Cuda compilation tools, release 12.2, V12.2.140
    GCC: gcc (GCC) 13.2.1 20230801
    PyTorch: 2.0.0
    PyTorch compiling details: PyTorch built with:
  - GCC 9.3
  - C++ Version: 201703
  - Intel(R) oneAPI Math Kernel Library Version 2023.1-Product Build 20230303 for Intel(R) 64 architecture applications
  - Intel(R) MKL-DNN v2.7.3 (Git Hash 6dbeffbae1f23cbbeae17adb7b5b13f1f37c080e)
  - OpenMP 201511 (a.k.a. OpenMP 4.5)
  - LAPACK is enabled (usually provided by MKL)
  - NNPACK is enabled
  - CPU capability usage: AVX2
  - CUDA Runtime 11.8
  - NVCC architecture flags: -gencode;arch=compute_37,code=sm_37;-gencode;arch=compute_50,code=sm_50;-gencode;arch=compute_60,code=sm_60;-gencode;arch=compute_61,code=sm_61;-gencode;arch=compute_70,code=sm_70;-gencode;arch=compute_75,code=sm_75;-gencode;arch=compute_80,code=sm_80;-gencode;arch=compute_86,code=sm_86;-gencode;arch=compute_90,code=sm_90;-gencode;arch=compute_37,code=compute_37
  - CuDNN 8.7
  - Magma 2.6.1
  - Build settings: BLAS_INFO=mkl, BUILD_TYPE=Release, CUDA_VERSION=11.8, CUDNN_VERSION=8.7.0, CXX_COMPILER=/opt/rh/devtoolset-9/root/usr/bin/c++, CXX_FLAGS= -D_GLIBCXX_USE_CXX11_ABI=0 -fabi-version=11 -Wno-deprecated -fvisibility-inlines-hidden -DUSE_PTHREADPOOL -DNDEBUG -DUSE_KINETO -DLIBKINETO_NOROCTRACER -DUSE_FBGEMM -DUSE_QNNPACK -DUSE_PYTORCH_QNNPACK -DUSE_XNNPACK -DSYMBOLICATE_MOBILE_DEBUG_HANDLE -O2 -fPIC -Wall -Wextra -Werror=return-type -Werror=non-virtual-dtor -Werror=bool-operation -Wnarrowing -Wno-missing-field-initializers -Wno-type-limits -Wno-array-bounds -Wno-unknown-pragmas -Wunused-local-typedefs -Wno-unused-parameter -Wno-unused-function -Wno-unused-result -Wno-strict-overflow -Wno-strict-aliasing -Wno-error=deprecated-declarations -Wno-stringop-overflow -Wno-psabi -Wno-error=pedantic -Wno-error=redundant-decls -Wno-error=old-style-cast -fdiagnostics-color=always -faligned-new -Wno-unused-but-set-variable -Wno-maybe-uninitialized -fno-math-errno -fno-trapping-math -Werror=format -Werror=cast-function-type -Wno-stringop-overflow, LAPACK_INFO=mkl, PERF_WITH_AVX=1, PERF_WITH_AVX2=1, PERF_WITH_AVX512=1, TORCH_DISABLE_GPU_ASSERTS=ON, TORCH_VERSION=2.0.0, USE_CUDA=ON, USE_CUDNN=ON, USE_EXCEPTION_PTR=1, USE_GFLAGS=OFF, USE_GLOG=OFF, USE_MKL=ON, USE_MKLDNN=ON, USE_MPI=OFF, USE_NCCL=ON, USE_NNPACK=ON, USE_OPENMP=ON, USE_ROCM=OFF, 

    TorchVision: 0.15.0
    OpenCV: 4.8.1
    MMEngine: 0.9.1

Runtime environment:
    cudnn_benchmark: True
    mp_cfg: {'mp_start_method': 'fork', 'opencv_num_threads': 0}
    dist_cfg: {'backend': 'nccl'}
    seed: 107511559
    Distributed launcher: none
    Distributed training: False
    GPU number: 1
------------------------------------------------------------

2023/11/21 00:02:08 - mmengine - INFO - Config:
backbone_norm_cfg = dict(eps=1e-06, requires_grad=True, type='LN')
crop_size = (
    200,
    200,
)
data_preprocessor = dict(
    bgr_to_rgb=True,
    mean=[
        123.675,
        116.28,
        103.53,
    ],
    pad_val=0,
    seg_pad_val=255,
    size=(
        200,
        200,
    ),
    std=[
        58.395,
        57.12,
        57.375,
    ],
    type='SegDataPreProcessor')
data_root = 'data/ade/ADEChallengeData2016'
dataset_type = 'ADE20KDataset'
default_hooks = dict(
    checkpoint=dict(by_epoch=False, interval=16000, type='CheckpointHook'),
    logger=dict(interval=50, log_metric_by_epoch=False, type='LoggerHook'),
    param_scheduler=dict(type='ParamSchedulerHook'),
    sampler_seed=dict(type='DistSamplerSeedHook'),
    timer=dict(type='IterTimerHook'),
    visualization=dict(type='SegVisualizationHook'))
default_scope = 'mmseg'
env_cfg = dict(
    cudnn_benchmark=True,
    dist_cfg=dict(backend='nccl'),
    mp_cfg=dict(mp_start_method='fork', opencv_num_threads=0))
img_ratios = [
    0.5,
    0.75,
    1.0,
    1.25,
    1.5,
    1.75,
]
launcher = 'none'
load_from = None
log_level = 'INFO'
log_processor = dict(by_epoch=False)
model = dict(
    auxiliary_head=[],
    backbone=dict(
        drop_rate=0.0,
        embed_dims=1024,
        img_size=(
            200,
            200,
        ),
        in_channels=3,
        init_cfg=dict(
            checkpoint='pretrain/vit_base_p16_384.pth', type='Pretrained'),
        interpolate_mode='bilinear',
        norm_cfg=dict(eps=1e-06, requires_grad=True, type='LN'),
        num_heads=16,
        num_layers=1,
        out_indices=0,
        patch_size=16,
        prompt_cfg=dict(
            depth=1,
            dropout=0.1,
            init='random',
            length=50,
            location='prepend',
            shared=False),
        type='PromptedVisionTransformer',
        with_cls_token=True),
    data_preprocessor=dict(
        bgr_to_rgb=True,
        mean=[
            123.675,
            116.28,
            103.53,
        ],
        pad_val=0,
        seg_pad_val=255,
        size=(
            200,
            200,
        ),
        std=[
            58.395,
            57.12,
            57.375,
        ],
        type='SegDataPreProcessor'),
    decode_head=dict(
        align_corners=False,
        channels=256,
        dropout_ratio=0,
        in_channels=1024,
        in_index=0,
        kernel_size=3,
        loss_decode=dict(
            loss_weight=1.0, type='CrossEntropyLoss', use_sigmoid=False),
        norm_cfg=dict(requires_grad=True, type='SyncBN'),
        num_classes=150,
        num_convs=4,
        type='SETRUPHead',
        up_scale=2),
    pretrained=None,
    test_cfg=dict(crop_size=(
        200,
        200,
    ), mode='slide', stride=(
        341,
        341,
    )),
    train_cfg=dict(),
    type='EncoderDecoder')
norm_cfg = dict(requires_grad=True, type='SyncBN')
num_layers = 1
optim_wrapper = dict(
    clip_grad=None,
    optimizer=dict(lr=0.0005, momentum=0.9, type='SGD', weight_decay=0.0),
    paramwise_cfg=dict(custom_keys=dict(head=dict(lr_mult=1.0))),
    type='OptimWrapper')
optimizer = dict(lr=0.0005, momentum=0.9, type='SGD', weight_decay=0.0)
param_scheduler = [
    dict(
        begin=0,
        by_epoch=False,
        end=160000,
        eta_min=0.0001,
        power=0.9,
        type='PolyLR'),
]
resume = False
test_cfg = dict(type='TestLoop')
test_dataloader = dict(
    batch_size=1,
    dataset=dict(
        data_prefix=dict(
            img_path='images/validation',
            seg_map_path='annotations/validation'),
        data_root='data/ade/ADEChallengeData2016',
        pipeline=[
            dict(type='LoadImageFromFile'),
            dict(keep_ratio=True, scale=(
                2048,
                512,
            ), type='Resize'),
            dict(reduce_zero_label=True, type='LoadAnnotations'),
            dict(type='PackSegInputs'),
        ],
        type='ADE20KDataset'),
    num_workers=4,
    persistent_workers=True,
    sampler=dict(shuffle=False, type='DefaultSampler'))
test_evaluator = dict(
    iou_metrics=[
        'mIoU',
    ], type='IoUMetric')
test_pipeline = [
    dict(type='LoadImageFromFile'),
    dict(keep_ratio=True, scale=(
        2048,
        512,
    ), type='Resize'),
    dict(reduce_zero_label=True, type='LoadAnnotations'),
    dict(type='PackSegInputs'),
]
train_cfg = dict(
    max_iters=160000, type='IterBasedTrainLoop', val_interval=16000)
train_dataloader = dict(
    batch_size=1,
    dataset=dict(
        data_prefix=dict(
            img_path='images/training', seg_map_path='annotations/training'),
        data_root='data/ade/ADEChallengeData2016',
        pipeline=[
            dict(type='LoadImageFromFile'),
            dict(reduce_zero_label=True, type='LoadAnnotations'),
            dict(
                keep_ratio=True,
                ratio_range=(
                    0.5,
                    2.0,
                ),
                scale=(
                    2048,
                    512,
                ),
                type='RandomResize'),
            dict(
                cat_max_ratio=0.75, crop_size=(
                    512,
                    512,
                ), type='RandomCrop'),
            dict(prob=0.5, type='RandomFlip'),
            dict(type='PhotoMetricDistortion'),
            dict(type='PackSegInputs'),
        ],
        type='ADE20KDataset'),
    num_workers=4,
    persistent_workers=True,
    sampler=dict(shuffle=True, type='InfiniteSampler'))
train_pipeline = [
    dict(type='LoadImageFromFile'),
    dict(reduce_zero_label=True, type='LoadAnnotations'),
    dict(
        keep_ratio=True,
        ratio_range=(
            0.5,
            2.0,
        ),
        scale=(
            2048,
            512,
        ),
        type='RandomResize'),
    dict(cat_max_ratio=0.75, crop_size=(
        512,
        512,
    ), type='RandomCrop'),
    dict(prob=0.5, type='RandomFlip'),
    dict(type='PhotoMetricDistortion'),
    dict(type='PackSegInputs'),
]
tta_model = dict(type='SegTTAModel')
tta_pipeline = [
    dict(backend_args=None, type='LoadImageFromFile'),
    dict(
        transforms=[
            [
                dict(keep_ratio=True, scale_factor=0.5, type='Resize'),
                dict(keep_ratio=True, scale_factor=0.75, type='Resize'),
                dict(keep_ratio=True, scale_factor=1.0, type='Resize'),
                dict(keep_ratio=True, scale_factor=1.25, type='Resize'),
                dict(keep_ratio=True, scale_factor=1.5, type='Resize'),
                dict(keep_ratio=True, scale_factor=1.75, type='Resize'),
            ],
            [
                dict(direction='horizontal', prob=0.0, type='RandomFlip'),
                dict(direction='horizontal', prob=1.0, type='RandomFlip'),
            ],
            [
                dict(type='LoadAnnotations'),
            ],
            [
                dict(type='PackSegInputs'),
            ],
        ],
        type='TestTimeAug'),
]
val_cfg = dict(type='ValLoop')
val_dataloader = dict(
    batch_size=1,
    dataset=dict(
        data_prefix=dict(
            img_path='images/validation',
            seg_map_path='annotations/validation'),
        data_root='data/ade/ADEChallengeData2016',
        pipeline=[
            dict(type='LoadImageFromFile'),
            dict(keep_ratio=True, scale=(
                2048,
                512,
            ), type='Resize'),
            dict(reduce_zero_label=True, type='LoadAnnotations'),
            dict(type='PackSegInputs'),
        ],
        type='ADE20KDataset'),
    num_workers=4,
    persistent_workers=True,
    sampler=dict(shuffle=False, type='DefaultSampler'))
val_evaluator = dict(
    iou_metrics=[
        'mIoU',
    ], type='IoUMetric')
vis_backends = [
    dict(type='LocalVisBackend'),
]
visualizer = dict(
    name='visualizer',
    type='SegLocalVisualizer',
    vis_backends=[
        dict(type='LocalVisBackend'),
    ])
work_dir = './work_dirs/setrvpt_vit-b-224_pup-noaux_8xb2-160k_ade20k-512x512'

2023/11/21 00:02:10 - mmengine - INFO - Total parameters: 17754774
2023/11/21 00:02:10 - mmengine - INFO - Trainable parameters: 4222614
2023/11/21 00:02:10 - mmengine - INFO - Distributed training is not used, all SyncBatchNorm (SyncBN) layers in the model will be automatically reverted to BatchNormXd layers if they are used.
2023/11/21 00:02:10 - mmengine - INFO - Hooks will be executed in the following order:
before_run:
(VERY_HIGH   ) RuntimeInfoHook                    
(BELOW_NORMAL) LoggerHook                         
 -------------------- 
before_train:
(VERY_HIGH   ) RuntimeInfoHook                    
(NORMAL      ) IterTimerHook                      
(VERY_LOW    ) CheckpointHook                     
 -------------------- 
before_train_epoch:
(VERY_HIGH   ) RuntimeInfoHook                    
(NORMAL      ) IterTimerHook                      
(NORMAL      ) DistSamplerSeedHook                
 -------------------- 
before_train_iter:
(VERY_HIGH   ) RuntimeInfoHook                    
(NORMAL      ) IterTimerHook                      
 -------------------- 
after_train_iter:
(VERY_HIGH   ) RuntimeInfoHook                    
(NORMAL      ) IterTimerHook                      
(NORMAL      ) SegVisualizationHook               
(BELOW_NORMAL) LoggerHook                         
(LOW         ) ParamSchedulerHook                 
(VERY_LOW    ) CheckpointHook                     
 -------------------- 
after_train_epoch:
(NORMAL      ) IterTimerHook                      
(LOW         ) ParamSchedulerHook                 
(VERY_LOW    ) CheckpointHook                     
 -------------------- 
before_val:
(VERY_HIGH   ) RuntimeInfoHook                    
 -------------------- 
before_val_epoch:
(NORMAL      ) IterTimerHook                      
 -------------------- 
before_val_iter:
(NORMAL      ) IterTimerHook                      
 -------------------- 
after_val_iter:
(NORMAL      ) IterTimerHook                      
(NORMAL      ) SegVisualizationHook               
(BELOW_NORMAL) LoggerHook                         
 -------------------- 
after_val_epoch:
(VERY_HIGH   ) RuntimeInfoHook                    
(NORMAL      ) IterTimerHook                      
(BELOW_NORMAL) LoggerHook                         
(LOW         ) ParamSchedulerHook                 
(VERY_LOW    ) CheckpointHook                     
 -------------------- 
after_val:
(VERY_HIGH   ) RuntimeInfoHook                    
 -------------------- 
after_train:
(VERY_HIGH   ) RuntimeInfoHook                    
(VERY_LOW    ) CheckpointHook                     
 -------------------- 
before_test:
(VERY_HIGH   ) RuntimeInfoHook                    
 -------------------- 
before_test_epoch:
(NORMAL      ) IterTimerHook                      
 -------------------- 
before_test_iter:
(NORMAL      ) IterTimerHook                      
 -------------------- 
after_test_iter:
(NORMAL      ) IterTimerHook                      
(NORMAL      ) SegVisualizationHook               
(BELOW_NORMAL) LoggerHook                         
 -------------------- 
after_test_epoch:
(VERY_HIGH   ) RuntimeInfoHook                    
(NORMAL      ) IterTimerHook                      
(BELOW_NORMAL) LoggerHook                         
 -------------------- 
after_test:
(VERY_HIGH   ) RuntimeInfoHook                    
 -------------------- 
after_run:
(BELOW_NORMAL) LoggerHook                         
 -------------------- 
2023/11/21 00:02:11 - mmengine - INFO - paramwise_options -- decode_head.conv_seg.weight:lr=0.0005
2023/11/21 00:02:11 - mmengine - INFO - paramwise_options -- decode_head.conv_seg.weight:weight_decay=0.0
2023/11/21 00:02:11 - mmengine - INFO - paramwise_options -- decode_head.conv_seg.weight:lr_mult=1.0
2023/11/21 00:02:11 - mmengine - INFO - paramwise_options -- decode_head.conv_seg.bias:lr=0.0005
2023/11/21 00:02:11 - mmengine - INFO - paramwise_options -- decode_head.conv_seg.bias:weight_decay=0.0
2023/11/21 00:02:11 - mmengine - INFO - paramwise_options -- decode_head.conv_seg.bias:lr_mult=1.0
2023/11/21 00:02:11 - mmengine - INFO - paramwise_options -- decode_head.norm.weight:lr=0.0005
2023/11/21 00:02:11 - mmengine - INFO - paramwise_options -- decode_head.norm.weight:weight_decay=0.0
2023/11/21 00:02:11 - mmengine - INFO - paramwise_options -- decode_head.norm.weight:lr_mult=1.0
2023/11/21 00:02:11 - mmengine - INFO - paramwise_options -- decode_head.norm.bias:lr=0.0005
2023/11/21 00:02:11 - mmengine - INFO - paramwise_options -- decode_head.norm.bias:weight_decay=0.0
2023/11/21 00:02:11 - mmengine - INFO - paramwise_options -- decode_head.norm.bias:lr_mult=1.0
2023/11/21 00:02:11 - mmengine - INFO - paramwise_options -- decode_head.up_convs.0.0.conv.weight:lr=0.0005
2023/11/21 00:02:11 - mmengine - INFO - paramwise_options -- decode_head.up_convs.0.0.conv.weight:weight_decay=0.0
2023/11/21 00:02:11 - mmengine - INFO - paramwise_options -- decode_head.up_convs.0.0.conv.weight:lr_mult=1.0
2023/11/21 00:02:11 - mmengine - INFO - paramwise_options -- decode_head.up_convs.0.0.bn.weight:lr=0.0005
2023/11/21 00:02:11 - mmengine - INFO - paramwise_options -- decode_head.up_convs.0.0.bn.weight:weight_decay=0.0
2023/11/21 00:02:11 - mmengine - INFO - paramwise_options -- decode_head.up_convs.0.0.bn.weight:lr_mult=1.0
2023/11/21 00:02:11 - mmengine - INFO - paramwise_options -- decode_head.up_convs.0.0.bn.bias:lr=0.0005
2023/11/21 00:02:11 - mmengine - INFO - paramwise_options -- decode_head.up_convs.0.0.bn.bias:weight_decay=0.0
2023/11/21 00:02:11 - mmengine - INFO - paramwise_options -- decode_head.up_convs.0.0.bn.bias:lr_mult=1.0
2023/11/21 00:02:11 - mmengine - INFO - paramwise_options -- decode_head.up_convs.1.0.conv.weight:lr=0.0005
2023/11/21 00:02:11 - mmengine - INFO - paramwise_options -- decode_head.up_convs.1.0.conv.weight:weight_decay=0.0
2023/11/21 00:02:11 - mmengine - INFO - paramwise_options -- decode_head.up_convs.1.0.conv.weight:lr_mult=1.0
2023/11/21 00:02:11 - mmengine - INFO - paramwise_options -- decode_head.up_convs.1.0.bn.weight:lr=0.0005
2023/11/21 00:02:11 - mmengine - INFO - paramwise_options -- decode_head.up_convs.1.0.bn.weight:weight_decay=0.0
2023/11/21 00:02:11 - mmengine - INFO - paramwise_options -- decode_head.up_convs.1.0.bn.weight:lr_mult=1.0
2023/11/21 00:02:11 - mmengine - INFO - paramwise_options -- decode_head.up_convs.1.0.bn.bias:lr=0.0005
2023/11/21 00:02:11 - mmengine - INFO - paramwise_options -- decode_head.up_convs.1.0.bn.bias:weight_decay=0.0
2023/11/21 00:02:11 - mmengine - INFO - paramwise_options -- decode_head.up_convs.1.0.bn.bias:lr_mult=1.0
2023/11/21 00:02:11 - mmengine - INFO - paramwise_options -- decode_head.up_convs.2.0.conv.weight:lr=0.0005
2023/11/21 00:02:11 - mmengine - INFO - paramwise_options -- decode_head.up_convs.2.0.conv.weight:weight_decay=0.0
2023/11/21 00:02:11 - mmengine - INFO - paramwise_options -- decode_head.up_convs.2.0.conv.weight:lr_mult=1.0
2023/11/21 00:02:11 - mmengine - INFO - paramwise_options -- decode_head.up_convs.2.0.bn.weight:lr=0.0005
2023/11/21 00:02:11 - mmengine - INFO - paramwise_options -- decode_head.up_convs.2.0.bn.weight:weight_decay=0.0
2023/11/21 00:02:11 - mmengine - INFO - paramwise_options -- decode_head.up_convs.2.0.bn.weight:lr_mult=1.0
2023/11/21 00:02:11 - mmengine - INFO - paramwise_options -- decode_head.up_convs.2.0.bn.bias:lr=0.0005
2023/11/21 00:02:11 - mmengine - INFO - paramwise_options -- decode_head.up_convs.2.0.bn.bias:weight_decay=0.0
2023/11/21 00:02:11 - mmengine - INFO - paramwise_options -- decode_head.up_convs.2.0.bn.bias:lr_mult=1.0
2023/11/21 00:02:11 - mmengine - INFO - paramwise_options -- decode_head.up_convs.3.0.conv.weight:lr=0.0005
2023/11/21 00:02:11 - mmengine - INFO - paramwise_options -- decode_head.up_convs.3.0.conv.weight:weight_decay=0.0
2023/11/21 00:02:11 - mmengine - INFO - paramwise_options -- decode_head.up_convs.3.0.conv.weight:lr_mult=1.0
2023/11/21 00:02:11 - mmengine - INFO - paramwise_options -- decode_head.up_convs.3.0.bn.weight:lr=0.0005
2023/11/21 00:02:11 - mmengine - INFO - paramwise_options -- decode_head.up_convs.3.0.bn.weight:weight_decay=0.0
2023/11/21 00:02:11 - mmengine - INFO - paramwise_options -- decode_head.up_convs.3.0.bn.weight:lr_mult=1.0
2023/11/21 00:02:11 - mmengine - INFO - paramwise_options -- decode_head.up_convs.3.0.bn.bias:lr=0.0005
2023/11/21 00:02:11 - mmengine - INFO - paramwise_options -- decode_head.up_convs.3.0.bn.bias:weight_decay=0.0
2023/11/21 00:02:11 - mmengine - INFO - paramwise_options -- decode_head.up_convs.3.0.bn.bias:lr_mult=1.0
2023/11/21 00:02:11 - mmengine - WARNING - The prefix is not set in metric class IoUMetric.
Name of parameter - Initialization information

backbone.cls_token - torch.Size([1, 1, 1024]): 
The value is the same before and after calling `init_weights` of EncoderDecoder  

backbone.pos_embed - torch.Size([1, 145, 1024]): 
The value is the same before and after calling `init_weights` of EncoderDecoder  

backbone.prompt_embeddings - torch.Size([1, 50, 1024]): 
The value is the same before and after calling `init_weights` of EncoderDecoder  

backbone.patch_embed.projection.weight - torch.Size([1024, 3, 16, 16]): 
The value is the same before and after calling `init_weights` of EncoderDecoder  

backbone.layers.0.ln1.weight - torch.Size([1024]): 
The value is the same before and after calling `init_weights` of EncoderDecoder  

backbone.layers.0.ln1.bias - torch.Size([1024]): 
The value is the same before and after calling `init_weights` of EncoderDecoder  

backbone.layers.0.attn.attn.in_proj_weight - torch.Size([3072, 1024]): 
The value is the same before and after calling `init_weights` of EncoderDecoder  

backbone.layers.0.attn.attn.in_proj_bias - torch.Size([3072]): 
The value is the same before and after calling `init_weights` of EncoderDecoder  

backbone.layers.0.attn.attn.out_proj.weight - torch.Size([1024, 1024]): 
The value is the same before and after calling `init_weights` of EncoderDecoder  

backbone.layers.0.attn.attn.out_proj.bias - torch.Size([1024]): 
The value is the same before and after calling `init_weights` of EncoderDecoder  

backbone.layers.0.ln2.weight - torch.Size([1024]): 
The value is the same before and after calling `init_weights` of EncoderDecoder  

backbone.layers.0.ln2.bias - torch.Size([1024]): 
The value is the same before and after calling `init_weights` of EncoderDecoder  

backbone.layers.0.ffn.layers.0.0.weight - torch.Size([4096, 1024]): 
The value is the same before and after calling `init_weights` of EncoderDecoder  

backbone.layers.0.ffn.layers.0.0.bias - torch.Size([4096]): 
The value is the same before and after calling `init_weights` of EncoderDecoder  

backbone.layers.0.ffn.layers.1.weight - torch.Size([1024, 4096]): 
The value is the same before and after calling `init_weights` of EncoderDecoder  

backbone.layers.0.ffn.layers.1.bias - torch.Size([1024]): 
The value is the same before and after calling `init_weights` of EncoderDecoder  

decode_head.conv_seg.weight - torch.Size([150, 256, 1, 1]): 
NormalInit: mean=0, std=0.01, bias=0 

decode_head.conv_seg.bias - torch.Size([150]): 
NormalInit: mean=0, std=0.01, bias=0 

decode_head.norm.weight - torch.Size([1024]): 
The value is the same before and after calling `init_weights` of EncoderDecoder  

decode_head.norm.bias - torch.Size([1024]): 
The value is the same before and after calling `init_weights` of EncoderDecoder  

decode_head.up_convs.0.0.conv.weight - torch.Size([256, 1024, 3, 3]): 
The value is the same before and after calling `init_weights` of EncoderDecoder  

decode_head.up_convs.0.0.bn.weight - torch.Size([256]): 
The value is the same before and after calling `init_weights` of EncoderDecoder  

decode_head.up_convs.0.0.bn.bias - torch.Size([256]): 
The value is the same before and after calling `init_weights` of EncoderDecoder  

decode_head.up_convs.1.0.conv.weight - torch.Size([256, 256, 3, 3]): 
The value is the same before and after calling `init_weights` of EncoderDecoder  

decode_head.up_convs.1.0.bn.weight - torch.Size([256]): 
The value is the same before and after calling `init_weights` of EncoderDecoder  

decode_head.up_convs.1.0.bn.bias - torch.Size([256]): 
The value is the same before and after calling `init_weights` of EncoderDecoder  

decode_head.up_convs.2.0.conv.weight - torch.Size([256, 256, 3, 3]): 
The value is the same before and after calling `init_weights` of EncoderDecoder  

decode_head.up_convs.2.0.bn.weight - torch.Size([256]): 
The value is the same before and after calling `init_weights` of EncoderDecoder  

decode_head.up_convs.2.0.bn.bias - torch.Size([256]): 
The value is the same before and after calling `init_weights` of EncoderDecoder  

decode_head.up_convs.3.0.conv.weight - torch.Size([256, 256, 3, 3]): 
The value is the same before and after calling `init_weights` of EncoderDecoder  

decode_head.up_convs.3.0.bn.weight - torch.Size([256]): 
The value is the same before and after calling `init_weights` of EncoderDecoder  

decode_head.up_convs.3.0.bn.bias - torch.Size([256]): 
The value is the same before and after calling `init_weights` of EncoderDecoder  
2023/11/21 00:02:11 - mmengine - WARNING - "FileClient" will be deprecated in future. Please use io functions in https://mmengine.readthedocs.io/en/latest/api/fileio.html#file-io
2023/11/21 00:02:11 - mmengine - WARNING - "HardDiskBackend" is the alias of "LocalBackend" and the former will be deprecated in future.
2023/11/21 00:02:11 - mmengine - INFO - Checkpoints will be saved to /home/drumsnchocolate/Documents/Studie/Master/2022-2023/Thesis/Final Project/implementation/mmsegmentation/work_dirs/setrvpt_vit-b-224_pup-noaux_8xb2-160k_ade20k-512x512.
2023/11/21 00:02:31 - mmengine - INFO - Iter(train) [    50/160000]  base_lr: 4.9989e-04 lr: 4.9989e-04  eta: 17:46:21  time: 0.2940  data_time: 0.0030  memory: 4388  loss: 4.4527  decode.loss_ce: 4.4527  decode.acc_seg: 7.2847
2023/11/21 00:02:50 - mmengine - INFO - Iter(train) [   100/160000]  base_lr: 4.9978e-04 lr: 4.9978e-04  eta: 17:04:11  time: 0.3854  data_time: 0.0038  memory: 4863  loss: 4.0132  decode.loss_ce: 4.0132  decode.acc_seg: 11.4149
2023/11/21 00:03:06 - mmengine - INFO - Iter(train) [   150/160000]  base_lr: 4.9966e-04 lr: 4.9966e-04  eta: 16:04:59  time: 0.2319  data_time: 0.0032  memory: 4566  loss: 3.5724  decode.loss_ce: 3.5724  decode.acc_seg: 23.7727
2023/11/21 00:03:19 - mmengine - INFO - Iter(train) [   200/160000]  base_lr: 4.9955e-04 lr: 4.9955e-04  eta: 15:00:31  time: 0.2800  data_time: 0.0032  memory: 4274  loss: 3.8288  decode.loss_ce: 3.8288  decode.acc_seg: 5.5018
2023/11/21 00:03:28 - mmengine - INFO - Iter(train) [   250/160000]  base_lr: 4.9944e-04 lr: 4.9944e-04  eta: 13:39:54  time: 0.1387  data_time: 0.0032  memory: 3385  loss: 3.7730  decode.loss_ce: 3.7730  decode.acc_seg: 6.4932
2023/11/21 00:03:40 - mmengine - INFO - Iter(train) [   300/160000]  base_lr: 4.9933e-04 lr: 4.9933e-04  eta: 13:10:41  time: 0.2339  data_time: 0.0031  memory: 3530  loss: 3.4609  decode.loss_ce: 3.4609  decode.acc_seg: 0.0000
2023/11/21 00:03:51 - mmengine - INFO - Iter(train) [   350/160000]  base_lr: 4.9921e-04 lr: 4.9921e-04  eta: 12:34:10  time: 0.1343  data_time: 0.0032  memory: 4546  loss: 3.7558  decode.loss_ce: 3.7558  decode.acc_seg: 0.0000
2023/11/21 00:04:01 - mmengine - INFO - Iter(train) [   400/160000]  base_lr: 4.9910e-04 lr: 4.9910e-04  eta: 12:07:56  time: 0.2021  data_time: 0.0032  memory: 3973  loss: 2.7151  decode.loss_ce: 2.7151  decode.acc_seg: 34.8746
2023/11/21 00:04:13 - mmengine - INFO - Iter(train) [   450/160000]  base_lr: 4.9899e-04 lr: 4.9899e-04  eta: 11:59:09  time: 0.1378  data_time: 0.0033  memory: 3914  loss: 3.3814  decode.loss_ce: 3.3814  decode.acc_seg: 24.9424
2023/11/21 00:04:21 - mmengine - INFO - Iter(train) [   500/160000]  base_lr: 4.9888e-04 lr: 4.9888e-04  eta: 11:28:13  time: 0.1266  data_time: 0.0030  memory: 4230  loss: 2.6319  decode.loss_ce: 2.6319  decode.acc_seg: 8.7299
2023/11/21 00:04:30 - mmengine - INFO - Iter(train) [   550/160000]  base_lr: 4.9876e-04 lr: 4.9876e-04  eta: 11:08:35  time: 0.1287  data_time: 0.0031  memory: 4704  loss: 2.9993  decode.loss_ce: 2.9993  decode.acc_seg: 34.9759
2023/11/21 00:04:38 - mmengine - INFO - Iter(train) [   600/160000]  base_lr: 4.9865e-04 lr: 4.9865e-04  eta: 10:48:35  time: 0.2258  data_time: 0.0031  memory: 3089  loss: 3.1666  decode.loss_ce: 3.1666  decode.acc_seg: 27.7070
2023/11/21 00:04:49 - mmengine - INFO - Iter(train) [   650/160000]  base_lr: 4.9854e-04 lr: 4.9854e-04  eta: 10:45:31  time: 0.2200  data_time: 0.0031  memory: 4867  loss: 3.3532  decode.loss_ce: 3.3532  decode.acc_seg: 13.4286
2023/11/21 00:04:57 - mmengine - INFO - Iter(train) [   700/160000]  base_lr: 4.9843e-04 lr: 4.9843e-04  eta: 10:28:51  time: 0.1375  data_time: 0.0035  memory: 3188  loss: 3.0883  decode.loss_ce: 3.0883  decode.acc_seg: 17.9305
2023/11/21 00:05:05 - mmengine - INFO - Iter(train) [   750/160000]  base_lr: 4.9831e-04 lr: 4.9831e-04  eta: 10:12:56  time: 0.1320  data_time: 0.0031  memory: 2794  loss: 3.2588  decode.loss_ce: 3.2588  decode.acc_seg: 18.6651
2023/11/21 00:05:23 - mmengine - INFO - Iter(train) [   800/160000]  base_lr: 4.9820e-04 lr: 4.9820e-04  eta: 10:36:33  time: 0.1399  data_time: 0.0030  memory: 3490  loss: 3.0874  decode.loss_ce: 3.0874  decode.acc_seg: 0.0000
2023/11/21 00:05:32 - mmengine - INFO - Iter(train) [   850/160000]  base_lr: 4.9809e-04 lr: 4.9809e-04  eta: 10:24:54  time: 0.1371  data_time: 0.0031  memory: 2444  loss: 3.5126  decode.loss_ce: 3.5126  decode.acc_seg: 1.9169
2023/11/21 00:05:39 - mmengine - INFO - Iter(train) [   900/160000]  base_lr: 4.9798e-04 lr: 4.9798e-04  eta: 10:13:05  time: 0.1348  data_time: 0.0031  memory: 3133  loss: 2.9361  decode.loss_ce: 2.9361  decode.acc_seg: 16.9997
2023/11/21 00:05:49 - mmengine - INFO - Iter(train) [   950/160000]  base_lr: 4.9786e-04 lr: 4.9786e-04  eta: 10:07:09  time: 0.1986  data_time: 0.0034  memory: 4072  loss: 3.2049  decode.loss_ce: 3.2049  decode.acc_seg: 19.9465
2023/11/21 00:05:55 - mmengine - INFO - Exp name: setrvpt_vit-b-224_pup-noaux_8xb2-160k_ade20k-512x512_20231121_000208
2023/11/21 00:05:55 - mmengine - INFO - Iter(train) [  1000/160000]  base_lr: 4.9775e-04 lr: 4.9775e-04  eta: 9:53:58  time: 0.1382  data_time: 0.0027  memory: 1348  loss: 3.2204  decode.loss_ce: 3.2204  decode.acc_seg: 19.5201
2023/11/21 00:06:03 - mmengine - INFO - Iter(train) [  1050/160000]  base_lr: 4.9764e-04 lr: 4.9764e-04  eta: 9:44:20  time: 0.1220  data_time: 0.0022  memory: 2823  loss: 3.1271  decode.loss_ce: 3.1271  decode.acc_seg: 9.9444
2023/11/21 00:06:11 - mmengine - INFO - Iter(train) [  1100/160000]  base_lr: 4.9753e-04 lr: 4.9753e-04  eta: 9:37:09  time: 0.1398  data_time: 0.0025  memory: 4863  loss: 3.4498  decode.loss_ce: 3.4498  decode.acc_seg: 23.9649
2023/11/21 00:06:20 - mmengine - INFO - Iter(train) [  1150/160000]  base_lr: 4.9741e-04 lr: 4.9741e-04  eta: 9:31:45  time: 0.2123  data_time: 0.0024  memory: 3644  loss: 2.9802  decode.loss_ce: 2.9802  decode.acc_seg: 10.9587
2023/11/21 00:06:26 - mmengine - INFO - Iter(train) [  1200/160000]  base_lr: 4.9730e-04 lr: 4.9730e-04  eta: 9:21:48  time: 0.1229  data_time: 0.0025  memory: 1348  loss: 2.7568  decode.loss_ce: 2.7568  decode.acc_seg: 32.7474
2023/11/21 00:06:34 - mmengine - INFO - Iter(train) [  1250/160000]  base_lr: 4.9719e-04 lr: 4.9719e-04  eta: 9:16:36  time: 0.1311  data_time: 0.0023  memory: 3724  loss: 2.9290  decode.loss_ce: 2.9290  decode.acc_seg: 93.9798
2023/11/21 00:06:42 - mmengine - INFO - Iter(train) [  1300/160000]  base_lr: 4.9708e-04 lr: 4.9708e-04  eta: 9:10:52  time: 0.2306  data_time: 0.0025  memory: 2990  loss: 3.3728  decode.loss_ce: 3.3728  decode.acc_seg: 24.2114
2023/11/21 00:06:50 - mmengine - INFO - Iter(train) [  1350/160000]  base_lr: 4.9696e-04 lr: 4.9696e-04  eta: 9:05:04  time: 0.1167  data_time: 0.0025  memory: 3235  loss: 3.4188  decode.loss_ce: 3.4188  decode.acc_seg: 42.8192
2023/11/21 00:06:57 - mmengine - INFO - Iter(train) [  1400/160000]  base_lr: 4.9685e-04 lr: 4.9685e-04  eta: 8:59:48  time: 0.1331  data_time: 0.0028  memory: 3757  loss: 3.1164  decode.loss_ce: 3.1164  decode.acc_seg: 61.9276
2023/11/21 00:07:05 - mmengine - INFO - Iter(train) [  1450/160000]  base_lr: 4.9674e-04 lr: 4.9674e-04  eta: 8:54:29  time: 0.2195  data_time: 0.0022  memory: 3275  loss: 3.1251  decode.loss_ce: 3.1251  decode.acc_seg: 6.5503
2023/11/21 00:07:13 - mmengine - INFO - Iter(train) [  1500/160000]  base_lr: 4.9663e-04 lr: 4.9663e-04  eta: 8:51:39  time: 0.2232  data_time: 0.0026  memory: 4712  loss: 2.8363  decode.loss_ce: 2.8363  decode.acc_seg: 31.8206
2023/11/21 00:07:21 - mmengine - INFO - Iter(train) [  1550/160000]  base_lr: 4.9651e-04 lr: 4.9651e-04  eta: 8:46:51  time: 0.2073  data_time: 0.0027  memory: 2627  loss: 3.0032  decode.loss_ce: 3.0032  decode.acc_seg: 63.4794
2023/11/21 00:07:27 - mmengine - INFO - Iter(train) [  1600/160000]  base_lr: 4.9640e-04 lr: 4.9640e-04  eta: 8:40:53  time: 0.1220  data_time: 0.0017  memory: 1348  loss: 2.6975  decode.loss_ce: 2.6975  decode.acc_seg: 23.7554
2023/11/21 00:07:34 - mmengine - INFO - Iter(train) [  1650/160000]  base_lr: 4.9629e-04 lr: 4.9629e-04  eta: 8:36:24  time: 0.1340  data_time: 0.0015  memory: 2399  loss: 3.1848  decode.loss_ce: 3.1848  decode.acc_seg: 10.4708
2023/11/21 00:07:42 - mmengine - INFO - Iter(train) [  1700/160000]  base_lr: 4.9618e-04 lr: 4.9618e-04  eta: 8:32:45  time: 0.1363  data_time: 0.0015  memory: 3325  loss: 2.8860  decode.loss_ce: 2.8860  decode.acc_seg: 45.0259
2023/11/21 00:07:49 - mmengine - INFO - Iter(train) [  1750/160000]  base_lr: 4.9606e-04 lr: 4.9606e-04  eta: 8:28:21  time: 0.1409  data_time: 0.0015  memory: 1352  loss: 3.0282  decode.loss_ce: 3.0282  decode.acc_seg: 79.3559
2023/11/21 00:07:55 - mmengine - INFO - Iter(train) [  1800/160000]  base_lr: 4.9595e-04 lr: 4.9595e-04  eta: 8:23:56  time: 0.1402  data_time: 0.0024  memory: 1352  loss: 3.3577  decode.loss_ce: 3.3577  decode.acc_seg: 15.7902
2023/11/21 00:08:03 - mmengine - INFO - Iter(train) [  1850/160000]  base_lr: 4.9584e-04 lr: 4.9584e-04  eta: 8:20:33  time: 0.2186  data_time: 0.0032  memory: 3129  loss: 2.6224  decode.loss_ce: 2.6224  decode.acc_seg: 71.6639
2023/11/21 00:08:09 - mmengine - INFO - Iter(train) [  1900/160000]  base_lr: 4.9572e-04 lr: 4.9572e-04  eta: 8:16:28  time: 0.1281  data_time: 0.0031  memory: 1351  loss: 2.5279  decode.loss_ce: 2.5279  decode.acc_seg: 3.9747
2023/11/21 00:08:18 - mmengine - INFO - Iter(train) [  1950/160000]  base_lr: 4.9561e-04 lr: 4.9561e-04  eta: 8:15:11  time: 0.1243  data_time: 0.0029  memory: 3385  loss: 3.0262  decode.loss_ce: 3.0262  decode.acc_seg: 19.6237
2023/11/21 00:08:26 - mmengine - INFO - Exp name: setrvpt_vit-b-224_pup-noaux_8xb2-160k_ade20k-512x512_20231121_000208
2023/11/21 00:08:26 - mmengine - INFO - Iter(train) [  2000/160000]  base_lr: 4.9550e-04 lr: 4.9550e-04  eta: 8:13:08  time: 0.1156  data_time: 0.0036  memory: 2881  loss: 2.9959  decode.loss_ce: 2.9959  decode.acc_seg: 0.0000
2023/11/21 00:08:33 - mmengine - INFO - Iter(train) [  2050/160000]  base_lr: 4.9539e-04 lr: 4.9539e-04  eta: 8:10:22  time: 0.1386  data_time: 0.0032  memory: 2392  loss: 3.5407  decode.loss_ce: 3.5407  decode.acc_seg: 5.8168
2023/11/21 00:08:41 - mmengine - INFO - Iter(train) [  2100/160000]  base_lr: 4.9527e-04 lr: 4.9527e-04  eta: 8:08:21  time: 0.1380  data_time: 0.0029  memory: 4713  loss: 2.3331  decode.loss_ce: 2.3331  decode.acc_seg: 18.5553
2023/11/21 00:08:48 - mmengine - INFO - Iter(train) [  2150/160000]  base_lr: 4.9516e-04 lr: 4.9516e-04  eta: 8:05:03  time: 0.1404  data_time: 0.0025  memory: 1351  loss: 3.3574  decode.loss_ce: 3.3574  decode.acc_seg: 3.0427
2023/11/21 00:08:54 - mmengine - INFO - Iter(train) [  2200/160000]  base_lr: 4.9505e-04 lr: 4.9505e-04  eta: 8:01:31  time: 0.1246  data_time: 0.0024  memory: 1348  loss: 2.7710  decode.loss_ce: 2.7710  decode.acc_seg: 15.2206
2023/11/21 00:09:02 - mmengine - INFO - Iter(train) [  2250/160000]  base_lr: 4.9494e-04 lr: 4.9494e-04  eta: 7:59:23  time: 0.1424  data_time: 0.0028  memory: 2794  loss: 2.9539  decode.loss_ce: 2.9539  decode.acc_seg: 5.9533
2023/11/21 00:09:08 - mmengine - INFO - Iter(train) [  2300/160000]  base_lr: 4.9482e-04 lr: 4.9482e-04  eta: 7:56:15  time: 0.1214  data_time: 0.0026  memory: 1351  loss: 2.9010  decode.loss_ce: 2.9010  decode.acc_seg: 40.0013
2023/11/21 00:09:16 - mmengine - INFO - Iter(train) [  2350/160000]  base_lr: 4.9471e-04 lr: 4.9471e-04  eta: 7:54:40  time: 0.1215  data_time: 0.0026  memory: 3169  loss: 2.5930  decode.loss_ce: 2.5930  decode.acc_seg: 7.6310
2023/11/21 00:09:22 - mmengine - INFO - Iter(train) [  2400/160000]  base_lr: 4.9460e-04 lr: 4.9460e-04  eta: 7:51:47  time: 0.1324  data_time: 0.0028  memory: 1351  loss: 3.6392  decode.loss_ce: 3.6392  decode.acc_seg: 4.3048
2023/11/21 00:09:31 - mmengine - INFO - Iter(train) [  2450/160000]  base_lr: 4.9449e-04 lr: 4.9449e-04  eta: 7:51:34  time: 0.1378  data_time: 0.0027  memory: 3973  loss: 3.0074  decode.loss_ce: 3.0074  decode.acc_seg: 4.3863
2023/11/21 00:09:38 - mmengine - INFO - Iter(train) [  2500/160000]  base_lr: 4.9437e-04 lr: 4.9437e-04  eta: 7:48:47  time: 0.1290  data_time: 0.0024  memory: 1351  loss: 2.9173  decode.loss_ce: 2.9173  decode.acc_seg: 11.0249
2023/11/21 00:09:44 - mmengine - INFO - Iter(train) [  2550/160000]  base_lr: 4.9426e-04 lr: 4.9426e-04  eta: 7:46:17  time: 0.1337  data_time: 0.0025  memory: 1351  loss: 3.1318  decode.loss_ce: 3.1318  decode.acc_seg: 54.7171
2023/11/21 00:09:52 - mmengine - INFO - Iter(train) [  2600/160000]  base_lr: 4.9415e-04 lr: 4.9415e-04  eta: 7:44:52  time: 0.1396  data_time: 0.0023  memory: 2853  loss: 3.0440  decode.loss_ce: 3.0440  decode.acc_seg: 24.4227
2023/11/21 00:10:00 - mmengine - INFO - Iter(train) [  2650/160000]  base_lr: 4.9403e-04 lr: 4.9403e-04  eta: 7:43:53  time: 0.2094  data_time: 0.0026  memory: 2814  loss: 3.1369  decode.loss_ce: 3.1369  decode.acc_seg: 19.8643
2023/11/21 00:10:07 - mmengine - INFO - Iter(train) [  2700/160000]  base_lr: 4.9392e-04 lr: 4.9392e-04  eta: 7:41:44  time: 0.1434  data_time: 0.0025  memory: 1351  loss: 2.1728  decode.loss_ce: 2.1728  decode.acc_seg: 49.6786
2023/11/21 00:10:14 - mmengine - INFO - Iter(train) [  2750/160000]  base_lr: 4.9381e-04 lr: 4.9381e-04  eta: 7:40:23  time: 0.1322  data_time: 0.0024  memory: 3029  loss: 3.1359  decode.loss_ce: 3.1359  decode.acc_seg: 23.4255
2023/11/21 00:10:22 - mmengine - INFO - Iter(train) [  2800/160000]  base_lr: 4.9370e-04 lr: 4.9370e-04  eta: 7:39:18  time: 0.1451  data_time: 0.0033  memory: 3702  loss: 3.0181  decode.loss_ce: 3.0181  decode.acc_seg: 18.3443
2023/11/21 00:10:29 - mmengine - INFO - Iter(train) [  2850/160000]  base_lr: 4.9358e-04 lr: 4.9358e-04  eta: 7:37:40  time: 0.1344  data_time: 0.0026  memory: 2401  loss: 2.9413  decode.loss_ce: 2.9413  decode.acc_seg: 17.0671
2023/11/21 00:10:36 - mmengine - INFO - Iter(train) [  2900/160000]  base_lr: 4.9347e-04 lr: 4.9347e-04  eta: 7:35:33  time: 0.1355  data_time: 0.0026  memory: 1348  loss: 2.9801  decode.loss_ce: 2.9801  decode.acc_seg: 19.7702
2023/11/21 00:10:43 - mmengine - INFO - Iter(train) [  2950/160000]  base_lr: 4.9336e-04 lr: 4.9336e-04  eta: 7:33:32  time: 0.1395  data_time: 0.0024  memory: 1351  loss: 3.3756  decode.loss_ce: 3.3756  decode.acc_seg: 3.5177
2023/11/21 00:10:49 - mmengine - INFO - Exp name: setrvpt_vit-b-224_pup-noaux_8xb2-160k_ade20k-512x512_20231121_000208
2023/11/21 00:10:49 - mmengine - INFO - Iter(train) [  3000/160000]  base_lr: 4.9325e-04 lr: 4.9325e-04  eta: 7:31:21  time: 0.1243  data_time: 0.0024  memory: 1348  loss: 3.2217  decode.loss_ce: 3.2217  decode.acc_seg: 19.7152
2023/11/21 00:10:56 - mmengine - INFO - Iter(train) [  3050/160000]  base_lr: 4.9313e-04 lr: 4.9313e-04  eta: 7:29:33  time: 0.1318  data_time: 0.0025  memory: 1351  loss: 3.4047  decode.loss_ce: 3.4047  decode.acc_seg: 25.6220
2023/11/21 00:11:03 - mmengine - INFO - Iter(train) [  3100/160000]  base_lr: 4.9302e-04 lr: 4.9302e-04  eta: 7:28:25  time: 0.2141  data_time: 0.0026  memory: 2705  loss: 3.2455  decode.loss_ce: 3.2455  decode.acc_seg: 5.9566
2023/11/21 00:11:11 - mmengine - INFO - Iter(train) [  3150/160000]  base_lr: 4.9291e-04 lr: 4.9291e-04  eta: 7:27:37  time: 0.1236  data_time: 0.0026  memory: 3598  loss: 2.7326  decode.loss_ce: 2.7326  decode.acc_seg: 0.2903
2023/11/21 00:11:18 - mmengine - INFO - Iter(train) [  3200/160000]  base_lr: 4.9279e-04 lr: 4.9279e-04  eta: 7:26:47  time: 0.1340  data_time: 0.0028  memory: 3442  loss: 2.6628  decode.loss_ce: 2.6628  decode.acc_seg: 16.3564
2023/11/21 00:11:25 - mmengine - INFO - Iter(train) [  3250/160000]  base_lr: 4.9268e-04 lr: 4.9268e-04  eta: 7:25:19  time: 0.1400  data_time: 0.0028  memory: 1351  loss: 3.1491  decode.loss_ce: 3.1491  decode.acc_seg: 15.1976
2023/11/21 00:11:32 - mmengine - INFO - Iter(train) [  3300/160000]  base_lr: 4.9257e-04 lr: 4.9257e-04  eta: 7:23:46  time: 0.1359  data_time: 0.0028  memory: 1348  loss: 3.2488  decode.loss_ce: 3.2488  decode.acc_seg: 32.0936
2023/11/21 00:12:15 - mmengine - INFO - Iter(train) [  3350/160000]  base_lr: 4.9246e-04 lr: 4.9246e-04  eta: 7:50:34  time: 1.7339  data_time: 0.0123  memory: 1351  loss: 3.1119  decode.loss_ce: 3.1119  decode.acc_seg: 9.9925
2023/11/21 00:13:44 - mmengine - INFO - Iter(train) [  3400/160000]  base_lr: 4.9234e-04 lr: 4.9234e-04  eta: 8:51:45  time: 1.8060  data_time: 0.0117  memory: 1351  loss: 2.5801  decode.loss_ce: 2.5801  decode.acc_seg: 10.3868
2023/11/21 00:15:09 - mmengine - INFO - Iter(train) [  3450/160000]  base_lr: 4.9223e-04 lr: 4.9223e-04  eta: 9:47:57  time: 1.7802  data_time: 0.0140  memory: 1351  loss: 3.4260  decode.loss_ce: 3.4260  decode.acc_seg: 18.4559
